0.00, 4998245
0.00, 4954655
0.00, 4340712
0.00, 4316452
0.00, 4125066
0.00, 4066517
0.00, 4022173
0.00, 4017657
0.00, 3968980
0.00, 3887085
0.00, 3874594
0.01, 3806459
0.01, 3801274
0.01, 3680897
0.01, 3665063
0.03, 3399624
0.03, 3282474
0.07, 3002869
0.08, 2921410
0.08, 2754173
0.09, 2734332
0.09, 2721129
0.09, 2682860
0.09, 2636180
0.09, 2604066
0.09, 2563401
0.09, 2543320
0.10, 2526468
0.10, 2254558
0.10, 2233248
0.10, 2195146
0.11, 2129776
0.11, 2120931
0.11, 2095715
0.11, 2085299
0.16, 2045909
0.86, 2003763
