0.00, 4076975
0.00, 3634877
0.00, 3228989
0.00, 2925670
0.00, 2723744
0.00, 2576057
0.00, 2487207
0.01, 2337611
0.01, 2255959
0.01, 2154016
0.01, 2121733
0.01, 2105494
0.01, 2098943
0.01, 2083540
0.01, 2069451
0.01, 2045364
0.01, 2031423
0.01, 4194670
0.01, 3710439
0.01, 3306811
0.01, 3060517
0.01, 2841084
0.02, 2668207
0.02, 2507009
0.02, 2416604
0.02, 2334128
0.02, 2257165
0.02, 2206384
0.02, 2178527
0.02, 2154738
0.02, 2026738
0.02, 2016322
0.02, 4478927
0.02, 4057921
0.02, 3735178
0.02, 3457933
0.02, 3196378
0.03, 2933719
0.03, 2751063
0.03, 2576526
0.03, 2423841
0.03, 2342998
0.03, 2183177
0.03, 2151053
0.03, 2068517
0.03, 2058888
0.03, 2045745
0.03, 4544809
0.03, 3910986
0.03, 3580519
0.03, 3274956
0.03, 3008087
0.03, 2764817
0.04, 2585277
0.04, 2430985
0.04, 2309902
0.04, 2139426
0.04, 2088927
0.04, 2057149
0.04, 2024508
0.04, 2003763
