0.00, 5310266
0.00, 4916884
0.00, 4494201
0.00, 4492587
0.00, 4485879
0.00, 4330663
0.00, 4194826
0.00, 4180373
0.00, 4137726
0.00, 4035839
0.00, 3981642
0.00, 3913002
0.00, 3676908
0.00, 3332708
0.02, 3150462
0.06, 3139583
0.07, 2988166
0.08, 2971664
0.08, 2940112
0.08, 2930454
0.08, 2875199
0.09, 2868508
0.09, 2833009
0.09, 2829358
0.09, 2729917
0.09, 2667623
0.09, 2586305
0.09, 2496395
0.10, 2400271
0.10, 2331855
0.10, 2172034
0.11, 2171151
0.11, 2134165
0.11, 2130908
0.11, 2130391
0.11, 2086158
0.12, 2069919
0.12, 2066980
0.12, 2066463
0.12, 2054702
0.12, 2052653
0.12, 2049407
0.14, 2045364
0.15, 2031423
1.22, 2030263
1.23, 2003763
