0.00, 5455081
0.00, 5267879
0.00, 5090628
0.00, 4984613
0.00, 4942503
0.00, 4882665
0.00, 4623987
0.00, 4601582
0.00, 4590799
0.00, 4547573
0.00, 4252939
0.00, 4099164
0.00, 3968026
0.00, 3886078
0.00, 3849155
0.00, 3809800
0.00, 3770310
0.00, 3717337
0.01, 3606737
0.01, 3475941
0.01, 3456104
0.01, 3232097
0.04, 3225179
0.08, 3069023
0.08, 2981547
0.09, 2927247
0.10, 2852426
0.10, 2852387
0.10, 2771615
0.10, 2687804
0.10, 2480352
0.11, 2459770
0.11, 2428819
0.11, 2380083
0.11, 2365010
0.11, 2329535
0.11, 2297191
0.11, 2273630
0.11, 2248038
0.12, 2243742
0.12, 2207071
0.12, 2081459
0.12, 2062148
0.12, 2058078
0.13, 2047662
0.19, 2045153
0.27, 2042058
0.67, 2017704
0.71, 2003763
