0.00, 4896756
0.00, 4763686
0.00, 4721610
0.00, 4316406
0.00, 4297603
0.00, 4220313
0.00, 4162468
0.00, 4018249
0.00, 3856081
0.00, 3780656
0.00, 3731087
0.00, 3698047
0.00, 3524873
0.00, 3444096
0.00, 3409404
0.05, 3374385
0.07, 3169983
0.08, 2961754
0.09, 2897597
0.09, 2867533
0.09, 2860762
0.09, 2844194
0.09, 2639118
0.09, 2623133
0.10, 2553345
0.10, 2506736
0.10, 2396774
0.10, 2394865
0.10, 2380756
0.10, 2377998
0.10, 2362398
0.11, 2337381
0.11, 2291006
0.11, 2209966
0.11, 2188614
0.11, 2147902
0.11, 2140099
0.11, 2129518
0.11, 2090137
0.11, 2086891
0.11, 2072301
0.11, 2071474
0.12, 2069774
0.12, 2054590
0.12, 2039906
0.13, 2016322
0.13, 2003763
