0.00, 4236984
0.00, 3756262
0.00, 3366766
0.00, 3138365
0.00, 2879687
0.00, 2648774
0.00, 2433512
0.00, 2315782
0.01, 2294776
0.01, 2240516
0.01, 2224782
0.01, 2210841
0.01, 4042725
0.01, 3658424
0.01, 3397659
0.01, 3152433
0.01, 2909699
0.01, 2731454
0.01, 2576060
0.01, 2435213
0.01, 2324712
0.01, 2212167
0.01, 2168387
0.02, 2130784
0.02, 2090948
0.02, 2062057
0.02, 2040747
0.02, 2020002
0.02, 2003763
0.02, 4118567
0.02, 3705232
0.02, 3316173
0.02, 2935592
0.02, 2740114
0.02, 2526747
0.02, 2445544
0.02, 2369230
0.02, 2257688
0.03, 2162218
0.03, 2136061
0.03, 2112292
0.03, 2094456
0.03, 2080515
0.03, 4262698
0.03, 3834930
0.03, 3420668
0.03, 3073751
0.03, 2827389
0.03, 2625463
0.03, 2518132
0.03, 2429662
0.03, 2344880
0.03, 2261583
0.03, 2197780
0.04, 2110206
0.04, 2069112
0.04, 2050062
