0.00, 4618368
0.00, 4570236
0.00, 4547200
0.00, 4529156
0.00, 4507624
0.00, 4424084
0.00, 4389423
0.00, 4151062
0.00, 4147967
0.00, 4078336
0.00, 4060021
0.00, 3633643
0.01, 3601075
0.01, 3552444
0.01, 3449152
0.01, 3420351
0.01, 3373663
0.01, 3372748
0.04, 3296041
0.04, 3207614
0.04, 3107488
0.08, 3083521
0.08, 2902495
0.08, 2865362
0.09, 2845029
0.09, 2838484
0.10, 2831314
0.10, 2645654
0.10, 2608381
0.10, 2445514
0.10, 2356752
0.10, 2342744
0.10, 2316545
0.10, 2290749
0.11, 2245508
0.11, 2211861
0.12, 2189033
0.12, 2171846
0.12, 2104267
0.12, 2085217
0.12, 2077825
0.12, 2071888
0.13, 2070086
0.13, 2060856
0.13, 2033943
0.16, 2032561
0.17, 2016322
