0.00, 4146044
0.00, 3743387
0.00, 3376868
0.00, 3167932
0.00, 2968931
0.00, 2840801
0.00, 2614792
0.01, 2430255
0.01, 2307141
0.01, 2220818
0.01, 2156251
0.01, 2118648
0.01, 2078812
0.01, 2055465
0.01, 2039226
0.01, 2026738
0.01, 2016322
0.01, 4938534
0.01, 4336596
0.01, 3800395
0.01, 3450448
0.01, 3187994
0.02, 2944457
0.02, 2751689
0.02, 2573205
0.02, 2421635
0.02, 2332789
0.02, 2277347
0.02, 2201196
0.02, 2177407
0.02, 2049407
0.02, 2045153
0.02, 2042058
0.02, 3860413
0.02, 3505317
0.02, 3231132
0.02, 3002667
0.03, 2811429
0.03, 2635848
0.03, 2467530
0.03, 2330299
0.03, 2196674
0.03, 2111729
0.03, 2066733
0.03, 2041312
0.03, 2020002
0.03, 2003763
0.03, 4287155
0.03, 3892698
0.03, 3559392
0.03, 3279726
0.03, 3045840
0.04, 2835905
0.04, 2683417
0.04, 2546186
0.04, 2437861
0.04, 2361547
0.04, 2211377
0.04, 2146199
0.04, 2081400
0.04, 2036404
0.04, 2003763
