0.00, 3950767
0.00, 3516856
0.00, 3162260
0.00, 2889112
0.00, 2687082
0.00, 2507157
0.00, 2382367
0.00, 2286897
0.01, 2200876
0.01, 2121160
0.01, 2045009
0.01, 2034195
0.01, 2023779
0.01, 4922045
0.01, 4265437
0.01, 3783614
0.01, 3347688
0.01, 3039690
0.01, 2783290
0.01, 2600927
0.01, 2429634
0.01, 2288410
0.01, 2204034
0.02, 2191884
0.02, 2063884
0.02, 2062094
0.02, 2003763
0.02, 3686292
0.02, 3312853
0.02, 3079566
0.02, 2877929
0.02, 2721187
0.02, 2602725
0.02, 2514455
0.02, 2380684
0.02, 2312990
0.02, 2217520
0.02, 2161581
0.03, 2124232
0.03, 2091949
0.03, 2073299
0.03, 2059358
0.03, 2045745
0.03, 4080980
0.03, 3694132
0.03, 3315591
0.03, 3037754
0.03, 2825466
0.03, 2663372
0.03, 2510108
0.03, 2389025
0.03, 2311094
0.04, 2266861
0.04, 2241720
0.04, 2228726
0.04, 2149158
0.04, 2086013
0.04, 2069774
0.04, 2056161
0.04, 2045745
