0.00, 4159797
0.00, 3704706
0.00, 3427905
0.00, 3178524
0.00, 2968704
0.00, 2805800
0.00, 2657522
0.01, 2534033
0.01, 2445903
0.01, 2373600
0.01, 2306110
0.01, 2239373
0.01, 2196237
0.01, 2100767
0.01, 2060055
0.01, 2043816
0.01, 2030676
0.01, 3676139
0.01, 3204846
0.01, 2931698
0.01, 2673174
0.01, 2516432
0.01, 2425177
0.02, 2338157
0.02, 2273355
0.02, 2208788
0.02, 2158289
0.02, 2117577
0.02, 2087713
0.02, 2060055
0.02, 2043816
0.02, 2030676
0.02, 4337117
0.02, 3865913
0.02, 3440024
0.02, 3162779
0.02, 2941390
0.02, 2752618
0.03, 2595003
0.03, 2442515
0.03, 2350788
0.03, 2227674
0.03, 2163585
0.03, 2139816
0.03, 2121733
0.03, 2105494
0.03, 2098943
0.03, 2083540
0.03, 2069451
0.03, 2045364
0.03, 2031423
0.03, 4679787
0.03, 4182679
0.03, 3777990
0.04, 3518539
0.04, 3206741
0.04, 2974116
0.04, 2775915
0.04, 2644303
0.04, 2513936
0.04, 2421487
0.04, 2344524
0.04, 2280498
0.04, 2233818
0.04, 2210029
0.04, 2082029
0.04, 2063631
0.04, 2024508
0.04, 2003763
