0.00, 4404860
0.00, 4100357
0.00, 4067610
0.00, 3997413
0.00, 3842613
0.00, 3758334
0.01, 3642664
0.01, 3622032
0.02, 3591174
0.02, 3574604
0.02, 3484533
0.07, 3442368
0.07, 3318106
0.07, 3265800
0.07, 3201436
0.07, 3114702
0.07, 3100294
0.08, 3092052
0.08, 3088345
0.09, 3031504
0.09, 2983754
0.09, 2905489
0.09, 2902523
0.09, 2869722
0.09, 2836226
0.09, 2829435
0.09, 2784248
0.09, 2510633
0.09, 2412050
0.10, 2250619
0.10, 2220755
0.10, 2190172
0.11, 2189317
0.11, 2188941
0.11, 2181188
0.11, 2156217
0.11, 2130574
0.11, 2106082
0.11, 2095937
0.11, 2074707
0.12, 2047662
0.18, 2042058
0.68, 2041839
1.23, 2031423
1.88, 2023779
