0.00, 3851044
0.00, 3504844
0.00, 3296898
0.00, 3107320
0.00, 2928846
0.00, 2773211
0.00, 2629959
0.01, 2530144
0.01, 2449301
0.01, 2387869
0.01, 2263495
0.01, 2188314
0.01, 2136023
0.01, 2098015
0.01, 2071221
0.01, 2054982
0.01, 2041839
0.01, 2031423
0.01, 4685532
0.01, 4195899
0.01, 3714318
0.01, 3316909
0.01, 2846945
0.02, 2691815
0.02, 2552406
0.02, 2398376
0.02, 2318607
0.02, 2250913
0.02, 2172648
0.02, 2108081
0.02, 2065532
0.02, 2041763
0.02, 2037509
0.02, 2034414
0.02, 4875375
0.02, 4277476
0.02, 3789505
0.02, 3460365
0.03, 3119228
0.03, 2893941
0.03, 2676481
0.03, 2491869
0.03, 2414402
0.03, 2333199
0.03, 2257628
0.03, 2215079
0.03, 2179169
0.03, 2154288
0.03, 2125901
0.03, 2111960
0.03, 3374990
0.03, 3181131
0.03, 2971500
0.03, 2780143
0.04, 2636905
0.04, 2524594
0.04, 2424779
0.04, 2358042
0.04, 2314455
0.04, 2271656
0.04, 2232918
0.04, 2107306
0.04, 2082165
0.04, 2058078
0.04, 2041839
0.04, 2031423
