0.00, 4568155
0.00, 4559484
0.00, 4549369
0.00, 4222283
0.00, 4186630
0.00, 4174142
0.00, 4058331
0.00, 3996385
0.00, 3917465
0.00, 3774355
0.01, 3577345
0.01, 3521676
0.03, 3507913
0.03, 3477681
0.04, 3380552
0.04, 3377407
0.06, 3241291
0.08, 3208027
0.08, 3165533
0.09, 3115292
0.09, 3110050
0.09, 2948027
0.09, 2618886
0.10, 2569589
0.10, 2476715
0.10, 2472776
0.10, 2470506
0.11, 2395356
0.11, 2270088
0.11, 2239136
0.11, 2226722
0.11, 2172609
0.11, 2130784
0.11, 2129071
0.11, 2124964
0.12, 2099609
0.12, 2060956
0.13, 2053356
0.13, 2039226
0.13, 2026738
0.14, 2025073
0.15, 2016322
1.88, 2003763
