0.00, 4661434
0.00, 4644847
0.00, 4302563
0.00, 4288912
0.00, 4165298
0.00, 4144058
0.00, 4065688
0.00, 4056952
0.00, 4028145
0.00, 4025799
0.00, 3770635
0.00, 3733485
0.01, 3560820
0.01, 3505194
0.02, 3476699
0.02, 3460502
0.07, 3434827
0.07, 3422665
0.07, 3228832
0.07, 3209636
0.07, 3185078
0.07, 3144816
0.07, 3123607
0.08, 3109135
0.09, 3059454
0.09, 3035937
0.09, 3024225
0.09, 2641101
0.10, 2575331
0.10, 2558931
0.10, 2507851
0.10, 2503665
0.10, 2482932
0.10, 2475551
0.10, 2425904
0.10, 2407445
0.10, 2370096
0.10, 2295450
0.10, 2284067
0.10, 2251668
0.10, 2219247
0.13, 2218173
0.13, 2205087
0.13, 2178798
0.20, 2126877
0.20, 2003763
