0.00, 5252164
0.00, 5230872
0.00, 5171998
0.00, 5100222
0.00, 4661060
0.00, 4057301
0.00, 3920070
0.00, 3683603
0.00, 3659180
0.00, 3600313
0.01, 3599308
0.02, 3585124
0.02, 3582464
0.05, 3506388
0.05, 3473623
0.05, 3401375
0.05, 3323489
0.05, 3259245
0.05, 3218238
0.05, 3190367
0.08, 3184442
0.08, 3132295
0.08, 3038293
0.08, 2956507
0.08, 2944098
0.08, 2853322
0.09, 2694688
0.10, 2688253
0.10, 2664375
0.10, 2641963
0.10, 2630574
0.10, 2604757
0.10, 2593300
0.10, 2514153
0.10, 2328902
0.10, 2325450
0.10, 2314730
0.11, 2276319
0.12, 2261769
0.12, 2247050
0.12, 2087229
0.12, 2051925
0.12, 2040747
0.13, 2020002
0.29, 2003763
