0.00, 4205505
0.00, 3685219
0.00, 3243280
0.00, 2836369
0.00, 2654373
0.00, 2525468
0.00, 2431011
0.01, 2213551
0.01, 2171002
0.01, 2135092
0.01, 2125463
0.01, 2097606
0.01, 3956715
0.01, 3589325
0.01, 3269710
0.01, 3036651
0.01, 2826971
0.01, 2637449
0.01, 2483279
0.01, 2356962
0.01, 2251268
0.01, 2188730
0.02, 2127871
0.02, 2079556
0.02, 2046915
0.02, 2030676
0.02, 3947051
0.02, 3545296
0.02, 3271480
0.02, 3011129
0.02, 2755965
0.02, 2527422
0.02, 2365271
0.02, 2274866
0.02, 2217527
0.02, 2105530
0.02, 2066473
0.02, 2054195
0.03, 2044566
0.03, 2031423
0.03, 3716304
0.03, 3350980
0.03, 2961921
0.03, 2830453
0.03, 2645916
0.03, 2490034
0.03, 2273545
0.03, 2197122
0.03, 2147408
0.03, 2106964
0.03, 2090560
0.03, 2066473
0.03, 2054195
0.03, 2044566
0.04, 2031423
