0.00, 4376557
0.00, 3778658
0.00, 3501347
0.00, 3289803
0.00, 3047315
0.00, 2848970
0.00, 2663486
0.01, 2519188
0.01, 2356175
0.01, 2261718
0.01, 2229747
0.01, 2069926
0.01, 2051925
0.01, 3957475
0.01, 3482086
0.01, 3182528
0.01, 2961375
0.01, 2773167
0.01, 2595316
0.01, 2420542
0.01, 2312080
0.01, 2230222
0.02, 2198098
0.02, 2176669
0.02, 2160430
0.02, 4161780
0.02, 3518781
0.02, 3146365
0.02, 2846865
0.02, 2691492
0.02, 2536711
0.02, 2396184
0.02, 2273938
0.02, 2253243
0.02, 2228908
0.02, 2208983
0.02, 2190460
0.03, 2064848
0.03, 2048609
0.03, 2042058
0.03, 4835483
0.03, 4291586
0.03, 3794643
0.03, 3465166
0.03, 3174218
0.03, 2957792
0.03, 2742154
0.03, 2610542
0.03, 2500856
0.03, 2438571
0.03, 2315082
0.03, 2256460
0.03, 2208244
0.04, 2165108
0.04, 2069638
0.04, 2040747
0.04, 2020002
0.04, 2003763
