0.00, 4826817
0.00, 4769139
0.00, 4735777
0.00, 4659993
0.00, 4510612
0.00, 4093492
0.00, 4073785
0.00, 3901856
0.00, 3661747
0.00, 3623480
0.00, 3459203
0.01, 3436377
0.01, 3414785
0.02, 3302852
0.02, 3275051
0.06, 3202411
0.07, 3088147
0.08, 3076840
0.08, 3073607
0.08, 3067323
0.09, 3017512
0.09, 2985299
0.09, 2830965
0.09, 2788585
0.09, 2769935
0.09, 2623729
0.10, 2617302
0.10, 2419255
0.10, 2299304
0.10, 2274588
0.10, 2183039
0.11, 2182390
0.11, 2177647
0.11, 2176436
0.11, 2154390
0.11, 2137203
0.11, 2105749
0.11, 2102351
0.11, 2100399
0.11, 2071465
0.11, 2023779
