0.00, 4622376
0.00, 3993538
0.00, 3404140
0.00, 3137271
0.00, 2885689
0.00, 2686688
0.00, 2536348
0.00, 2422438
0.01, 2357636
0.01, 2306412
0.01, 2274336
0.01, 2118308
0.01, 2082398
0.01, 2052534
0.01, 2034195
0.01, 2023779
0.01, 4629487
0.01, 4078052
0.01, 3625062
0.01, 3327824
0.01, 3054676
0.01, 2795998
0.02, 2521422
0.02, 2315098
0.02, 2219628
0.02, 2143786
0.02, 2099507
0.02, 2073234
0.02, 2045364
0.02, 2031423
0.02, 4044555
0.02, 3591396
0.02, 3174850
0.02, 2933049
0.02, 2716675
0.02, 2531690
0.02, 2433099
0.02, 2343575
0.03, 2287636
0.03, 2249628
0.03, 2225293
0.03, 2206770
0.03, 2163634
0.03, 2068164
0.03, 2051925
0.03, 4119122
0.03, 3778427
0.03, 3500590
0.03, 3259136
0.03, 3029571
0.03, 2834813
0.03, 2687142
0.04, 2544085
0.04, 2432321
0.04, 2368295
0.04, 2314065
0.04, 2190951
0.04, 2146718
0.04, 2116438
0.04, 2091017
0.04, 2072619
0.04, 2056380
0.04, 2054590
