0.00, 4613500
0.00, 3943400
0.00, 3491838
0.00, 3071515
0.00, 2873170
0.00, 2706546
0.00, 2567137
0.01, 2440936
0.01, 2355991
0.01, 2293706
0.01, 2257597
0.01, 2100174
0.01, 2049675
0.01, 2017704
0.01, 2003763
0.01, 4268793
0.01, 3665748
0.01, 3120537
0.01, 2902964
0.01, 2737443
0.01, 2580385
0.01, 2480570
0.02, 2426002
0.02, 2379851
0.02, 2229681
0.02, 2186882
0.02, 2111701
0.02, 2073693
0.02, 2056786
0.02, 2031423
0.02, 4538987
0.02, 3935164
0.02, 3492439
0.02, 3172792
0.02, 2938678
0.02, 2708794
0.02, 2501832
0.03, 2371892
0.03, 2247356
0.03, 2196355
0.03, 2161017
0.03, 2138141
0.03, 2122407
0.03, 2108466
0.03, 2095162
0.03, 2034414
0.03, 4731393
0.03, 4250168
0.03, 3769632
0.03, 3437466
0.03, 3121379
0.03, 2869797
0.04, 2691323
0.04, 2524699
0.04, 2387468
0.04, 2286299
0.04, 2201354
0.04, 2136787
0.04, 2086288
0.04, 2055465
0.04, 2039226
0.04, 2026738
0.04, 2016322
