0.00, 29758
0.00, 29719
0.00, 29202
0.00, 28961
0.00, 28587
0.00, 27694
0.00, 27021
0.00, 26386
0.00, 25802
0.00, 25547
0.00, 25421
0.00, 25365
0.01, 24970
0.11, 24446
0.11, 23919
0.38, 23356
0.38, 23181
1.20, 23076
1.20, 22777
1.50, 22769
1.50, 22710
1.50, 22181
1.50, 22151
1.53, 21960
1.53, 21750
1.53, 21652
1.54, 21260
1.59, 21236
1.59, 20409
1.59, 20331
1.59, 20131
1.59, 19782
1.59, 19752
1.61, 19315
1.61, 19280
1.61, 19176
1.65, 18769
1.65, 18707
1.65, 18595
1.67, 18151
1.67, 17785
1.67, 17771
1.67, 17556
1.67, 17536
1.67, 17430
1.67, 17329
1.67, 17202
1.67, 17032
1.67, 16875
1.67, 16618
1.68, 16582
1.68, 16425
1.69, 16076
1.69, 16045
1.69, 16007
1.69, 15894
1.69, 15836
1.70, 15819
1.70, 15810
1.70, 15774
1.70, 15681
1.70, 15597
1.70, 15159
1.70, 14666
1.70, 14637
1.70, 14429
1.70, 14398
1.70, 14255
1.70, 14092
1.74, 14002
1.74, 13998
1.74, 13424
1.74, 13348
1.74, 13179
1.74, 13117
1.74, 12770
1.74, 12659
1.74, 12643
1.77, 12619
1.77, 12567
1.77, 12532
1.77, 12521
1.77, 12468
1.77, 12428
1.77, 12397
1.77, 12323
1.77, 12301
1.78, 12283
1.78, 12010
1.79, 11700
1.79, 11549
1.81, 11521
1.82, 11502
1.82, 11467
1.82, 11329
1.82, 11318
1.82, 11168
1.82, 11035
1.82, 10952
1.82, 10936
1.82, 10904
1.82, 10770
1.82, 10446
1.82, 10386
1.82, 10172
1.84, 10071
1.84, 9895
1.84, 9856
1.85, 9759
1.85, 9484
1.86, 9474
1.86, 9470
1.86, 9438
1.86, 9420
1.86, 9324
1.86, 9248
1.86, 8758
1.86, 8614
1.89, 8552
1.89, 8546
1.89, 8537
1.89, 8454
1.90, 8440
1.91, 8381
1.91, 8378
1.91, 8204
1.91, 8183
1.92, 8040
1.92, 8035
1.92, 8030
1.96, 8019
1.96, 8018
1.97, 8013
1.97, 8006
1.97, 8002
1.97, 7968
1.98, 7953
1.98, 7917
1.98, 7906
1.98, 7875
1.99, 7807
1.99, 7787
2.06, 7786
2.06, 7749
2.17, 7737
2.49, 7717
2.49, 7706
2.51, 7701
3.03, 7622
3.45, 7599
