0.00, 29341
0.00, 29223
0.00, 28327
0.00, 28217
0.00, 28198
0.00, 28124
0.00, 27300
0.00, 27215
0.00, 27134
0.00, 27119
0.00, 26989
0.00, 26417
0.00, 26164
0.00, 25413
0.01, 25338
0.01, 24456
0.05, 24436
0.23, 24304
0.23, 23531
0.23, 23437
0.23, 23418
0.23, 23333
0.23, 23222
0.67, 23036
1.02, 22929
1.21, 22858
1.27, 22747
1.27, 22483
1.27, 21982
1.27, 21899
1.37, 21832
1.37, 21693
1.37, 21346
1.37, 21339
1.37, 21233
1.41, 21217
1.41, 21161
1.41, 20310
1.41, 20077
1.41, 19931
1.41, 19829
1.41, 19776
1.41, 19761
1.44, 19473
1.46, 18720
1.46, 18712
1.46, 18683
1.47, 18609
1.47, 18287
1.48, 18229
1.48, 18210
1.48, 18204
1.48, 18102
1.48, 18053
1.48, 18021
1.48, 17873
1.48, 17871
1.48, 17739
1.48, 17697
1.48, 17651
1.48, 17412
1.48, 16836
1.49, 16784
1.50, 16739
1.50, 16621
1.50, 16592
1.50, 16567
1.50, 16399
1.50, 16265
1.54, 16071
1.54, 16052
1.54, 16049
1.54, 15950
1.54, 15901
1.54, 15894
1.54, 15739
1.54, 15424
1.55, 15362
1.55, 15050
1.55, 14988
1.55, 14972
1.55, 14958
1.55, 14809
1.55, 14770
1.55, 14600
1.55, 14430
1.57, 14382
1.57, 14236
1.57, 14070
1.57, 13959
1.58, 13875
1.58, 13825
1.58, 13635
1.58, 13483
1.58, 13476
1.58, 13451
1.58, 13449
1.58, 13319
1.58, 13286
1.58, 13215
1.58, 13203
1.58, 13153
1.58, 13054
1.58, 12991
1.58, 12846
1.58, 12741
1.58, 12357
1.59, 12356
1.59, 12250
1.59, 12223
1.59, 12147
1.59, 12114
1.59, 12001
1.59, 11955
1.59, 11949
1.59, 11587
1.59, 11583
1.59, 11575
1.59, 11394
1.59, 11234
1.59, 11103
1.61, 10964
1.61, 10911
1.61, 10776
1.63, 10774
1.64, 10714
1.64, 10453
1.64, 10434
1.64, 10353
1.64, 10277
1.64, 10231
1.64, 10198
1.64, 10166
1.64, 10163
1.64, 10014
1.64, 9911
1.64, 9881
1.64, 9815
1.64, 9773
1.65, 9598
1.65, 9579
1.65, 9571
1.65, 9540
1.65, 9507
1.65, 9396
1.66, 9383
1.66, 9381
1.66, 9374
1.66, 9355
1.66, 9293
1.67, 9259
1.68, 9212
1.68, 9128
1.69, 9074
1.69, 9026
1.69, 8981
1.72, 8931
1.73, 8921
1.73, 8831
1.73, 8701
1.73, 8641
1.73, 8630
1.73, 8585
1.74, 8571
1.74, 8463
1.76, 8380
1.76, 8376
1.76, 8364
1.77, 8363
1.79, 8348
1.80, 8318
1.89, 8314
2.18, 8295
2.40, 8243
2.47, 8226
4.26, 8221
6.70, 8207
6.70, 8199
7.95, 8042
7.96, 8041
7.97, 7962
