0.01, 29303
0.02, 27312
0.04, 25649
0.05, 24193
0.06, 22764
0.07, 21368
0.08, 20033
0.09, 18829
0.10, 17864
0.11, 17129
0.12, 16345
0.14, 15631
0.15, 14932
0.16, 14237
0.17, 13585
0.18, 13139
0.19, 12655
0.20, 12157
0.21, 11472
0.23, 11119
0.24, 10846
0.25, 10585
0.26, 10266
0.27, 10033
0.28, 9819
0.29, 9645
0.30, 9471
0.31, 9298
0.32, 9140
0.33, 9000
0.34, 8896
0.35, 8807
0.36, 8721
0.37, 8635
0.38, 8512
0.39, 8337
0.40, 8260
0.42, 8181
0.43, 8143
0.44, 8103
0.45, 8080
0.46, 8062
1.50, 8030
1.51, 8025
1.51, 8017
1.52, 8016
1.53, 7993
