0.00, 29320
0.00, 28969
0.00, 28046
0.00, 27886
0.00, 27285
0.00, 26956
0.00, 26317
0.00, 25650
0.00, 25622
0.01, 25614
0.02, 25495
0.02, 24803
0.02, 24744
0.02, 24713
0.02, 24572
0.02, 23977
0.02, 23817
0.47, 23540
0.50, 23275
0.50, 22568
1.47, 21755
1.48, 21583
1.48, 21576
1.48, 21534
1.50, 21353
1.51, 21341
1.51, 21010
1.55, 20985
1.55, 20949
1.55, 20939
1.55, 20510
1.55, 20280
1.55, 20077
1.56, 19977
1.56, 19908
1.56, 19898
1.56, 19545
1.57, 19381
1.57, 19339
1.57, 18753
1.57, 18199
1.57, 17985
1.57, 17871
1.58, 17800
1.58, 17559
1.58, 17491
1.58, 17356
1.58, 17058
1.58, 16993
1.58, 16911
1.58, 16879
1.58, 16649
1.58, 16598
1.58, 16574
1.58, 16283
1.65, 16241
1.65, 16206
1.65, 16191
1.65, 15953
1.65, 15768
1.65, 15731
1.65, 15682
1.65, 15436
1.65, 15414
1.65, 14975
1.65, 14915
1.65, 14881
1.65, 14721
1.65, 14557
1.68, 14505
1.68, 14452
1.68, 14162
1.68, 14145
1.71, 14095
1.71, 14057
1.71, 13988
1.71, 13768
1.71, 13615
1.71, 13515
1.71, 13480
1.71, 13412
1.71, 13395
1.71, 13199
1.71, 13152
1.71, 12916
1.73, 12830
1.73, 12680
1.73, 12655
1.73, 12646
1.73, 12586
1.73, 12511
1.73, 12359
1.73, 12354
1.73, 12348
1.73, 12329
1.74, 12313
1.74, 12259
1.74, 12049
1.74, 11986
1.74, 11657
1.74, 11645
1.75, 11638
1.75, 11560
1.75, 11542
1.75, 11506
1.75, 11284
1.75, 11105
1.75, 11077
1.75, 11001
1.75, 10903
1.76, 10887
1.77, 10796
1.77, 10795
1.79, 10775
1.79, 10700
1.79, 10699
1.79, 10692
1.80, 10638
1.80, 10556
1.80, 10420
1.80, 10387
1.80, 10213
1.81, 10160
1.81, 10125
1.81, 9967
1.81, 9863
1.81, 9845
1.81, 9741
1.81, 9575
1.81, 9552
1.81, 9459
1.81, 9392
1.82, 9371
1.82, 9341
1.82, 9299
1.82, 9293
1.86, 9281
1.87, 9260
1.87, 8863
1.87, 8822
1.87, 8819
1.87, 8729
1.87, 8666
1.87, 8633
1.87, 8622
1.92, 8565
1.92, 8562
1.92, 8488
1.92, 8440
1.93, 8434
1.93, 8369
1.93, 8365
1.93, 8314
1.93, 8278
1.94, 8229
1.96, 8208
1.96, 8171
1.96, 8093
1.98, 8058
2.03, 8009
2.03, 7994
2.06, 7959
2.10, 7939
2.13, 7934
2.26, 7923
2.80, 7883
2.82, 7789
4.31, 7700
