0.01, 27893
0.02, 26347
0.03, 24689
0.04, 23290
0.05, 21792
0.06, 20633
0.07, 19641
0.08, 18712
0.09, 17841
0.10, 17032
0.11, 16283
0.12, 15610
0.13, 14944
0.14, 14334
0.15, 13846
0.16, 13380
0.18, 12974
0.19, 12637
0.20, 12311
0.21, 11993
0.22, 11742
0.23, 11518
0.24, 11306
0.25, 11102
0.26, 10903
0.27, 10647
0.28, 10441
0.29, 10263
0.30, 10089
0.31, 9900
0.32, 9767
0.33, 9637
0.34, 9508
0.35, 9423
0.36, 9342
0.37, 9264
0.38, 9195
0.38, 9127
0.39, 9023
0.40, 8975
0.41, 8943
0.42, 8923
0.43, 8907
0.44, 8893
0.45, 8837
0.46, 8824
0.47, 8382
0.48, 8371
0.49, 8344
1.71, 8231
1.72, 8120
1.73, 8024
1.75, 7940
1.76, 7864
1.77, 7792
1.78, 7755
1.79, 7732
1.80, 7715
1.81, 7704
1.82, 7699
