0.00, 29225
0.00, 28985
0.00, 28906
0.00, 28737
0.00, 27690
0.00, 27337
0.00, 26170
0.00, 26134
0.01, 26037
0.01, 25819
0.01, 25681
0.01, 25411
0.01, 24492
0.01, 24421
0.10, 24380
0.13, 23766
0.13, 23652
0.13, 23534
0.36, 23030
1.40, 23002
1.40, 22984
1.40, 22912
1.40, 22809
1.40, 21989
1.40, 21792
1.40, 21747
1.40, 21518
1.40, 21261
1.40, 21210
1.40, 20674
1.45, 20640
1.45, 20409
1.45, 19714
1.45, 19394
1.45, 19272
1.45, 18825
1.45, 18795
1.49, 18745
1.49, 18498
1.49, 18400
1.50, 18161
1.52, 18087
1.52, 17842
1.52, 17737
1.52, 17573
1.52, 17530
1.52, 17526
1.52, 16845
1.52, 16760
1.52, 16749
1.52, 16470
1.54, 16410
1.54, 16264
1.54, 15912
1.54, 15716
1.54, 15187
1.54, 15181
1.54, 15131
1.54, 14929
1.59, 14530
1.59, 14324
1.59, 14111
1.59, 13906
1.59, 13857
1.59, 13762
1.59, 13365
1.59, 13314
1.59, 12894
1.59, 12849
1.59, 12703
1.59, 12282
1.59, 12182
1.59, 12085
1.59, 11943
1.64, 11859
1.65, 11705
1.65, 11610
1.65, 11501
1.65, 11288
1.65, 11255
1.65, 11045
1.65, 11015
1.65, 10920
1.65, 10909
1.65, 10845
1.67, 10745
1.67, 10417
1.67, 10219
1.68, 10185
1.68, 10162
1.68, 9964
1.68, 9950
1.70, 9943
1.70, 9903
1.70, 9844
1.70, 9765
1.70, 9648
1.71, 9589
1.71, 9376
1.71, 9364
1.71, 9339
1.71, 9115
1.71, 9108
1.71, 8963
1.72, 8891
1.72, 8859
1.72, 8841
1.72, 8829
1.72, 8783
1.72, 8739
1.73, 8647
1.73, 8589
1.73, 8523
1.73, 8447
1.73, 8381
1.73, 8371
1.73, 8342
1.73, 8337
1.73, 8272
1.82, 8256
1.83, 8251
1.84, 8213
1.85, 8194
1.87, 8193
1.88, 8186
1.88, 8144
1.89, 8095
1.89, 8079
1.89, 8059
1.90, 8039
2.12, 7905
2.78, 7874
4.44, 7772
