0.00, 29335
0.00, 29124
0.00, 28737
0.00, 28730
0.00, 28656
0.00, 28655
0.00, 27608
0.00, 26730
0.00, 26474
0.00, 26302
0.00, 26200
0.00, 26070
0.00, 26052
0.01, 25506
0.01, 25202
0.01, 25003
0.01, 24661
0.07, 24187
0.12, 24085
0.12, 23788
0.29, 23236
0.80, 23104
0.80, 22992
0.80, 22294
0.80, 22264
0.80, 21919
1.56, 21897
1.56, 21715
1.56, 21194
1.56, 21149
1.56, 20684
1.56, 20591
1.56, 19995
1.64, 19867
1.64, 19763
1.64, 19653
1.66, 19606
1.66, 19593
1.66, 19592
1.66, 19539
1.66, 19454
1.66, 19219
1.66, 18962
1.66, 18610
1.66, 18395
1.66, 18375
1.66, 18302
1.66, 17775
1.70, 17249
1.70, 17052
1.70, 16949
1.70, 16923
1.70, 16897
1.70, 16694
1.70, 16679
1.70, 16610
1.70, 16367
1.70, 16334
1.75, 16098
1.75, 16071
1.75, 15972
1.75, 15887
1.75, 15838
1.75, 15836
1.75, 15688
1.75, 15675
1.75, 15470
1.75, 15427
1.75, 15425
1.75, 15347
1.75, 15274
1.75, 15210
1.75, 15150
1.75, 15092
1.75, 14661
1.75, 14591
1.75, 14574
1.76, 14456
1.78, 14016
1.78, 13972
1.78, 13802
1.78, 13706
1.78, 13679
1.78, 13479
1.78, 13357
1.78, 13152
1.78, 12626
1.83, 12591
1.83, 12477
1.83, 12262
1.83, 12254
1.83, 12077
1.83, 11945
1.83, 11635
1.83, 11303
1.84, 11239
1.85, 11131
1.86, 10959
1.86, 10955
1.86, 10797
1.89, 10633
1.89, 10615
1.89, 10605
1.90, 10603
1.90, 10553
1.90, 10535
1.90, 10404
1.90, 10334
1.90, 10264
1.91, 10184
1.91, 9997
1.91, 9836
1.91, 9720
1.91, 9707
1.91, 9686
1.91, 9667
1.91, 9649
1.92, 9612
1.92, 9597
1.92, 9585
1.92, 9507
1.92, 9499
1.92, 9491
1.92, 9450
1.92, 9427
1.92, 9412
1.92, 9339
1.93, 9257
1.94, 9242
1.94, 9236
1.94, 9162
1.94, 9101
1.94, 9086
1.94, 9069
1.94, 9060
1.94, 9034
1.94, 9020
1.96, 8991
1.96, 8920
1.96, 8871
1.96, 8740
2.00, 8680
2.00, 8663
2.00, 8655
2.00, 8643
2.01, 8624
2.01, 8600
2.02, 8571
2.02, 8562
2.05, 8536
2.05, 8469
2.05, 8417
2.05, 8407
2.06, 8400
2.06, 8394
2.06, 8382
2.06, 8354
2.10, 8348
2.10, 8320
2.28, 8313
2.71, 8301
2.72, 8282
6.68, 8269
6.70, 8227
6.71, 8220
6.71, 8203
6.71, 8193
6.72, 8177
6.75, 8115
6.75, 8037
6.75, 7990
6.76, 7968
6.76, 7957
6.78, 7941
6.86, 7784
7.72, 7629
7.74, 7589
7.76, 7543
8.46, 7542
