0.01, 28719
0.02, 27059
0.03, 25553
0.04, 24057
0.05, 22710
0.06, 21666
0.07, 20675
0.08, 19674
0.09, 18703
0.10, 17712
0.11, 16855
0.12, 15978
0.13, 15295
0.14, 14731
0.14, 14188
0.15, 13734
0.16, 13345
0.17, 12883
0.18, 12418
0.19, 12093
0.20, 11775
0.21, 11418
0.22, 11166
0.23, 10911
0.24, 10680
0.25, 10448
0.26, 10015
0.27, 9804
0.28, 9642
0.29, 9499
0.30, 9380
0.30, 9294
0.31, 9154
0.32, 8976
0.33, 8914
0.34, 8866
0.35, 8827
0.36, 8696
0.37, 8665
0.38, 8630
0.39, 8603
0.40, 8577
0.41, 8554
0.42, 8534
0.43, 8505
0.44, 8484
0.45, 8481
0.46, 8373
0.80, 8337
0.81, 8241
0.82, 8203
0.83, 8032
0.84, 7995
0.85, 7966
0.86, 7953
0.87, 7938
0.88, 7931
0.89, 7892
0.90, 7886
0.91, 7882
0.92, 7785
0.93, 7654
0.93, 7653
0.94, 7630
