0.00, 31289
0.00, 30939
0.00, 29871
0.00, 29815
0.00, 29294
0.00, 29199
0.00, 29057
0.00, 28827
0.00, 28817
0.01, 28131
0.01, 27408
0.01, 27302
0.01, 27205
0.01, 27185
0.01, 26363
0.01, 25951
0.02, 25438
0.02, 24297
0.02, 24136
0.02, 23916
0.94, 23539
0.94, 23370
0.94, 23226
0.94, 23198
1.39, 22665
1.45, 22534
1.45, 21960
1.45, 21867
1.57, 21251
1.57, 21193
1.57, 21020
1.60, 20961
1.60, 20907
1.60, 20881
1.60, 20792
1.60, 20698
1.60, 20111
1.60, 19981
1.61, 19946
1.61, 19932
1.61, 19659
1.61, 19584
1.61, 19213
1.61, 18889
1.61, 18682
1.65, 18665
1.65, 18272
1.65, 18245
1.65, 17996
1.66, 17987
1.66, 17750
1.66, 17655
1.66, 17592
1.66, 17569
1.66, 17310
1.66, 17147
1.67, 17080
1.69, 16824
1.69, 16551
1.69, 16493
1.69, 16405
1.69, 16377
1.69, 16109
1.69, 16054
1.69, 15893
1.72, 15008
1.72, 14805
1.72, 14791
1.72, 14778
1.72, 14639
1.72, 14582
1.72, 14529
1.72, 14524
1.73, 14148
1.73, 13781
1.73, 13526
1.73, 13423
1.73, 13408
1.75, 13228
1.75, 13008
1.75, 12885
1.77, 12748
1.77, 12655
1.79, 12422
1.79, 12395
1.79, 12370
1.79, 12364
1.79, 12255
1.79, 12253
1.79, 11682
1.79, 11634
1.83, 11577
1.83, 11441
1.83, 11306
1.83, 11271
1.83, 11232
1.83, 11070
1.83, 11012
1.83, 10972
1.83, 10931
1.84, 10842
1.84, 10832
1.87, 10798
1.87, 10620
1.87, 10591
1.87, 10587
1.87, 10526
1.87, 10525
1.87, 10308
1.87, 10276
1.87, 10249
1.87, 10220
1.87, 10179
1.87, 10018
1.87, 9921
1.88, 9889
1.88, 9879
1.88, 9822
1.89, 9624
1.92, 9603
1.92, 9511
1.92, 9508
1.92, 9459
1.92, 9383
1.92, 9287
1.93, 9252
1.93, 9071
1.93, 9019
1.93, 8987
1.93, 8902
1.93, 8874
1.93, 8751
1.94, 8729
1.94, 8719
1.97, 8717
1.97, 8706
1.97, 8695
1.97, 8645
1.98, 8634
1.98, 8617
1.98, 8550
1.98, 8503
2.02, 8495
2.02, 8473
2.02, 8454
2.02, 8379
2.04, 8340
2.04, 8292
2.04, 8280
2.04, 8253
2.05, 8247
2.05, 8236
2.06, 8215
2.15, 8203
2.20, 8202
3.36, 8187
3.56, 8168
3.57, 8130
3.57, 8106
3.57, 8099
3.64, 8060
4.42, 8037
6.77, 8035
7.80, 7943
8.67, 7864
18.13, 7861
