0.00, 30353
0.00, 30006
0.00, 28874
0.00, 28691
0.00, 28681
0.00, 27936
0.00, 27495
0.00, 27380
0.00, 26902
0.00, 26342
0.00, 26182
0.00, 25426
0.01, 25314
0.06, 25309
0.06, 24934
0.06, 24574
0.06, 24344
0.09, 23887
0.09, 23879
0.14, 23781
0.24, 23728
0.78, 23010
0.78, 22798
1.14, 22677
1.27, 22389
1.27, 22376
1.27, 22329
1.35, 22150
1.37, 22149
1.37, 21693
1.37, 21535
1.37, 20657
1.37, 20155
1.38, 20112
1.38, 20054
1.38, 19850
1.40, 19482
1.43, 19464
1.45, 19397
1.45, 19307
1.45, 19226
1.45, 19167
1.46, 19127
1.46, 19113
1.46, 18707
1.46, 18310
1.46, 18195
1.46, 18191
1.46, 18186
1.46, 18139
1.47, 17895
1.47, 17614
1.48, 17408
1.48, 17390
1.48, 17318
1.48, 17285
1.48, 17251
1.48, 17231
1.48, 17055
1.49, 16928
1.49, 16731
1.49, 16710
1.49, 16637
1.50, 16573
1.50, 16540
1.50, 16501
1.50, 16482
1.51, 16064
1.51, 15658
1.51, 15593
1.51, 15354
1.51, 15249
1.51, 14811
1.51, 14753
1.54, 14718
1.55, 14598
1.55, 14494
1.55, 14471
1.55, 14462
1.55, 14447
1.55, 14400
1.55, 14287
1.55, 14274
1.56, 14236
1.56, 14155
1.56, 13997
1.56, 13876
1.56, 13783
1.56, 13742
1.56, 13673
1.56, 13542
1.56, 13359
1.56, 13095
1.56, 13051
1.56, 13042
1.56, 12968
1.56, 12832
1.56, 12735
1.56, 12622
1.56, 12604
1.56, 12565
1.56, 12044
1.56, 12043
1.56, 11992
1.56, 11779
1.56, 11668
1.56, 11556
1.56, 11480
1.56, 11468
1.56, 11457
1.56, 11333
1.56, 11293
1.56, 11215
1.58, 11138
1.58, 10900
1.59, 10746
1.59, 10735
1.59, 10715
1.61, 10369
1.61, 10023
1.64, 10020
1.64, 10010
1.64, 9986
1.65, 9912
1.65, 9741
1.65, 9701
1.65, 9679
1.65, 9609
1.66, 9453
1.66, 9392
1.67, 9385
1.67, 9330
1.67, 9224
1.68, 9141
1.68, 9026
1.68, 8997
1.70, 8945
1.70, 8925
1.70, 8902
1.70, 8872
1.70, 8787
1.71, 8771
1.71, 8645
1.73, 8534
1.73, 8430
1.73, 8375
1.73, 8298
1.74, 8287
1.75, 8271
1.75, 8259
1.76, 8224
1.76, 8185
1.77, 8160
1.77, 8153
1.77, 8133
1.77, 8119
1.77, 8104
1.82, 8102
1.82, 8101
1.82, 8098
1.83, 8083
1.87, 8082
3.93, 8052
3.97, 8047
8.19, 8029
8.20, 7957
8.32, 7735
8.47, 7734
12.42, 7610
12.47, 7587
12.50, 7582
