0.00, 31664
0.00, 31632
0.00, 31566
0.00, 30805
0.00, 29776
0.00, 29712
0.00, 29061
0.00, 28940
0.00, 28939
0.00, 28913
0.00, 28778
0.00, 28515
0.01, 28289
0.01, 27894
0.01, 27720
0.01, 27476
0.01, 27114
0.01, 26840
0.01, 26570
0.01, 26218
0.01, 26173
0.02, 26129
0.02, 25932
0.02, 25696
0.02, 25509
0.02, 24429
0.02, 23737
0.18, 23578
0.35, 23341
1.20, 23178
1.20, 23140
1.23, 22212
1.23, 22179
1.26, 22157
1.26, 21941
1.26, 21933
1.26, 21684
1.38, 21380
1.38, 21353
1.43, 21267
1.43, 21142
1.43, 20895
1.44, 20772
1.44, 20672
1.45, 20567
1.46, 20455
1.46, 20209
1.46, 20077
1.46, 19783
1.46, 19724
1.48, 19555
1.48, 19548
1.48, 19385
1.49, 19248
1.50, 19121
1.51, 18913
1.51, 18659
1.51, 18657
1.51, 18630
1.51, 18446
1.51, 18416
1.51, 18379
1.51, 18279
1.52, 18128
1.52, 17890
1.52, 17820
1.52, 17790
1.52, 17762
1.52, 17496
1.52, 17322
1.52, 17311
1.52, 17297
1.52, 17110
1.53, 16972
1.53, 16918
1.53, 16846
1.53, 16658
1.53, 16530
1.53, 16370
1.55, 16177
1.55, 15570
1.55, 15529
1.55, 15481
1.55, 15450
1.55, 15341
1.55, 14697
1.55, 14670
1.55, 14617
1.59, 14159
1.60, 13883
1.60, 13876
1.60, 13584
1.61, 13572
1.61, 13531
1.61, 13203
1.61, 13191
1.61, 13063
1.61, 12910
1.61, 12906
1.61, 12704
1.62, 12663
1.62, 12550
1.62, 12368
1.62, 12365
1.62, 12360
1.62, 12244
1.62, 12084
1.62, 12063
1.63, 11814
1.63, 11731
1.63, 11681
1.63, 11673
1.63, 11532
1.63, 11452
1.63, 11439
1.63, 11366
1.63, 11241
1.67, 11233
1.67, 11183
1.67, 11133
1.67, 11102
1.68, 11015
1.68, 11011
1.68, 10990
1.69, 10861
1.69, 10857
1.69, 10750
1.69, 10730
1.69, 10677
1.69, 10664
1.70, 10637
1.70, 10587
1.70, 10517
1.73, 10490
1.73, 10459
1.73, 10407
1.73, 10398
1.74, 10283
1.74, 10204
1.74, 10164
1.74, 10135
1.74, 10088
1.74, 10050
1.74, 9898
1.74, 9679
1.74, 9640
1.76, 9605
1.76, 9553
1.76, 9514
1.76, 9498
1.76, 9457
1.77, 9411
1.77, 9371
1.77, 9362
1.77, 9340
1.77, 9330
1.77, 9314
1.77, 9233
1.77, 9230
1.77, 9213
1.77, 9164
1.77, 9102
1.77, 9095
1.77, 9085
1.77, 9057
1.77, 9009
1.77, 8991
1.77, 8939
1.77, 8925
1.77, 8837
1.78, 8833
1.78, 8811
1.78, 8586
1.78, 8551
1.79, 8545
1.79, 8300
1.84, 8274
1.84, 8211
1.84, 8180
1.85, 8154
1.85, 8125
1.85, 8097
1.85, 8079
2.03, 8029
2.03, 8024
2.05, 8009
2.11, 7997
2.23, 7958
2.45, 7944
2.46, 7907
2.47, 7896
3.79, 7895
