0.00, 29441
0.00, 28665
0.00, 28348
0.00, 28242
0.00, 28234
0.00, 27341
0.00, 27280
0.00, 27277
0.00, 27235
0.00, 26963
0.00, 26865
0.00, 26732
0.00, 26691
0.01, 26537
0.01, 26379
0.01, 26123
0.01, 25876
0.01, 25714
0.02, 25560
0.02, 25522
0.02, 25047
0.06, 24615
0.06, 24172
0.13, 24107
0.13, 24031
0.33, 23679
0.52, 23446
0.52, 23383
0.90, 22811
1.45, 22799
1.45, 22584
1.45, 22525
1.45, 22274
1.46, 21745
1.56, 21403
1.56, 21075
1.56, 20832
1.56, 20659
1.58, 20216
1.59, 20026
1.59, 20008
1.60, 19603
1.60, 19571
1.60, 19543
1.62, 19472
1.62, 19370
1.62, 19143
1.63, 18800
1.63, 18655
1.63, 18507
1.63, 18483
1.63, 18456
1.63, 18146
1.63, 17937
1.63, 17042
1.67, 16663
1.68, 16534
1.68, 16467
1.68, 16410
1.68, 16193
1.68, 16191
1.68, 15881
1.68, 15414
1.68, 15385
1.68, 15233
1.69, 15229
1.69, 15072
1.69, 14153
1.69, 13401
1.69, 13370
1.72, 13223
1.72, 13176
1.72, 13055
1.72, 13017
1.72, 12907
1.74, 12724
1.74, 12715
1.74, 12599
1.74, 12598
1.74, 12583
1.74, 12497
1.74, 12370
1.78, 12309
1.78, 12256
1.78, 12179
1.78, 11721
1.79, 11609
1.79, 11544
1.79, 11346
1.83, 11270
1.83, 11221
1.83, 11067
1.83, 10846
1.83, 10844
1.83, 10634
1.84, 10605
1.84, 10441
1.84, 10409
1.85, 10295
1.85, 10119
1.85, 10077
1.86, 9935
1.86, 9874
1.86, 9814
1.86, 9645
1.86, 9459
1.86, 9449
1.86, 9422
1.93, 9388
1.93, 9367
1.93, 9356
1.93, 9308
1.94, 9303
1.94, 9210
1.96, 9094
1.97, 9045
1.97, 9009
1.97, 8910
1.97, 8909
1.99, 8843
1.99, 8781
1.99, 8707
1.99, 8663
2.00, 8653
2.01, 8585
2.01, 8549
2.01, 8521
2.03, 8504
2.05, 8486
2.06, 8456
2.07, 8455
2.07, 8429
2.07, 8327
2.08, 8324
2.10, 8309
4.27, 8292
6.82, 8291
6.82, 8283
6.82, 8231
7.75, 8225
7.83, 8157
8.26, 8152
11.49, 8138
11.49, 8134
11.54, 8132
11.54, 8114
12.48, 8046
13.35, 8011
13.41, 8006
16.03, 8002
16.03, 7993
16.05, 7981
16.05, 7975
16.05, 7956
16.06, 7928
16.07, 7914
16.08, 7884
16.09, 7836
16.09, 7788
16.85, 7769
