0.00, 31272
0.00, 30969
0.00, 30821
0.00, 30417
0.00, 30295
0.00, 30163
0.00, 29964
0.00, 29956
0.00, 29769
0.00, 29761
0.00, 29109
0.00, 28975
0.00, 28096
0.00, 28090
0.00, 27984
0.00, 27921
0.00, 27499
0.00, 26928
0.00, 26747
0.00, 26263
0.00, 25517
0.00, 25505
0.01, 25288
0.01, 25252
0.01, 24903
0.01, 24786
0.03, 24582
0.03, 24492
0.03, 24392
0.05, 24145
0.05, 24144
0.05, 23917
0.34, 23769
0.34, 23154
1.25, 22884
1.30, 22847
1.30, 22638
1.30, 22566
1.34, 22334
1.36, 21856
1.37, 21835
1.37, 21653
1.37, 21291
1.37, 21262
1.37, 21243
1.37, 20673
1.39, 20636
1.39, 20546
1.39, 20461
1.41, 20404
1.41, 20342
1.41, 20309
1.41, 20282
1.41, 20183
1.41, 19826
1.41, 19549
1.41, 19392
1.41, 18671
1.48, 18379
1.48, 18281
1.48, 18184
1.48, 17945
1.48, 17657
1.48, 17543
1.48, 17492
1.48, 17421
1.48, 17323
1.48, 17169
1.48, 17128
1.49, 16962
1.49, 16877
1.49, 16714
1.49, 16688
1.51, 16451
1.51, 16386
1.51, 16246
1.52, 16231
1.52, 16208
1.52, 16203
1.52, 16081
1.52, 15981
1.52, 15942
1.52, 15487
1.52, 15078
1.52, 14849
1.52, 14834
1.54, 14772
1.54, 14512
1.56, 14362
1.58, 14181
1.58, 14175
1.58, 14079
1.58, 14017
1.58, 13946
1.58, 13729
1.58, 13531
1.58, 13449
1.58, 12940
1.58, 12881
1.58, 12672
1.59, 12591
1.59, 12564
1.59, 12072
1.59, 11935
1.59, 11652
1.59, 11589
1.59, 11543
1.59, 11502
1.60, 11411
1.62, 11404
1.62, 11238
1.62, 11182
1.62, 11161
1.62, 11102
1.64, 11091
1.64, 10882
1.64, 10824
1.64, 10715
1.64, 10519
1.64, 10278
1.67, 10199
1.68, 10152
1.68, 10151
1.68, 10004
1.68, 9722
1.68, 9604
1.68, 9551
1.68, 9465
1.68, 9464
1.70, 9240
1.70, 9206
1.70, 9138
1.71, 9127
1.71, 9110
1.71, 9109
1.72, 9102
1.72, 9008
1.72, 8871
1.73, 8763
1.73, 8751
1.73, 8698
1.73, 8649
1.74, 8602
1.74, 8577
1.74, 8567
1.75, 8506
1.75, 8487
1.75, 8483
1.75, 8475
1.76, 8439
1.76, 8430
1.76, 8398
1.76, 8355
1.77, 8317
1.77, 8313
1.77, 8303
1.77, 8298
1.77, 8295
1.78, 8290
1.78, 8288
1.78, 8282
1.78, 8254
1.79, 8228
1.81, 8175
1.81, 8147
1.81, 8138
1.82, 8120
1.86, 8116
1.87, 7980
1.89, 7977
1.92, 7970
1.95, 7963
2.86, 7833
3.88, 7832
