0.00, 30124
0.00, 29999
0.00, 29979
0.00, 29843
0.00, 29824
0.00, 29755
0.00, 29701
0.00, 29370
0.00, 29315
0.00, 29208
0.00, 28686
0.00, 28595
0.00, 28420
0.00, 28362
0.00, 27950
0.00, 27140
0.00, 27084
0.00, 26808
0.00, 26794
0.00, 26469
0.01, 26446
0.01, 26138
0.01, 25604
0.01, 25106
0.01, 25000
0.01, 24706
0.04, 24324
0.04, 24234
0.10, 24003
0.24, 23708
0.24, 23549
0.24, 23393
0.24, 23299
0.24, 22950
0.24, 22847
1.49, 22815
1.50, 22804
1.54, 22663
1.54, 22623
1.54, 22606
1.54, 22380
1.57, 22280
1.57, 21636
1.57, 21539
1.57, 21288
1.57, 21231
1.57, 21151
1.61, 21127
1.62, 21022
1.62, 20952
1.62, 20881
1.62, 20797
1.62, 20459
1.62, 20002
1.62, 19925
1.62, 19138
1.62, 19082
1.63, 18941
1.67, 18897
1.67, 18878
1.67, 18868
1.68, 18650
1.68, 18355
1.70, 18350
1.70, 18010
1.70, 17769
1.70, 17581
1.70, 17457
1.70, 17318
1.70, 17243
1.70, 17165
1.70, 17132
1.70, 17006
1.71, 16990
1.71, 16796
1.71, 16687
1.71, 16435
1.71, 16367
1.71, 16337
1.71, 16233
1.71, 16211
1.71, 16177
1.71, 16067
1.71, 15527
1.71, 15426
1.72, 15193
1.74, 15072
1.74, 15043
1.74, 14886
1.74, 14584
1.74, 14265
1.75, 14253
1.75, 14247
1.75, 14174
1.75, 14062
1.75, 14024
1.77, 13902
1.77, 13870
1.78, 13789
1.78, 13694
1.78, 13691
1.78, 13615
1.78, 13572
1.78, 13407
1.78, 13406
1.78, 13358
1.78, 13266
1.78, 13257
1.79, 13049
1.79, 13038
1.79, 12963
1.79, 12932
1.80, 12899
1.80, 12889
1.80, 12790
1.80, 12599
1.80, 12572
1.80, 12380
1.80, 12372
1.81, 12122
1.81, 11956
1.81, 11905
1.81, 11819
1.81, 11776
1.81, 11725
1.81, 11717
1.81, 11662
1.82, 11483
1.83, 11077
1.83, 11002
1.83, 10999
1.83, 10778
1.83, 10737
1.83, 10466
1.85, 10440
1.85, 10422
1.85, 10420
1.86, 10322
1.87, 10296
1.87, 10202
1.87, 10180
1.87, 9964
1.87, 9949
1.87, 9893
1.87, 9713
1.88, 9662
1.88, 9495
1.89, 9468
1.89, 9467
1.89, 9343
1.89, 9337
1.89, 9270
1.89, 9210
1.92, 9126
1.92, 8777
1.92, 8733
1.93, 8720
1.93, 8652
1.93, 8599
1.93, 8498
1.93, 8497
1.93, 8488
1.93, 8457
1.93, 8387
1.94, 8368
1.96, 8229
1.96, 8198
1.96, 8171
1.98, 8167
1.98, 8160
1.99, 8146
2.00, 8143
2.00, 8029
2.00, 8026
2.02, 8022
2.02, 8014
2.02, 7987
2.02, 7973
2.03, 7941
2.08, 7906
2.09, 7871
2.10, 7852
2.16, 7827
