0.00, 29444
0.00, 29415
0.00, 29170
0.00, 28808
0.00, 28710
0.00, 28220
0.00, 28092
0.00, 27330
0.00, 26991
0.01, 26091
0.01, 26090
0.01, 25833
0.01, 25466
0.01, 25238
0.01, 24885
0.01, 24795
0.01, 24478
0.14, 24417
0.14, 24387
0.20, 24159
0.20, 23852
0.20, 23574
0.36, 23438
0.36, 23353
0.39, 23249
1.43, 23190
1.43, 22946
1.49, 22438
1.55, 22186
1.55, 21800
1.55, 21564
1.58, 21470
1.58, 21340
1.58, 21024
1.58, 20856
1.58, 20479
1.58, 20476
1.62, 19721
1.62, 19704
1.62, 19598
1.64, 19578
1.64, 19372
1.68, 19307
1.68, 19263
1.68, 19050
1.68, 19037
1.68, 18907
1.69, 18687
1.69, 18232
1.69, 17953
1.69, 17941
1.69, 17374
1.71, 17158
1.71, 16930
1.71, 16915
1.71, 16888
1.72, 16698
1.72, 16624
1.72, 16616
1.72, 16601
1.72, 16503
1.72, 16377
1.72, 16359
1.72, 16130
1.72, 15990
1.75, 15848
1.75, 15833
1.75, 15811
1.75, 15725
1.75, 15660
1.75, 15500
1.75, 14992
1.75, 14906
1.75, 14505
1.75, 14321
1.75, 14183
1.75, 13961
1.75, 13918
1.77, 13886
1.77, 13667
1.77, 13657
1.77, 13391
1.77, 13222
1.77, 13082
1.79, 12753
1.79, 12734
1.79, 12686
1.79, 12650
1.80, 12456
1.83, 12441
1.83, 12223
1.83, 11963
1.84, 11926
1.84, 11802
1.84, 11791
1.84, 11698
1.84, 11595
1.84, 11401
1.84, 11230
1.85, 11190
1.85, 11175
1.85, 11066
1.85, 10938
1.86, 10549
1.86, 10537
1.86, 10428
1.87, 10336
1.87, 10315
1.87, 10266
1.87, 10097
1.87, 9906
1.87, 9725
1.87, 9661
1.91, 9653
1.92, 9591
1.92, 9425
1.92, 9372
1.92, 9335
1.92, 9196
1.92, 9159
1.93, 9089
1.93, 9062
1.93, 9028
1.93, 8985
1.93, 8977
1.93, 8872
1.93, 8869
1.93, 8861
2.00, 8832
2.00, 8822
2.00, 8789
2.01, 8785
2.02, 8708
2.02, 8660
2.02, 8568
2.02, 8501
2.15, 8414
2.15, 8257
2.16, 8256
2.59, 8255
3.52, 8232
6.75, 8230
6.76, 8204
6.76, 8169
6.86, 8159
6.93, 8141
7.60, 8136
8.31, 8119
17.30, 8118
