0.01, 26626
0.02, 25001
0.03, 23296
0.04, 21964
0.05, 20859
0.06, 19810
0.07, 18900
0.08, 18114
0.09, 17361
0.10, 16628
0.11, 15907
0.12, 15145
0.13, 14474
0.14, 13833
0.15, 13197
0.16, 12692
0.17, 12232
0.18, 11833
0.19, 11339
0.20, 10959
0.21, 10612
0.22, 10343
0.23, 10114
0.24, 9912
0.25, 9722
0.26, 9550
0.27, 9429
0.28, 9325
0.29, 9223
0.30, 9131
0.32, 9033
0.33, 8967
0.34, 8904
0.35, 8835
0.36, 8777
0.37, 8719
0.38, 8577
0.39, 8440
0.40, 8364
0.42, 8352
0.43, 8332
0.44, 8327
0.45, 8296
0.84, 8282
0.85, 8198
0.86, 8121
0.87, 8052
0.88, 7991
0.89, 7955
0.90, 7931
0.91, 7909
0.92, 7886
0.93, 7865
0.94, 7854
0.95, 7853
0.96, 7830
