0.00, 31232
0.00, 31096
0.00, 30796
0.00, 30784
0.00, 29522
0.00, 29515
0.00, 29493
0.00, 28495
0.00, 28377
0.00, 28072
0.00, 27349
0.00, 27332
0.00, 27271
0.00, 27261
0.01, 27209
0.01, 26898
0.01, 26706
0.01, 26705
0.01, 26494
0.01, 26025
0.02, 25743
0.02, 24900
0.02, 24845
0.02, 24649
0.02, 24345
0.02, 24275
0.10, 24178
0.11, 24083
0.11, 23920
0.11, 23186
0.11, 23176
0.11, 23171
0.38, 23120
0.41, 22786
1.46, 22337
1.47, 22222
1.58, 22219
1.58, 22056
1.60, 21831
1.60, 21589
1.60, 21499
1.61, 21450
1.61, 21128
1.61, 20894
1.62, 20247
1.62, 19777
1.65, 19608
1.65, 19514
1.65, 19513
1.65, 19343
1.65, 19294
1.68, 19066
1.68, 19062
1.69, 18848
1.69, 18351
1.69, 17922
1.71, 17886
1.71, 17858
1.71, 17750
1.71, 17647
1.71, 17481
1.71, 17470
1.71, 17024
1.71, 16562
1.71, 16424
1.71, 16298
1.71, 16240
1.71, 16120
1.71, 15636
1.71, 15573
1.76, 15500
1.76, 15441
1.76, 15419
1.76, 15276
1.76, 15150
1.76, 14889
1.76, 14837
1.76, 14726
1.76, 14572
1.76, 14166
1.76, 14139
1.76, 14081
1.76, 14017
1.76, 13959
1.76, 13943
1.77, 13830
1.77, 13800
1.79, 13652
1.79, 13482
1.83, 13269
1.83, 13112
1.83, 13105
1.83, 12952
1.83, 12879
1.83, 12866
1.83, 12795
1.84, 12608
1.84, 12526
1.86, 12374
1.86, 12340
1.86, 12298
1.86, 12172
1.86, 12083
1.86, 11995
1.86, 11506
1.86, 11489
1.86, 11192
1.89, 11010
1.89, 10999
1.89, 10828
1.89, 10744
1.89, 10586
1.89, 10409
1.89, 10324
1.89, 10254
1.90, 10196
1.90, 10195
1.90, 10167
1.90, 10139
1.90, 10068
1.90, 10059
1.90, 10049
1.92, 9967
1.92, 9880
1.92, 9869
1.92, 9613
1.92, 9503
1.92, 9491
1.92, 9158
1.93, 9106
1.93, 8975
1.98, 8878
1.98, 8874
1.98, 8846
1.98, 8831
1.99, 8736
2.00, 8709
2.00, 8667
2.00, 8660
2.00, 8585
2.01, 8571
2.03, 8499
2.05, 8496
2.05, 8455
2.05, 8320
2.05, 8252
2.10, 8196
2.11, 8175
2.13, 8152
2.13, 8151
2.13, 8144
2.13, 8119
2.14, 8114
2.15, 8104
2.25, 8103
2.30, 8013
2.80, 8007
6.89, 7986
6.89, 7981
6.90, 7949
9.42, 7938
9.91, 7903
16.54, 7902
16.80, 7899
16.82, 7855
16.83, 7850
16.88, 7836
16.90, 7799
17.35, 7788
18.57, 7787
18.59, 7565
