0.01, 28913
0.02, 27190
0.04, 25750
0.05, 24398
0.06, 23118
0.07, 22016
0.08, 20994
0.10, 19969
0.11, 18930
0.12, 18027
0.13, 17168
0.14, 16442
0.15, 15737
0.16, 15013
0.18, 14114
0.21, 13596
0.23, 13243
0.25, 12890
0.27, 12550
0.30, 12235
0.32, 11926
0.33, 11662
0.34, 11404
0.35, 11160
0.37, 10937
0.38, 10717
0.40, 10536
0.41, 10328
0.42, 10193
0.43, 10057
0.44, 9918
0.46, 9794
0.47, 9664
0.48, 9575
0.49, 9502
0.50, 9437
0.51, 9392
0.52, 9358
0.54, 9329
0.55, 9304
0.56, 9264
0.57, 8622
0.58, 8437
0.59, 8403
0.60, 8291
0.61, 8272
0.62, 8254
0.63, 8185
0.64, 8145
0.66, 8140
1.21, 8067
1.22, 7938
1.23, 7930
