0.00, 31073
0.00, 30666
0.00, 30432
0.00, 30122
0.00, 30024
0.00, 29732
0.00, 29690
0.00, 29188
0.00, 29082
0.00, 28970
0.00, 28928
0.00, 28395
0.00, 28347
0.00, 28341
0.00, 28099
0.00, 27930
0.00, 27697
0.00, 27618
0.00, 27602
0.01, 26821
0.01, 26039
0.01, 25750
0.01, 25687
0.01, 25340
0.01, 25329
0.01, 24841
0.12, 24840
0.15, 24350
0.20, 24115
0.20, 24032
0.20, 23907
0.20, 23771
0.25, 23639
0.25, 23599
0.90, 23592
0.91, 23582
0.91, 23349
1.12, 23142
1.28, 22804
1.28, 22766
1.45, 22481
1.46, 22399
1.49, 22247
1.49, 22237
1.50, 22091
1.51, 22045
1.51, 21873
1.51, 21623
1.51, 21467
1.52, 21330
1.52, 20994
1.52, 20907
1.52, 20665
1.52, 20542
1.52, 20200
1.58, 20022
1.62, 19859
1.62, 19722
1.63, 19434
1.63, 19358
1.63, 19319
1.63, 18294
1.64, 18231
1.64, 18139
1.65, 18071
1.65, 17930
1.65, 17906
1.65, 17851
1.66, 17619
1.67, 17551
1.67, 17540
1.67, 17391
1.67, 17252
1.67, 16993
1.67, 16826
1.67, 16298
1.67, 16011
1.67, 15977
1.71, 15923
1.72, 15676
1.72, 15656
1.72, 15503
1.72, 15478
1.72, 15387
1.73, 15349
1.73, 15033
1.73, 14848
1.73, 14802
1.74, 14656
1.74, 14590
1.74, 14528
1.74, 14451
1.74, 14439
1.74, 14219
1.74, 14152
1.74, 13886
1.74, 13870
1.74, 13656
1.74, 13566
1.74, 13497
1.75, 13326
1.75, 13319
1.75, 13291
1.75, 13214
1.75, 12928
1.75, 12835
1.79, 12614
1.79, 12606
1.81, 12595
1.81, 12459
1.81, 12370
1.82, 12207
1.82, 12109
1.82, 12041
1.82, 11838
1.82, 11453
1.82, 11393
1.82, 11370
1.82, 11114
1.82, 11087
1.82, 10893
1.82, 10767
1.86, 10723
1.86, 10669
1.87, 10619
1.87, 10609
1.87, 10586
1.87, 10503
1.87, 10435
1.87, 10387
1.87, 10277
1.87, 9955
1.87, 9922
1.88, 9853
1.88, 9842
1.88, 9806
1.88, 9746
1.90, 9733
1.91, 9730
1.91, 9690
1.91, 9682
1.91, 9620
1.91, 9591
1.91, 9522
1.91, 9512
1.91, 9251
1.91, 9245
1.97, 9224
1.97, 9214
1.97, 9124
1.97, 9075
1.97, 9066
1.97, 9042
1.97, 9007
1.97, 8859
1.98, 8857
2.01, 8766
2.01, 8750
2.01, 8749
2.01, 8697
2.02, 8640
2.02, 8635
2.02, 8534
2.05, 8483
2.05, 8447
2.05, 8434
2.06, 8409
2.06, 8404
2.15, 8346
2.16, 8344
2.16, 8322
2.17, 8299
3.09, 8280
8.28, 8188
8.49, 8177
11.56, 8134
11.57, 8117
11.57, 7986
11.57, 7954
11.57, 7935
11.57, 7908
11.57, 7872
11.59, 7831
11.59, 7802
11.60, 7780
11.60, 7753
11.68, 7747
11.69, 7618
11.70, 7593
12.23, 7582
12.32, 7577
12.68, 7542
