0.00, 29785
0.00, 29723
0.00, 29718
0.00, 29434
0.00, 29431
0.00, 29293
0.00, 28151
0.00, 28087
0.00, 27864
0.00, 27663
0.01, 27619
0.01, 27344
0.01, 27288
0.01, 27087
0.02, 26325
0.02, 26136
0.02, 25831
0.02, 25754
0.02, 25074
0.02, 24499
0.04, 23729
0.11, 23231
1.31, 23102
1.31, 23005
1.31, 22789
1.31, 22699
1.31, 22569
1.31, 22565
1.31, 22509
1.34, 22007
1.34, 21910
1.34, 21222
1.34, 20921
1.37, 20798
1.37, 20777
1.37, 20766
1.37, 20748
1.39, 20695
1.40, 20684
1.41, 20606
1.41, 20588
1.41, 20526
1.41, 20273
1.41, 20242
1.41, 20213
1.41, 19978
1.41, 19891
1.41, 19282
1.44, 18929
1.44, 18888
1.44, 18596
1.44, 18269
1.45, 18261
1.45, 18204
1.45, 17880
1.45, 17805
1.45, 17752
1.46, 17652
1.46, 17235
1.46, 16859
1.46, 16746
1.49, 16632
1.50, 16549
1.50, 16493
1.50, 16384
1.50, 16135
1.51, 15722
1.51, 15563
1.51, 15107
1.52, 15095
1.52, 15068
1.52, 14781
1.52, 14512
1.52, 14435
1.52, 14201
1.55, 14166
1.56, 14160
1.56, 14066
1.56, 13643
1.56, 13328
1.56, 13269
1.56, 13219
1.56, 13183
1.56, 12959
1.56, 12927
1.56, 12789
1.56, 12621
1.56, 12581
1.56, 12502
1.56, 12417
1.56, 12380
1.56, 12337
1.58, 12324
1.58, 12260
1.58, 12238
1.58, 12144
1.58, 11984
1.60, 11891
1.60, 11858
1.60, 11782
1.60, 11752
1.60, 11733
1.60, 11602
1.60, 11515
1.60, 11509
1.60, 11289
1.60, 11121
1.60, 11081
1.60, 10950
1.60, 10937
1.60, 10933
1.63, 10786
1.64, 10689
1.64, 10615
1.64, 10393
1.64, 10335
1.64, 10308
1.64, 10248
1.64, 10236
1.64, 10191
1.64, 10179
1.64, 10177
1.64, 10176
1.64, 9983
1.66, 9976
1.66, 9974
1.66, 9959
1.66, 9945
1.66, 9921
1.66, 9920
1.66, 9913
1.66, 9879
1.66, 9835
1.66, 9813
1.66, 9787
1.68, 9557
1.68, 9547
1.68, 9404
1.68, 9377
1.68, 9370
1.68, 9361
1.68, 9186
1.68, 9142
1.68, 9089
1.68, 8891
1.68, 8883
1.68, 8854
1.70, 8840
1.70, 8770
1.70, 8720
1.71, 8464
1.71, 8442
1.72, 8394
1.72, 8384
1.72, 8371
1.73, 8356
1.73, 8344
1.73, 8328
1.76, 8303
1.76, 8253
1.76, 8249
1.76, 8227
1.76, 8221
1.76, 8048
1.76, 8019
1.76, 7992
1.76, 7941
1.77, 7918
1.78, 7891
1.82, 7848
1.82, 7825
1.83, 7779
6.76, 7723
7.44, 7722
8.49, 7700
8.50, 7695
