0.00, 31073
0.00, 30666
0.00, 30432
0.00, 30122
0.00, 30024
0.00, 29732
0.00, 29690
0.00, 29188
0.00, 29082
0.00, 28970
0.00, 28928
0.00, 28395
0.00, 28347
0.00, 28341
0.00, 28099
0.00, 27930
0.00, 27697
0.00, 27618
0.00, 27602
0.01, 26821
0.01, 26039
0.01, 25750
0.01, 25687
0.01, 25340
0.01, 25329
0.01, 24841
0.15, 24840
0.17, 24350
0.23, 24115
0.23, 24032
0.23, 23907
0.23, 23771
0.32, 23439
0.38, 23339
0.39, 23277
0.39, 23269
0.39, 22887
0.39, 22727
0.39, 22683
0.39, 22362
0.39, 22190
0.39, 22076
0.39, 21611
0.39, 21290
0.39, 21011
0.40, 20930
0.40, 20857
0.40, 20849
0.40, 20781
0.40, 20760
0.40, 20514
0.40, 20173
0.40, 20001
0.40, 19921
0.40, 19881
0.40, 19845
0.40, 19794
0.40, 19093
0.40, 18665
0.40, 18532
0.41, 18293
0.41, 18283
0.41, 18153
0.41, 18071
0.41, 18050
0.41, 17338
0.41, 17284
0.41, 17282
0.41, 16897
0.41, 16755
0.41, 16532
0.41, 16439
0.41, 16358
0.41, 16207
0.41, 16184
0.41, 16107
0.41, 16065
0.41, 15966
0.41, 15855
0.41, 15778
0.42, 15308
0.42, 15198
0.42, 14982
0.42, 14752
0.42, 14738
0.42, 14694
0.42, 14485
0.42, 14475
0.43, 14344
0.43, 13920
0.43, 13903
0.43, 13883
0.43, 13791
0.43, 13784
0.43, 13776
0.43, 13652
0.43, 13518
0.43, 13404
0.43, 13117
0.43, 12804
0.43, 12719
0.43, 12549
0.43, 12438
0.43, 12423
0.43, 12420
0.43, 12400
0.43, 12333
0.43, 12051
0.43, 11892
0.43, 11866
0.43, 11801
0.44, 11660
0.44, 11432
0.44, 11253
0.44, 11157
0.44, 11012
0.44, 10944
0.44, 10894
0.44, 10827
0.44, 10792
0.44, 10745
0.44, 10587
0.44, 10537
0.44, 10503
0.44, 10434
0.44, 10375
0.44, 10359
0.45, 10242
0.45, 10113
0.45, 10100
0.45, 9905
0.45, 9862
0.45, 9859
0.45, 9800
0.46, 9768
0.46, 9758
0.46, 9711
0.46, 9697
0.46, 9583
0.46, 9437
0.46, 9427
0.46, 9387
0.46, 9344
0.46, 9307
0.47, 9298
0.47, 9283
0.47, 9211
0.47, 9205
0.48, 9165
0.48, 9162
0.49, 9070
0.81, 9038
1.53, 8970
1.54, 8963
1.54, 8957
1.54, 8815
1.54, 8805
1.54, 8769
1.54, 8702
1.54, 8693
1.54, 8692
1.54, 8657
1.55, 8614
1.55, 8587
1.55, 8512
1.55, 8416
1.55, 8365
1.57, 8338
1.57, 8310
1.57, 8309
1.58, 8302
1.58, 8300
1.58, 8260
1.58, 8241
1.60, 8237
1.60, 8194
1.60, 8191
1.71, 8186
1.74, 8161
1.99, 8160
