0.01, 29241
0.02, 27495
0.03, 25908
0.04, 24468
0.05, 23102
0.06, 21844
0.07, 20729
0.08, 19748
0.09, 18821
0.10, 17942
0.11, 17177
0.12, 16452
0.13, 15798
0.14, 15178
0.15, 14604
0.16, 14084
0.17, 13241
0.18, 12760
0.19, 12324
0.20, 11935
0.21, 11595
0.22, 11275
0.23, 10960
0.24, 10652
0.25, 10342
0.26, 10075
0.27, 9781
0.28, 9595
0.29, 9428
0.30, 9269
0.31, 9139
0.32, 9017
0.33, 8908
0.34, 8774
0.35, 8679
0.36, 8605
0.37, 8562
0.38, 8520
0.39, 8497
0.40, 8477
0.41, 8375
0.42, 8296
0.43, 8235
0.44, 8216
0.45, 8197
0.46, 8191
0.47, 8186
1.33, 8120
1.34, 8055
1.35, 8015
1.36, 7994
1.37, 7986
1.38, 7985
