0.01, 27275
0.02, 25497
0.04, 23953
0.05, 22405
0.06, 21000
0.07, 19689
0.08, 18463
0.10, 17443
0.11, 16406
0.12, 15483
0.13, 14882
0.14, 14354
0.15, 13853
0.16, 13411
0.17, 12973
0.18, 12561
0.19, 12144
0.20, 11760
0.21, 11426
0.22, 11087
0.23, 10791
0.25, 10497
0.26, 10205
0.27, 9954
0.28, 9758
0.29, 9583
0.29, 9409
0.30, 9263
0.31, 9123
0.32, 9028
0.33, 8938
0.34, 8849
0.35, 8762
0.36, 8689
0.37, 8631
0.38, 8582
0.39, 8544
0.40, 8472
0.41, 8300
0.42, 8277
0.43, 8260
0.44, 8184
0.46, 8169
0.47, 8152
0.48, 8145
0.49, 8139
0.50, 8119
0.51, 8108
1.46, 8095
1.47, 8030
1.48, 7987
1.50, 7952
1.51, 7912
1.52, 7866
1.53, 7847
1.54, 7830
1.56, 7820
1.57, 7816
