0.01, 29059
0.02, 27498
0.03, 26002
0.05, 24809
0.06, 23691
0.07, 22621
0.08, 21592
0.09, 20628
0.10, 19759
0.11, 18892
0.12, 18086
0.14, 17233
0.15, 16368
0.16, 15636
0.17, 14952
0.18, 14348
0.19, 13876
0.20, 13438
0.21, 13014
0.23, 12559
0.24, 12174
0.25, 11805
0.26, 11446
0.27, 11021
0.28, 10708
0.29, 10466
0.30, 10292
0.31, 10145
0.33, 10005
0.34, 9838
0.35, 9709
0.36, 9542
0.37, 9243
0.38, 9123
0.39, 8977
0.40, 8871
0.42, 8789
0.43, 8719
0.44, 8650
0.45, 8547
0.46, 8474
0.47, 8408
0.48, 8355
0.49, 8303
0.50, 8175
0.51, 8026
0.53, 8009
0.54, 8004
0.55, 8000
0.56, 7962
0.57, 7961
0.58, 7938
1.08, 7910
1.09, 7888
1.10, 7868
1.11, 7839
1.12, 7820
