0.00, 31791
0.00, 31410
0.00, 31375
0.00, 31248
0.00, 31220
0.00, 31182
0.00, 30630
0.00, 30409
0.00, 30336
0.00, 30230
0.00, 30210
0.00, 30153
0.00, 30140
0.00, 29645
0.00, 29381
0.00, 29326
0.00, 28707
0.00, 28668
0.00, 28343
0.00, 27666
0.00, 27628
0.00, 27570
0.00, 27156
0.00, 27076
0.00, 26649
0.00, 26460
0.00, 25687
0.00, 24723
0.00, 24563
0.00, 24049
0.01, 24011
0.13, 23963
0.13, 23742
0.37, 23129
0.49, 23085
0.49, 23071
0.76, 22684
0.76, 22447
0.76, 22196
1.43, 21786
1.43, 21719
1.43, 21717
1.50, 21669
1.51, 21488
1.57, 21319
1.57, 20791
1.57, 20740
1.57, 20421
1.58, 20412
1.58, 20105
1.58, 20037
1.58, 19489
1.58, 19406
1.64, 19382
1.64, 19087
1.64, 19084
1.64, 18997
1.64, 18582
1.64, 18472
1.64, 18362
1.64, 18254
1.64, 18128
1.64, 18034
1.64, 17763
1.64, 17689
1.64, 17528
1.64, 17424
1.64, 17423
1.67, 17131
1.67, 17117
1.70, 17092
1.70, 16953
1.70, 16756
1.70, 16677
1.70, 16486
1.70, 16476
1.70, 16418
1.72, 16351
1.72, 16014
1.72, 15945
1.72, 15725
1.72, 15676
1.72, 15234
1.72, 15095
1.73, 14898
1.73, 14875
1.73, 14806
1.73, 14678
1.73, 14481
1.73, 14308
1.73, 14247
1.73, 13990
1.73, 13816
1.76, 13760
1.76, 13699
1.76, 13529
1.76, 13368
1.76, 13281
1.76, 13104
1.77, 13078
1.77, 13069
1.77, 12966
1.78, 12890
1.79, 12872
1.79, 12659
1.79, 12570
1.79, 12550
1.79, 12486
1.79, 12431
1.79, 12257
1.79, 12143
1.79, 12126
1.79, 11959
1.79, 11906
1.79, 11792
1.82, 11781
1.82, 11747
1.83, 11722
1.83, 11640
1.83, 11594
1.83, 11585
1.83, 11576
1.83, 11444
1.84, 11390
1.84, 11335
1.84, 11272
1.84, 11079
1.84, 11056
1.84, 11050
1.84, 11023
1.84, 11000
1.88, 10776
1.88, 10747
1.88, 10677
1.89, 10593
1.89, 10561
1.89, 10418
1.89, 10389
1.89, 10367
1.90, 10366
1.90, 10252
1.90, 10184
1.90, 10177
1.90, 10094
1.90, 10051
1.90, 10045
1.91, 9945
1.91, 9854
1.92, 9853
1.92, 9693
1.92, 9633
1.92, 9547
1.93, 9527
1.93, 9490
1.93, 9481
1.93, 9366
1.93, 9338
1.94, 9329
1.94, 9247
1.94, 9228
1.94, 9157
1.94, 9103
1.94, 9089
1.94, 9047
1.94, 9026
1.94, 9005
1.95, 8937
1.95, 8917
1.97, 8898
1.97, 8890
1.97, 8850
1.97, 8849
1.97, 8798
1.97, 8788
1.99, 8787
1.99, 8738
1.99, 8654
1.99, 8634
1.99, 8620
1.99, 8610
1.99, 8443
1.99, 8333
1.99, 8270
1.99, 8245
2.17, 8229
2.44, 8180
2.44, 8036
2.45, 7957
3.22, 7871
4.38, 7769
4.41, 7734
