0.00, 31627
0.00, 31576
0.00, 31336
0.00, 31109
0.00, 30424
0.00, 30290
0.00, 29773
0.00, 29673
0.00, 29113
0.00, 29111
0.00, 28841
0.00, 28347
0.00, 28136
0.00, 27746
0.00, 27656
0.00, 27431
0.00, 27230
0.00, 26724
0.00, 26514
0.00, 26335
0.00, 26103
0.00, 25778
0.00, 25637
0.00, 25591
0.00, 25039
0.02, 25022
0.02, 24869
0.02, 24459
0.02, 24416
0.02, 24312
0.04, 24101
0.04, 24055
0.55, 24038
0.55, 23655
0.73, 23487
0.73, 23261
0.97, 22970
1.08, 22866
1.08, 22497
1.50, 22477
1.50, 21898
1.50, 21424
1.50, 20968
1.50, 20833
1.62, 20658
1.62, 20436
1.62, 20256
1.62, 19818
1.62, 19624
1.62, 19514
1.62, 19312
1.66, 19023
1.68, 19014
1.68, 18991
1.68, 18607
1.68, 18311
1.68, 18188
1.69, 18124
1.69, 18123
1.69, 17933
1.69, 17901
1.69, 17701
1.69, 17584
1.69, 17519
1.69, 17309
1.70, 16882
1.70, 16874
1.72, 16645
1.72, 16416
1.72, 16372
1.72, 16353
1.72, 15863
1.72, 15830
1.72, 15722
1.76, 15604
1.76, 15497
1.76, 15441
1.76, 15279
1.77, 15205
1.77, 14742
1.77, 14736
1.77, 14576
1.77, 14468
1.77, 14250
1.78, 14226
1.78, 14171
1.78, 13864
1.79, 13778
1.80, 13556
1.80, 13544
1.80, 13084
1.80, 12747
1.80, 12736
1.84, 12642
1.84, 12601
1.84, 12399
1.84, 12376
1.84, 12328
1.84, 12302
1.84, 12215
1.86, 12116
1.86, 11983
1.86, 11920
1.86, 11850
1.86, 11833
1.86, 11757
1.86, 11539
1.86, 11442
1.86, 11415
1.88, 11376
1.88, 11249
1.88, 11153
1.89, 11116
1.89, 11050
1.89, 11048
1.89, 11015
1.90, 10955
1.90, 10826
1.90, 10823
1.90, 10741
1.91, 10697
1.91, 10651
1.91, 10641
1.91, 10572
1.91, 10518
1.91, 10477
1.91, 10463
1.91, 10265
1.92, 10183
1.92, 10145
1.92, 10012
1.92, 10001
1.92, 9972
1.96, 9971
1.96, 9860
1.96, 9821
1.96, 9815
1.96, 9796
1.96, 9788
1.96, 9671
1.96, 9625
1.96, 9605
1.96, 9584
1.96, 9564
1.96, 9562
1.96, 9549
1.97, 9447
1.97, 9378
1.97, 9326
1.97, 9267
1.98, 9254
1.98, 9232
1.99, 9206
1.99, 9202
1.99, 9030
1.99, 8852
1.99, 8787
1.99, 8777
1.99, 8606
1.99, 8589
2.00, 8501
2.04, 8492
2.04, 8422
2.04, 8417
2.05, 8392
2.05, 8354
2.06, 8331
2.06, 8310
2.06, 8309
2.08, 8291
2.09, 8252
2.09, 8251
2.09, 8239
2.09, 8230
2.10, 8225
2.10, 8223
2.10, 8203
2.10, 8175
2.12, 8140
2.13, 8103
2.15, 8091
2.62, 8034
2.65, 7812
2.75, 7811
4.65, 7792
4.81, 7787
16.44, 7755
16.45, 7707
16.46, 7700
16.47, 7566
16.80, 7561
18.57, 7542
