0.00, 29492
0.00, 28768
0.00, 28753
0.00, 28686
0.00, 28627
0.00, 28616
0.00, 28327
0.00, 28219
0.00, 27857
0.00, 27813
0.00, 27643
0.00, 26881
0.00, 26720
0.00, 26416
0.00, 25720
0.00, 25548
0.00, 25547
0.00, 25330
0.01, 25229
0.09, 24563
0.09, 24170
0.09, 23946
0.21, 23797
0.22, 23194
0.46, 23140
0.46, 22818
0.95, 22616
1.24, 22261
1.24, 21933
1.35, 21588
1.37, 20525
1.37, 20328
1.37, 20262
1.37, 20153
1.37, 20139
1.48, 20084
1.48, 19944
1.49, 19214
1.49, 18903
1.51, 18708
1.51, 18296
1.51, 18221
1.51, 18123
1.51, 17935
1.51, 17597
1.51, 17343
1.51, 17307
1.51, 16395
1.51, 16301
1.52, 16282
1.52, 16221
1.52, 16006
1.54, 15850
1.54, 15736
1.54, 15644
1.54, 15305
1.54, 15276
1.54, 15239
1.57, 14965
1.57, 14901
1.57, 14865
1.57, 14617
1.57, 14551
1.57, 14407
1.57, 14308
1.57, 14246
1.59, 14199
1.59, 14106
1.60, 14075
1.60, 14072
1.60, 13853
1.60, 13817
1.60, 13798
1.60, 13743
1.60, 13504
1.60, 13444
1.60, 13323
1.60, 13164
1.60, 13102
1.60, 12930
1.60, 12704
1.60, 12648
1.64, 12531
1.64, 12457
1.64, 12394
1.64, 12385
1.64, 12278
1.64, 12259
1.64, 12223
1.64, 12146
1.64, 12060
1.64, 11975
1.64, 11822
1.64, 11737
1.64, 11736
1.64, 11454
1.64, 11316
1.64, 11228
1.64, 11205
1.64, 11096
1.64, 11054
1.64, 11041
1.64, 10726
1.72, 10515
1.72, 10505
1.72, 10463
1.72, 10455
1.73, 10446
1.73, 10394
1.73, 10248
1.73, 10187
1.73, 9995
1.74, 9865
1.74, 9583
1.74, 9508
1.74, 9442
1.74, 9441
1.74, 9410
1.75, 9391
1.75, 9339
1.75, 9253
1.75, 9233
1.75, 9200
1.75, 9041
1.75, 9040
1.75, 8984
1.75, 8865
1.75, 8775
1.75, 8769
1.75, 8651
1.76, 8613
1.76, 8569
1.76, 8565
1.79, 8544
1.79, 8536
1.79, 8450
1.79, 8331
1.79, 8248
1.79, 8222
1.79, 8206
1.80, 8167
1.80, 8144
1.80, 8021
1.80, 7997
1.81, 7996
1.81, 7943
1.81, 7919
1.82, 7917
1.82, 7854
1.82, 7848
1.82, 7841
1.87, 7815
1.87, 7773
1.97, 7750
1.97, 7717
1.99, 7681
2.00, 7648
2.44, 7576
4.21, 7565
4.61, 7542
