0.00, 29236
0.00, 29161
0.00, 28939
0.00, 28095
0.00, 28013
0.00, 27460
0.00, 27441
0.00, 27373
0.00, 26096
0.04, 25904
0.04, 25674
0.05, 25528
0.05, 25181
0.05, 24985
0.07, 24948
0.08, 24417
0.08, 24372
0.09, 24223
0.38, 24180
0.41, 24147
0.41, 23695
0.44, 23327
0.44, 23219
0.44, 22860
1.05, 22533
1.44, 22317
1.44, 22234
1.44, 22190
1.44, 21684
1.46, 21387
1.46, 21243
1.46, 21190
1.49, 20955
1.49, 20789
1.49, 20674
1.49, 20014
1.49, 19835
1.54, 19831
1.54, 19600
1.54, 19499
1.54, 19219
1.54, 19051
1.54, 18910
1.54, 18873
1.54, 18703
1.54, 18684
1.59, 18581
1.59, 18347
1.59, 17948
1.59, 17944
1.59, 17708
1.59, 17700
1.59, 17544
1.59, 17419
1.61, 17217
1.61, 17185
1.61, 16989
1.61, 16785
1.62, 16752
1.62, 16691
1.62, 16469
1.62, 16111
1.62, 16107
1.64, 16060
1.64, 16050
1.64, 15573
1.64, 15372
1.64, 15348
1.64, 15298
1.64, 14979
1.64, 14978
1.64, 14911
1.64, 14850
1.64, 14625
1.64, 14606
1.65, 14555
1.65, 14542
1.65, 14321
1.65, 14309
1.65, 14033
1.65, 13948
1.65, 13613
1.66, 13411
1.66, 13275
1.69, 13141
1.69, 12875
1.69, 12816
1.69, 12791
1.69, 12787
1.69, 12770
1.70, 12723
1.70, 12710
1.70, 12606
1.70, 12239
1.74, 12221
1.74, 12157
1.74, 12083
1.74, 12039
1.74, 11961
1.75, 11788
1.75, 11784
1.75, 11710
1.75, 11686
1.75, 11677
1.75, 11626
1.75, 11589
1.75, 11579
1.75, 11545
1.76, 11517
1.76, 11467
1.76, 11417
1.76, 11411
1.76, 11271
1.76, 11251
1.77, 11134
1.77, 11118
1.78, 11083
1.78, 10808
1.78, 10693
1.78, 10603
1.78, 10544
1.78, 10501
1.78, 10388
1.78, 10358
1.78, 10303
1.78, 10140
1.78, 10042
1.78, 10037
1.78, 10009
1.78, 9897
1.78, 9860
1.78, 9688
1.78, 9678
1.78, 9598
1.79, 9595
1.79, 9469
1.79, 9391
1.85, 9332
1.85, 9186
1.85, 9101
1.85, 8935
1.86, 8901
1.87, 8854
1.87, 8832
1.88, 8788
1.88, 8706
1.88, 8687
1.89, 8684
1.89, 8624
1.89, 8590
1.89, 8585
1.92, 8488
1.92, 8459
1.93, 8383
1.93, 8250
1.93, 8169
2.00, 8154
2.03, 8136
2.05, 8132
2.05, 8122
2.06, 8116
2.06, 8090
2.59, 8079
6.83, 8074
6.85, 8065
6.87, 7950
6.90, 7878
7.44, 7855
8.13, 7836
11.57, 7801
11.65, 7755
11.66, 7751
11.71, 7664
11.71, 7663
11.77, 7623
12.00, 7566
12.43, 7543
