0.00, 31427
0.00, 31102
0.00, 30863
0.00, 30496
0.00, 30421
0.00, 30337
0.00, 30298
0.00, 29930
0.00, 29910
0.00, 29060
0.00, 28967
0.00, 28846
0.00, 28053
0.00, 27136
0.00, 27133
0.00, 26812
0.00, 26600
0.00, 26599
0.00, 26384
0.00, 26357
0.00, 26071
0.00, 26057
0.00, 25435
0.00, 24824
0.00, 24817
0.00, 24596
0.00, 24215
0.00, 24199
0.00, 24128
0.19, 24007
0.19, 23598
0.19, 23571
1.09, 23108
1.14, 22893
1.14, 22844
1.18, 22611
1.18, 22169
1.18, 22058
1.18, 21807
1.38, 21709
1.38, 21601
1.38, 21469
1.41, 21103
1.41, 20882
1.45, 20506
1.45, 20283
1.45, 20282
1.46, 20277
1.46, 20000
1.47, 19715
1.47, 19646
1.47, 19186
1.47, 19171
1.47, 19098
1.47, 18824
1.48, 18475
1.48, 18413
1.48, 18366
1.48, 18172
1.48, 18038
1.48, 17945
1.50, 17821
1.50, 17713
1.50, 17344
1.50, 17322
1.51, 16807
1.51, 16724
1.51, 16475
1.51, 16399
1.51, 16289
1.51, 16172
1.55, 16108
1.55, 15847
1.55, 15818
1.55, 15472
1.55, 15238
1.55, 15171
1.55, 15073
1.55, 14666
1.55, 14538
1.55, 14516
1.57, 14477
1.57, 14420
1.57, 14415
1.57, 14353
1.57, 14294
1.58, 13962
1.58, 13829
1.58, 13814
1.58, 13736
1.58, 13696
1.58, 13567
1.58, 13447
1.58, 13435
1.58, 13325
1.58, 12960
1.58, 12947
1.59, 12881
1.59, 12870
1.59, 12868
1.59, 12687
1.59, 12676
1.59, 12616
1.59, 12410
1.59, 12397
1.63, 12350
1.63, 12109
1.63, 12056
1.63, 12050
1.63, 11990
1.64, 11903
1.64, 11856
1.64, 11845
1.64, 11524
1.64, 11419
1.64, 11300
1.64, 11292
1.64, 11184
1.64, 10962
1.64, 10882
1.64, 10875
1.64, 10425
1.64, 10372
1.64, 10078
1.64, 10042
1.64, 9906
1.67, 9900
1.67, 9885
1.70, 9830
1.70, 9792
1.70, 9732
1.71, 9673
1.71, 9608
1.71, 9532
1.71, 9489
1.71, 9468
1.71, 9439
1.72, 9394
1.72, 9226
1.72, 9224
1.72, 9222
1.72, 9165
1.73, 9144
1.75, 9110
1.76, 9076
1.76, 9024
1.76, 8962
1.76, 8919
1.76, 8812
1.76, 8754
1.76, 8738
1.76, 8737
1.76, 8705
1.77, 8696
1.77, 8619
1.77, 8584
1.78, 8569
1.78, 8547
1.78, 8535
1.78, 8525
1.79, 8492
1.79, 8436
1.79, 8371
1.82, 8357
1.82, 8339
1.82, 8329
1.82, 8303
1.84, 8289
1.84, 8042
1.85, 7907
1.95, 7877
1.96, 7850
2.15, 7845
2.16, 7834
6.60, 7822
6.63, 7721
6.63, 7678
6.67, 7673
6.70, 7653
16.63, 7641
