0.01, 27358
0.02, 25809
0.03, 24422
0.04, 23037
0.05, 21806
0.07, 20591
0.08, 19438
0.09, 18545
0.10, 17570
0.11, 16808
0.12, 16053
0.13, 15342
0.15, 14701
0.16, 14073
0.17, 13463
0.18, 12858
0.19, 12390
0.21, 11943
0.22, 11596
0.23, 11283
0.24, 10972
0.25, 10721
0.26, 10448
0.28, 10200
0.29, 9912
0.30, 9611
0.31, 9437
0.32, 9284
0.33, 9145
0.34, 9006
0.36, 8892
0.37, 8791
0.38, 8712
0.39, 8641
0.40, 8572
0.41, 8514
0.42, 8465
0.44, 8418
0.45, 8398
0.46, 8385
0.47, 8376
0.48, 8245
0.49, 8241
0.50, 8235
0.51, 8234
0.52, 8211
0.92, 8191
0.94, 8168
1.37, 8166
1.38, 8110
1.40, 8058
1.41, 8019
1.42, 7969
1.43, 7939
1.44, 7916
1.45, 7907
1.46, 7876
