0.00, 31131
0.00, 31061
0.00, 30731
0.00, 30430
0.00, 29246
0.00, 29229
0.00, 29118
0.00, 28876
0.00, 28218
0.00, 27975
0.00, 27832
0.00, 27806
0.00, 27583
0.00, 27200
0.00, 25762
0.00, 25577
0.00, 25460
0.01, 25386
0.03, 24938
0.03, 24871
0.03, 24649
0.03, 24526
0.10, 24115
0.10, 23586
0.10, 23209
0.10, 22699
0.76, 22678
1.49, 22128
1.49, 22116
1.50, 21757
1.50, 21691
1.50, 21459
1.50, 21274
1.53, 21195
1.53, 20699
1.53, 20585
1.55, 20520
1.56, 20120
1.59, 20020
1.61, 19786
1.61, 19738
1.61, 19711
1.61, 19683
1.61, 19365
1.61, 19047
1.61, 18813
1.61, 18550
1.61, 18543
1.61, 18482
1.61, 18340
1.61, 18257
1.61, 18199
1.61, 18135
1.61, 18025
1.63, 17982
1.63, 17882
1.63, 17717
1.63, 17636
1.63, 17532
1.64, 17214
1.64, 17195
1.64, 17123
1.64, 17095
1.64, 16681
1.64, 16622
1.64, 16374
1.64, 15800
1.66, 15760
1.66, 15612
1.66, 15553
1.66, 15381
1.66, 15040
1.67, 15028
1.67, 14949
1.67, 14913
1.67, 14902
1.68, 14888
1.68, 14849
1.68, 14512
1.68, 14511
1.68, 14450
1.70, 14330
1.70, 14277
1.70, 14272
1.70, 14263
1.70, 14230
1.70, 13804
1.70, 13643
1.70, 13546
1.70, 13529
1.70, 13520
1.70, 13401
1.71, 13357
1.71, 13145
1.71, 12950
1.71, 12859
1.71, 12813
1.72, 12750
1.72, 12746
1.72, 12659
1.72, 12421
1.72, 12411
1.72, 12289
1.72, 12244
1.72, 12149
1.72, 12057
1.72, 12048
1.72, 12043
1.72, 12013
1.75, 11944
1.75, 11851
1.75, 11285
1.75, 11281
1.78, 11272
1.78, 11213
1.78, 11144
1.80, 11143
1.80, 11087
1.80, 11070
1.80, 11014
1.80, 10688
1.81, 10653
1.81, 10588
1.81, 10229
1.81, 10079
1.81, 10021
1.81, 10010
1.81, 10007
1.81, 9997
1.81, 9976
1.81, 9915
1.81, 9796
1.82, 9779
1.82, 9707
1.82, 9526
1.82, 9491
1.82, 9451
1.82, 9352
1.82, 9241
1.82, 9221
1.82, 9077
1.83, 9061
1.83, 8960
1.83, 8905
1.83, 8889
1.83, 8840
1.83, 8734
1.84, 8624
1.84, 8579
1.84, 8520
1.84, 8494
1.84, 8465
1.84, 8446
1.84, 8432
1.93, 8361
1.95, 8333
1.95, 8311
1.95, 8304
1.96, 8290
1.96, 8247
1.97, 8165
1.97, 8150
1.97, 8142
1.97, 8126
1.97, 8097
1.98, 7967
1.99, 7959
2.00, 7953
2.01, 7941
2.45, 7936
7.04, 7926
7.35, 7921
7.57, 7902
