0.00, 28656
0.00, 27655
0.00, 27498
0.00, 27406
0.00, 26576
0.00, 26076
0.00, 25878
0.00, 25557
0.00, 25134
0.00, 24929
0.04, 24445
0.04, 24217
0.14, 24015
0.40, 23573
0.44, 23536
0.78, 23018
0.78, 22480
1.09, 22366
1.09, 22353
1.27, 22180
1.27, 22114
1.40, 21325
1.40, 20896
1.42, 20894
1.42, 20824
1.42, 20762
1.42, 20603
1.42, 20340
1.42, 20245
1.42, 20166
1.44, 20087
1.46, 19814
1.46, 19539
1.46, 19521
1.46, 19182
1.46, 18914
1.46, 18626
1.46, 18331
1.46, 17884
1.46, 17816
1.49, 17568
1.49, 16613
1.51, 16481
1.53, 16396
1.53, 16153
1.53, 16149
1.53, 16118
1.53, 15836
1.53, 15704
1.53, 15702
1.53, 15593
1.53, 15399
1.53, 15309
1.53, 15209
1.53, 15204
1.53, 15081
1.57, 15042
1.57, 14793
1.57, 14735
1.57, 14634
1.57, 14625
1.57, 14606
1.57, 14488
1.57, 13986
1.59, 13976
1.59, 13586
1.59, 13204
1.59, 13191
1.59, 12948
1.59, 12897
1.60, 12684
1.60, 12576
1.60, 12468
1.61, 12418
1.61, 12407
1.61, 12240
1.61, 12044
1.61, 11703
1.61, 11658
1.61, 11197
1.61, 11181
1.61, 11040
1.61, 10933
1.65, 10670
1.65, 10645
1.65, 10638
1.65, 10081
1.68, 9874
1.68, 9866
1.69, 9781
1.69, 9596
1.69, 9498
1.69, 9461
1.70, 9427
1.70, 9412
1.72, 9377
1.72, 9308
1.72, 9302
1.72, 9250
1.72, 9176
1.72, 9152
1.72, 9149
1.72, 9072
1.72, 9005
1.75, 8966
1.75, 8937
1.78, 8908
1.78, 8863
1.78, 8808
1.78, 8774
1.78, 8758
1.80, 8756
1.80, 8683
1.80, 8632
1.80, 8527
1.80, 8495
1.80, 8402
1.80, 8397
1.81, 8386
1.83, 8383
1.85, 8365
1.87, 8345
1.87, 8330
1.87, 8297
1.87, 8280
1.89, 8272
1.91, 8231
1.91, 8201
6.60, 8177
6.61, 8175
6.64, 8147
6.64, 8139
6.65, 8083
6.66, 8065
6.86, 8022
8.21, 7950
11.24, 7897
11.24, 7886
11.26, 7842
11.26, 7840
11.28, 7825
11.28, 7731
11.31, 7724
11.31, 7590
11.44, 7589
12.51, 7570
12.56, 7565
14.00, 7542
