0.00, 29298
0.00, 28466
0.00, 28383
0.00, 28037
0.00, 26111
0.00, 26053
0.00, 25964
0.01, 25958
0.01, 25830
0.01, 25529
0.01, 24628
0.01, 24487
0.01, 24373
0.01, 24367
0.01, 24106
0.01, 23572
0.10, 23245
0.36, 22810
1.02, 22301
1.02, 22013
1.52, 22012
1.52, 21941
1.52, 21863
1.52, 21430
1.52, 20714
1.52, 20495
1.53, 20362
1.53, 20344
1.53, 20266
1.55, 20120
1.55, 19875
1.55, 19708
1.57, 18738
1.59, 18688
1.59, 18322
1.59, 18308
1.59, 18304
1.59, 18250
1.63, 18009
1.63, 17990
1.67, 17935
1.67, 17792
1.67, 17668
1.67, 17641
1.67, 17634
1.67, 17337
1.67, 16967
1.68, 16876
1.68, 16833
1.68, 16800
1.68, 16793
1.68, 16716
1.68, 16629
1.68, 16104
1.68, 15852
1.68, 15828
1.68, 15523
1.68, 15360
1.68, 15355
1.68, 15338
1.68, 15279
1.68, 15249
1.68, 15117
1.68, 15039
1.68, 14871
1.68, 14869
1.68, 14717
1.68, 14487
1.68, 14483
1.68, 14358
1.71, 14254
1.74, 14175
1.74, 14158
1.74, 14131
1.74, 14127
1.74, 14106
1.74, 14037
1.75, 13642
1.75, 13174
1.75, 13108
1.75, 13106
1.75, 12842
1.75, 12753
1.75, 12339
1.77, 12336
1.77, 12316
1.77, 12301
1.77, 12157
1.78, 11808
1.78, 11780
1.78, 11670
1.80, 11498
1.80, 11261
1.81, 11168
1.81, 11117
1.83, 10819
1.83, 10524
1.83, 10480
1.83, 10396
1.83, 10357
1.83, 10339
1.83, 10255
1.84, 10212
1.84, 10051
1.84, 10041
1.84, 9998
1.84, 9915
1.84, 9881
1.85, 9866
1.85, 9836
1.87, 9827
1.87, 9812
1.87, 9727
1.87, 9722
1.87, 9593
1.87, 9534
1.87, 9533
1.87, 9327
1.88, 9299
1.88, 9293
1.88, 9258
1.88, 9237
1.88, 9228
1.88, 9138
1.90, 9106
1.90, 9044
1.90, 8876
1.90, 8815
1.90, 8803
1.90, 8797
1.91, 8781
1.91, 8661
1.93, 8648
1.93, 8601
1.94, 8547
1.94, 8412
1.94, 8391
1.94, 8344
1.94, 8225
1.94, 8157
2.00, 8109
2.00, 8026
2.01, 8006
2.03, 7959
2.03, 7939
2.04, 7882
2.06, 7876
2.06, 7833
2.12, 7825
