0.00, 31902
0.00, 31520
0.00, 31030
0.00, 30525
0.00, 30331
0.00, 30313
0.00, 29974
0.00, 29821
0.00, 29617
0.00, 29108
0.00, 28600
0.00, 28524
0.00, 27958
0.00, 27860
0.00, 27071
0.00, 26960
0.00, 26854
0.00, 26772
0.01, 26639
0.01, 26556
0.01, 26465
0.03, 26142
0.03, 26068
0.03, 25318
0.03, 24673
0.03, 24581
0.05, 24410
0.05, 23710
0.19, 23593
0.19, 23300
0.55, 23137
0.55, 22967
0.55, 22411
0.55, 22363
1.36, 22136
1.36, 22027
1.36, 21847
1.36, 21830
1.42, 21618
1.44, 21324
1.44, 21155
1.44, 21021
1.46, 20749
1.46, 20740
1.46, 20685
1.46, 20560
1.46, 20351
1.46, 20176
1.46, 20028
1.46, 19906
1.46, 19816
1.46, 19580
1.46, 19554
1.48, 19356
1.48, 19165
1.48, 18881
1.51, 18858
1.51, 18752
1.51, 18551
1.51, 18451
1.52, 18238
1.52, 18221
1.52, 18139
1.52, 17991
1.52, 17342
1.52, 16989
1.52, 16902
1.52, 16307
1.52, 16068
1.52, 15991
1.52, 15549
1.52, 15529
1.52, 14952
1.52, 14791
1.59, 14789
1.59, 14707
1.59, 14479
1.59, 14365
1.60, 14355
1.60, 14210
1.60, 14174
1.60, 14099
1.60, 13891
1.60, 13815
1.60, 13410
1.60, 13301
1.61, 13182
1.61, 12986
1.61, 12926
1.61, 12921
1.61, 12632
1.61, 12621
1.61, 12540
1.61, 12460
1.61, 12250
1.61, 12101
1.61, 11943
1.61, 11836
1.61, 11799
1.64, 11687
1.64, 11486
1.64, 11483
1.64, 11457
1.65, 11397
1.65, 11291
1.65, 11164
1.65, 11135
1.65, 11029
1.65, 10978
1.66, 10764
1.66, 10653
1.67, 10437
1.67, 10402
1.68, 10231
1.68, 9909
1.71, 9868
1.71, 9808
1.71, 9794
1.72, 9749
1.72, 9666
1.72, 9605
1.72, 9545
1.72, 9489
1.72, 9482
1.72, 9473
1.72, 9381
1.72, 9187
1.72, 9066
1.72, 8957
1.72, 8885
1.72, 8804
1.72, 8766
1.72, 8738
1.72, 8724
1.72, 8669
1.72, 8637
1.72, 8596
1.73, 8587
1.74, 8532
1.74, 8509
1.74, 8506
1.74, 8498
1.75, 8478
1.75, 8429
1.77, 8422
1.77, 8401
1.78, 8395
1.78, 8354
1.78, 8344
1.78, 8213
1.78, 8148
1.78, 8139
1.79, 8127
1.80, 8116
1.80, 8094
1.81, 8071
1.83, 8044
1.86, 7947
1.87, 7938
1.88, 7920
1.90, 7887
1.90, 7861
1.90, 7844
1.92, 7791
1.96, 7769
