0.01, 28528
0.02, 26498
0.03, 24880
0.04, 23461
0.06, 22227
0.07, 21131
0.08, 20059
0.09, 18909
0.10, 18005
0.11, 17116
0.12, 16283
0.13, 15506
0.14, 14871
0.15, 14269
0.16, 13705
0.17, 13197
0.18, 12696
0.19, 12312
0.19, 11933
0.20, 11583
0.21, 11323
0.23, 11079
0.24, 10841
0.25, 10625
0.26, 10453
0.27, 10166
0.28, 9932
0.29, 9717
0.30, 9556
0.31, 9401
0.32, 9243
0.33, 9139
0.34, 9035
0.35, 8937
0.37, 8841
0.38, 8753
0.39, 8673
0.40, 8594
0.41, 8515
0.42, 8444
0.43, 8334
0.44, 8281
0.46, 8231
0.47, 8169
0.48, 8147
0.49, 8069
0.50, 8055
0.51, 8048
0.52, 8047
0.53, 8024
2.06, 7973
2.07, 7938
2.08, 7911
2.09, 7888
2.10, 7869
2.11, 7864
2.12, 7825
2.13, 7820
