0.01, 29554
0.02, 27940
0.03, 26568
0.04, 25243
0.05, 24050
0.06, 22795
0.07, 21699
0.08, 20663
0.09, 19730
0.10, 18849
0.11, 18135
0.12, 17127
0.13, 16414
0.14, 15768
0.15, 15130
0.16, 14658
0.17, 14090
0.18, 13653
0.19, 13214
0.20, 12831
0.21, 12432
0.22, 12152
0.22, 11880
0.23, 11616
0.24, 11365
0.25, 11137
0.26, 10913
0.27, 10701
0.28, 10466
0.29, 10295
0.31, 10001
0.32, 9838
0.33, 9682
0.34, 9491
0.36, 9354
0.37, 9218
0.38, 9106
0.39, 8850
0.40, 8765
0.42, 8682
0.43, 8604
0.44, 8558
0.45, 8519
0.46, 8488
0.47, 8460
0.48, 8437
0.49, 8418
0.51, 8399
0.52, 8391
0.53, 8384
0.54, 8381
1.74, 8303
2.18, 8222
2.20, 8195
2.21, 8172
2.22, 8152
2.23, 8141
2.24, 8134
2.25, 8004
2.26, 7999
2.28, 7998
