0.01, 26755
0.02, 25072
0.03, 23727
0.04, 22509
0.05, 21292
0.06, 20161
0.07, 18921
0.08, 17948
0.09, 16982
0.10, 16167
0.11, 15390
0.12, 14721
0.13, 14156
0.14, 13702
0.15, 13084
0.16, 12669
0.17, 12262
0.18, 11878
0.19, 11495
0.20, 11178
0.21, 10867
0.22, 10595
0.23, 10333
0.24, 10097
0.24, 9917
0.25, 9745
0.26, 9615
0.27, 9493
0.28, 9374
0.29, 9275
0.30, 9177
0.31, 9098
0.32, 9033
0.33, 8974
0.34, 8921
0.35, 8819
0.36, 8767
0.37, 8716
0.38, 8677
0.39, 8537
0.41, 8506
0.42, 8483
0.43, 8446
0.44, 8429
0.45, 8415
0.47, 8406
0.92, 8384
0.93, 8355
0.94, 8332
0.96, 8326
0.97, 8244
0.98, 8217
