0.01, 28047
0.02, 26252
0.03, 24599
0.04, 23217
0.05, 21505
0.06, 20470
0.07, 19384
0.08, 18519
0.09, 17796
0.10, 17118
0.11, 16479
0.12, 15847
0.13, 15294
0.14, 14717
0.15, 14185
0.16, 13651
0.17, 13176
0.18, 12647
0.19, 12188
0.20, 11864
0.21, 11561
0.22, 11252
0.23, 10993
0.24, 10699
0.25, 10403
0.26, 10158
0.27, 9949
0.28, 9764
0.29, 9591
0.30, 9422
0.31, 9272
0.32, 9007
0.33, 8879
0.33, 8730
0.34, 8615
0.35, 8525
0.36, 8449
0.37, 8394
0.38, 8355
0.39, 8304
0.40, 8215
0.41, 8137
0.42, 8107
0.43, 8092
1.75, 8024
1.76, 8001
1.77, 8000
1.78, 7977
