0.01, 29950
0.02, 28210
0.03, 26505
0.04, 25020
0.05, 23401
0.06, 21998
0.07, 20696
0.08, 19472
0.09, 18349
0.10, 16941
0.11, 15922
0.12, 15160
0.13, 14258
0.14, 13738
0.15, 13232
0.15, 12794
0.16, 12368
0.17, 11868
0.18, 11458
0.19, 11110
0.20, 10798
0.21, 10507
0.22, 10242
0.23, 9992
0.24, 9812
0.25, 9637
0.26, 9468
0.27, 9295
0.28, 9160
0.29, 9042
0.30, 8934
0.31, 8832
0.32, 8738
0.33, 8676
0.34, 8593
0.35, 8536
0.36, 8473
0.37, 8418
0.37, 8370
0.38, 8335
0.39, 8316
0.41, 8301
0.84, 8282
0.85, 8230
0.86, 8180
0.87, 8096
0.87, 8074
0.88, 8063
0.89, 8061
1.29, 8060
1.30, 8041
1.31, 8033
