0.00, 31334
0.00, 31258
0.00, 31089
0.00, 31011
0.00, 30290
0.00, 30152
0.00, 29775
0.00, 29436
0.00, 29210
0.00, 29100
0.00, 28792
0.00, 27650
0.00, 27099
0.00, 26715
0.00, 26166
0.00, 26160
0.00, 25996
0.00, 25995
0.02, 25924
0.02, 25906
0.02, 25831
0.02, 25641
0.04, 25265
0.05, 24833
0.05, 23777
0.09, 23750
0.41, 23744
0.55, 23590
1.29, 23258
1.29, 22710
1.29, 22644
1.29, 22570
1.35, 22461
1.36, 22285
1.36, 21838
1.36, 21779
1.37, 21592
1.38, 21463
1.41, 21144
1.41, 20963
1.41, 20859
1.41, 20564
1.41, 20331
1.41, 20311
1.44, 20197
1.45, 19915
1.46, 19867
1.46, 19832
1.46, 19297
1.46, 18916
1.48, 18763
1.48, 18586
1.48, 18399
1.48, 18224
1.48, 18223
1.48, 18083
1.48, 17617
1.49, 17488
1.49, 17446
1.50, 17293
1.50, 17067
1.50, 16963
1.51, 16863
1.51, 16783
1.51, 16580
1.51, 16495
1.52, 16216
1.52, 15813
1.52, 15672
1.52, 15183
1.52, 14631
1.52, 14403
1.53, 14321
1.53, 14253
1.53, 13972
1.54, 13910
1.54, 13837
1.54, 13773
1.54, 13654
1.54, 13629
1.54, 13565
1.55, 13524
1.57, 13289
1.57, 13265
1.57, 13087
1.57, 13054
1.57, 13000
1.57, 12905
1.57, 12745
1.57, 12652
1.57, 12493
1.57, 12491
1.60, 12449
1.60, 12298
1.60, 12238
1.60, 12110
1.60, 12017
1.61, 11954
1.61, 11861
1.61, 11809
1.61, 11734
1.61, 11705
1.61, 11646
1.61, 11589
1.61, 11588
1.61, 11283
1.61, 11240
1.61, 11234
1.61, 11131
1.61, 11119
1.61, 11051
1.63, 10975
1.63, 10959
1.64, 10945
1.64, 10910
1.64, 10900
1.64, 10884
1.64, 10825
1.64, 10801
1.64, 10747
1.64, 10659
1.64, 10569
1.64, 10455
1.64, 10452
1.64, 10390
1.64, 10381
1.65, 10331
1.65, 10255
1.66, 10193
1.66, 10074
1.66, 10003
1.68, 9873
1.68, 9871
1.68, 9850
1.68, 9837
1.68, 9813
1.68, 9800
1.68, 9798
1.68, 9569
1.68, 9551
1.70, 9463
1.70, 9448
1.70, 9295
1.70, 9176
1.70, 9121
1.70, 9034
1.70, 9019
1.70, 8970
1.71, 8852
1.71, 8848
1.71, 8845
1.71, 8819
1.71, 8810
1.72, 8796
1.72, 8657
1.72, 8504
1.72, 8484
1.72, 8481
1.72, 8463
1.72, 8407
1.72, 8370
1.72, 8358
1.73, 8330
1.76, 8325
1.76, 8324
1.76, 8264
1.76, 8156
1.77, 8089
1.77, 8074
1.79, 7986
1.79, 7971
1.81, 7961
1.81, 7953
1.87, 7939
4.61, 7928
6.86, 7880
7.57, 7860
7.57, 7849
