0.01, 28823
0.02, 27234
0.03, 25851
0.05, 24498
0.06, 23084
0.07, 21880
0.08, 20777
0.10, 19699
0.11, 18769
0.12, 17845
0.14, 16956
0.15, 16238
0.16, 15451
0.18, 14770
0.19, 14095
0.20, 13423
0.21, 12786
0.23, 12355
0.24, 11876
0.25, 11472
0.26, 11042
0.27, 10755
0.29, 10486
0.30, 10266
0.31, 10050
0.32, 9876
0.33, 9723
0.34, 9575
0.35, 9439
0.37, 9332
0.38, 9004
0.39, 8900
0.40, 8797
0.41, 8725
0.42, 8671
0.43, 8630
0.45, 8598
0.46, 8568
0.47, 8512
0.48, 8489
0.49, 8467
0.50, 8389
0.51, 8369
0.52, 8349
0.53, 8335
0.54, 8314
0.98, 8261
0.99, 8185
1.00, 8127
1.01, 8087
1.02, 8057
1.03, 7890
1.04, 7838
1.04, 7742
1.05, 7720
1.07, 7697
1.08, 7680
1.09, 7669
