0.01, 28594
0.02, 26998
0.03, 24886
0.04, 23306
0.05, 21872
0.06, 20816
0.07, 19957
0.08, 19104
0.09, 18276
0.10, 17345
0.11, 16630
0.12, 15801
0.13, 15112
0.14, 14509
0.15, 13942
0.16, 13297
0.17, 12699
0.18, 12245
0.19, 11824
0.20, 11499
0.21, 11202
0.22, 10857
0.23, 10540
0.24, 10246
0.25, 9963
0.26, 9688
0.27, 9447
0.28, 9270
0.29, 9131
0.30, 8993
0.31, 8895
0.32, 8809
0.33, 8723
0.34, 8644
0.35, 8600
0.36, 8544
0.37, 8505
0.38, 8468
0.39, 8293
0.40, 8258
0.41, 8230
0.42, 8184
0.43, 8157
0.44, 8138
0.45, 8123
0.46, 8106
0.47, 8098
1.29, 8070
1.30, 8020
1.31, 7973
1.32, 7954
1.33, 7953
1.81, 7942
1.82, 7925
1.83, 7920
1.84, 7918
