0.01, 26852
0.02, 25309
0.03, 23825
0.04, 22552
0.05, 21223
0.06, 20196
0.07, 19199
0.08, 18270
0.09, 17333
0.10, 16388
0.11, 15618
0.12, 14935
0.13, 14293
0.14, 13650
0.15, 13114
0.16, 12584
0.17, 12152
0.18, 11761
0.19, 11331
0.20, 10845
0.21, 10562
0.22, 10276
0.23, 10027
0.24, 9784
0.25, 9599
0.26, 9431
0.27, 9274
0.28, 9121
0.29, 9002
0.30, 8935
0.31, 8879
0.32, 8829
0.33, 8631
0.34, 8534
0.35, 8486
0.36, 8443
0.37, 8387
0.38, 8352
0.39, 8321
0.40, 8246
0.40, 8245
0.41, 8222
0.42, 8221
0.90, 8156
0.91, 8130
0.92, 8107
0.93, 8087
0.94, 8068
0.95, 7954
0.96, 7866
0.97, 7809
0.98, 7754
0.99, 7706
1.01, 7634
1.02, 7623
1.03, 7618
