0.00, 30626
0.00, 30305
0.00, 30077
0.00, 29727
0.00, 29397
0.00, 29062
0.00, 28836
0.00, 28743
0.00, 28237
0.00, 28144
0.00, 27879
0.00, 26996
0.00, 26526
0.00, 25993
0.00, 25863
0.00, 25233
0.00, 25055
0.04, 25044
0.04, 24869
0.11, 24856
0.11, 24802
0.13, 24710
0.20, 24245
0.20, 24238
0.20, 24221
0.20, 24122
0.20, 23899
0.26, 23468
0.26, 23446
0.26, 23394
0.26, 23386
0.58, 23299
0.97, 23293
1.12, 23270
1.23, 22813
1.23, 22643
1.23, 22541
1.26, 22346
1.26, 22266
1.26, 22023
1.31, 21821
1.34, 21659
1.34, 21455
1.34, 21360
1.34, 21308
1.36, 21054
1.36, 21049
1.36, 20929
1.40, 20927
1.40, 20853
1.40, 20522
1.43, 20108
1.43, 19894
1.43, 19778
1.44, 19665
1.44, 19522
1.44, 19469
1.44, 18893
1.44, 18827
1.46, 18718
1.47, 18614
1.47, 18263
1.47, 17891
1.47, 17876
1.47, 17820
1.47, 17804
1.47, 17628
1.47, 17508
1.47, 17491
1.47, 16799
1.47, 16796
1.50, 16650
1.50, 16091
1.50, 16059
1.50, 15806
1.50, 15656
1.50, 15624
1.51, 15592
1.51, 15570
1.51, 15431
1.51, 15372
1.51, 15272
1.51, 15200
1.51, 15024
1.51, 14994
1.51, 14547
1.53, 14521
1.53, 14465
1.53, 14379
1.53, 14331
1.53, 14161
1.53, 14125
1.54, 14049
1.54, 14046
1.54, 14029
1.54, 14002
1.54, 13865
1.54, 13854
1.54, 13334
1.54, 13196
1.54, 12969
1.54, 12954
1.56, 12950
1.56, 12866
1.56, 12821
1.56, 12730
1.56, 12716
1.56, 12633
1.56, 12538
1.56, 12462
1.56, 12247
1.56, 12200
1.56, 12150
1.56, 12030
1.56, 11974
1.57, 11936
1.57, 11889
1.58, 11705
1.58, 11600
1.58, 11581
1.58, 11240
1.58, 11213
1.58, 11129
1.58, 11044
1.58, 10816
1.63, 10800
1.63, 10796
1.63, 10766
1.63, 10626
1.63, 10431
1.64, 10408
1.64, 10386
1.64, 10318
1.64, 10170
1.64, 9984
1.64, 9977
1.65, 9922
1.65, 9878
1.65, 9838
1.66, 9778
1.66, 9539
1.66, 9481
1.66, 9428
1.66, 9332
1.67, 9270
1.67, 9265
1.67, 9127
1.67, 9059
1.67, 9025
1.67, 8879
1.67, 8852
1.67, 8818
1.67, 8700
1.68, 8634
1.68, 8607
1.68, 8548
1.68, 8547
1.68, 8520
1.68, 8503
1.68, 8490
1.68, 8452
1.68, 8379
1.68, 8284
1.78, 8274
1.78, 8243
1.78, 8223
1.78, 8188
1.79, 8135
1.79, 8122
1.83, 8066
1.90, 8055
2.36, 8015
2.67, 7936
7.29, 7920
16.51, 7842
17.15, 7763
18.00, 7744
18.09, 7739
18.38, 7704
