0.00, 31827
0.00, 31458
0.00, 30610
0.00, 29943
0.00, 29661
0.00, 29593
0.00, 29498
0.00, 29120
0.00, 28691
0.00, 28555
0.00, 28306
0.00, 28257
0.00, 28206
0.00, 28139
0.00, 28099
0.00, 27945
0.00, 27908
0.00, 26866
0.00, 25698
0.02, 25577
0.02, 25500
0.02, 25068
0.02, 24948
0.02, 24738
0.02, 24422
0.05, 24412
0.05, 24093
0.05, 23215
0.15, 23182
1.17, 23112
1.50, 23049
1.50, 22582
1.55, 22349
1.55, 21910
1.55, 21855
1.57, 21691
1.57, 21649
1.57, 21620
1.57, 21499
1.57, 20987
1.57, 20797
1.58, 20780
1.58, 20759
1.60, 20681
1.60, 20600
1.60, 20582
1.60, 20239
1.60, 20101
1.60, 19631
1.60, 19629
1.61, 19419
1.61, 19372
1.61, 19347
1.61, 18771
1.61, 18475
1.61, 18401
1.64, 18090
1.64, 18043
1.64, 17794
1.64, 17779
1.64, 17535
1.64, 17190
1.64, 17187
1.64, 17166
1.64, 17150
1.65, 17126
1.65, 16898
1.68, 16598
1.68, 16324
1.68, 16150
1.70, 16126
1.70, 16040
1.71, 16003
1.71, 15958
1.71, 15896
1.71, 15197
1.71, 15098
1.71, 14919
1.73, 14783
1.74, 14172
1.74, 13979
1.75, 13838
1.75, 13210
1.75, 13091
1.75, 12710
1.77, 12609
1.77, 12594
1.77, 12532
1.78, 12365
1.78, 12196
1.78, 12174
1.78, 11963
1.78, 11798
1.78, 11653
1.78, 11645
1.78, 11626
1.78, 11618
1.78, 11552
1.78, 11489
1.78, 11420
1.78, 11287
1.78, 11264
1.82, 10948
1.82, 10660
1.85, 10575
1.85, 10481
1.86, 10421
1.86, 10339
1.86, 10300
1.86, 10235
1.86, 10045
1.87, 10044
1.87, 9927
1.87, 9834
1.87, 9832
1.87, 9793
1.87, 9768
1.87, 9740
1.87, 9619
1.87, 9606
1.87, 9592
1.87, 9456
1.87, 9434
1.87, 9359
1.87, 9356
1.88, 9340
1.88, 9318
1.88, 9021
1.88, 8998
1.88, 8982
1.88, 8915
1.88, 8905
1.88, 8878
1.88, 8867
1.88, 8864
1.92, 8857
1.92, 8796
1.92, 8775
1.92, 8773
1.92, 8709
1.93, 8642
1.94, 8504
1.94, 8390
1.95, 8322
1.95, 8252
1.95, 8225
1.97, 8149
1.97, 8143
1.97, 8133
1.98, 8126
1.98, 8109
1.98, 8092
2.02, 8086
2.03, 8082
2.03, 8046
2.03, 7967
2.06, 7918
2.07, 7873
2.11, 7818
2.14, 7795
2.16, 7789
16.08, 7757
16.11, 7737
16.11, 7706
16.14, 7676
16.16, 7675
18.39, 7656
