0.01, 27262
0.02, 25544
0.03, 23861
0.04, 22482
0.05, 21198
0.06, 20159
0.07, 19189
0.08, 18227
0.09, 17422
0.10, 16674
0.11, 16017
0.12, 15385
0.13, 14757
0.13, 14021
0.15, 13521
0.16, 13038
0.17, 12605
0.18, 12173
0.19, 11815
0.20, 11459
0.22, 11159
0.23, 10865
0.24, 10608
0.25, 10355
0.26, 10141
0.28, 9880
0.29, 9677
0.30, 9498
0.31, 9324
0.32, 9171
0.33, 9018
0.34, 8877
0.35, 8748
0.36, 8634
0.37, 8531
0.38, 8454
0.39, 8378
0.40, 8281
0.41, 8215
0.42, 8150
0.43, 8097
0.44, 8078
0.45, 8062
0.46, 8057
