0.00, 31385
0.00, 31362
0.00, 30899
0.00, 30067
0.00, 29932
0.00, 29863
0.00, 29755
0.00, 29603
0.00, 29461
0.00, 29158
0.00, 28881
0.00, 28782
0.00, 27520
0.00, 27281
0.01, 27088
0.01, 26654
0.01, 25361
0.02, 25233
0.06, 24844
0.35, 24560
0.50, 24111
0.58, 23930
0.58, 23674
0.58, 23171
0.58, 22784
0.58, 22618
1.27, 22565
1.32, 22466
1.38, 22259
1.38, 21877
1.41, 21874
1.44, 21768
1.44, 21521
1.44, 21490
1.44, 21347
1.44, 21290
1.46, 20830
1.46, 20507
1.49, 20465
1.49, 19671
1.49, 19590
1.49, 19465
1.49, 19295
1.50, 18959
1.50, 18919
1.50, 18746
1.50, 18652
1.50, 18574
1.50, 18419
1.50, 18268
1.50, 18183
1.53, 18109
1.54, 18084
1.54, 18035
1.54, 17932
1.54, 17772
1.54, 17733
1.54, 17546
1.58, 17255
1.58, 17223
1.58, 17108
1.58, 16691
1.58, 16583
1.58, 16372
1.58, 16346
1.58, 16238
1.58, 16090
1.58, 15984
1.58, 15968
1.58, 15917
1.58, 15898
1.58, 15877
1.58, 15750
1.58, 15359
1.58, 15191
1.61, 15159
1.61, 14249
1.61, 13945
1.61, 13859
1.61, 13695
1.61, 13651
1.61, 13544
1.61, 13375
1.61, 13372
1.61, 13312
1.61, 13277
1.61, 13199
1.61, 13161
1.61, 12890
1.61, 12704
1.63, 12639
1.63, 12553
1.63, 12541
1.63, 12484
1.65, 12125
1.68, 11744
1.68, 11730
1.68, 11579
1.68, 11551
1.68, 11545
1.68, 11470
1.68, 11419
1.68, 11407
1.68, 11208
1.69, 11047
1.69, 10978
1.70, 10951
1.70, 10809
1.70, 10797
1.70, 10733
1.71, 10659
1.71, 10646
1.72, 10631
1.72, 10578
1.72, 10547
1.72, 10502
1.72, 10478
1.73, 10407
1.73, 10388
1.73, 10227
1.73, 10174
1.74, 10149
1.74, 9898
1.74, 9574
1.74, 9553
1.74, 9324
1.74, 9286
1.74, 9167
1.76, 9148
1.76, 9069
1.76, 8948
1.77, 8944
1.77, 8847
1.77, 8827
1.77, 8775
1.81, 8691
1.82, 8677
1.82, 8673
1.82, 8638
1.82, 8609
1.82, 8546
1.82, 8535
1.82, 8530
1.82, 8504
1.82, 8487
1.85, 8398
1.85, 8343
1.85, 8338
1.85, 8220
1.94, 8217
1.95, 8195
1.95, 8182
1.95, 8162
1.96, 8152
2.02, 8147
11.57, 8125
11.57, 8123
11.57, 8094
11.65, 8019
11.71, 8017
11.72, 8009
11.75, 7992
11.76, 7954
11.84, 7889
13.20, 7814
13.52, 7813
14.01, 7734
