0.01, 29443
0.02, 27601
0.03, 26219
0.04, 24584
0.05, 23010
0.06, 21716
0.07, 20528
0.08, 19459
0.09, 18399
0.10, 17639
0.11, 16985
0.12, 16349
0.13, 15734
0.14, 15121
0.15, 14528
0.16, 14015
0.17, 13568
0.17, 13147
0.18, 12700
0.19, 12269
0.20, 11882
0.21, 11627
0.22, 11362
0.23, 10989
0.24, 10763
0.25, 10567
0.26, 10380
0.27, 10215
0.28, 10022
0.29, 9874
0.30, 9734
0.31, 9596
0.32, 9463
0.33, 9350
0.33, 9247
0.34, 9152
0.35, 9068
0.36, 9005
0.37, 8951
0.38, 8905
0.39, 8841
0.40, 8809
0.41, 8783
0.42, 8759
0.43, 8701
0.44, 8665
0.45, 8576
0.46, 8511
0.47, 8488
0.48, 8466
0.49, 8449
0.50, 8436
0.51, 8269
0.52, 8217
0.53, 8121
0.54, 8110
0.54, 8083
0.55, 8078
0.56, 8058
0.57, 8043
1.04, 8014
1.05, 7997
1.06, 7996
2.06, 7864
2.07, 7860
