0.01, 29591
0.02, 27484
0.03, 25785
0.04, 24340
0.05, 22964
0.06, 21767
0.07, 20286
0.08, 19139
0.09, 18119
0.10, 17270
0.11, 16440
0.12, 15738
0.13, 15049
0.14, 14370
0.15, 13710
0.16, 13080
0.17, 12591
0.18, 12104
0.19, 11608
0.19, 11264
0.20, 10969
0.21, 10677
0.22, 10400
0.23, 10162
0.24, 9944
0.25, 9716
0.26, 9524
0.27, 9337
0.28, 9184
0.29, 9025
0.30, 8896
0.31, 8794
0.32, 8704
0.33, 8636
0.34, 8569
0.35, 8520
0.36, 8482
0.37, 8458
0.37, 8438
0.38, 8419
0.39, 8402
0.40, 8391
0.41, 8386
0.80, 8361
0.81, 8298
0.82, 8262
0.83, 8228
0.84, 8205
0.85, 8185
0.86, 8146
0.87, 8141
