0.01, 28129
0.02, 26388
0.03, 24796
0.04, 23233
0.05, 21876
0.06, 20653
0.07, 19550
0.08, 18478
0.09, 17535
0.10, 16698
0.11, 15965
0.12, 15393
0.13, 14862
0.14, 14336
0.15, 13773
0.16, 13253
0.17, 12724
0.18, 12281
0.19, 11869
0.20, 11532
0.20, 11225
0.21, 10931
0.22, 10637
0.23, 10344
0.24, 10064
0.25, 9807
0.26, 9571
0.27, 9416
0.28, 9265
0.29, 9115
0.30, 8974
0.31, 8876
0.32, 8792
0.33, 8699
0.34, 8623
0.35, 8557
0.36, 8496
0.36, 8440
0.37, 8397
0.38, 8357
0.39, 8303
0.40, 8263
0.41, 8229
0.42, 8184
0.43, 8161
0.44, 8143
0.45, 8114
1.24, 8105
1.24, 7936
1.25, 7932
1.26, 7931
