0.00, 28834
0.00, 28197
0.00, 28130
0.00, 27303
0.00, 26763
0.00, 26555
0.00, 26114
0.00, 25371
0.02, 25213
0.02, 24992
0.02, 24959
0.02, 24697
0.02, 24643
0.02, 24584
0.02, 24428
0.23, 23874
0.23, 23177
0.57, 23018
0.57, 22766
0.57, 22367
1.40, 21974
1.40, 21906
1.40, 21663
1.51, 21570
1.55, 20867
1.55, 20767
1.55, 20459
1.55, 20407
1.55, 20367
1.55, 20349
1.55, 20237
1.55, 20157
1.55, 19741
1.55, 19731
1.57, 19689
1.57, 19595
1.57, 19323
1.60, 19216
1.60, 18916
1.60, 18743
1.60, 18718
1.60, 18625
1.60, 18604
1.60, 18517
1.62, 18497
1.62, 18455
1.62, 18295
1.62, 18136
1.62, 17744
1.62, 17423
1.62, 17226
1.62, 16809
1.63, 16779
1.64, 16706
1.64, 16497
1.64, 16449
1.64, 16318
1.64, 16220
1.64, 16077
1.64, 16057
1.64, 15903
1.64, 15559
1.64, 15412
1.64, 14973
1.65, 14858
1.69, 14831
1.69, 14754
1.69, 14745
1.69, 14722
1.69, 14591
1.70, 14369
1.70, 14346
1.72, 14195
1.72, 14092
1.72, 13806
1.72, 13798
1.72, 13549
1.72, 13466
1.72, 13234
1.72, 13112
1.72, 12967
1.72, 12914
1.72, 12772
1.72, 12734
1.73, 12732
1.73, 12532
1.73, 12531
1.73, 12486
1.73, 12421
1.73, 12332
1.73, 12242
1.73, 12186
1.73, 12143
1.73, 11958
1.73, 11890
1.77, 11809
1.77, 11642
1.77, 11367
1.78, 11321
1.78, 11320
1.78, 11316
1.78, 11265
1.78, 11244
1.78, 11115
1.78, 10958
1.80, 10954
1.80, 10951
1.80, 10780
1.80, 10712
1.80, 10648
1.80, 10533
1.80, 10479
1.80, 10363
1.81, 10255
1.81, 10112
1.81, 9843
1.81, 9832
1.82, 9790
1.82, 9780
1.83, 9764
1.83, 9749
1.83, 9721
1.86, 9367
1.86, 9356
1.87, 9300
1.87, 9253
1.87, 9248
1.87, 9237
1.87, 9159
1.87, 9126
1.87, 8963
1.87, 8928
1.87, 8915
1.92, 8906
1.92, 8849
1.92, 8843
1.92, 8820
1.93, 8798
1.95, 8701
1.95, 8629
1.95, 8584
1.95, 8579
1.95, 8542
2.02, 8495
2.03, 8431
2.07, 8390
2.07, 8347
2.07, 8116
2.07, 8037
2.08, 8035
2.08, 8010
2.08, 7912
2.08, 7837
2.10, 7815
2.20, 7809
2.24, 7752
12.16, 7727
12.21, 7726
