0.01, 29463
0.02, 27786
0.03, 26432
0.04, 25148
0.05, 23976
0.07, 22827
0.08, 21621
0.09, 20647
0.10, 19807
0.11, 18990
0.12, 18191
0.13, 17427
0.14, 16694
0.15, 16014
0.16, 15368
0.17, 14724
0.18, 14161
0.19, 13642
0.20, 13031
0.21, 12533
0.22, 12121
0.23, 11732
0.24, 11345
0.25, 10987
0.26, 10728
0.27, 10506
0.28, 10323
0.30, 10156
0.31, 9999
0.32, 9859
0.33, 9729
0.34, 9607
0.35, 9376
0.36, 9274
0.37, 9188
0.38, 9112
0.39, 9046
0.40, 8988
0.40, 8935
0.41, 8901
0.42, 8872
0.43, 8847
0.44, 8822
0.45, 8738
0.47, 8342
0.48, 8321
0.49, 8304
0.50, 8295
0.51, 8290
0.52, 8287
0.53, 8152
0.55, 8082
0.56, 8067
0.57, 8066
1.37, 8055
1.38, 8042
1.38, 8037
1.39, 8036
