0.00, 28548
0.00, 28004
0.00, 27961
0.00, 27695
0.00, 27679
0.00, 27665
0.00, 27507
0.01, 27159
0.01, 26333
0.01, 26210
0.01, 26031
0.01, 25894
0.01, 25802
0.01, 24791
0.11, 24062
0.13, 23865
0.13, 23710
0.71, 23651
0.88, 22957
1.34, 22466
1.34, 22342
1.34, 22253
1.34, 22209
1.34, 22142
1.51, 21990
1.51, 21601
1.51, 21583
1.51, 21572
1.51, 20993
1.54, 20743
1.61, 20535
1.61, 20483
1.61, 20423
1.61, 20125
1.61, 19808
1.61, 19584
1.61, 19543
1.61, 19502
1.61, 19227
1.62, 18968
1.63, 18745
1.63, 18607
1.63, 18490
1.66, 18485
1.66, 18413
1.66, 17967
1.66, 17685
1.66, 17445
1.69, 17429
1.69, 16848
1.69, 16694
1.69, 16687
1.69, 16386
1.69, 16170
1.72, 16137
1.72, 16119
1.72, 15946
1.72, 15898
1.72, 15799
1.72, 15650
1.72, 15588
1.72, 15462
1.72, 15452
1.72, 15352
1.72, 14981
1.72, 14452
1.72, 14445
1.72, 13998
1.77, 13787
1.77, 13634
1.77, 13576
1.77, 13240
1.77, 13207
1.77, 12932
1.77, 12815
1.77, 12790
1.77, 12660
1.81, 12311
1.82, 11786
1.82, 11735
1.82, 11703
1.82, 11439
1.82, 11306
1.82, 11027
1.82, 10976
1.82, 10971
1.82, 10807
1.82, 10553
1.82, 10339
1.87, 10286
1.88, 10227
1.88, 10204
1.89, 10139
1.89, 10078
1.89, 10039
1.89, 9991
1.92, 9841
1.92, 9729
1.92, 9679
1.95, 9618
1.95, 9561
1.95, 9456
1.95, 9418
1.95, 9297
1.95, 9230
1.96, 9225
1.96, 9211
1.97, 9163
1.97, 9005
1.97, 8993
1.97, 8919
1.98, 8763
1.98, 8760
1.99, 8754
1.99, 8649
1.99, 8642
2.00, 8622
2.00, 8607
2.00, 8576
2.00, 8531
2.00, 8528
2.00, 8506
2.01, 8491
2.01, 8269
2.01, 8241
2.04, 8217
2.04, 8184
2.07, 8119
2.13, 8082
2.14, 7968
2.14, 7962
2.17, 7948
2.23, 7945
2.23, 7902
2.95, 7869
2.99, 7815
3.00, 7792
7.02, 7682
8.94, 7659
9.37, 7619
9.37, 7565
