0.01, 27130
0.02, 25131
0.03, 23435
0.04, 21806
0.05, 20440
0.06, 19298
0.07, 18133
0.08, 17357
0.09, 16448
0.10, 15759
0.11, 15097
0.12, 14467
0.13, 13935
0.14, 13520
0.15, 13105
0.16, 12690
0.17, 12289
0.18, 11929
0.19, 11592
0.20, 11311
0.21, 11085
0.22, 10846
0.23, 10625
0.24, 10416
0.25, 10195
0.26, 10014
0.28, 9679
0.29, 9516
0.30, 9207
0.31, 9058
0.32, 8935
0.33, 8834
0.34, 8739
0.34, 8657
0.35, 8605
0.36, 8557
0.37, 8450
0.38, 8402
0.39, 8384
0.40, 8368
0.41, 8354
0.42, 8343
0.43, 8316
0.44, 8309
0.45, 8303
0.46, 8302
0.85, 8277
0.86, 8264
0.87, 8252
0.88, 8247
0.89, 8246
0.90, 8217
0.91, 8216
1.72, 8202
1.73, 8120
1.74, 8083
1.75, 8039
1.76, 8002
1.77, 7975
1.78, 7952
1.79, 7938
