0.01, 28154
0.02, 26625
0.03, 24867
0.04, 23419
0.05, 22061
0.06, 21007
0.07, 19981
0.08, 18955
0.09, 17933
0.10, 17028
0.11, 16331
0.12, 15701
0.13, 15186
0.14, 14699
0.15, 14218
0.16, 13741
0.17, 13273
0.18, 12829
0.19, 12454
0.20, 12096
0.21, 11751
0.21, 11440
0.22, 11212
0.23, 10908
0.24, 10656
0.25, 10341
0.26, 10088
0.27, 9851
0.28, 9689
0.29, 9531
0.30, 9389
0.31, 9272
0.32, 9132
0.33, 9018
0.34, 8928
0.35, 8848
0.36, 8772
0.37, 8708
0.38, 8647
0.39, 8596
0.40, 8388
0.41, 8340
0.42, 8268
0.43, 8222
0.44, 8188
0.45, 8139
0.46, 8107
0.47, 8076
0.48, 8057
1.86, 8040
1.87, 8013
1.88, 7987
1.89, 7867
1.90, 7847
1.90, 7818
