0.01, 26539
0.02, 25038
0.03, 23369
0.04, 22142
0.05, 20895
0.06, 19856
0.07, 18872
0.08, 17904
0.09, 16998
0.10, 16303
0.11, 15659
0.12, 15110
0.13, 14582
0.14, 14075
0.15, 13627
0.16, 13210
0.17, 12800
0.18, 12389
0.19, 12079
0.19, 11771
0.20, 11488
0.21, 11171
0.22, 10891
0.23, 10637
0.24, 10384
0.25, 10136
0.26, 9891
0.27, 9734
0.28, 9580
0.29, 9432
0.30, 9283
0.31, 9140
0.32, 9011
0.33, 8888
0.34, 8790
0.35, 8718
0.36, 8652
0.37, 8590
0.38, 8478
0.39, 8421
0.39, 8379
0.40, 8347
0.41, 8265
0.42, 8234
0.43, 8220
0.44, 8162
0.45, 8151
0.46, 8150
0.47, 8149
0.48, 8126
