0.01, 27914
0.02, 26226
0.03, 24429
0.04, 22885
0.05, 21462
0.06, 20260
0.07, 19058
0.08, 17893
0.09, 16917
0.10, 15965
0.11, 15054
0.12, 14211
0.13, 13601
0.14, 12859
0.15, 12408
0.16, 12067
0.16, 11631
0.18, 11282
0.19, 10987
0.20, 10619
0.21, 10325
0.22, 10116
0.23, 9917
0.24, 9708
0.25, 9525
0.26, 9379
0.27, 9241
0.29, 9110
0.30, 8992
0.31, 8894
0.32, 8804
0.34, 8725
0.35, 8653
0.36, 8591
0.38, 8486
0.39, 8429
0.40, 8377
0.41, 8339
0.42, 8292
0.43, 8105
0.44, 8072
0.45, 8018
0.46, 7987
0.47, 7964
0.48, 7944
0.49, 7936
0.51, 7931
0.91, 7912
0.92, 7855
0.93, 7808
0.94, 7621
0.94, 7590
0.95, 7553
0.96, 7542
