0.00, 30328
0.00, 30188
0.00, 30162
0.00, 30132
0.00, 29792
0.00, 29436
0.00, 28718
0.00, 28175
0.00, 27760
0.00, 27628
0.00, 27433
0.00, 27304
0.00, 27289
0.00, 27287
0.00, 27107
0.00, 27055
0.00, 26896
0.00, 26611
0.00, 26194
0.00, 25829
0.00, 25804
0.01, 25115
0.02, 25094
0.02, 25004
0.18, 24511
0.18, 24022
0.20, 23927
0.29, 23761
0.33, 23578
0.34, 23258
0.54, 23140
0.63, 23074
0.63, 21740
0.63, 21570
0.63, 21352
1.45, 20364
1.51, 20209
1.51, 20063
1.51, 20008
1.51, 19868
1.51, 19718
1.51, 19251
1.51, 18931
1.51, 18795
1.54, 18773
1.54, 18696
1.57, 18295
1.57, 18202
1.57, 18139
1.57, 18102
1.57, 18009
1.57, 17841
1.57, 17799
1.59, 17560
1.59, 17385
1.59, 17341
1.59, 17271
1.59, 17169
1.59, 16958
1.59, 16800
1.59, 16764
1.59, 16721
1.59, 16702
1.59, 16343
1.59, 16320
1.59, 15956
1.60, 15820
1.60, 15663
1.60, 15582
1.60, 15488
1.60, 15299
1.60, 15289
1.60, 15281
1.60, 15124
1.63, 15112
1.63, 14610
1.65, 14598
1.66, 14440
1.66, 14226
1.66, 14042
1.66, 13952
1.66, 13827
1.66, 13593
1.66, 13311
1.66, 13209
1.66, 13190
1.67, 13166
1.67, 13056
1.67, 12912
1.67, 12882
1.67, 12817
1.67, 12759
1.67, 12751
1.67, 12489
1.69, 12149
1.69, 12109
1.69, 11975
1.70, 11931
1.70, 11918
1.71, 11728
1.71, 11720
1.71, 11659
1.71, 11585
1.71, 11567
1.73, 11510
1.73, 11405
1.73, 11374
1.73, 11283
1.73, 11165
1.74, 10841
1.74, 10698
1.74, 10613
1.74, 10507
1.74, 10452
1.74, 10229
1.74, 10100
1.74, 10026
1.74, 9922
1.79, 9885
1.79, 9794
1.79, 9787
1.79, 9752
1.79, 9716
1.80, 9700
1.80, 9520
1.80, 9481
1.80, 9479
1.80, 9346
1.80, 9211
1.80, 9168
1.80, 9159
1.80, 9038
1.81, 9006
1.81, 8909
1.82, 8903
1.82, 8882
1.82, 8875
1.83, 8872
1.83, 8699
1.84, 8655
1.84, 8644
1.84, 8625
1.84, 8562
1.84, 8527
1.85, 8427
1.85, 8407
1.85, 8381
1.85, 8334
1.85, 8305
1.85, 8304
1.86, 8286
1.86, 8280
1.86, 8198
1.87, 8197
1.87, 8151
1.89, 8106
1.89, 8099
1.90, 8078
1.90, 8065
1.92, 8048
1.92, 8024
1.92, 8018
1.95, 8003
1.95, 8002
1.97, 8001
1.97, 7942
2.02, 7938
2.03, 7937
2.09, 7932
2.34, 7931
7.23, 7853
7.28, 7778
7.34, 7767
7.40, 7744
9.91, 7672
9.99, 7542
