0.01, 27747
0.02, 25871
0.03, 24322
0.04, 22822
0.05, 21579
0.06, 20114
0.07, 18949
0.09, 18029
0.10, 17305
0.11, 16478
0.12, 15723
0.13, 15067
0.14, 14497
0.15, 13947
0.16, 13453
0.17, 12964
0.18, 12540
0.19, 12156
0.20, 11783
0.21, 11431
0.22, 11096
0.23, 10816
0.24, 10629
0.25, 10398
0.26, 10218
0.28, 10043
0.29, 9869
0.29, 9689
0.31, 9548
0.32, 9414
0.33, 9281
0.34, 9205
0.35, 9130
0.36, 9056
0.37, 8976
0.38, 8906
0.39, 8802
0.40, 8747
0.41, 8670
0.42, 8632
0.43, 8593
0.44, 8564
0.45, 8539
0.47, 8327
0.48, 8304
0.49, 8291
0.50, 8278
0.51, 8267
0.53, 8262
0.54, 8261
1.34, 8193
1.35, 8125
1.36, 8064
1.37, 8009
1.38, 7963
1.39, 7916
1.40, 7873
1.41, 7846
1.43, 7831
1.44, 7827
