0.00, 31939
0.00, 31631
0.00, 31624
0.00, 31529
0.00, 30659
0.00, 30446
0.00, 30429
0.00, 30395
0.00, 30157
0.00, 29942
0.00, 29926
0.00, 29521
0.00, 29405
0.00, 29261
0.00, 29009
0.00, 28888
0.00, 28867
0.00, 28459
0.00, 27666
0.00, 27474
0.00, 27442
0.00, 27053
0.00, 27038
0.00, 26799
0.01, 26392
0.01, 25744
0.01, 25634
0.01, 25605
0.04, 25388
0.04, 25312
0.04, 25125
0.04, 25053
0.04, 24687
0.10, 24474
0.10, 24177
0.10, 24158
0.17, 23864
0.38, 23765
0.38, 23733
0.38, 23538
0.38, 23517
0.96, 23105
1.11, 22964
1.26, 22941
1.26, 22920
1.26, 22799
1.26, 22774
1.26, 22516
1.35, 21859
1.35, 21514
1.35, 21374
1.35, 21110
1.35, 20648
1.38, 20562
1.38, 20536
1.38, 20535
1.43, 20075
1.43, 19764
1.43, 19523
1.44, 19152
1.44, 19126
1.44, 19107
1.47, 19017
1.47, 18955
1.47, 18946
1.47, 18931
1.47, 18885
1.47, 18848
1.47, 18740
1.47, 18609
1.47, 18523
1.47, 18121
1.47, 18056
1.47, 18052
1.47, 17983
1.47, 17514
1.48, 17182
1.48, 17164
1.48, 17078
1.48, 17070
1.48, 16669
1.50, 16561
1.50, 16501
1.51, 16217
1.51, 16051
1.51, 15982
1.51, 15539
1.52, 15468
1.52, 15416
1.52, 15362
1.53, 14658
1.53, 14654
1.53, 14580
1.53, 13954
1.53, 13673
1.53, 13658
1.56, 13223
1.59, 13220
1.59, 13128
1.59, 13022
1.59, 12941
1.59, 12896
1.60, 12861
1.60, 12824
1.60, 12465
1.60, 12312
1.60, 12301
1.60, 12247
1.60, 12106
1.60, 12056
1.60, 11801
1.60, 11778
1.60, 11692
1.60, 11278
1.60, 11190
1.60, 11064
1.60, 11052
1.61, 11047
1.61, 10655
1.61, 10535
1.61, 10398
1.61, 10346
1.61, 10345
1.61, 10222
1.64, 10201
1.64, 10192
1.64, 10092
1.64, 10021
1.64, 9885
1.66, 9752
1.66, 9659
1.66, 9618
1.67, 9614
1.67, 9609
1.68, 9603
1.68, 9600
1.68, 9527
1.68, 9359
1.69, 9339
1.69, 9326
1.69, 9322
1.69, 9312
1.69, 9236
1.69, 9170
1.69, 9131
1.69, 9109
1.69, 9095
1.69, 9043
1.69, 8909
1.69, 8842
1.69, 8789
1.69, 8765
1.69, 8734
1.70, 8622
1.70, 8580
1.70, 8546
1.72, 8520
1.73, 8475
1.73, 8469
1.74, 8417
1.76, 8257
1.76, 8256
1.76, 8247
1.76, 8233
1.77, 8191
1.77, 8190
1.86, 8148
1.86, 8136
1.89, 8126
1.89, 8099
1.89, 8093
1.89, 8084
1.90, 8060
1.90, 8035
1.91, 8021
1.93, 8020
1.93, 8006
8.19, 7867
8.95, 7859
17.84, 7770
