0.00, 30957
0.00, 30727
0.00, 30123
0.00, 29965
0.00, 29951
0.00, 29752
0.00, 29732
0.00, 29478
0.00, 29296
0.00, 29236
0.00, 29069
0.00, 28985
0.00, 27698
0.00, 27343
0.00, 27271
0.00, 26917
0.00, 26880
0.00, 26774
0.00, 26574
0.00, 26145
0.00, 26111
0.00, 25173
0.00, 24873
0.04, 24426
0.04, 24247
0.04, 23903
0.13, 23721
0.13, 23285
0.70, 23167
0.70, 23062
1.07, 22000
1.07, 21984
1.07, 21470
1.65, 21421
1.65, 20706
1.65, 20506
1.65, 20298
1.65, 20124
1.65, 20096
1.68, 20037
1.68, 19639
1.68, 19271
1.68, 19251
1.68, 19099
1.68, 18892
1.68, 18825
1.68, 18776
1.69, 18770
1.77, 18672
1.77, 18191
1.77, 17962
1.77, 16936
1.77, 16909
1.77, 16865
1.80, 16783
1.80, 16780
1.80, 16491
1.80, 16490
1.80, 16457
1.80, 16310
1.80, 16266
1.80, 16128
1.80, 16120
1.81, 16119
1.81, 15987
1.82, 15883
1.82, 15875
1.83, 15850
1.83, 15842
1.83, 15591
1.83, 15290
1.83, 15193
1.83, 15178
1.83, 15067
1.83, 14955
1.84, 14706
1.84, 14684
1.84, 14490
1.84, 14455
1.84, 14264
1.84, 14184
1.84, 14170
1.87, 14093
1.87, 13780
1.88, 13751
1.88, 13555
1.88, 13531
1.88, 13502
1.88, 13485
1.88, 13471
1.88, 13424
1.88, 13035
1.88, 12811
1.88, 12809
1.88, 12806
1.88, 12598
1.88, 12590
1.88, 12437
1.89, 12347
1.89, 12343
1.89, 12190
1.89, 12188
1.89, 12140
1.90, 12082
1.90, 12080
1.92, 11962
1.92, 11931
1.92, 11847
1.92, 11762
1.92, 11724
1.92, 11504
1.92, 11428
1.92, 11427
1.92, 11350
1.92, 11133
1.95, 10840
1.95, 10805
1.95, 10606
1.95, 10531
1.95, 10524
1.95, 10511
1.95, 10314
1.98, 10252
1.98, 10162
1.98, 10110
2.00, 10095
2.00, 10077
2.00, 10055
2.00, 9883
2.00, 9826
2.02, 9825
2.02, 9818
2.03, 9809
2.03, 9634
2.03, 9630
2.04, 9514
2.04, 9400
2.05, 9295
2.05, 9284
2.05, 9280
2.05, 9207
2.05, 9090
2.07, 9081
2.07, 8985
2.07, 8927
2.07, 8925
2.07, 8838
2.07, 8807
2.07, 8803
2.08, 8757
2.08, 8691
2.08, 8634
2.12, 8627
2.12, 8560
2.12, 8409
2.12, 8408
2.14, 8389
2.17, 8374
2.20, 8148
2.77, 8058
6.97, 8041
6.98, 8040
7.08, 7906
7.26, 7886
8.69, 7875
9.56, 7840
