0.01, 27151
0.02, 25393
0.03, 23867
0.04, 22447
0.05, 21317
0.06, 20202
0.07, 19353
0.08, 18509
0.09, 17773
0.10, 16984
0.11, 16144
0.12, 15520
0.13, 14951
0.14, 14185
0.15, 13569
0.16, 12829
0.17, 12354
0.18, 11767
0.19, 11402
0.20, 11094
0.21, 10800
0.22, 10514
0.23, 10215
0.24, 9888
0.24, 9642
0.25, 9481
0.26, 9362
0.27, 9267
0.28, 9182
0.29, 9110
0.30, 8821
0.31, 8749
0.32, 8682
0.33, 8570
0.34, 8504
0.35, 8438
0.36, 8385
0.37, 8333
0.37, 8296
0.38, 8269
0.39, 8244
0.40, 8100
0.41, 8063
0.42, 8057
