0.00, 29578
0.00, 29031
0.00, 29023
0.00, 28866
0.00, 28700
0.00, 28132
0.00, 27506
0.00, 27069
0.00, 26883
0.00, 25925
0.00, 25824
0.00, 25744
0.00, 25469
0.03, 25417
0.03, 25048
0.03, 24690
0.03, 24520
0.06, 23875
0.15, 23765
0.15, 22471
1.59, 22236
1.59, 22227
1.59, 21772
1.59, 21628
1.64, 21099
1.64, 21075
1.64, 20861
1.70, 20700
1.70, 20026
1.72, 19936
1.72, 19867
1.72, 19583
1.73, 19533
1.73, 19275
1.73, 18575
1.75, 18488
1.75, 18148
1.75, 18112
1.75, 17953
1.75, 17180
1.75, 17021
1.75, 16535
1.75, 16472
1.79, 16466
1.79, 16361
1.79, 16281
1.79, 15871
1.79, 15862
1.79, 15844
1.80, 15831
1.80, 15794
1.80, 15738
1.80, 15412
1.83, 15058
1.84, 15020
1.84, 14751
1.84, 14704
1.84, 14679
1.84, 14483
1.84, 14277
1.84, 13966
1.85, 13948
1.86, 13869
1.86, 13581
1.86, 13535
1.87, 13507
1.87, 13406
1.87, 13257
1.87, 13235
1.87, 13084
1.89, 13065
1.89, 12967
1.89, 12936
1.89, 12906
1.89, 12898
1.89, 12625
1.89, 12436
1.89, 12432
1.89, 12201
1.89, 12180
1.89, 12128
1.89, 12023
1.92, 12021
1.92, 11920
1.92, 11902
1.92, 11891
1.92, 11814
1.92, 11753
1.92, 11575
1.92, 11299
1.92, 11189
1.92, 10995
1.92, 10797
1.92, 10744
1.93, 10740
1.93, 10682
1.93, 10587
1.93, 10489
1.93, 10460
1.94, 10405
1.94, 10287
2.00, 10249
2.00, 10201
2.00, 10050
2.00, 10047
2.01, 10046
2.01, 9966
2.01, 9786
2.01, 9702
2.01, 9671
2.01, 9656
2.01, 9557
2.01, 9542
2.01, 9521
2.01, 9493
2.02, 9453
2.03, 9427
2.03, 9392
2.03, 9386
2.03, 9346
2.03, 9240
2.03, 9198
2.04, 9142
2.04, 9139
2.04, 8975
2.05, 8970
2.05, 8901
2.05, 8874
2.06, 8872
2.06, 8868
2.06, 8774
2.06, 8685
2.07, 8682
2.09, 8672
2.09, 8504
2.10, 8448
2.10, 8446
2.10, 8432
2.10, 8345
2.10, 8328
2.10, 8284
2.10, 8277
2.11, 8243
2.11, 8242
2.11, 8165
2.12, 8076
2.12, 8072
2.12, 8063
2.12, 8036
2.13, 7964
2.13, 7962
2.17, 7940
2.18, 7925
2.21, 7831
2.25, 7798
