0.01, 27957
0.02, 26401
0.03, 24981
0.04, 23612
0.05, 22434
0.06, 21094
0.07, 20046
0.09, 19022
0.10, 18157
0.11, 17333
0.12, 16471
0.13, 15860
0.14, 15240
0.15, 14645
0.16, 14122
0.17, 13613
0.18, 13119
0.19, 12643
0.20, 12227
0.21, 11783
0.22, 11391
0.23, 11044
0.24, 10720
0.25, 10414
0.26, 10125
0.27, 9883
0.28, 9585
0.29, 9446
0.30, 9317
0.31, 9213
0.32, 9111
0.33, 8993
0.34, 8895
0.36, 8816
0.37, 8740
0.38, 8672
0.39, 8606
0.40, 8519
0.41, 8473
0.42, 8430
0.43, 8396
0.44, 8358
0.45, 8327
0.46, 8308
0.47, 8291
0.47, 8277
0.49, 8102
0.50, 8084
0.50, 8075
0.89, 8052
0.90, 7897
0.91, 7870
0.92, 7846
0.93, 7831
0.94, 7825
