0.00, 28429
0.00, 27460
0.00, 26930
0.00, 26556
0.01, 26492
0.01, 25956
0.01, 25920
0.01, 25916
0.01, 25481
0.06, 25390
0.06, 25299
0.07, 25119
0.08, 25113
0.08, 24738
0.11, 24607
0.11, 24356
0.27, 24071
0.27, 23516
1.27, 23251
1.28, 23203
1.28, 22870
1.28, 22869
1.28, 22865
1.28, 22664
1.28, 22517
1.36, 22468
1.36, 21928
1.36, 21923
1.36, 21455
1.36, 21267
1.36, 21182
1.41, 20214
1.41, 20024
1.41, 19978
1.41, 19911
1.42, 19778
1.42, 19364
1.42, 19351
1.42, 19330
1.42, 18984
1.45, 18883
1.45, 18588
1.45, 18553
1.45, 18521
1.45, 18237
1.45, 18231
1.45, 18149
1.45, 18107
1.45, 17985
1.50, 17958
1.50, 17763
1.50, 17011
1.50, 17010
1.50, 16978
1.50, 16861
1.50, 16390
1.50, 16343
1.52, 16144
1.53, 15904
1.53, 15844
1.53, 15788
1.53, 15778
1.53, 15717
1.53, 15271
1.55, 15046
1.56, 15021
1.57, 14848
1.57, 14818
1.57, 14600
1.57, 14598
1.57, 14499
1.57, 14447
1.57, 14435
1.57, 14145
1.57, 14063
1.57, 13928
1.57, 13678
1.57, 13455
1.57, 13331
1.57, 13269
1.57, 13052
1.57, 12674
1.57, 12401
1.57, 12395
1.57, 12339
1.57, 12213
1.57, 12077
1.61, 11856
1.61, 11836
1.61, 11835
1.61, 11758
1.61, 11429
1.61, 11420
1.61, 11198
1.61, 11047
1.62, 11012
1.62, 10899
1.64, 10876
1.64, 10802
1.64, 10644
1.65, 10599
1.65, 10403
1.65, 10336
1.67, 10273
1.67, 10265
1.67, 10251
1.67, 10236
1.67, 10195
1.68, 10193
1.68, 9961
1.68, 9836
1.68, 9808
1.68, 9537
1.68, 9490
1.68, 9484
1.73, 9423
1.73, 9383
1.73, 9152
1.73, 9067
1.73, 8880
1.73, 8853
1.73, 8829
1.75, 8764
1.75, 8754
1.75, 8724
1.75, 8706
1.75, 8664
1.75, 8659
1.75, 8607
1.75, 8533
1.75, 8454
1.75, 8422
1.76, 8372
1.76, 8230
1.77, 8220
1.77, 8173
1.78, 8155
1.78, 8153
1.78, 8127
1.79, 8094
1.83, 8087
1.84, 8085
1.84, 8030
1.84, 8029
1.85, 8024
1.87, 7991
1.87, 7988
1.87, 7981
1.87, 7977
1.88, 7975
1.91, 7974
1.95, 7973
2.17, 7894
