0.00, 33057
0.00, 31563
0.00, 31367
0.00, 31324
0.00, 31313
0.00, 31270
0.00, 30992
0.00, 30522
0.00, 30499
0.00, 30281
0.00, 30270
0.00, 29255
0.00, 28997
0.00, 28761
0.00, 28459
0.00, 28163
0.00, 27841
0.00, 27539
0.00, 27299
0.00, 27295
0.00, 27245
0.00, 27174
0.00, 27169
0.00, 26949
0.00, 26184
0.00, 26162
0.00, 26134
0.00, 25314
0.00, 25232
0.04, 24260
0.06, 23791
0.06, 23490
0.90, 23311
1.21, 23291
1.33, 23164
1.33, 23113
1.33, 23046
1.33, 23021
1.40, 22400
1.40, 22197
1.49, 21993
1.49, 21947
1.56, 21530
1.56, 21244
1.56, 21137
1.59, 20919
1.59, 20728
1.60, 20623
1.60, 20147
1.65, 20047
1.65, 20033
1.66, 19208
1.66, 18911
1.66, 18909
1.66, 18785
1.66, 18511
1.66, 18498
1.66, 18361
1.66, 18304
1.66, 18285
1.66, 18216
1.66, 18136
1.66, 17909
1.66, 17369
1.66, 16907
1.66, 16905
1.66, 16866
1.70, 16491
1.73, 16351
1.74, 16335
1.74, 16081
1.74, 16066
1.74, 16033
1.74, 15983
1.74, 15906
1.74, 15894
1.74, 15815
1.77, 15766
1.77, 15650
1.77, 15493
1.77, 15434
1.77, 15385
1.77, 15155
1.78, 15101
1.78, 14803
1.78, 14779
1.78, 14742
1.78, 14685
1.78, 14608
1.78, 14581
1.78, 14471
1.78, 14306
1.78, 14297
1.78, 14252
1.79, 14040
1.79, 13934
1.79, 13706
1.79, 13686
1.79, 12998
1.79, 12870
1.84, 12826
1.84, 12791
1.84, 12729
1.84, 12702
1.84, 12700
1.84, 12497
1.88, 12186
1.88, 12058
1.88, 11980
1.88, 11943
1.89, 11914
1.89, 11898
1.89, 11770
1.89, 11763
1.89, 11755
1.89, 11697
1.89, 11696
1.89, 11520
1.89, 11250
1.89, 11249
1.89, 11200
1.89, 11158
1.89, 11149
1.89, 10707
1.90, 10523
1.90, 10516
1.90, 10444
1.90, 10377
1.90, 10362
1.90, 10337
1.90, 10329
1.90, 10325
1.91, 10272
1.91, 10257
1.91, 10206
1.91, 10189
1.91, 10084
1.91, 10078
1.91, 10051
1.93, 10027
1.93, 9985
1.93, 9955
1.93, 9943
1.93, 9827
1.93, 9820
1.94, 9799
1.94, 9747
1.94, 9697
1.95, 9653
1.95, 9638
1.95, 9590
1.95, 9489
1.95, 9434
1.95, 9377
1.97, 9362
1.97, 9322
1.97, 9304
1.98, 9285
1.98, 9251
1.98, 9224
1.98, 9205
1.98, 9102
1.98, 9095
1.98, 9060
1.98, 8791
1.98, 8749
2.04, 8599
2.04, 8584
2.04, 8576
2.10, 8479
2.11, 8467
2.11, 8407
2.13, 8216
2.13, 8210
2.14, 8180
2.20, 8090
2.21, 8075
2.22, 8054
2.22, 8040
6.89, 8017
6.90, 8006
6.91, 7998
6.93, 7978
6.94, 7967
7.20, 7869
8.13, 7790
