0.00, 29068
0.00, 27670
0.00, 27549
0.00, 27409
0.00, 27369
0.00, 26419
0.00, 25955
0.00, 25696
0.00, 25604
0.00, 25590
0.00, 25537
0.00, 25471
0.00, 25244
0.00, 24558
0.00, 24422
0.00, 24134
0.03, 23950
0.33, 23771
0.33, 23754
0.33, 23618
1.26, 22865
1.30, 22743
1.35, 22518
1.35, 22414
1.36, 22218
1.36, 21989
1.36, 21840
1.36, 21736
1.40, 21731
1.40, 20798
1.42, 20749
1.42, 20682
1.43, 20393
1.44, 19875
1.44, 19766
1.44, 19662
1.45, 19524
1.45, 19469
1.45, 19243
1.45, 19152
1.45, 19002
1.45, 18981
1.49, 18971
1.50, 18677
1.50, 18345
1.50, 18056
1.50, 17863
1.51, 17744
1.51, 17594
1.51, 17490
1.51, 17295
1.51, 17275
1.51, 17241
1.51, 16988
1.53, 16909
1.53, 16896
1.53, 16887
1.53, 16364
1.53, 16340
1.53, 16324
1.53, 16166
1.53, 15910
1.53, 15808
1.53, 15244
1.55, 15113
1.55, 14998
1.55, 14901
1.57, 14890
1.57, 14609
1.57, 14501
1.57, 14461
1.57, 13646
1.57, 13602
1.57, 13460
1.57, 13411
1.57, 13404
1.57, 13284
1.57, 13016
1.58, 12999
1.58, 12644
1.58, 12562
1.59, 12169
1.59, 12154
1.59, 12071
1.59, 11898
1.59, 11888
1.59, 11728
1.59, 11629
1.59, 11600
1.59, 11577
1.62, 11474
1.62, 11455
1.62, 11403
1.62, 11398
1.62, 11355
1.62, 11345
1.62, 11338
1.62, 11194
1.62, 11129
1.62, 11054
1.62, 10872
1.64, 10835
1.64, 10812
1.64, 10736
1.64, 10710
1.64, 10528
1.64, 10490
1.66, 10319
1.66, 10186
1.66, 10177
1.66, 10161
1.66, 10063
1.67, 9887
1.67, 9848
1.67, 9794
1.70, 9771
1.70, 9764
1.70, 9656
1.70, 9601
1.70, 9499
1.70, 9077
1.70, 8897
1.70, 8768
1.70, 8757
1.71, 8755
1.71, 8753
1.71, 8681
1.71, 8650
1.71, 8587
1.71, 8508
1.71, 8479
1.71, 8439
1.71, 8352
1.71, 8227
1.77, 8176
1.77, 8170
1.77, 8029
1.80, 7992
1.80, 7957
1.84, 7917
1.87, 7912
1.87, 7885
1.87, 7850
1.87, 7754
2.16, 7702
2.37, 7645
2.80, 7561
2.82, 7542
