0.01, 29538
0.02, 27835
0.03, 26207
0.04, 24707
0.05, 23213
0.06, 21726
0.07, 20385
0.08, 19389
0.09, 18582
0.10, 17788
0.11, 16969
0.12, 16185
0.13, 15533
0.14, 14955
0.15, 14383
0.16, 13827
0.17, 13189
0.18, 12756
0.19, 12378
0.20, 12068
0.21, 11762
0.22, 11328
0.23, 10997
0.24, 10739
0.25, 10445
0.26, 10216
0.27, 10016
0.28, 9842
0.29, 9603
0.30, 9446
0.31, 9312
0.32, 9182
0.33, 9072
0.34, 8966
0.35, 8860
0.36, 8756
0.37, 8696
0.38, 8637
0.39, 8585
0.40, 8557
0.41, 8534
0.42, 8512
0.43, 8403
0.44, 8326
0.45, 8265
0.46, 8243
0.47, 8154
0.48, 8089
0.49, 8074
0.50, 8060
0.51, 8054
1.48, 8021
1.49, 7998
1.50, 7983
1.51, 7977
1.52, 7972
1.99, 7971
2.00, 7962
2.01, 7957
2.02, 7926
2.03, 7925
