0.00, 29766
0.00, 29575
0.00, 29562
0.00, 29267
0.00, 28850
0.00, 28564
0.00, 28539
0.00, 27943
0.00, 27856
0.00, 27764
0.00, 27674
0.00, 27569
0.00, 26743
0.00, 25903
0.01, 25755
0.01, 25717
0.01, 25506
0.01, 25388
0.01, 24690
0.01, 24333
0.02, 24251
0.06, 23782
0.27, 23339
1.16, 23173
1.45, 22947
1.45, 22846
1.45, 22225
1.45, 21948
1.59, 21877
1.59, 21684
1.59, 21642
1.60, 21433
1.60, 21148
1.60, 21024
1.60, 20577
1.60, 20314
1.62, 20239
1.62, 19839
1.62, 19367
1.64, 19254
1.69, 18780
1.69, 18513
1.69, 18354
1.71, 18098
1.71, 17899
1.71, 17594
1.71, 17492
1.71, 17410
1.71, 17133
1.71, 16873
1.71, 16816
1.71, 16478
1.71, 16146
1.75, 15821
1.75, 15772
1.75, 15736
1.75, 15698
1.75, 15651
1.75, 15592
1.75, 15171
1.75, 15170
1.75, 14402
1.75, 14367
1.76, 14255
1.79, 14129
1.79, 13988
1.79, 13955
1.79, 13712
1.81, 13705
1.81, 13431
1.81, 13415
1.81, 13202
1.81, 13110
1.81, 13032
1.81, 12808
1.83, 12794
1.83, 12730
1.83, 12506
1.83, 12492
1.83, 12270
1.83, 12262
1.85, 12087
1.85, 12063
1.85, 12034
1.85, 12032
1.85, 11933
1.85, 11906
1.86, 11811
1.86, 11788
1.86, 11741
1.86, 11695
1.86, 11644
1.86, 11599
1.86, 11598
1.86, 11592
1.86, 11480
1.86, 11437
1.86, 11434
1.87, 11223
1.87, 11165
1.87, 11071
1.87, 10967
1.87, 10944
1.87, 10920
1.87, 10907
1.87, 10900
1.87, 10829
1.87, 10815
1.87, 10776
1.87, 10544
1.87, 10431
1.87, 10382
1.88, 10136
1.88, 9810
1.88, 9762
1.88, 9667
1.91, 9544
1.94, 9421
1.95, 9362
1.95, 9347
1.95, 9303
1.95, 9222
1.95, 9024
1.96, 9016
1.96, 8932
1.96, 8860
1.99, 8817
1.99, 8793
1.99, 8782
1.99, 8715
1.99, 8670
1.99, 8650
2.01, 8624
2.01, 8478
2.02, 8467
2.02, 8382
2.02, 8354
2.08, 8340
2.08, 8312
2.09, 8311
2.10, 8263
2.10, 8248
2.11, 8202
2.12, 8183
2.19, 8146
2.20, 8131
3.84, 8121
4.08, 8103
6.68, 8068
6.75, 7945
6.76, 7914
6.94, 7781
7.18, 7776
