0.00, 30417
0.00, 30415
0.00, 30239
0.00, 30095
0.00, 30023
0.00, 29475
0.00, 29460
0.00, 29257
0.00, 28593
0.00, 28536
0.00, 28470
0.00, 28425
0.00, 28238
0.00, 28076
0.00, 27931
0.00, 27769
0.00, 27762
0.00, 27424
0.00, 27391
0.00, 27235
0.00, 26347
0.00, 26324
0.00, 25733
0.00, 25443
0.01, 25237
0.01, 25087
0.03, 24955
0.03, 24906
0.03, 24800
0.03, 24541
0.03, 24123
0.19, 23964
0.19, 23861
0.19, 23565
0.35, 23508
0.85, 22970
1.35, 22724
1.39, 22484
1.46, 22028
1.46, 21810
1.46, 21573
1.46, 21079
1.46, 20847
1.50, 20826
1.51, 20531
1.51, 19852
1.51, 19797
1.51, 19064
1.51, 18863
1.51, 18843
1.51, 17691
1.55, 17463
1.55, 17390
1.55, 17200
1.55, 16872
1.55, 16707
1.55, 16554
1.55, 16272
1.61, 16269
1.62, 15962
1.62, 15835
1.62, 15655
1.62, 15463
1.62, 15414
1.62, 15329
1.63, 15269
1.63, 15208
1.63, 15106
1.63, 15046
1.63, 15012
1.63, 14965
1.65, 14925
1.65, 14697
1.65, 14682
1.65, 14312
1.68, 14101
1.68, 14035
1.68, 13666
1.68, 13564
1.68, 13558
1.68, 13518
1.68, 13418
1.68, 13417
1.69, 13192
1.69, 13042
1.69, 12812
1.69, 12757
1.70, 12624
1.70, 12622
1.72, 12574
1.72, 12564
1.72, 12561
1.72, 12491
1.72, 12239
1.72, 12166
1.75, 12058
1.75, 12045
1.75, 11999
1.75, 11802
1.75, 11633
1.76, 11509
1.76, 11452
1.76, 11444
1.76, 11386
1.76, 11349
1.76, 11295
1.76, 11138
1.76, 11103
1.76, 10986
1.76, 10974
1.76, 10927
1.76, 10854
1.76, 10604
1.76, 10565
1.76, 10432
1.76, 10410
1.79, 10400
1.79, 10189
1.79, 10173
1.79, 9758
1.79, 9745
1.79, 9641
1.79, 9544
1.80, 9525
1.80, 9516
1.80, 9421
1.80, 9330
1.84, 9310
1.85, 9260
1.86, 9028
1.86, 8968
1.86, 8966
1.86, 8962
1.87, 8869
1.87, 8862
1.87, 8816
1.87, 8738
1.88, 8725
1.88, 8712
1.88, 8682
1.88, 8657
1.93, 8650
1.93, 8636
1.93, 8606
1.93, 8506
1.93, 8476
1.93, 8470
1.94, 8409
1.94, 8365
1.94, 8359
1.96, 8351
1.96, 8305
1.96, 8301
1.98, 8288
1.98, 8274
1.98, 8273
1.98, 8236
1.98, 8212
1.98, 8211
1.98, 8169
2.07, 8154
2.11, 8139
2.14, 8095
2.26, 8074
2.60, 8067
3.44, 8001
12.26, 7975
13.45, 7974
16.06, 7965
16.06, 7948
16.22, 7937
16.44, 7933
16.57, 7881
