0.01, 26222
0.02, 24478
0.03, 23094
0.04, 21755
0.05, 20704
0.06, 19655
0.07, 18622
0.08, 17822
0.09, 16814
0.10, 16067
0.11, 15364
0.12, 14675
0.13, 14063
0.14, 13559
0.15, 13086
0.16, 12666
0.17, 12261
0.18, 11775
0.19, 11388
0.20, 11007
0.21, 10709
0.22, 10509
0.23, 10309
0.24, 10138
0.25, 9983
0.25, 9829
0.26, 9679
0.27, 9555
0.28, 9436
0.29, 9328
0.31, 9239
0.32, 9153
0.32, 9077
0.33, 9009
0.34, 8948
0.35, 8897
0.36, 8856
0.37, 8819
0.38, 8793
0.39, 8764
0.40, 8741
0.41, 8670
0.41, 8647
0.42, 8633
0.82, 8582
0.83, 8530
0.84, 8481
0.85, 8438
0.85, 8406
0.86, 8149
0.87, 8130
0.88, 8112
0.89, 8104
0.90, 8099
1.80, 8098
1.81, 8096
1.82, 8079
