0.00, 29898
0.00, 29652
0.00, 29463
0.00, 29397
0.00, 29071
0.00, 29036
0.00, 29001
0.00, 27838
0.00, 26988
0.00, 26777
0.00, 26676
0.00, 26508
0.00, 26496
0.00, 26438
0.00, 26274
0.00, 26236
0.00, 26133
0.00, 25932
0.00, 25503
0.00, 25268
0.00, 24241
0.00, 23922
0.40, 23521
0.40, 23414
0.40, 23351
0.40, 23226
0.51, 23140
0.51, 22531
0.51, 22445
0.51, 21679
0.51, 21266
1.43, 21180
1.43, 21141
1.48, 20773
1.48, 20305
1.48, 20199
1.48, 19653
1.52, 19446
1.52, 19341
1.52, 19318
1.53, 19246
1.54, 19238
1.55, 19104
1.55, 19075
1.58, 19003
1.58, 18961
1.58, 18825
1.58, 18727
1.58, 18433
1.58, 17909
1.59, 17790
1.61, 17766
1.61, 17551
1.61, 17434
1.61, 17394
1.62, 17232
1.62, 17192
1.62, 16944
1.62, 16912
1.62, 16719
1.62, 16668
1.62, 16153
1.65, 15542
1.65, 15350
1.65, 15067
1.65, 14936
1.65, 14649
1.65, 14377
1.66, 14369
1.66, 13952
1.66, 13880
1.66, 13792
1.66, 13769
1.66, 13704
1.66, 13671
1.69, 13631
1.69, 13541
1.69, 13483
1.69, 13218
1.69, 13016
1.69, 12600
1.69, 12363
1.71, 12260
1.71, 12071
1.71, 11963
1.71, 11902
1.71, 11807
1.71, 11779
1.71, 11725
1.71, 11684
1.71, 11477
1.71, 11396
1.71, 11386
1.77, 11328
1.77, 11287
1.77, 11229
1.77, 10945
1.79, 10860
1.79, 10610
1.79, 10434
1.79, 10336
1.79, 10254
1.80, 10144
1.80, 10103
1.80, 9839
1.80, 9760
1.80, 9745
1.82, 9724
1.82, 9586
1.82, 9585
1.82, 9562
1.82, 9542
1.82, 9514
1.82, 9303
1.83, 9258
1.83, 9216
1.83, 9211
1.83, 9209
1.84, 9148
1.84, 9073
1.84, 9068
1.84, 8977
1.85, 8782
1.85, 8748
1.85, 8747
1.86, 8737
1.86, 8709
1.87, 8693
1.87, 8681
1.88, 8673
1.88, 8619
1.88, 8614
1.88, 8583
1.89, 8550
1.89, 8473
1.89, 8464
1.90, 8399
1.91, 8379
1.91, 8363
1.96, 8348
1.96, 8206
1.96, 8157
1.97, 8147
1.99, 8143
2.02, 8141
2.02, 8103
2.08, 8046
2.12, 8006
2.12, 7952
2.14, 7929
4.42, 7817
4.43, 7637
