0.00, 28197
0.00, 28146
0.00, 28115
0.00, 27227
0.00, 27067
0.00, 26591
0.00, 26272
0.00, 26237
0.00, 26106
0.01, 26003
0.01, 25999
0.02, 25988
0.02, 25706
0.02, 25544
0.04, 25365
0.04, 25177
0.08, 24963
0.08, 24838
0.21, 24695
0.21, 24526
0.29, 24483
0.29, 24092
0.29, 24025
0.29, 23330
0.29, 22395
0.29, 22370
1.27, 22229
1.37, 22126
1.37, 21880
1.37, 21758
1.38, 21557
1.38, 21407
1.38, 21394
1.40, 21272
1.40, 21261
1.40, 20803
1.40, 20801
1.40, 20541
1.40, 20306
1.40, 20237
1.40, 20233
1.40, 20051
1.40, 19884
1.40, 19059
1.40, 18705
1.40, 18294
1.46, 18214
1.46, 17933
1.46, 17932
1.46, 17928
1.46, 17869
1.46, 17196
1.46, 17115
1.46, 16891
1.46, 16757
1.46, 16650
1.46, 16395
1.51, 16382
1.51, 16375
1.51, 16151
1.51, 15995
1.53, 15824
1.53, 15663
1.53, 15131
1.53, 14553
1.54, 14444
1.54, 14388
1.54, 14382
1.55, 14326
1.55, 14173
1.55, 14102
1.55, 13941
1.55, 13893
1.55, 13765
1.55, 13530
1.55, 13490
1.55, 13424
1.55, 13334
1.55, 13301
1.55, 13258
1.55, 13135
1.55, 13133
1.55, 13076
1.55, 13001
1.55, 12834
1.55, 12822
1.55, 12779
1.55, 12663
1.55, 12565
1.55, 12522
1.55, 12276
1.57, 12241
1.57, 12218
1.57, 12208
1.57, 12206
1.57, 11877
1.57, 11865
1.57, 11791
1.57, 11790
1.57, 11704
1.57, 11622
1.57, 11605
1.58, 11428
1.58, 11342
1.58, 11188
1.58, 11186
1.58, 11027
1.58, 10980
1.62, 10946
1.63, 10930
1.63, 10825
1.63, 10712
1.63, 10561
1.63, 10542
1.64, 10409
1.64, 10405
1.64, 10345
1.64, 10339
1.64, 10292
1.64, 10250
1.64, 10238
1.64, 10130
1.64, 10115
1.64, 10102
1.64, 10035
1.64, 10022
1.65, 9999
1.65, 9871
1.65, 9851
1.65, 9799
1.65, 9767
1.65, 9690
1.67, 9636
1.67, 9591
1.67, 9547
1.68, 9420
1.68, 9383
1.68, 9316
1.68, 9297
1.68, 9291
1.68, 9244
1.68, 9128
1.68, 9101
1.68, 9070
1.68, 9058
1.68, 9000
1.69, 8979
1.69, 8960
1.69, 8958
1.69, 8957
1.69, 8881
1.69, 8879
1.69, 8746
1.73, 8708
1.73, 8634
1.73, 8622
1.74, 8599
1.74, 8545
1.74, 8473
1.74, 8325
1.74, 8243
1.74, 8185
1.80, 8134
1.80, 8124
1.80, 8059
1.93, 8036
1.93, 8015
1.94, 7997
2.23, 7908
3.25, 7907
3.59, 7887
3.60, 7876
8.15, 7853
8.68, 7831
8.73, 7678
17.05, 7642
17.89, 7623
18.50, 7618
