0.00, 31326
0.00, 31267
0.00, 30547
0.00, 30266
0.00, 30088
0.00, 29913
0.00, 29817
0.00, 29783
0.00, 29769
0.00, 29570
0.00, 28251
0.00, 27786
0.00, 27727
0.00, 27691
0.00, 26424
0.00, 25978
0.01, 25901
0.01, 25042
0.01, 24830
0.01, 24190
0.01, 24013
0.01, 23644
0.01, 23186
0.61, 23146
1.32, 22577
1.32, 22370
1.32, 22369
1.32, 22137
1.32, 20806
1.43, 20792
1.45, 20695
1.45, 20535
1.46, 20055
1.46, 19924
1.46, 19670
1.48, 19292
1.48, 19038
1.50, 19003
1.50, 18962
1.50, 18769
1.51, 18352
1.51, 18244
1.52, 18110
1.52, 17879
1.52, 17783
1.52, 17775
1.52, 17642
1.52, 17482
1.52, 17473
1.53, 17458
1.53, 17448
1.53, 17422
1.53, 16983
1.53, 16662
1.53, 16605
1.53, 16522
1.54, 16510
1.54, 16494
1.54, 16469
1.54, 16384
1.54, 16350
1.54, 16105
1.54, 16080
1.54, 15829
1.54, 15591
1.54, 15379
1.54, 15110
1.54, 14948
1.54, 14591
1.57, 14488
1.57, 14298
1.57, 14266
1.57, 14248
1.57, 14239
1.59, 14220
1.59, 14192
1.59, 13919
1.59, 13841
1.59, 13810
1.59, 13713
1.59, 13677
1.59, 13532
1.60, 13509
1.60, 13329
1.60, 13298
1.60, 13106
1.60, 12895
1.60, 12811
1.60, 12765
1.60, 12764
1.60, 12688
1.60, 12639
1.60, 12620
1.60, 12507
1.60, 12414
1.60, 12386
1.60, 12347
1.60, 12279
1.60, 11943
1.61, 11842
1.63, 11759
1.64, 11712
1.64, 11567
1.64, 11374
1.65, 11369
1.65, 11139
1.65, 11065
1.67, 10988
1.68, 10965
1.68, 10936
1.68, 10932
1.69, 10744
1.69, 10710
1.69, 10681
1.70, 10421
1.70, 10333
1.70, 10260
1.71, 10193
1.71, 10152
1.71, 10107
1.71, 9952
1.71, 9938
1.71, 9907
1.71, 9851
1.71, 9829
1.72, 9795
1.72, 9764
1.72, 9733
1.72, 9727
1.72, 9663
1.72, 9508
1.72, 9476
1.72, 9472
1.73, 9432
1.74, 9418
1.74, 9398
1.74, 9306
1.74, 9226
1.75, 9221
1.77, 9201
1.77, 9179
1.77, 9167
1.77, 9031
1.78, 8970
1.79, 8927
1.79, 8922
1.79, 8879
1.79, 8866
1.80, 8784
1.80, 8748
1.80, 8689
1.80, 8666
1.82, 8606
1.82, 8598
1.82, 8571
1.88, 8548
1.91, 8546
1.92, 8515
1.93, 8463
2.80, 8440
3.05, 8108
11.45, 8074
11.45, 8046
11.49, 8043
11.55, 8034
11.61, 8009
11.63, 7825
11.68, 7808
12.13, 7773
12.30, 7768
13.79, 7749
