0.01, 28372
0.02, 26725
0.03, 25133
0.04, 23555
0.05, 22194
0.07, 20955
0.08, 19973
0.09, 19072
0.10, 18181
0.11, 17227
0.12, 16401
0.13, 15707
0.15, 15020
0.16, 14305
0.17, 13681
0.18, 13118
0.19, 12578
0.20, 12124
0.21, 11746
0.22, 11369
0.24, 11031
0.25, 10696
0.26, 10402
0.27, 10123
0.28, 9890
0.29, 9685
0.30, 9510
0.32, 9335
0.33, 9161
0.34, 8997
0.35, 8864
0.36, 8734
0.37, 8609
0.38, 8500
0.39, 8396
0.40, 8301
0.41, 8211
0.42, 8171
0.43, 8135
0.44, 8111
0.44, 7999
0.45, 7927
0.46, 7887
0.47, 7833
0.48, 7810
0.49, 7788
0.50, 7768
0.51, 7737
0.52, 7727
0.53, 7596
