0.01, 28297
0.02, 26779
0.03, 24810
0.04, 23324
0.05, 22140
0.06, 21216
0.07, 20011
0.08, 19181
0.09, 18389
0.10, 17624
0.11, 16910
0.12, 16233
0.13, 15606
0.14, 14996
0.15, 14463
0.16, 13934
0.17, 13453
0.18, 13010
0.18, 12661
0.19, 12298
0.20, 11970
0.21, 11658
0.22, 11348
0.23, 11036
0.24, 10728
0.25, 10431
0.26, 10139
0.27, 9915
0.28, 9697
0.29, 9487
0.30, 9298
0.31, 9135
0.32, 9005
0.33, 8887
0.34, 8806
0.35, 8613
0.36, 8537
0.37, 8467
0.38, 8407
0.39, 8368
0.40, 8341
0.41, 8324
0.42, 8309
0.43, 8301
0.80, 8242
0.81, 8193
0.82, 8153
0.83, 8123
0.84, 8053
0.85, 7924
0.86, 7905
0.87, 7890
0.88, 7885
