0.01, 27451
0.02, 25721
0.03, 23999
0.04, 22404
0.05, 20992
0.06, 19765
0.07, 18695
0.08, 17871
0.09, 17079
0.10, 16320
0.11, 15597
0.12, 14962
0.13, 14436
0.14, 13925
0.15, 13452
0.16, 12988
0.17, 12636
0.18, 12306
0.19, 12026
0.20, 11758
0.21, 11494
0.22, 11301
0.23, 10892
0.24, 10626
0.25, 10441
0.26, 10260
0.27, 10000
0.28, 9770
0.29, 9547
0.30, 9386
0.31, 9242
0.32, 9106
0.33, 8972
0.35, 8894
0.36, 8816
0.37, 8740
0.38, 8674
0.39, 8609
0.40, 8556
0.41, 8514
0.42, 8474
0.43, 8451
0.44, 8434
0.45, 8420
0.46, 8289
0.47, 8277
0.48, 8259
0.49, 8243
1.30, 8188
1.31, 8106
1.32, 8045
1.33, 8005
1.34, 7968
1.35, 7950
1.36, 7934
1.37, 7804
1.38, 7803
