0.01, 29385
0.02, 27401
0.03, 25931
0.04, 24668
0.05, 23193
0.06, 21841
0.07, 20779
0.08, 19808
0.09, 19013
0.10, 18285
0.11, 17577
0.12, 16875
0.13, 16200
0.14, 15551
0.15, 14918
0.16, 14313
0.17, 13733
0.18, 13206
0.19, 12702
0.20, 12205
0.21, 11875
0.22, 11546
0.23, 11265
0.24, 10916
0.25, 10558
0.26, 10275
0.27, 9950
0.28, 9749
0.29, 9565
0.30, 9406
0.31, 9243
0.32, 9091
0.33, 8957
0.34, 8827
0.35, 8726
0.36, 8633
0.37, 8551
0.38, 8473
0.38, 8333
0.39, 8276
0.40, 8247
0.41, 8220
0.42, 8200
0.43, 8180
0.44, 8169
0.92, 8164
0.93, 8156
1.35, 8124
1.36, 8069
1.37, 8033
1.38, 8009
1.39, 7986
1.40, 7969
1.41, 7960
