0.00, 29925
0.00, 29917
0.00, 29881
0.00, 29693
0.00, 29514
0.00, 28564
0.00, 28507
0.00, 28472
0.00, 28428
0.00, 27951
0.00, 27501
0.00, 27259
0.00, 26891
0.01, 26377
0.01, 25975
0.01, 25885
0.01, 25702
0.01, 25646
0.01, 25369
0.01, 24889
0.01, 24121
0.01, 23951
0.01, 23896
0.01, 23789
0.01, 23726
0.11, 23506
0.83, 23426
1.04, 23121
1.29, 22513
1.29, 22460
1.32, 22161
1.32, 21820
1.32, 21801
1.32, 21647
1.37, 21558
1.37, 21075
1.38, 20668
1.38, 20560
1.38, 20242
1.38, 20186
1.38, 19896
1.38, 19709
1.47, 19069
1.47, 18889
1.47, 18750
1.52, 18640
1.52, 18427
1.52, 18161
1.52, 18030
1.52, 17933
1.52, 17455
1.52, 17442
1.52, 17063
1.56, 16809
1.58, 16608
1.58, 16563
1.58, 16521
1.58, 16203
1.58, 15918
1.58, 15901
1.58, 15861
1.58, 15853
1.58, 15775
1.58, 15621
1.59, 15392
1.59, 15380
1.59, 15356
1.59, 15104
1.59, 15008
1.59, 14857
1.59, 14555
1.61, 14460
1.61, 14454
1.61, 14443
1.61, 14437
1.61, 14433
1.61, 14367
1.62, 14213
1.63, 14190
1.63, 13794
1.63, 13617
1.63, 13503
1.63, 13439
1.63, 13436
1.64, 13275
1.64, 13132
1.64, 13117
1.64, 13078
1.64, 12940
1.66, 12849
1.66, 12598
1.66, 12594
1.66, 12592
1.66, 12329
1.66, 11710
1.72, 11691
1.72, 11682
1.72, 11537
1.72, 11504
1.72, 11380
1.72, 11354
1.72, 11122
1.72, 11093
1.72, 11054
1.72, 10994
1.72, 10608
1.72, 10504
1.72, 10429
1.76, 10412
1.76, 10341
1.76, 10258
1.76, 10196
1.76, 10177
1.76, 10080
1.76, 10031
1.76, 10015
1.76, 9980
1.76, 9979
1.76, 9974
1.76, 9909
1.76, 9818
1.76, 9785
1.76, 9775
1.76, 9692
1.76, 9611
1.76, 9531
1.76, 9464
1.77, 9376
1.77, 9248
1.79, 9213
1.79, 9197
1.79, 9155
1.79, 9129
1.79, 9114
1.84, 9107
1.84, 9085
1.84, 9001
1.85, 8983
1.85, 8947
1.85, 8935
1.86, 8716
1.86, 8679
1.87, 8664
1.87, 8617
1.98, 8603
1.99, 8598
2.00, 8597
2.02, 8595
2.04, 8591
2.06, 8585
2.12, 8584
2.40, 8518
3.52, 8503
4.60, 8402
6.84, 8304
6.84, 8294
6.84, 8214
6.84, 8213
6.84, 8170
6.85, 8163
6.86, 8120
6.86, 8055
6.86, 8044
6.88, 8037
6.89, 8009
6.90, 8003
6.90, 7994
6.91, 7972
6.92, 7961
7.02, 7916
7.08, 7837
16.82, 7719
17.00, 7714
17.09, 7674
17.10, 7617
17.18, 7565
17.89, 7542
