0.01, 27220
0.02, 25654
0.03, 24114
0.04, 22700
0.05, 21469
0.06, 20352
0.07, 19163
0.08, 18194
0.10, 17359
0.11, 16624
0.12, 15694
0.13, 15000
0.14, 14310
0.15, 13633
0.16, 13165
0.17, 12763
0.18, 12363
0.19, 12007
0.20, 11614
0.21, 11286
0.22, 11016
0.23, 10750
0.24, 10506
0.25, 10294
0.26, 10111
0.27, 9875
0.28, 9694
0.29, 9529
0.30, 9373
0.31, 9219
0.32, 9022
0.33, 8882
0.35, 8749
0.36, 8647
0.37, 8568
0.38, 8492
0.39, 8431
0.40, 8382
0.41, 8337
0.42, 8294
0.43, 8274
0.44, 8257
0.45, 8244
0.46, 8219
0.48, 8208
0.49, 8207
0.50, 8204
0.51, 8096
0.96, 7944
0.97, 7939
1.88, 7739
1.89, 7687
1.90, 7656
1.91, 7624
1.92, 7601
1.94, 7578
1.95, 7558
1.96, 7547
1.97, 7542
