0.01, 26859
0.02, 25182
0.03, 23677
0.04, 22291
0.05, 21210
0.06, 20246
0.07, 19287
0.08, 18327
0.09, 17441
0.10, 16674
0.11, 16041
0.12, 15325
0.13, 14386
0.14, 13811
0.15, 13256
0.16, 12717
0.17, 12218
0.18, 11792
0.19, 11420
0.20, 11089
0.21, 10836
0.22, 10588
0.23, 10358
0.24, 10147
0.25, 9943
0.26, 9697
0.27, 9544
0.28, 9396
0.29, 9266
0.30, 9154
0.31, 9044
0.32, 8937
0.33, 8797
0.34, 8691
0.35, 8587
0.36, 8499
0.38, 8444
0.39, 8405
0.40, 8377
0.41, 8364
0.42, 8197
0.43, 8145
0.44, 8049
0.45, 8036
0.46, 8025
0.47, 8017
1.72, 7936
1.73, 7878
1.74, 7829
1.75, 7792
1.76, 7769
1.77, 7750
1.78, 7745
