0.01, 26633
0.02, 24511
0.03, 23304
0.04, 22214
0.05, 21207
0.06, 20166
0.07, 19253
0.08, 18449
0.09, 17524
0.10, 16825
0.11, 16138
0.12, 15459
0.13, 14796
0.14, 14137
0.15, 13670
0.16, 13208
0.18, 12762
0.19, 12282
0.20, 11823
0.21, 11378
0.22, 11032
0.24, 10723
0.25, 10533
0.26, 10344
0.27, 10012
0.28, 9865
0.30, 9751
0.31, 9644
0.33, 9547
0.34, 9460
0.35, 9326
0.36, 9243
0.38, 9165
0.39, 9090
0.40, 9022
0.42, 8961
0.43, 8900
0.44, 8845
0.45, 8813
0.47, 8573
0.48, 8497
0.50, 8469
0.51, 8443
0.53, 8424
0.54, 8409
0.55, 8392
0.56, 8381
0.58, 8354
1.06, 8247
1.07, 8199
1.08, 8176
1.10, 8155
1.11, 8144
1.12, 8137
1.13, 8132
1.66, 8117
1.67, 8012
1.68, 7985
1.69, 7968
1.70, 7960
1.71, 7955
1.72, 7954
