0.01, 29709
0.02, 28167
0.03, 26571
0.04, 25069
0.05, 23783
0.06, 22499
0.07, 21335
0.08, 20018
0.09, 19192
0.10, 18325
0.11, 17397
0.12, 16638
0.14, 15954
0.15, 15296
0.16, 14707
0.17, 14153
0.18, 13576
0.19, 13048
0.20, 12558
0.22, 12216
0.23, 11917
0.24, 11553
0.25, 11176
0.26, 10904
0.27, 10650
0.28, 10414
0.29, 10185
0.31, 9958
0.32, 9722
0.33, 9572
0.34, 9438
0.35, 9308
0.36, 9179
0.37, 9055
0.38, 8902
0.39, 8780
0.40, 8674
0.41, 8571
0.42, 8490
0.44, 8442
0.45, 8398
0.46, 8365
0.47, 8271
0.48, 8238
0.49, 8227
0.50, 8222
1.40, 8207
1.41, 8126
1.42, 8089
1.43, 8053
1.44, 8029
1.45, 7917
1.46, 7845
1.47, 7822
1.47, 7810
1.48, 7795
1.49, 7789
1.50, 7707
1.51, 7680
