0.01, 26567
0.02, 24886
0.03, 23546
0.04, 22236
0.05, 20960
0.06, 19957
0.07, 19093
0.08, 18132
0.09, 17411
0.11, 16495
0.12, 15834
0.13, 15176
0.14, 14541
0.15, 14046
0.16, 13593
0.17, 13148
0.18, 12719
0.19, 12295
0.20, 11874
0.21, 11481
0.22, 11190
0.22, 10927
0.23, 10674
0.24, 10433
0.25, 10202
0.26, 10004
0.27, 9807
0.28, 9612
0.29, 9455
0.30, 9309
0.31, 9200
0.32, 8925
0.33, 8826
0.34, 8741
0.35, 8666
0.36, 8585
0.37, 8533
0.38, 8502
0.39, 8472
0.40, 8446
0.41, 8421
0.42, 8164
0.43, 8141
0.44, 8122
0.45, 8097
0.46, 8080
0.47, 8041
0.48, 8033
0.49, 8028
0.50, 8027
0.51, 8026
0.51, 8003
