0.00, 30593
0.00, 30355
0.00, 30271
0.00, 30243
0.00, 30242
0.00, 29510
0.00, 29424
0.00, 29406
0.00, 29225
0.00, 29121
0.00, 29101
0.00, 29019
0.00, 27930
0.00, 27180
0.00, 26920
0.00, 25787
0.00, 25732
0.01, 25698
0.01, 25496
0.03, 25312
0.03, 25259
0.03, 25236
0.06, 24954
0.06, 24514
0.06, 24477
0.08, 23891
0.08, 23887
0.08, 23852
0.08, 23790
0.11, 23730
0.11, 23617
0.11, 23266
0.11, 23203
1.43, 23196
1.43, 23187
1.43, 23120
1.43, 23099
1.43, 22979
1.48, 22897
1.48, 22866
1.48, 22796
1.48, 22584
1.51, 22249
1.51, 22014
1.51, 21635
1.51, 20027
1.57, 19585
1.57, 18971
1.57, 18759
1.57, 18730
1.58, 18415
1.65, 17917
1.65, 17821
1.65, 17547
1.65, 17380
1.65, 17359
1.65, 17229
1.66, 17201
1.66, 17072
1.68, 16650
1.70, 16324
1.70, 16047
1.71, 15854
1.72, 15473
1.72, 15408
1.72, 15172
1.72, 15168
1.72, 15150
1.72, 14991
1.72, 14986
1.72, 14940
1.72, 14030
1.75, 13941
1.75, 13900
1.75, 13780
1.75, 13727
1.75, 13655
1.75, 13586
1.75, 13522
1.75, 13143
1.75, 13080
1.76, 12838
1.76, 12756
1.76, 12523
1.76, 12497
1.76, 12428
1.76, 12337
1.76, 12103
1.80, 12093
1.80, 12030
1.80, 12017
1.80, 12014
1.83, 11989
1.83, 11926
1.83, 11793
1.83, 11719
1.84, 11572
1.84, 11383
1.84, 11373
1.85, 11259
1.85, 11253
1.85, 11147
1.85, 11145
1.85, 11091
1.85, 11038
1.85, 10974
1.85, 10917
1.86, 10909
1.86, 10807
1.86, 10792
1.86, 10397
1.86, 10388
1.87, 10353
1.87, 10320
1.87, 10291
1.87, 10126
1.87, 10107
1.87, 10004
1.87, 9961
1.88, 9833
1.90, 9809
1.90, 9741
1.90, 9718
1.90, 9701
1.90, 9619
1.90, 9596
1.90, 9570
1.90, 9393
1.90, 9392
1.90, 9348
1.91, 9304
1.91, 9299
1.91, 9178
1.91, 9147
1.92, 9119
1.92, 9033
1.93, 9026
1.93, 8978
1.93, 8968
1.93, 8920
1.93, 8774
1.93, 8738
1.93, 8703
1.93, 8595
1.94, 8521
1.95, 8485
1.95, 8436
6.98, 8335
6.98, 8272
6.98, 8138
6.98, 8130
7.00, 7920
7.01, 7907
7.06, 7905
7.43, 7888
11.81, 7830
11.84, 7820
11.85, 7777
11.86, 7755
13.82, 7750
13.83, 7727
14.30, 7704
