0.01, 28495
0.02, 26485
0.03, 24663
0.05, 23104
0.06, 21920
0.07, 20761
0.08, 19689
0.09, 18773
0.10, 17910
0.11, 17029
0.12, 16204
0.13, 15382
0.14, 14656
0.15, 14060
0.16, 13526
0.17, 13120
0.18, 12712
0.19, 12378
0.20, 12065
0.21, 11611
0.22, 11299
0.23, 11006
0.24, 10727
0.25, 10450
0.26, 10206
0.27, 9985
0.28, 9791
0.30, 9613
0.31, 9385
0.32, 9232
0.33, 9102
0.34, 9000
0.35, 8899
0.36, 8832
0.37, 8781
0.38, 8747
0.39, 8676
0.40, 8617
0.41, 8585
0.42, 8381
0.43, 8358
0.44, 8335
0.45, 8318
0.46, 8301
0.47, 8287
0.48, 8282
0.90, 8196
0.91, 8061
0.92, 7966
0.93, 7876
0.94, 7816
0.95, 7783
0.96, 7772
0.97, 7770
0.98, 7673
0.99, 7542
