0.00, 31580
0.00, 31539
0.00, 31387
0.00, 31385
0.00, 30988
0.00, 30242
0.00, 29751
0.00, 29481
0.00, 29275
0.00, 29164
0.00, 28121
0.00, 27939
0.00, 27756
0.00, 27605
0.00, 27537
0.00, 26960
0.00, 26934
0.00, 26565
0.00, 26388
0.00, 26232
0.00, 26197
0.00, 25532
0.02, 25398
0.02, 24950
0.02, 24638
0.05, 24560
0.05, 24310
0.11, 24224
0.11, 24191
0.11, 22968
0.11, 22874
0.11, 21875
1.45, 21872
1.46, 21218
1.47, 20811
1.47, 20769
1.47, 20522
1.50, 19803
1.50, 18847
1.60, 18818
1.60, 18786
1.61, 17875
1.61, 17866
1.62, 17795
1.62, 17569
1.62, 17097
1.62, 17051
1.62, 16953
1.62, 16757
1.62, 16714
1.62, 16667
1.66, 16656
1.66, 16573
1.66, 16293
1.66, 16232
1.66, 16213
1.66, 16151
1.66, 16077
1.66, 16031
1.66, 15769
1.66, 15667
1.66, 15652
1.66, 15596
1.66, 15496
1.66, 15242
1.66, 15146
1.66, 15128
1.66, 15031
1.66, 15006
1.69, 14690
1.69, 14366
1.69, 13962
1.73, 13878
1.73, 13873
1.73, 13847
1.73, 13712
1.73, 13278
1.73, 13238
1.73, 13180
1.73, 13082
1.73, 13073
1.73, 12791
1.73, 12773
1.73, 12702
1.73, 12697
1.73, 12678
1.73, 12624
1.75, 12491
1.75, 12180
1.75, 12017
1.75, 11874
1.75, 11859
1.75, 11837
1.75, 11740
1.75, 11708
1.75, 11516
1.75, 11483
1.75, 11266
1.81, 11220
1.81, 11159
1.81, 11095
1.82, 11087
1.82, 11080
1.82, 11011
1.82, 10977
1.82, 10971
1.84, 10969
1.84, 10960
1.84, 10938
1.84, 10821
1.84, 10796
1.84, 10787
1.84, 10691
1.84, 10580
1.84, 10496
1.84, 10446
1.84, 10428
1.84, 10382
1.84, 10370
1.84, 10329
1.84, 10318
1.85, 10311
1.85, 10290
1.85, 10225
1.85, 10205
1.85, 10186
1.86, 10168
1.87, 9991
1.87, 9945
1.87, 9887
1.87, 9767
1.88, 9759
1.88, 9754
1.88, 9688
1.88, 9665
1.88, 9654
1.88, 9611
1.88, 9564
1.88, 9408
1.88, 9406
1.88, 9405
1.88, 9360
1.88, 9298
1.91, 9222
1.91, 8978
1.92, 8964
1.92, 8954
1.92, 8943
1.92, 8884
1.94, 8742
1.94, 8690
1.95, 8675
1.95, 8655
1.95, 8561
1.95, 8536
1.95, 8530
1.97, 8472
1.97, 8335
2.08, 8306
2.09, 8274
2.11, 8192
2.11, 8167
2.13, 8154
2.31, 8149
3.83, 8148
4.44, 8071
4.45, 7928
4.52, 7839
11.54, 7803
11.54, 7797
11.56, 7754
11.56, 7724
12.84, 7719
18.16, 7704
