0.00, 26405
0.00, 26401
0.00, 26011
0.00, 25170
0.04, 24702
0.04, 24695
0.11, 24667
0.11, 24660
0.11, 24457
0.11, 24453
0.13, 24203
0.20, 23797
0.22, 23752
0.40, 23692
0.48, 23614
0.53, 23542
0.53, 22918
1.38, 22853
1.38, 22807
1.40, 21998
1.42, 21830
1.42, 21792
1.42, 21728
1.42, 21196
1.42, 21083
1.42, 20955
1.42, 20951
1.42, 20947
1.46, 20918
1.48, 20676
1.48, 20674
1.49, 20627
1.49, 19368
1.49, 19223
1.49, 19161
1.50, 18664
1.50, 18511
1.50, 18492
1.50, 18454
1.50, 18120
1.50, 17983
1.50, 17964
1.50, 17962
1.52, 17911
1.54, 17511
1.54, 17388
1.54, 17375
1.54, 17359
1.54, 17125
1.54, 16991
1.54, 16779
1.55, 16719
1.55, 16564
1.55, 16558
1.55, 16284
1.55, 15925
1.55, 15876
1.55, 15795
1.55, 15761
1.55, 15534
1.55, 15498
1.55, 15320
1.56, 15301
1.56, 15187
1.56, 15156
1.59, 15140
1.59, 15044
1.59, 14941
1.59, 14936
1.59, 14935
1.59, 14777
1.59, 14747
1.59, 14640
1.59, 14597
1.59, 14572
1.59, 14474
1.59, 14370
1.59, 14290
1.59, 14055
1.59, 14000
1.59, 13986
1.59, 13883
1.62, 13864
1.62, 13703
1.62, 13454
1.62, 13392
1.62, 13346
1.62, 13043
1.62, 13009
1.62, 12986
1.62, 12984
1.62, 12961
1.62, 12888
1.62, 12871
1.62, 12869
1.65, 12838
1.65, 12834
1.65, 12773
1.65, 12736
1.65, 12661
1.65, 12652
1.65, 12615
1.65, 12607
1.65, 12590
1.65, 12521
1.65, 12294
1.65, 12059
1.65, 11928
1.65, 11920
1.65, 11873
1.65, 11749
1.67, 11662
1.67, 11636
1.67, 11587
1.67, 11566
1.67, 11325
1.67, 11139
1.67, 11091
1.68, 11080
1.68, 10979
1.68, 10886
1.68, 10865
1.68, 10809
1.68, 10641
1.68, 10625
1.68, 10491
1.68, 10411
1.69, 10287
1.69, 10180
1.69, 10169
1.69, 10096
1.69, 10034
1.69, 9999
1.70, 9993
1.70, 9987
1.71, 9918
1.71, 9777
1.71, 9776
1.71, 9626
1.71, 9529
1.72, 9499
1.72, 9463
1.72, 9381
1.73, 9340
1.73, 9289
1.73, 9230
1.73, 9153
1.75, 9142
1.75, 9078
1.75, 9066
1.75, 9021
1.75, 8979
1.76, 8955
1.76, 8947
1.76, 8909
1.80, 8904
1.80, 8896
1.80, 8887
1.80, 8834
1.80, 8812
1.81, 8804
1.81, 8798
1.81, 8790
1.83, 8749
1.83, 8731
1.84, 8722
1.86, 8711
1.86, 8682
1.87, 8672
1.87, 8632
1.88, 8591
1.88, 8502
1.88, 8467
1.90, 8463
1.94, 8434
1.94, 8420
1.96, 8415
1.97, 8386
1.97, 8365
1.97, 8331
1.97, 8201
3.34, 8129
7.14, 8121
7.18, 8116
11.36, 8100
11.38, 8027
11.38, 7995
11.38, 7965
11.38, 7836
11.45, 7798
11.49, 7787
11.49, 7786
11.77, 7775
13.52, 7703
