0.01, 27401
0.02, 25933
0.03, 24642
0.04, 23327
0.05, 22062
0.06, 20948
0.07, 19854
0.08, 18788
0.10, 17821
0.11, 17098
0.12, 16362
0.13, 15650
0.14, 14814
0.15, 14171
0.16, 13532
0.17, 12917
0.18, 12376
0.19, 11831
0.20, 11504
0.21, 11182
0.22, 10895
0.23, 10616
0.24, 10337
0.25, 10067
0.26, 9810
0.27, 9578
0.28, 9411
0.29, 9253
0.30, 9100
0.31, 8966
0.33, 8832
0.34, 8701
0.35, 8570
0.36, 8433
0.37, 8303
0.38, 8213
0.39, 8124
0.40, 8038
0.41, 8001
0.41, 7973
0.42, 7947
0.43, 7924
0.44, 7901
0.45, 7881
0.46, 7864
0.47, 7760
0.48, 7755
