0.00, 29055
0.00, 28519
0.00, 28353
0.00, 28250
0.00, 27775
0.00, 27720
0.00, 27636
0.00, 27635
0.00, 27519
0.00, 27170
0.00, 26602
0.00, 26273
0.00, 26093
0.00, 26068
0.00, 25218
0.02, 25171
0.02, 24433
0.04, 24393
0.04, 24356
0.04, 24173
0.26, 23924
0.29, 23922
0.46, 23719
0.46, 23693
0.54, 23453
1.31, 23129
1.42, 23122
1.42, 22798
1.42, 22311
1.42, 21801
1.42, 21765
1.58, 21428
1.58, 21267
1.58, 20842
1.61, 20826
1.61, 20561
1.61, 19973
1.61, 19758
1.62, 19383
1.64, 18693
1.64, 18134
1.64, 17908
1.64, 17898
1.66, 17832
1.66, 17657
1.66, 17594
1.66, 17549
1.66, 17496
1.66, 17095
1.67, 17093
1.69, 17048
1.69, 16814
1.71, 16765
1.72, 16653
1.72, 16404
1.72, 16341
1.72, 16296
1.72, 16149
1.72, 16045
1.72, 15730
1.72, 15417
1.72, 15160
1.72, 15148
1.72, 14985
1.72, 14976
1.74, 14908
1.74, 14749
1.74, 14674
1.74, 14600
1.74, 14398
1.74, 14378
1.74, 14250
1.75, 14242
1.75, 13795
1.75, 13791
1.75, 13632
1.75, 13456
1.76, 13433
1.76, 13284
1.76, 13266
1.76, 13159
1.76, 13094
1.76, 12927
1.76, 12801
1.76, 12670
1.77, 12603
1.77, 12398
1.81, 12228
1.81, 12226
1.81, 12104
1.81, 12056
1.81, 12015
1.81, 11861
1.81, 11857
1.81, 11726
1.81, 11681
1.83, 11601
1.83, 11580
1.83, 11520
1.83, 11168
1.83, 11067
1.83, 11047
1.84, 11015
1.84, 10826
1.84, 10769
1.84, 10748
1.84, 10631
1.84, 10575
1.85, 10440
1.85, 10352
1.85, 10329
1.85, 10299
1.85, 10271
1.85, 10259
1.85, 10131
1.85, 10067
1.86, 10047
1.86, 10045
1.87, 10039
1.87, 9912
1.87, 9854
1.88, 9786
1.88, 9635
1.88, 9576
1.88, 9537
1.88, 9460
1.88, 9440
1.89, 9422
1.89, 9297
1.89, 9273
1.89, 9215
1.89, 9211
1.89, 9190
1.89, 9050
1.89, 9044
1.89, 9004
1.89, 8955
1.89, 8839
1.90, 8789
1.90, 8693
1.95, 8584
1.95, 8570
1.95, 8520
1.95, 8458
1.96, 8425
1.96, 8402
1.96, 8387
1.97, 8356
1.97, 8272
2.96, 8189
3.36, 8128
6.71, 8116
6.78, 8096
6.78, 8091
6.81, 8090
6.88, 8082
6.90, 8046
7.10, 8023
9.59, 8022
11.86, 8013
12.67, 8002
12.81, 8001
13.31, 7779
