0.00, 28889
0.00, 28819
0.00, 28491
0.00, 28353
0.00, 28262
0.00, 27668
0.00, 26910
0.00, 26362
0.00, 26285
0.00, 25751
0.01, 25706
0.01, 25143
0.03, 24255
0.03, 24146
0.18, 24140
0.32, 24132
0.32, 23611
0.32, 23204
1.44, 22922
1.44, 22686
1.44, 22642
1.44, 22563
1.49, 22532
1.49, 22303
1.51, 22050
1.51, 21613
1.52, 21571
1.54, 21379
1.54, 21340
1.54, 21024
1.54, 20583
1.54, 20525
1.59, 20195
1.59, 20103
1.60, 20004
1.60, 19429
1.60, 19139
1.62, 18991
1.62, 18971
1.62, 18970
1.62, 18701
1.62, 18520
1.62, 18477
1.62, 18100
1.62, 17830
1.62, 17737
1.62, 17599
1.62, 17585
1.62, 17422
1.67, 17377
1.67, 17338
1.67, 17326
1.67, 17300
1.67, 16797
1.68, 16766
1.68, 16761
1.68, 16500
1.68, 16448
1.68, 15998
1.68, 15638
1.69, 15492
1.69, 15459
1.69, 15157
1.69, 15094
1.69, 15090
1.69, 14937
1.69, 14473
1.73, 14317
1.73, 14092
1.73, 13905
1.73, 13827
1.73, 13769
1.73, 13758
1.73, 13698
1.73, 13584
1.73, 13502
1.77, 13461
1.77, 13364
1.77, 13031
1.79, 12968
1.79, 12825
1.79, 12755
1.79, 12738
1.79, 12667
1.79, 12616
1.79, 12525
1.80, 12418
1.80, 12333
1.80, 12313
1.80, 12240
1.80, 12236
1.80, 12204
1.80, 12165
1.80, 12091
1.80, 12080
1.80, 11960
1.80, 11663
1.80, 11574
1.83, 11475
1.83, 11435
1.83, 11305
1.83, 11291
1.83, 11264
1.84, 11047
1.84, 11025
1.84, 11001
1.84, 10938
1.84, 10937
1.84, 10930
1.84, 10924
1.84, 10867
1.84, 10742
1.84, 10682
1.84, 10616
1.85, 10559
1.85, 10548
1.85, 10438
1.85, 10375
1.85, 10252
1.85, 10157
1.85, 9926
1.86, 9919
1.86, 9880
1.86, 9485
1.86, 9462
1.86, 9459
1.86, 9440
1.86, 9333
1.88, 9307
1.91, 9250
1.91, 9193
1.91, 9028
1.91, 8948
1.91, 8691
1.92, 8601
1.92, 8566
1.92, 8426
1.92, 8422
1.92, 8306
1.92, 8260
1.92, 8227
1.93, 8190
1.94, 8188
1.94, 8176
1.99, 8141
1.99, 8104
2.00, 8064
2.00, 8038
2.00, 8013
2.02, 8005
2.05, 7991
2.05, 7954
3.80, 7875
16.26, 7874
16.36, 7873
16.58, 7807
