0.00, 31073
0.00, 30666
0.00, 30432
0.00, 30122
0.00, 30024
0.00, 29732
0.00, 29690
0.00, 29188
0.00, 29082
0.00, 28970
0.00, 28928
0.00, 28395
0.00, 28347
0.00, 28341
0.00, 28099
0.00, 27930
0.00, 27697
0.00, 27618
0.00, 27602
0.01, 26821
0.01, 26039
0.01, 25750
0.01, 25687
0.01, 25340
0.01, 25329
0.01, 24841
0.15, 24840
0.18, 24350
0.24, 24115
0.24, 24032
0.24, 23907
0.24, 23771
0.30, 23639
0.30, 23599
0.81, 23483
0.81, 23211
0.84, 22712
0.84, 22657
0.84, 22655
0.84, 22432
0.84, 22397
0.87, 22345
0.87, 22031
0.87, 22022
0.88, 21882
0.88, 21849
0.88, 21282
0.88, 21048
0.88, 20937
0.88, 20929
0.88, 20784
0.88, 20757
0.88, 20612
0.88, 20590
0.88, 20481
0.88, 20438
0.89, 19790
0.89, 19730
0.89, 19405
0.89, 19323
0.89, 18911
0.91, 18898
0.91, 18640
0.91, 18413
0.91, 18324
0.91, 18003
0.91, 17774
0.93, 17480
0.93, 17094
0.93, 16920
0.93, 16901
0.93, 16671
0.93, 16418
0.93, 16309
0.93, 16227
0.93, 16202
0.93, 16100
0.93, 15996
0.93, 15901
0.93, 15627
0.93, 15238
0.93, 15027
0.93, 14864
0.93, 14790
0.93, 14537
0.97, 14309
0.97, 14178
0.97, 14141
0.97, 13922
0.97, 13792
0.97, 13546
0.97, 13448
0.97, 13398
0.97, 13005
0.97, 12974
0.97, 12806
0.97, 12609
0.97, 12601
0.97, 12564
0.97, 12526
0.98, 12428
0.98, 12337
0.98, 12327
0.98, 12264
0.98, 12079
0.98, 11916
0.98, 11276
0.98, 11274
0.98, 11018
0.99, 10999
0.99, 10961
1.00, 10935
1.00, 10841
1.00, 10665
1.00, 10580
1.00, 10496
1.01, 10449
1.01, 10387
1.01, 10146
1.01, 10098
1.01, 9997
1.01, 9911
1.02, 9899
1.02, 9821
1.02, 9637
1.02, 9636
1.03, 9626
1.03, 9459
1.03, 9392
1.03, 9318
1.03, 9303
1.04, 9234
1.04, 9228
1.04, 9138
1.04, 9123
1.04, 9063
1.04, 9055
1.04, 9032
1.04, 9000
1.04, 8878
1.04, 8869
1.04, 8807
1.04, 8768
1.05, 8717
1.05, 8665
1.05, 8642
1.05, 8522
1.05, 8504
1.05, 8497
1.05, 8451
1.05, 8399
1.05, 8376
1.05, 8328
1.05, 8275
1.06, 8235
1.06, 8215
1.06, 8139
1.06, 8128
1.06, 8101
1.07, 8091
1.07, 8045
1.15, 8024
1.28, 8007
1.76, 7979
1.77, 7974
2.21, 7962
2.22, 7948
