0.00, 30440
0.00, 30058
0.00, 30033
0.00, 30016
0.00, 28989
0.00, 28929
0.00, 28517
0.00, 28511
0.00, 27971
0.00, 26808
0.00, 26772
0.00, 26660
0.00, 25766
0.00, 25175
0.00, 25151
0.03, 24923
0.07, 24782
0.07, 24681
0.08, 24388
0.08, 24266
0.10, 24175
0.10, 23875
0.10, 22888
0.10, 22793
1.55, 22480
1.55, 22461
1.55, 22349
1.55, 22245
1.56, 22106
1.56, 22059
1.56, 21940
1.57, 21916
1.57, 20256
1.57, 20082
1.57, 20018
1.65, 19880
1.67, 19551
1.67, 18652
1.70, 18630
1.70, 18579
1.70, 18558
1.70, 17886
1.70, 17845
1.70, 17807
1.70, 17100
1.70, 16597
1.70, 16372
1.70, 16316
1.70, 16078
1.70, 16036
1.70, 15918
1.70, 15718
1.70, 15661
1.70, 15613
1.77, 15462
1.77, 15413
1.77, 15288
1.77, 15275
1.77, 15262
1.77, 15207
1.78, 15196
1.78, 14912
1.78, 14899
1.78, 14863
1.78, 14799
1.78, 14650
1.78, 14564
1.78, 14486
1.78, 14389
1.78, 14218
1.81, 14088
1.82, 14000
1.82, 13905
1.83, 13764
1.83, 13582
1.83, 13574
1.83, 13537
1.83, 13368
1.83, 13343
1.83, 13234
1.83, 13169
1.84, 13133
1.84, 13050
1.84, 12933
1.84, 12717
1.84, 12697
1.85, 12693
1.85, 12568
1.85, 12467
1.85, 12338
1.85, 12178
1.85, 12051
1.88, 11887
1.88, 11680
1.88, 11624
1.88, 11402
1.89, 11400
1.89, 11093
1.89, 11021
1.89, 11002
1.89, 10842
1.89, 10831
1.89, 10722
1.89, 10563
1.89, 10541
1.89, 10426
1.89, 10318
1.89, 10254
1.89, 10103
1.91, 10063
1.91, 10035
1.92, 10021
1.92, 10012
1.93, 10001
1.93, 9993
1.93, 9788
1.93, 9759
1.93, 9567
1.93, 9445
1.93, 9335
1.93, 9329
1.93, 9237
1.93, 9178
1.96, 9012
1.96, 9001
1.96, 8829
1.96, 8740
1.98, 8705
1.98, 8667
1.98, 8606
1.98, 8569
1.98, 8554
1.99, 8552
1.99, 8495
1.99, 8488
1.99, 8334
1.99, 8323
1.99, 8285
2.01, 8273
2.01, 8259
2.01, 8245
2.02, 8198
2.02, 8170
2.03, 8141
2.04, 8078
2.05, 8074
2.06, 8046
2.10, 8014
2.12, 8006
2.89, 7930
2.89, 7926
2.89, 7900
2.98, 7878
6.88, 7869
6.89, 7864
7.91, 7841
9.00, 7698
