0.01, 29531
0.02, 27931
0.03, 26274
0.04, 24860
0.05, 23382
0.06, 22126
0.07, 20950
0.08, 19761
0.09, 18811
0.10, 17841
0.11, 17069
0.12, 16363
0.12, 15534
0.13, 14838
0.14, 14243
0.15, 13714
0.16, 13129
0.17, 12647
0.18, 12263
0.19, 11886
0.20, 11512
0.21, 11147
0.22, 10786
0.23, 10488
0.24, 10197
0.25, 9981
0.25, 9715
0.26, 9533
0.27, 9325
0.28, 9168
0.29, 9018
0.30, 8933
0.31, 8764
0.32, 8602
0.33, 8557
0.34, 8300
0.35, 8261
0.36, 8221
0.37, 8183
0.37, 8063
0.38, 7996
0.39, 7961
0.41, 7934
0.42, 7933
