0.01, 26818
0.02, 25002
0.03, 23443
0.04, 22264
0.05, 20700
0.06, 19673
0.07, 18733
0.08, 17793
0.09, 16900
0.10, 15958
0.11, 15218
0.11, 14653
0.12, 14111
0.13, 13579
0.14, 13060
0.15, 12590
0.16, 12140
0.17, 11659
0.18, 11278
0.19, 10714
0.20, 10406
0.21, 10088
0.22, 9772
0.23, 9445
0.24, 9168
0.25, 8976
0.25, 8840
0.26, 8725
0.27, 8562
0.28, 8460
0.29, 8394
0.30, 8329
0.31, 8275
0.32, 8229
0.33, 8169
0.34, 8138
0.35, 8115
0.36, 8109
0.37, 8104
0.73, 8055
0.74, 8026
0.75, 8006
0.76, 7986
0.77, 7949
0.78, 7933
0.79, 7803
0.80, 7797
0.81, 7796
