0.01, 26815
0.02, 25193
0.03, 23575
0.04, 22417
0.05, 21163
0.06, 20237
0.07, 19380
0.08, 18486
0.09, 17686
0.10, 16843
0.11, 16126
0.12, 15497
0.13, 14854
0.14, 14295
0.14, 13762
0.15, 13260
0.16, 12813
0.17, 12369
0.18, 11929
0.19, 11638
0.20, 11298
0.21, 11007
0.22, 10762
0.23, 10412
0.24, 10182
0.25, 9916
0.26, 9729
0.27, 9577
0.29, 9443
0.29, 9299
0.30, 9166
0.31, 9071
0.32, 8994
0.33, 8931
0.34, 8872
0.35, 8820
0.36, 8780
0.37, 8726
0.38, 8694
0.39, 8671
0.40, 8648
0.41, 8628
0.42, 8608
0.43, 8594
0.44, 8583
0.45, 8575
0.46, 8569
0.93, 8451
0.94, 8399
0.95, 8303
0.96, 8295
0.97, 8288
0.98, 8112
0.99, 8097
