0.01, 24869
0.02, 23250
0.03, 21962
0.04, 20803
0.05, 19693
0.06, 18748
0.07, 17905
0.08, 17105
0.09, 16207
0.11, 15424
0.11, 14718
0.12, 14209
0.13, 13741
0.14, 13180
0.15, 12714
0.16, 12301
0.17, 11940
0.18, 11632
0.19, 11265
0.20, 10903
0.21, 10537
0.22, 10257
0.23, 10041
0.24, 9755
0.25, 9567
0.25, 9431
0.26, 9301
0.27, 9197
0.28, 9090
0.29, 8983
0.30, 8888
0.31, 8794
0.32, 8704
0.33, 8618
0.34, 8533
0.35, 8449
0.36, 8370
0.37, 8292
0.38, 8234
0.39, 8182
0.40, 8133
0.41, 8109
0.41, 8100
0.42, 8044
0.43, 8038
0.44, 8024
1.82, 8019
1.83, 8014
1.84, 7931
1.85, 7927
1.86, 7926
