0.00, 31036
0.00, 29904
0.00, 29903
0.00, 29850
0.00, 29744
0.00, 29633
0.00, 29421
0.00, 29051
0.00, 28476
0.00, 28366
0.00, 28101
0.00, 27997
0.00, 27933
0.00, 27768
0.00, 27726
0.00, 27688
0.00, 27626
0.00, 27122
0.00, 26615
0.01, 25739
0.01, 24910
0.01, 24608
0.01, 24581
0.01, 24278
0.01, 24152
0.26, 23966
0.26, 23748
0.61, 22316
0.61, 22151
1.40, 22012
1.40, 21608
1.40, 21382
1.50, 20947
1.50, 19875
1.50, 19615
1.56, 19580
1.56, 19482
1.56, 19415
1.58, 19285
1.58, 19135
1.58, 18968
1.58, 18869
1.58, 18687
1.58, 18633
1.58, 18340
1.58, 18328
1.58, 18251
1.58, 17686
1.58, 17593
1.58, 17470
1.58, 17465
1.60, 17384
1.60, 17284
1.60, 17281
1.60, 16846
1.60, 16759
1.60, 16688
1.60, 16515
1.60, 16231
1.60, 16173
1.60, 15998
1.64, 15945
1.64, 15944
1.64, 15879
1.65, 15863
1.65, 15754
1.65, 15626
1.65, 15181
1.65, 15152
1.65, 14846
1.65, 14570
1.67, 14562
1.67, 14491
1.67, 14423
1.67, 14419
1.67, 14337
1.67, 14233
1.67, 13930
1.67, 13883
1.67, 13753
1.69, 13481
1.69, 13355
1.69, 13338
1.69, 13072
1.69, 13037
1.69, 12973
1.69, 12763
1.69, 12613
1.69, 12430
1.69, 12410
1.75, 12315
1.75, 12286
1.75, 12204
1.76, 12184
1.76, 12152
1.76, 12023
1.76, 11992
1.76, 11735
1.76, 11704
1.76, 11665
1.76, 11483
1.76, 11440
1.76, 11371
1.76, 11362
1.76, 11353
1.76, 11196
1.76, 10981
1.76, 10682
1.76, 10472
1.76, 10339
1.78, 10325
1.78, 10207
1.78, 10141
1.78, 9967
1.79, 9962
1.79, 9906
1.80, 9750
1.81, 9716
1.83, 9711
1.83, 9708
1.83, 9612
1.83, 9572
1.83, 9527
1.83, 9406
1.83, 9322
1.83, 9243
1.83, 9212
1.83, 9211
1.84, 9187
1.84, 9144
1.84, 9039
1.84, 8955
1.84, 8879
1.84, 8841
1.84, 8801
1.85, 8733
1.88, 8688
1.88, 8631
1.88, 8619
1.88, 8613
1.91, 8517
1.91, 8419
1.91, 8409
1.91, 8359
1.91, 8353
1.91, 8346
1.91, 8197
1.92, 8194
1.93, 8121
1.93, 8043
1.94, 7963
2.51, 7952
2.52, 7915
2.56, 7904
3.43, 7852
3.60, 7746
3.60, 7745
3.63, 7722
4.79, 7633
