0.00, 2849508
0.00, 2789255
0.00, 2637744
0.00, 2626128
0.00, 2611417
0.00, 2454291
0.02, 2373160
0.04, 2338012
0.04, 2337906
0.04, 2260533
0.04, 2229534
0.04, 2226727
0.09, 2187619
0.12, 2178444
0.12, 2077122
0.12, 1996468
0.12, 1967947
0.14, 1950944
0.14, 1907558
0.14, 1904547
0.14, 1880132
0.14, 1877538
0.14, 1854612
0.14, 1836192
0.14, 1835972
0.14, 1822000
0.14, 1772525
0.14, 1728845
0.14, 1721223
0.14, 1715240
0.15, 1695019
0.15, 1650950
0.15, 1626438
0.15, 1584376
0.15, 1530816
0.15, 1516954
0.15, 1515587
0.15, 1504402
0.15, 1489371
0.15, 1450815
0.15, 1436752
0.15, 1415782
0.15, 1413091
0.15, 1393792
0.16, 1378991
0.16, 1366098
0.16, 1365200
0.16, 1340809
0.16, 1322763
0.16, 1277894
0.16, 1270966
0.16, 1267029
0.16, 1265709
0.16, 1260202
0.16, 1244653
0.16, 1243185
0.16, 1242278
0.16, 1241099
0.16, 1211211
0.16, 1207541
0.16, 1204826
0.16, 1182064
0.16, 1181677
0.17, 1179504
0.17, 1175147
0.17, 1171002
0.17, 1165428
0.17, 1130782
0.17, 1125821
0.17, 1116350
0.17, 1107068
0.17, 1096302
0.17, 1088881
0.17, 1082008
0.17, 1076156
0.17, 1075382
0.17, 1055271
0.17, 1049715
0.18, 1048573
0.18, 1022420
0.18, 1015046
0.18, 1014765
0.18, 1014461
0.18, 1009264
0.18, 987524
0.18, 986986
0.18, 984803
0.18, 978598
0.19, 964203
0.19, 963192
0.19, 961618
0.19, 959992
0.20, 933956
0.24, 925868
0.50, 918704
0.52, 916505
0.52, 916343
0.53, 915994
0.54, 905053
0.55, 902029
0.75, 901478
0.75, 900956
