0.00, 2564971
0.01, 2372726
0.01, 2214381
0.02, 2086419
0.02, 1983355
0.03, 1882577
0.03, 1778436
0.04, 1699675
0.04, 1626476
0.05, 1559829
0.05, 1470798
0.06, 1413807
0.06, 1363419
0.07, 1314600
0.07, 1268884
0.08, 1227258
0.08, 1188066
0.09, 1154462
0.09, 1114653
0.09, 1082386
0.10, 1055643
0.10, 1036755
0.11, 1018337
0.11, 1001157
0.12, 984124
0.12, 967899
0.12, 953247
0.13, 939285
0.13, 928360
0.14, 923138
0.14, 918386
0.15, 916774
0.15, 913100
0.15, 909481
0.16, 907195
0.16, 905773
0.17, 905063
0.17, 2928652
0.18, 2631381
0.18, 2487216
0.19, 2342091
0.19, 2211703
0.20, 2071506
0.20, 1950416
0.20, 1836673
0.21, 1744971
0.21, 1654319
0.22, 1579921
0.22, 1511506
0.23, 1422811
0.23, 1356068
0.23, 1302414
0.24, 1252310
0.24, 1214549
0.25, 1174554
0.25, 1144906
0.26, 1110253
0.26, 1085740
0.26, 1060386
0.27, 1044861
0.27, 1029530
0.28, 1010554
0.28, 997023
0.29, 985374
0.29, 976609
0.29, 967233
0.30, 960689
0.30, 956083
0.31, 951201
0.31, 948392
0.32, 946630
0.32, 945208
0.32, 944108
0.33, 2595000
0.34, 2409568
0.34, 2253504
0.35, 2109772
0.35, 2005227
0.35, 1903743
0.36, 1813412
0.36, 1729969
0.37, 1653314
0.37, 1581249
0.37, 1492208
0.38, 1438608
0.38, 1394885
0.39, 1353525
0.39, 1315566
0.40, 1278049
0.40, 1241128
0.40, 1204273
0.41, 1172401
0.41, 1143408
0.42, 1119130
0.42, 1090543
0.43, 1069732
0.43, 1050391
0.44, 1035907
0.44, 1024826
0.44, 1014039
0.45, 1003455
0.45, 989561
0.46, 982864
0.46, 967038
0.47, 961331
0.47, 958137
0.47, 957586
0.48, 957283
0.48, 957002
0.49, 956956
0.50, 2783281
0.50, 2546212
0.51, 2362495
0.51, 2188081
0.52, 2058362
0.52, 1953505
0.53, 1850479
0.53, 1733912
0.54, 1641498
0.54, 1562651
0.55, 1480622
0.55, 1406357
0.56, 1356253
0.56, 1307863
0.57, 1263652
0.57, 1223559
0.58, 1189025
0.59, 1155812
0.59, 1124130
0.60, 1096752
0.60, 1073978
0.61, 1053488
0.61, 1037263
0.62, 1022473
0.62, 1012279
0.63, 1002279
0.63, 992489
0.64, 984483
0.64, 972874
0.65, 966105
0.65, 950962
0.66, 932210
0.66, 929482
0.67, 927785
0.67, 926363
0.68, 925217
0.68, 924936
