0.00, 2712041
0.01, 2480711
0.01, 2299652
0.02, 2149202
0.02, 2028847
0.03, 1910174
0.03, 1777137
0.04, 1667706
0.04, 1584560
0.04, 1489822
0.05, 1417301
0.05, 1361011
0.06, 1305948
0.06, 1257210
0.07, 1210110
0.07, 1174189
0.07, 1144704
0.08, 1113083
0.08, 1081848
0.09, 1050969
0.09, 1012505
0.10, 987151
0.10, 975542
0.10, 955755
0.11, 945616
0.11, 939094
0.12, 935982
0.12, 933561
0.13, 928968
0.13, 925822
0.13, 916683
0.14, 914397
0.14, 912975
0.15, 912265
0.15, 912055
0.16, 2563451
0.16, 2420590
0.17, 2250106
0.17, 2096623
0.18, 1989162
0.18, 1877223
0.18, 1772900
0.19, 1667398
0.19, 1589807
0.20, 1527467
0.20, 1478330
0.21, 1422913
0.21, 1373793
0.21, 1325627
0.22, 1290974
0.22, 1260718
0.23, 1224100
0.23, 1178937
0.23, 1149120
0.24, 1113875
0.24, 1080346
0.25, 1056191
0.25, 1035867
0.26, 1026184
0.26, 1015533
0.26, 986860
0.27, 981194
0.27, 969863
0.28, 955928
0.28, 952734
0.29, 950006
0.29, 948230
0.30, 939997
0.30, 938575
0.30, 938024
0.31, 2553689
0.32, 2376864
0.32, 2243991
0.33, 2106040
0.33, 1988031
0.33, 1874584
0.34, 1773088
0.34, 1679558
0.35, 1595780
0.35, 1512164
0.35, 1434916
0.36, 1367868
0.36, 1307618
0.37, 1267229
0.37, 1229202
0.38, 1193260
0.38, 1156946
0.39, 1127837
0.39, 1099955
0.39, 1076436
0.40, 1053557
0.40, 1033385
0.41, 1017160
0.41, 1004362
0.42, 993031
0.42, 975081
0.42, 968844
0.43, 960321
0.43, 954259
0.44, 948713
0.44, 943701
0.45, 940589
0.45, 938892
0.45, 937470
0.46, 936769
0.47, 2719881
0.47, 2486509
0.48, 2322010
0.48, 2175873
0.48, 2017003
0.49, 1887032
0.49, 1771236
0.50, 1677076
0.50, 1587916
0.50, 1492928
0.51, 1403776
0.51, 1350638
0.52, 1281269
0.52, 1245549
0.53, 1211182
0.53, 1185411
0.53, 1158373
0.54, 1133251
0.54, 1110492
0.55, 1090762
0.55, 1069778
0.56, 1046626
0.56, 1020608
0.57, 991819
0.57, 973440
0.58, 965691
0.58, 959635
0.59, 954630
0.59, 948957
0.60, 944380
0.60, 940974
0.61, 937929
0.61, 931984
0.62, 928326
0.62, 926126
0.63, 925575
