0.00, 2842985
0.00, 2821522
0.00, 2767618
0.00, 2766820
0.00, 2730124
0.00, 2696632
0.00, 2649205
0.00, 2623555
0.00, 2620295
0.00, 2585997
0.00, 2564671
0.00, 2505971
0.00, 2484855
0.00, 2414388
0.00, 2408478
0.00, 2408220
0.00, 2406676
0.00, 2276649
0.11, 2269652
0.11, 2262369
0.12, 2239468
0.12, 2239345
0.12, 2199883
0.12, 2183057
0.12, 2181533
0.13, 2166241
0.13, 2153461
0.13, 2149268
0.14, 2102237
0.14, 2095553
0.14, 2067825
0.14, 2045530
0.14, 2023780
0.14, 2017287
0.15, 1996159
0.15, 1984430
0.15, 1963497
0.15, 1961608
0.15, 1951869
0.15, 1944740
0.15, 1942068
0.15, 1914466
0.15, 1902915
0.15, 1877298
0.15, 1840951
0.15, 1840691
0.15, 1818834
0.15, 1811390
0.15, 1781647
0.15, 1753370
0.15, 1745206
0.15, 1734431
0.15, 1721022
0.15, 1710070
0.15, 1678734
0.15, 1675192
0.15, 1672608
0.15, 1559943
0.16, 1536751
0.16, 1532500
0.16, 1529166
0.16, 1519892
0.16, 1499001
0.16, 1482823
0.16, 1476185
0.16, 1470104
0.16, 1462730
0.16, 1421054
0.16, 1406454
0.16, 1369583
0.16, 1349070
0.16, 1348486
0.16, 1343376
0.16, 1328472
0.17, 1314624
0.17, 1296796
0.17, 1290134
0.17, 1269065
0.17, 1234425
0.17, 1217539
0.17, 1191810
0.18, 1184602
0.18, 1171681
0.18, 1166556
0.18, 1134463
0.18, 1122430
0.18, 1095318
0.18, 1092847
0.18, 1090793
0.18, 1087916
0.18, 1085696
0.19, 1073576
0.19, 1050057
0.19, 1049954
0.19, 1049808
0.19, 1046876
0.19, 1039693
0.19, 1028266
0.19, 1024795
0.19, 1018244
0.19, 1017249
0.19, 1004259
0.19, 993999
0.20, 985816
0.21, 982390
0.21, 981839
0.68, 981536
0.99, 960891
1.00, 960466
1.00, 951232
1.00, 949073
1.00, 937980
1.01, 932348
1.01, 929956
1.01, 922537
1.02, 921980
1.02, 915918
1.02, 912931
1.02, 900850
1.24, 900669
