0.00, 2955423
0.00, 2909130
0.00, 2828184
0.00, 2793141
0.00, 2754955
0.00, 2735532
0.00, 2668472
0.00, 2659518
0.00, 2643387
0.00, 2590541
0.00, 2564704
0.00, 2562638
0.00, 2365322
0.00, 2331722
0.03, 2331122
0.07, 2280255
0.07, 2275604
0.11, 2266394
0.11, 2265056
0.11, 2251168
0.11, 2244264
0.11, 2151630
0.11, 2151282
0.13, 2120190
0.13, 2111051
0.13, 2033692
0.14, 2033316
0.14, 2023246
0.14, 2008599
0.14, 1994615
0.14, 1981994
0.14, 1981022
0.14, 1963554
0.14, 1958244
0.14, 1908107
0.14, 1833483
0.14, 1799120
0.15, 1782162
0.15, 1774082
0.15, 1770898
0.15, 1661644
0.15, 1658362
0.15, 1593182
0.15, 1588059
0.15, 1575927
0.15, 1565185
0.15, 1561165
0.16, 1560820
0.16, 1554264
0.16, 1544536
0.16, 1513961
0.16, 1485269
0.16, 1484851
0.16, 1481913
0.16, 1474877
0.16, 1441743
0.16, 1418604
0.16, 1374928
0.17, 1366703
0.17, 1356693
0.17, 1331903
0.17, 1324282
0.17, 1302097
0.17, 1268729
0.17, 1222954
0.17, 1216437
0.17, 1214317
0.17, 1213380
0.17, 1206957
0.17, 1201810
0.17, 1183479
0.17, 1171578
0.17, 1167920
0.17, 1160286
0.17, 1138133
0.17, 1115530
0.17, 1105917
0.18, 1101129
0.18, 1100080
0.18, 1096349
0.18, 1095673
0.18, 1092222
0.18, 1083202
0.19, 1078080
0.19, 1077326
0.19, 1076484
0.19, 1070757
0.19, 1059532
0.19, 1047237
0.20, 1045273
0.20, 1042807
0.20, 1021673
0.20, 1011218
0.20, 1010631
0.20, 998407
0.20, 996242
0.20, 987621
0.21, 966026
0.74, 925809
0.97, 925007
0.97, 916038
