0.00, 3142319
0.00, 3066619
0.00, 3015371
0.00, 3011473
0.00, 2988458
0.00, 2904380
0.00, 2830736
0.00, 2785090
0.00, 2781576
0.00, 2767255
0.00, 2752254
0.00, 2737603
0.00, 2690810
0.00, 2580287
0.00, 2551802
0.00, 2533849
0.00, 2343154
0.00, 2330801
0.00, 2316328
0.13, 2149334
0.14, 2142342
0.14, 2049014
0.14, 2041627
0.14, 1956867
0.14, 1933867
0.14, 1909294
0.14, 1901766
0.14, 1801442
0.14, 1795617
0.16, 1793335
0.16, 1788009
0.16, 1787168
0.16, 1726885
0.16, 1724153
0.16, 1677730
0.16, 1671906
0.16, 1670725
0.16, 1663758
0.16, 1654108
0.16, 1640872
0.16, 1628483
0.16, 1577696
0.16, 1561105
0.16, 1555903
0.16, 1495835
0.17, 1484782
0.17, 1464689
0.17, 1410549
0.17, 1401253
0.17, 1377577
0.17, 1377482
0.17, 1366164
0.17, 1361895
0.17, 1347700
0.17, 1334417
0.17, 1319099
0.17, 1317663
0.17, 1295124
0.17, 1282565
0.17, 1279570
0.17, 1230252
0.17, 1210119
0.18, 1201213
0.18, 1184669
0.18, 1173457
0.18, 1146767
0.18, 1135242
0.18, 1121451
0.18, 1120750
0.19, 1084097
0.19, 1083887
0.19, 1076348
0.19, 1075619
0.19, 1068238
0.19, 1064105
0.19, 1056764
0.19, 1055433
0.19, 1052704
0.19, 1046589
0.19, 1045068
0.19, 1042509
0.19, 1033346
0.19, 1013050
0.19, 1005248
0.19, 998200
0.20, 984323
0.20, 971642
0.20, 968286
0.20, 962193
0.20, 961376
0.21, 957007
0.21, 955068
0.21, 953625
0.21, 942044
0.21, 941573
0.22, 940756
0.22, 930798
0.23, 929182
0.23, 928010
0.23, 922286
0.24, 919894
0.44, 919184
1.80, 916697
2.90, 912530
