0.00, 2943782
0.00, 2913616
0.00, 2889727
0.00, 2853340
0.00, 2659769
0.00, 2526804
0.00, 2450172
0.03, 2448657
0.05, 2379330
0.10, 2379130
0.10, 2361399
0.10, 2335790
0.10, 2330999
0.11, 2263699
0.11, 2234951
0.11, 2233455
0.12, 2220051
0.12, 2162106
0.12, 2127688
0.12, 2108567
0.12, 2101294
0.13, 2060014
0.13, 2023518
0.14, 2015379
0.14, 1984527
0.14, 1981815
0.14, 1967809
0.14, 1956263
0.14, 1936645
0.14, 1900604
0.14, 1900392
0.14, 1860411
0.14, 1856848
0.14, 1815067
0.14, 1746196
0.14, 1731466
0.14, 1704975
0.14, 1687300
0.14, 1673061
0.14, 1649404
0.14, 1647444
0.14, 1646730
0.15, 1624710
0.15, 1617800
0.15, 1615330
0.15, 1608884
0.15, 1607477
0.15, 1588546
0.15, 1585445
0.15, 1552054
0.15, 1548916
0.15, 1525113
0.15, 1496849
0.15, 1478621
0.15, 1462826
0.15, 1444544
0.15, 1421826
0.15, 1419932
0.15, 1414967
0.15, 1391416
0.16, 1379641
0.16, 1333235
0.16, 1322344
0.16, 1301567
0.16, 1286295
0.16, 1284239
0.16, 1271510
0.16, 1249853
0.16, 1248655
0.16, 1244049
0.16, 1243201
0.16, 1213967
0.16, 1207015
0.16, 1195934
0.16, 1188141
0.16, 1187949
0.16, 1184050
0.16, 1183973
0.16, 1183022
0.16, 1167286
0.16, 1166253
0.16, 1161056
0.16, 1129633
0.18, 1129160
0.18, 1125217
0.18, 1066591
0.18, 1066165
0.18, 1056832
0.18, 1051965
0.18, 1051653
0.18, 1039722
0.18, 1012462
0.18, 1002051
0.18, 991857
0.18, 991293
0.18, 981255
0.18, 981109
0.18, 968665
0.18, 968484
0.18, 968064
0.18, 964679
0.18, 962177
0.18, 961079
0.18, 958555
0.18, 955409
0.19, 939217
0.20, 936336
0.21, 932458
0.22, 932273
0.28, 931804
0.29, 927698
0.29, 927517
0.29, 925231
0.29, 921125
0.35, 920415
1.58, 915988
