0.00, 2730412
0.00, 2681865
0.00, 2591846
0.00, 2563616
0.01, 2541357
0.01, 2469081
0.01, 2405126
0.01, 2387648
0.01, 2383893
0.01, 2383082
0.02, 2368195
0.02, 2328131
0.02, 2317052
0.02, 2299009
0.02, 2293936
0.02, 2262717
0.10, 2256158
0.10, 2254977
0.11, 2235900
0.12, 2212350
0.13, 2196084
0.13, 2117127
0.14, 2104480
0.15, 2085376
0.15, 2084280
0.15, 2081383
0.15, 2060216
0.15, 2038377
0.15, 1960023
0.15, 1930748
0.15, 1890424
0.15, 1852787
0.15, 1826819
0.15, 1816945
0.15, 1813823
0.15, 1803087
0.15, 1779801
0.15, 1733978
0.15, 1703858
0.16, 1686374
0.16, 1681343
0.16, 1643081
0.16, 1642234
0.16, 1637007
0.16, 1619214
0.16, 1615469
0.16, 1613716
0.16, 1600643
0.16, 1591122
0.16, 1589183
0.16, 1562780
0.16, 1533294
0.16, 1528876
0.16, 1517465
0.16, 1491382
0.16, 1490452
0.16, 1479981
0.16, 1459468
0.17, 1447598
0.17, 1384950
0.17, 1346263
0.17, 1344558
0.17, 1334192
0.17, 1312350
0.17, 1312150
0.17, 1311439
0.17, 1251731
0.17, 1251549
0.17, 1229497
0.17, 1208312
0.17, 1200537
0.17, 1200456
0.17, 1194673
0.17, 1191338
0.17, 1190942
0.17, 1184417
0.17, 1165998
0.17, 1146661
0.17, 1145227
0.17, 1140070
0.17, 1122148
0.17, 1120393
0.18, 1111233
0.18, 1106271
0.18, 1078341
0.18, 1069879
0.18, 1056905
0.18, 1052687
0.18, 1039544
0.18, 1032265
0.18, 1027034
0.18, 1013982
0.19, 976596
0.19, 973483
0.19, 969225
0.19, 969061
0.19, 965388
0.19, 964837
0.19, 962751
0.19, 961469
0.19, 950958
0.19, 937802
0.20, 926711
0.20, 926162
0.20, 918792
0.20, 918241
0.21, 914213
0.22, 913662
0.52, 910004
0.74, 900214
