0.00, 3326730
0.00, 3237386
0.00, 3197303
0.00, 3196019
0.00, 3186978
0.00, 3133290
0.00, 3118915
0.00, 3117049
0.00, 3057322
0.00, 3044166
0.00, 3036842
0.00, 3029738
0.00, 2908136
0.00, 2866102
0.00, 2789213
0.00, 2766481
0.00, 2763578
0.00, 2756948
0.00, 2751921
0.00, 2733442
0.00, 2728573
0.00, 2717503
0.00, 2710364
0.00, 2672054
0.00, 2554749
0.00, 2511046
0.00, 2502836
0.00, 2443473
0.00, 2370823
0.00, 2305033
0.00, 2288434
0.02, 2280174
0.02, 2268617
0.02, 2223362
0.02, 2154268
0.13, 2145677
0.13, 2042023
0.13, 2021172
0.13, 1991347
0.14, 1923985
0.14, 1914711
0.15, 1896957
0.15, 1881426
0.15, 1879532
0.15, 1878708
0.15, 1853644
0.15, 1823139
0.15, 1809851
0.15, 1797651
0.15, 1765236
0.15, 1744113
0.15, 1734403
0.15, 1664987
0.15, 1594112
0.15, 1561917
0.15, 1556165
0.15, 1547085
0.15, 1543533
0.15, 1481093
0.15, 1475532
0.15, 1475475
0.15, 1427176
0.16, 1401173
0.16, 1364264
0.16, 1354892
0.16, 1343192
0.16, 1342742
0.16, 1334322
0.16, 1272085
0.16, 1263858
0.16, 1257422
0.16, 1251917
0.16, 1237624
0.17, 1218305
0.17, 1208731
0.17, 1194937
0.17, 1188908
0.18, 1179746
0.18, 1162078
0.18, 1146513
0.18, 1129254
0.18, 1123196
0.18, 1121217
0.18, 1082864
0.18, 1070737
0.19, 1067224
0.19, 1066523
0.19, 1042988
0.19, 1041993
0.19, 1035276
0.19, 1031655
0.19, 1015045
0.19, 998820
0.19, 994751
0.19, 989054
0.19, 980181
0.20, 973963
0.21, 972618
0.21, 970130
0.23, 947146
0.35, 944946
0.50, 944736
0.96, 941967
0.97, 941592
0.97, 940270
0.97, 937633
0.97, 936643
0.97, 936461
0.97, 933733
0.97, 933371
0.97, 932461
0.97, 927490
0.97, 922953
0.99, 922402
1.21, 921302
1.45, 920870
2.52, 909949
2.62, 909398
2.64, 909185
2.67, 899335
