0.00, 2661571
0.01, 2412873
0.01, 2223640
0.02, 2074068
0.02, 1920956
0.03, 1784589
0.03, 1655959
0.04, 1553869
0.04, 1471377
0.05, 1396330
0.05, 1335516
0.06, 1283901
0.06, 1233884
0.06, 1181769
0.07, 1150416
0.07, 1079769
0.08, 1050543
0.08, 1022995
0.09, 1000492
0.09, 979588
0.10, 965649
0.10, 959170
0.10, 951525
0.11, 943988
0.11, 940330
0.12, 936996
0.12, 934796
0.13, 933503
0.13, 921853
0.14, 921302
0.15, 2553432
0.15, 2350529
0.16, 2180534
0.16, 2049044
0.17, 1929645
0.17, 1826690
0.17, 1726792
0.18, 1648167
0.18, 1570940
0.19, 1509617
0.19, 1457190
0.20, 1388078
0.20, 1332217
0.21, 1287233
0.21, 1244862
0.21, 1203505
0.22, 1164242
0.22, 1134303
0.23, 1105870
0.23, 1082111
0.24, 1059549
0.24, 1037088
0.25, 1014723
0.25, 992834
0.26, 973056
0.26, 956794
0.27, 943229
0.27, 932689
0.28, 923550
0.28, 914776
0.29, 910170
0.29, 909619
0.30, 2657086
0.30, 2365875
0.31, 2153496
0.31, 2009533
0.32, 1896699
0.32, 1768361
0.33, 1656788
0.33, 1564769
0.33, 1477484
0.34, 1398655
0.34, 1329302
0.35, 1267922
0.35, 1216018
0.36, 1169545
0.36, 1125152
0.36, 1088702
0.37, 1057952
0.37, 1029429
0.38, 1002143
0.38, 983066
0.39, 964090
0.39, 949659
0.39, 939934
0.40, 925462
0.40, 918082
0.41, 910918
0.41, 903933
0.42, 899327
0.42, 897127
0.43, 896576
0.43, 896366
0.44, 2769737
0.44, 2534178
0.45, 2370153
0.45, 2199865
0.46, 2073182
0.46, 1954204
0.46, 1845120
0.47, 1743831
0.47, 1641490
0.48, 1557357
0.48, 1461639
0.49, 1382446
0.49, 1310931
0.49, 1240284
0.50, 1210382
0.50, 1185870
0.51, 1159517
0.51, 1136881
0.51, 1114541
0.52, 1086385
0.52, 1067044
0.53, 1048253
0.53, 1032028
0.54, 1020508
0.54, 1009109
0.55, 999093
0.55, 994023
0.56, 989198
0.56, 985138
0.56, 973897
0.57, 964162
0.57, 962740
0.58, 961442
