0.00, 2578229
0.01, 2361395
0.01, 2224185
0.02, 2075902
0.02, 1952490
0.03, 1855728
0.03, 1776047
0.03, 1684327
0.04, 1597134
0.04, 1522851
0.05, 1443607
0.05, 1373710
0.06, 1310635
0.06, 1266048
0.06, 1227614
0.07, 1194594
0.07, 1166091
0.08, 1137412
0.08, 1111871
0.08, 1083765
0.09, 1060572
0.09, 1038693
0.10, 1017273
0.10, 1001048
0.11, 989450
0.11, 978019
0.11, 970178
0.12, 962362
0.12, 955308
0.13, 935136
0.13, 931802
0.13, 928757
0.14, 926196
0.15, 2730700
0.15, 2524169
0.16, 2330868
0.16, 2175833
0.16, 2025843
0.17, 1896176
0.17, 1798381
0.18, 1710512
0.18, 1630579
0.19, 1567856
0.19, 1496979
0.19, 1389625
0.20, 1329723
0.20, 1268540
0.21, 1219247
0.21, 1171640
0.21, 1128465
0.22, 1088067
0.22, 1050896
0.23, 1023237
0.23, 997418
0.24, 978187
0.24, 961738
0.25, 943720
0.25, 933394
0.26, 925553
0.26, 920483
0.27, 916825
0.27, 914625
0.28, 913326
0.28, 912662
0.28, 912111
0.29, 2684984
0.30, 2468679
0.30, 2311687
0.31, 2184948
0.31, 2052227
0.31, 1930396
0.32, 1805836
0.32, 1686497
0.33, 1599801
0.33, 1517850
0.34, 1439579
0.34, 1365125
0.34, 1313787
0.35, 1272161
0.35, 1231491
0.36, 1193503
0.36, 1155681
0.36, 1119185
0.37, 1078232
0.37, 1064111
0.38, 1044464
0.38, 1021011
0.38, 1000342
0.39, 991819
0.39, 979785
0.40, 972621
0.40, 962831
0.41, 956288
0.41, 950909
0.41, 947763
0.42, 944569
0.42, 942869
0.43, 941093
0.43, 933960
0.43, 932538
0.44, 931392
0.44, 931089
0.45, 927159
0.45, 926878
0.46, 2527783
0.46, 2249431
0.47, 2081502
0.47, 1913247
0.48, 1774057
0.48, 1629449
0.49, 1545492
0.49, 1464445
0.49, 1388577
0.50, 1328095
0.50, 1283257
0.51, 1241496
0.51, 1203943
0.52, 1171005
0.52, 1140479
0.53, 1111691
0.53, 1083162
0.53, 1062672
0.54, 1037387
0.54, 1021162
0.55, 1005336
0.55, 993419
0.56, 974560
0.56, 964560
0.57, 957057
0.57, 949733
0.58, 943031
0.58, 936807
0.59, 930862
0.59, 926256
0.60, 921810
0.60, 918079
0.61, 909307
0.62, 904196
0.62, 900538
0.63, 899116
0.63, 898565
0.64, 898284
0.64, 898074
