0.00, 2547608
0.01, 2340111
0.01, 2172730
0.02, 2047928
0.02, 1934982
0.03, 1833136
0.03, 1739154
0.04, 1645760
0.04, 1558781
0.05, 1478962
0.05, 1403710
0.06, 1331944
0.06, 1287311
0.06, 1234499
0.07, 1192832
0.07, 1163025
0.08, 1130574
0.08, 1107269
0.09, 1086677
0.09, 1054028
0.10, 1034273
0.10, 1020874
0.11, 1008888
0.11, 997940
0.12, 990776
0.12, 983722
0.12, 977005
0.13, 960780
0.13, 955818
0.14, 952144
0.14, 949335
0.15, 946872
0.15, 942204
0.16, 940065
0.16, 939633
0.17, 2780375
0.18, 2539497
0.18, 2299151
0.19, 2153096
0.19, 2012324
0.20, 1878641
0.20, 1772465
0.21, 1658125
0.21, 1575965
0.22, 1492765
0.22, 1426918
0.23, 1376510
0.23, 1327691
0.24, 1280665
0.24, 1236814
0.24, 1193414
0.25, 1153048
0.25, 1120781
0.26, 1089546
0.26, 1056311
0.27, 1034703
0.27, 1018478
0.28, 1008909
0.28, 1000135
0.29, 985322
0.29, 978268
0.30, 965531
0.30, 958527
0.31, 953284
0.31, 950678
0.32, 950014
0.32, 949550
0.33, 2409853
0.34, 2226430
0.34, 2059413
0.34, 1926484
0.35, 1803288
0.35, 1710448
0.36, 1622729
0.36, 1533250
0.37, 1464203
0.37, 1403463
0.38, 1334495
0.38, 1274425
0.38, 1227344
0.39, 1183025
0.39, 1140255
0.40, 1111189
0.40, 1073360
0.40, 1044496
0.41, 1020558
0.41, 1000405
0.42, 986806
0.42, 974410
0.42, 962348
0.43, 956051
0.43, 936420
0.44, 929876
0.44, 925118
0.45, 920623
0.45, 916517
0.45, 912859
0.46, 909896
0.46, 907168
0.47, 904882
0.47, 902682
0.48, 902131
0.49, 2396375
0.49, 2233501
0.50, 2100360
0.50, 2000393
0.51, 1904345
0.51, 1802981
0.52, 1709039
0.52, 1622280
0.53, 1543602
0.53, 1466828
0.54, 1406356
0.54, 1348398
0.55, 1300187
0.55, 1254210
0.56, 1214704
0.56, 1179250
0.57, 1148247
0.57, 1118095
0.58, 1092202
0.58, 1051487
0.59, 1031731
0.60, 1012755
0.60, 995927
0.61, 981965
0.61, 967306
0.62, 955365
0.62, 943966
0.63, 936164
0.63, 932758
0.64, 930197
0.64, 930051
0.65, 925476
