0.00, 2900024
0.01, 2703580
0.01, 2548912
0.02, 2396624
0.02, 2257802
0.03, 2131141
0.03, 2006011
0.04, 1890386
0.04, 1777444
0.05, 1674131
0.05, 1585679
0.05, 1502296
0.06, 1421915
0.06, 1353193
0.07, 1277159
0.07, 1219882
0.08, 1176802
0.08, 1138368
0.08, 1083059
0.09, 1052235
0.09, 1017198
0.10, 1000973
0.10, 988255
0.11, 982060
0.11, 979015
0.11, 977593
0.12, 976295
0.12, 975631
0.13, 2348866
0.14, 2200167
0.14, 2069861
0.14, 1951462
0.15, 1842478
0.15, 1733570
0.16, 1650362
0.16, 1564907
0.17, 1491864
0.17, 1428705
0.17, 1377997
0.18, 1328183
0.18, 1278374
0.19, 1235923
0.19, 1204625
0.20, 1172681
0.20, 1125696
0.20, 1094975
0.21, 1067260
0.21, 1048064
0.22, 1034080
0.22, 1021600
0.23, 1009156
0.23, 997729
0.23, 989021
0.24, 979452
0.24, 971896
0.25, 959939
0.25, 952565
0.25, 947603
0.26, 942778
0.26, 942077
0.27, 2400349
0.28, 2225531
0.28, 2059116
0.28, 1928448
0.29, 1805248
0.29, 1704237
0.30, 1607550
0.30, 1537008
0.30, 1467597
0.31, 1402211
0.31, 1340223
0.32, 1281250
0.32, 1226514
0.33, 1182619
0.33, 1141655
0.33, 1105325
0.34, 1074446
0.34, 1056552
0.35, 1037600
0.35, 1008759
0.36, 985960
0.36, 974009
0.37, 967292
0.37, 951067
0.38, 946200
0.38, 941570
0.38, 939370
0.39, 937474
0.39, 935805
0.40, 931328
0.40, 930428
0.41, 930382
0.42, 2507867
0.42, 2316499
0.43, 2126000
0.43, 2003438
0.43, 1901648
0.44, 1800068
0.44, 1698843
0.45, 1619194
0.45, 1553962
0.46, 1500170
0.46, 1447965
0.46, 1393175
0.47, 1347889
0.47, 1304165
0.48, 1264128
0.48, 1229959
0.49, 1197527
0.49, 1168501
0.49, 1135818
0.50, 1110810
0.50, 1076572
0.51, 1051737
0.51, 1028658
0.52, 1010764
0.52, 993584
0.53, 982105
0.53, 973517
0.54, 966800
0.54, 950575
0.55, 944053
0.55, 942157
0.56, 941057
0.56, 940847
