0.00, 2915861
0.00, 2913058
0.00, 2864597
0.00, 2826941
0.00, 2738548
0.00, 2738197
0.00, 2731295
0.00, 2705725
0.00, 2671438
0.00, 2627966
0.00, 2608513
0.00, 2607916
0.00, 2590836
0.00, 2577611
0.00, 2565485
0.00, 2535285
0.01, 2468009
0.01, 2417755
0.01, 2412866
0.01, 2403405
0.01, 2355472
0.04, 2353353
0.05, 2305045
0.05, 2263718
0.05, 2236160
0.12, 2198836
0.12, 2173056
0.12, 2147208
0.12, 2142210
0.13, 2112421
0.13, 2106458
0.14, 2062631
0.14, 2039246
0.14, 2035766
0.14, 2035503
0.14, 1997787
0.14, 1990139
0.14, 1959465
0.14, 1953122
0.14, 1914919
0.14, 1829175
0.14, 1818796
0.16, 1811416
0.16, 1789751
0.16, 1755181
0.16, 1737312
0.16, 1707762
0.16, 1706439
0.16, 1691453
0.16, 1691031
0.16, 1660103
0.16, 1648197
0.16, 1621302
0.16, 1618189
0.16, 1616255
0.16, 1601370
0.16, 1598046
0.16, 1595634
0.16, 1558947
0.16, 1556122
0.16, 1532799
0.16, 1521976
0.16, 1475453
0.16, 1459132
0.16, 1448699
0.16, 1435498
0.16, 1420091
0.16, 1387218
0.16, 1379138
0.16, 1349352
0.16, 1335987
0.16, 1312368
0.16, 1307799
0.17, 1273568
0.17, 1255668
0.17, 1248579
0.17, 1242178
0.17, 1241511
0.17, 1241150
0.17, 1240205
0.17, 1234248
0.17, 1218807
0.17, 1216549
0.17, 1214826
0.17, 1207782
0.17, 1193000
0.17, 1189633
0.17, 1186283
0.17, 1181963
0.18, 1173901
0.18, 1156632
0.18, 1143196
0.18, 1112770
0.18, 1095575
0.18, 1083746
0.18, 1082473
0.19, 1075734
0.19, 1067211
0.19, 1064978
0.19, 1063811
0.19, 1059781
0.19, 1053719
0.19, 1051771
0.20, 1045327
0.20, 1043415
0.20, 1043381
0.20, 1031106
0.20, 1023357
0.20, 1018782
0.20, 1018617
0.20, 1001605
0.20, 994603
0.20, 993786
0.21, 981342
0.21, 980765
0.21, 971804
0.21, 971391
0.21, 966458
0.22, 960663
0.22, 958052
0.99, 951414
0.99, 948427
1.00, 942568
1.06, 942384
1.07, 935220
1.08, 925430
1.10, 922702
1.55, 906477
