0.00, 2336193
0.01, 2143186
0.01, 1992422
0.02, 1884124
0.02, 1768612
0.03, 1665190
0.03, 1563406
0.04, 1483160
0.04, 1405647
0.05, 1337892
0.05, 1280119
0.06, 1227736
0.06, 1186931
0.07, 1154602
0.07, 1110399
0.07, 1088280
0.08, 1059064
0.08, 1040646
0.09, 1023466
0.09, 1006852
0.10, 991442
0.10, 984529
0.10, 977812
0.11, 961587
0.11, 955065
0.12, 950132
0.12, 940152
0.13, 937120
0.13, 935854
0.13, 934532
0.14, 928379
0.14, 927678
0.15, 2652171
0.16, 2474747
0.16, 2329403
0.17, 2195594
0.17, 2077591
0.18, 1960926
0.18, 1845732
0.19, 1742072
0.19, 1646564
0.20, 1574851
0.20, 1501380
0.21, 1430317
0.22, 1364358
0.22, 1302880
0.23, 1237395
0.23, 1200060
0.24, 1169466
0.24, 1140311
0.24, 1115675
0.25, 1069157
0.25, 1049468
0.26, 1031412
0.26, 1020575
0.27, 1013184
0.27, 1006467
0.28, 990242
0.28, 985090
0.29, 952571
0.29, 945768
0.30, 941117
0.30, 931504
0.31, 928776
0.31, 926966
0.31, 926756
0.32, 926610
0.32, 922035
0.33, 2549237
0.34, 2231525
0.34, 2089398
0.34, 1951763
0.35, 1856567
0.35, 1759484
0.36, 1673954
0.36, 1599482
0.37, 1537553
0.37, 1478950
0.38, 1426125
0.38, 1373390
0.38, 1319800
0.39, 1268264
0.39, 1224374
0.40, 1173966
0.40, 1132826
0.41, 1104273
0.41, 1081883
0.42, 1061070
0.42, 1042094
0.42, 1023537
0.43, 1005449
0.43, 989060
0.44, 977445
0.44, 966600
0.45, 956620
0.45, 946682
0.46, 937917
0.46, 928348
0.46, 921368
0.47, 915989
0.47, 910307
0.48, 909843
0.48, 909633
0.49, 2449290
0.49, 2275233
0.50, 2131428
0.50, 1990884
0.51, 1878424
0.51, 1768298
0.52, 1664594
0.52, 1564689
0.53, 1474339
0.53, 1397163
0.54, 1306631
0.54, 1243146
0.55, 1195084
0.55, 1148473
0.56, 1111385
0.56, 1082951
0.57, 1054912
0.57, 1028137
0.58, 1008539
0.58, 996784
0.59, 975029
0.59, 963710
0.60, 955985
0.60, 949268
0.61, 933043
0.61, 926721
0.62, 920659
0.62, 915647
0.63, 913184
0.63, 911487
0.64, 911274
