0.00, 2741716
0.01, 2572007
0.01, 2408613
0.02, 2258652
0.02, 2138379
0.03, 2030332
0.03, 1934364
0.04, 1829703
0.04, 1738033
0.05, 1635676
0.05, 1556800
0.06, 1486205
0.06, 1405228
0.07, 1337608
0.07, 1288840
0.07, 1240273
0.08, 1174778
0.08, 1135100
0.09, 1109241
0.09, 1078426
0.10, 1043266
0.10, 1023101
0.11, 1012020
0.11, 1001053
0.11, 986169
0.12, 976169
0.12, 969452
0.13, 953227
0.13, 946603
0.14, 923377
0.14, 917831
0.14, 914425
0.15, 912590
0.15, 909256
0.16, 908705
0.16, 908495
0.17, 2804344
0.17, 2608344
0.18, 2427382
0.18, 2251402
0.19, 2122105
0.19, 1996348
0.20, 1870946
0.20, 1767444
0.21, 1679764
0.21, 1593314
0.21, 1497392
0.22, 1426117
0.22, 1364597
0.23, 1307920
0.23, 1251919
0.24, 1213691
0.24, 1167481
0.25, 1133551
0.25, 1107396
0.25, 1088662
0.26, 1072021
0.26, 1055632
0.27, 1035560
0.27, 1024295
0.28, 1005551
0.28, 998493
0.29, 995276
0.29, 994130
0.30, 988584
0.30, 2637504
0.31, 2442494
0.31, 2287335
0.32, 2127578
0.32, 2009899
0.33, 1885328
0.33, 1778901
0.33, 1675514
0.34, 1581649
0.34, 1490851
0.35, 1426139
0.35, 1376503
0.36, 1331412
0.36, 1283060
0.37, 1223576
0.37, 1180360
0.37, 1152645
0.38, 1125265
0.38, 1105598
0.39, 1086678
0.39, 1068941
0.40, 1057290
0.40, 1046503
0.41, 1036487
0.41, 1029113
0.41, 1022539
0.42, 1017652
0.42, 1010147
0.43, 994967
0.43, 990142
0.44, 985390
0.44, 982829
0.44, 980933
0.45, 2508896
0.46, 2297168
0.46, 2147456
0.47, 2006887
0.47, 1883560
0.48, 1758765
0.48, 1667559
0.48, 1578864
0.49, 1472128
0.49, 1405598
0.50, 1338952
0.50, 1288207
0.51, 1254101
0.51, 1221888
0.52, 1191401
0.52, 1153215
0.53, 1123834
0.53, 1094025
0.54, 1063637
0.54, 1043788
0.55, 1027863
0.55, 1014208
0.56, 1001410
0.56, 992419
0.57, 971901
0.57, 963621
0.58, 956457
0.58, 951632
0.59, 937386
0.59, 934390
0.60, 932190
0.61, 930889
0.61, 929591
0.62, 928491
0.62, 928210
0.63, 928000
