0.00, 2803571
0.00, 2789912
0.00, 2776919
0.00, 2741018
0.00, 2728863
0.00, 2638054
0.00, 2615070
0.00, 2559669
0.00, 2541123
0.00, 2503332
0.00, 2497378
0.00, 2448581
0.00, 2432976
0.01, 2393084
0.04, 2345313
0.05, 2343867
0.05, 2314376
0.06, 2313968
0.06, 2285569
0.10, 2211215
0.13, 2200405
0.13, 2199155
0.13, 2135749
0.14, 2122853
0.14, 2120955
0.14, 2020893
0.14, 2000168
0.14, 1995184
0.14, 1957399
0.14, 1939850
0.14, 1890438
0.14, 1821387
0.14, 1816150
0.14, 1767527
0.14, 1737068
0.14, 1732535
0.14, 1721687
0.14, 1703536
0.15, 1701065
0.15, 1675968
0.15, 1650231
0.15, 1577965
0.15, 1572948
0.16, 1566915
0.16, 1554829
0.16, 1552245
0.16, 1518396
0.16, 1512653
0.16, 1486120
0.16, 1479389
0.16, 1462013
0.16, 1459023
0.16, 1390611
0.16, 1381524
0.16, 1366604
0.16, 1346477
0.16, 1291868
0.16, 1280824
0.17, 1248625
0.17, 1248138
0.17, 1247708
0.17, 1239696
0.17, 1227304
0.17, 1221719
0.17, 1200831
0.17, 1185458
0.17, 1175569
0.17, 1165035
0.17, 1126438
0.17, 1125379
0.17, 1122079
0.17, 1107942
0.17, 1098526
0.17, 1077699
0.17, 1063177
0.17, 1061791
0.17, 1055598
0.17, 1053379
0.17, 1039520
0.18, 1032751
0.18, 1029712
0.18, 1013290
0.18, 1007447
0.18, 1006669
0.18, 1006607
0.18, 1003499
0.18, 976644
0.18, 974947
0.18, 968074
0.18, 964016
0.18, 946274
0.18, 943637
0.18, 942820
0.19, 928603
0.19, 928462
0.19, 919690
0.19, 915059
0.19, 914406
0.20, 908999
0.20, 908846
0.20, 908713
0.21, 903846
0.21, 899442
