0.00, 2676570
0.00, 2552343
0.00, 2540946
0.00, 2535065
0.01, 2524246
0.01, 2514801
0.01, 2428451
0.01, 2422842
0.01, 2416435
0.01, 2386927
0.01, 2370282
0.01, 2309145
0.12, 2278924
0.12, 2256618
0.12, 2216623
0.13, 2163323
0.13, 2143703
0.13, 2139321
0.13, 2111725
0.13, 2059791
0.13, 2057998
0.13, 2056996
0.13, 2013032
0.13, 1948665
0.13, 1914213
0.13, 1910574
0.14, 1860785
0.14, 1831923
0.14, 1777188
0.14, 1774418
0.14, 1754588
0.14, 1702780
0.14, 1696896
0.14, 1688056
0.15, 1660150
0.15, 1659930
0.15, 1626082
0.15, 1602920
0.15, 1602241
0.15, 1584321
0.15, 1574526
0.15, 1565873
0.15, 1540648
0.15, 1538964
0.15, 1512258
0.15, 1507688
0.16, 1506127
0.16, 1496944
0.16, 1488365
0.16, 1479440
0.16, 1455916
0.16, 1442742
0.16, 1434273
0.16, 1423063
0.16, 1382452
0.16, 1349233
0.16, 1341634
0.16, 1325325
0.16, 1321882
0.16, 1272620
0.16, 1259151
0.16, 1249014
0.16, 1188593
0.16, 1183927
0.16, 1175436
0.16, 1170134
0.16, 1164851
0.17, 1145019
0.17, 1104077
0.17, 1098247
0.17, 1097935
0.17, 1094720
0.17, 1092354
0.17, 1056188
0.17, 1052933
0.17, 1028356
0.17, 1023129
0.17, 1007148
0.18, 990588
0.18, 985842
0.18, 972505
0.18, 959843
0.18, 953609
0.18, 951662
0.20, 948103
0.21, 947697
0.21, 945525
0.25, 945315
0.35, 942203
0.38, 940307
0.67, 940161
0.69, 940115
0.99, 938065
1.00, 936734
1.00, 928276
1.01, 926076
1.04, 916009
1.30, 915828
1.32, 915682
1.40, 915250
1.84, 908700
