0.01, 3048034
0.01, 2825700
0.02, 2625275
0.02, 2453337
0.03, 2325573
0.03, 2208643
0.04, 2092863
0.04, 1971410
0.05, 1857538
0.05, 1769646
0.06, 1580946
0.06, 1500263
0.07, 1427460
0.07, 1363415
0.08, 1296175
0.08, 1241958
0.09, 1188371
0.09, 1155928
0.10, 1126001
0.10, 1103101
0.11, 1086019
0.11, 1069474
0.11, 1051884
0.12, 1036155
0.12, 1024735
0.13, 1013834
0.13, 1004470
0.14, 996578
0.14, 990341
0.15, 980937
0.15, 976046
0.16, 963205
0.16, 959995
0.17, 955033
0.17, 952775
0.18, 950575
0.18, 948813
0.19, 947713
0.19, 947503
0.20, 2281566
0.21, 2115728
0.21, 1987876
0.22, 1863232
0.22, 1755930
0.22, 1649991
0.23, 1558029
0.23, 1474846
0.24, 1391680
0.24, 1309729
0.25, 1241974
0.25, 1187960
0.26, 1134459
0.26, 1109640
0.26, 1085365
0.27, 1063044
0.27, 1041424
0.28, 1017512
0.28, 999922
0.29, 983219
0.29, 966994
0.29, 951795
0.30, 933051
0.30, 925677
0.31, 919528
0.31, 914646
0.32, 912446
0.32, 911180
0.33, 906643
0.33, 905543
0.34, 904992
0.34, 904782
0.35, 2698091
0.36, 2490906
0.36, 2318588
0.37, 2165778
0.37, 2023434
0.37, 1894566
0.38, 1754022
0.38, 1637839
0.39, 1526052
0.39, 1427099
0.40, 1349835
0.40, 1269739
0.40, 1195797
0.41, 1146335
0.41, 1108535
0.42, 1078674
0.42, 1062226
0.43, 1044832
0.43, 1026814
0.44, 1010589
0.44, 997284
0.44, 985907
0.45, 975355
0.45, 968348
0.46, 960241
0.46, 954867
0.47, 949905
0.47, 946286
0.47, 943894
0.48, 942794
0.48, 935291
0.49, 934740
0.50, 2689493
0.50, 2442967
0.51, 2295816
0.51, 2158408
0.51, 2026612
0.52, 1900460
0.53, 1778019
0.53, 1654692
0.54, 1554266
0.54, 1480367
0.55, 1409119
0.55, 1349125
0.55, 1289231
0.56, 1233038
0.57, 1177453
0.57, 1133473
0.58, 1103269
0.58, 1074633
0.59, 1057485
0.59, 1041915
0.60, 1026698
0.60, 1011844
0.61, 997086
0.61, 984358
0.62, 974358
0.62, 965088
0.63, 958371
0.63, 942146
0.64, 936767
0.64, 932323
0.65, 930547
0.66, 923414
0.66, 921992
0.67, 920846
