0.00, 2581782
0.01, 2344586
0.01, 2183601
0.02, 2038314
0.02, 1903834
0.03, 1770693
0.03, 1663707
0.04, 1574646
0.04, 1495501
0.05, 1418140
0.05, 1354981
0.06, 1305431
0.06, 1246337
0.06, 1200652
0.07, 1166735
0.07, 1137033
0.08, 1110320
0.08, 1082214
0.09, 1058856
0.09, 1035663
0.10, 1017773
0.10, 1003027
0.10, 990181
0.11, 985038
0.11, 980156
0.12, 975733
0.12, 961003
0.13, 957073
0.13, 953961
0.14, 952861
0.14, 2493688
0.15, 2304571
0.15, 2148479
0.16, 2006204
0.16, 1894033
0.17, 1797944
0.17, 1704972
0.18, 1618376
0.18, 1544581
0.18, 1478892
0.19, 1415608
0.19, 1347349
0.20, 1279291
0.20, 1223290
0.21, 1172701
0.21, 1144681
0.22, 1117402
0.22, 1098426
0.22, 1079558
0.23, 1057747
0.23, 1034014
0.24, 1014284
0.24, 996155
0.25, 986751
0.25, 982135
0.26, 958747
0.26, 954902
0.27, 934470
0.27, 931425
0.28, 928616
0.28, 926854
0.28, 925754
0.29, 925544
0.30, 2662004
0.30, 2454741
0.31, 2295871
0.31, 2138037
0.31, 1990820
0.32, 1866073
0.32, 1717824
0.33, 1609483
0.33, 1507393
0.34, 1424010
0.34, 1352927
0.34, 1297230
0.35, 1242091
0.35, 1190684
0.36, 1144895
0.36, 1107552
0.36, 1071873
0.37, 1041508
0.37, 1021659
0.38, 1005434
0.38, 990917
0.39, 975311
0.39, 961656
0.39, 948938
0.40, 934134
0.40, 924344
0.41, 918637
0.41, 913704
0.41, 910510
0.42, 908734
0.42, 901601
0.43, 900455
0.43, 899904
0.43, 899623
0.44, 2768183
0.45, 2527441
0.45, 2364087
0.46, 2210701
0.46, 2070840
0.46, 1966839
0.47, 1865213
0.47, 1765765
0.48, 1683662
0.48, 1598493
0.49, 1522614
0.49, 1451953
0.49, 1382076
0.50, 1327005
0.50, 1275287
0.51, 1228041
0.51, 1196321
0.52, 1164780
0.52, 1129371
0.53, 1102674
0.53, 1083382
0.54, 1065441
0.54, 1048261
0.55, 1032023
0.55, 1016221
0.56, 1005321
0.56, 995638
0.57, 984568
0.57, 973740
0.58, 964069
0.58, 957352
0.59, 941127
0.59, 934639
0.60, 923240
0.60, 919582
0.61, 917296
0.61, 916150
0.62, 915599
0.62, 915318
0.63, 915108
0.63, 914927
