0.00, 224345
0.00, 224114
0.00, 222999
0.00, 220222
0.00, 218642
0.00, 214189
0.00, 204844
0.00, 202814
0.00, 199982
0.00, 199702
0.00, 198271
0.00, 198215
0.00, 197279
0.00, 195549
0.00, 194711
0.01, 193845
0.01, 188585
0.01, 188208
0.01, 188203
0.01, 182789
0.01, 175201
0.01, 175161
0.01, 174938
0.01, 174889
0.01, 171166
0.04, 169787
0.39, 166456
0.39, 166368
0.39, 161922
0.39, 157516
1.13, 155988
1.35, 154889
1.35, 152630
1.35, 152596
1.35, 147182
1.42, 145783
1.42, 145649
1.42, 142755
1.42, 142256
1.42, 138260
1.44, 136959
1.45, 134819
1.45, 134124
1.45, 133470
1.46, 129362
1.46, 126486
1.50, 126204
1.50, 123165
1.50, 123099
1.50, 122157
1.50, 122112
1.50, 121368
1.50, 121255
1.50, 120168
1.50, 119738
1.50, 119040
1.50, 112732
1.52, 112717
1.52, 112577
1.52, 110936
1.52, 108318
1.52, 105544
1.52, 105044
1.52, 104059
1.52, 100315
1.60, 99457
1.60, 98576
1.60, 97800
1.60, 97152
1.60, 96677
1.60, 96607
1.62, 94117
1.62, 94033
1.62, 93823
1.62, 93669
1.62, 93327
1.62, 91992
1.62, 91778
1.62, 91414
1.62, 90581
1.62, 89420
1.62, 89053
1.62, 87265
1.62, 86585
1.62, 85613
1.63, 85559
1.65, 85412
1.65, 83595
1.65, 83054
1.66, 82889
1.66, 81298
1.66, 80203
1.66, 79548
1.68, 78765
1.68, 78174
1.68, 77010
1.68, 76942
1.68, 75977
1.69, 73147
1.69, 72984
1.70, 72960
1.70, 72720
1.70, 71646
1.70, 71551
1.70, 70784
1.70, 70670
1.70, 70450
1.71, 69639
1.71, 69582
1.71, 69476
1.71, 69197
1.71, 68887
1.71, 67554
1.74, 67407
1.74, 67233
1.74, 66496
1.74, 65865
1.74, 64992
1.74, 64752
1.74, 64496
1.75, 64265
1.75, 64116
1.75, 63685
1.75, 63292
1.75, 62866
1.77, 62598
1.77, 62429
1.77, 62018
1.77, 61878
1.77, 61724
1.78, 61294
1.78, 60924
1.78, 60029
1.78, 59311
1.78, 59226
1.82, 59088
1.82, 58955
1.82, 58299
1.84, 58201
1.87, 57218
1.87, 57188
1.87, 57093
1.87, 56777
1.88, 56298
1.88, 56289
1.89, 56200
1.89, 56084
1.91, 55387
1.91, 55338
1.92, 55090
1.92, 54912
1.95, 54749
1.95, 54728
1.96, 54632
1.97, 54597
1.97, 54500
2.00, 54457
2.02, 54448
2.03, 54413
2.11, 54374
2.11, 54365
4.22, 54097
