0.01, 191308
0.03, 180960
0.04, 170886
0.05, 159909
0.07, 150129
0.08, 141397
0.09, 134118
0.10, 127118
0.12, 120692
0.13, 113115
0.14, 107819
0.15, 103159
0.17, 98813
0.18, 95192
0.19, 91704
0.20, 88886
0.22, 86217
0.23, 83720
0.24, 81371
0.25, 79408
0.26, 77936
0.27, 76062
0.28, 74440
0.29, 72845
0.30, 71288
0.31, 69844
0.33, 68586
0.34, 67501
0.35, 66501
0.36, 65603
0.38, 64758
0.39, 63933
0.40, 63153
0.41, 62446
0.42, 61800
0.43, 61174
0.45, 60564
0.46, 60019
0.48, 59456
0.49, 58946
0.50, 58461
0.51, 58014
0.53, 57603
0.54, 57248
0.55, 56952
0.56, 56810
0.57, 56723
0.59, 56455
0.60, 56348
0.61, 56296
0.62, 56283
1.13, 55622
1.14, 55475
1.15, 55394
1.16, 55008
1.17, 54942
1.18, 54883
1.20, 54571
