0.01, 212336
0.02, 200251
0.03, 188568
0.05, 176946
0.06, 167345
0.07, 158631
0.08, 150049
0.09, 141522
0.10, 134371
0.11, 127589
0.12, 121917
0.14, 116475
0.15, 111742
0.16, 106109
0.17, 101895
0.18, 97735
0.19, 93942
0.20, 90383
0.21, 88085
0.22, 86269
0.23, 84488
0.24, 81712
0.26, 79837
0.27, 77806
0.28, 76090
0.29, 74388
0.30, 73111
0.31, 71664
0.33, 70642
0.34, 69660
0.35, 68692
0.36, 67736
0.37, 66811
0.38, 65720
0.39, 63892
0.41, 62989
0.42, 62217
0.43, 61468
0.44, 60851
0.45, 60250
0.47, 59745
0.48, 59184
0.49, 58707
0.50, 58254
0.52, 57889
0.53, 57513
0.54, 57171
0.55, 56848
0.56, 56320
0.57, 55970
0.58, 55647
0.60, 54831
0.61, 54541
0.62, 54261
0.63, 53994
0.64, 53890
0.65, 53468
0.66, 53401
