0.01, 205989
0.02, 193834
0.04, 183278
0.05, 172808
0.06, 163672
0.07, 154679
0.08, 145960
0.09, 137972
0.10, 130651
0.11, 124417
0.13, 118563
0.14, 113795
0.15, 109070
0.16, 104610
0.17, 99950
0.18, 96443
0.19, 92139
0.20, 88364
0.21, 84248
0.22, 81440
0.23, 78787
0.24, 76540
0.25, 74871
0.26, 73280
0.27, 71724
0.28, 70174
0.29, 68124
0.31, 66761
0.32, 65107
0.33, 63920
0.34, 62819
0.35, 61588
0.36, 60601
0.37, 60052
0.38, 59563
0.39, 59102
0.40, 58670
0.41, 58240
0.42, 57916
0.44, 57600
0.45, 57245
0.46, 56977
0.47, 56745
0.48, 55864
0.49, 55787
0.50, 55755
0.51, 55050
0.52, 53760
1.14, 53640
1.16, 53533
1.17, 53451
1.18, 53430
1.19, 53162
