0.01, 200015
0.03, 185602
0.04, 175119
0.05, 164704
0.07, 155740
0.08, 147567
0.09, 140899
0.10, 134532
0.12, 128702
0.13, 123345
0.14, 118593
0.16, 114312
0.17, 109143
0.18, 105074
0.20, 101077
0.22, 97328
0.23, 93927
0.25, 91325
0.26, 88861
0.28, 86079
0.29, 83891
0.31, 81839
0.33, 79841
0.34, 77995
0.36, 76210
0.37, 74601
0.40, 73020
0.41, 71937
0.43, 70190
0.45, 69125
0.46, 68072
0.48, 66761
0.50, 65816
0.51, 64939
0.53, 64063
0.54, 63206
0.56, 62063
0.57, 61320
0.58, 60583
0.60, 59922
0.61, 59266
0.63, 58699
0.64, 58131
0.66, 57580
0.67, 57045
0.69, 56560
0.70, 56107
0.71, 55752
0.73, 55428
0.74, 55129
0.76, 54926
0.77, 54463
0.78, 54195
0.80, 54005
2.25, 53982
2.27, 53662
2.98, 53423
