0.00, 201744
0.00, 200834
0.00, 199642
0.00, 199477
0.00, 199468
0.00, 199373
0.00, 199356
0.00, 197121
0.00, 196141
0.00, 195601
0.00, 193193
0.00, 191979
0.00, 187868
0.00, 186851
0.00, 186427
0.00, 181362
0.00, 181257
0.01, 175547
0.01, 172412
0.01, 169996
0.10, 160402
0.69, 158896
1.18, 157800
1.22, 156277
1.22, 155853
1.22, 154510
1.22, 151855
1.22, 149783
1.22, 147941
1.22, 147362
1.22, 143166
1.27, 142379
1.27, 142210
1.29, 140574
1.29, 139836
1.29, 139753
1.29, 137511
1.29, 132552
1.32, 131926
1.32, 131354
1.32, 130905
1.32, 130763
1.35, 130377
1.35, 130103
1.35, 128727
1.35, 128256
1.35, 124513
1.35, 124316
1.35, 119839
1.35, 119599
1.35, 119500
1.35, 114835
1.35, 114472
1.35, 114351
1.35, 113959
1.35, 112598
1.41, 112461
1.41, 111998
1.41, 111904
1.41, 111268
1.41, 110891
1.43, 110702
1.43, 110559
1.43, 108307
1.43, 107941
1.43, 107741
1.43, 107671
1.43, 107524
1.43, 107178
1.44, 102823
1.44, 102315
1.44, 101955
1.44, 101894
1.45, 101502
1.45, 100962
1.45, 100667
1.45, 100648
1.46, 100583
1.46, 100048
1.46, 99917
1.46, 98654
1.46, 98008
1.46, 97451
1.46, 97405
1.46, 97368
1.46, 97283
1.46, 97278
1.46, 96909
1.46, 96089
1.46, 95771
1.46, 94896
1.46, 94600
1.46, 94494
1.46, 94178
1.47, 93951
1.47, 93418
1.47, 93355
1.47, 93352
1.47, 92919
1.47, 92653
1.47, 91465
1.49, 91185
1.49, 90888
1.49, 90002
1.49, 89692
1.50, 87614
1.50, 87260
1.50, 86042
1.50, 85633
1.50, 85490
1.50, 81414
1.54, 81041
1.54, 80847
1.54, 80402
1.54, 80320
1.55, 80315
1.55, 80145
1.58, 78037
1.58, 77593
1.58, 76973
1.58, 76936
1.58, 76884
1.58, 76644
1.58, 74975
1.58, 74760
1.59, 73727
1.59, 73272
1.59, 73092
1.62, 72046
1.62, 71576
1.62, 71174
1.62, 70656
1.62, 70447
1.63, 70084
1.65, 69163
1.66, 69014
1.66, 68756
1.66, 68473
1.66, 68128
1.66, 66952
1.66, 66621
1.66, 66423
1.66, 65813
1.66, 65615
1.67, 65522
1.67, 65412
1.67, 65334
1.67, 65225
1.67, 65157
1.67, 64959
1.67, 64517
1.72, 64412
1.72, 63302
1.73, 62984
1.73, 62691
1.73, 62637
1.74, 62106
1.76, 62049
1.76, 61696
1.83, 61629
1.84, 61438
1.92, 60867
1.94, 60835
1.94, 60725
1.95, 60566
1.95, 60512
1.95, 60421
1.97, 60388
2.01, 60310
2.02, 60262
2.03, 60202
2.16, 59840
2.75, 59762
3.03, 59215
3.24, 58819
4.07, 58712
5.05, 55421
5.05, 54854
5.12, 53867
5.16, 53006
9.42, 52907
