0.00, 226064
0.00, 223523
0.00, 222804
0.00, 222308
0.00, 221702
0.00, 219581
0.00, 219288
0.00, 216535
0.00, 211957
0.00, 208866
0.00, 206681
0.00, 205778
0.00, 202978
0.00, 194777
0.00, 189609
0.00, 188730
0.01, 184317
0.01, 184028
0.01, 183829
0.01, 183420
0.01, 177162
0.02, 176914
0.02, 174943
0.02, 174845
0.02, 171561
0.13, 171271
0.15, 168209
0.15, 168147
0.31, 166810
0.50, 164014
0.50, 163749
1.23, 162884
1.23, 161507
1.23, 161166
1.23, 160101
1.23, 155728
1.23, 155234
1.23, 151713
1.33, 151686
1.33, 147301
1.33, 147277
1.33, 144771
1.33, 141245
1.39, 140146
1.39, 139084
1.42, 137066
1.42, 133730
1.42, 132876
1.42, 130931
1.42, 130691
1.42, 130388
1.42, 126303
1.43, 124039
1.45, 121468
1.45, 120338
1.45, 119362
1.48, 118907
1.48, 118255
1.48, 118012
1.48, 117820
1.48, 116358
1.49, 114027
1.49, 111650
1.49, 110669
1.50, 110202
1.50, 110133
1.50, 109929
1.50, 109825
1.50, 109379
1.50, 108518
1.50, 107749
1.50, 107693
1.52, 107388
1.52, 105382
1.57, 103755
1.57, 103230
1.57, 100993
1.57, 100824
1.57, 100651
1.57, 100048
1.57, 99400
1.57, 99143
1.57, 98371
1.57, 97837
1.57, 96546
1.57, 96043
1.57, 95691
1.57, 95203
1.57, 94867
1.57, 94403
1.57, 94342
1.57, 93683
1.58, 92928
1.58, 92471
1.58, 91746
1.58, 91008
1.58, 90068
1.58, 88474
1.58, 86763
1.58, 85565
1.59, 84963
1.62, 83580
1.62, 82844
1.62, 82255
1.62, 81973
1.62, 81248
1.62, 79951
1.62, 79617
1.62, 79149
1.62, 78888
1.62, 78768
1.62, 77705
1.62, 76864
1.62, 75396
1.62, 74383
1.62, 74295
1.65, 73880
1.65, 73463
1.66, 73270
1.66, 72570
1.66, 72051
1.66, 71732
1.66, 70887
1.66, 70633
1.66, 70242
1.66, 69630
1.66, 69241
1.66, 68844
1.69, 67413
1.69, 67390
1.69, 67238
1.69, 66619
1.69, 66353
1.71, 65898
1.71, 65870
1.71, 63993
1.71, 63901
1.71, 62235
1.71, 62017
1.75, 61744
1.75, 60895
1.75, 60419
1.75, 60154
1.75, 59573
1.75, 59026
1.75, 58504
1.75, 58415
1.75, 57732
1.75, 57679
1.76, 57615
1.76, 57537
1.81, 57123
1.82, 56495
1.82, 56423
1.84, 56274
1.84, 55797
1.85, 55698
1.85, 55620
1.91, 55507
1.91, 55406
1.92, 55363
1.93, 55326
1.93, 54967
1.95, 54885
1.97, 54875
1.97, 54838
1.98, 54698
2.06, 54646
2.06, 54599
2.06, 54401
2.09, 54065
3.35, 53612
