0.00, 219047
0.00, 217005
0.00, 214480
0.00, 214036
0.00, 209711
0.00, 206450
0.00, 204981
0.00, 204306
0.00, 200402
0.00, 196712
0.00, 195754
0.00, 194238
0.00, 193523
0.00, 184103
0.00, 178938
0.05, 178379
0.05, 176267
0.05, 175851
0.18, 173873
0.18, 171157
0.18, 170895
0.18, 170661
0.21, 169450
0.21, 169446
0.21, 166536
1.02, 163919
1.02, 163115
1.05, 159838
1.05, 158692
1.21, 156989
1.21, 152035
1.22, 147516
1.22, 147389
1.25, 147268
1.27, 147004
1.27, 144582
1.30, 144336
1.30, 142955
1.30, 142508
1.30, 142488
1.31, 141701
1.31, 141103
1.31, 140982
1.31, 140089
1.31, 139381
1.31, 138322
1.31, 137789
1.31, 134439
1.32, 133268
1.32, 131578
1.32, 129950
1.32, 129029
1.32, 129008
1.32, 126955
1.32, 126855
1.32, 126525
1.32, 125814
1.32, 121456
1.32, 117698
1.32, 115015
1.34, 114874
1.34, 114324
1.34, 110144
1.39, 108614
1.40, 108485
1.40, 107436
1.40, 106250
1.40, 103705
1.40, 101589
1.40, 96928
1.40, 96911
1.40, 96024
1.42, 95632
1.42, 94908
1.42, 92634
1.42, 92205
1.42, 92203
1.42, 91946
1.42, 91878
1.43, 90362
1.44, 87218
1.45, 86582
1.45, 86395
1.45, 85978
1.48, 85585
1.48, 85128
1.48, 85094
1.48, 84363
1.48, 84161
1.48, 84101
1.48, 81892
1.48, 81588
1.48, 81413
1.48, 81402
1.48, 79146
1.50, 78958
1.52, 78901
1.52, 78722
1.52, 77759
1.52, 76161
1.52, 75770
1.52, 75302
1.53, 75211
1.53, 75141
1.53, 75105
1.53, 73729
1.53, 73452
1.53, 72975
1.53, 72673
1.53, 70953
1.53, 70918
1.53, 69688
1.53, 69569
1.53, 69533
1.53, 69446
1.53, 69153
1.53, 68560
1.53, 68274
1.54, 67286
1.55, 64383
1.56, 64075
1.56, 63891
1.56, 63837
1.56, 63509
1.57, 63350
1.57, 63274
1.57, 62517
1.57, 61837
1.57, 61462
1.58, 61240
1.58, 61236
1.58, 61058
1.58, 60576
1.58, 60339
1.58, 59831
1.58, 59285
1.61, 59099
1.61, 58965
1.61, 58388
1.61, 58360
1.62, 58278
1.62, 58216
1.62, 58205
1.64, 57991
1.64, 57319
1.64, 55913
1.64, 55809
1.64, 55675
1.66, 55485
1.67, 55473
1.69, 55282
1.69, 55117
1.71, 54810
1.72, 54757
1.73, 54736
1.76, 54400
1.78, 54322
1.78, 54274
1.79, 54192
1.79, 54145
3.43, 53877
12.63, 53638
18.18, 53525
