0.01, 212995
0.03, 199872
0.04, 186653
0.05, 175010
0.07, 164430
0.08, 154138
0.09, 146116
0.11, 138202
0.12, 131210
0.13, 124343
0.15, 116458
0.16, 111263
0.18, 105022
0.19, 99985
0.20, 95432
0.22, 91865
0.23, 89396
0.24, 86982
0.26, 84716
0.27, 82538
0.29, 80785
0.30, 79133
0.31, 77512
0.32, 75834
0.34, 74326
0.35, 72849
0.36, 71426
0.38, 70221
0.39, 69101
0.40, 68055
0.41, 67163
0.43, 66232
0.44, 65341
0.45, 64386
0.47, 63503
0.48, 62750
0.50, 61970
0.51, 61360
0.52, 60731
0.54, 60146
0.55, 59561
0.57, 59053
0.58, 58584
0.60, 58271
0.61, 57973
0.62, 57484
0.63, 57194
0.65, 56638
0.66, 55838
0.67, 55097
0.69, 54807
0.70, 54539
0.71, 54367
0.73, 54260
0.74, 54041
0.75, 53719
0.76, 53684
1.98, 53379
1.99, 53189
2.00, 53127
