0.01, 172975
0.03, 161645
0.04, 151184
0.05, 141481
0.06, 134143
0.08, 127134
0.09, 121508
0.10, 115767
0.12, 110908
0.13, 106636
0.14, 102383
0.15, 98427
0.17, 94740
0.18, 90888
0.19, 87649
0.20, 84633
0.22, 81631
0.23, 79393
0.24, 77620
0.26, 75851
0.27, 74187
0.28, 72823
0.29, 71537
0.31, 70351
0.32, 69245
0.33, 68436
0.34, 66623
0.36, 65836
0.37, 65010
0.38, 63362
0.39, 62240
0.41, 61613
0.42, 61060
0.43, 60343
0.44, 59792
0.46, 58936
0.47, 58387
0.48, 57875
0.49, 57160
0.51, 56498
0.52, 55789
0.53, 55304
0.54, 54914
0.55, 54619
0.57, 54373
0.58, 54190
0.59, 54044
0.60, 53906
0.61, 53799
0.62, 53766
0.64, 53755
1.33, 53723
1.97, 53715
1.98, 53689
