0.00, 196275
0.00, 196108
0.00, 191006
0.00, 187314
0.00, 186535
0.01, 183481
0.01, 182741
0.04, 182124
0.04, 181875
0.05, 178530
0.05, 178288
0.07, 178254
0.07, 176975
0.07, 176936
0.07, 176774
0.07, 171146
0.07, 164579
0.07, 164381
0.46, 163038
0.46, 160005
1.20, 159127
1.22, 157286
1.22, 152674
1.22, 151690
1.25, 147975
1.25, 145153
1.25, 144979
1.25, 144159
1.27, 143398
1.27, 142558
1.27, 142507
1.27, 142318
1.28, 141924
1.28, 137180
1.28, 137134
1.28, 135688
1.30, 134466
1.30, 133564
1.30, 132697
1.30, 131303
1.32, 129334
1.33, 129200
1.33, 128879
1.33, 123724
1.33, 123596
1.35, 122626
1.35, 122621
1.35, 121867
1.35, 121697
1.35, 120668
1.35, 120496
1.35, 118892
1.35, 117638
1.35, 112295
1.35, 112199
1.35, 110882
1.35, 110543
1.35, 105720
1.35, 105474
1.39, 104624
1.39, 104100
1.39, 100557
1.39, 100324
1.40, 98727
1.40, 98683
1.40, 98311
1.40, 97009
1.41, 96283
1.44, 95323
1.44, 94203
1.44, 93928
1.44, 93578
1.44, 93079
1.44, 92442
1.44, 91912
1.44, 90671
1.44, 89206
1.44, 89178
1.44, 88518
1.44, 87411
1.44, 86218
1.44, 85196
1.47, 84543
1.47, 82447
1.47, 82286
1.48, 80843
1.48, 80410
1.49, 80306
1.49, 80061
1.49, 79981
1.49, 79962
1.49, 79638
1.50, 78739
1.50, 77939
1.51, 77391
1.51, 76474
1.51, 76009
1.51, 75816
1.51, 75544
1.52, 75424
1.52, 74936
1.52, 74899
1.52, 74136
1.52, 73702
1.52, 73625
1.55, 72352
1.55, 71861
1.55, 71257
1.56, 69118
1.59, 69067
1.59, 68584
1.59, 68017
1.59, 67470
1.59, 67466
1.59, 66227
1.59, 65907
1.59, 65790
1.60, 65532
1.60, 65383
1.60, 64475
1.60, 63819
1.60, 63764
1.60, 63468
1.60, 63156
1.60, 63042
1.60, 62774
1.60, 62258
1.61, 61805
1.61, 61489
1.61, 61397
1.63, 61256
1.64, 61206
1.64, 60896
1.64, 60863
1.64, 60696
1.65, 60562
1.65, 60263
1.65, 60006
1.65, 59985
1.65, 59803
1.66, 59740
1.66, 59610
1.66, 59503
1.66, 59251
1.66, 59137
1.66, 59107
1.70, 58799
1.70, 58682
1.70, 58217
1.70, 58129
1.71, 58014
1.72, 57993
1.72, 57291
1.73, 57153
1.73, 57105
1.76, 56965
1.77, 56779
1.77, 56296
1.79, 55640
1.95, 55394
2.86, 55287
4.41, 54848
4.55, 54451
4.60, 53883
11.67, 53810
11.69, 53809
11.70, 53781
11.70, 53491
16.94, 53470
18.26, 53387
18.29, 53165
