0.01, 182340
0.03, 170944
0.04, 160749
0.05, 152255
0.06, 144448
0.07, 137648
0.09, 130997
0.10, 125299
0.11, 120592
0.12, 115735
0.13, 110946
0.14, 106415
0.16, 101879
0.17, 97651
0.18, 94444
0.19, 91429
0.20, 88638
0.21, 85894
0.22, 83158
0.24, 80425
0.25, 78062
0.26, 75874
0.27, 73756
0.29, 71640
0.30, 70144
0.31, 68730
0.32, 67693
0.34, 66253
0.35, 65218
0.36, 64187
0.38, 62868
0.39, 61988
0.40, 61179
0.41, 60001
0.42, 59342
0.44, 58740
0.45, 58179
0.46, 57726
0.47, 57277
0.48, 56794
0.49, 56435
0.50, 56136
0.51, 55984
0.53, 55842
0.54, 55434
0.55, 54995
0.56, 54877
0.57, 54790
0.58, 54403
0.59, 53536
0.60, 53268
0.61, 53206
1.97, 53192
2.71, 53113
2.72, 53078
