0.00, 219816
0.00, 214250
0.00, 214088
0.00, 213319
0.00, 212887
0.00, 212866
0.00, 208645
0.00, 208580
0.00, 207285
0.00, 207200
0.00, 206474
0.00, 203652
0.00, 202601
0.00, 198144
0.00, 198038
0.00, 197060
0.00, 196834
0.01, 195474
0.01, 195453
0.01, 191334
0.02, 190337
0.02, 189646
0.02, 187585
0.02, 182132
0.02, 181808
0.02, 181556
0.03, 178546
0.06, 176079
0.15, 175641
0.15, 174185
0.15, 170903
0.15, 169811
0.32, 168655
0.32, 168491
0.35, 164534
0.80, 158181
0.80, 157369
0.80, 155125
0.80, 154285
0.80, 152834
1.33, 151721
1.33, 150906
1.33, 149305
1.33, 148400
1.33, 143138
1.33, 141855
1.41, 139275
1.41, 139216
1.42, 135412
1.45, 133698
1.47, 129246
1.47, 127603
1.47, 127381
1.49, 125783
1.49, 125191
1.49, 123531
1.49, 122721
1.49, 120990
1.49, 120923
1.49, 117790
1.49, 117749
1.50, 117681
1.53, 117010
1.53, 115714
1.53, 112859
1.53, 112858
1.53, 111791
1.53, 111285
1.53, 110020
1.53, 109203
1.53, 108749
1.53, 108059
1.54, 106373
1.54, 105622
1.54, 105247
1.54, 105171
1.54, 105019
1.54, 104694
1.54, 104585
1.54, 104017
1.54, 100234
1.54, 98743
1.54, 97841
1.54, 97198
1.54, 96840
1.54, 96788
1.54, 95310
1.54, 94894
1.56, 94707
1.63, 94477
1.63, 93412
1.63, 91877
1.63, 91664
1.63, 90617
1.63, 90378
1.64, 90167
1.64, 90080
1.65, 90056
1.65, 88691
1.65, 88506
1.65, 88452
1.65, 88342
1.65, 87588
1.65, 87125
1.68, 86531
1.68, 86346
1.68, 86177
1.68, 84803
1.68, 83307
1.68, 83208
1.68, 82512
1.68, 82410
1.68, 82192
1.69, 82076
1.69, 81614
1.69, 81351
1.69, 80711
1.69, 80330
1.69, 79899
1.69, 79353
1.70, 78124
1.70, 78047
1.70, 77920
1.70, 77351
1.70, 76230
1.70, 76175
1.70, 75573
1.70, 75426
1.70, 75274
1.70, 74615
1.70, 74340
1.70, 74241
1.71, 73607
1.71, 73419
1.71, 72963
1.71, 72872
1.72, 71843
1.73, 71448
1.73, 71355
1.73, 71325
1.73, 71042
1.73, 70956
1.73, 68903
1.74, 68629
1.74, 68144
1.76, 67471
1.76, 67105
1.76, 66799
1.76, 66492
1.76, 66084
1.76, 66003
1.76, 65967
1.76, 65421
1.77, 65247
1.77, 64503
1.77, 64457
1.77, 63872
1.77, 62581
1.78, 62385
1.78, 62276
1.78, 62138
1.78, 61995
1.78, 61782
1.78, 61662
1.78, 61512
1.79, 61265
1.79, 60894
1.79, 60771
1.82, 60120
1.82, 59689
1.84, 59648
1.84, 58167
1.84, 57645
1.84, 57524
1.84, 57256
1.84, 57141
1.84, 57007
1.84, 56866
1.84, 56822
1.89, 56721
1.89, 56244
1.90, 56171
1.92, 56144
1.93, 55910
1.94, 55831
1.95, 55538
2.01, 55427
3.31, 55237
4.05, 54663
4.05, 54373
6.87, 54253
8.47, 53985
9.44, 53878
9.52, 53845
9.54, 53228
9.56, 53193
