0.00, 225937
0.00, 222686
0.00, 218359
0.00, 218292
0.00, 217487
0.00, 215087
0.00, 214760
0.00, 213529
0.00, 212916
0.00, 212650
0.00, 211541
0.00, 210564
0.00, 207140
0.00, 206575
0.00, 205949
0.00, 205776
0.00, 204915
0.00, 203388
0.00, 203302
0.00, 191824
0.00, 191157
0.00, 190996
0.00, 189654
0.00, 186781
0.01, 184971
0.01, 183767
0.04, 182689
0.04, 182338
0.04, 180509
0.04, 180017
0.05, 178824
0.05, 177228
0.05, 176534
0.05, 176191
0.05, 173922
0.12, 173712
0.12, 171730
0.12, 170659
0.16, 165777
0.16, 160566
0.16, 160355
0.96, 159755
1.07, 159108
1.07, 156042
1.21, 154377
1.21, 154034
1.21, 149230
1.21, 146995
1.21, 145586
1.21, 144361
1.21, 143754
1.21, 136346
1.36, 132648
1.38, 131203
1.38, 129068
1.38, 128929
1.38, 128827
1.38, 128446
1.38, 123165
1.38, 117276
1.38, 117186
1.38, 115654
1.44, 112007
1.44, 111400
1.44, 109063
1.44, 108936
1.44, 108625
1.44, 108040
1.48, 107381
1.48, 105353
1.48, 102838
1.48, 102673
1.48, 100777
1.48, 99004
1.48, 97979
1.48, 96499
1.48, 95359
1.52, 95018
1.52, 94656
1.52, 91503
1.52, 90118
1.52, 89827
1.52, 89355
1.52, 88246
1.52, 88103
1.52, 87167
1.52, 85004
1.56, 84213
1.57, 83119
1.57, 82816
1.57, 82425
1.57, 81491
1.57, 79699
1.57, 79400
1.57, 78401
1.60, 77250
1.60, 77235
1.60, 76337
1.60, 76290
1.60, 75865
1.60, 75398
1.60, 75217
1.60, 74259
1.60, 74212
1.65, 74003
1.65, 72851
1.65, 72722
1.65, 72094
1.65, 71640
1.66, 71030
1.66, 70287
1.66, 70142
1.66, 69851
1.66, 68747
1.70, 68137
1.70, 67757
1.70, 67660
1.70, 67534
1.70, 67364
1.70, 67228
1.70, 66674
1.70, 65682
1.70, 64184
1.70, 63905
1.70, 63861
1.70, 63857
1.70, 63633
1.70, 63007
1.70, 62626
1.71, 62013
1.71, 61855
1.72, 61672
1.72, 60928
1.72, 60885
1.72, 60460
1.74, 59980
1.74, 59922
1.74, 59508
1.74, 58721
1.74, 58689
1.74, 58450
1.74, 58419
1.74, 58313
1.75, 58179
1.75, 57694
1.75, 57670
1.80, 57410
1.80, 57285
1.80, 57214
1.80, 56902
1.80, 56838
1.82, 56746
1.82, 56227
1.82, 55667
1.90, 55652
1.90, 55084
1.90, 54919
1.91, 54187
2.00, 54131
2.28, 53984
19.21, 53955
