0.00, 199712
0.00, 198346
0.00, 194950
0.00, 194754
0.00, 192830
0.00, 188527
0.00, 186860
0.01, 184371
0.01, 184354
0.01, 183940
0.01, 181347
0.01, 180322
0.03, 180251
0.03, 174769
0.05, 170359
0.05, 168933
0.25, 167256
0.37, 166368
0.79, 163738
0.79, 162040
0.79, 159628
0.79, 158961
0.79, 156010
0.79, 155542
1.11, 150993
1.11, 150612
1.11, 148067
1.11, 141447
1.11, 139000
1.11, 137725
1.11, 135144
1.11, 133368
1.11, 131747
1.11, 130699
1.27, 130434
1.27, 128034
1.30, 125994
1.30, 124769
1.30, 124484
1.30, 121979
1.31, 120514
1.31, 119963
1.31, 118133
1.31, 115827
1.34, 115401
1.34, 114496
1.34, 114014
1.35, 113697
1.35, 113351
1.35, 113165
1.35, 112430
1.36, 111414
1.36, 110919
1.36, 109122
1.36, 109047
1.37, 107746
1.37, 107185
1.37, 106265
1.37, 103492
1.37, 102916
1.39, 101637
1.39, 101084
1.39, 100945
1.39, 99139
1.39, 97555
1.39, 97418
1.40, 97151
1.40, 96309
1.40, 96115
1.40, 94077
1.40, 93221
1.40, 93024
1.43, 92388
1.43, 92331
1.43, 91571
1.43, 91418
1.43, 90759
1.43, 90702
1.44, 89044
1.44, 89025
1.44, 88305
1.44, 88037
1.44, 87740
1.44, 87355
1.44, 86547
1.44, 86528
1.44, 84428
1.44, 84269
1.44, 84152
1.44, 83667
1.45, 82604
1.45, 81389
1.45, 81112
1.45, 79179
1.45, 79037
1.47, 78067
1.47, 77887
1.47, 77347
1.47, 76620
1.47, 76217
1.47, 75518
1.51, 74906
1.52, 74840
1.52, 73990
1.52, 72399
1.52, 72075
1.52, 72046
1.52, 71892
1.52, 71586
1.53, 71314
1.53, 70861
1.53, 69860
1.53, 68927
1.53, 68873
1.54, 68739
1.54, 68338
1.54, 68035
1.54, 67379
1.54, 66990
1.54, 66918
1.56, 66597
1.56, 66310
1.56, 66254
1.56, 65999
1.56, 65883
1.58, 65685
1.58, 64703
1.58, 64596
1.58, 64519
1.58, 64288
1.58, 64052
1.59, 63576
1.59, 63567
1.59, 63525
1.59, 63315
1.60, 63283
1.60, 62689
1.60, 62108
1.60, 61712
1.61, 60678
1.61, 60196
1.61, 60155
1.61, 60089
1.67, 59928
1.68, 59924
1.72, 59886
1.73, 59808
1.73, 59717
1.74, 59659
1.75, 58922
1.87, 58797
2.08, 55229
2.15, 54242
2.20, 53952
3.94, 53902
4.36, 53825
