0.00, 202923
0.00, 202702
0.00, 202466
0.00, 199423
0.00, 197280
0.00, 196160
0.00, 195956
0.00, 190879
0.00, 190870
0.00, 189828
0.00, 187556
0.01, 186971
0.01, 186859
0.01, 184442
0.02, 184331
0.02, 180078
0.03, 179854
0.03, 179259
0.03, 176930
0.03, 176831
0.03, 174525
0.03, 172200
0.16, 167948
0.16, 165480
0.16, 162457
0.16, 161568
0.16, 160856
1.20, 157073
1.22, 154753
1.22, 153400
1.31, 152052
1.33, 151178
1.33, 151176
1.33, 145399
1.45, 144882
1.45, 144648
1.45, 143087
1.45, 142606
1.46, 140972
1.46, 140463
1.46, 140202
1.47, 138161
1.47, 137978
1.47, 135371
1.48, 134734
1.48, 134166
1.48, 133515
1.48, 132477
1.48, 131741
1.49, 129735
1.49, 129514
1.49, 128438
1.49, 126718
1.49, 124422
1.49, 118818
1.49, 116706
1.52, 114870
1.54, 114349
1.57, 114308
1.57, 112114
1.57, 109880
1.57, 109843
1.57, 109209
1.57, 108967
1.57, 108829
1.58, 106365
1.59, 106060
1.59, 104564
1.59, 104334
1.59, 104073
1.59, 103847
1.60, 102397
1.60, 102283
1.60, 101818
1.60, 101471
1.60, 101166
1.60, 100472
1.60, 99464
1.61, 98035
1.61, 97647
1.61, 95741
1.61, 94206
1.61, 92821
1.63, 92719
1.63, 88767
1.63, 87873
1.63, 86669
1.63, 86411
1.64, 85599
1.64, 84644
1.64, 84602
1.65, 83960
1.67, 83238
1.70, 82579
1.70, 81881
1.70, 81789
1.70, 81722
1.70, 81157
1.70, 80768
1.70, 80308
1.70, 80303
1.70, 80001
1.70, 79643
1.70, 78567
1.70, 77406
1.70, 76962
1.70, 76675
1.70, 76596
1.70, 75831
1.70, 74174
1.70, 74142
1.71, 72478
1.75, 72415
1.75, 72352
1.75, 71953
1.75, 71851
1.75, 71783
1.78, 71772
1.79, 71406
1.79, 70800
1.79, 70776
1.80, 70033
1.80, 69738
1.80, 68639
1.80, 68340
1.80, 68150
1.80, 68065
1.80, 67861
1.80, 66809
1.80, 66446
1.81, 64413
1.81, 63820
1.81, 63406
1.81, 62519
1.81, 62183
1.81, 62070
1.81, 61509
1.81, 60713
1.82, 60522
1.82, 60518
1.83, 60374
1.83, 60242
1.86, 59929
1.86, 59205
1.86, 58801
1.86, 57880
1.86, 57738
1.86, 57440
1.87, 57429
1.87, 56012
1.88, 55650
1.89, 55338
1.95, 55233
1.95, 55134
1.95, 54742
1.95, 54608
2.18, 54566
2.74, 54475
2.74, 53953
4.57, 53917
4.71, 53911
16.32, 53622
18.53, 53515
