0.01, 200526
0.03, 187613
0.04, 175786
0.05, 164844
0.06, 155065
0.08, 146709
0.09, 138619
0.10, 131290
0.11, 125173
0.12, 119878
0.14, 114666
0.15, 109622
0.16, 104730
0.17, 100634
0.18, 96304
0.20, 92618
0.21, 89059
0.22, 86108
0.23, 83946
0.25, 81941
0.26, 79304
0.27, 77687
0.28, 76073
0.29, 74513
0.31, 72859
0.32, 71420
0.33, 70002
0.34, 68633
0.35, 67368
0.36, 66109
0.37, 65056
0.38, 64014
0.40, 63124
0.41, 62334
0.42, 61648
0.43, 61010
0.44, 60458
0.45, 59998
0.46, 59554
0.48, 59205
0.49, 58913
0.50, 57542
0.51, 57322
0.53, 57123
0.54, 56503
0.55, 56353
0.56, 56291
0.57, 56040
1.04, 55522
1.05, 55242
1.06, 54974
1.08, 54892
1.09, 54811
1.10, 54559
1.11, 54200
1.12, 54122
1.14, 53726
1.15, 53654
1.16, 53586
1.17, 53539
1.18, 53483
1.19, 53061
