0.01, 201976
0.03, 191687
0.04, 178510
0.05, 169077
0.07, 159772
0.08, 151884
0.09, 144124
0.10, 136417
0.12, 129232
0.13, 122834
0.14, 117392
0.15, 112294
0.16, 107246
0.18, 102277
0.19, 97708
0.20, 93224
0.21, 89320
0.22, 86515
0.24, 83888
0.25, 81379
0.26, 79115
0.28, 77205
0.29, 75405
0.30, 72789
0.31, 71218
0.33, 69739
0.34, 68306
0.35, 66913
0.36, 65674
0.37, 64542
0.38, 63078
0.40, 61856
0.41, 60977
0.42, 60206
0.43, 59546
0.45, 58978
0.46, 58546
0.47, 58146
0.48, 57780
0.49, 57456
0.50, 57208
0.52, 56482
0.53, 56151
0.55, 55930
0.56, 55740
0.58, 55577
0.59, 55437
0.61, 55338
0.62, 54753
0.63, 54720
1.28, 54290
1.30, 54037
1.31, 53859
1.32, 53568
1.33, 53461
1.97, 53385
1.99, 53318
2.00, 53256
