0.00, 192272
0.00, 192076
0.00, 187819
0.00, 186778
0.01, 186485
0.05, 184907
0.05, 181622
0.05, 180215
0.05, 177965
0.15, 177537
0.15, 173512
0.15, 169848
0.15, 167719
0.18, 167424
0.18, 166526
0.18, 164429
0.54, 162914
0.54, 162911
0.54, 161921
0.87, 160466
0.87, 160006
1.30, 157729
1.30, 156559
1.30, 155453
1.30, 154339
1.36, 151935
1.36, 149944
1.36, 149563
1.36, 149349
1.41, 148028
1.41, 147979
1.41, 146502
1.41, 141573
1.41, 141161
1.42, 136922
1.46, 136611
1.46, 135445
1.46, 134376
1.46, 134136
1.46, 131717
1.46, 131102
1.46, 130787
1.47, 129841
1.47, 129702
1.50, 129601
1.50, 128180
1.50, 127645
1.50, 126349
1.50, 124017
1.55, 121384
1.55, 120628
1.55, 116518
1.55, 115287
1.55, 115033
1.58, 113952
1.58, 112356
1.58, 111626
1.58, 110927
1.58, 108909
1.58, 107281
1.61, 106264
1.62, 105128
1.62, 104216
1.62, 103874
1.62, 102740
1.62, 102246
1.62, 102036
1.62, 101817
1.62, 101579
1.62, 101366
1.62, 101179
1.62, 100608
1.62, 100376
1.62, 99410
1.63, 98967
1.63, 97814
1.63, 96564
1.63, 96065
1.63, 95521
1.63, 95428
1.63, 95310
1.63, 93054
1.63, 92025
1.63, 91565
1.63, 88872
1.69, 88733
1.69, 88097
1.69, 87221
1.69, 85791
1.69, 85537
1.69, 84496
1.69, 84106
1.69, 83250
1.75, 82821
1.75, 81967
1.75, 81323
1.75, 80476
1.75, 80432
1.75, 79439
1.75, 78915
1.75, 77164
1.76, 75539
1.78, 74470
1.79, 73497
1.79, 73372
1.80, 72824
1.80, 72199
1.80, 72163
1.80, 71938
1.80, 70699
1.81, 70681
1.81, 70388
1.81, 70086
1.81, 70053
1.81, 69976
1.81, 69441
1.81, 69399
1.81, 68970
1.81, 68885
1.81, 68446
1.81, 67804
1.81, 67553
1.81, 67369
1.85, 67175
1.85, 66950
1.85, 66495
1.85, 65702
1.86, 65598
1.86, 65091
1.86, 65082
1.86, 64711
1.86, 62724
1.86, 62695
1.86, 62523
1.86, 62289
1.87, 62058
1.87, 61828
1.87, 61756
1.87, 61394
1.87, 60717
1.87, 60426
1.88, 60098
1.91, 59982
1.91, 59191
1.91, 58544
1.91, 57315
1.93, 57224
1.93, 57221
1.95, 57089
1.95, 56998
1.96, 56710
1.97, 56545
1.97, 56508
1.97, 56269
1.97, 56060
2.02, 55833
2.03, 55804
2.10, 55296
2.14, 54878
3.72, 54356
3.85, 53788
7.81, 53599
9.05, 53146
