0.00, 198409
0.00, 196809
0.00, 191081
0.00, 191046
0.00, 183036
0.00, 178049
0.07, 177160
0.07, 172113
0.07, 170764
0.13, 167388
1.01, 160410
1.01, 159358
1.23, 157668
1.26, 157372
1.26, 156362
1.26, 155777
1.28, 152832
1.28, 151878
1.29, 146700
1.29, 146246
1.29, 145284
1.29, 143604
1.30, 143255
1.30, 138914
1.30, 138191
1.30, 135691
1.30, 135515
1.30, 129936
1.34, 127154
1.34, 126251
1.36, 125622
1.36, 124569
1.36, 124333
1.41, 120663
1.41, 117705
1.41, 116920
1.41, 116788
1.41, 116654
1.41, 114845
1.41, 114389
1.41, 113935
1.41, 113184
1.43, 111037
1.43, 109407
1.43, 109372
1.43, 108738
1.43, 108688
1.43, 107463
1.43, 106170
1.43, 104872
1.43, 101950
1.43, 97221
1.43, 96529
1.47, 96504
1.47, 95626
1.47, 95094
1.53, 93866
1.53, 93564
1.53, 92225
1.53, 92005
1.53, 91709
1.53, 90353
1.53, 89558
1.56, 88337
1.56, 88282
1.56, 87889
1.56, 87245
1.56, 87071
1.56, 85087
1.58, 84666
1.58, 82461
1.58, 82389
1.58, 82205
1.58, 82154
1.58, 82144
1.58, 81687
1.58, 80811
1.58, 80219
1.58, 79963
1.58, 77928
1.58, 77848
1.58, 77006
1.58, 76863
1.59, 76410
1.59, 75683
1.59, 74575
1.59, 73822
1.59, 73039
1.61, 71926
1.61, 71904
1.61, 70900
1.61, 69718
1.61, 69456
1.61, 69424
1.61, 69092
1.66, 68831
1.66, 68661
1.66, 68586
1.66, 67920
1.67, 67531
1.67, 67503
1.67, 67263
1.67, 66962
1.68, 66795
1.68, 66649
1.68, 65457
1.68, 65311
1.68, 64494
1.68, 64240
1.69, 63256
1.69, 63246
1.70, 63168
1.70, 62270
1.70, 61763
1.70, 60532
1.70, 60268
1.71, 59739
1.71, 59055
1.71, 59018
1.71, 58290
1.71, 57287
1.75, 57244
1.75, 56883
1.76, 56283
1.76, 56157
1.76, 55739
1.77, 55599
1.84, 55274
1.84, 55188
1.86, 54961
1.88, 54005
2.85, 53899
4.10, 53609
