0.01, 184869
0.03, 172759
0.04, 160987
0.05, 151904
0.06, 143281
0.07, 135507
0.08, 127987
0.10, 120488
0.11, 115067
0.12, 109925
0.13, 105455
0.14, 100383
0.15, 95677
0.16, 92356
0.17, 89381
0.18, 86532
0.19, 83759
0.21, 81034
0.22, 78859
0.23, 77083
0.24, 74654
0.25, 72886
0.26, 71209
0.27, 69583
0.28, 68176
0.29, 66987
0.31, 66145
0.32, 65056
0.33, 64268
0.34, 63231
0.36, 62700
0.37, 62217
0.38, 61774
0.39, 61335
0.41, 60796
0.42, 60355
0.43, 59890
0.45, 59501
0.46, 58882
0.47, 57908
0.49, 57546
0.50, 57235
0.51, 56944
0.53, 56676
0.54, 56458
0.56, 55438
0.57, 55032
0.58, 54445
0.60, 54338
0.61, 54257
0.62, 54005
0.64, 53646
0.65, 53579
0.67, 53531
