0.01, 193107
0.03, 182972
0.04, 172876
0.05, 163357
0.07, 154072
0.08, 144621
0.09, 135965
0.11, 127792
0.12, 120428
0.13, 114829
0.15, 110336
0.16, 106448
0.17, 102780
0.18, 99309
0.20, 95951
0.21, 92860
0.22, 89853
0.23, 87204
0.25, 84739
0.26, 82596
0.27, 80599
0.29, 78717
0.30, 76826
0.31, 75094
0.32, 73421
0.34, 71653
0.35, 69723
0.36, 67988
0.37, 66397
0.39, 65175
0.40, 64004
0.41, 62965
0.42, 62134
0.43, 60384
0.45, 59635
0.46, 59008
0.47, 58421
0.48, 57874
0.50, 57331
0.51, 56796
0.52, 56351
0.53, 55985
0.55, 55948
0.56, 55593
0.57, 55531
0.58, 55319
0.60, 55271
0.61, 55258
0.62, 54970
2.01, 54813
2.02, 54751
2.03, 54730
2.04, 54462
2.06, 54453
2.07, 54057
2.69, 53890
2.71, 53819
2.72, 53677
2.73, 53590
2.74, 53322
2.75, 53215
2.77, 53172
2.78, 53083
2.79, 53048
