0.01, 178351
0.03, 167120
0.04, 155928
0.06, 147540
0.07, 139375
0.08, 133054
0.10, 126801
0.11, 120726
0.12, 115291
0.14, 110318
0.15, 106007
0.16, 101711
0.17, 97912
0.19, 94715
0.20, 91869
0.21, 89067
0.23, 86501
0.24, 84061
0.25, 82166
0.27, 79930
0.28, 78325
0.29, 76556
0.31, 74952
0.32, 73457
0.33, 72041
0.34, 70622
0.36, 69415
0.37, 67653
0.38, 66499
0.40, 65523
0.41, 64552
0.42, 63607
0.44, 62836
0.45, 62098
0.46, 61382
0.47, 60557
0.49, 59898
0.50, 59247
0.51, 58739
0.52, 58259
0.53, 57779
0.54, 56408
0.56, 55955
0.57, 55508
0.58, 55218
0.59, 54997
0.60, 54581
0.61, 54391
0.63, 54329
0.64, 54303
1.18, 54260
1.19, 54225
1.20, 54216
1.21, 53820
