0.01, 196620
0.03, 184012
0.04, 173272
0.05, 163701
0.07, 154252
0.08, 144947
0.09, 137079
0.10, 129604
0.12, 123781
0.13, 117973
0.14, 112490
0.16, 108120
0.17, 104683
0.18, 101436
0.20, 98138
0.21, 95245
0.23, 92450
0.24, 89876
0.26, 87799
0.27, 85814
0.28, 84001
0.30, 82065
0.31, 80277
0.33, 78615
0.34, 76927
0.36, 75265
0.37, 73701
0.39, 72148
0.40, 70631
0.41, 69148
0.43, 66969
0.44, 65505
0.45, 63856
0.47, 62606
0.48, 61392
0.49, 60349
0.51, 59466
0.52, 58767
0.53, 58290
0.54, 57904
0.56, 57528
0.57, 56518
0.58, 55858
0.60, 55515
0.61, 55023
0.62, 54234
0.64, 53966
0.65, 53723
0.67, 53364
