0.00, 222189
0.00, 219418
0.00, 218858
0.00, 217644
0.00, 208619
0.00, 208403
0.00, 205855
0.00, 205003
0.00, 202429
0.00, 198836
0.01, 192533
0.01, 190845
0.01, 187828
0.01, 187587
0.02, 182450
0.03, 182136
0.03, 181461
0.03, 178038
0.18, 177949
0.18, 177005
0.18, 171132
0.69, 169234
1.12, 169175
1.19, 168688
1.19, 164995
1.28, 164258
1.28, 163604
1.29, 158842
1.29, 158383
1.32, 157675
1.42, 154611
1.42, 153327
1.42, 152383
1.42, 149858
1.42, 149597
1.42, 148201
1.42, 147464
1.44, 146956
1.44, 146627
1.48, 145279
1.48, 139018
1.48, 135146
1.48, 133992
1.48, 132968
1.53, 130503
1.54, 128420
1.57, 125854
1.57, 124538
1.58, 124385
1.58, 123990
1.58, 123635
1.58, 123515
1.60, 123183
1.60, 121475
1.60, 120595
1.60, 119914
1.60, 119777
1.60, 119707
1.61, 117093
1.61, 116715
1.61, 116316
1.61, 116077
1.63, 115794
1.63, 113009
1.64, 112718
1.66, 111586
1.66, 110185
1.66, 109007
1.66, 108039
1.66, 107967
1.66, 107963
1.66, 106384
1.66, 103962
1.66, 102148
1.68, 101987
1.68, 101870
1.68, 100863
1.68, 97343
1.68, 95583
1.69, 95266
1.69, 94587
1.69, 94385
1.69, 93905
1.69, 93104
1.70, 92100
1.70, 91635
1.72, 90931
1.72, 90658
1.72, 90072
1.73, 87924
1.73, 87062
1.75, 86729
1.75, 86695
1.75, 86578
1.75, 86153
1.76, 85066
1.76, 84163
1.76, 82893
1.76, 81330
1.76, 80951
1.76, 80780
1.76, 79605
1.76, 79152
1.78, 78930
1.79, 78762
1.79, 78408
1.79, 77481
1.79, 77364
1.79, 77186
1.79, 76536
1.81, 76515
1.81, 76476
1.81, 76365
1.81, 75855
1.81, 75127
1.81, 74869
1.81, 74032
1.81, 73682
1.82, 72697
1.82, 72528
1.82, 72497
1.82, 71509
1.82, 70990
1.82, 70989
1.82, 70819
1.82, 70159
1.82, 69934
1.86, 69853
1.86, 69604
1.86, 69531
1.86, 69203
1.86, 68961
1.87, 68716
1.87, 68418
1.87, 68047
1.87, 67052
1.87, 66959
1.87, 66508
1.87, 66501
1.87, 65683
1.87, 65258
1.88, 65177
1.88, 64620
1.89, 64028
1.89, 63950
1.89, 63811
1.90, 63802
1.90, 63356
1.90, 62136
1.91, 61879
1.91, 61716
1.91, 61426
1.92, 61225
1.92, 60685
1.92, 60658
1.92, 60129
1.92, 59153
1.92, 58585
1.93, 58181
1.95, 57946
1.95, 57636
1.95, 57593
1.95, 57332
1.95, 57270
1.96, 57256
1.96, 57235
1.96, 56784
1.96, 56780
1.97, 56777
1.97, 56492
1.98, 56473
1.98, 54413
2.00, 54328
2.01, 54083
4.60, 53649
