0.00, 213529
0.00, 213491
0.00, 212159
0.00, 211619
0.00, 210626
0.00, 210243
0.00, 209425
0.00, 205571
0.00, 204957
0.00, 204159
0.00, 199760
0.01, 198820
0.01, 198577
0.01, 193966
0.01, 193359
0.01, 192669
0.01, 192627
0.01, 187581
0.01, 187072
0.01, 179105
0.01, 177137
0.02, 171108
0.02, 167610
0.12, 165465
0.35, 164583
0.41, 162813
1.26, 162660
1.26, 162082
1.26, 162007
1.35, 160666
1.35, 157922
1.35, 153914
1.35, 153424
1.37, 151869
1.37, 147443
1.41, 147018
1.41, 143719
1.43, 142284
1.43, 139933
1.43, 139817
1.43, 138908
1.43, 138612
1.43, 137849
1.43, 136852
1.44, 136297
1.44, 136228
1.49, 133556
1.49, 130143
1.49, 129255
1.49, 123290
1.49, 122968
1.52, 122747
1.52, 122344
1.52, 121258
1.52, 121041
1.52, 121037
1.54, 120638
1.54, 117804
1.55, 116993
1.55, 115369
1.55, 114171
1.56, 113673
1.56, 113573
1.56, 113273
1.56, 112974
1.56, 112773
1.56, 112431
1.60, 109697
1.60, 107771
1.61, 107406
1.61, 106997
1.61, 106764
1.61, 106183
1.61, 105956
1.61, 105362
1.62, 105013
1.62, 104487
1.62, 101984
1.62, 101968
1.62, 100179
1.62, 99865
1.62, 99589
1.64, 98198
1.64, 97201
1.64, 96482
1.67, 95601
1.67, 95181
1.67, 93399
1.67, 93260
1.67, 92930
1.67, 91749
1.67, 91666
1.67, 88938
1.68, 87604
1.68, 87482
1.69, 87286
1.69, 87235
1.69, 86793
1.69, 85655
1.71, 85607
1.72, 85539
1.72, 84998
1.72, 84880
1.72, 84580
1.72, 84186
1.72, 83717
1.72, 82124
1.72, 80693
1.72, 79316
1.72, 79113
1.72, 78769
1.72, 77619
1.72, 77602
1.72, 76851
1.72, 76680
1.72, 74718
1.72, 74128
1.72, 72954
1.72, 72717
1.73, 72596
1.76, 72387
1.79, 71557
1.79, 69718
1.79, 69553
1.79, 68853
1.79, 68317
1.79, 68212
1.79, 68100
1.79, 67975
1.79, 67303
1.79, 66177
1.82, 66160
1.82, 65568
1.82, 65541
1.82, 64502
1.83, 64292
1.83, 64200
1.83, 64127
1.84, 64003
1.84, 63705
1.85, 62982
1.86, 62934
1.86, 62492
1.86, 62305
1.91, 62290
1.91, 62190
1.91, 62018
1.91, 61058
1.91, 60226
1.91, 60098
1.91, 60065
1.92, 59902
1.92, 59526
1.93, 59206
1.93, 59120
1.93, 58677
1.93, 58635
1.94, 57862
1.95, 57326
1.95, 57170
1.96, 57089
1.96, 56066
1.96, 55807
2.02, 55758
2.02, 55645
2.06, 55610
4.46, 55468
4.47, 55303
4.52, 55035
6.99, 54757
6.99, 54437
8.38, 54330
10.01, 53701
16.83, 53495
18.36, 53227
19.77, 52774
