0.00, 216564
0.00, 209899
0.00, 209476
0.00, 208421
0.00, 206915
0.00, 203152
0.00, 203108
0.00, 202097
0.00, 200099
0.00, 199964
0.00, 193507
0.00, 191080
0.00, 188882
0.00, 184465
0.00, 182188
0.01, 181860
0.01, 181144
0.01, 174122
0.04, 173401
0.05, 169366
0.18, 168365
0.41, 163192
0.41, 158478
0.41, 157941
1.28, 156946
1.28, 154055
1.28, 153988
1.28, 151849
1.28, 151843
1.28, 151351
1.28, 149507
1.28, 149474
1.28, 143586
1.28, 143360
1.41, 140733
1.41, 140246
1.42, 138801
1.42, 138715
1.42, 136778
1.42, 134810
1.45, 134324
1.46, 134058
1.46, 133315
1.46, 131229
1.48, 130475
1.48, 130040
1.48, 130016
1.48, 123975
1.50, 122943
1.50, 122283
1.50, 122215
1.50, 120115
1.50, 119992
1.50, 119519
1.50, 118909
1.50, 117729
1.53, 117139
1.53, 116635
1.53, 116378
1.53, 115304
1.53, 112175
1.53, 110168
1.57, 109462
1.57, 107944
1.57, 107471
1.57, 104388
1.57, 104189
1.57, 103027
1.57, 102689
1.57, 101715
1.57, 97946
1.57, 97378
1.59, 97290
1.59, 95693
1.59, 95578
1.59, 95238
1.59, 95169
1.59, 93974
1.59, 92863
1.59, 92647
1.61, 92583
1.62, 91701
1.62, 90268
1.62, 89706
1.62, 88891
1.62, 88754
1.62, 88245
1.62, 87394
1.62, 86681
1.62, 85733
1.64, 85538
1.64, 85520
1.64, 85506
1.64, 84969
1.67, 83855
1.67, 83126
1.68, 82212
1.68, 80307
1.68, 80204
1.68, 80154
1.73, 78520
1.73, 76856
1.73, 76755
1.73, 76692
1.73, 76164
1.73, 75378
1.73, 73964
1.73, 73771
1.73, 73685
1.73, 73396
1.74, 73260
1.74, 72752
1.74, 71359
1.74, 71355
1.74, 71125
1.75, 70956
1.75, 70602
1.77, 70115
1.77, 69752
1.77, 69381
1.77, 69294
1.77, 68964
1.78, 68424
1.78, 68411
1.78, 68407
1.78, 67091
1.78, 66857
1.79, 66344
1.79, 66199
1.83, 65825
1.84, 65424
1.84, 65292
1.84, 65169
1.84, 64746
1.85, 64288
1.86, 62961
1.88, 62916
1.90, 62760
1.90, 61994
1.90, 61882
1.90, 61868
1.90, 61636
1.94, 58359
1.95, 57792
1.95, 56899
1.98, 55898
1.99, 55806
2.02, 55723
2.54, 55510
2.99, 55418
3.86, 54789
5.11, 54707
12.21, 54532
12.27, 54511
12.46, 54497
12.52, 54476
18.24, 54155
18.28, 53758
18.29, 53696
