0.00, 222569
0.00, 219649
0.00, 219504
0.00, 218858
0.00, 210090
0.00, 209928
0.00, 207095
0.00, 206155
0.00, 203686
0.00, 199298
0.00, 198601
0.00, 197179
0.00, 196362
0.00, 196277
0.00, 191881
0.00, 189677
0.00, 186939
0.00, 186517
0.01, 185194
0.01, 181757
0.01, 180767
0.01, 177920
0.01, 177377
0.03, 175507
0.09, 174532
0.09, 169446
0.09, 168890
0.09, 168538
0.10, 165444
0.10, 165136
0.15, 162652
0.15, 162286
0.18, 157379
1.22, 155691
1.22, 155050
1.31, 154665
1.31, 153432
1.40, 150788
1.40, 149512
1.40, 147914
1.40, 146731
1.40, 142484
1.46, 140499
1.46, 139778
1.48, 139632
1.49, 138050
1.51, 137189
1.51, 130333
1.51, 129005
1.52, 125193
1.52, 122033
1.52, 121784
1.53, 117716
1.53, 117424
1.54, 117092
1.54, 116884
1.54, 116754
1.55, 116679
1.55, 116659
1.55, 114156
1.55, 112522
1.55, 111422
1.56, 111332
1.58, 110100
1.58, 108520
1.60, 108360
1.60, 107647
1.60, 106781
1.60, 103894
1.62, 103857
1.62, 103239
1.62, 102992
1.62, 102872
1.62, 99825
1.62, 98815
1.63, 98432
1.63, 97808
1.64, 97790
1.64, 97628
1.64, 97106
1.64, 95394
1.64, 95234
1.65, 95107
1.65, 94995
1.65, 94801
1.65, 94761
1.65, 94733
1.65, 94127
1.65, 92595
1.67, 91477
1.70, 91305
1.70, 91232
1.70, 91031
1.70, 90661
1.70, 90645
1.70, 90035
1.70, 89841
1.70, 89489
1.70, 89229
1.70, 89178
1.70, 88360
1.70, 88025
1.71, 87233
1.71, 86869
1.71, 85219
1.72, 84841
1.72, 83648
1.72, 83356
1.72, 83207
1.72, 83148
1.72, 82591
1.72, 81696
1.72, 81003
1.72, 80577
1.72, 80276
1.72, 80024
1.72, 77697
1.72, 75911
1.73, 75902
1.73, 75654
1.75, 75566
1.75, 75085
1.75, 74726
1.77, 72720
1.77, 72301
1.79, 71886
1.79, 71589
1.79, 71149
1.79, 70189
1.79, 69169
1.79, 68445
1.79, 68428
1.79, 67559
1.79, 65980
1.79, 65970
1.80, 65281
1.81, 64201
1.81, 63735
1.81, 63053
1.84, 62433
1.84, 61390
1.84, 61142
1.84, 60682
1.84, 60200
1.84, 60180
1.84, 59612
1.84, 59390
1.87, 58807
1.87, 58134
1.89, 57745
1.89, 57573
1.90, 57400
1.96, 56917
1.96, 56417
1.96, 56380
1.98, 56221
1.99, 55995
2.00, 55892
2.02, 55739
2.03, 55647
2.04, 55593
2.04, 55510
2.05, 55303
2.07, 55197
6.92, 54487
6.94, 54367
7.33, 54177
7.67, 54171
7.69, 54029
7.70, 53864
7.81, 53596
