0.01, 195009
0.03, 183869
0.04, 172620
0.05, 161745
0.06, 151243
0.07, 141598
0.09, 134148
0.10, 127041
0.11, 120425
0.12, 114286
0.13, 108944
0.14, 104808
0.15, 100843
0.16, 96894
0.17, 93040
0.19, 89591
0.20, 86723
0.21, 83948
0.22, 81281
0.23, 78905
0.24, 77080
0.25, 75370
0.26, 73811
0.28, 72581
0.29, 71380
0.30, 69969
0.31, 68727
0.33, 67636
0.34, 66554
0.35, 64859
0.36, 63413
0.37, 61994
0.38, 60687
0.39, 59634
0.41, 58782
0.42, 58111
0.43, 57455
0.44, 56862
0.45, 56273
0.46, 55916
0.47, 55695
0.48, 55482
0.50, 55292
0.51, 55210
0.52, 55207
0.53, 54505
1.66, 54326
1.68, 54181
1.69, 54008
1.70, 53271
1.71, 53209
1.72, 53163
2.30, 53155
2.31, 52965
2.32, 52883
