0.00, 225353
0.00, 215092
0.00, 212535
0.00, 210821
0.00, 206368
0.00, 206199
0.00, 205385
0.00, 202125
0.00, 201975
0.00, 198444
0.00, 197986
0.00, 195472
0.00, 193592
0.00, 191561
0.00, 183908
0.00, 181806
0.00, 179751
0.00, 175430
0.02, 173791
0.03, 172617
0.05, 166698
0.40, 165178
0.40, 160570
0.40, 156856
0.40, 155037
1.34, 153948
1.34, 152409
1.34, 143125
1.39, 140726
1.39, 140076
1.39, 138638
1.39, 138321
1.45, 137035
1.45, 136262
1.46, 133214
1.46, 132988
1.46, 132304
1.46, 131133
1.48, 127286
1.51, 126865
1.51, 122020
1.51, 115815
1.53, 114502
1.53, 114019
1.53, 113081
1.54, 112914
1.56, 112054
1.56, 111641
1.56, 110711
1.57, 110358
1.57, 109222
1.57, 109022
1.57, 108525
1.57, 104713
1.57, 103858
1.57, 103180
1.57, 101794
1.57, 100719
1.57, 99544
1.57, 99403
1.58, 99344
1.58, 99155
1.58, 98688
1.58, 98509
1.58, 98109
1.58, 97754
1.62, 94551
1.62, 92007
1.62, 90756
1.62, 90755
1.62, 90747
1.64, 88886
1.64, 87847
1.64, 87838
1.66, 84958
1.67, 84220
1.67, 84119
1.67, 83985
1.67, 83842
1.67, 83737
1.67, 83110
1.67, 82819
1.67, 82637
1.67, 82447
1.67, 81571
1.67, 81156
1.67, 80578
1.67, 80430
1.67, 79923
1.69, 79738
1.69, 78916
1.69, 78190
1.71, 77879
1.71, 76910
1.71, 76417
1.72, 76196
1.72, 75567
1.72, 75415
1.72, 74505
1.72, 73911
1.72, 73877
1.72, 73517
1.72, 73370
1.75, 72829
1.76, 72487
1.76, 72207
1.76, 71809
1.76, 71776
1.76, 71597
1.76, 71263
1.76, 71124
1.76, 70641
1.76, 70232
1.76, 69357
1.77, 69318
1.78, 68235
1.78, 67625
1.79, 67425
1.80, 66341
1.80, 64791
1.80, 64584
1.80, 63919
1.80, 63602
1.80, 63146
1.80, 62563
1.80, 62097
1.81, 61643
1.81, 61566
1.81, 61431
1.83, 61128
1.83, 61007
1.85, 60995
1.85, 60548
1.86, 60545
1.86, 60486
1.86, 59975
1.86, 59912
1.86, 59219
1.86, 59102
1.87, 59036
1.89, 58520
1.89, 58274
1.89, 58073
1.90, 58048
1.90, 57874
1.91, 57443
1.91, 57360
1.91, 57275
1.92, 57255
1.93, 57088
1.93, 57055
1.97, 56876
1.97, 56634
1.99, 56308
2.01, 56252
2.02, 56222
2.03, 56115
2.03, 55737
3.42, 55368
4.43, 55078
6.82, 54652
6.83, 54600
6.84, 54408
6.84, 53912
6.85, 53869
6.88, 53819
6.92, 53616
6.94, 53549
6.96, 53501
8.04, 53466
9.09, 52889
