0.01, 208166
0.03, 197176
0.04, 186526
0.05, 176491
0.06, 167111
0.07, 157153
0.09, 147992
0.10, 139340
0.11, 131427
0.12, 124103
0.13, 116837
0.14, 111913
0.15, 107583
0.16, 103754
0.17, 100306
0.19, 96898
0.20, 93556
0.21, 90264
0.22, 87304
0.23, 84695
0.25, 82368
0.26, 80460
0.27, 77755
0.28, 75848
0.30, 74185
0.31, 72937
0.32, 70981
0.34, 69379
0.35, 67941
0.36, 66567
0.38, 65304
0.39, 64579
0.40, 63943
0.41, 63381
0.42, 62427
0.43, 61585
0.44, 60863
0.46, 60261
0.47, 59679
0.48, 58739
0.49, 58006
0.51, 57488
0.52, 57021
0.53, 56556
0.55, 56060
0.56, 55607
0.57, 55184
0.59, 54806
0.60, 54511
0.61, 54152
0.62, 53939
0.64, 53749
0.65, 53642
0.66, 53551
0.67, 53029
0.69, 52947
0.70, 52926
0.71, 52658
