0.00, 221734
0.00, 219213
0.00, 214925
0.00, 213191
0.00, 210377
0.00, 209790
0.00, 207857
0.00, 207816
0.00, 206429
0.00, 204001
0.00, 201053
0.00, 194455
0.00, 192610
0.00, 187750
0.00, 186971
0.00, 180443
0.00, 179461
0.02, 178168
0.02, 177113
0.02, 176982
0.04, 175178
0.04, 174885
0.04, 173210
0.04, 173024
0.04, 172520
0.05, 170144
0.05, 168463
0.11, 160858
0.11, 160793
0.12, 160301
0.12, 160257
0.12, 158157
0.44, 157672
1.31, 156641
1.31, 155995
1.31, 155168
1.31, 154571
1.31, 153410
1.37, 148324
1.37, 146939
1.40, 144093
1.40, 143389
1.40, 139407
1.40, 139260
1.44, 137288
1.45, 137004
1.47, 134890
1.47, 132686
1.47, 130915
1.47, 129401
1.47, 128890
1.47, 127709
1.47, 125385
1.47, 123936
1.47, 123515
1.48, 123449
1.48, 122840
1.48, 118771
1.48, 118578
1.48, 118087
1.48, 118032
1.48, 117218
1.49, 115880
1.49, 115053
1.49, 114857
1.52, 112795
1.52, 112201
1.52, 107366
1.52, 107094
1.52, 106956
1.52, 105031
1.54, 104900
1.58, 104841
1.58, 104464
1.58, 104118
1.59, 104025
1.59, 103316
1.59, 102838
1.59, 102755
1.59, 102450
1.59, 102230
1.59, 101279
1.59, 100816
1.59, 100087
1.59, 99437
1.59, 98371
1.59, 96736
1.59, 96612
1.59, 96438
1.62, 95798
1.63, 94475
1.63, 94428
1.63, 94400
1.64, 94154
1.64, 93581
1.64, 93569
1.64, 93385
1.64, 91953
1.64, 91843
1.64, 89858
1.64, 88172
1.65, 88067
1.65, 88032
1.65, 86406
1.65, 85365
1.65, 85187
1.65, 84350
1.65, 83572
1.65, 83506
1.65, 82231
1.65, 81368
1.65, 80718
1.65, 80549
1.65, 79926
1.65, 79626
1.65, 79107
1.70, 78368
1.70, 75885
1.70, 74744
1.70, 74673
1.70, 72392
1.70, 71970
1.70, 71519
1.70, 71439
1.71, 71139
1.73, 70708
1.73, 70159
1.73, 69742
1.75, 69710
1.75, 69666
1.75, 69376
1.76, 68807
1.76, 68271
1.76, 67822
1.76, 67123
1.77, 66621
1.77, 66566
1.77, 65655
1.77, 65567
1.77, 65035
1.77, 64397
1.78, 64168
1.78, 63824
1.79, 62909
1.79, 62578
1.79, 62249
1.79, 62176
1.79, 62069
1.79, 61968
1.79, 59840
1.79, 59694
1.79, 59445
1.79, 59155
1.79, 58507
1.79, 58407
1.80, 58335
1.80, 58319
1.80, 57687
1.85, 57293
1.95, 57124
1.95, 56624
1.95, 55646
1.95, 55579
1.96, 55259
1.97, 55068
1.98, 54775
2.09, 54713
2.11, 54084
3.29, 53794
3.98, 53687
