0.01, 184026
0.03, 172851
0.04, 163016
0.05, 153796
0.07, 144766
0.08, 136801
0.09, 129231
0.11, 122270
0.12, 116399
0.13, 111020
0.14, 106902
0.16, 103125
0.17, 99370
0.18, 95960
0.20, 92861
0.21, 90153
0.22, 87591
0.24, 84708
0.25, 82447
0.26, 80190
0.28, 77960
0.29, 76165
0.30, 74526
0.32, 72398
0.33, 70861
0.34, 69340
0.36, 67931
0.37, 66563
0.38, 65314
0.39, 64421
0.41, 63583
0.42, 62846
0.43, 62123
0.45, 61158
0.46, 60531
0.47, 60015
0.49, 59528
0.50, 59086
0.51, 58700
0.53, 58436
0.54, 58257
0.55, 58098
0.56, 57626
0.58, 57409
0.59, 57219
0.60, 57069
0.62, 56818
0.63, 56719
0.64, 56627
0.66, 56560
0.67, 56531
0.68, 56527
0.70, 56121
0.71, 55621
1.29, 55585
1.30, 55537
1.31, 55516
2.60, 55214
2.61, 55193
2.63, 54925
2.64, 54922
2.65, 54220
