0.00, 211094
0.00, 202953
0.00, 197939
0.00, 194891
0.00, 194314
0.00, 191347
0.00, 187197
0.00, 186978
0.02, 183869
0.02, 178566
0.06, 174887
0.06, 165746
0.43, 165428
0.43, 165249
0.49, 164208
0.49, 160779
1.16, 159013
1.26, 157264
1.26, 156723
1.26, 156451
1.26, 155600
1.26, 154356
1.26, 153502
1.28, 153376
1.29, 153082
1.35, 152133
1.35, 151981
1.35, 150012
1.35, 142998
1.35, 141736
1.38, 138684
1.38, 138637
1.38, 138602
1.41, 137737
1.41, 135590
1.41, 135347
1.41, 134130
1.41, 133601
1.41, 132481
1.41, 132103
1.41, 127537
1.47, 127094
1.47, 123764
1.47, 123492
1.48, 121583
1.48, 121443
1.48, 120608
1.48, 120371
1.48, 120279
1.48, 120229
1.50, 118506
1.50, 117777
1.50, 117403
1.50, 116581
1.50, 115498
1.50, 114849
1.50, 114448
1.50, 113967
1.50, 113897
1.50, 112534
1.50, 112129
1.50, 107374
1.50, 106902
1.50, 106495
1.50, 105013
1.52, 104846
1.52, 104578
1.52, 102705
1.52, 102403
1.52, 102266
1.52, 102229
1.52, 101758
1.53, 100546
1.53, 100108
1.57, 99462
1.57, 99352
1.57, 98112
1.57, 97616
1.57, 97603
1.57, 97235
1.57, 96233
1.57, 94680
1.57, 93727
1.58, 92688
1.59, 92483
1.59, 92408
1.59, 92252
1.59, 91990
1.60, 91633
1.60, 91350
1.60, 91168
1.60, 90478
1.61, 89797
1.61, 87432
1.61, 87411
1.62, 85657
1.62, 84708
1.62, 84025
1.62, 82140
1.62, 81934
1.62, 80522
1.62, 80212
1.63, 80153
1.63, 80109
1.63, 78668
1.63, 77681
1.63, 76856
1.63, 76625
1.63, 76492
1.63, 76374
1.63, 75998
1.63, 75115
1.63, 74974
1.63, 74836
1.63, 74646
1.63, 74546
1.64, 74538
1.68, 72559
1.69, 72174
1.69, 72070
1.69, 71524
1.69, 70475
1.69, 70116
1.69, 70009
1.70, 69953
1.70, 69743
1.70, 69699
1.70, 69152
1.70, 69006
1.70, 68925
1.70, 67938
1.70, 66689
1.70, 66515
1.70, 66317
1.70, 66290
1.71, 65422
1.71, 65387
1.71, 65144
1.71, 65109
1.71, 64811
1.71, 64564
1.73, 64214
1.74, 64148
1.74, 63935
1.74, 63857
1.74, 63774
1.74, 63665
1.75, 63258
1.77, 63201
1.77, 62762
1.77, 61880
1.77, 61872
1.77, 61177
1.78, 60827
1.80, 60701
1.80, 60195
1.80, 59732
1.80, 59145
1.80, 59030
1.80, 59002
1.80, 58338
1.80, 57915
1.80, 57773
1.80, 57735
1.82, 57678
1.82, 57239
1.83, 57235
1.84, 56947
1.84, 56884
1.84, 56778
1.89, 56485
1.89, 56390
1.92, 56364
2.01, 56104
2.05, 56016
2.55, 55647
2.97, 55250
2.98, 55188
4.22, 54735
7.03, 54500
8.07, 53932
8.32, 53297
8.78, 53262
