0.01, 175708
0.03, 165990
0.04, 156803
0.05, 148464
0.07, 141625
0.08, 135335
0.09, 128054
0.11, 122502
0.12, 117322
0.13, 112894
0.15, 108574
0.16, 104217
0.17, 100340
0.19, 96666
0.20, 93167
0.22, 90468
0.23, 87773
0.25, 85568
0.26, 83516
0.28, 80895
0.29, 78885
0.31, 76880
0.32, 75085
0.33, 73236
0.35, 71757
0.36, 70220
0.37, 68865
0.39, 67425
0.40, 66218
0.41, 65014
0.43, 63817
0.44, 62427
0.45, 61124
0.47, 60402
0.48, 59692
0.49, 58987
0.51, 58327
0.52, 57759
0.53, 57239
0.55, 56754
0.56, 56307
0.57, 55621
0.58, 54830
0.60, 54471
0.61, 54331
0.62, 54267
0.64, 54165
0.65, 54115
0.67, 54072
0.68, 53752
