0.01, 185204
0.02, 175265
0.04, 165640
0.05, 156679
0.06, 147752
0.07, 139085
0.08, 131973
0.09, 125263
0.10, 118858
0.12, 113586
0.13, 108494
0.14, 104478
0.15, 100562
0.16, 97236
0.17, 94061
0.18, 91094
0.19, 87524
0.20, 85285
0.21, 83309
0.22, 80841
0.23, 79148
0.25, 77604
0.26, 76206
0.27, 74192
0.28, 72824
0.29, 71476
0.30, 70041
0.32, 68703
0.33, 67521
0.34, 66398
0.35, 65201
0.36, 64214
0.37, 63434
0.38, 62791
0.40, 62210
0.41, 61640
0.42, 61105
0.43, 60613
0.44, 60082
0.46, 59082
0.47, 58373
0.48, 57602
0.49, 56909
0.50, 56260
0.51, 55511
0.52, 55180
0.53, 55017
0.54, 54918
0.55, 54461
0.56, 54090
0.57, 54018
0.59, 53950
