0.00, 207221
0.00, 206413
0.00, 200516
0.00, 195141
0.00, 192776
0.00, 192610
0.00, 188012
0.02, 187339
0.03, 185165
0.03, 184333
0.03, 174732
0.03, 173585
0.20, 173018
0.20, 170906
0.25, 166654
0.25, 166140
0.25, 164998
0.25, 163719
1.27, 158020
1.27, 157247
1.27, 154252
1.44, 154220
1.44, 153933
1.44, 151850
1.44, 147703
1.51, 146187
1.51, 146006
1.52, 144751
1.52, 144091
1.52, 141331
1.53, 141098
1.53, 140487
1.53, 138906
1.53, 138489
1.53, 137024
1.53, 136989
1.54, 133180
1.54, 125589
1.58, 125488
1.58, 125306
1.58, 124566
1.58, 123257
1.58, 123246
1.58, 123153
1.58, 122682
1.58, 120241
1.58, 120227
1.59, 118661
1.59, 117996
1.59, 116142
1.59, 114185
1.59, 112269
1.59, 111104
1.59, 110399
1.59, 109845
1.59, 109691
1.59, 109110
1.59, 108773
1.61, 107343
1.61, 107161
1.61, 103128
1.61, 100237
1.61, 99044
1.68, 98709
1.68, 97213
1.68, 96901
1.68, 96466
1.68, 91999
1.68, 91918
1.68, 91494
1.68, 91097
1.68, 91005
1.68, 89473
1.68, 89380
1.68, 89254
1.68, 88315
1.68, 87944
1.68, 87514
1.71, 86414
1.74, 84881
1.74, 84041
1.76, 83469
1.76, 82053
1.76, 81373
1.76, 80853
1.76, 80599
1.76, 79133
1.76, 78792
1.76, 77415
1.76, 76590
1.76, 76549
1.76, 76472
1.76, 75462
1.76, 75316
1.76, 74372
1.76, 74324
1.76, 73973
1.77, 73867
1.77, 73845
1.77, 72990
1.77, 72592
1.81, 72324
1.81, 71793
1.81, 70575
1.81, 70397
1.81, 68990
1.81, 68238
1.81, 68148
1.81, 67594
1.85, 66945
1.86, 66850
1.86, 66810
1.87, 66567
1.87, 66274
1.87, 66052
1.87, 65423
1.87, 65301
1.87, 64520
1.87, 64089
1.87, 63805
1.88, 63448
1.88, 63001
1.88, 62905
1.88, 62751
1.88, 62109
1.88, 61609
1.88, 61390
1.88, 61074
1.88, 60865
1.88, 60496
1.89, 60294
1.89, 59863
1.89, 59462
1.96, 59224
1.96, 58910
1.96, 58729
1.96, 58430
1.97, 57545
1.97, 57461
1.97, 57129
1.97, 56980
1.97, 56975
1.97, 56792
1.97, 55693
1.98, 54440
1.98, 54128
2.00, 54048
2.00, 53740
2.03, 53712
2.04, 53605
2.08, 53415
4.55, 52976
4.82, 52914
