0.01, 196364
0.03, 183929
0.04, 173638
0.05, 164551
0.07, 155901
0.08, 147256
0.09, 139695
0.11, 131655
0.12, 124274
0.13, 117171
0.15, 110607
0.16, 104928
0.17, 99935
0.19, 95021
0.20, 90719
0.21, 86623
0.23, 82907
0.24, 80047
0.25, 77841
0.27, 75934
0.28, 74077
0.29, 72787
0.31, 71369
0.32, 69936
0.33, 68655
0.35, 67534
0.36, 65905
0.37, 64425
0.38, 63393
0.40, 62377
0.41, 61371
0.42, 60386
0.44, 59533
0.45, 58832
0.46, 58346
0.48, 57934
0.49, 57298
0.50, 56473
0.52, 56042
0.53, 55451
0.55, 55131
0.56, 54838
0.57, 54616
0.59, 54177
