0.01, 176360
0.02, 163339
0.04, 153699
0.05, 144218
0.06, 135350
0.07, 126560
0.08, 120659
0.09, 115402
0.10, 110021
0.11, 105190
0.12, 100442
0.14, 96448
0.15, 92753
0.16, 89767
0.17, 87071
0.18, 84701
0.19, 82491
0.20, 80373
0.21, 78487
0.23, 76792
0.24, 74722
0.25, 72988
0.27, 71315
0.28, 69726
0.29, 68421
0.30, 67080
0.32, 65874
0.33, 64908
0.34, 63943
0.35, 63150
0.37, 62428
0.38, 61767
0.39, 60384
0.40, 59619
0.41, 58990
0.43, 58428
0.44, 57906
0.45, 57268
0.46, 56746
0.48, 56264
0.49, 55432
0.50, 54964
0.51, 54674
0.52, 54501
0.53, 54380
0.55, 54273
0.56, 54230
1.12, 54042
1.13, 53983
1.14, 53671
