0.00, 220512
0.00, 219136
0.00, 217235
0.00, 216946
0.00, 210692
0.00, 207484
0.00, 207468
0.00, 203554
0.00, 202352
0.00, 201505
0.00, 195652
0.00, 190578
0.00, 188973
0.01, 188411
0.01, 188344
0.01, 187936
0.01, 184137
0.01, 181690
0.01, 181323
0.04, 180888
0.04, 179255
0.04, 175776
0.04, 175665
0.04, 174883
0.07, 173505
0.09, 172033
0.48, 171739
0.53, 170489
0.78, 170120
0.83, 166984
0.83, 166257
0.83, 160963
0.83, 160316
0.83, 159751
0.83, 158032
1.24, 155879
1.25, 154356
1.25, 153606
1.25, 152561
1.27, 152003
1.27, 151754
1.27, 151329
1.27, 150824
1.27, 144778
1.27, 138786
1.27, 136906
1.27, 136052
1.35, 135516
1.35, 134213
1.36, 133133
1.36, 131427
1.36, 128552
1.36, 128195
1.36, 127823
1.36, 127818
1.36, 126999
1.36, 126751
1.36, 126693
1.36, 121889
1.44, 121426
1.44, 120059
1.44, 120000
1.45, 118821
1.45, 118699
1.45, 118365
1.45, 118317
1.45, 116628
1.45, 116266
1.45, 116146
1.45, 116130
1.45, 113107
1.46, 112655
1.47, 111790
1.47, 110593
1.47, 108305
1.47, 107949
1.47, 107412
1.47, 106066
1.47, 105945
1.48, 103363
1.48, 103111
1.48, 100284
1.48, 99682
1.48, 99678
1.48, 99309
1.48, 98169
1.48, 98044
1.48, 95432
1.48, 94783
1.49, 94570
1.53, 93911
1.53, 93096
1.53, 91141
1.53, 91129
1.53, 91013
1.53, 90252
1.53, 89975
1.53, 89760
1.53, 89588
1.53, 89358
1.53, 88943
1.54, 88165
1.54, 87814
1.58, 87689
1.58, 87678
1.58, 87339
1.58, 86483
1.58, 86095
1.58, 83897
1.59, 83749
1.59, 83679
1.59, 81333
1.59, 81187
1.59, 78098
1.59, 77871
1.59, 77169
1.59, 76347
1.59, 75606
1.59, 75272
1.59, 74570
1.59, 74534
1.59, 74343
1.59, 74237
1.59, 73815
1.59, 73260
1.59, 73115
1.66, 73039
1.66, 72565
1.66, 72267
1.66, 72058
1.66, 71408
1.66, 71046
1.66, 70711
1.66, 70352
1.66, 70217
1.66, 68827
1.66, 68278
1.67, 67796
1.67, 67278
1.67, 66967
1.67, 66804
1.67, 65647
1.67, 65560
1.67, 64327
1.68, 64212
1.68, 63377
1.69, 62608
1.70, 62016
1.70, 61654
1.71, 61531
1.72, 61361
1.72, 60837
1.72, 60176
1.72, 59383
1.73, 59329
1.73, 58364
1.73, 58293
1.75, 57609
1.76, 57504
1.76, 57034
1.76, 56445
1.76, 56379
1.76, 55718
1.76, 55708
1.76, 55307
1.78, 54842
1.79, 54634
1.79, 54391
1.80, 54069
1.86, 54044
1.86, 54017
1.87, 53473
2.33, 53183
