0.01, 208094
0.03, 196986
0.04, 185270
0.05, 175458
0.06, 165775
0.07, 157433
0.08, 149674
0.10, 142202
0.11, 134781
0.12, 127945
0.13, 122020
0.15, 116252
0.16, 110786
0.17, 105768
0.18, 102078
0.20, 98496
0.21, 95180
0.23, 91976
0.24, 89025
0.26, 86234
0.27, 83918
0.28, 81678
0.29, 79578
0.31, 77270
0.32, 75475
0.33, 73765
0.34, 71565
0.35, 69765
0.36, 68223
0.38, 66657
0.39, 65181
0.40, 63852
0.41, 62582
0.42, 61478
0.44, 60561
0.45, 59729
0.46, 59109
0.47, 58492
0.49, 57890
0.50, 57394
0.51, 56933
0.53, 56331
0.54, 55878
0.55, 55449
0.56, 55052
0.58, 54757
0.59, 54467
0.60, 54257
0.61, 54119
0.62, 54012
1.16, 53904
1.17, 53714
