0.00, 215420
0.00, 215384
0.00, 213128
0.00, 211685
0.00, 211626
0.00, 210477
0.00, 207731
0.00, 205401
0.00, 203690
0.00, 200548
0.00, 199251
0.00, 196308
0.00, 193495
0.00, 190312
0.00, 189349
0.04, 188791
0.04, 185030
0.04, 184347
0.04, 184261
0.04, 183904
0.04, 180273
0.09, 180119
0.09, 179854
0.09, 173893
0.11, 170032
0.21, 168745
0.21, 168119
0.21, 163636
0.21, 159263
1.03, 159008
1.26, 157784
1.26, 157095
1.37, 155127
1.37, 151003
1.37, 151001
1.39, 150634
1.39, 148642
1.39, 147991
1.42, 147682
1.42, 145672
1.42, 139963
1.46, 139550
1.46, 138820
1.48, 136706
1.49, 135830
1.49, 135760
1.49, 134952
1.50, 131911
1.50, 130652
1.50, 129892
1.51, 128719
1.52, 125410
1.52, 125201
1.53, 124660
1.55, 124241
1.55, 123717
1.55, 123139
1.55, 122120
1.55, 119916
1.55, 118624
1.55, 117610
1.55, 117280
1.55, 115239
1.55, 113365
1.56, 110125
1.56, 108738
1.58, 108313
1.58, 106120
1.58, 105565
1.58, 103561
1.58, 101828
1.58, 101439
1.61, 99904
1.61, 99634
1.61, 98641
1.61, 97094
1.61, 97030
1.61, 96925
1.61, 95045
1.61, 93845
1.63, 93735
1.65, 91400
1.65, 91192
1.68, 89871
1.70, 89081
1.70, 88602
1.70, 88289
1.70, 88083
1.70, 87691
1.70, 86856
1.70, 86765
1.70, 85226
1.70, 85015
1.71, 83324
1.71, 82855
1.71, 82426
1.72, 82312
1.72, 81563
1.72, 81335
1.73, 79714
1.73, 79659
1.73, 79351
1.73, 78774
1.73, 78606
1.73, 77460
1.73, 77202
1.75, 76009
1.75, 75276
1.75, 75028
1.75, 74480
1.75, 74096
1.75, 73842
1.76, 73449
1.76, 72434
1.76, 72379
1.76, 72027
1.76, 70601
1.77, 70485
1.77, 70360
1.77, 69759
1.77, 69205
1.77, 69161
1.77, 68864
1.77, 68052
1.79, 67950
1.79, 67707
1.81, 67409
1.81, 67226
1.81, 67102
1.82, 67021
1.82, 66720
1.82, 66407
1.82, 66333
1.82, 66222
1.82, 65893
1.82, 65375
1.83, 65020
1.83, 64514
1.83, 64441
1.83, 64059
1.83, 63728
1.84, 63141
1.84, 63123
1.84, 62757
1.84, 62489
1.85, 62216
1.85, 62039
1.85, 61478
1.85, 61071
1.85, 60737
1.85, 60687
1.86, 60614
1.87, 60385
1.87, 59615
1.87, 59093
1.87, 59013
1.92, 58958
1.94, 58955
1.96, 58886
1.96, 58876
1.96, 58249
1.96, 58247
1.96, 58176
1.96, 58094
1.96, 57826
1.96, 57236
1.97, 57220
1.97, 57038
1.97, 56398
1.97, 56303
1.99, 56177
1.99, 56101
2.01, 55930
2.03, 55665
2.03, 55656
2.57, 55366
3.39, 54805
3.79, 54025
3.99, 53396
16.44, 53370
16.44, 53212
17.44, 52922
