0.00, 189336
0.00, 184064
0.00, 181030
0.01, 180870
0.01, 180525
0.01, 175623
0.01, 174124
0.03, 173513
0.03, 173346
0.03, 172201
0.28, 171863
0.28, 165668
0.28, 164596
0.45, 161101
0.58, 160472
0.58, 156228
0.58, 155546
1.14, 155491
1.45, 154832
1.45, 150838
1.45, 150809
1.45, 149867
1.45, 149370
1.49, 149349
1.49, 148803
1.49, 148610
1.49, 148078
1.49, 147580
1.50, 146836
1.50, 145994
1.50, 143754
1.50, 138740
1.50, 136820
1.53, 136667
1.58, 134474
1.58, 133605
1.58, 133054
1.59, 132635
1.59, 132366
1.59, 131279
1.59, 130803
1.59, 130786
1.59, 130062
1.59, 129312
1.59, 126017
1.59, 125917
1.59, 123233
1.59, 123101
1.59, 121609
1.59, 120665
1.61, 118508
1.63, 117804
1.63, 117281
1.63, 116931
1.63, 116897
1.63, 116635
1.63, 114807
1.63, 114503
1.63, 113493
1.63, 112029
1.63, 110706
1.63, 109928
1.64, 107123
1.64, 104423
1.67, 103124
1.67, 102974
1.69, 102307
1.69, 101983
1.69, 101663
1.70, 101643
1.70, 100374
1.70, 96915
1.74, 94069
1.74, 93029
1.74, 91541
1.74, 91481
1.74, 90849
1.74, 90798
1.74, 89135
1.74, 87856
1.74, 87306
1.76, 87297
1.76, 87126
1.76, 86181
1.76, 84770
1.76, 84199
1.76, 83755
1.76, 83091
1.77, 80998
1.77, 80005
1.77, 79822
1.77, 79757
1.77, 79213
1.81, 79092
1.81, 78155
1.81, 77959
1.81, 77705
1.81, 76769
1.81, 76505
1.81, 74538
1.82, 73679
1.82, 72744
1.82, 72565
1.84, 71729
1.84, 71063
1.84, 70692
1.84, 70598
1.84, 70326
1.84, 69790
1.85, 69284
1.85, 68856
1.85, 68251
1.85, 67871
1.85, 67750
1.85, 67692
1.85, 67497
1.86, 67157
1.86, 66701
1.86, 66024
1.86, 65691
1.86, 65603
1.91, 64864
1.91, 64614
1.91, 64307
1.91, 63800
1.91, 62558
1.91, 61529
1.91, 61195
1.94, 60761
1.94, 59984
1.94, 59749
1.94, 59555
1.94, 59476
1.95, 59011
1.95, 58709
1.95, 58636
1.97, 58313
1.98, 58302
1.98, 58169
2.02, 57648
2.03, 57647
2.03, 57009
2.03, 56712
2.03, 56648
2.04, 56174
2.05, 55759
2.05, 54918
2.05, 54781
2.06, 54489
4.32, 53860
8.33, 53583
17.95, 53155
17.95, 53120
