0.00, 219906
0.00, 217849
0.00, 215454
0.00, 205369
0.00, 204496
0.00, 197343
0.00, 197070
0.00, 193508
0.00, 193462
0.00, 192442
0.00, 187634
0.01, 185487
0.01, 182413
0.09, 182392
0.09, 178014
0.09, 176624
0.16, 168370
0.16, 167419
0.16, 166466
0.16, 165378
0.16, 163942
0.16, 163173
0.16, 161693
0.16, 160804
0.16, 160689
1.20, 160109
1.22, 159379
1.22, 159137
1.22, 158743
1.22, 157053
1.22, 154384
1.22, 154138
1.22, 153819
1.22, 153102
1.22, 150671
1.22, 148104
1.22, 143520
1.30, 140713
1.30, 139935
1.30, 137914
1.30, 137905
1.30, 136638
1.30, 135623
1.33, 130337
1.33, 129894
1.33, 125085
1.33, 125031
1.33, 123849
1.34, 123569
1.34, 123560
1.34, 122336
1.34, 120270
1.34, 119359
1.40, 117755
1.40, 117564
1.40, 115719
1.40, 114770
1.40, 114596
1.40, 114570
1.40, 112182
1.40, 111434
1.40, 111391
1.40, 106399
1.40, 106054
1.40, 105800
1.40, 103364
1.40, 102316
1.43, 101416
1.44, 101307
1.44, 100928
1.48, 100410
1.48, 98708
1.48, 98461
1.48, 97922
1.48, 97920
1.48, 95264
1.48, 95151
1.49, 93032
1.49, 92638
1.49, 92372
1.49, 90765
1.49, 89135
1.53, 88941
1.53, 88672
1.53, 88238
1.53, 87412
1.53, 87062
1.53, 85218
1.53, 84765
1.54, 84308
1.54, 84262
1.54, 83524
1.54, 82912
1.54, 82758
1.54, 82624
1.56, 82300
1.56, 81904
1.56, 80668
1.58, 79699
1.58, 79681
1.58, 79160
1.58, 78430
1.58, 77224
1.59, 76759
1.59, 75635
1.59, 75623
1.59, 75520
1.59, 75513
1.59, 75136
1.59, 75015
1.59, 74944
1.60, 74402
1.60, 74282
1.60, 74009
1.60, 73849
1.60, 73403
1.60, 72018
1.60, 71488
1.60, 71157
1.60, 70465
1.60, 69474
1.60, 68907
1.63, 68834
1.63, 68714
1.64, 68598
1.64, 68444
1.64, 68349
1.65, 68158
1.65, 67297
1.65, 67101
1.65, 66948
1.65, 66898
1.65, 66328
1.65, 65057
1.65, 65002
1.65, 64770
1.65, 64565
1.65, 63995
1.65, 63982
1.65, 63658
1.65, 62933
1.65, 62303
1.66, 61908
1.69, 61902
1.69, 61783
1.69, 61649
1.69, 61145
1.69, 61078
1.69, 60628
1.69, 60116
1.71, 59935
1.71, 59655
1.71, 58576
1.71, 58571
1.71, 58435
1.72, 58223
1.72, 58188
1.74, 58168
1.76, 58077
1.76, 57740
1.77, 57414
1.78, 56981
1.78, 56795
1.82, 56633
1.82, 56455
1.82, 56162
1.82, 55887
1.82, 55556
1.82, 55484
1.82, 54882
1.82, 54737
1.99, 54619
2.20, 54512
2.72, 54222
3.44, 53769
