0.01, 189166
0.03, 174658
0.04, 161703
0.05, 151068
0.06, 142741
0.08, 136127
0.09, 128534
0.10, 121931
0.11, 116180
0.13, 111608
0.14, 106397
0.15, 101960
0.16, 98604
0.17, 95353
0.18, 92350
0.20, 89597
0.21, 86941
0.22, 84342
0.23, 82036
0.25, 79985
0.26, 77987
0.27, 76217
0.28, 74756
0.29, 73367
0.30, 71728
0.32, 70365
0.33, 69032
0.34, 67758
0.35, 66171
0.36, 65304
0.37, 64251
0.38, 63432
0.39, 62646
0.41, 60951
0.42, 60229
0.43, 59612
0.44, 59044
0.45, 58480
0.46, 57612
0.47, 57215
0.48, 56928
0.50, 56661
0.51, 56413
0.52, 55928
0.53, 55273
0.55, 54886
0.56, 54669
0.57, 54479
0.58, 54392
0.60, 54124
0.61, 54017
0.62, 53973
0.64, 53155
0.65, 53120
