0.00, 199254
0.00, 194559
0.00, 193786
0.00, 189933
0.00, 189618
0.00, 188170
0.01, 185136
0.01, 180803
0.02, 180515
0.02, 179839
0.02, 179146
0.04, 175339
0.04, 174675
0.04, 173486
0.14, 171149
0.17, 170720
0.17, 170351
0.33, 168952
0.33, 166141
1.07, 165542
1.13, 163889
1.13, 162815
1.13, 156577
1.15, 154308
1.15, 151624
1.18, 150967
1.21, 147705
1.24, 144324
1.24, 144102
1.24, 142372
1.25, 142212
1.25, 141959
1.26, 138396
1.26, 137527
1.28, 135421
1.28, 130981
1.28, 128066
1.28, 125643
1.28, 122792
1.28, 122422
1.28, 121214
1.34, 119035
1.35, 118141
1.36, 116876
1.36, 116285
1.36, 114224
1.36, 113734
1.36, 112130
1.38, 108326
1.38, 106228
1.38, 104472
1.38, 103532
1.38, 103018
1.39, 101818
1.43, 99174
1.43, 98819
1.43, 97926
1.43, 97466
1.43, 96781
1.43, 95934
1.43, 95570
1.43, 95502
1.43, 95020
1.43, 94447
1.43, 93816
1.43, 93538
1.43, 93519
1.43, 93500
1.44, 92902
1.44, 92577
1.44, 89349
1.44, 88691
1.44, 88242
1.44, 88182
1.44, 87151
1.46, 86274
1.46, 85566
1.46, 85545
1.46, 85456
1.46, 82621
1.49, 82368
1.49, 82002
1.49, 79813
1.49, 79568
1.49, 79300
1.49, 79153
1.49, 79124
1.49, 78020
1.49, 77311
1.50, 77245
1.50, 76222
1.50, 75408
1.50, 75289
1.50, 74365
1.54, 73794
1.55, 73309
1.55, 72090
1.55, 71659
1.56, 70885
1.56, 70747
1.56, 70476
1.56, 69868
1.56, 69132
1.57, 67481
1.57, 67474
1.57, 67246
1.57, 66198
1.57, 65675
1.57, 65526
1.57, 65025
1.57, 64863
1.57, 64335
1.58, 63383
1.58, 62337
1.58, 62131
1.60, 61987
1.60, 60979
1.61, 60870
1.61, 60601
1.61, 60600
1.61, 59846
1.61, 59012
1.61, 58893
1.62, 58536
1.62, 58481
1.66, 58480
1.66, 58312
1.66, 57888
1.66, 57600
1.68, 57584
1.69, 57202
1.69, 56371
1.72, 55657
1.73, 55582
1.75, 55187
1.76, 54602
2.44, 53973
8.14, 53811
8.15, 53729
16.47, 53716
16.58, 53416
