0.01, 192941
0.03, 180394
0.04, 170138
0.05, 160699
0.06, 149892
0.08, 140983
0.09, 133274
0.10, 126241
0.11, 119623
0.12, 114561
0.13, 109855
0.14, 105275
0.16, 101001
0.17, 96786
0.18, 92983
0.19, 89623
0.20, 86969
0.22, 84393
0.23, 81685
0.24, 79242
0.26, 76853
0.27, 75270
0.28, 73801
0.29, 72429
0.31, 71063
0.32, 69519
0.33, 68222
0.35, 67004
0.36, 65823
0.38, 64732
0.39, 63755
0.40, 63079
0.42, 62471
0.43, 61639
0.44, 60973
0.46, 59971
0.47, 59369
0.49, 58705
0.50, 58177
0.51, 57695
0.53, 57242
0.54, 56892
0.55, 56588
0.57, 56182
0.58, 55593
0.59, 55294
0.61, 55004
0.62, 54736
0.64, 54497
0.65, 54376
0.67, 54229
0.68, 54163
