0.00, 216970
0.00, 209420
0.00, 207848
0.00, 207638
0.00, 207208
0.00, 206686
0.00, 206095
0.00, 205332
0.00, 203840
0.00, 200149
0.00, 199075
0.00, 197095
0.00, 196355
0.00, 195219
0.00, 188961
0.00, 184418
0.00, 184277
0.01, 181427
0.01, 179302
0.01, 179265
0.01, 176302
0.01, 176101
0.04, 175343
0.04, 172295
0.04, 171995
0.04, 170528
0.27, 170486
0.28, 162288
0.28, 158850
1.06, 157505
1.20, 154480
1.20, 151361
1.29, 148368
1.29, 148297
1.29, 147843
1.29, 142492
1.31, 135077
1.31, 134469
1.31, 133118
1.32, 132876
1.33, 131853
1.33, 130490
1.34, 130255
1.34, 129461
1.34, 126734
1.34, 126705
1.34, 126258
1.34, 126027
1.34, 126017
1.34, 125843
1.34, 125337
1.34, 124585
1.40, 118845
1.40, 118322
1.40, 116098
1.42, 112943
1.46, 108797
1.46, 107961
1.46, 105783
1.46, 105068
1.46, 103242
1.46, 102715
1.47, 101393
1.48, 100929
1.48, 100751
1.48, 100220
1.48, 100033
1.48, 99275
1.48, 98074
1.48, 97268
1.50, 96412
1.50, 96211
1.50, 93597
1.50, 93046
1.50, 92405
1.50, 91817
1.50, 91631
1.50, 91350
1.50, 90376
1.50, 90144
1.50, 89984
1.50, 89975
1.50, 89770
1.53, 87654
1.53, 87148
1.53, 84123
1.55, 83852
1.55, 83829
1.55, 83764
1.55, 83131
1.55, 82775
1.58, 82767
1.58, 82667
1.58, 82200
1.58, 82196
1.58, 81839
1.58, 81816
1.59, 81622
1.59, 81505
1.59, 81212
1.59, 81186
1.59, 79864
1.60, 78884
1.60, 78774
1.60, 78659
1.60, 78547
1.60, 78366
1.61, 78115
1.61, 76924
1.61, 76345
1.61, 76209
1.62, 75997
1.62, 75225
1.62, 74056
1.63, 73944
1.63, 73467
1.63, 72762
1.63, 72716
1.63, 72463
1.64, 72408
1.65, 71915
1.65, 71088
1.65, 69945
1.66, 69552
1.66, 69312
1.66, 68630
1.66, 68624
1.67, 68242
1.67, 68133
1.68, 67799
1.68, 67536
1.68, 67330
1.68, 65700
1.68, 65580
1.70, 64842
1.70, 64752
1.70, 64737
1.70, 64358
1.70, 64002
1.70, 63926
1.70, 63736
1.70, 61949
1.70, 61383
1.70, 61325
1.70, 60943
1.72, 60662
1.72, 60558
1.72, 60493
1.72, 60112
1.72, 59731
1.74, 59661
1.75, 59377
1.75, 58933
1.77, 58702
1.77, 58652
1.78, 58514
1.78, 58480
1.78, 58307
1.78, 58284
1.78, 58135
1.78, 57567
1.79, 57198
1.79, 56805
1.79, 56548
1.79, 56484
1.80, 56189
1.81, 56087
1.85, 55863
1.86, 55746
1.87, 55699
1.96, 55489
2.48, 55097
3.07, 55035
3.21, 54406
8.52, 53971
9.08, 53132
