0.01, 175046
0.02, 164286
0.04, 156600
0.05, 147291
0.06, 140624
0.07, 133961
0.08, 127406
0.09, 121843
0.11, 116556
0.12, 111393
0.13, 106426
0.14, 101507
0.15, 96884
0.16, 93144
0.18, 90138
0.19, 87339
0.20, 85102
0.21, 83001
0.22, 80980
0.23, 77870
0.24, 76006
0.25, 74046
0.27, 72243
0.28, 70707
0.29, 69218
0.30, 67847
0.31, 66653
0.32, 65537
0.33, 64329
0.34, 63285
0.35, 62088
0.36, 61157
0.38, 60445
0.39, 59782
0.40, 59184
0.41, 58600
0.42, 58039
0.43, 57653
0.44, 56765
0.46, 56280
0.47, 55968
0.48, 55657
0.49, 55407
0.50, 55258
0.51, 54899
0.53, 54834
0.54, 54482
1.00, 54285
1.01, 53968
1.02, 53778
1.03, 53615
2.20, 53433
