0.00, 214976
0.00, 213668
0.00, 213030
0.00, 208153
0.00, 207679
0.00, 206101
0.00, 202059
0.00, 200910
0.00, 198726
0.00, 198288
0.00, 198247
0.00, 196474
0.00, 188710
0.00, 188592
0.01, 187957
0.02, 187834
0.02, 186379
0.03, 184999
0.04, 184016
0.04, 178883
0.04, 178609
0.04, 177836
0.04, 177502
0.04, 177068
0.04, 173663
0.05, 168918
0.05, 168031
0.22, 161579
0.91, 159377
1.42, 157660
1.42, 155906
1.45, 153194
1.45, 149374
1.45, 149114
1.47, 149046
1.47, 147401
1.47, 145935
1.50, 141029
1.50, 140983
1.50, 137752
1.50, 137422
1.52, 136617
1.52, 136346
1.52, 129517
1.52, 129482
1.52, 128830
1.52, 128241
1.52, 127997
1.52, 124111
1.52, 124073
1.55, 123818
1.55, 123613
1.55, 121451
1.55, 121037
1.55, 119981
1.55, 118945
1.60, 115803
1.60, 114573
1.60, 114479
1.60, 113874
1.60, 113806
1.60, 112486
1.63, 110644
1.63, 109070
1.64, 108093
1.64, 106664
1.64, 106488
1.64, 106448
1.64, 106422
1.64, 105674
1.64, 103489
1.65, 99885
1.68, 99455
1.68, 99363
1.68, 98703
1.68, 98020
1.68, 97718
1.68, 97588
1.68, 96782
1.68, 96036
1.69, 95519
1.69, 92546
1.69, 92224
1.70, 91956
1.70, 91843
1.71, 90760
1.71, 90071
1.71, 89569
1.71, 89362
1.71, 89130
1.71, 88906
1.71, 88024
1.72, 87763
1.72, 87067
1.72, 86933
1.72, 86638
1.72, 85584
1.72, 84431
1.72, 83208
1.77, 82500
1.77, 82347
1.77, 82263
1.77, 81732
1.77, 80349
1.77, 79912
1.77, 79251
1.77, 79132
1.77, 78999
1.77, 78335
1.77, 77579
1.80, 77371
1.80, 76889
1.80, 76712
1.80, 76424
1.80, 75226
1.80, 74610
1.80, 74185
1.80, 73820
1.80, 73720
1.82, 73413
1.82, 72623
1.83, 71564
1.83, 70716
1.83, 70485
1.83, 70311
1.83, 69221
1.84, 68900
1.84, 68156
1.84, 67423
1.84, 67143
1.84, 67097
1.84, 66838
1.86, 66400
1.86, 65954
1.87, 65078
1.87, 64964
1.87, 64926
1.90, 64407
1.90, 64328
1.90, 63880
1.90, 63832
1.90, 63702
1.90, 63259
1.90, 62975
1.90, 62318
1.90, 62070
1.91, 61350
1.91, 60885
1.91, 60316
1.91, 59830
1.91, 59591
1.92, 59491
1.92, 59396
1.92, 58795
1.92, 58498
1.96, 57952
1.96, 57880
1.96, 57804
1.96, 57497
1.98, 56752
1.98, 56073
1.98, 55491
1.98, 55402
1.98, 54563
2.04, 54420
2.07, 54077
2.07, 53722
4.40, 53615
