0.00, 221039
0.00, 220808
0.00, 220461
0.00, 212438
0.00, 211059
0.00, 205678
0.00, 202290
0.00, 201901
0.00, 200788
0.00, 198990
0.00, 195721
0.00, 195521
0.00, 194114
0.00, 189892
0.00, 185889
0.01, 182629
0.01, 174895
0.05, 172700
0.06, 170950
0.06, 170673
0.30, 169943
0.33, 167491
0.51, 167474
0.51, 166610
0.88, 163030
0.88, 160498
1.03, 158534
1.16, 158444
1.16, 157834
1.21, 156672
1.21, 155772
1.21, 152637
1.22, 149449
1.26, 146352
1.26, 146233
1.26, 138691
1.26, 138415
1.26, 134365
1.30, 133331
1.30, 132532
1.30, 131739
1.30, 129594
1.30, 129214
1.32, 128856
1.32, 128476
1.32, 128117
1.32, 127137
1.34, 123148
1.34, 121664
1.34, 121392
1.34, 120307
1.34, 118799
1.35, 117407
1.36, 115916
1.39, 115858
1.39, 114596
1.39, 113213
1.40, 113116
1.40, 112513
1.40, 112258
1.41, 112236
1.41, 111899
1.41, 110543
1.41, 108440
1.41, 108210
1.41, 107530
1.41, 106024
1.41, 105653
1.41, 105355
1.41, 104784
1.42, 103927
1.42, 102205
1.42, 101949
1.42, 101913
1.42, 101297
1.42, 100890
1.42, 99406
1.42, 97267
1.42, 97199
1.42, 97186
1.42, 94494
1.42, 94393
1.42, 93987
1.42, 92198
1.42, 91668
1.43, 90911
1.43, 89861
1.43, 89215
1.43, 85544
1.47, 85188
1.47, 84012
1.47, 84006
1.47, 83370
1.47, 81723
1.47, 80802
1.50, 80295
1.51, 79874
1.51, 78317
1.51, 77199
1.53, 76775
1.53, 75978
1.54, 75459
1.54, 75274
1.54, 74782
1.55, 74571
1.55, 73875
1.55, 73487
1.55, 73245
1.55, 73098
1.55, 72000
1.55, 71575
1.55, 71542
1.55, 71128
1.55, 70449
1.55, 69355
1.55, 69295
1.55, 68959
1.56, 68624
1.56, 68565
1.56, 68374
1.56, 68234
1.56, 68073
1.56, 67872
1.56, 67689
1.56, 67356
1.58, 66533
1.60, 65923
1.60, 65798
1.60, 65762
1.60, 65613
1.60, 65340
1.60, 64864
1.61, 64778
1.61, 64513
1.61, 63807
1.61, 63329
1.61, 63009
1.61, 62346
1.63, 62304
1.63, 61785
1.63, 60892
1.66, 60219
1.66, 60005
1.66, 59391
1.67, 59383
1.67, 59033
1.67, 58909
1.68, 58314
1.68, 58242
1.69, 58203
1.70, 58188
1.72, 58062
1.72, 57517
1.72, 57422
1.72, 56127
1.72, 56081
1.72, 56056
1.72, 55673
1.73, 55561
1.73, 55084
1.75, 55021
1.82, 54443
1.82, 54328
1.90, 54327
1.94, 54109
4.24, 54076
12.81, 53786
