0.00, 228385
0.00, 227010
0.00, 226622
0.00, 222037
0.00, 219377
0.00, 210192
0.00, 210085
0.00, 202555
0.00, 202364
0.00, 202055
0.00, 201314
0.00, 199448
0.00, 196173
0.00, 193732
0.00, 192901
0.00, 190072
0.00, 189325
0.01, 187138
0.01, 184678
0.01, 184569
0.01, 183096
0.01, 183026
0.01, 181422
0.01, 175483
0.01, 174888
0.01, 174801
0.01, 174462
0.01, 173119
0.02, 171399
0.02, 169504
0.09, 169154
0.09, 167364
0.12, 163798
0.14, 160618
0.14, 160147
0.71, 159971
1.16, 159337
1.16, 159252
1.16, 158216
1.21, 158080
1.21, 157703
1.21, 156171
1.21, 155832
1.21, 154981
1.23, 152254
1.23, 151621
1.24, 150508
1.24, 147079
1.24, 143122
1.24, 142636
1.24, 142406
1.24, 139054
1.24, 139014
1.28, 133884
1.28, 131392
1.29, 131300
1.29, 130459
1.31, 130292
1.31, 128780
1.33, 128424
1.33, 126935
1.33, 126914
1.33, 124681
1.33, 120958
1.33, 119326
1.33, 118830
1.33, 118822
1.33, 118092
1.33, 116043
1.33, 114860
1.33, 114507
1.34, 114094
1.34, 111788
1.34, 111312
1.35, 110666
1.35, 109552
1.36, 108812
1.36, 108683
1.36, 108344
1.36, 107529
1.36, 105350
1.37, 105197
1.37, 104880
1.37, 104328
1.39, 104112
1.39, 102520
1.39, 100871
1.39, 99282
1.39, 98853
1.39, 96788
1.39, 95304
1.40, 94781
1.40, 94256
1.40, 93682
1.40, 92479
1.40, 91981
1.40, 91540
1.40, 89666
1.42, 89615
1.42, 88910
1.42, 88499
1.42, 88264
1.42, 88213
1.43, 86305
1.43, 85974
1.43, 85752
1.43, 85549
1.43, 85278
1.43, 84042
1.44, 82791
1.47, 82412
1.47, 81578
1.47, 80820
1.48, 79648
1.48, 78790
1.48, 76250
1.49, 75843
1.49, 75835
1.49, 75026
1.51, 73995
1.51, 73096
1.51, 73071
1.51, 73011
1.51, 72750
1.51, 72552
1.51, 72193
1.51, 70842
1.51, 70714
1.51, 70588
1.51, 70014
1.51, 69880
1.51, 69472
1.53, 69180
1.53, 67587
1.53, 67496
1.55, 66926
1.55, 66776
1.55, 66023
1.55, 65860
1.55, 65713
1.55, 65060
1.55, 64947
1.56, 64703
1.58, 64618
1.58, 64226
1.58, 63387
1.58, 62761
1.58, 62433
1.58, 61655
1.58, 61061
1.58, 60586
1.58, 60362
1.58, 60052
1.59, 59298
1.59, 58808
1.59, 58604
1.59, 58386
1.60, 58344
1.63, 57903
1.63, 57561
1.63, 57367
1.64, 57054
1.64, 56954
1.64, 56448
1.64, 56227
1.65, 56206
1.66, 55948
1.67, 55772
1.67, 55559
1.67, 55024
1.68, 54872
1.68, 54808
1.74, 54740
1.75, 54598
2.23, 53759
17.31, 53659
17.56, 53098
18.01, 52803
