0.01, 201997
0.02, 188357
0.04, 174872
0.05, 164205
0.06, 154908
0.07, 146366
0.08, 139719
0.09, 133099
0.11, 126808
0.12, 121604
0.13, 116735
0.14, 110995
0.15, 106852
0.17, 102995
0.18, 99470
0.19, 96396
0.20, 93455
0.22, 88473
0.23, 85893
0.24, 83320
0.25, 80891
0.26, 78256
0.28, 75040
0.29, 72790
0.30, 70668
0.31, 68581
0.32, 67245
0.33, 65970
0.34, 64806
0.35, 63249
0.36, 62403
0.38, 61607
0.39, 60900
0.40, 60284
0.41, 59717
0.42, 59168
0.43, 58685
0.44, 58269
0.46, 57566
0.47, 57204
0.49, 56884
0.50, 56590
0.51, 56403
0.52, 56034
0.53, 55343
0.55, 55180
0.56, 55040
0.57, 54948
0.58, 54913
1.19, 54843
1.21, 54294
1.22, 54173
1.23, 54026
