0.00, 205469
0.00, 202283
0.00, 199882
0.00, 199841
0.00, 199556
0.00, 197327
0.00, 196018
0.00, 195381
0.00, 192653
0.00, 191962
0.00, 191226
0.00, 191037
0.00, 190706
0.00, 190590
0.00, 190346
0.00, 190298
0.00, 190203
0.00, 189282
0.03, 180738
0.03, 179239
0.09, 178364
0.12, 175087
0.12, 174320
0.12, 174050
0.12, 173343
0.12, 165114
0.50, 164415
0.50, 164258
0.50, 162204
0.50, 162005
0.50, 156315
1.47, 155655
1.47, 155609
1.47, 155102
1.50, 154405
1.50, 152681
1.50, 152529
1.51, 150613
1.51, 150147
1.51, 149838
1.51, 149742
1.51, 149709
1.51, 146847
1.51, 143794
1.51, 143300
1.51, 143149
1.51, 142498
1.53, 139142
1.53, 135171
1.56, 134093
1.56, 130034
1.56, 129744
1.57, 129533
1.57, 128511
1.61, 126599
1.61, 125001
1.62, 124337
1.62, 123796
1.63, 123187
1.66, 122823
1.66, 122414
1.66, 122249
1.66, 118664
1.66, 117109
1.66, 116895
1.66, 116544
1.66, 116426
1.66, 115866
1.66, 115225
1.69, 114433
1.69, 110726
1.69, 110684
1.69, 107991
1.69, 107362
1.69, 107049
1.69, 106728
1.69, 105677
1.69, 105420
1.69, 105261
1.69, 104720
1.72, 101694
1.72, 101483
1.72, 101261
1.72, 101259
1.72, 100248
1.72, 97046
1.75, 95849
1.75, 95805
1.75, 92760
1.75, 91973
1.75, 91525
1.75, 91169
1.75, 91145
1.75, 91097
1.76, 90989
1.76, 90169
1.76, 89659
1.76, 88802
1.76, 87983
1.78, 87831
1.78, 87516
1.78, 85991
1.78, 85839
1.78, 85661
1.78, 81990
1.78, 81127
1.78, 79091
1.81, 77839
1.82, 77596
1.82, 77512
1.82, 76884
1.82, 76823
1.82, 76110
1.82, 76058
1.84, 75827
1.84, 75608
1.85, 74156
1.85, 73614
1.85, 73610
1.85, 72809
1.85, 72732
1.85, 72702
1.85, 72555
1.86, 71121
1.86, 70470
1.88, 70386
1.88, 70055
1.88, 69143
1.89, 68835
1.89, 68565
1.90, 67525
1.90, 67497
1.90, 67430
1.90, 67203
1.90, 67120
1.91, 66963
1.91, 66953
1.91, 66000
1.91, 65539
1.91, 65364
1.91, 64119
1.91, 63636
1.91, 63128
1.91, 62747
1.92, 62483
1.92, 61855
1.92, 61061
1.92, 61018
1.92, 60822
1.92, 60608
1.93, 59746
1.93, 59461
1.94, 59118
1.94, 58638
1.95, 58570
1.97, 57733
1.97, 57638
1.97, 57476
1.98, 57457
2.00, 57255
2.02, 57203
2.02, 56768
2.05, 56471
2.06, 56361
2.07, 56227
2.10, 56080
2.11, 56029
2.11, 56008
2.11, 55961
2.12, 55758
2.13, 55599
2.15, 55578
2.19, 55346
2.20, 55325
3.90, 55057
4.34, 54942
7.63, 54938
7.91, 54099
12.63, 53919
12.63, 53817
12.64, 53700
12.64, 53499
12.65, 53486
12.66, 53100
