0.00, 215347
0.00, 212668
0.00, 212556
0.00, 208823
0.00, 200669
0.00, 199526
0.00, 197654
0.00, 196120
0.00, 195766
0.00, 195700
0.00, 195366
0.01, 194857
0.01, 192291
0.01, 192153
0.01, 192119
0.01, 191002
0.01, 185642
0.01, 185188
0.01, 180393
0.01, 178045
0.01, 175913
0.01, 175223
0.03, 174429
0.08, 172310
0.18, 155570
1.19, 154790
1.19, 152864
1.19, 151643
1.40, 143829
1.43, 142792
1.43, 140867
1.47, 137769
1.48, 137024
1.48, 135625
1.48, 134306
1.48, 133681
1.48, 133257
1.48, 132629
1.48, 130538
1.48, 128577
1.48, 127963
1.48, 126864
1.49, 125765
1.49, 125642
1.49, 125571
1.49, 125559
1.49, 125390
1.51, 124418
1.52, 124325
1.52, 123081
1.52, 119845
1.52, 119783
1.52, 119775
1.52, 117629
1.54, 115992
1.54, 115378
1.54, 113965
1.54, 113308
1.54, 112674
1.55, 112573
1.55, 111525
1.55, 110944
1.55, 109374
1.55, 108789
1.55, 105737
1.55, 105711
1.55, 104319
1.55, 104003
1.55, 103857
1.55, 103139
1.55, 101184
1.55, 100104
1.55, 99185
1.55, 97069
1.61, 96777
1.61, 96146
1.61, 94195
1.62, 92659
1.62, 92540
1.62, 92398
1.63, 91011
1.63, 90617
1.64, 89262
1.64, 88484
1.64, 88211
1.64, 87528
1.67, 86675
1.67, 86179
1.67, 84695
1.67, 84422
1.67, 84175
1.67, 83851
1.67, 83532
1.67, 82841
1.67, 82579
1.67, 80545
1.70, 80175
1.70, 78349
1.70, 78274
1.70, 77625
1.70, 77395
1.70, 76945
1.70, 76431
1.70, 76113
1.70, 75973
1.71, 75705
1.71, 75319
1.71, 74968
1.71, 74121
1.71, 73900
1.72, 72786
1.72, 72432
1.72, 72219
1.72, 72067
1.72, 72057
1.72, 71665
1.77, 70991
1.77, 70536
1.77, 70165
1.77, 69615
1.77, 69118
1.77, 68927
1.77, 68914
1.77, 68338
1.77, 67612
1.78, 67566
1.78, 66935
1.78, 66456
1.78, 65556
1.78, 64132
1.78, 64070
1.78, 63914
1.78, 63359
1.78, 62943
1.83, 62532
1.83, 62087
1.83, 61712
1.83, 61684
1.84, 61559
1.84, 61393
1.85, 61300
1.85, 61090
1.85, 61006
1.85, 60819
1.85, 59456
1.86, 59225
1.86, 58836
1.86, 58755
1.86, 58399
1.87, 57953
1.87, 57500
1.89, 56518
1.90, 55642
1.90, 55380
1.92, 55314
1.92, 55264
1.93, 55243
1.94, 55052
1.98, 54518
1.98, 54437
2.00, 54328
2.01, 54295
2.01, 54217
3.02, 54135
3.14, 54028
3.23, 53760
4.86, 53550
11.61, 53512
11.61, 53343
11.61, 53248
11.66, 52962
