0.00, 196234
0.00, 190471
0.00, 190430
0.01, 189226
0.01, 186966
0.01, 185509
0.01, 183325
0.01, 183135
0.01, 182315
0.01, 179248
0.01, 178625
0.08, 172536
0.08, 171345
0.14, 169874
0.19, 168650
0.79, 164852
1.07, 162310
1.23, 160313
1.23, 160264
1.25, 160192
1.25, 158878
1.25, 157785
1.25, 156975
1.25, 156264
1.25, 150930
1.25, 150633
1.25, 149103
1.25, 147941
1.27, 145898
1.28, 141819
1.28, 137883
1.28, 133602
1.41, 132830
1.41, 131675
1.41, 131620
1.41, 127737
1.41, 127105
1.41, 127062
1.41, 126927
1.41, 122447
1.42, 122311
1.42, 119899
1.42, 118177
1.42, 117613
1.42, 117227
1.42, 116792
1.42, 116340
1.42, 114891
1.43, 114640
1.43, 114285
1.43, 112503
1.47, 111192
1.48, 111014
1.48, 109057
1.48, 108830
1.48, 108352
1.49, 107589
1.49, 106697
1.49, 104337
1.49, 102677
1.49, 101823
1.49, 100998
1.49, 99160
1.51, 99057
1.51, 98913
1.54, 97985
1.54, 97858
1.54, 93724
1.54, 91456
1.54, 90633
1.54, 89717
1.54, 89205
1.54, 89103
1.54, 88469
1.54, 88309
1.57, 87958
1.57, 85568
1.57, 85466
1.57, 82909
1.57, 81941
1.57, 80988
1.61, 80963
1.62, 79819
1.62, 79595
1.62, 79187
1.62, 79036
1.63, 78240
1.63, 78141
1.63, 77849
1.63, 77655
1.63, 76948
1.63, 76660
1.63, 75864
1.63, 75140
1.63, 73954
1.67, 73748
1.67, 73719
1.67, 72752
1.67, 72722
1.67, 72229
1.67, 72227
1.67, 72119
1.67, 71830
1.67, 71535
1.70, 70931
1.70, 70577
1.70, 70066
1.70, 70024
1.70, 69700
1.70, 69483
1.70, 69109
1.70, 68645
1.70, 68603
1.70, 68152
1.70, 66859
1.71, 66829
1.71, 66753
1.71, 66567
1.71, 66361
1.72, 66014
1.72, 65372
1.72, 65326
1.72, 65204
1.72, 64797
1.72, 64682
1.72, 64065
1.76, 63818
1.77, 63384
1.77, 62280
1.77, 62160
1.77, 61384
1.77, 61380
1.78, 61278
1.78, 60003
1.78, 59249
1.78, 58800
1.79, 58585
1.79, 58387
1.79, 58266
1.79, 58239
1.81, 58139
1.82, 58112
1.83, 58094
1.83, 58045
1.84, 57876
1.88, 57365
1.88, 57285
1.88, 56983
1.89, 56891
1.89, 56815
1.89, 56805
1.89, 56772
1.90, 56762
1.90, 56333
1.92, 56179
1.92, 55936
1.96, 55795
1.98, 55577
3.17, 55009
3.31, 54947
3.41, 53378
4.08, 53088
