0.00, 217947
0.00, 216254
0.00, 215233
0.00, 212566
0.00, 203315
0.00, 201862
0.00, 200783
0.00, 199446
0.00, 198512
0.00, 193168
0.00, 187601
0.00, 187067
0.00, 182142
0.01, 182010
0.01, 181403
0.01, 174610
0.01, 174568
0.02, 171574
0.17, 165644
0.28, 162780
0.28, 162610
0.28, 158868
0.28, 157609
0.28, 157304
1.30, 155451
1.30, 155439
1.30, 154444
1.30, 153523
1.30, 152847
1.30, 147885
1.30, 144563
1.30, 144362
1.40, 143751
1.43, 140462
1.43, 140330
1.43, 133348
1.43, 133216
1.43, 132936
1.43, 131889
1.43, 131769
1.43, 131674
1.43, 130941
1.43, 130726
1.44, 128803
1.44, 128183
1.44, 127446
1.44, 125849
1.47, 124776
1.47, 124554
1.47, 124407
1.49, 124160
1.49, 123176
1.49, 122964
1.49, 122781
1.49, 121437
1.49, 119736
1.50, 119556
1.50, 119119
1.50, 118443
1.50, 118366
1.50, 118341
1.50, 115388
1.51, 112601
1.51, 112385
1.52, 112261
1.52, 109959
1.52, 109295
1.52, 106668
1.52, 106526
1.52, 104502
1.54, 103784
1.54, 103599
1.54, 102375
1.54, 98802
1.54, 98282
1.56, 97615
1.56, 95292
1.56, 95266
1.57, 94435
1.57, 94113
1.57, 93324
1.57, 92370
1.57, 91700
1.57, 91362
1.58, 90534
1.59, 89745
1.59, 88634
1.59, 87248
1.59, 87145
1.59, 83628
1.59, 83470
1.60, 82581
1.60, 82412
1.60, 82188
1.62, 81615
1.62, 81507
1.63, 81111
1.63, 80114
1.64, 80061
1.65, 79295
1.65, 79138
1.65, 78999
1.66, 78810
1.66, 78309
1.66, 77618
1.66, 77397
1.66, 76263
1.66, 75128
1.66, 75113
1.66, 74847
1.66, 74516
1.66, 74046
1.66, 73989
1.66, 73351
1.66, 73327
1.66, 73125
1.66, 72163
1.66, 70452
1.66, 70375
1.66, 70183
1.66, 70026
1.69, 69492
1.69, 69438
1.69, 68884
1.69, 68553
1.69, 68449
1.69, 67029
1.69, 66758
1.69, 66581
1.69, 65765
1.70, 65578
1.70, 64258
1.70, 63912
1.70, 63731
1.70, 63438
1.70, 63246
1.70, 62229
1.70, 62154
1.70, 62045
1.70, 61932
1.71, 61919
1.71, 61772
1.71, 61649
1.71, 61437
1.72, 61258
1.72, 60719
1.75, 60199
1.76, 60163
1.76, 59414
1.76, 59337
1.78, 59020
1.78, 58658
1.79, 58195
1.79, 58017
1.79, 57658
1.80, 57592
1.80, 57260
1.81, 57145
1.84, 56894
1.85, 56780
1.85, 56425
1.85, 56223
1.85, 55594
2.66, 55179
3.44, 54399
13.14, 54360
14.29, 54065
15.21, 53448
15.22, 53413
