0.01, 181790
0.03, 168929
0.04, 159535
0.05, 150172
0.07, 142949
0.08, 135170
0.09, 128483
0.11, 122593
0.12, 116796
0.13, 111935
0.14, 107151
0.16, 102029
0.17, 97977
0.18, 94586
0.19, 90799
0.20, 87872
0.22, 84984
0.23, 82702
0.24, 80181
0.26, 78248
0.27, 76469
0.28, 74725
0.29, 73075
0.30, 71586
0.32, 70107
0.33, 68638
0.35, 67180
0.36, 65751
0.37, 64609
0.39, 63648
0.40, 62413
0.41, 61561
0.42, 60806
0.43, 59994
0.45, 59245
0.46, 58619
0.47, 58017
0.48, 57471
0.50, 56971
0.51, 56486
0.52, 56022
0.53, 55569
0.55, 55210
0.56, 54882
0.57, 54587
0.59, 54397
0.60, 54351
1.83, 54329
2.42, 54299
2.44, 53963
2.45, 53641
2.46, 53517
2.48, 53197
