0.00, 200940
0.00, 197799
0.00, 194800
0.00, 186255
0.00, 186017
0.00, 182756
0.00, 179027
0.00, 178155
0.03, 177115
0.03, 176170
0.03, 174914
0.03, 174713
0.03, 173735
0.03, 173023
0.03, 170074
0.13, 169978
0.70, 169282
0.70, 169145
0.70, 168906
0.70, 167137
0.70, 166783
1.00, 166733
1.00, 166088
1.00, 160736
1.00, 159267
1.00, 157820
1.00, 157104
1.22, 155798
1.22, 153610
1.22, 151844
1.31, 148787
1.31, 146155
1.31, 143738
1.31, 141515
1.31, 140544
1.33, 140043
1.33, 134933
1.33, 133015
1.35, 132563
1.38, 131418
1.39, 130898
1.39, 130390
1.39, 129115
1.39, 128970
1.39, 127934
1.39, 127906
1.40, 126087
1.41, 125373
1.41, 123081
1.41, 121128
1.45, 120939
1.45, 120762
1.45, 120499
1.45, 120317
1.45, 118734
1.45, 117742
1.45, 116764
1.49, 115173
1.49, 114436
1.49, 110837
1.49, 110789
1.49, 108477
1.49, 107533
1.50, 105496
1.50, 104857
1.50, 103657
1.50, 103638
1.50, 103497
1.50, 103481
1.50, 102435
1.50, 102036
1.50, 101725
1.50, 100859
1.50, 100750
1.50, 100677
1.50, 98416
1.50, 97915
1.50, 97400
1.50, 95841
1.50, 94602
1.50, 93872
1.51, 93672
1.51, 93368
1.53, 93020
1.53, 92153
1.53, 91395
1.58, 90083
1.58, 90079
1.58, 89478
1.58, 88918
1.58, 88749
1.58, 85917
1.58, 84686
1.58, 84498
1.60, 84314
1.60, 84127
1.60, 83847
1.60, 82906
1.60, 81494
1.61, 80689
1.61, 79312
1.61, 78996
1.62, 78943
1.62, 78345
1.62, 78342
1.62, 77905
1.62, 77120
1.62, 76754
1.62, 76602
1.62, 76058
1.63, 75662
1.63, 75628
1.63, 75566
1.64, 75279
1.64, 75185
1.64, 74766
1.64, 73514
1.64, 73421
1.64, 73138
1.64, 73033
1.64, 72762
1.65, 72718
1.66, 71932
1.66, 71821
1.66, 71386
1.66, 71279
1.66, 70899
1.66, 70385
1.68, 70214
1.68, 69923
1.68, 69857
1.68, 69007
1.69, 68813
1.69, 68711
1.69, 68521
1.69, 67128
1.70, 66666
1.70, 66349
1.70, 66263
1.70, 65842
1.70, 64778
1.70, 64278
1.70, 64229
1.70, 63855
1.70, 63223
1.70, 63099
1.70, 62482
1.70, 61828
1.71, 61547
1.72, 61137
1.74, 60919
1.76, 60876
1.77, 60643
1.77, 59535
1.78, 59255
1.78, 59193
1.78, 59049
1.79, 58772
1.79, 58318
1.79, 58103
1.79, 57281
1.79, 57112
1.80, 56002
1.80, 55750
1.81, 55720
1.81, 55699
1.81, 55299
1.82, 55211
1.86, 55138
1.86, 55117
1.90, 55063
1.90, 55042
1.91, 54898
2.04, 54630
3.50, 54384
4.93, 54045
4.94, 53416
5.04, 53354
13.36, 53189
