0.00, 222184
0.00, 221029
0.00, 209097
0.00, 201427
0.00, 198077
0.00, 195990
0.00, 195717
0.00, 195462
0.00, 195142
0.00, 194991
0.00, 194238
0.00, 193877
0.00, 193510
0.00, 188281
0.00, 187451
0.00, 186392
0.00, 186331
0.01, 181054
0.01, 180474
0.01, 179311
0.06, 173833
0.08, 173542
0.08, 173156
0.08, 171005
0.08, 166814
0.13, 166375
0.56, 165702
0.81, 163231
0.99, 160489
1.00, 158240
1.00, 157454
1.19, 156994
1.19, 156873
1.22, 156433
1.25, 155043
1.27, 152969
1.27, 150688
1.27, 150476
1.27, 149945
1.27, 147619
1.27, 144504
1.29, 144143
1.29, 144045
1.31, 142846
1.32, 142261
1.32, 140974
1.32, 140958
1.32, 138189
1.32, 137765
1.32, 137358
1.32, 130885
1.32, 129967
1.32, 127571
1.32, 127474
1.35, 127374
1.35, 126281
1.35, 124759
1.36, 124129
1.36, 123799
1.36, 123354
1.37, 122486
1.37, 120676
1.40, 120610
1.40, 119842
1.40, 119766
1.40, 118598
1.40, 118421
1.40, 117802
1.40, 116353
1.40, 115978
1.40, 115392
1.40, 114810
1.40, 114796
1.40, 112519
1.40, 111767
1.40, 109041
1.40, 108524
1.40, 107487
1.40, 106508
1.40, 106376
1.41, 105812
1.41, 105485
1.41, 103224
1.41, 102392
1.44, 100704
1.44, 99802
1.44, 98707
1.45, 98565
1.45, 98042
1.45, 97728
1.45, 95712
1.45, 90952
1.45, 90766
1.48, 90707
1.48, 90582
1.48, 90347
1.48, 90313
1.49, 89565
1.49, 88969
1.49, 88958
1.49, 86927
1.49, 85556
1.49, 84550
1.50, 83675
1.50, 83623
1.50, 80778
1.51, 80679
1.51, 79053
1.51, 78631
1.53, 77722
1.53, 77652
1.53, 76376
1.55, 76180
1.55, 75896
1.55, 75887
1.55, 75264
1.55, 75109
1.56, 74270
1.56, 73788
1.56, 73110
1.56, 72980
1.56, 72519
1.56, 72476
1.56, 72469
1.56, 72318
1.56, 72129
1.56, 72105
1.56, 72045
1.56, 72040
1.56, 71892
1.56, 71249
1.56, 70155
1.56, 70068
1.56, 69870
1.56, 68259
1.57, 67869
1.57, 67616
1.57, 67604
1.57, 66916
1.57, 65204
1.58, 64939
1.58, 64158
1.58, 63759
1.58, 63598
1.58, 63090
1.61, 62581
1.61, 62429
1.62, 62206
1.62, 61880
1.62, 61312
1.62, 61251
1.62, 60768
1.62, 60589
1.62, 60126
1.66, 59969
1.67, 59364
1.67, 58438
1.68, 58279
1.69, 57741
1.69, 57291
1.75, 57038
2.36, 56470
3.80, 55981
3.85, 55686
7.11, 55287
7.11, 54987
7.21, 54852
7.26, 54661
7.26, 54640
7.32, 54627
7.32, 54420
7.40, 54036
19.76, 53878
19.90, 53843
