0.01, 202184
0.03, 190377
0.04, 178915
0.05, 168252
0.06, 157808
0.07, 149546
0.09, 141466
0.10, 133779
0.11, 127523
0.12, 121888
0.13, 116167
0.14, 111162
0.15, 106381
0.17, 101941
0.18, 98484
0.19, 95314
0.20, 92316
0.21, 87750
0.22, 85560
0.24, 83147
0.25, 81130
0.26, 79263
0.27, 77601
0.28, 76164
0.30, 74860
0.31, 73620
0.32, 72354
0.33, 71132
0.34, 69987
0.35, 68905
0.36, 67944
0.37, 66994
0.38, 66138
0.39, 65313
0.41, 64517
0.42, 63254
0.43, 62638
0.44, 62158
0.45, 61695
0.46, 61075
0.47, 60631
0.48, 60338
0.49, 60048
0.50, 59794
0.51, 59054
0.53, 58814
0.54, 58417
0.55, 57876
0.56, 57613
0.57, 57376
0.58, 57158
0.59, 56138
0.60, 55996
0.61, 55889
0.62, 55824
0.63, 54978
0.64, 54013
0.65, 53997
0.67, 53790
1.27, 53584
1.28, 53513
1.29, 53371
1.30, 53206
1.31, 52938
