0.00, 227815
0.00, 222145
0.00, 216798
0.00, 215558
0.00, 211629
0.00, 211326
0.00, 208442
0.00, 208081
0.00, 202201
0.00, 201977
0.00, 200808
0.00, 200127
0.00, 198185
0.00, 197973
0.00, 195173
0.00, 195167
0.00, 194577
0.00, 192065
0.00, 187411
0.00, 187233
0.00, 184113
0.00, 182456
0.00, 182332
0.00, 179305
0.00, 177186
0.00, 175778
0.07, 175717
0.07, 175699
0.08, 175522
0.08, 172899
0.08, 172097
0.15, 172085
0.15, 172071
0.15, 170123
0.54, 170016
0.54, 169503
0.75, 164846
0.79, 163985
0.79, 162483
1.14, 156849
1.14, 155227
1.18, 150402
1.23, 149829
1.26, 149308
1.26, 149245
1.27, 149242
1.27, 145469
1.27, 144663
1.27, 142340
1.27, 136963
1.33, 136921
1.34, 136516
1.34, 135183
1.34, 135065
1.34, 131823
1.34, 131604
1.34, 131288
1.34, 129832
1.34, 126011
1.34, 125831
1.34, 125662
1.34, 124082
1.34, 121452
1.39, 113750
1.39, 113708
1.39, 112896
1.40, 112206
1.40, 111072
1.40, 110022
1.45, 110015
1.45, 110012
1.45, 109282
1.45, 108317
1.45, 107360
1.46, 107319
1.46, 107099
1.46, 106544
1.48, 106363
1.48, 105053
1.48, 103554
1.48, 102065
1.48, 100912
1.48, 100843
1.48, 100491
1.48, 100304
1.48, 99803
1.48, 99263
1.48, 98905
1.48, 98810
1.48, 97769
1.48, 96566
1.48, 93503
1.53, 93479
1.53, 92788
1.53, 92248
1.53, 92230
1.54, 92171
1.55, 91822
1.55, 91387
1.55, 90952
1.55, 90544
1.56, 89641
1.56, 89406
1.56, 88159
1.56, 87586
1.56, 87209
1.56, 86047
1.56, 83226
1.56, 83154
1.56, 81996
1.56, 81010
1.57, 80946
1.57, 80664
1.57, 80661
1.57, 80461
1.57, 76478
1.61, 75527
1.61, 75307
1.62, 74746
1.62, 72965
1.62, 72516
1.62, 71886
1.62, 71712
1.62, 71636
1.62, 71422
1.62, 71354
1.62, 71306
1.63, 71060
1.63, 69393
1.63, 69322
1.63, 69263
1.63, 68814
1.63, 68762
1.63, 67807
1.63, 67703
1.63, 67440
1.63, 66879
1.63, 65914
1.63, 65662
1.63, 65615
1.63, 65497
1.63, 64756
1.63, 64434
1.63, 64391
1.63, 64126
1.63, 63354
1.69, 63098
1.69, 62389
1.69, 61739
1.69, 61474
1.69, 61468
1.69, 61462
1.71, 60277
1.71, 60271
1.72, 59957
1.72, 59477
1.72, 59353
1.72, 58868
1.72, 58632
1.72, 58516
1.72, 58326
1.74, 58057
1.74, 57793
1.74, 57732
1.74, 57118
1.74, 57029
1.74, 56274
1.75, 55880
1.78, 55753
1.79, 55643
1.79, 55592
1.79, 55205
1.79, 54914
1.79, 54828
1.79, 54777
1.79, 54525
1.80, 53940
1.81, 53804
1.81, 53728
1.81, 53437
1.82, 53016
1.86, 52875
1.88, 52657
