0.00, 203241
0.00, 199308
0.00, 198883
0.00, 197754
0.00, 194023
0.00, 191553
0.00, 186832
0.00, 186629
0.00, 185875
0.00, 185502
0.00, 183871
0.00, 183373
0.00, 179491
0.00, 172838
0.00, 167806
0.16, 163904
1.10, 161329
1.10, 159924
1.10, 157992
1.23, 150505
1.25, 150341
1.25, 150209
1.25, 147535
1.25, 147170
1.32, 146605
1.32, 142199
1.32, 141772
1.35, 141599
1.35, 140680
1.35, 140378
1.35, 139177
1.35, 137894
1.35, 137309
1.35, 136239
1.35, 135273
1.35, 134923
1.35, 133496
1.35, 133419
1.35, 132704
1.35, 132276
1.35, 132020
1.35, 131691
1.40, 131386
1.40, 129005
1.40, 127584
1.40, 124992
1.40, 120784
1.44, 117632
1.44, 115693
1.45, 113374
1.45, 113280
1.45, 112982
1.45, 108782
1.45, 107586
1.49, 107348
1.49, 105823
1.49, 104877
1.49, 104635
1.49, 104403
1.49, 103391
1.49, 102192
1.50, 101733
1.50, 99153
1.50, 98952
1.50, 98182
1.52, 97843
1.52, 96948
1.54, 96486
1.54, 96231
1.54, 94554
1.54, 94257
1.54, 92699
1.54, 91956
1.54, 91741
1.54, 91601
1.54, 89833
1.56, 88860
1.56, 88619
1.56, 86866
1.56, 85691
1.56, 85668
1.56, 85296
1.56, 85261
1.56, 85127
1.57, 85083
1.57, 83975
1.57, 82767
1.61, 82521
1.62, 82352
1.62, 80866
1.62, 80790
1.62, 80330
1.62, 80288
1.62, 79831
1.62, 79577
1.63, 79299
1.63, 79283
1.63, 78792
1.63, 77588
1.63, 77172
1.63, 76988
1.63, 75929
1.64, 75792
1.64, 75078
1.64, 74918
1.64, 74423
1.64, 73462
1.64, 73047
1.64, 72196
1.64, 71745
1.64, 69526
1.65, 69302
1.65, 68606
1.66, 67686
1.70, 67204
1.70, 66603
1.70, 66122
1.70, 65971
1.70, 65703
1.71, 64536
1.72, 64292
1.72, 63719
1.72, 63155
1.72, 63007
1.72, 62015
1.74, 61930
1.74, 61841
1.75, 61782
1.75, 61451
1.75, 61052
1.75, 61023
1.75, 60936
1.75, 60815
1.75, 59864
1.75, 59594
1.75, 59410
1.75, 59373
1.75, 58927
1.75, 58410
1.75, 58251
1.75, 58143
1.77, 58069
1.77, 57801
1.78, 57655
1.80, 57541
1.81, 57267
1.90, 56853
1.91, 56775
3.19, 56436
3.34, 55626
3.38, 55302
6.94, 55268
6.95, 54653
6.96, 54538
6.99, 54352
7.00, 54162
7.10, 54055
7.38, 53765
9.59, 53197
10.14, 53115
