0.01, 192838
0.02, 182209
0.04, 172310
0.05, 163847
0.06, 155920
0.08, 148492
0.09, 141245
0.10, 134992
0.11, 129724
0.13, 123944
0.14, 118773
0.15, 114216
0.16, 109347
0.18, 105303
0.19, 101308
0.20, 97402
0.22, 93721
0.23, 90410
0.24, 86782
0.25, 84009
0.26, 81354
0.28, 78450
0.29, 76149
0.30, 74342
0.31, 72545
0.33, 71013
0.34, 69518
0.35, 68340
0.36, 67380
0.37, 66472
0.38, 65496
0.39, 64639
0.40, 63932
0.42, 63161
0.43, 62095
0.44, 61439
0.46, 60810
0.47, 60221
0.48, 59659
0.50, 59101
0.51, 57984
0.53, 57597
0.54, 57226
0.55, 56514
0.56, 55953
0.58, 55649
0.59, 55267
0.60, 54977
0.62, 54709
0.63, 54474
0.64, 54372
0.65, 54329
0.66, 54009
