0.00, 208113
0.00, 205235
0.00, 204677
0.00, 202486
0.00, 202203
0.00, 202201
0.00, 195457
0.00, 194690
0.00, 194357
0.00, 192084
0.00, 191718
0.00, 190918
0.00, 189677
0.00, 189333
0.01, 188208
0.01, 182462
0.01, 180334
0.01, 178015
0.01, 174010
0.01, 173726
0.01, 172469
0.33, 169726
0.33, 169512
0.36, 169338
0.36, 168632
0.36, 166415
0.39, 165581
1.15, 162227
1.16, 159257
1.32, 157326
1.32, 156445
1.33, 151614
1.33, 150966
1.33, 149450
1.40, 148987
1.40, 147174
1.40, 143423
1.41, 141316
1.41, 139480
1.43, 136858
1.43, 136642
1.44, 136465
1.44, 136000
1.44, 135651
1.44, 134607
1.44, 133874
1.44, 133449
1.44, 132434
1.44, 131840
1.44, 131117
1.44, 130663
1.49, 129728
1.49, 127488
1.49, 127218
1.49, 126287
1.49, 124677
1.49, 123865
1.49, 122517
1.49, 120423
1.49, 119530
1.49, 119202
1.50, 118998
1.50, 118834
1.51, 114934
1.51, 114775
1.51, 114625
1.54, 113428
1.54, 111988
1.54, 110860
1.54, 110077
1.54, 108088
1.54, 107620
1.54, 105160
1.54, 104337
1.55, 104140
1.55, 103272
1.55, 102974
1.55, 102802
1.55, 101986
1.55, 98495
1.55, 98252
1.56, 98247
1.57, 98225
1.57, 97751
1.57, 97746
1.57, 96621
1.58, 96558
1.58, 96068
1.58, 95391
1.58, 92667
1.58, 92147
1.58, 90649
1.58, 88781
1.58, 88318
1.61, 86387
1.61, 85604
1.61, 85037
1.63, 84800
1.64, 84543
1.64, 83611
1.64, 83474
1.64, 82375
1.64, 82336
1.64, 82153
1.64, 81992
1.64, 81265
1.64, 81057
1.64, 78191
1.64, 77042
1.64, 76608
1.64, 76069
1.64, 75226
1.68, 75147
1.68, 74434
1.68, 74422
1.68, 73830
1.68, 73400
1.68, 73001
1.68, 72932
1.69, 72214
1.69, 71821
1.69, 71410
1.73, 71255
1.73, 71138
1.73, 70583
1.75, 69291
1.77, 68778
1.77, 68741
1.77, 68003
1.77, 67768
1.77, 66710
1.77, 65605
1.77, 65201
1.78, 65194
1.78, 65085
1.78, 64730
1.78, 64063
1.78, 63176
1.78, 62611
1.81, 62316
1.81, 61699
1.81, 61155
1.81, 61003
1.81, 60312
1.82, 59690
1.82, 59395
1.83, 59123
1.83, 59083
1.83, 58393
1.84, 58311
1.84, 57656
1.85, 57628
1.85, 57203
1.87, 57057
1.88, 56978
1.88, 56410
1.89, 56035
1.90, 55406
1.90, 55185
1.92, 55057
1.92, 55036
1.96, 54802
2.02, 54599
2.04, 54167
2.06, 54146
4.72, 54039
7.81, 53838
8.08, 53441
18.35, 53059
