0.01, 185211
0.03, 170650
0.04, 161086
0.06, 152961
0.07, 144559
0.09, 137005
0.10, 129921
0.12, 123610
0.13, 117766
0.15, 111227
0.16, 105828
0.17, 101106
0.19, 96792
0.20, 93058
0.21, 90057
0.23, 86815
0.24, 84099
0.25, 81888
0.27, 79678
0.28, 77657
0.29, 75730
0.30, 73970
0.32, 72336
0.33, 70741
0.34, 69492
0.36, 67993
0.37, 66749
0.38, 65724
0.40, 64883
0.41, 63762
0.42, 63040
0.44, 62354
0.45, 61363
0.46, 60696
0.47, 60051
0.49, 59502
0.50, 59020
0.51, 58567
0.53, 58155
0.54, 57328
0.55, 57004
0.57, 56705
0.58, 56415
0.59, 56147
0.60, 55882
0.62, 55691
0.63, 55169
0.64, 55014
0.66, 54273
2.55, 54030
2.57, 53906
2.58, 53799
2.59, 53751
