0.01, 198063
0.03, 185238
0.04, 173563
0.05, 163349
0.06, 154461
0.08, 146607
0.09, 139150
0.10, 132100
0.11, 125545
0.13, 119196
0.14, 113967
0.15, 108824
0.16, 103754
0.17, 99768
0.19, 96125
0.20, 92890
0.21, 89786
0.22, 86805
0.23, 84298
0.24, 81844
0.26, 79874
0.27, 77870
0.29, 75933
0.30, 73578
0.31, 71732
0.33, 70076
0.34, 68910
0.35, 67790
0.37, 66768
0.38, 65732
0.39, 64784
0.41, 63916
0.42, 62879
0.43, 62075
0.44, 61311
0.46, 60562
0.47, 59900
0.48, 59258
0.49, 58642
0.51, 58053
0.52, 57485
0.53, 56990
0.54, 56513
0.56, 56060
0.57, 55663
0.58, 55279
0.59, 54966
0.61, 54664
0.62, 54396
0.63, 54206
0.64, 54171
0.65, 54138
