0.01, 207050
0.02, 194706
0.04, 183899
0.05, 173319
0.06, 163908
0.07, 155347
0.08, 146843
0.09, 138696
0.10, 131108
0.12, 124952
0.13, 118931
0.14, 113226
0.16, 108317
0.17, 104180
0.18, 100065
0.20, 96059
0.21, 92870
0.23, 89684
0.24, 86117
0.26, 83717
0.27, 81921
0.29, 80182
0.30, 77858
0.31, 76251
0.33, 74131
0.34, 72584
0.35, 71052
0.37, 69624
0.38, 68341
0.40, 67133
0.41, 66031
0.43, 64778
0.44, 63388
0.45, 62379
0.47, 61467
0.48, 60673
0.50, 59879
0.51, 59250
0.52, 58812
0.54, 58385
0.55, 57960
0.56, 57575
0.58, 57285
0.59, 57053
0.60, 56866
0.61, 56751
0.62, 55660
0.64, 55289
0.65, 55211
0.66, 54560
0.67, 54494
0.68, 54460
