0.01, 177318
0.03, 165736
0.04, 156185
0.05, 148249
0.06, 139965
0.07, 132263
0.09, 125406
0.10, 118691
0.11, 113198
0.12, 108764
0.13, 104891
0.14, 100731
0.15, 96727
0.16, 92932
0.17, 89775
0.19, 86272
0.20, 83472
0.21, 81088
0.23, 78735
0.24, 76633
0.26, 74591
0.27, 72916
0.28, 71055
0.30, 69524
0.31, 68066
0.32, 66699
0.33, 65224
0.35, 63609
0.36, 62416
0.37, 61431
0.39, 60560
0.40, 59728
0.41, 59149
0.42, 58696
0.43, 58357
0.45, 58033
0.46, 57743
0.47, 57108
0.48, 56876
0.50, 56348
0.51, 55998
0.52, 55768
0.53, 55720
0.54, 55687
0.55, 55661
1.72, 55125
2.35, 54988
2.37, 54460
2.38, 54110
2.40, 54062
2.41, 54051
