0.01, 209704
0.03, 197140
0.04, 184664
0.05, 174778
0.07, 164883
0.08, 155914
0.10, 146660
0.11, 138748
0.12, 131614
0.14, 123853
0.15, 118050
0.16, 112741
0.18, 107620
0.19, 102909
0.20, 98898
0.21, 93878
0.23, 90396
0.24, 86845
0.25, 84319
0.26, 82083
0.28, 79766
0.29, 77999
0.30, 76523
0.31, 75155
0.33, 73792
0.34, 72465
0.35, 71148
0.37, 70249
0.38, 69305
0.39, 68174
0.40, 67295
0.42, 66420
0.43, 64408
0.44, 63577
0.45, 62488
0.47, 61491
0.48, 60367
0.49, 59601
0.50, 58863
0.51, 58212
0.52, 57583
0.54, 57004
0.55, 56504
0.56, 56061
0.57, 55669
0.58, 55345
0.59, 55274
0.61, 55212
0.62, 55183
0.63, 55162
0.64, 55106
0.65, 54684
1.26, 54654
1.28, 54514
1.29, 54461
