0.01, 209686
0.03, 195515
0.04, 181404
0.06, 169472
0.08, 159717
0.09, 150823
0.11, 142981
0.12, 135283
0.13, 128746
0.15, 122532
0.16, 116763
0.18, 111259
0.19, 105809
0.21, 100950
0.22, 96523
0.23, 92177
0.25, 88490
0.26, 84852
0.27, 81691
0.28, 78962
0.30, 76790
0.31, 75039
0.33, 73436
0.34, 71919
0.36, 70471
0.37, 69110
0.38, 67953
0.40, 66802
0.41, 65738
0.43, 64611
0.44, 63609
0.46, 62635
0.47, 60925
0.48, 60022
0.50, 59261
0.51, 58623
0.53, 58032
0.54, 56929
0.55, 56367
0.57, 55732
0.58, 55249
0.60, 54937
0.61, 54794
0.62, 54690
0.64, 54416
0.65, 54274
0.67, 54193
0.68, 53941
0.69, 53582
