0.01, 201153
0.03, 189898
0.04, 178867
0.05, 169520
0.06, 160574
0.08, 151729
0.09, 143391
0.10, 134853
0.11, 127868
0.12, 120671
0.13, 114393
0.14, 109278
0.15, 105181
0.16, 101611
0.17, 98174
0.19, 93201
0.20, 90094
0.21, 86752
0.22, 83779
0.23, 81079
0.24, 78784
0.26, 76726
0.27, 75052
0.28, 73450
0.29, 72202
0.30, 71058
0.31, 69937
0.32, 68894
0.34, 67986
0.35, 67103
0.36, 65797
0.37, 64042
0.38, 63163
0.40, 62422
0.41, 61690
0.42, 61048
0.43, 60434
0.45, 59845
0.46, 58759
0.47, 58320
0.48, 57897
0.50, 57514
0.51, 57219
0.52, 56577
0.53, 56287
0.54, 56019
0.56, 55829
0.57, 55692
0.58, 55611
0.59, 55359
0.60, 55000
0.61, 54938
0.63, 54687
1.34, 54223
1.35, 53873
1.37, 53825
1.39, 53804
1.40, 53399
1.41, 53086
1.42, 53051
