0.01, 207957
0.03, 194901
0.04, 183551
0.05, 174315
0.07, 165479
0.08, 156763
0.09, 148258
0.11, 140123
0.12, 132220
0.13, 124731
0.15, 118826
0.16, 111889
0.17, 106513
0.19, 101321
0.20, 96673
0.21, 91625
0.23, 88010
0.24, 84626
0.25, 82046
0.27, 79725
0.28, 77671
0.30, 75773
0.31, 74025
0.32, 72544
0.33, 71116
0.35, 70026
0.36, 69039
0.37, 68093
0.38, 67338
0.40, 66623
0.41, 65940
0.42, 65266
0.43, 64592
0.44, 63923
0.46, 62647
0.47, 62049
0.48, 61494
0.50, 60999
0.51, 60510
0.52, 60028
0.54, 59439
0.55, 59044
0.57, 58689
0.58, 58373
0.59, 57619
0.61, 57350
0.62, 57095
0.63, 56835
0.65, 56009
0.66, 55659
0.67, 55568
0.69, 55014
1.33, 54843
1.34, 54553
1.35, 54451
1.36, 54131
1.38, 54044
1.39, 53776
1.40, 53669
1.41, 53587
1.42, 53540
1.44, 53531
1.45, 53135
1.46, 53079
1.47, 52657
