0.00, 228011
0.00, 224895
0.00, 224318
0.00, 223958
0.00, 215617
0.00, 213154
0.00, 211784
0.00, 210366
0.00, 209996
0.00, 208780
0.00, 195751
0.00, 195020
0.00, 191867
0.00, 190113
0.00, 189711
0.00, 186966
0.00, 186962
0.01, 181920
0.01, 179654
0.01, 172076
0.10, 169352
0.14, 167516
0.14, 157913
1.19, 156385
1.19, 155473
1.21, 155452
1.23, 152527
1.27, 149395
1.28, 144934
1.28, 143189
1.28, 139305
1.28, 132707
1.28, 131886
1.28, 130902
1.34, 129838
1.34, 129782
1.35, 128905
1.35, 127488
1.35, 126893
1.35, 123648
1.35, 123425
1.35, 123097
1.37, 122881
1.37, 119938
1.37, 119866
1.37, 118101
1.37, 116416
1.37, 116082
1.38, 114875
1.38, 113016
1.38, 111257
1.38, 109165
1.38, 107981
1.38, 107771
1.38, 107445
1.38, 106771
1.38, 105390
1.45, 104844
1.45, 104416
1.45, 102657
1.45, 102555
1.45, 102221
1.45, 101705
1.45, 100920
1.45, 100142
1.45, 99464
1.45, 99235
1.45, 97598
1.45, 95431
1.46, 95237
1.46, 92784
1.46, 91593
1.47, 91338
1.47, 91156
1.47, 90435
1.47, 90281
1.48, 90099
1.48, 88628
1.48, 87156
1.48, 86953
1.48, 82250
1.49, 81914
1.49, 80262
1.51, 80188
1.51, 78476
1.51, 77596
1.51, 77416
1.51, 77114
1.51, 77018
1.51, 76345
1.51, 76079
1.51, 75806
1.51, 75803
1.51, 75757
1.51, 75090
1.56, 75031
1.56, 74675
1.56, 74400
1.56, 74364
1.56, 74036
1.56, 73915
1.56, 73615
1.56, 72945
1.57, 71327
1.57, 71139
1.57, 70952
1.58, 70512
1.59, 69822
1.59, 69708
1.59, 69075
1.59, 68936
1.59, 68603
1.59, 68578
1.59, 68199
1.59, 67544
1.59, 67381
1.60, 66938
1.60, 66061
1.60, 65682
1.60, 65214
1.61, 64767
1.62, 63971
1.63, 63864
1.63, 63699
1.63, 63556
1.63, 63457
1.63, 63237
1.64, 63212
1.64, 62657
1.64, 61870
1.65, 61131
1.65, 60989
1.65, 60472
1.65, 59630
1.66, 59574
1.66, 59557
1.66, 59418
1.66, 59300
1.67, 59070
1.67, 59022
1.68, 58802
1.68, 58374
1.68, 58235
1.68, 57942
1.68, 57740
1.69, 57103
1.69, 56786
1.69, 56551
1.69, 56470
1.69, 56406
1.69, 56157
1.70, 56110
1.71, 55938
1.71, 55890
1.72, 55794
1.72, 55600
1.74, 55100
1.74, 54826
1.74, 54619
1.74, 54326
1.75, 53930
13.70, 53788
