0.00, 200889
0.00, 198450
0.00, 187057
0.00, 180731
0.00, 179387
0.00, 177095
0.00, 172626
0.07, 172103
0.07, 171791
0.07, 170616
0.07, 169782
0.07, 167567
0.07, 165053
0.75, 162241
1.08, 160297
1.08, 160292
1.08, 159084
1.19, 157610
1.21, 157244
1.21, 154144
1.21, 152098
1.24, 151533
1.27, 149475
1.27, 148185
1.27, 147860
1.27, 147418
1.27, 145386
1.27, 145304
1.27, 143674
1.27, 138361
1.27, 136623
1.27, 135668
1.30, 135614
1.30, 131955
1.30, 131160
1.31, 130219
1.31, 129214
1.31, 128996
1.31, 128841
1.31, 127930
1.31, 123152
1.31, 121854
1.31, 121576
1.34, 120316
1.35, 119896
1.35, 118741
1.35, 117526
1.35, 116349
1.37, 114682
1.37, 114678
1.37, 114498
1.38, 113288
1.38, 111307
1.38, 107797
1.38, 106833
1.38, 104769
1.38, 104064
1.38, 103788
1.40, 103441
1.40, 103179
1.40, 101855
1.40, 100811
1.40, 100238
1.40, 99776
1.40, 98981
1.40, 97459
1.41, 96532
1.41, 95912
1.41, 94525
1.41, 94356
1.41, 93194
1.41, 92062
1.41, 91965
1.44, 91235
1.44, 90373
1.44, 89742
1.45, 88817
1.46, 88308
1.46, 88252
1.46, 87637
1.46, 86797
1.46, 86722
1.46, 86555
1.46, 85212
1.46, 85132
1.48, 84438
1.48, 80700
1.48, 79946
1.48, 79599
1.48, 79278
1.48, 78499
1.48, 77993
1.49, 77540
1.49, 77436
1.49, 77049
1.49, 76044
1.49, 75538
1.49, 75414
1.49, 75004
1.49, 74337
1.49, 74140
1.53, 73292
1.53, 73144
1.53, 73078
1.53, 72804
1.53, 72331
1.55, 71629
1.55, 70352
1.55, 69966
1.55, 69747
1.55, 69518
1.55, 67930
1.55, 67194
1.55, 67116
1.55, 66739
1.55, 65459
1.55, 65297
1.56, 65230
1.56, 64601
1.56, 63567
1.57, 63414
1.57, 63301
1.57, 63128
1.57, 62758
1.58, 62432
1.58, 62403
1.58, 61808
1.58, 60561
1.63, 60442
1.64, 59767
1.64, 59502
1.65, 59278
1.67, 59011
1.67, 58699
1.67, 58645
1.67, 58552
1.67, 58172
1.68, 57828
1.69, 57805
1.69, 57788
1.69, 56767
1.69, 56762
1.69, 56716
1.70, 56482
1.70, 56236
1.70, 56235
1.71, 56142
1.71, 55737
1.73, 55608
1.74, 55550
1.74, 55507
1.74, 55444
1.76, 55418
2.02, 54979
10.35, 54839
10.70, 54585
12.44, 54399
12.44, 54378
12.45, 54056
12.52, 53989
12.55, 53968
13.38, 53700
14.64, 53247
14.70, 52850
14.72, 52788
