0.00, 189172
0.00, 183702
0.01, 182897
0.01, 180997
0.02, 177974
0.11, 175375
0.11, 172074
0.11, 170327
0.11, 169367
0.11, 169201
0.14, 167173
0.14, 165521
0.46, 163593
0.46, 160940
1.26, 159184
1.26, 157155
1.26, 155608
1.26, 154480
1.26, 154016
1.31, 151874
1.38, 143929
1.38, 142929
1.38, 139682
1.42, 138518
1.45, 137373
1.45, 136487
1.46, 135730
1.46, 135152
1.46, 133580
1.46, 130325
1.46, 130162
1.46, 125506
1.46, 122963
1.46, 121898
1.47, 120067
1.47, 119661
1.50, 119443
1.50, 119434
1.50, 116412
1.50, 116204
1.50, 114977
1.50, 114778
1.50, 114495
1.52, 114259
1.52, 113711
1.52, 113555
1.52, 112725
1.52, 112617
1.52, 112059
1.55, 110442
1.55, 109242
1.55, 108139
1.55, 108043
1.56, 106736
1.56, 105613
1.56, 105205
1.56, 104676
1.56, 104255
1.56, 104183
1.56, 98886
1.57, 98788
1.57, 97778
1.57, 97710
1.57, 96921
1.57, 96809
1.58, 96712
1.58, 93324
1.58, 93085
1.58, 92917
1.62, 91689
1.62, 91105
1.62, 89971
1.62, 89703
1.62, 89437
1.62, 88827
1.62, 87988
1.62, 87871
1.62, 87093
1.62, 85781
1.62, 85724
1.62, 84718
1.65, 83919
1.65, 82561
1.67, 81580
1.67, 81520
1.67, 80073
1.67, 78552
1.67, 78455
1.67, 78425
1.67, 77863
1.67, 77846
1.67, 77691
1.67, 77337
1.67, 76208
1.67, 75665
1.72, 75400
1.72, 74795
1.72, 74694
1.72, 74195
1.72, 74180
1.72, 73625
1.72, 72995
1.72, 71826
1.72, 71715
1.72, 71051
1.73, 70408
1.73, 70297
1.73, 70016
1.73, 69234
1.73, 68534
1.73, 67782
1.73, 67355
1.74, 66148
1.74, 65997
1.74, 65486
1.74, 65167
1.74, 64466
1.74, 64092
1.74, 63872
1.74, 61991
1.74, 61559
1.74, 61174
1.76, 61088
1.81, 61062
1.81, 60340
1.81, 60153
1.81, 59604
1.82, 59479
1.82, 58834
1.82, 58590
1.82, 58358
1.83, 58133
1.83, 56801
1.83, 56765
1.84, 56373
1.86, 55954
1.89, 55934
1.89, 55655
1.89, 55626
1.92, 55013
1.95, 54823
2.01, 54820
13.69, 54646
13.70, 54505
13.74, 54215
