0.01, 198015
0.03, 183060
0.04, 172266
0.05, 161699
0.06, 152805
0.07, 144550
0.09, 136647
0.10, 130046
0.11, 123752
0.12, 116766
0.14, 112635
0.15, 108793
0.16, 104974
0.17, 100189
0.18, 97104
0.19, 94573
0.20, 91585
0.21, 89255
0.22, 87154
0.24, 85089
0.25, 83104
0.26, 81061
0.27, 79118
0.29, 77239
0.30, 75763
0.31, 74363
0.33, 73006
0.34, 71638
0.35, 70244
0.36, 68935
0.37, 67168
0.38, 66142
0.40, 65077
0.41, 64098
0.42, 63146
0.43, 62289
0.44, 61454
0.45, 60478
0.47, 59823
0.48, 59225
0.49, 58646
0.50, 58115
0.51, 57662
0.52, 57218
0.54, 56285
0.55, 55698
0.56, 55130
0.58, 54743
0.59, 54388
0.60, 54098
0.61, 54095
0.63, 53393
