0.01, 212789
0.02, 200123
0.04, 189596
0.05, 179193
0.06, 170025
0.07, 161215
0.08, 152940
0.10, 144807
0.11, 136771
0.12, 129401
0.13, 122077
0.14, 115177
0.15, 108650
0.16, 102436
0.17, 98101
0.18, 93928
0.19, 90339
0.20, 87401
0.21, 84461
0.23, 82126
0.24, 79247
0.25, 77284
0.26, 75550
0.27, 73779
0.28, 71950
0.29, 70494
0.30, 68647
0.31, 67305
0.33, 66240
0.34, 65165
0.35, 64129
0.36, 63152
0.37, 62372
0.38, 61730
0.39, 61128
0.40, 60563
0.41, 59851
0.43, 59390
0.44, 58937
0.45, 58516
0.46, 58192
0.47, 57902
0.48, 57634
0.50, 57474
0.51, 57329
0.52, 56751
0.53, 56454
0.54, 56311
0.55, 56232
0.57, 55980
0.58, 55593
0.59, 55516
0.60, 55495
0.61, 55486
0.62, 55090
0.63, 55034
0.65, 54612
1.25, 53945
1.26, 53258
1.27, 53208
