0.00, 211164
0.00, 209383
0.00, 208999
0.00, 208997
0.00, 205975
0.00, 205761
0.00, 200728
0.00, 199659
0.00, 195345
0.00, 194381
0.00, 194061
0.00, 191718
0.01, 190794
0.01, 187191
0.01, 185381
0.01, 183465
0.01, 178960
0.02, 178580
0.02, 175987
0.02, 172805
0.02, 172629
0.04, 172623
0.04, 170802
0.04, 170121
0.09, 160289
1.03, 158629
1.16, 156571
1.21, 156306
1.21, 154928
1.21, 153942
1.21, 151771
1.27, 150606
1.27, 148796
1.27, 148052
1.27, 145723
1.27, 141878
1.27, 140370
1.27, 139924
1.27, 134156
1.35, 133551
1.38, 133074
1.38, 132207
1.38, 130940
1.38, 130884
1.38, 130795
1.38, 127585
1.38, 127437
1.38, 127351
1.38, 127218
1.39, 126473
1.39, 126194
1.39, 124445
1.39, 120649
1.40, 119653
1.40, 119422
1.41, 118353
1.41, 117025
1.41, 116321
1.41, 116295
1.41, 116274
1.41, 114084
1.41, 110893
1.41, 109054
1.41, 105520
1.44, 105305
1.45, 104653
1.45, 104499
1.45, 104104
1.45, 103648
1.45, 102766
1.45, 102471
1.45, 102282
1.45, 102279
1.45, 100365
1.46, 100331
1.46, 99206
1.46, 98927
1.46, 98000
1.46, 97044
1.46, 96431
1.47, 95685
1.47, 94706
1.47, 94450
1.48, 94216
1.49, 94053
1.49, 92997
1.49, 92742
1.49, 92317
1.50, 92017
1.50, 91868
1.50, 91810
1.50, 91306
1.50, 90763
1.50, 90659
1.50, 90025
1.50, 89710
1.50, 88700
1.51, 88697
1.52, 87412
1.52, 87010
1.52, 86452
1.52, 85463
1.52, 85204
1.52, 83925
1.52, 83441
1.52, 83264
1.52, 82863
1.52, 81902
1.52, 81545
1.52, 80957
1.52, 80502
1.53, 77717
1.57, 77095
1.57, 76158
1.57, 76079
1.57, 75338
1.57, 75085
1.57, 73893
1.57, 73138
1.57, 72760
1.57, 72477
1.57, 72431
1.59, 72136
1.59, 71552
1.59, 69541
1.59, 69076
1.59, 67931
1.59, 67822
1.59, 66817
1.59, 66667
1.60, 65978
1.60, 65874
1.60, 65179
1.60, 64797
1.61, 64444
1.62, 63751
1.62, 62809
1.62, 62658
1.66, 62094
1.67, 61454
1.67, 60984
1.67, 60314
1.67, 60214
1.67, 59739
1.69, 59094
1.69, 58845
1.69, 58075
1.69, 57473
1.70, 56523
1.71, 56180
1.77, 55989
1.77, 55667
1.77, 55639
1.77, 55542
1.83, 55345
1.85, 54776
2.16, 54336
2.40, 53768
4.60, 53725
