0.00, 226284
0.00, 224771
0.00, 221302
0.00, 220614
0.00, 217947
0.00, 216255
0.00, 216232
0.00, 213454
0.00, 208923
0.00, 208146
0.00, 206910
0.00, 206694
0.00, 201217
0.00, 197745
0.00, 195790
0.00, 195522
0.00, 193681
0.01, 193506
0.01, 191213
0.01, 187519
0.01, 183029
0.01, 181585
0.01, 180708
0.01, 176379
0.01, 175998
0.01, 174779
0.02, 168460
0.02, 167885
0.11, 165440
0.45, 160605
1.21, 158159
1.21, 155122
1.21, 153393
1.21, 152733
1.21, 152540
1.23, 151135
1.23, 146976
1.23, 142971
1.23, 141780
1.23, 139421
1.26, 136836
1.31, 136199
1.31, 135690
1.31, 135127
1.31, 134765
1.31, 133873
1.31, 133249
1.31, 126080
1.31, 124169
1.31, 122349
1.33, 121636
1.33, 120657
1.33, 119305
1.33, 118969
1.33, 118199
1.33, 118047
1.33, 117589
1.33, 116002
1.33, 115421
1.33, 114085
1.33, 113298
1.33, 112847
1.33, 112596
1.33, 111161
1.33, 111040
1.33, 111030
1.33, 110291
1.36, 107904
1.36, 107488
1.36, 107157
1.36, 105984
1.36, 105817
1.37, 105364
1.37, 103029
1.37, 102810
1.37, 101850
1.37, 101695
1.37, 101443
1.38, 98954
1.38, 97147
1.38, 95649
1.38, 94412
1.38, 93714
1.38, 92535
1.38, 92327
1.43, 90761
1.43, 90087
1.43, 90084
1.43, 89773
1.43, 89050
1.43, 87505
1.43, 86143
1.43, 84897
1.43, 84390
1.43, 83764
1.43, 82859
1.43, 82470
1.43, 82150
1.43, 81525
1.43, 80609
1.43, 80605
1.43, 79910
1.44, 78678
1.50, 78676
1.50, 77926
1.50, 77693
1.50, 76406
1.50, 76286
1.50, 76157
1.50, 75620
1.50, 75540
1.50, 75292
1.50, 74195
1.50, 73383
1.50, 73056
1.50, 72736
1.50, 72127
1.50, 71159
1.52, 70851
1.52, 69621
1.52, 67777
1.55, 67387
1.55, 66819
1.55, 66104
1.55, 65786
1.55, 65773
1.55, 65329
1.56, 64477
1.56, 63687
1.56, 63606
1.56, 63023
1.56, 62721
1.56, 62523
1.56, 61963
1.56, 61942
1.56, 61422
1.56, 60856
1.56, 60037
1.62, 59635
1.62, 58860
1.63, 58655
1.63, 58442
1.63, 58413
1.63, 58338
1.64, 58244
1.64, 57875
1.64, 57596
1.64, 57289
1.64, 57099
1.65, 56484
1.65, 56204
1.65, 55957
1.65, 55519
1.65, 55459
1.65, 55291
1.70, 55216
1.71, 54992
1.71, 54361
1.75, 54325
1.76, 54195
1.78, 54149
2.31, 54038
2.35, 53297
