0.00, 222911
0.00, 222906
0.00, 215701
0.00, 208426
0.00, 204520
0.00, 202077
0.00, 200861
0.00, 193776
0.00, 193556
0.01, 193062
0.01, 192651
0.01, 192498
0.01, 190924
0.02, 190115
0.02, 185366
0.02, 182428
0.02, 182357
0.02, 181699
0.02, 181694
0.02, 181375
0.06, 180278
0.13, 178089
0.13, 169524
0.65, 167367
0.65, 166877
0.65, 161401
0.65, 161085
0.65, 158486
1.19, 158190
1.23, 157629
1.23, 157335
1.25, 156005
1.25, 153373
1.25, 152133
1.25, 151614
1.25, 150539
1.25, 150251
1.25, 149961
1.25, 147901
1.26, 147394
1.26, 147221
1.26, 144497
1.26, 143830
1.26, 143695
1.28, 142245
1.28, 141600
1.28, 139831
1.28, 138342
1.28, 132740
1.30, 132617
1.30, 128970
1.30, 126866
1.30, 126461
1.30, 126407
1.32, 126056
1.32, 125942
1.32, 121526
1.32, 120947
1.32, 120888
1.34, 120313
1.34, 118960
1.35, 118836
1.35, 118366
1.35, 117443
1.35, 117380
1.35, 117323
1.35, 115366
1.35, 115118
1.35, 114718
1.39, 114517
1.39, 114459
1.39, 114398
1.39, 112884
1.39, 112397
1.41, 111972
1.41, 111292
1.41, 107034
1.41, 106867
1.41, 106214
1.41, 106207
1.41, 105498
1.41, 103083
1.41, 102800
1.41, 102425
1.41, 102219
1.41, 101780
1.42, 100833
1.43, 99315
1.43, 95373
1.43, 95235
1.43, 94321
1.43, 91871
1.43, 90599
1.48, 89339
1.48, 88925
1.48, 88218
1.48, 87314
1.48, 86391
1.49, 85412
1.49, 84729
1.49, 83574
1.49, 82973
1.49, 82957
1.49, 82471
1.50, 80810
1.51, 80421
1.51, 80247
1.51, 79633
1.51, 78762
1.51, 78711
1.51, 78707
1.51, 77579
1.52, 77550
1.52, 76504
1.52, 76434
1.52, 75953
1.52, 75618
1.52, 74318
1.52, 74203
1.53, 74088
1.53, 73500
1.53, 73366
1.55, 73218
1.55, 71310
1.56, 71266
1.56, 70888
1.56, 70472
1.56, 69787
1.56, 69204
1.56, 67968
1.56, 67789
1.56, 67363
1.57, 66817
1.57, 66616
1.57, 66586
1.57, 66315
1.57, 64735
1.57, 64522
1.57, 64221
1.57, 63930
1.62, 62358
1.62, 61986
1.63, 61495
1.63, 60987
1.63, 60791
1.63, 59771
1.63, 59401
1.64, 59328
1.65, 59323
1.65, 59061
1.65, 59023
1.66, 58476
1.66, 58123
1.66, 57623
1.66, 55943
1.66, 55783
1.66, 55588
1.66, 55381
1.67, 55244
1.69, 54899
1.69, 54875
1.70, 54852
1.70, 54683
1.70, 54227
1.72, 53800
1.75, 53754
9.05, 53714
9.05, 53471
9.07, 53330
19.51, 53006
