0.01, 187819
0.03, 174414
0.04, 163681
0.05, 152535
0.07, 143442
0.08, 135280
0.09, 129281
0.11, 123670
0.12, 117457
0.13, 112781
0.15, 108133
0.16, 103980
0.17, 100016
0.19, 96517
0.20, 92708
0.21, 89758
0.22, 86826
0.24, 84677
0.25, 82564
0.26, 80732
0.28, 78988
0.29, 77022
0.30, 74959
0.32, 73396
0.33, 70972
0.34, 69559
0.36, 68435
0.37, 67352
0.38, 66256
0.40, 64969
0.41, 63995
0.42, 63156
0.44, 62404
0.45, 61361
0.47, 60623
0.48, 59980
0.49, 59530
0.51, 59117
0.52, 58270
0.53, 57558
0.55, 57150
0.56, 56471
0.58, 56084
0.59, 55720
0.61, 55452
0.62, 55297
0.63, 55151
0.65, 55068
1.76, 54892
1.77, 54624
