0.00, 201280
0.00, 199471
0.00, 198810
0.00, 198429
0.00, 197674
0.00, 195638
0.00, 193924
0.00, 191930
0.00, 191554
0.00, 185408
0.00, 185072
0.01, 181636
0.08, 176838
0.14, 173204
0.18, 173040
0.22, 172503
0.22, 172436
0.27, 171445
0.29, 171317
0.40, 166968
0.47, 166840
0.47, 163349
0.49, 163046
0.87, 158305
0.87, 156726
0.87, 156136
0.87, 149085
1.27, 147226
1.36, 146418
1.36, 145622
1.36, 144527
1.36, 144246
1.40, 142985
1.40, 139627
1.40, 136980
1.40, 136821
1.40, 136341
1.40, 135012
1.40, 134958
1.42, 131772
1.42, 130569
1.42, 130324
1.44, 129075
1.44, 128111
1.44, 125689
1.44, 123330
1.44, 123240
1.44, 122819
1.44, 122751
1.44, 122523
1.44, 122355
1.45, 121877
1.47, 121757
1.47, 120659
1.47, 117911
1.47, 115752
1.47, 115716
1.47, 112850
1.49, 111805
1.49, 110532
1.49, 107083
1.49, 107024
1.49, 107020
1.51, 106932
1.51, 106449
1.51, 105722
1.51, 105562
1.51, 105343
1.51, 105021
1.51, 104688
1.51, 101948
1.51, 100596
1.53, 100075
1.53, 99658
1.54, 99586
1.54, 99313
1.54, 99192
1.54, 98893
1.55, 96479
1.55, 94788
1.55, 94722
1.55, 91081
1.57, 88063
1.59, 87316
1.59, 85619
1.61, 85277
1.61, 84608
1.61, 84273
1.61, 84018
1.62, 83497
1.62, 83190
1.62, 82422
1.62, 81454
1.62, 80275
1.62, 79488
1.62, 78763
1.62, 78100
1.62, 77586
1.64, 76818
1.64, 76732
1.64, 75771
1.64, 75203
1.66, 74828
1.66, 74577
1.66, 74561
1.66, 74454
1.66, 74383
1.66, 74346
1.66, 73778
1.66, 72802
1.66, 72247
1.66, 72233
1.68, 71587
1.68, 71477
1.68, 71379
1.68, 71218
1.69, 70928
1.69, 70831
1.69, 70639
1.69, 69937
1.69, 69162
1.69, 68663
1.69, 68488
1.69, 67566
1.69, 67545
1.69, 67401
1.69, 67034
1.69, 66940
1.69, 66329
1.72, 66117
1.72, 66083
1.74, 65694
1.74, 65313
1.74, 64378
1.74, 63438
1.74, 62308
1.75, 61559
1.75, 61535
1.75, 60659
1.75, 59303
1.75, 58533
1.75, 58514
1.76, 58247
1.76, 58101
1.80, 57877
1.80, 57813
1.80, 57246
1.80, 57067
1.81, 56892
1.81, 56741
1.82, 56654
1.82, 56477
1.82, 56367
1.83, 56338
1.83, 56131
1.83, 56108
1.84, 55918
1.85, 55889
1.85, 55736
1.95, 55669
1.99, 55374
3.03, 54564
3.88, 54318
17.16, 53995
19.52, 53510
