0.01, 207704
0.03, 194364
0.04, 181335
0.05, 169651
0.06, 159275
0.08, 149933
0.09, 140787
0.10, 132488
0.12, 124326
0.13, 117167
0.14, 111125
0.15, 105233
0.17, 99538
0.18, 94468
0.19, 90972
0.20, 87722
0.21, 85156
0.22, 82677
0.24, 80424
0.25, 78177
0.26, 76193
0.28, 74339
0.29, 72607
0.30, 71047
0.31, 69360
0.33, 67991
0.34, 66821
0.35, 65658
0.36, 64571
0.37, 63611
0.38, 62231
0.39, 61076
0.41, 60193
0.42, 59452
0.43, 58801
0.44, 58166
0.45, 57537
0.46, 56911
0.47, 56025
0.49, 55572
0.50, 55194
0.51, 55033
0.52, 54973
0.53, 54938
1.10, 54587
1.11, 54228
1.13, 53917
1.14, 53627
1.69, 53622
1.70, 53302
