0.00, 217266
0.00, 214945
0.00, 212127
0.00, 211868
0.00, 211712
0.00, 210629
0.00, 207465
0.00, 202167
0.00, 194618
0.00, 189650
0.00, 189407
0.00, 182812
0.00, 178065
0.00, 176426
0.00, 176254
0.02, 172829
0.02, 171389
0.02, 170536
0.02, 170355
0.06, 170203
0.07, 168773
0.07, 164949
0.19, 161009
0.19, 157606
1.10, 157343
1.10, 156370
1.14, 155693
1.14, 154921
1.20, 154305
1.20, 152712
1.20, 151585
1.25, 148630
1.25, 148343
1.28, 148219
1.28, 147496
1.29, 145430
1.29, 140385
1.29, 137696
1.29, 133580
1.30, 133135
1.30, 132380
1.30, 131314
1.30, 128841
1.30, 128536
1.30, 123128
1.30, 122954
1.30, 122656
1.30, 121400
1.30, 120670
1.35, 119317
1.35, 119010
1.35, 118220
1.35, 117866
1.35, 117571
1.35, 115650
1.37, 114186
1.37, 114004
1.37, 112122
1.37, 110763
1.37, 108619
1.37, 107584
1.43, 106947
1.43, 106903
1.43, 106131
1.43, 105621
1.43, 104929
1.43, 102806
1.43, 101723
1.43, 100949
1.43, 100884
1.43, 96553
1.43, 96109
1.43, 95333
1.43, 94863
1.43, 94249
1.43, 94138
1.45, 93508
1.45, 93196
1.45, 93009
1.49, 90691
1.49, 90634
1.49, 89304
1.49, 87981
1.51, 87347
1.51, 87039
1.51, 85849
1.51, 85045
1.54, 84542
1.54, 84513
1.54, 83941
1.54, 83558
1.55, 83150
1.55, 82888
1.55, 81196
1.55, 80615
1.55, 80504
1.55, 80127
1.55, 79732
1.55, 79316
1.56, 79157
1.56, 78726
1.56, 78610
1.56, 78361
1.56, 78004
1.56, 77166
1.56, 75688
1.56, 75379
1.56, 73656
1.58, 71045
1.58, 70594
1.58, 69619
1.58, 69026
1.58, 68185
1.58, 67710
1.58, 66170
1.58, 65715
1.59, 64512
1.60, 64146
1.60, 63409
1.62, 63123
1.62, 63109
1.64, 62977
1.65, 62593
1.65, 62585
1.71, 62501
1.71, 62000
1.71, 61935
1.71, 61931
1.73, 61576
1.73, 61543
1.73, 61455
1.73, 61357
1.73, 61206
1.74, 61085
1.75, 60984
1.75, 60970
1.75, 60849
1.84, 60789
2.09, 60465
6.53, 60256
6.53, 60043
6.53, 59632
6.53, 59364
6.53, 58963
6.53, 58705
6.53, 58529
6.54, 58421
6.54, 58010
6.54, 57930
6.54, 57679
6.55, 57521
6.55, 57219
6.55, 56991
6.56, 55546
6.56, 55531
6.57, 55401
6.57, 55108
6.58, 54834
6.59, 54700
6.65, 54535
7.05, 53967
7.58, 53128
