0.01, 215553
0.02, 202714
0.04, 189527
0.05, 178509
0.06, 167855
0.07, 158252
0.08, 149378
0.09, 140589
0.10, 133338
0.11, 126624
0.12, 120161
0.13, 113631
0.14, 107798
0.16, 102941
0.17, 98873
0.18, 94850
0.19, 91345
0.20, 88112
0.21, 84673
0.22, 81920
0.23, 79776
0.24, 77410
0.25, 75562
0.26, 73760
0.27, 71874
0.28, 70088
0.29, 68519
0.30, 67144
0.31, 66045
0.33, 64565
0.34, 63472
0.35, 62448
0.36, 61687
0.37, 60987
0.38, 60367
0.39, 59056
0.40, 58484
0.42, 58007
0.43, 57533
0.44, 56873
0.45, 56426
0.46, 56070
0.48, 55104
0.49, 54782
0.50, 54514
0.51, 54260
0.52, 53763
0.54, 53211
