0.01, 199812
0.02, 187828
0.04, 175047
0.05, 165568
0.06, 156094
0.07, 146834
0.08, 139234
0.09, 131700
0.10, 124209
0.11, 117418
0.12, 111300
0.14, 105824
0.15, 101515
0.16, 97744
0.17, 94234
0.19, 91198
0.20, 88720
0.22, 86054
0.23, 83628
0.24, 81767
0.26, 78501
0.27, 76698
0.28, 74718
0.29, 72947
0.31, 71237
0.32, 69581
0.33, 68044
0.34, 66687
0.35, 65354
0.37, 63681
0.38, 62671
0.39, 61898
0.40, 61139
0.41, 60572
0.42, 60062
0.43, 59594
0.44, 58915
0.45, 58462
0.47, 58015
0.48, 57267
0.49, 56851
0.50, 56485
0.51, 56126
0.52, 55836
0.53, 55565
0.54, 55069
0.55, 54801
0.56, 54547
0.57, 54340
0.58, 54171
0.60, 54121
