0.01, 196757
0.02, 183836
0.04, 171335
0.05, 159422
0.06, 148636
0.07, 139250
0.08, 132366
0.09, 125298
0.10, 119741
0.12, 114327
0.13, 109577
0.14, 105631
0.15, 101756
0.16, 98084
0.18, 94525
0.19, 91092
0.20, 87851
0.22, 84666
0.23, 81890
0.24, 78832
0.25, 76774
0.27, 74993
0.28, 72650
0.29, 71041
0.30, 69546
0.32, 68153
0.33, 66909
0.34, 65836
0.35, 64843
0.37, 63986
0.38, 63306
0.39, 62484
0.40, 61867
0.42, 60748
0.43, 59877
0.44, 59309
0.45, 58760
0.46, 58307
0.47, 57860
0.49, 56896
0.50, 56496
0.51, 56141
0.52, 55812
0.54, 55373
0.55, 55052
0.56, 54761
0.57, 54098
0.59, 53991
0.60, 53929
0.61, 53717
0.62, 53674
0.64, 53354
