0.01, 208426
0.02, 196010
0.04, 185222
0.05, 175522
0.06, 166621
0.07, 157965
0.08, 150117
0.09, 142332
0.10, 134590
0.11, 126952
0.12, 120308
0.13, 114411
0.15, 108948
0.16, 103730
0.17, 98573
0.18, 94441
0.19, 90386
0.21, 86496
0.22, 83226
0.23, 81203
0.24, 78199
0.26, 76207
0.27, 74288
0.28, 72608
0.29, 71172
0.30, 69850
0.32, 68656
0.33, 67576
0.34, 66579
0.35, 65662
0.36, 64764
0.37, 63901
0.38, 63041
0.39, 62260
0.40, 61561
0.41, 60520
0.42, 59740
0.43, 59080
0.44, 58422
0.46, 57794
0.47, 57099
0.48, 56530
0.49, 56138
0.50, 55848
0.51, 55597
0.52, 55351
0.53, 55244
0.55, 55196
0.56, 55175
0.57, 54907
0.58, 54888
0.59, 54687
1.70, 54484
