0.00, 197710
0.00, 193560
0.00, 190917
0.00, 187477
0.00, 187214
0.00, 186026
0.00, 183535
0.00, 183208
0.00, 183044
0.01, 183034
0.01, 181005
0.01, 177604
0.01, 176084
0.01, 175839
0.05, 172963
0.33, 172110
0.33, 170700
0.53, 168205
0.54, 167505
0.54, 165470
1.17, 164747
1.18, 163965
1.18, 163405
1.19, 162678
1.19, 162289
1.19, 162149
1.19, 159543
1.19, 159132
1.19, 157988
1.20, 156300
1.20, 155021
1.20, 152659
1.26, 152142
1.26, 151529
1.26, 147590
1.26, 147453
1.26, 143160
1.26, 140579
1.26, 139700
1.31, 137014
1.31, 135503
1.31, 134751
1.31, 134609
1.31, 132705
1.31, 128703
1.31, 125823
1.32, 125482
1.32, 124908
1.39, 124534
1.39, 123239
1.39, 123180
1.39, 120461
1.39, 118617
1.39, 117104
1.41, 116927
1.41, 116388
1.41, 116320
1.41, 115960
1.41, 110805
1.41, 110137
1.41, 109414
1.41, 107625
1.41, 103830
1.45, 102705
1.45, 101524
1.45, 101414
1.46, 101140
1.47, 99482
1.47, 98590
1.47, 98501
1.47, 97894
1.47, 97071
1.50, 96485
1.51, 95940
1.51, 95842
1.51, 95591
1.51, 95312
1.51, 93517
1.51, 93233
1.51, 92237
1.51, 92198
1.51, 90295
1.51, 88641
1.52, 87546
1.52, 87222
1.52, 86869
1.57, 86816
1.57, 85315
1.57, 85030
1.57, 84903
1.57, 84333
1.57, 83803
1.57, 82061
1.57, 81831
1.57, 81816
1.57, 80253
1.58, 79859
1.58, 79595
1.58, 78950
1.58, 78006
1.58, 77327
1.58, 77143
1.58, 76932
1.58, 76752
1.58, 76523
1.58, 76038
1.58, 75932
1.58, 75622
1.58, 74677
1.58, 73404
1.59, 73348
1.59, 73076
1.59, 72992
1.59, 71287
1.59, 71199
1.62, 70230
1.62, 69701
1.62, 69106
1.62, 69055
1.64, 68976
1.64, 68966
1.64, 68919
1.64, 68807
1.64, 68637
1.64, 67997
1.64, 67684
1.64, 66221
1.64, 65949
1.64, 65920
1.64, 63645
1.64, 63137
1.65, 62961
1.65, 62705
1.65, 62690
1.65, 62675
1.65, 61489
1.65, 60943
1.65, 60275
1.68, 59610
1.69, 59523
1.69, 59294
1.69, 58957
1.69, 58691
1.70, 58671
1.70, 58608
1.70, 58443
1.70, 58328
1.71, 57682
1.71, 57273
1.74, 57178
1.76, 56606
1.77, 56555
1.77, 56505
1.77, 56371
1.79, 56353
1.80, 55945
1.81, 55811
1.84, 55646
1.89, 55428
1.98, 54888
1.99, 54867
2.08, 54598
2.08, 54577
3.74, 53603
8.53, 53559
8.87, 53497
13.11, 53465
