0.01, 200962
0.02, 187641
0.04, 176055
0.05, 164876
0.06, 154288
0.07, 145039
0.09, 135335
0.10, 127270
0.11, 118885
0.12, 112422
0.13, 107102
0.15, 101961
0.16, 96683
0.17, 92465
0.18, 89906
0.20, 87206
0.21, 84837
0.22, 81822
0.23, 79116
0.24, 76959
0.25, 74833
0.27, 72822
0.28, 70973
0.29, 69293
0.30, 67769
0.31, 66254
0.32, 65128
0.33, 64046
0.35, 63070
0.36, 62191
0.37, 61365
0.38, 60557
0.39, 59757
0.40, 59077
0.42, 58414
0.43, 57845
0.44, 57284
0.45, 56861
0.46, 56495
0.47, 56175
0.49, 55945
0.50, 55732
0.51, 55197
0.52, 55090
0.53, 55002
0.54, 54973
0.56, 54800
0.57, 54107
2.32, 53415
