0.02, 192294
0.03, 179420
0.05, 168453
0.08, 157856
0.11, 148659
0.14, 141157
0.16, 132816
0.18, 125319
0.20, 117267
0.21, 111027
0.22, 105858
0.24, 101920
0.26, 98028
0.27, 94319
0.29, 91091
0.30, 88240
0.31, 85464
0.32, 82952
0.34, 80557
0.35, 78711
0.36, 76877
0.38, 74661
0.39, 73082
0.40, 71592
0.41, 70330
0.43, 69125
0.44, 67926
0.45, 66804
0.46, 65790
0.48, 64856
0.49, 63928
0.50, 63135
0.51, 62227
0.53, 61437
0.54, 60635
0.55, 59931
0.57, 59357
0.58, 58846
0.59, 58480
0.61, 58190
0.62, 57911
0.64, 57643
0.65, 57493
0.66, 57348
0.68, 57097
0.69, 57030
0.70, 56514
0.71, 56452
0.73, 56201
0.74, 56182
0.75, 55981
1.30, 54761
1.32, 54308
1.33, 54104
1.34, 53784
1.35, 53619
1.36, 53351
1.37, 53272
1.38, 52979
