0.00, 192558
0.00, 191278
0.00, 190279
0.00, 183739
0.00, 182143
0.00, 180118
0.00, 179570
0.06, 176060
0.06, 176047
0.09, 175231
0.09, 175132
0.10, 174043
0.11, 172652
0.11, 172165
0.23, 169834
0.23, 168794
0.37, 165791
0.37, 164170
1.19, 163262
1.26, 156549
1.26, 153399
1.27, 152882
1.27, 148004
1.35, 146207
1.35, 146171
1.37, 145989
1.39, 144758
1.40, 143566
1.41, 142222
1.41, 141308
1.41, 140703
1.42, 140493
1.42, 139899
1.44, 139532
1.44, 136589
1.44, 136056
1.44, 135587
1.44, 135574
1.44, 134283
1.44, 134177
1.44, 132902
1.44, 131795
1.44, 130803
1.46, 130637
1.46, 130188
1.46, 126559
1.46, 125479
1.46, 123515
1.47, 122521
1.48, 121477
1.49, 120947
1.49, 120425
1.49, 119006
1.49, 118767
1.49, 118360
1.49, 117998
1.49, 117209
1.49, 117184
1.49, 116950
1.49, 115210
1.49, 114964
1.49, 113603
1.49, 112740
1.49, 112607
1.50, 112200
1.50, 112073
1.50, 111664
1.50, 111602
1.50, 111178
1.50, 110875
1.50, 110233
1.50, 108162
1.50, 106953
1.50, 105733
1.50, 105171
1.50, 104963
1.51, 103525
1.53, 101934
1.53, 100514
1.54, 99972
1.54, 99252
1.54, 97437
1.54, 95384
1.55, 95382
1.55, 93105
1.59, 92468
1.59, 91711
1.60, 91033
1.60, 90879
1.60, 90049
1.60, 88042
1.60, 86999
1.60, 86486
1.60, 85372
1.60, 84752
1.61, 84483
1.61, 84234
1.61, 82801
1.61, 82457
1.61, 82360
1.61, 81770
1.61, 81137
1.61, 79873
1.61, 79789
1.61, 79608
1.61, 78885
1.61, 78532
1.61, 77948
1.61, 77932
1.61, 77353
1.61, 76664
1.61, 76541
1.65, 76353
1.65, 75822
1.65, 74854
1.65, 74396
1.65, 74347
1.65, 73573
1.65, 73009
1.65, 72816
1.65, 72705
1.66, 72552
1.66, 71886
1.68, 71831
1.68, 71518
1.68, 71429
1.68, 71213
1.69, 71160
1.69, 69468
1.69, 68405
1.69, 68298
1.69, 67452
1.69, 66230
1.70, 66094
1.70, 65216
1.70, 64909
1.71, 64191
1.71, 63998
1.71, 63941
1.71, 63912
1.71, 62880
1.74, 62772
1.74, 62548
1.75, 62215
1.75, 61932
1.75, 61552
1.76, 60838
1.76, 60626
1.76, 59970
1.76, 58835
1.76, 58357
1.76, 57916
1.76, 57035
1.80, 56419
1.80, 56376
1.80, 56017
1.80, 55945
1.82, 55764
1.82, 55590
1.82, 55589
1.83, 55519
1.83, 55495
1.83, 55413
1.84, 54719
1.85, 54474
1.85, 53817
1.85, 53434
1.96, 53374
2.47, 53084
3.33, 52894
