0.01, 192798
0.02, 180035
0.04, 170093
0.05, 160383
0.06, 151389
0.07, 142011
0.09, 133720
0.10, 127145
0.11, 121849
0.12, 114801
0.14, 109606
0.15, 106058
0.16, 102287
0.17, 99164
0.18, 95462
0.20, 92583
0.21, 89716
0.22, 86362
0.23, 83754
0.25, 81211
0.26, 79003
0.27, 77282
0.28, 75291
0.30, 73852
0.31, 72448
0.32, 71071
0.33, 69761
0.35, 68192
0.36, 66881
0.37, 65710
0.38, 64541
0.39, 63662
0.40, 62950
0.41, 62290
0.43, 61728
0.44, 61038
0.45, 60537
0.46, 59881
0.47, 59479
0.48, 58231
0.49, 57713
0.51, 57397
0.52, 57107
0.53, 56839
0.54, 56632
0.56, 56475
0.57, 56285
0.58, 56207
0.59, 56159
1.18, 55758
1.20, 55476
1.21, 54887
1.22, 54608
1.24, 54349
1.25, 54151
1.26, 53829
1.27, 53668
1.29, 53590
1.30, 53194
