0.01, 211911
0.03, 198045
0.04, 185597
0.05, 175120
0.07, 164929
0.08, 155675
0.09, 146713
0.10, 139085
0.11, 131270
0.13, 125117
0.14, 119404
0.15, 113768
0.17, 108659
0.18, 103188
0.19, 98521
0.21, 94093
0.22, 90786
0.23, 87863
0.24, 85033
0.26, 82247
0.27, 80049
0.28, 77180
0.29, 74859
0.30, 72995
0.32, 71173
0.33, 69620
0.34, 68192
0.35, 66836
0.37, 65694
0.38, 64401
0.39, 63349
0.40, 62358
0.42, 61171
0.43, 60504
0.44, 59843
0.45, 59275
0.47, 58735
0.48, 57317
0.49, 56784
0.50, 56186
0.52, 55794
0.53, 55501
0.54, 55342
0.55, 55106
0.57, 54667
0.58, 54356
0.59, 54135
1.89, 53895
1.90, 53508
