0.01, 210028
0.02, 199247
0.04, 187447
0.05, 177818
0.06, 168160
0.07, 160182
0.08, 152532
0.10, 144977
0.11, 137549
0.12, 131776
0.13, 126347
0.15, 120868
0.16, 115372
0.18, 110464
0.19, 105788
0.20, 101267
0.21, 97318
0.23, 94336
0.24, 89058
0.25, 86519
0.26, 82874
0.28, 80327
0.29, 78182
0.30, 76075
0.32, 74354
0.33, 72694
0.34, 71098
0.35, 69494
0.37, 67944
0.38, 66482
0.39, 65046
0.40, 63956
0.41, 63095
0.43, 62292
0.44, 61632
0.45, 61055
0.47, 60498
0.48, 59519
0.49, 58993
0.50, 58471
0.52, 58040
0.53, 57310
0.54, 56941
0.55, 56643
0.56, 56348
0.58, 56227
0.59, 56039
0.60, 55944
0.61, 55916
0.62, 55622
1.10, 55238
1.11, 55017
1.12, 54910
1.14, 54889
1.15, 54621
1.69, 54232
1.70, 54030
1.71, 53983
1.72, 53927
1.74, 53505
2.30, 53502
2.31, 53290
