0.01, 190130
0.03, 177029
0.04, 165901
0.05, 155135
0.06, 145625
0.08, 136613
0.09, 127394
0.10, 120388
0.11, 113789
0.13, 107367
0.14, 102002
0.15, 98381
0.17, 94814
0.18, 91584
0.19, 88038
0.21, 84897
0.22, 82237
0.24, 80233
0.25, 78209
0.26, 76421
0.27, 74657
0.29, 73154
0.30, 71660
0.32, 70375
0.33, 69415
0.34, 68372
0.35, 67426
0.37, 66565
0.38, 65729
0.39, 64980
0.40, 64296
0.42, 63640
0.43, 63030
0.44, 62401
0.45, 61832
0.47, 61420
0.48, 60677
0.49, 60317
0.50, 59962
0.51, 59714
0.52, 59173
0.53, 58936
0.55, 58237
0.56, 58175
0.57, 57963
0.58, 57926
1.11, 57888
1.12, 57406
1.14, 56981
1.15, 56688
1.16, 56398
1.17, 56241
1.18, 56051
1.20, 56032
1.21, 55831
1.82, 55631
2.47, 55310
2.48, 55303
2.49, 55220
2.51, 54651
2.52, 54259
