0.00, 182109
0.00, 177270
0.10, 173200
0.10, 173108
0.10, 172151
0.10, 169825
0.28, 164231
0.28, 164193
0.28, 163882
1.25, 163166
1.26, 162546
1.26, 159826
1.30, 159576
1.30, 159441
1.30, 159211
1.30, 157352
1.31, 156971
1.31, 156314
1.31, 151818
1.33, 148011
1.37, 147292
1.37, 146419
1.37, 144035
1.37, 144026
1.37, 143363
1.37, 138719
1.41, 137482
1.41, 133341
1.42, 132473
1.44, 130631
1.44, 130518
1.45, 128322
1.45, 126276
1.47, 125954
1.47, 124173
1.47, 123031
1.48, 122767
1.48, 122409
1.48, 122109
1.50, 119669
1.50, 116531
1.50, 114222
1.50, 112332
1.50, 111292
1.51, 111124
1.51, 110289
1.51, 109975
1.51, 107590
1.53, 106888
1.53, 106666
1.53, 105630
1.53, 105492
1.53, 102155
1.53, 101809
1.53, 101408
1.59, 100939
1.59, 100921
1.59, 100665
1.59, 100553
1.59, 100094
1.59, 99087
1.59, 99078
1.59, 99055
1.60, 98711
1.60, 98196
1.60, 97745
1.60, 97407
1.60, 96052
1.60, 95992
1.62, 95959
1.62, 94559
1.62, 94169
1.62, 93050
1.64, 91793
1.64, 91175
1.65, 90521
1.65, 89958
1.65, 89889
1.65, 89796
1.65, 88591
1.65, 88426
1.65, 88177
1.65, 87899
1.65, 87853
1.65, 86520
1.65, 86316
1.65, 85382
1.65, 85355
1.65, 84717
1.65, 84666
1.65, 84434
1.65, 83890
1.66, 82890
1.66, 82166
1.66, 81735
1.67, 79933
1.67, 77830
1.67, 77715
1.67, 77029
1.68, 76294
1.68, 75590
1.68, 74996
1.68, 74945
1.68, 74851
1.68, 74711
1.69, 71234
1.69, 70891
1.71, 70388
1.71, 69981
1.71, 69943
1.75, 69716
1.75, 68409
1.75, 68137
1.75, 68035
1.75, 67495
1.75, 67184
1.75, 66567
1.75, 65807
1.75, 65605
1.76, 65505
1.76, 64841
1.76, 64676
1.76, 63784
1.76, 63681
1.76, 62974
1.76, 62434
1.77, 61719
1.77, 61554
1.77, 61414
1.77, 61175
1.77, 61128
1.77, 61051
1.78, 60929
1.80, 59831
1.80, 59662
1.80, 59126
1.80, 59095
1.80, 58845
1.80, 58065
1.81, 57607
1.81, 57598
1.85, 57517
1.85, 57504
1.89, 57172
1.89, 56979
1.90, 56864
1.90, 56626
1.91, 56310
1.91, 56081
1.91, 55967
1.93, 55604
1.93, 54501
2.35, 54062
3.92, 53577
4.44, 53387
