0.00, 229334
0.00, 228546
0.00, 226862
0.00, 225374
0.00, 225308
0.00, 223512
0.00, 223297
0.00, 223229
0.00, 221453
0.00, 220533
0.00, 216306
0.00, 215163
0.00, 214130
0.00, 209490
0.00, 209478
0.00, 206878
0.00, 206841
0.00, 204389
0.00, 204101
0.00, 199296
0.01, 199098
0.01, 199045
0.01, 198096
0.01, 197698
0.02, 195734
0.02, 188841
0.02, 185434
0.03, 176436
0.03, 175879
0.07, 175307
0.07, 172444
0.07, 171046
0.22, 170810
0.51, 170105
0.67, 167829
0.67, 165772
0.67, 165001
1.05, 164856
1.18, 163924
1.18, 163516
1.18, 160548
1.18, 159323
1.18, 158347
1.18, 156913
1.24, 156600
1.27, 149666
1.27, 148285
1.31, 147589
1.31, 146328
1.31, 144051
1.31, 136706
1.34, 134917
1.36, 134880
1.36, 131195
1.36, 130834
1.37, 129196
1.37, 125533
1.37, 124359
1.37, 124171
1.37, 123505
1.37, 122203
1.37, 121238
1.37, 119126
1.40, 118486
1.40, 118198
1.41, 116819
1.43, 114633
1.43, 112713
1.43, 112412
1.43, 110912
1.43, 108802
1.43, 107864
1.43, 105508
1.43, 104527
1.43, 103986
1.43, 103668
1.43, 102323
1.43, 101341
1.43, 101030
1.43, 99437
1.46, 98634
1.46, 97590
1.48, 96422
1.48, 96407
1.48, 95550
1.48, 92954
1.48, 92445
1.48, 91948
1.48, 91650
1.48, 90574
1.49, 90293
1.49, 89290
1.49, 88966
1.49, 88286
1.49, 88223
1.49, 88097
1.49, 87675
1.49, 87456
1.49, 86343
1.49, 85438
1.53, 84918
1.53, 84657
1.53, 84652
1.53, 84277
1.54, 83802
1.54, 83033
1.54, 82680
1.55, 82572
1.55, 81580
1.55, 80835
1.55, 80469
1.55, 80249
1.55, 79970
1.56, 79215
1.56, 78912
1.56, 78711
1.56, 78339
1.56, 78196
1.56, 77369
1.56, 77033
1.56, 76810
1.59, 74534
1.59, 74359
1.59, 73972
1.59, 73442
1.59, 73384
1.59, 73353
1.59, 72744
1.59, 72738
1.59, 71843
1.59, 70955
1.60, 69852
1.65, 69364
1.65, 68725
1.65, 68311
1.66, 67547
1.66, 66854
1.66, 66659
1.66, 66598
1.67, 65957
1.67, 65250
1.67, 64727
1.67, 64512
1.67, 63977
1.70, 63359
1.70, 63264
1.71, 63164
1.71, 62858
1.71, 62445
1.71, 62438
1.71, 62355
1.72, 61695
1.72, 60569
1.72, 60170
1.72, 59905
1.72, 59669
1.73, 59258
1.74, 59180
1.74, 58578
1.74, 58395
1.75, 57815
1.75, 57804
1.75, 57645
1.75, 57636
1.78, 57101
1.78, 57002
1.78, 56925
1.78, 56751
1.78, 56742
1.79, 56122
1.79, 55974
1.79, 55545
1.82, 55306
1.83, 54987
2.47, 54697
12.40, 54104
17.63, 53792
