0.00, 214728
0.00, 208800
0.00, 206495
0.00, 205103
0.00, 204867
0.00, 203484
0.00, 199908
0.00, 199444
0.00, 196572
0.00, 194716
0.01, 191109
0.01, 190137
0.01, 189900
0.01, 187204
0.02, 187152
0.02, 186899
0.02, 182238
0.02, 182143
0.05, 177249
0.05, 177084
0.05, 171504
0.05, 171306
0.05, 170606
0.18, 170322
0.19, 167936
0.19, 164043
0.19, 163149
0.88, 162477
1.21, 161023
1.22, 158804
1.22, 158130
1.22, 157012
1.22, 155433
1.22, 153820
1.22, 147583
1.22, 146977
1.22, 146442
1.22, 144770
1.25, 138124
1.33, 136067
1.33, 134524
1.33, 128199
1.33, 126441
1.33, 126261
1.33, 125371
1.37, 124990
1.37, 124265
1.37, 124087
1.37, 124085
1.37, 123196
1.37, 123190
1.37, 123147
1.37, 121931
1.38, 119284
1.38, 118945
1.41, 118392
1.41, 115021
1.41, 114946
1.41, 112911
1.41, 112301
1.41, 111287
1.43, 108968
1.43, 108547
1.43, 108141
1.43, 107861
1.43, 106853
1.43, 104371
1.43, 103934
1.43, 103837
1.43, 98936
1.49, 97714
1.49, 97438
1.51, 95729
1.51, 94880
1.51, 94326
1.51, 92838
1.51, 92460
1.51, 91766
1.52, 90995
1.52, 90863
1.52, 89685
1.52, 89101
1.52, 89003
1.52, 88030
1.52, 87221
1.52, 86815
1.52, 86526
1.53, 86520
1.53, 86135
1.53, 86028
1.53, 85497
1.53, 85490
1.54, 85009
1.54, 84993
1.54, 84226
1.54, 83760
1.54, 83662
1.54, 83105
1.56, 83047
1.56, 82151
1.56, 80781
1.56, 80550
1.56, 80534
1.56, 80463
1.56, 79779
1.56, 79195
1.56, 78792
1.56, 78710
1.56, 78015
1.56, 77746
1.56, 76070
1.57, 75284
1.57, 75060
1.60, 74988
1.60, 74922
1.60, 74722
1.60, 73394
1.60, 73184
1.61, 72675
1.61, 72157
1.61, 71458
1.61, 70308
1.63, 70106
1.64, 69340
1.64, 68791
1.64, 68757
1.64, 67783
1.64, 67413
1.64, 66530
1.65, 66150
1.65, 66135
1.65, 65649
1.67, 65465
1.67, 64995
1.67, 64469
1.67, 63509
1.67, 62998
1.67, 62925
1.67, 62314
1.68, 62171
1.68, 61630
1.68, 61555
1.69, 61403
1.69, 61098
1.69, 60692
1.69, 60305
1.69, 59140
1.69, 58481
1.71, 58426
1.74, 58333
1.74, 58011
1.74, 57863
1.74, 57746
1.75, 57699
1.76, 57519
1.76, 56842
1.77, 56715
1.80, 56519
1.83, 56437
1.83, 56361
1.84, 56274
1.84, 56035
1.85, 55971
1.86, 55310
1.91, 55050
1.92, 54850
1.92, 54670
1.99, 54467
1.99, 54379
3.20, 54272
3.45, 53787
16.62, 53716
18.37, 53155
