0.00, 551713
0.00, 551659
0.00, 549635
0.00, 545810
0.00, 539842
0.00, 535660
0.00, 527071
0.00, 524174
0.00, 521091
0.00, 520897
0.00, 519786
0.00, 519220
0.00, 519074
0.00, 516617
0.00, 506823
0.00, 503105
0.00, 502850
0.00, 501340
0.00, 499085
0.01, 495452
0.01, 490568
0.01, 488438
0.01, 486982
0.02, 482970
0.09, 479462
0.09, 473950
0.09, 469806
0.09, 469752
0.09, 454802
0.25, 453371
0.25, 451679
0.25, 449874
0.27, 449196
0.27, 446901
0.27, 445409
0.27, 445341
0.27, 434971
0.27, 433470
0.27, 431688
0.27, 430971
0.27, 429468
0.27, 428708
0.27, 426648
0.28, 424428
0.28, 412164
0.28, 409329
0.28, 409009
0.28, 403910
0.28, 402694
0.28, 402299
0.28, 398346
0.28, 390280
0.29, 389682
0.29, 388444
0.29, 384832
0.29, 379227
0.29, 376182
0.30, 374989
0.30, 374920
0.30, 374307
0.30, 372765
0.30, 370184
0.30, 367504
0.30, 365848
0.30, 362335
0.30, 361144
0.30, 360455
0.30, 354446
0.30, 353365
0.30, 350949
0.30, 350883
0.31, 350644
0.31, 342035
0.31, 342021
0.31, 339281
0.31, 335359
0.31, 332477
0.31, 328101
0.31, 327407
0.31, 327301
0.32, 326638
0.32, 324934
0.32, 322374
0.32, 321959
0.32, 320872
0.32, 320417
0.32, 317753
0.32, 315461
0.32, 314472
0.32, 312675
0.32, 310602
0.32, 307823
0.32, 307381
0.32, 306909
0.32, 305952
0.32, 304465
0.32, 302693
0.32, 302348
0.32, 300145
0.32, 299508
0.32, 298862
0.33, 292806
0.33, 289780
0.33, 289075
0.33, 286968
0.33, 285578
0.33, 279833
0.33, 278900
0.33, 274344
0.33, 274039
0.33, 269777
0.33, 269399
0.33, 268607
0.33, 265865
0.33, 264591
0.33, 262139
0.33, 261896
0.33, 260741
0.33, 260054
0.33, 256093
0.33, 256016
0.33, 254081
0.33, 252425
0.33, 251640
0.33, 248971
0.33, 247548
0.33, 245450
0.33, 242381
0.33, 242318
0.33, 241197
0.33, 240393
0.33, 238311
0.33, 238278
0.34, 238267
0.34, 235241
0.34, 235186
0.34, 234530
0.34, 234338
0.34, 232734
0.34, 232574
0.34, 231450
0.34, 231206
0.34, 231076
0.34, 230848
0.34, 230194
0.34, 229624
0.34, 228269
0.34, 225017
0.34, 224236
0.34, 223492
0.34, 220651
0.34, 218988
0.34, 217693
0.34, 216185
0.34, 215813
0.34, 215233
0.34, 212604
0.34, 212379
0.34, 212198
0.34, 209723
0.34, 206428
0.35, 206049
0.35, 202810
0.35, 202096
0.35, 202044
0.35, 201635
0.35, 199554
0.35, 197080
0.35, 196777
0.35, 196447
0.35, 194301
0.35, 193900
0.35, 193494
0.35, 193252
0.35, 192328
0.35, 192023
0.35, 191848
0.35, 190525
0.35, 189382
0.35, 188956
0.36, 188944
0.36, 188406
0.36, 187840
0.36, 187812
0.36, 187677
0.36, 187538
0.36, 185866
0.36, 182708
0.36, 181422
0.36, 180987
0.36, 180949
0.36, 180869
0.36, 180144
0.36, 179344
0.36, 178708
0.36, 178488
0.36, 177579
0.37, 177515
0.37, 177282
0.37, 176665
0.37, 175414
0.37, 175171
0.37, 174664
0.37, 170023
0.37, 169440
0.37, 168126
0.37, 163922
0.37, 163565
0.37, 163352
0.37, 161684
0.37, 159732
0.37, 157942
0.37, 157622
0.37, 156478
0.37, 152475
0.37, 151951
0.37, 151584
0.37, 151276
0.37, 150284
0.37, 149830
0.37, 149628
0.37, 149048
0.38, 147697
0.38, 147574
0.38, 144235
0.38, 143825
0.38, 142790
0.38, 142363
0.38, 141480
0.38, 141242
0.38, 139924
0.38, 139735
0.38, 138105
0.39, 137555
0.39, 137021
0.39, 136281
0.39, 136246
0.39, 135587
0.39, 134845
0.39, 134712
0.40, 134193
0.40, 134101
0.40, 132404
0.40, 132142
0.40, 131733
0.40, 131617
0.40, 131567
0.40, 130913
0.40, 130516
0.40, 129657
0.40, 129551
0.40, 128492
0.41, 128431
0.41, 128293
0.41, 127895
0.41, 126886
0.41, 126838
0.42, 126304
0.42, 126292
0.42, 125721
0.43, 124960
0.43, 124764
0.43, 124752
0.45, 124117
0.45, 123629
0.45, 119502
0.45, 119490
0.46, 118982
0.46, 118313
0.55, 117981
0.55, 117216
0.57, 116869
0.58, 116244
0.60, 116067
1.68, 115468
1.69, 114489
1.69, 114354
1.70, 113670
1.71, 113483
1.73, 113097
1.73, 112763
1.74, 112646
1.74, 111994
1.75, 111004
1.75, 110886
1.75, 110475
1.78, 110364
1.81, 109964
1.87, 109614
1.88, 109114
