0.00, 604537
0.00, 600932
0.00, 589112
0.00, 589094
0.00, 581082
0.00, 580939
0.00, 578822
0.00, 578676
0.00, 572256
0.00, 571424
0.00, 562470
0.00, 558575
0.00, 543140
0.00, 541243
0.00, 537315
0.00, 536258
0.00, 532955
0.00, 529282
0.00, 524086
0.00, 522414
0.00, 520993
0.00, 517520
0.01, 515884
0.02, 515261
0.02, 510950
0.02, 509210
0.02, 498329
0.02, 496142
0.02, 492530
0.03, 492037
0.03, 491421
0.03, 491134
0.03, 491027
0.07, 479857
0.07, 479832
0.07, 472540
0.11, 470303
0.11, 465089
0.11, 464563
0.18, 463175
0.18, 460398
0.18, 459725
0.18, 459623
0.28, 458842
0.28, 458012
0.28, 456312
0.28, 456275
0.28, 456090
0.28, 446073
0.28, 444063
0.28, 438984
0.28, 438437
0.28, 438264
0.28, 436905
0.28, 435021
0.30, 426682
0.31, 425586
0.31, 423508
0.31, 423183
0.31, 421721
0.31, 421553
0.31, 419101
0.31, 413508
0.31, 413187
0.31, 412649
0.31, 409376
0.32, 402976
0.32, 398987
0.32, 395049
0.32, 387216
0.32, 384760
0.32, 378516
0.32, 377988
0.33, 374763
0.33, 370275
0.33, 364176
0.34, 362582
0.34, 361829
0.34, 361824
0.34, 361264
0.34, 360532
0.34, 360232
0.34, 356577
0.34, 355099
0.34, 348781
0.34, 345233
0.34, 330908
0.34, 330371
0.34, 330259
0.34, 328178
0.34, 328032
0.34, 327268
0.34, 324033
0.34, 321236
0.34, 321115
0.34, 316404
0.34, 316107
0.34, 315218
0.34, 314419
0.34, 311941
0.34, 309132
0.34, 308454
0.34, 302252
0.34, 299640
0.34, 297302
0.34, 296666
0.34, 295603
0.35, 292761
0.35, 291252
0.35, 285903
0.35, 285741
0.35, 284395
0.35, 283678
0.35, 278837
0.35, 278670
0.35, 275170
0.35, 274154
0.35, 272825
0.35, 271343
0.35, 270020
0.35, 263550
0.35, 263490
0.36, 258686
0.36, 258316
0.36, 258138
0.36, 256248
0.36, 256154
0.36, 255836
0.36, 254751
0.36, 253314
0.36, 252722
0.36, 251885
0.36, 251579
0.36, 249853
0.36, 248306
0.37, 246784
0.37, 245765
0.37, 244249
0.37, 243889
0.37, 242354
0.37, 241936
0.37, 241374
0.37, 241268
0.37, 241034
0.37, 237119
0.37, 237026
0.37, 234175
0.37, 233977
0.37, 233771
0.37, 228654
0.37, 227228
0.37, 224441
0.37, 221118
0.37, 220735
0.37, 219117
0.37, 217496
0.37, 217069
0.38, 215460
0.38, 215296
0.38, 215287
0.38, 214307
0.38, 211545
0.38, 211254
0.38, 210866
0.38, 210548
0.38, 204784
0.38, 204725
0.38, 204087
0.38, 203862
0.38, 202718
0.38, 201817
0.38, 200694
0.38, 199802
0.38, 199604
0.38, 196301
0.38, 193965
0.38, 189164
0.38, 187062
0.38, 186533
0.38, 185995
0.38, 185121
0.38, 184712
0.38, 183827
0.38, 183437
0.38, 182314
0.38, 181427
0.39, 180763
0.39, 180412
0.39, 179641
0.39, 178290
0.39, 177980
0.39, 176452
0.39, 176045
0.39, 175281
0.39, 174191
0.39, 173076
0.39, 169544
0.39, 168909
0.39, 168900
0.39, 168483
0.40, 167118
0.40, 167116
0.40, 166020
0.40, 165935
0.40, 165751
0.40, 165256
0.41, 165080
0.41, 164807
0.41, 160256
0.41, 159811
0.41, 159394
0.41, 158112
0.41, 158090
0.41, 157119
0.41, 156146
0.41, 156142
0.41, 155818
0.41, 155505
0.41, 155371
0.41, 154754
0.41, 154514
0.41, 153224
0.42, 151412
0.42, 151042
0.42, 150573
0.42, 150373
0.42, 150254
0.42, 149370
0.43, 146837
0.43, 145293
0.43, 143758
0.43, 143652
0.43, 141012
0.43, 140689
0.44, 140522
0.44, 137963
0.44, 137749
0.44, 136405
0.44, 136347
0.44, 133348
0.44, 133252
0.44, 133158
0.44, 132912
0.45, 132769
0.45, 132189
0.45, 132057
0.45, 131318
0.45, 131310
0.45, 129761
0.45, 129622
0.46, 127750
0.46, 127399
0.46, 127199
0.46, 126368
0.47, 126128
0.47, 124295
0.48, 123330
0.48, 122857
0.48, 122371
0.48, 122370
0.48, 121649
0.49, 121615
0.49, 120883
0.49, 120231
0.50, 119760
0.50, 119403
0.50, 119077
0.51, 118558
0.51, 118161
0.52, 117595
0.52, 117095
0.52, 116870
0.53, 116776
0.53, 115413
0.53, 115152
0.54, 114485
0.54, 113149
0.54, 112226
0.55, 111362
0.60, 111102
0.60, 110164
0.60, 109564
0.61, 109360
0.64, 108940
0.74, 108815
0.75, 108686
