0.04, 507069
0.09, 481032
0.13, 460124
0.18, 441079
0.22, 422621
0.26, 405581
0.31, 388042
0.35, 371170
0.39, 355937
0.44, 339539
0.49, 326297
0.54, 314037
0.58, 303719
0.63, 292603
0.67, 282601
0.71, 273100
0.75, 265179
0.80, 257611
0.84, 250743
0.88, 243586
0.93, 236337
0.97, 229298
1.02, 222393
1.06, 216270
1.11, 209447
1.15, 203890
1.20, 198868
1.24, 193808
1.29, 189659
1.34, 185569
1.38, 181201
1.43, 177139
1.48, 173328
1.52, 169879
1.57, 166614
1.62, 162593
1.66, 159345
1.71, 156625
1.75, 153933
1.80, 151384
1.84, 148972
1.88, 146304
1.92, 143588
1.96, 140320
2.00, 136291
2.05, 134240
2.10, 132209
2.14, 129770
2.19, 127481
2.23, 124370
2.28, 122640
2.33, 121257
2.37, 119946
2.42, 118770
2.46, 117648
2.50, 116624
2.55, 114743
2.59, 113836
2.64, 112698
2.69, 111895
2.74, 111022
2.78, 110288
2.82, 109569
2.87, 108866
2.91, 108474
2.95, 108235
3.00, 107399
3.04, 107186
3.09, 106978
3.13, 106792
3.18, 106503
3.22, 106370
3.27, 106258
3.32, 106128
3.37, 106027
3.42, 105642
3.46, 105562
3.50, 105500
3.55, 105325
3.59, 105289
3.64, 105257
3.73, 529791
3.78, 506685
3.82, 484593
3.87, 463464
3.91, 444815
3.95, 425323
4.00, 407331
4.04, 392030
4.09, 377518
4.13, 363052
4.18, 347288
4.22, 334066
4.34, 320364
4.39, 307552
4.45, 296598
4.49, 286399
4.54, 276576
4.59, 267802
4.63, 258631
4.68, 249361
4.72, 240910
4.76, 233041
4.81, 225945
4.85, 219583
4.89, 213284
4.94, 207322
4.98, 202153
5.02, 197117
5.07, 192041
5.11, 187519
5.16, 182194
5.20, 178424
5.25, 174932
5.30, 171601
5.35, 168346
5.40, 165009
5.44, 161777
5.48, 158631
5.53, 154694
5.57, 151593
5.62, 148952
5.66, 146379
5.71, 143123
5.75, 140496
5.79, 138168
5.84, 136032
5.88, 134123
5.93, 132493
5.97, 130981
6.01, 129493
6.05, 128228
6.09, 127016
6.13, 125911
6.18, 124658
6.22, 123708
6.27, 122391
6.32, 121110
6.37, 120177
6.41, 119339
6.46, 118597
6.50, 118044
6.54, 117517
6.59, 117031
6.63, 116646
6.68, 116327
6.72, 116065
6.76, 115806
6.81, 115529
6.85, 115134
6.90, 114957
6.94, 114780
6.98, 113938
7.02, 113805
7.06, 113205
7.11, 113113
7.15, 112500
7.19, 112438
7.23, 112263
7.28, 112230
7.32, 111527
7.36, 111497
7.41, 111404
7.45, 111390
7.54, 530762
7.58, 510011
7.63, 491298
7.67, 473466
7.71, 456153
7.76, 439755
7.80, 424845
7.84, 408935
7.89, 394207
7.94, 379637
7.98, 365625
8.07, 352379
8.13, 339105
8.19, 326562
8.23, 313573
8.28, 301176
8.33, 290355
8.37, 279436
8.42, 268923
8.46, 257917
8.51, 250302
8.55, 242849
8.60, 234794
8.64, 227822
8.69, 220879
8.73, 214192
8.77, 207733
8.82, 202074
8.86, 196861
8.91, 192199
8.95, 187855
8.99, 183473
9.05, 179106
9.11, 175562
9.15, 172050
9.20, 168129
9.25, 164684
9.29, 160116
9.34, 157148
9.38, 153955
9.42, 149957
9.47, 147118
9.51, 144692
9.55, 142280
9.60, 140175
9.64, 137544
9.69, 135785
9.73, 134144
9.77, 132507
9.82, 130032
9.86, 128767
9.91, 127517
9.95, 126046
10.00, 124897
10.04, 123188
10.08, 122074
10.12, 121064
10.17, 120264
10.21, 119490
10.25, 118753
10.30, 118026
10.34, 117334
10.38, 116669
10.43, 115904
10.48, 115266
10.52, 114600
10.56, 113965
10.61, 113373
10.65, 112802
10.69, 111519
10.73, 110994
10.77, 110602
10.82, 110295
10.86, 110005
10.91, 109727
10.95, 109533
11.00, 109370
11.04, 109293
11.09, 109240
11.13, 109204
11.17, 108542
11.22, 108351
11.26, 108130
11.30, 108120
11.39, 506608
11.43, 484991
11.48, 464477
11.52, 445726
11.56, 428154
11.61, 411126
11.66, 396251
11.70, 380316
11.75, 366532
11.79, 353975
11.83, 340565
11.87, 328110
11.91, 316548
11.96, 303366
11.99, 292802
12.03, 280764
12.08, 272120
12.12, 261340
12.16, 252065
12.20, 244027
12.24, 236746
12.28, 230667
12.33, 223457
12.37, 217512
12.42, 210357
12.46, 204827
12.49, 199404
12.54, 192506
12.58, 186962
12.62, 182144
12.67, 178036
12.71, 174403
12.75, 170810
12.79, 167306
12.84, 164044
12.88, 161251
12.93, 158539
12.97, 155219
13.01, 152580
13.06, 150048
13.10, 147589
13.14, 145513
13.18, 143636
13.22, 141162
13.26, 139308
13.30, 137567
13.34, 135275
13.39, 133571
13.43, 131924
13.48, 130296
13.52, 128692
13.56, 127280
13.61, 126160
13.65, 125044
13.70, 124094
13.74, 123265
13.78, 122287
13.82, 121464
13.86, 120526
13.90, 119751
13.95, 119015
13.98, 118307
14.02, 117690
14.06, 117127
14.10, 115083
14.14, 114425
14.19, 113960
14.23, 113539
14.27, 113244
14.31, 113002
14.36, 112762
14.40, 110691
14.44, 110183
14.49, 110006
14.53, 109837
14.57, 108843
14.62, 108675
14.66, 108588
14.70, 107761
14.74, 107532
14.79, 107450
14.84, 107025
14.88, 106962
14.93, 106771
14.97, 106709
15.02, 106534
15.06, 106496
15.11, 106377
15.16, 106347
15.21, 106333
15.26, 106325
