0.00, 573251
0.00, 562871
0.00, 562127
0.00, 555253
0.00, 554678
0.00, 547194
0.00, 532151
0.00, 527612
0.00, 524115
0.00, 508374
0.00, 507474
0.00, 504670
0.00, 499133
0.00, 497105
0.00, 495800
0.00, 482919
0.00, 477378
0.00, 475066
0.00, 471048
0.00, 470827
0.11, 469401
0.11, 467763
0.11, 459289
0.29, 453933
0.29, 443924
0.29, 443017
0.29, 439539
0.29, 433943
0.29, 427112
0.33, 425171
0.33, 418996
0.33, 418032
0.33, 415738
0.33, 413094
0.34, 409344
0.34, 402738
0.34, 401174
0.34, 401088
0.34, 399942
0.34, 397567
0.34, 397132
0.34, 395978
0.34, 394421
0.34, 394075
0.34, 393010
0.34, 390926
0.34, 389957
0.34, 387447
0.34, 385565
0.34, 383853
0.34, 380877
0.34, 380784
0.34, 380162
0.34, 377666
0.34, 373199
0.34, 372734
0.34, 367562
0.34, 367221
0.34, 366653
0.34, 363532
0.34, 362968
0.34, 359105
0.35, 358909
0.35, 354521
0.35, 353955
0.35, 352698
0.35, 350690
0.35, 348741
0.35, 348190
0.35, 347940
0.35, 347610
0.35, 347312
0.35, 345385
0.35, 341044
0.35, 337094
0.35, 335415
0.36, 334192
0.36, 333202
0.36, 333060
0.36, 331770
0.36, 331551
0.36, 329066
0.36, 325612
0.36, 325316
0.36, 323489
0.36, 323202
0.36, 320810
0.36, 312994
0.36, 310350
0.36, 309308
0.36, 307012
0.36, 305109
0.36, 302169
0.36, 299952
0.37, 285281
0.37, 284482
0.37, 279735
0.37, 277241
0.37, 276970
0.37, 276938
0.37, 269915
0.37, 263546
0.37, 262868
0.37, 261985
0.37, 261123
0.37, 260255
0.38, 258039
0.38, 257993
0.38, 257822
0.38, 257722
0.38, 257041
0.38, 253279
0.38, 252642
0.38, 252334
0.38, 248375
0.38, 247291
0.38, 245611
0.38, 245401
0.38, 239872
0.38, 238802
0.38, 237983
0.38, 237191
0.38, 235372
0.38, 230079
0.38, 229946
0.38, 229802
0.38, 229785
0.38, 228983
0.38, 227892
0.38, 227878
0.38, 227620
0.38, 227566
0.38, 226945
0.38, 226554
0.39, 224653
0.39, 224398
0.39, 224372
0.39, 218336
0.39, 216598
0.39, 216210
0.39, 215911
0.39, 215756
0.39, 213136
0.39, 211961
0.39, 211664
0.39, 210573
0.39, 206948
0.39, 204761
0.39, 204305
0.39, 203601
0.39, 201873
0.40, 200190
0.40, 199793
0.40, 199249
0.40, 198538
0.40, 197940
0.40, 197883
0.40, 195188
0.40, 195131
0.41, 193930
0.41, 192783
0.41, 191571
0.41, 190234
0.41, 187592
0.41, 184971
0.41, 182140
0.41, 181403
0.41, 180885
0.41, 180212
0.41, 179802
0.41, 177031
0.41, 175728
0.41, 175431
0.41, 175158
0.41, 169991
0.41, 169244
0.42, 168983
0.42, 168857
0.42, 168620
0.42, 167243
0.42, 167048
0.42, 164465
0.42, 159010
0.42, 158603
0.42, 157223
0.42, 157162
0.42, 156391
0.42, 155951
0.42, 154866
0.42, 154734
0.42, 153755
0.42, 153298
0.43, 152678
0.43, 151232
0.43, 150145
0.43, 148325
0.43, 145135
0.44, 143475
0.44, 141710
0.44, 140931
0.44, 140366
0.44, 140249
0.44, 138952
0.44, 138761
0.44, 137504
0.45, 136597
0.45, 136540
0.45, 135971
0.45, 135691
0.45, 135362
0.46, 134574
0.46, 134492
0.46, 134205
0.46, 133034
0.46, 133029
0.47, 132362
0.47, 131054
0.47, 128905
0.47, 128676
0.47, 127670
0.48, 126923
0.48, 126199
0.48, 126068
0.48, 125757
0.48, 123869
0.49, 123854
0.49, 122211
0.50, 121368
0.50, 121012
0.50, 120119
0.51, 119946
0.53, 119377
0.54, 118791
0.61, 117943
0.62, 114802
0.65, 114794
0.66, 114639
0.68, 114593
0.68, 113993
0.79, 113944
3.21, 113773
3.21, 112310
3.27, 111992
