0.00, 514401
0.00, 509246
0.00, 508702
0.00, 505335
0.00, 505117
0.00, 503240
0.00, 497951
0.00, 495521
0.00, 491012
0.00, 486727
0.00, 485178
0.01, 484157
0.04, 481482
0.04, 474049
0.04, 472773
0.04, 472273
0.04, 472010
0.04, 468365
0.04, 467557
0.04, 467157
0.04, 467002
0.16, 462918
0.24, 461304
0.24, 459574
0.24, 454193
0.24, 451576
0.24, 449641
0.24, 446747
0.24, 446475
0.24, 438922
0.24, 425734
0.30, 424581
0.30, 422287
0.30, 421118
0.30, 419077
0.30, 411938
0.30, 409334
0.31, 408289
0.31, 407019
0.31, 406998
0.31, 405001
0.31, 402803
0.31, 402770
0.31, 401445
0.31, 395971
0.31, 391988
0.31, 390949
0.31, 384446
0.31, 384260
0.31, 376582
0.31, 375862
0.31, 367794
0.31, 367594
0.31, 364369
0.31, 362336
0.31, 357508
0.31, 355529
0.31, 353426
0.31, 353340
0.32, 352691
0.32, 348267
0.32, 338221
0.32, 336236
0.33, 334926
0.33, 331204
0.33, 331053
0.33, 329211
0.33, 328535
0.33, 327272
0.33, 326748
0.33, 325517
0.33, 324052
0.33, 322314
0.33, 313706
0.33, 313456
0.33, 312508
0.34, 309426
0.34, 308618
0.34, 306012
0.34, 303842
0.34, 303072
0.34, 299892
0.34, 299516
0.34, 295949
0.34, 290700
0.34, 290442
0.34, 287506
0.34, 285651
0.34, 285574
0.34, 279995
0.34, 279561
0.34, 278629
0.34, 277668
0.34, 277614
0.34, 276693
0.34, 276259
0.34, 272583
0.34, 269345
0.34, 268037
0.35, 267998
0.35, 267703
0.35, 266456
0.35, 263511
0.35, 262122
0.35, 262021
0.35, 261177
0.35, 256273
0.35, 252070
0.35, 247633
0.35, 247041
0.35, 242208
0.35, 241708
0.35, 240573
0.35, 240032
0.35, 238805
0.35, 238545
0.35, 238503
0.35, 236412
0.35, 233255
0.35, 233233
0.36, 230027
0.36, 229085
0.36, 227808
0.36, 224088
0.36, 223788
0.36, 222476
0.36, 222065
0.36, 221850
0.36, 220861
0.36, 219350
0.36, 217854
0.37, 215574
0.37, 215493
0.37, 215015
0.37, 213395
0.37, 211657
0.37, 209799
0.37, 208001
0.37, 207640
0.37, 202796
0.37, 202636
0.37, 202259
0.37, 201202
0.37, 199675
0.37, 198689
0.37, 198625
0.38, 197685
0.38, 197631
0.38, 197100
0.38, 194344
0.38, 193582
0.38, 192543
0.38, 191148
0.38, 191144
0.38, 191005
0.38, 190252
0.38, 189224
0.38, 189081
0.38, 189045
0.38, 186600
0.38, 186332
0.38, 183802
0.38, 182278
0.38, 181134
0.38, 180895
0.38, 179864
0.39, 179797
0.39, 179261
0.39, 178061
0.39, 178012
0.39, 174732
0.39, 172003
0.39, 168539
0.39, 167358
0.39, 166452
0.39, 166261
0.39, 165102
0.39, 164685
0.39, 163971
0.39, 162808
0.39, 162048
0.39, 161866
0.39, 157928
0.39, 155626
0.40, 155593
0.40, 155324
0.40, 154504
0.40, 154210
0.40, 152760
0.40, 152595
0.40, 152244
0.41, 152069
0.42, 151922
0.42, 151298
0.42, 150037
0.42, 149129
0.42, 147485
0.42, 147210
0.42, 147184
0.42, 147165
0.42, 146814
0.42, 145881
0.42, 143903
0.42, 143723
0.42, 143537
0.42, 142958
0.42, 142490
0.42, 141609
0.43, 139607
0.43, 139281
0.43, 139020
0.44, 138154
0.45, 136993
0.45, 136399
0.45, 135548
0.46, 135274
0.46, 134587
0.47, 134000
0.47, 133920
0.47, 133863
0.47, 133616
0.47, 132969
0.48, 132663
0.48, 132540
0.48, 131779
0.48, 131634
0.49, 131568
0.49, 130959
0.50, 130820
0.50, 130111
0.51, 129003
0.51, 127761
0.52, 127153
0.54, 126976
0.54, 126877
0.54, 126774
0.54, 126722
0.54, 125880
0.55, 125745
0.55, 125506
0.55, 123859
0.55, 123168
0.57, 121668
0.57, 121118
0.57, 120519
0.57, 120236
0.57, 119976
0.58, 119901
0.59, 119050
0.59, 118763
0.61, 118404
0.71, 118077
1.87, 117532
1.87, 116210
1.90, 115903
1.92, 114494
1.97, 114371
1.97, 112777
1.99, 112357
2.02, 111971
2.20, 111780
2.30, 111559
2.54, 110950
3.87, 110236
3.88, 109972
3.89, 109208
3.92, 109056
3.99, 108963
4.03, 108912
4.05, 108244
4.06, 107883
4.06, 107163
