0.04, 533433
0.08, 508930
0.12, 486441
0.16, 469794
0.20, 453445
0.23, 437741
0.28, 422645
0.32, 408839
0.36, 395115
0.40, 380144
0.43, 366340
0.47, 351615
0.51, 340422
0.55, 330490
0.58, 320404
0.62, 310229
0.66, 300184
0.70, 290141
0.74, 281718
0.77, 273530
0.81, 265452
0.85, 257532
0.89, 249507
0.93, 242421
0.97, 235545
1.01, 229035
1.05, 222854
1.09, 216435
1.13, 210406
1.17, 204628
1.21, 199533
1.25, 194923
1.28, 190395
1.32, 186137
1.36, 182078
1.40, 178272
1.44, 174591
1.48, 171217
1.52, 168136
1.56, 165352
1.60, 162831
1.64, 160311
1.68, 157953
1.72, 154530
1.76, 152253
1.80, 150308
1.83, 148365
1.87, 146545
1.91, 144546
1.95, 142852
1.99, 139972
2.03, 137785
2.07, 135741
2.10, 134010
2.14, 132365
2.18, 130414
2.22, 128496
2.26, 127045
2.30, 125771
2.34, 123244
2.38, 122028
2.43, 120999
2.47, 120072
2.50, 119188
2.55, 118324
2.59, 117478
2.63, 116634
2.67, 115543
2.71, 114804
2.74, 114101
2.78, 113493
2.82, 112786
2.86, 112187
2.89, 111660
2.93, 111182
2.97, 110734
3.01, 110309
3.05, 109924
3.09, 109573
3.13, 109243
3.17, 109045
3.21, 108848
3.25, 108417
3.29, 108233
3.32, 108091
3.36, 108029
3.40, 107854
3.44, 107802
3.47, 107766
3.51, 107211
3.55, 107186
3.59, 107168
3.67, 576821
3.71, 551442
3.74, 526800
3.78, 502231
3.82, 479974
3.86, 458613
3.89, 438760
3.93, 419791
3.97, 401598
4.01, 386696
4.05, 372009
4.09, 358036
4.12, 345008
4.16, 332713
4.20, 320682
4.23, 308877
4.27, 297929
4.31, 287590
4.35, 277303
4.39, 266667
4.43, 256904
4.47, 247565
4.51, 238201
4.54, 230432
4.59, 222874
4.63, 216916
4.67, 209732
4.71, 203900
4.75, 199110
4.79, 194599
4.83, 190085
4.87, 185728
4.91, 181444
4.95, 177635
4.98, 174038
5.02, 169624
5.06, 166681
5.10, 163539
5.13, 160794
5.17, 157680
5.21, 153426
5.25, 150900
5.29, 148657
5.33, 146450
5.36, 144395
5.40, 142440
5.44, 140525
5.48, 138671
5.52, 136990
5.56, 134860
5.60, 132417
5.63, 130834
5.67, 129300
5.71, 127184
5.75, 124955
5.78, 123441
5.83, 121579
5.87, 119999
5.90, 118541
5.94, 117095
5.98, 115683
6.02, 114299
6.06, 112797
6.09, 111423
6.13, 110240
6.18, 109467
6.21, 108737
6.26, 107409
6.30, 106782
6.33, 106259
6.37, 105929
6.41, 105607
6.45, 105374
6.49, 104965
6.53, 104741
6.57, 104531
6.60, 103470
6.64, 102798
6.68, 102623
6.72, 102538
6.76, 101994
6.80, 101716
6.84, 101689
6.88, 101675
6.95, 481590
7.00, 458932
7.03, 438891
7.07, 419559
7.11, 400693
7.15, 384089
7.19, 369989
7.23, 354816
7.28, 340899
7.32, 327790
7.37, 315401
7.42, 303089
7.46, 291218
7.51, 280432
7.55, 271011
7.59, 262771
7.63, 253673
7.68, 245546
7.72, 238702
7.77, 231402
7.81, 224191
7.86, 217662
7.90, 211177
7.94, 204885
7.99, 199834
8.03, 194166
8.08, 189150
8.12, 183404
8.17, 178756
8.21, 175071
8.25, 171535
8.29, 167665
8.33, 163320
8.36, 160181
8.40, 156814
8.44, 150633
8.48, 147784
8.52, 145043
8.57, 142496
8.61, 139996
8.65, 137650
8.69, 135133
8.74, 132891
8.78, 130661
8.82, 128750
8.86, 126871
8.90, 125230
8.94, 123717
8.99, 122320
9.03, 121052
9.08, 119807
9.12, 117840
9.16, 116649
9.20, 115659
9.23, 114786
9.27, 113962
9.31, 113155
9.35, 112403
9.39, 111682
9.43, 111090
9.47, 110546
9.51, 110005
9.55, 109475
9.58, 109015
9.62, 108609
9.66, 108240
9.69, 107715
9.73, 107388
9.77, 107066
9.81, 106747
9.85, 106441
9.89, 106085
9.92, 105807
9.96, 105769
10.01, 105600
10.05, 105021
10.08, 104727
10.16, 531415
10.20, 505671
10.23, 483619
10.27, 463846
10.31, 444564
10.35, 425736
10.39, 407218
10.42, 390286
10.46, 375921
10.50, 360264
10.54, 346093
10.58, 332165
10.61, 319525
10.65, 307138
10.69, 294841
10.73, 282966
10.77, 271311
10.82, 261299
10.86, 252887
10.90, 243264
10.94, 236580
10.98, 230065
11.02, 223297
11.06, 218268
11.11, 212720
11.15, 208052
11.19, 203517
11.22, 197976
11.26, 193542
11.30, 189805
11.35, 185294
11.38, 181290
11.43, 177742
11.46, 174209
11.50, 169917
11.54, 166651
11.58, 163550
11.62, 160484
11.65, 157522
11.70, 154802
11.74, 152216
11.77, 149757
11.81, 147354
11.85, 145051
11.89, 143052
11.92, 141091
11.96, 138576
12.00, 136624
12.04, 134689
12.08, 132764
12.11, 130862
12.15, 128426
12.19, 126572
12.23, 124735
12.27, 122981
12.31, 121324
12.35, 119502
12.38, 117924
12.42, 116549
12.46, 115183
12.50, 113899
12.54, 112637
12.58, 111404
12.62, 110623
12.66, 109857
12.69, 107793
12.73, 107056
12.77, 106476
12.81, 105976
12.84, 105402
12.88, 104924
12.93, 104558
12.97, 104202
13.02, 104006
13.06, 103840
13.10, 103778
13.14, 103603
13.18, 103589
13.23, 103581
