0.04, 555179
0.09, 532320
0.13, 511234
0.17, 490245
0.22, 471577
0.26, 453221
0.30, 435237
0.35, 418036
0.39, 401471
0.43, 385214
0.48, 369054
0.52, 353762
0.57, 340100
0.61, 327015
0.66, 313776
0.71, 303233
0.75, 292775
0.80, 283372
0.84, 274147
0.88, 264773
0.93, 256450
0.98, 248268
1.02, 239922
1.06, 232254
1.11, 224634
1.15, 216481
1.20, 209685
1.25, 203490
1.29, 197612
1.34, 191817
1.38, 186784
1.43, 181916
1.48, 177462
1.52, 173187
1.57, 169298
1.61, 166274
1.66, 163259
1.71, 160320
1.76, 156211
1.80, 153560
1.85, 151056
1.89, 148557
1.94, 145844
1.98, 141665
2.03, 139375
2.07, 137146
2.11, 134919
2.16, 131120
2.20, 129086
2.24, 127323
2.29, 124235
2.33, 122526
2.37, 121114
2.42, 119917
2.46, 118746
2.50, 117720
2.54, 116879
2.58, 115842
2.62, 114241
2.67, 113541
2.71, 112686
2.75, 111447
2.79, 110756
2.83, 110226
2.88, 109711
2.92, 109240
2.97, 108813
3.01, 107085
3.05, 106663
3.10, 106291
3.14, 106116
3.19, 105948
3.23, 105788
3.28, 105695
3.32, 105610
3.36, 104958
3.41, 104878
3.45, 104815
3.49, 104624
3.57, 535350
3.62, 510602
3.66, 487241
3.70, 465972
3.75, 444683
3.79, 426461
3.84, 409202
3.88, 393371
3.93, 378793
3.97, 365430
4.02, 352302
4.06, 340126
4.10, 328178
4.15, 316197
4.19, 305827
4.24, 295726
4.28, 286084
4.32, 276236
4.37, 267171
4.41, 258542
4.46, 250437
4.50, 240245
4.55, 233048
4.60, 225975
4.64, 219182
4.69, 213029
4.73, 206944
4.78, 201528
4.82, 196453
4.86, 191891
4.91, 187483
4.95, 183146
4.99, 178791
5.03, 174583
5.07, 170728
5.11, 166985
5.16, 163020
5.20, 159334
5.25, 155905
5.29, 152578
5.34, 149362
5.38, 146505
5.42, 143671
5.47, 139994
5.51, 137227
5.55, 135205
5.59, 133410
5.63, 131655
5.67, 129797
5.72, 128125
5.76, 126474
5.81, 124912
5.85, 123373
5.90, 121935
5.95, 120537
5.99, 119157
6.03, 117910
6.08, 116772
6.12, 115776
6.16, 114752
6.20, 113890
6.24, 113036
6.29, 112223
6.33, 111411
6.37, 110604
6.41, 109881
6.45, 109315
6.49, 107903
6.53, 107376
6.57, 107025
6.62, 106883
6.66, 106742
6.71, 106234
6.75, 106121
6.84, 566374
6.88, 542603
6.92, 520108
6.97, 498290
7.01, 476809
7.05, 456178
7.10, 438286
7.14, 420471
7.18, 403826
7.23, 387311
7.27, 371014
7.32, 355425
7.36, 341958
7.40, 328807
7.44, 316407
7.49, 305818
7.53, 295359
7.58, 285234
7.62, 275479
7.67, 265923
7.71, 258161
7.76, 250997
7.81, 240841
7.85, 232823
7.89, 226346
7.94, 220012
7.98, 213890
8.03, 207109
8.07, 201415
8.11, 195099
8.16, 189929
8.20, 184839
8.25, 179931
8.29, 175686
8.34, 171629
8.38, 168045
8.42, 164359
8.47, 159872
8.51, 156631
8.55, 153888
8.59, 150297
8.64, 147603
8.68, 145014
8.72, 142447
8.76, 140120
8.80, 137902
8.84, 134975
8.89, 132891
8.93, 130821
8.97, 128843
9.02, 126902
9.06, 125317
9.10, 123769
9.14, 122314
9.18, 120940
9.22, 119657
9.26, 118400
9.30, 117213
9.35, 116076
9.39, 115339
9.43, 114665
9.47, 114028
9.52, 113664
9.56, 113000
9.60, 112084
9.64, 111491
9.69, 111200
9.72, 110948
9.76, 110727
9.80, 110519
9.84, 109224
9.88, 109037
9.93, 108888
10.02, 554680
10.06, 532804
10.10, 513722
10.15, 495285
10.19, 478328
10.24, 461404
10.28, 445109
10.32, 429536
10.36, 414380
10.40, 399736
10.44, 385330
10.49, 372455
10.53, 359925
10.58, 347792
10.62, 334937
10.67, 321862
10.71, 309546
10.76, 299005
10.80, 288837
10.85, 278853
10.89, 268922
10.93, 259405
10.97, 250072
11.02, 241666
11.06, 234012
11.11, 226274
11.15, 219230
11.19, 213589
11.24, 208025
11.28, 203253
11.33, 198633
11.37, 194205
11.41, 189798
11.46, 185442
11.50, 181200
11.55, 177131
11.59, 173410
11.63, 169706
11.67, 165025
11.71, 161416
11.76, 158265
11.80, 155212
11.85, 151950
11.89, 149299
11.94, 146781
11.98, 144105
12.02, 141588
12.07, 139376
12.11, 137405
12.15, 135691
12.20, 134072
12.24, 132696
12.28, 129951
12.33, 128600
12.37, 127399
12.41, 125281
12.46, 124146
12.50, 123019
12.54, 121902
12.59, 120827
12.63, 119780
12.67, 118800
12.72, 117547
12.76, 116608
12.81, 115746
12.85, 114994
12.89, 114351
12.94, 113714
12.98, 113243
13.02, 112786
13.06, 112304
13.11, 110847
13.15, 110234
13.20, 109878
13.24, 109593
13.28, 109364
13.33, 109186
13.37, 109017
13.42, 108937
13.46, 108863
