0.00, 557245
0.00, 554343
0.00, 551870
0.00, 548685
0.00, 540690
0.00, 538406
0.00, 536808
0.00, 535387
0.00, 535217
0.00, 531787
0.00, 522557
0.00, 522246
0.00, 520941
0.00, 520731
0.00, 520170
0.00, 512175
0.00, 510140
0.00, 509268
0.01, 509216
0.01, 508754
0.01, 507470
0.01, 488831
0.03, 484454
0.03, 483430
0.03, 483029
0.03, 482163
0.03, 481903
0.03, 481551
0.07, 479713
0.07, 479568
0.07, 476926
0.07, 475951
0.11, 470438
0.11, 469550
0.14, 465004
0.14, 458919
0.22, 455706
0.26, 455600
0.26, 452450
0.29, 450265
0.29, 449926
0.29, 449456
0.29, 447799
0.29, 440799
0.29, 436235
0.29, 436234
0.29, 434184
0.29, 429973
0.29, 428553
0.31, 414919
0.31, 414873
0.31, 414507
0.31, 408739
0.31, 407730
0.31, 396041
0.31, 395282
0.31, 394401
0.31, 392871
0.32, 391913
0.32, 391176
0.32, 390945
0.32, 390675
0.32, 389874
0.32, 381990
0.32, 378651
0.32, 377696
0.32, 377631
0.32, 374041
0.32, 369856
0.32, 367947
0.32, 364973
0.32, 356960
0.32, 355172
0.32, 354182
0.32, 353411
0.32, 348005
0.34, 344498
0.34, 339452
0.34, 339446
0.34, 339427
0.34, 334074
0.34, 328689
0.34, 328332
0.34, 328280
0.34, 327423
0.34, 326897
0.34, 325736
0.34, 325152
0.34, 324463
0.34, 323674
0.34, 319749
0.34, 314469
0.34, 311640
0.34, 309861
0.34, 309609
0.35, 307526
0.35, 300518
0.35, 298345
0.35, 297798
0.35, 289651
0.35, 286476
0.35, 285748
0.35, 285579
0.35, 284638
0.35, 281907
0.35, 279259
0.35, 274968
0.35, 271394
0.35, 267740
0.35, 267012
0.35, 266975
0.35, 266008
0.36, 264106
0.36, 262799
0.36, 257512
0.36, 256456
0.36, 254776
0.36, 253230
0.36, 253002
0.36, 250623
0.36, 248122
0.36, 245070
0.36, 243844
0.36, 242387
0.36, 240827
0.36, 239227
0.36, 230740
0.36, 229087
0.36, 227626
0.36, 227404
0.36, 225733
0.36, 223235
0.36, 221021
0.36, 220763
0.36, 220115
0.36, 218335
0.36, 216680
0.36, 216466
0.36, 214819
0.36, 212340
0.36, 210005
0.36, 209044
0.36, 208024
0.36, 207816
0.37, 207786
0.37, 206736
0.37, 204767
0.37, 203626
0.37, 200649
0.37, 198893
0.37, 198543
0.37, 198367
0.37, 197821
0.37, 197113
0.37, 196896
0.37, 193608
0.37, 193557
0.38, 192223
0.38, 187273
0.38, 186687
0.38, 186194
0.38, 185820
0.38, 185514
0.38, 185477
0.38, 184294
0.38, 183067
0.38, 182801
0.38, 181883
0.38, 181655
0.38, 180562
0.38, 179965
0.38, 178923
0.38, 176707
0.39, 175214
0.39, 173291
0.39, 172955
0.39, 171810
0.39, 171733
0.39, 171220
0.39, 170527
0.39, 169233
0.39, 167693
0.39, 166658
0.39, 164024
0.39, 163770
0.39, 162980
0.39, 162908
0.39, 162574
0.40, 161718
0.40, 161529
0.40, 159966
0.40, 159457
0.40, 158525
0.40, 156282
0.40, 156024
0.40, 150125
0.40, 149915
0.40, 148459
0.41, 148124
0.41, 147972
0.41, 147791
0.41, 145569
0.41, 145562
0.41, 143254
0.41, 143240
0.41, 142874
0.41, 141202
0.42, 140760
0.42, 140692
0.42, 139993
0.42, 139435
0.42, 138966
0.43, 138516
0.43, 138351
0.43, 137602
0.43, 137556
0.43, 137342
0.43, 137143
0.43, 135712
0.43, 135241
0.43, 135073
0.43, 134334
0.43, 133881
0.43, 132884
0.44, 132497
0.44, 131945
0.44, 131378
0.44, 128870
0.45, 126830
0.45, 126085
0.46, 124299
0.46, 123969
0.46, 122063
0.46, 121801
0.47, 121429
0.49, 121044
0.49, 120395
0.50, 119863
0.50, 119732
0.51, 119371
0.52, 118609
0.52, 118602
0.52, 117581
0.53, 117172
0.53, 116227
0.53, 116040
0.54, 115737
0.54, 114625
0.55, 113278
0.58, 113101
0.61, 112750
0.61, 112709
0.64, 112450
0.65, 112405
0.67, 111897
0.69, 111466
0.70, 111452
0.70, 111091
0.86, 110883
