0.04, 532621
0.09, 507033
0.12, 485548
0.17, 463332
0.21, 441499
0.25, 421443
0.29, 401540
0.33, 382531
0.37, 364962
0.41, 349901
0.45, 336949
0.49, 322167
0.53, 310433
0.58, 299797
0.63, 290329
0.67, 280943
0.72, 272140
0.76, 263367
0.80, 255895
0.84, 248831
0.88, 242250
0.92, 235386
0.96, 228867
1.00, 222251
1.05, 216264
1.09, 210301
1.14, 204458
1.18, 198687
1.23, 193901
1.27, 188575
1.32, 183879
1.36, 179652
1.41, 175428
1.45, 171385
1.50, 167555
1.54, 164404
1.59, 161197
1.63, 158096
1.67, 155196
1.72, 152202
1.77, 149836
1.81, 147638
1.86, 145510
1.90, 143394
1.94, 141369
1.98, 139194
2.03, 137415
2.07, 135726
2.11, 134042
2.16, 132469
2.20, 130919
2.24, 128853
2.29, 127317
2.33, 124632
2.37, 123099
2.43, 121625
2.47, 120212
2.51, 118861
2.55, 117577
2.59, 116396
2.63, 115218
2.67, 114050
2.71, 113117
2.76, 112263
2.79, 111573
2.83, 110915
2.87, 110292
2.91, 109816
2.95, 109345
2.98, 108888
3.02, 108446
3.06, 108024
3.10, 107658
3.13, 107313
3.18, 107105
3.22, 106930
3.26, 106799
3.30, 106705
3.34, 105968
3.38, 105906
3.41, 105731
3.45, 105695
3.53, 585446
3.57, 563568
3.61, 542961
3.66, 522665
3.70, 503946
3.74, 485379
3.78, 467047
3.82, 449319
3.86, 432273
3.90, 417015
3.94, 402303
3.98, 386922
4.02, 371667
4.06, 356909
4.10, 344612
4.14, 332490
4.18, 320719
4.22, 309553
4.26, 299280
4.31, 289952
4.35, 281302
4.39, 270098
4.44, 261488
4.48, 253110
4.52, 244851
4.55, 237091
4.59, 229880
4.64, 223515
4.68, 217631
4.72, 212049
4.75, 206485
4.79, 201450
4.83, 196553
4.88, 192178
4.92, 187954
4.96, 183935
5.00, 179444
5.04, 175612
5.08, 171789
5.12, 168054
5.17, 164088
5.21, 160763
5.25, 157565
5.29, 154699
5.33, 152241
5.37, 149793
5.41, 147513
5.46, 145396
5.49, 143510
5.53, 140610
5.58, 138833
5.62, 137134
5.66, 135183
5.70, 133581
5.75, 132205
5.79, 130676
5.83, 129308
5.86, 128078
5.91, 126632
5.95, 125417
5.99, 124216
6.03, 123108
6.07, 122031
6.11, 120815
6.15, 119740
6.18, 118814
6.22, 117907
6.26, 117048
6.30, 116276
6.33, 115735
6.37, 115212
6.41, 114704
6.45, 114239
6.48, 113794
6.52, 113136
6.56, 112741
6.60, 112434
6.65, 111584
6.69, 111281
6.73, 111102
6.77, 110635
6.81, 110583
6.85, 110231
6.89, 108582
6.98, 548200
7.02, 523924
7.06, 501098
7.10, 479075
7.14, 456632
7.18, 435731
7.22, 415797
7.26, 398546
7.30, 382092
7.34, 366392
7.38, 351699
7.42, 338427
7.46, 322404
7.50, 309979
7.54, 298375
7.58, 283735
7.62, 273390
7.67, 262859
7.71, 253458
7.75, 245066
7.80, 237116
7.84, 230425
7.88, 223791
7.92, 217193
7.97, 211252
8.01, 205380
8.06, 199196
8.10, 193936
8.15, 188697
8.19, 184280
8.23, 178870
8.28, 174528
8.32, 170863
8.36, 167480
8.40, 164302
8.44, 160612
8.48, 157435
8.52, 154616
8.56, 152233
8.60, 149903
8.65, 147806
8.69, 145788
8.73, 143877
8.77, 142044
8.82, 140038
8.85, 138239
8.89, 136525
8.93, 134910
8.97, 132559
9.02, 131336
9.06, 129413
9.10, 128212
9.14, 126625
9.18, 124813
9.22, 123722
9.26, 122354
9.30, 121475
9.35, 120269
9.40, 119404
9.44, 118558
9.49, 117725
9.53, 116900
9.58, 116126
9.62, 115362
9.67, 114132
9.71, 113404
9.75, 112679
9.80, 111955
9.84, 111283
9.89, 110627
9.93, 110073
9.98, 109707
10.02, 109404
10.06, 109110
10.09, 108666
10.14, 108441
10.18, 108328
10.22, 108215
10.26, 108157
10.30, 107607
10.34, 106628
10.42, 545469
10.46, 523103
10.50, 500979
10.54, 479242
10.58, 459628
10.62, 442931
10.66, 425088
10.70, 408500
10.74, 393587
10.79, 377137
10.83, 362113
10.87, 347739
10.90, 336681
10.94, 324315
10.98, 313424
11.02, 302535
11.06, 291718
11.10, 281339
11.15, 271019
11.19, 260546
11.23, 252071
11.27, 243318
11.31, 235265
11.35, 227632
11.39, 220304
11.43, 214379
11.47, 207756
11.51, 201267
11.55, 196388
11.59, 192143
11.63, 187913
11.67, 183504
11.71, 179300
11.75, 175157
11.79, 171064
11.83, 167172
11.87, 163580
11.90, 159990
11.94, 155213
11.98, 151928
12.02, 149233
12.06, 146660
12.09, 144302
12.13, 141965
12.17, 139918
12.21, 138290
12.25, 136901
12.30, 135579
12.33, 134276
12.37, 132269
12.41, 131053
12.46, 129843
12.50, 127989
12.54, 127011
12.59, 125890
12.63, 124967
12.67, 124104
12.71, 123268
12.76, 122032
12.80, 121196
12.84, 120389
12.88, 119622
12.92, 118834
12.96, 118099
13.00, 117400
13.04, 116760
13.09, 115829
13.13, 115227
13.17, 114678
13.22, 114197
13.26, 113753
13.30, 113316
13.33, 112474
13.38, 112067
13.42, 111700
13.45, 110146
13.49, 109915
13.54, 109071
13.58, 108850
13.62, 108671
13.65, 108058
13.69, 107881
13.73, 107359
13.78, 107267
13.82, 107229
