0.04, 485285
0.08, 459365
0.12, 437869
0.17, 417813
0.20, 400550
0.24, 381628
0.28, 366409
0.32, 352405
0.36, 338855
0.40, 327431
0.44, 316193
0.48, 305629
0.52, 295289
0.56, 284236
0.61, 273909
0.66, 265799
0.71, 258032
0.76, 250193
0.80, 243058
0.85, 236332
0.89, 230438
0.94, 224591
0.99, 218758
1.03, 213313
1.08, 207490
1.13, 202142
1.17, 196979
1.22, 191818
1.26, 187036
1.31, 182021
1.36, 177545
1.40, 173140
1.45, 168915
1.49, 164692
1.54, 161022
1.59, 157695
1.63, 154654
1.68, 151038
1.72, 148400
1.77, 145949
1.82, 143530
1.87, 141285
1.92, 137742
1.97, 135800
2.01, 134172
2.06, 130938
2.10, 129315
2.15, 127734
2.19, 126330
2.23, 125033
2.27, 123765
2.32, 122580
2.36, 121649
2.41, 120252
2.45, 119363
2.50, 116781
2.54, 115669
2.58, 114798
2.63, 113986
2.66, 113212
2.71, 112471
2.75, 111719
2.79, 111060
2.83, 110453
2.87, 110087
2.91, 109726
2.96, 109399
3.01, 109157
3.05, 108966
3.10, 108745
3.14, 108615
3.19, 107894
3.23, 107547
3.27, 107122
3.31, 106143
3.39, 539859
3.43, 516859
3.47, 491784
3.51, 470470
3.55, 450981
3.59, 433083
3.64, 415853
3.68, 398890
3.73, 382568
3.77, 366852
3.81, 353369
3.86, 339968
3.90, 328556
3.94, 316973
3.98, 306197
4.02, 294889
4.07, 284483
4.11, 275129
4.16, 267092
4.20, 259175
4.25, 249330
4.29, 241842
4.34, 234492
4.38, 226534
4.42, 219706
4.46, 212986
4.50, 206794
4.54, 200995
4.58, 196057
4.63, 189937
4.67, 185266
4.72, 181224
4.76, 177519
4.80, 173967
4.85, 170453
4.90, 167269
4.94, 163750
4.99, 160684
5.03, 157968
5.08, 155290
5.12, 152662
5.17, 150107
5.22, 146822
5.26, 144427
5.30, 142226
5.35, 139726
5.39, 137536
5.44, 135646
5.48, 133877
5.52, 132163
5.56, 130478
5.61, 128991
5.65, 127511
5.69, 126066
5.74, 124134
5.79, 122790
5.84, 121497
5.89, 120276
5.93, 119263
5.98, 118254
6.02, 117314
6.07, 116394
6.11, 115658
6.15, 114967
6.19, 114277
6.23, 113616
6.28, 113011
6.32, 112003
6.36, 111449
6.41, 110978
6.45, 110513
6.51, 110076
6.56, 109739
6.60, 108903
6.65, 108574
6.69, 107991
6.74, 107688
6.78, 107496
6.83, 107296
6.87, 107202
6.91, 107122
6.96, 107060
7.00, 106885
7.05, 106664
7.09, 106628
7.14, 106610
7.18, 105458
7.23, 103867
7.32, 558308
7.36, 533448
7.41, 512168
7.45, 491020
7.49, 469989
7.54, 451138
7.58, 432545
7.62, 415162
7.67, 400247
7.71, 385510
7.76, 371691
7.81, 357948
7.85, 344786
7.89, 331930
7.94, 319300
7.98, 306831
8.03, 296444
8.07, 284342
8.11, 274192
8.16, 263407
8.20, 253533
8.24, 243865
8.29, 234849
8.34, 226829
8.38, 218482
8.43, 211216
8.47, 203849
8.52, 197740
8.56, 192512
8.60, 186840
8.65, 181025
8.70, 176362
8.74, 172236
8.78, 168121
8.83, 164299
8.87, 160409
8.92, 156839
8.96, 152483
9.01, 149529
9.05, 146794
9.09, 144355
9.14, 142260
9.18, 139964
9.23, 137974
9.27, 136062
9.32, 133230
9.36, 131532
9.41, 129941
9.45, 128354
9.50, 126915
9.54, 125567
9.58, 124231
9.62, 122903
9.67, 121629
9.71, 120344
9.76, 119077
9.80, 117486
9.84, 116501
9.89, 115689
9.93, 114809
9.98, 114099
10.02, 113403
10.07, 112747
10.11, 112110
10.15, 111485
10.20, 110892
10.24, 110367
10.29, 109942
10.33, 109166
10.37, 108763
10.42, 108365
10.46, 107973
10.51, 107208
10.55, 106626
10.60, 106270
10.64, 106083
10.68, 105899
10.72, 105724
10.77, 105573
10.81, 105460
10.85, 105424
10.89, 104869
10.99, 516705
11.03, 494324
11.08, 473599
11.12, 452926
11.16, 433258
11.20, 415334
11.24, 397673
11.28, 378194
11.32, 359299
11.36, 343022
11.40, 329489
11.43, 317816
11.48, 307684
11.53, 298445
11.57, 289823
11.62, 278291
11.66, 270295
11.70, 262323
11.74, 254496
11.78, 246926
11.82, 240169
11.87, 233428
11.91, 226450
11.96, 219825
12.00, 212404
12.05, 206257
12.09, 200815
12.13, 195724
12.18, 190809
12.22, 186440
12.26, 182265
12.31, 178665
12.35, 173810
12.39, 170241
12.43, 166823
12.47, 163402
12.52, 160188
12.57, 157059
12.61, 154385
12.66, 151775
12.71, 149292
12.75, 146853
12.79, 144434
12.83, 142222
12.87, 140017
12.91, 137434
12.95, 135408
12.99, 133474
13.03, 131105
13.06, 129224
13.10, 127637
13.15, 126054
13.19, 124629
13.24, 123354
13.28, 122150
13.33, 121419
13.37, 120747
13.41, 119659
13.46, 119022
13.50, 118387
13.54, 117787
13.58, 117236
13.62, 116695
13.65, 116272
13.70, 115890
13.74, 114522
13.79, 114216
13.83, 114016
13.88, 113166
13.92, 112989
13.96, 112594
14.00, 112420
14.05, 112370
14.09, 112097
