0.00, 524905
0.00, 522339
0.01, 521218
0.01, 520357
0.01, 519793
0.01, 516235
0.01, 495888
0.01, 494643
0.01, 477512
0.01, 476328
0.01, 476268
0.01, 474750
0.01, 471353
0.02, 464487
0.25, 464253
0.25, 462764
0.26, 461564
0.26, 456426
0.27, 454225
0.27, 450627
0.27, 448137
0.27, 446969
0.27, 440738
0.27, 440539
0.27, 436119
0.27, 432487
0.27, 429809
0.27, 426116
0.27, 420711
0.27, 402763
0.27, 400300
0.27, 399115
0.27, 392856
0.27, 381954
0.27, 380852
0.27, 373407
0.27, 372928
0.31, 366705
0.31, 366079
0.31, 364885
0.31, 360585
0.31, 358919
0.31, 356920
0.31, 355774
0.31, 355030
0.31, 354252
0.31, 350978
0.31, 350590
0.31, 344671
0.31, 341104
0.31, 340599
0.31, 336828
0.31, 336291
0.31, 336198
0.31, 335615
0.31, 335488
0.31, 335165
0.31, 331164
0.31, 330349
0.31, 328592
0.31, 328258
0.31, 326304
0.31, 325731
0.31, 323377
0.31, 320060
0.32, 319973
0.32, 318817
0.32, 316394
0.32, 316015
0.32, 314291
0.32, 313291
0.32, 306721
0.32, 300652
0.32, 299460
0.32, 296456
0.32, 295713
0.32, 295573
0.32, 287169
0.32, 285904
0.32, 284302
0.32, 281526
0.32, 280058
0.32, 278810
0.32, 278787
0.32, 277112
0.32, 275191
0.32, 272928
0.32, 271047
0.32, 269535
0.32, 269194
0.32, 269074
0.32, 267764
0.32, 266097
0.33, 264770
0.33, 263899
0.33, 261754
0.33, 259987
0.33, 259916
0.33, 259794
0.33, 259274
0.33, 256480
0.33, 255775
0.33, 255022
0.33, 254936
0.33, 251078
0.33, 248139
0.33, 242992
0.33, 241626
0.33, 239743
0.33, 238136
0.33, 238039
0.33, 235529
0.33, 233887
0.33, 233768
0.33, 231608
0.33, 230409
0.33, 229159
0.33, 226065
0.33, 226042
0.33, 224788
0.34, 224595
0.34, 222297
0.34, 220082
0.34, 217956
0.34, 216698
0.34, 216235
0.35, 214604
0.35, 211793
0.35, 211415
0.35, 210951
0.35, 210763
0.35, 210572
0.35, 207689
0.35, 206945
0.35, 205361
0.35, 205216
0.35, 200750
0.36, 199760
0.36, 198563
0.36, 198225
0.36, 197697
0.36, 197390
0.36, 196521
0.36, 194297
0.36, 193638
0.36, 192260
0.36, 191637
0.36, 190528
0.36, 190084
0.36, 188900
0.36, 186721
0.36, 186423
0.36, 185995
0.36, 185599
0.36, 185165
0.36, 184766
0.36, 183273
0.36, 181920
0.36, 181253
0.36, 180358
0.36, 180268
0.36, 180237
0.36, 178653
0.36, 177145
0.37, 175531
0.37, 175423
0.37, 172767
0.37, 172082
0.37, 170620
0.37, 169631
0.37, 168976
0.37, 168391
0.37, 167485
0.37, 167119
0.37, 165379
0.37, 165246
0.37, 160918
0.37, 159972
0.37, 158042
0.37, 157697
0.37, 156871
0.37, 156243
0.37, 155855
0.37, 155651
0.37, 155353
0.37, 155291
0.37, 153864
0.37, 153519
0.37, 152777
0.37, 149020
0.38, 149017
0.38, 148541
0.38, 148333
0.38, 147930
0.38, 147846
0.38, 147185
0.38, 146188
0.39, 145828
0.39, 144821
0.39, 143885
0.39, 142650
0.39, 141275
0.39, 141044
0.39, 140817
0.39, 140737
0.39, 139772
0.39, 138162
0.40, 138029
0.40, 137916
0.40, 137837
0.40, 136633
0.40, 135560
0.40, 134799
0.41, 133219
0.41, 132945
0.41, 132939
0.41, 132591
0.41, 132228
0.41, 131793
0.41, 130221
0.41, 129879
0.42, 128844
0.42, 128100
0.42, 127295
0.43, 125902
0.43, 125864
0.43, 125547
0.43, 124567
0.44, 123940
0.44, 123907
0.44, 123871
0.45, 123366
0.46, 123341
0.47, 123292
0.47, 123184
0.47, 122100
0.47, 121256
0.48, 120509
0.48, 120238
0.48, 119214
0.49, 119039
0.49, 118968
0.49, 118306
0.49, 117973
0.50, 117236
0.50, 116496
0.50, 116074
0.51, 115236
0.51, 114972
0.52, 114289
0.52, 113770
0.53, 112994
0.53, 112896
0.53, 112260
0.55, 111699
0.60, 111633
