0.00, 553729
0.00, 537343
0.00, 536459
0.00, 532895
0.00, 530074
0.00, 524109
0.00, 517129
0.00, 516293
0.00, 515800
0.00, 505460
0.00, 503459
0.00, 500330
0.00, 497124
0.00, 490081
0.00, 486566
0.04, 485112
0.04, 484111
0.04, 477390
0.04, 477216
0.04, 476498
0.06, 475603
0.06, 470907
0.06, 469935
0.28, 467696
0.28, 459197
0.28, 452269
0.28, 448419
0.28, 446949
0.32, 446553
0.32, 445039
0.32, 444629
0.32, 441534
0.32, 436507
0.32, 436113
0.32, 435355
0.32, 435204
0.32, 431101
0.32, 431082
0.32, 430143
0.32, 429403
0.32, 429063
0.32, 424984
0.32, 420758
0.32, 419250
0.32, 415817
0.32, 406903
0.32, 406399
0.32, 405326
0.32, 398116
0.33, 388373
0.33, 388068
0.36, 383252
0.36, 382075
0.36, 381652
0.36, 380921
0.36, 379267
0.36, 377860
0.36, 374900
0.36, 368655
0.36, 368599
0.36, 368558
0.36, 367678
0.37, 365936
0.37, 365596
0.37, 359328
0.37, 359013
0.37, 358878
0.37, 355275
0.37, 352585
0.37, 352279
0.37, 351405
0.37, 349418
0.37, 349390
0.37, 346965
0.37, 346959
0.37, 342813
0.37, 342656
0.37, 336877
0.38, 333744
0.38, 332797
0.38, 330996
0.38, 328995
0.38, 327839
0.38, 327755
0.38, 324833
0.38, 322934
0.38, 320926
0.38, 320162
0.38, 319696
0.39, 318312
0.39, 318303
0.39, 318088
0.39, 317777
0.39, 312243
0.39, 309474
0.39, 309201
0.39, 309006
0.39, 306992
0.39, 306083
0.39, 300865
0.39, 299566
0.39, 298364
0.39, 298176
0.39, 297539
0.39, 296794
0.39, 295672
0.39, 291960
0.39, 288916
0.39, 288865
0.39, 288069
0.39, 286328
0.39, 286084
0.39, 285019
0.39, 284292
0.39, 281286
0.39, 278632
0.39, 278365
0.39, 273489
0.39, 262423
0.39, 261215
0.39, 258058
0.39, 256556
0.39, 254342
0.39, 246012
0.39, 245630
0.39, 244104
0.39, 243819
0.39, 243405
0.39, 239878
0.39, 239652
0.39, 238287
0.39, 237087
0.39, 235995
0.39, 234828
0.39, 233431
0.39, 231656
0.39, 231643
0.39, 231074
0.40, 229965
0.40, 229403
0.40, 229074
0.40, 228046
0.40, 227208
0.40, 225844
0.40, 220937
0.40, 220372
0.40, 219751
0.40, 217684
0.41, 217480
0.41, 214637
0.41, 214509
0.41, 212321
0.41, 208485
0.41, 208153
0.41, 207813
0.41, 207624
0.41, 204285
0.41, 199746
0.41, 199382
0.41, 198796
0.41, 197928
0.41, 197126
0.41, 196370
0.41, 194630
0.41, 194497
0.42, 193071
0.42, 191900
0.42, 189782
0.42, 189501
0.42, 188935
0.42, 188238
0.43, 186112
0.43, 182435
0.43, 182130
0.43, 182037
0.43, 181085
0.43, 179524
0.43, 179411
0.43, 176765
0.43, 174203
0.43, 173063
0.43, 171953
0.43, 171436
0.43, 170646
0.43, 170363
0.44, 170351
0.44, 169843
0.44, 168075
0.44, 167565
0.44, 167194
0.44, 166262
0.44, 164396
0.44, 163643
0.45, 163132
0.45, 162035
0.45, 161816
0.45, 155424
0.45, 155298
0.45, 155278
0.45, 153586
0.45, 152142
0.45, 150777
0.45, 149378
0.46, 148538
0.46, 148513
0.46, 147791
0.46, 147456
0.46, 147251
0.46, 147227
0.47, 147152
0.47, 145840
0.47, 144879
0.47, 144101
0.47, 143822
0.47, 143742
0.47, 143709
0.48, 143407
0.48, 142989
0.48, 142746
0.48, 142239
0.48, 142058
0.49, 141213
0.49, 141167
0.49, 140794
0.49, 140206
0.49, 140164
0.49, 139999
0.49, 139652
0.49, 139528
0.49, 139182
0.50, 137864
0.50, 136835
0.50, 136368
0.50, 135252
0.50, 134855
0.50, 133074
0.50, 132705
0.50, 132575
0.51, 132435
0.51, 132124
0.51, 131294
0.51, 131179
0.52, 130848
0.52, 130739
0.52, 130729
0.52, 130232
0.52, 128974
0.53, 128222
0.53, 127311
0.53, 127237
0.53, 126835
0.54, 125301
0.54, 122644
0.54, 121961
0.54, 121950
0.54, 120583
0.54, 120275
0.54, 119203
0.54, 118582
0.56, 118118
0.58, 117431
0.58, 117254
0.60, 116960
0.62, 116122
0.63, 115784
0.64, 115654
0.64, 114853
0.86, 114826
0.94, 114457
0.95, 114439
1.00, 114365
2.01, 113270
2.02, 112946
2.02, 112661
2.04, 112440
2.05, 112165
2.07, 111820
2.17, 111068
4.67, 110530
4.68, 110392
4.68, 109826
4.68, 109486
4.69, 108842
4.70, 108553
5.19, 107999
