0.04, 578286
0.08, 557176
0.12, 536826
0.15, 517395
0.19, 499232
0.23, 481569
0.27, 463957
0.31, 446783
0.35, 429775
0.39, 413003
0.42, 393774
0.47, 380172
0.51, 364319
0.55, 349167
0.60, 337325
0.64, 325956
0.68, 314297
0.73, 302983
0.77, 291677
0.82, 280557
0.87, 269441
0.92, 259473
0.97, 249719
1.01, 240634
1.06, 231279
1.11, 223591
1.15, 217357
1.20, 211144
1.24, 205469
1.28, 198525
1.32, 193309
1.37, 188483
1.41, 183950
1.46, 179702
1.51, 174108
1.55, 169611
1.60, 165995
1.65, 162898
1.69, 160513
1.74, 158165
1.78, 154757
1.83, 152513
1.88, 148636
1.92, 146393
1.97, 144151
2.01, 142049
2.05, 140018
2.10, 138107
2.14, 135539
2.18, 133769
2.22, 132162
2.26, 130613
2.30, 128695
2.35, 127371
2.39, 126102
2.43, 124705
2.47, 122573
2.51, 121394
2.55, 120110
2.59, 119040
2.64, 117628
2.69, 116661
2.73, 115727
2.78, 114605
2.82, 113745
2.87, 112488
2.92, 110752
2.97, 110000
3.02, 109297
3.08, 108607
3.12, 107945
3.16, 107310
3.20, 106843
3.24, 106222
3.29, 104738
3.33, 104476
3.37, 103909
3.42, 103711
3.46, 103658
3.50, 103517
3.55, 103009
3.59, 102973
3.63, 102938
3.71, 510882
3.75, 486019
3.79, 464735
3.83, 444997
3.88, 427136
3.92, 411573
3.96, 396188
4.00, 381808
4.04, 366065
4.08, 351370
4.12, 337184
4.17, 325399
4.21, 312287
4.25, 299798
4.29, 290327
4.33, 281188
4.37, 272706
4.41, 262539
4.44, 254472
4.48, 246394
4.52, 238410
4.56, 230964
4.60, 224731
4.64, 217291
4.68, 211735
4.73, 206896
4.77, 202102
4.81, 196438
4.85, 191606
4.89, 185631
4.93, 181329
4.97, 176953
5.01, 172900
5.05, 168874
5.09, 165161
5.13, 161707
5.17, 158304
5.21, 155163
5.24, 151834
5.30, 149296
5.34, 146977
5.38, 144712
5.42, 142293
5.46, 140232
5.50, 138190
5.54, 136400
5.58, 134711
5.62, 133030
5.66, 131479
5.70, 129932
5.74, 128595
5.78, 127264
5.81, 126068
5.85, 124918
5.89, 124007
5.93, 123200
5.98, 122523
6.02, 121536
6.06, 120936
6.11, 120389
6.15, 119848
6.19, 119323
6.23, 118163
6.27, 117361
6.32, 116371
6.35, 115589
6.39, 115065
6.43, 113594
6.47, 113073
6.51, 112073
6.55, 111666
6.59, 111404
6.63, 110514
6.67, 110272
6.71, 110045
6.75, 109849
6.79, 109686
6.82, 109537
6.86, 109152
6.90, 109018
6.98, 534718
7.02, 512261
7.06, 489955
7.10, 470792
7.14, 449347
7.19, 430323
7.24, 413899
7.29, 397586
7.33, 381626
7.38, 366041
7.42, 351017
7.46, 336732
7.51, 323522
7.55, 310531
7.59, 298949
7.64, 288682
7.68, 278525
7.72, 269490
7.76, 258097
7.80, 249260
7.84, 241356
7.88, 234022
7.92, 226920
7.96, 220896
8.00, 213808
8.04, 208393
8.08, 203171
8.12, 197770
8.16, 192859
8.19, 188541
8.23, 184271
8.27, 179928
8.31, 175119
8.36, 170855
8.40, 166688
8.43, 163435
8.47, 159742
8.51, 156661
8.55, 153860
8.59, 151063
8.63, 148430
8.68, 145934
8.72, 143530
8.76, 141176
8.80, 138883
8.84, 136626
8.88, 134571
8.92, 132656
8.96, 130986
9.00, 129401
9.04, 127853
9.08, 126481
9.11, 124995
9.16, 123747
9.20, 122613
9.25, 121594
9.30, 120690
9.34, 119863
9.39, 119092
9.44, 118402
9.48, 116746
9.53, 116109
9.58, 115500
9.62, 114903
9.66, 114417
9.71, 113995
9.75, 113584
9.80, 113140
9.85, 112748
9.92, 111336
9.98, 110853
10.05, 110533
10.12, 110286
10.19, 109783
10.24, 109554
10.28, 109423
10.36, 109314
10.42, 108697
10.48, 108468
10.54, 108394
10.59, 108344
10.63, 108177
10.68, 106818
10.72, 106650
10.77, 106587
10.81, 106396
10.85, 106360
10.93, 514419
10.97, 494029
11.01, 473536
11.05, 453731
11.09, 434246
11.13, 417980
11.16, 402982
11.20, 389201
11.24, 372680
11.28, 360440
11.32, 347905
11.36, 333940
11.40, 322045
11.44, 310210
11.48, 298476
11.52, 288139
11.56, 279246
11.60, 270572
11.63, 262739
11.67, 255342
11.72, 246680
11.75, 238372
11.79, 231309
11.83, 224804
11.87, 217832
11.91, 211954
11.95, 206706
11.99, 200220
12.03, 195127
12.07, 190929
12.10, 187331
12.15, 183766
12.19, 178368
12.22, 174827
12.26, 171375
12.30, 167888
12.34, 159014
12.38, 155780
12.42, 152570
12.46, 149579
12.49, 146882
12.53, 144463
12.57, 142433
12.61, 140531
12.65, 138918
12.68, 137449
12.72, 135645
12.76, 134183
12.80, 132744
12.84, 131344
12.88, 130076
12.92, 127925
12.96, 126692
13.00, 125464
13.04, 124159
13.08, 122942
13.12, 121726
13.15, 120606
13.19, 119499
13.24, 118486
13.27, 117511
13.31, 116802
13.35, 116016
13.39, 115313
13.43, 114686
13.47, 113727
13.51, 113105
13.55, 111909
13.59, 111346
13.62, 110792
13.66, 110397
13.70, 110070
13.74, 109777
13.77, 109326
13.81, 109055
13.85, 108863
13.89, 108663
13.93, 108488
13.97, 108339
14.01, 108208
14.05, 108107
14.09, 107738
14.13, 107047
14.17, 106627
14.21, 106552
14.25, 106542
14.30, 106267
14.34, 105948
14.37, 105701
