0.04, 491491
0.09, 469412
0.13, 446959
0.18, 426079
0.22, 408480
0.26, 392292
0.31, 376282
0.35, 361995
0.39, 348146
0.43, 334341
0.48, 321792
0.52, 309537
0.57, 298067
0.62, 285736
0.67, 274752
0.71, 265251
0.76, 257354
0.80, 247942
0.84, 240048
0.89, 232901
0.93, 225863
0.97, 219084
1.01, 212115
1.06, 205734
1.10, 199722
1.15, 192986
1.20, 187329
1.24, 182325
1.29, 175397
1.34, 170686
1.39, 166390
1.44, 162252
1.48, 158327
1.53, 154817
1.57, 151794
1.62, 147871
1.67, 145194
1.71, 142765
1.76, 140550
1.80, 138608
1.85, 136690
1.89, 135183
1.94, 133972
1.98, 132989
2.03, 131629
2.07, 130623
2.12, 129707
2.16, 128810
2.20, 127918
2.25, 127129
2.29, 126409
2.34, 125706
2.38, 125030
2.42, 122923
2.47, 121938
2.51, 120210
2.55, 119555
2.59, 118918
2.64, 118291
2.68, 117698
2.72, 117111
2.77, 116576
2.81, 116122
2.86, 115693
2.90, 114247
2.94, 113739
2.99, 113342
3.03, 112789
3.08, 112093
3.12, 111265
3.16, 110522
3.20, 109734
3.24, 109103
3.29, 108776
3.33, 108552
3.38, 108354
3.42, 108116
3.46, 107941
3.51, 107792
3.60, 551516
3.64, 528099
3.69, 504612
3.73, 483298
3.77, 463712
3.82, 442126
3.86, 423263
3.90, 403539
3.94, 387813
3.98, 372175
4.03, 357458
4.07, 344619
4.12, 331871
4.16, 319514
4.20, 307606
4.25, 296361
4.29, 286684
4.34, 276221
4.38, 266831
4.42, 256569
4.47, 248229
4.51, 239956
4.55, 232529
4.59, 225110
4.64, 218292
4.68, 212136
4.72, 206245
4.77, 200479
4.81, 194990
4.86, 189317
4.90, 184554
4.94, 179311
4.99, 174978
5.03, 169940
5.08, 165873
5.12, 162139
5.16, 158540
5.21, 155289
5.25, 152423
5.29, 149530
5.33, 146785
5.38, 144124
5.42, 141141
5.46, 138543
5.51, 135091
5.55, 132667
5.60, 130319
5.64, 128201
5.68, 126168
5.73, 124290
5.76, 121769
5.80, 119136
5.85, 117692
5.89, 116294
5.94, 115235
5.98, 114149
6.03, 113125
6.08, 112188
6.13, 111368
6.17, 110577
6.22, 109873
6.26, 109183
6.30, 108558
6.34, 107966
6.38, 107544
6.42, 107158
6.47, 106828
6.52, 106586
6.56, 106365
6.61, 106173
6.65, 106009
6.69, 105760
6.74, 105617
6.78, 105484
6.81, 105373
6.85, 105293
6.89, 103044
6.93, 103036
7.02, 477771
7.06, 453263
7.11, 431725
7.15, 415609
7.20, 399492
7.24, 384910
7.29, 371254
7.33, 358007
7.37, 345409
7.42, 334956
7.45, 323559
7.50, 312946
7.54, 302694
7.59, 293239
7.63, 283495
7.67, 274981
7.72, 264502
7.77, 256521
7.81, 249365
7.85, 242388
7.90, 236492
7.94, 230502
7.98, 224309
8.02, 218801
8.06, 213683
8.11, 208185
8.15, 203268
8.18, 198216
8.23, 193395
8.27, 188879
8.32, 184432
8.36, 180001
8.40, 175644
8.44, 171320
8.48, 167430
8.52, 164508
8.57, 161646
8.61, 158136
8.65, 154201
8.70, 151433
8.75, 148509
8.79, 145978
8.83, 143470
8.88, 141398
8.92, 139156
8.95, 137151
8.99, 135183
9.04, 133519
9.08, 131635
9.12, 130028
9.17, 128506
9.21, 126810
9.25, 125619
9.30, 124439
9.34, 123548
9.39, 122685
9.43, 121846
9.47, 121092
9.52, 120173
9.56, 118622
9.61, 117655
9.65, 116920
9.69, 116192
9.73, 115488
9.77, 114785
9.81, 114095
9.85, 113508
9.90, 113105
9.94, 112707
9.98, 112388
10.03, 112211
10.07, 111816
10.12, 111652
10.16, 110288
10.20, 110129
10.24, 109978
10.29, 109836
10.33, 109261
10.37, 108774
10.42, 108661
10.46, 108569
10.50, 108480
10.54, 106950
10.58, 106396
10.63, 106334
10.67, 106159
10.71, 106123
10.80, 538013
10.84, 514814
10.89, 492268
10.93, 469983
10.97, 449903
11.02, 430332
11.06, 412093
11.10, 394648
11.13, 378017
11.18, 361203
11.22, 346508
11.26, 332347
11.31, 318814
11.35, 306424
11.40, 295725
11.44, 285391
11.48, 276254
11.53, 267983
11.57, 259691
11.61, 252136
11.65, 245114
11.70, 237985
11.74, 230496
11.79, 224245
11.83, 218530
11.88, 212829
11.92, 207642
11.96, 202482
12.01, 197880
12.05, 192338
12.10, 187817
12.14, 182628
12.18, 178516
12.22, 174945
12.26, 171385
12.31, 168107
12.35, 164975
12.39, 161208
12.44, 158382
12.48, 155558
12.53, 151787
12.57, 149569
12.62, 146157
12.66, 143957
12.71, 141351
12.75, 138536
12.79, 136479
12.84, 134424
12.88, 132496
12.92, 130684
12.97, 129260
13.01, 127987
13.06, 126725
13.10, 125508
13.14, 124292
13.19, 123157
13.23, 121889
13.28, 121003
13.33, 119475
13.37, 118653
13.41, 116466
13.45, 115725
13.50, 115010
13.54, 114333
13.58, 113712
13.63, 113226
13.67, 112784
13.71, 112420
13.75, 111683
13.79, 111356
13.83, 111053
13.88, 110813
13.92, 110589
13.97, 109775
14.01, 109555
14.06, 109236
14.10, 109068
14.14, 109005
14.19, 108814
14.23, 108752
14.27, 108577
