0.00, 528855
0.00, 517930
0.00, 517738
0.00, 512570
0.00, 512027
0.00, 511972
0.00, 509299
0.00, 506647
0.00, 503496
0.01, 498260
0.01, 494420
0.01, 488587
0.01, 486711
0.01, 483334
0.02, 481750
0.02, 474455
0.02, 470020
0.02, 462713
0.02, 455643
0.26, 455241
0.26, 453654
0.29, 449766
0.29, 447113
0.30, 446194
0.30, 443350
0.30, 442253
0.30, 440134
0.30, 433143
0.30, 432086
0.30, 424990
0.30, 422082
0.30, 407679
0.30, 401376
0.33, 391174
0.33, 386836
0.33, 382700
0.33, 381542
0.34, 380692
0.34, 380544
0.34, 377133
0.34, 374063
0.34, 370908
0.34, 368161
0.34, 361653
0.34, 359865
0.34, 355728
0.34, 355512
0.34, 353142
0.34, 350309
0.34, 345910
0.34, 340542
0.34, 338947
0.34, 338572
0.34, 338370
0.34, 336829
0.34, 334504
0.34, 334127
0.34, 332190
0.34, 328150
0.35, 321471
0.35, 321470
0.35, 321420
0.36, 318893
0.36, 317813
0.36, 311781
0.36, 303340
0.36, 301702
0.36, 300732
0.36, 299609
0.36, 294483
0.36, 292873
0.36, 288316
0.37, 285107
0.37, 281983
0.37, 280601
0.37, 279713
0.37, 277794
0.37, 275500
0.37, 269321
0.37, 267323
0.37, 266590
0.37, 265964
0.37, 264636
0.37, 263354
0.37, 261481
0.37, 260969
0.37, 260270
0.37, 255689
0.37, 253553
0.37, 252296
0.37, 249917
0.37, 249816
0.37, 249218
0.37, 247867
0.37, 242690
0.37, 241491
0.37, 237561
0.37, 236489
0.38, 235892
0.38, 234533
0.38, 232723
0.38, 232502
0.38, 230869
0.38, 227565
0.38, 226254
0.38, 223632
0.38, 223376
0.38, 222645
0.38, 220316
0.38, 220153
0.39, 219269
0.39, 216558
0.39, 215965
0.39, 213955
0.39, 213737
0.39, 208753
0.39, 208266
0.39, 207505
0.39, 206282
0.39, 203719
0.39, 203310
0.39, 202940
0.39, 202868
0.39, 202745
0.39, 201113
0.39, 200217
0.39, 196095
0.39, 192087
0.39, 191708
0.39, 185809
0.39, 185674
0.39, 182937
0.39, 182726
0.39, 177158
0.39, 176868
0.39, 173454
0.39, 171142
0.39, 170290
0.41, 169496
0.41, 169120
0.41, 168981
0.41, 167221
0.41, 163875
0.41, 163081
0.42, 162352
0.42, 160199
0.42, 158477
0.42, 157389
0.42, 156910
0.42, 156668
0.42, 155940
0.42, 154902
0.42, 153611
0.42, 151899
0.42, 151692
0.42, 151496
0.42, 150029
0.43, 149407
0.43, 149297
0.43, 149057
0.43, 148387
0.43, 146607
0.43, 145960
0.43, 145903
0.43, 145173
0.43, 145124
0.43, 144436
0.43, 144409
0.43, 143118
0.43, 143064
0.43, 142724
0.44, 142650
0.44, 140905
0.44, 138775
0.44, 138054
0.44, 137219
0.44, 135999
0.44, 135928
0.44, 133832
0.44, 132979
0.44, 132869
0.44, 132246
0.44, 130961
0.45, 130548
0.45, 127929
0.45, 126709
0.45, 125885
0.45, 124632
0.45, 124502
0.46, 124189
0.46, 123469
0.47, 122560
0.47, 122479
0.47, 121798
0.47, 121132
0.48, 120268
0.48, 119918
0.48, 119114
0.49, 118558
0.52, 117393
0.52, 117202
0.54, 117102
0.55, 116275
0.57, 115765
0.57, 115229
0.57, 114696
0.58, 113486
0.59, 113145
0.60, 112518
0.60, 112385
0.60, 112375
0.60, 111750
0.64, 111365
0.95, 110991
