0.04, 500802
0.08, 480063
0.12, 462438
0.16, 442759
0.19, 427567
0.23, 410555
0.27, 395008
0.31, 379298
0.35, 365103
0.39, 352207
0.43, 339811
0.47, 327105
0.51, 315609
0.55, 303647
0.58, 292295
0.62, 281261
0.66, 272028
0.70, 263814
0.74, 255827
0.78, 247886
0.82, 240829
0.85, 234189
0.89, 228327
0.93, 221829
0.97, 215069
1.01, 209401
1.05, 203534
1.09, 198907
1.13, 194296
1.17, 187444
1.20, 183148
1.24, 179510
1.28, 176318
1.32, 171813
1.35, 168858
1.39, 165585
1.43, 162692
1.47, 159262
1.51, 156198
1.55, 153317
1.59, 150635
1.62, 148306
1.66, 144059
1.70, 141737
1.74, 139248
1.78, 137146
1.82, 135214
1.86, 133420
1.90, 131698
1.95, 130052
1.99, 128595
2.03, 127198
2.06, 126248
2.10, 125188
2.14, 124093
2.18, 123231
2.22, 122166
2.26, 121417
2.30, 120410
2.34, 119773
2.38, 119138
2.42, 117779
2.46, 117179
2.50, 116476
2.54, 115890
2.58, 115360
2.62, 114614
2.66, 114041
2.69, 113367
2.73, 112640
2.77, 112193
2.81, 111771
2.85, 111360
2.88, 110953
2.92, 109719
2.97, 109544
3.00, 109461
3.04, 109232
3.08, 108865
3.16, 455532
3.20, 434292
3.24, 413491
3.27, 396421
3.31, 379717
3.36, 364129
3.40, 348555
3.44, 333274
3.48, 319777
3.52, 309088
3.56, 298750
3.60, 288718
3.64, 279383
3.68, 269393
3.72, 260310
3.76, 251291
3.80, 243116
3.85, 234819
3.89, 227940
3.93, 221508
3.97, 214819
4.01, 208746
4.05, 202152
4.09, 197145
4.13, 192579
4.16, 187707
4.20, 183435
4.24, 179225
4.28, 175174
4.31, 171617
4.35, 167590
4.39, 163546
4.43, 160349
4.47, 157627
4.50, 154962
4.54, 151022
4.58, 148409
4.61, 145865
4.65, 143751
4.69, 141969
4.73, 140190
4.77, 138479
4.80, 136951
4.84, 135043
4.88, 133642
4.92, 132280
4.96, 130936
4.99, 129806
5.03, 128793
5.07, 127873
5.11, 126987
5.15, 125204
5.18, 123990
5.22, 123072
5.26, 122154
5.30, 121363
5.33, 120599
5.37, 119857
5.41, 119118
5.45, 118381
5.49, 117690
5.53, 116785
5.57, 115411
5.60, 114043
5.64, 113386
5.68, 112793
5.72, 112186
5.75, 111620
5.79, 111066
5.83, 110790
5.87, 109954
5.91, 109683
5.94, 109562
5.98, 109017
6.02, 108900
6.06, 108007
6.09, 107894
6.13, 107867
6.17, 107849
6.24, 506107
6.28, 479408
6.32, 455866
6.36, 433995
6.40, 414351
6.44, 399726
6.48, 384673
6.51, 371210
6.55, 358207
6.59, 343912
6.63, 331943
6.66, 319626
6.70, 308156
6.74, 296551
6.78, 286315
6.82, 276164
6.86, 266249
6.89, 255784
6.93, 245978
6.97, 236557
7.01, 229634
7.05, 222996
7.09, 217101
7.12, 210452
7.16, 204828
7.20, 199254
7.24, 194080
7.28, 189299
7.32, 184571
7.35, 180286
7.39, 176147
7.43, 172302
7.47, 167659
7.51, 164041
7.55, 160449
7.58, 157512
7.62, 154833
7.66, 152328
7.70, 150016
7.74, 147538
7.78, 145319
7.83, 141488
7.87, 139301
7.92, 137349
7.96, 135530
8.01, 133393
8.05, 131641
8.10, 129617
8.14, 127948
8.19, 126394
8.23, 124977
8.28, 122629
8.32, 121217
8.36, 119824
8.40, 118565
8.44, 117400
8.49, 116273
8.53, 115189
8.57, 114240
8.62, 113324
8.67, 112471
8.71, 111124
8.75, 110193
8.79, 109286
8.84, 108659
8.88, 108132
8.92, 107654
8.96, 107183
9.00, 106758
9.05, 106374
9.10, 106008
9.14, 105787
9.18, 105591
9.23, 105405
9.27, 105272
9.31, 105179
9.35, 105149
9.40, 105135
9.44, 105127
9.52, 538864
9.57, 517296
9.61, 496038
9.65, 476883
9.70, 457553
9.74, 439114
9.78, 419200
9.82, 400246
9.86, 382170
9.90, 366263
9.93, 352268
9.97, 339128
10.01, 326609
10.05, 316022
10.09, 305971
10.12, 296673
10.16, 287440
10.20, 278825
10.24, 270794
10.28, 262614
10.32, 255873
10.35, 248568
10.39, 241915
10.43, 235297
10.47, 229149
10.51, 222850
10.55, 217313
10.58, 211597
10.62, 206198
10.66, 200776
10.70, 195527
10.74, 190112
10.78, 185381
10.82, 180750
10.86, 176702
10.90, 172777
10.95, 168879
10.99, 165043
11.02, 161721
11.06, 158668
11.11, 155768
11.15, 152557
11.19, 149474
11.23, 146898
11.27, 144380
11.31, 142281
11.35, 140183
11.39, 137362
11.42, 133601
11.46, 131520
11.50, 129591
11.54, 127824
11.58, 126312
11.62, 124946
11.65, 123491
11.69, 122125
11.73, 121125
11.77, 120135
11.80, 118849
11.84, 117883
11.88, 116942
11.91, 116008
11.95, 115105
11.99, 114402
12.03, 113765
12.06, 113166
12.10, 112501
12.14, 112051
12.17, 111685
12.21, 111321
12.25, 110051
12.29, 108400
12.34, 107846
12.38, 107505
12.42, 106747
12.46, 106465
12.50, 105893
12.55, 105669
12.59, 105488
12.62, 104124
12.66, 103943
12.70, 103712
12.74, 103537
12.78, 103446
12.82, 102682
12.85, 102647
12.89, 102627
