0.00, 557468
0.00, 557151
0.00, 555580
0.00, 553516
0.00, 552413
0.00, 550149
0.00, 549368
0.00, 547054
0.00, 541899
0.00, 539065
0.00, 536292
0.00, 528238
0.00, 524563
0.02, 518154
0.02, 514982
0.02, 511879
0.02, 511429
0.02, 506298
0.02, 505641
0.02, 502820
0.02, 502646
0.02, 501577
0.02, 500837
0.02, 500781
0.03, 500545
0.03, 499722
0.05, 492087
0.05, 489065
0.05, 477493
0.08, 477184
0.08, 476752
0.08, 476572
0.08, 476445
0.08, 470489
0.17, 468728
0.17, 464150
0.23, 463068
0.23, 459128
0.23, 455528
0.24, 451990
0.24, 450034
0.27, 449990
0.27, 440919
0.27, 433348
0.27, 433338
0.27, 432214
0.28, 432068
0.28, 429224
0.28, 427600
0.28, 420500
0.28, 420107
0.29, 418567
0.29, 417280
0.29, 416803
0.29, 413732
0.29, 413619
0.29, 413012
0.29, 411739
0.29, 405175
0.29, 401290
0.29, 400854
0.29, 400221
0.29, 399918
0.29, 396926
0.29, 393691
0.29, 393333
0.29, 388971
0.29, 386558
0.30, 383446
0.30, 382628
0.30, 382369
0.30, 380868
0.30, 380867
0.30, 379367
0.30, 375150
0.30, 374998
0.30, 374085
0.30, 371121
0.30, 369463
0.30, 369393
0.30, 365998
0.30, 363670
0.30, 363410
0.30, 359515
0.30, 353972
0.30, 349768
0.30, 346680
0.31, 345767
0.31, 341648
0.31, 341441
0.31, 338698
0.32, 334194
0.32, 331775
0.32, 329700
0.32, 329604
0.32, 329174
0.32, 326325
0.32, 325405
0.32, 324571
0.32, 320722
0.32, 319562
0.32, 317107
0.32, 315054
0.32, 315017
0.32, 314125
0.33, 312687
0.33, 304622
0.33, 302658
0.33, 299181
0.33, 298428
0.33, 298340
0.33, 298165
0.33, 295880
0.33, 293785
0.33, 290567
0.33, 290383
0.33, 289570
0.33, 287362
0.33, 284411
0.33, 283536
0.33, 282613
0.33, 282402
0.33, 276934
0.33, 275575
0.33, 275196
0.33, 273818
0.33, 273240
0.33, 270237
0.33, 269826
0.33, 269129
0.33, 268754
0.33, 268266
0.33, 267634
0.33, 264422
0.33, 264132
0.33, 257798
0.33, 257108
0.33, 252133
0.33, 251166
0.34, 250983
0.34, 250557
0.34, 249451
0.34, 248563
0.34, 243220
0.34, 242988
0.34, 240298
0.34, 239921
0.34, 238081
0.34, 237678
0.34, 233891
0.34, 232398
0.34, 231957
0.34, 231236
0.34, 230513
0.35, 228119
0.35, 226650
0.35, 225793
0.35, 224687
0.35, 222265
0.35, 219308
0.35, 218930
0.35, 218306
0.35, 218017
0.35, 215779
0.35, 213190
0.35, 212125
0.35, 211824
0.35, 211400
0.35, 210618
0.35, 208886
0.35, 206924
0.35, 206261
0.35, 201251
0.37, 201128
0.37, 201007
0.37, 199027
0.37, 197364
0.37, 195907
0.37, 195435
0.37, 195241
0.37, 194871
0.37, 191814
0.37, 191412
0.37, 191192
0.37, 191182
0.37, 189882
0.37, 189328
0.37, 188710
0.37, 188575
0.37, 187255
0.37, 185382
0.38, 183891
0.38, 180695
0.38, 180343
0.38, 179921
0.38, 177888
0.38, 177774
0.38, 177265
0.38, 176932
0.38, 175084
0.38, 174338
0.39, 172613
0.39, 172588
0.39, 171917
0.39, 170876
0.39, 170830
0.39, 169365
0.39, 169230
0.39, 168952
0.39, 167786
0.39, 167616
0.39, 167290
0.39, 166938
0.39, 166159
0.39, 165228
0.40, 164783
0.40, 163904
0.40, 163210
0.40, 160740
0.40, 160394
0.40, 160029
0.40, 158674
0.40, 155869
0.40, 155370
0.40, 154223
0.41, 154206
0.41, 153164
0.41, 152673
0.41, 150325
0.41, 150168
0.41, 148572
0.41, 147957
0.41, 147393
0.41, 147273
0.41, 146628
0.42, 146078
0.42, 145821
0.42, 145715
0.42, 144484
0.42, 144354
0.42, 142929
0.42, 142666
0.42, 141999
0.42, 139770
0.42, 139161
0.43, 137876
0.43, 136768
0.43, 133817
0.43, 133805
0.43, 133038
0.43, 131953
0.44, 131772
0.44, 131433
0.44, 130593
0.45, 130404
0.45, 129836
0.45, 129164
0.45, 128037
0.46, 127855
0.46, 126664
0.46, 126226
0.47, 125995
0.47, 125506
0.48, 124716
0.48, 124599
0.49, 123442
0.49, 123090
0.49, 122438
0.50, 120486
0.50, 120374
0.50, 119876
0.54, 117973
0.61, 117952
0.62, 117734
0.64, 117712
0.98, 117470
1.82, 116652
1.84, 116589
1.84, 116558
1.84, 116235
1.84, 116037
1.84, 115246
1.85, 114171
1.86, 113702
1.87, 112983
1.88, 112472
1.89, 112001
2.34, 111983
3.06, 111949
3.06, 111577
3.08, 111542
3.09, 111430
3.09, 109842
3.10, 109812
3.11, 109406
3.32, 108952
