0.04, 527389
0.09, 504272
0.13, 483566
0.18, 463095
0.22, 442278
0.26, 424057
0.31, 405033
0.35, 389437
0.39, 373868
0.44, 359123
0.49, 345472
0.53, 333581
0.58, 319716
0.62, 309260
0.67, 299241
0.71, 290577
0.76, 280903
0.80, 272539
0.85, 264677
0.89, 257877
0.93, 251109
0.98, 244368
1.02, 238139
1.07, 231937
1.11, 226080
1.16, 219841
1.20, 214363
1.25, 209142
1.30, 204446
1.35, 199752
1.40, 193631
1.44, 189134
1.49, 184911
1.54, 180718
1.58, 176639
1.63, 172816
1.67, 169197
1.71, 165608
1.76, 162299
1.80, 159282
1.84, 155485
1.88, 152647
1.92, 149587
1.96, 146987
2.01, 144623
2.06, 142270
2.10, 140030
2.14, 137959
2.18, 135250
2.22, 133313
2.26, 131388
2.29, 129647
2.34, 127893
2.38, 126322
2.42, 124867
2.46, 123509
2.50, 121258
2.55, 119794
2.59, 118536
2.63, 117289
2.67, 116091
2.71, 114916
2.75, 114024
2.79, 113161
2.83, 112305
2.87, 111498
2.92, 110921
2.97, 110398
3.01, 109938
3.06, 109486
3.10, 108925
3.14, 108365
3.19, 107965
3.23, 107580
3.26, 107233
3.30, 107037
3.34, 106975
3.38, 106800
3.43, 106792
3.51, 543942
3.56, 519961
3.61, 497439
3.65, 475233
3.70, 455236
3.74, 435308
3.79, 417328
3.83, 402402
3.88, 387752
3.92, 370862
3.97, 357389
4.02, 343670
4.08, 331560
4.12, 320253
4.17, 309251
4.21, 297986
4.24, 287447
4.29, 277720
4.33, 268162
4.38, 258912
4.42, 250137
4.46, 241410
4.50, 233186
4.55, 226001
4.59, 218525
4.64, 211696
4.68, 205222
4.72, 199790
4.77, 194018
4.81, 188598
4.86, 183543
4.90, 178693
4.95, 174160
4.99, 169786
5.03, 165493
5.08, 161431
5.12, 157596
5.17, 154394
5.21, 151327
5.25, 148316
5.30, 145514
5.34, 142975
5.39, 140260
5.43, 137778
5.48, 135469
5.52, 133335
5.57, 131558
5.62, 129846
5.66, 128148
5.71, 125986
5.75, 124538
5.79, 123325
5.84, 120705
5.88, 118286
5.92, 117511
5.97, 116750
6.01, 116024
6.06, 115153
6.10, 114435
6.15, 113726
6.19, 113028
6.24, 112370
6.28, 111749
6.32, 111242
6.37, 110820
6.41, 110446
6.46, 110122
6.50, 109484
6.54, 109172
6.59, 106748
6.63, 106341
6.67, 106047
6.72, 105847
6.76, 105672
6.80, 105538
6.85, 105425
6.89, 105378
6.92, 104953
6.97, 104917
7.05, 503687
7.09, 477354
7.14, 458796
7.18, 440265
7.23, 423463
7.27, 406803
7.31, 391137
7.36, 376638
7.40, 363170
7.44, 349750
7.48, 335275
7.53, 321995
7.57, 310158
7.61, 299973
7.66, 290777
7.70, 281855
7.75, 272924
7.79, 264581
7.83, 257185
7.87, 249343
7.92, 242594
7.96, 235371
8.00, 228898
8.04, 220099
8.09, 213910
8.13, 207965
8.18, 202660
8.22, 197315
8.26, 192024
8.31, 187111
8.35, 182384
8.39, 177225
8.43, 172508
8.47, 168007
8.52, 164168
8.55, 161038
8.59, 158127
8.63, 155241
8.67, 152416
8.71, 149618
8.76, 146917
8.80, 144319
8.85, 141841
8.89, 139927
8.93, 138082
8.97, 136246
9.01, 134638
9.04, 133116
9.08, 131627
9.12, 129423
9.16, 127669
9.21, 126181
9.26, 124861
9.30, 123274
9.34, 121982
9.39, 120950
9.43, 120019
9.47, 117703
9.52, 116862
9.55, 116159
9.59, 115480
9.63, 114301
9.67, 113664
9.70, 113186
9.75, 112637
9.79, 112195
9.83, 111765
9.88, 111467
9.92, 110108
9.96, 109742
10.00, 109518
10.03, 109036
10.07, 108844
10.11, 108653
10.15, 108194
10.19, 108007
10.23, 107656
10.28, 107494
10.32, 105245
10.36, 105150
10.40, 104335
10.44, 104272
10.48, 104023
10.51, 103880
10.55, 103853
10.59, 103843
10.67, 557149
10.71, 536178
10.74, 513957
10.79, 493663
10.84, 475116
10.88, 455410
10.93, 436883
10.97, 420012
11.01, 404010
11.05, 389277
11.10, 375055
11.13, 360707
11.17, 347959
11.22, 336218
11.26, 325920
11.30, 316313
11.33, 306744
11.37, 297746
11.41, 288529
11.45, 279575
11.49, 270864
11.53, 262962
11.57, 255094
11.62, 247482
11.65, 239970
11.69, 233106
11.73, 225898
11.77, 219852
11.81, 212867
11.85, 207066
11.89, 201620
11.93, 196109
11.97, 191795
12.01, 187151
12.05, 182044
12.08, 177058
12.12, 173348
12.16, 169916
12.20, 166669
12.24, 162648
12.28, 159511
12.32, 155721
12.37, 152912
12.41, 150596
12.45, 148336
12.49, 146399
12.53, 144512
12.57, 142742
12.61, 139568
12.65, 137227
12.69, 134867
12.74, 132761
12.78, 131004
12.82, 129295
12.87, 127669
12.91, 126157
12.94, 124795
12.98, 123448
13.02, 122124
13.06, 120837
13.10, 119646
13.14, 118475
13.19, 117254
13.23, 116124
13.27, 115069
13.31, 114287
13.36, 113518
13.40, 112834
13.44, 112178
13.48, 111527
13.51, 110900
13.55, 110326
13.59, 109861
13.64, 109410
13.68, 108962
13.72, 108577
13.76, 108302
13.80, 107794
13.84, 107537
13.88, 107368
13.93, 107264
13.97, 107089
14.01, 106976
