0.04, 534780
0.08, 514373
0.12, 493052
0.16, 473045
0.20, 453705
0.25, 435217
0.29, 417239
0.33, 400992
0.37, 383433
0.41, 367279
0.45, 352239
0.49, 339189
0.52, 326140
0.56, 313134
0.60, 300850
0.64, 289516
0.67, 279054
0.71, 270295
0.75, 262365
0.79, 252884
0.83, 245531
0.87, 237135
0.91, 230489
0.95, 224756
1.00, 217723
1.04, 211482
1.09, 206178
1.13, 200604
1.17, 195579
1.22, 190869
1.26, 186274
1.30, 180160
1.34, 176467
1.37, 172828
1.41, 169225
1.45, 165696
1.49, 161247
1.52, 157821
1.56, 154366
1.60, 151703
1.64, 149091
1.67, 146507
1.71, 143941
1.75, 141396
1.79, 138975
1.83, 136606
1.87, 134246
1.90, 132245
1.94, 130283
1.98, 128410
2.02, 126920
2.06, 125465
2.09, 124062
2.13, 122144
2.17, 120345
2.21, 118977
2.26, 117767
2.29, 116699
2.33, 115302
2.37, 114369
2.41, 113545
2.45, 112738
2.49, 111977
2.53, 111319
2.56, 110682
2.60, 110069
2.64, 109515
2.68, 109120
2.72, 108793
2.75, 108607
2.80, 108074
2.83, 107871
2.87, 107806
2.91, 107744
2.95, 107569
3.03, 536072
3.07, 512186
3.11, 490082
3.15, 469016
3.19, 449240
3.23, 432300
3.27, 415628
3.31, 398023
3.35, 383555
3.39, 370631
3.43, 358408
3.46, 346276
3.50, 334182
3.54, 323670
3.57, 314319
3.61, 302438
3.65, 293119
3.69, 284715
3.73, 276500
3.77, 268112
3.81, 260010
3.85, 252199
3.89, 244586
3.93, 237305
3.97, 230342
4.01, 224393
4.05, 218506
4.09, 211640
4.12, 205127
4.16, 199899
4.20, 194172
4.24, 189113
4.29, 184450
4.33, 180076
4.37, 175974
4.41, 171579
4.45, 167528
4.49, 163517
4.53, 159743
4.57, 156351
4.61, 153329
4.65, 150339
4.69, 147492
4.72, 144287
4.76, 141832
4.80, 139406
4.84, 137129
4.88, 134948
4.92, 132271
4.95, 130114
4.99, 128357
5.03, 126651
5.07, 125025
5.11, 123513
5.15, 122155
5.18, 120214
5.22, 118938
5.26, 117336
5.30, 116099
5.34, 114879
5.38, 113724
5.42, 112694
5.46, 111936
5.49, 111233
5.53, 110561
5.57, 109934
5.61, 109393
5.65, 108857
5.68, 108465
5.72, 108103
5.76, 107776
5.80, 107599
5.84, 107204
5.88, 107039
5.92, 106947
5.99, 510232
6.03, 488083
6.07, 469554
6.11, 451313
6.14, 433258
6.18, 415718
6.22, 398145
6.26, 381988
6.29, 369389
6.33, 357945
6.37, 345805
6.41, 335689
6.45, 324172
6.49, 314186
6.53, 304275
6.57, 295017
6.61, 285668
6.65, 276344
6.69, 268224
6.73, 258953
6.77, 251158
6.81, 244004
6.84, 236412
6.88, 229915
6.92, 223095
6.96, 216484
7.00, 210032
7.04, 203762
7.08, 199104
7.12, 194517
7.16, 190049
7.20, 184108
7.24, 178789
7.28, 174438
7.31, 170197
7.35, 165739
7.39, 162111
7.43, 158741
7.47, 155493
7.50, 152579
7.54, 149676
7.58, 146999
7.62, 144346
7.66, 141385
7.70, 138856
7.74, 136575
7.78, 134660
7.82, 132969
7.87, 131366
7.91, 129704
7.96, 128113
8.01, 126555
8.05, 125084
8.10, 123630
8.14, 120742
8.19, 119521
8.24, 118341
8.28, 117245
8.32, 115648
8.36, 114630
8.40, 113664
8.44, 112710
8.49, 111887
8.53, 111129
8.58, 110476
8.62, 109854
8.66, 109383
8.70, 109002
8.74, 108622
8.78, 108211
8.82, 107934
8.87, 107539
8.91, 107318
8.94, 107114
8.99, 106916
9.03, 106743
9.07, 105727
9.11, 105445
9.15, 105281
9.20, 104833
9.24, 104525
9.28, 104490
9.36, 567719
9.41, 544067
9.45, 522303
9.49, 501570
9.54, 481032
9.58, 462438
9.62, 443966
9.66, 425421
9.70, 407796
9.74, 390319
9.78, 373632
9.82, 358453
9.86, 343751
9.89, 332162
9.93, 320027
9.97, 308155
10.01, 294195
10.05, 284020
10.09, 275554
10.12, 267443
10.16, 259911
10.20, 252514
10.24, 243598
10.28, 237251
10.33, 228454
10.37, 222522
10.41, 215995
10.45, 210756
10.49, 205819
10.53, 200342
10.57, 195201
10.61, 190617
10.65, 186608
10.68, 182849
10.72, 179017
10.76, 175271
10.79, 171401
10.83, 167790
10.87, 164530
10.91, 161326
10.95, 158178
10.99, 155231
11.03, 152099
11.07, 149211
11.11, 146770
11.14, 144392
11.18, 142033
11.22, 139825
11.26, 136191
11.30, 134229
11.34, 132335
11.38, 130538
11.42, 129118
11.46, 126467
11.49, 124175
11.53, 122860
11.57, 121614
11.61, 120173
11.65, 118957
11.69, 117927
11.73, 116970
11.77, 116064
11.82, 115195
11.87, 114396
11.91, 113623
11.95, 113062
11.99, 112502
12.03, 111952
12.07, 111447
12.10, 111036
12.15, 110651
12.18, 110321
12.22, 109061
12.26, 108834
12.30, 108659
12.33, 108494
12.37, 108381
