0.00, 511668
0.00, 495967
0.00, 489344
0.05, 485567
0.05, 483020
0.05, 481430
0.05, 469800
0.20, 469092
0.20, 466441
0.22, 463977
0.22, 463891
0.23, 462792
0.26, 459338
0.26, 456429
0.26, 454709
0.26, 447486
0.27, 447123
0.28, 440599
0.28, 440568
0.28, 435371
0.28, 434599
0.28, 423920
0.29, 414192
0.29, 412097
0.29, 410863
0.29, 410211
0.29, 409461
0.29, 407626
0.29, 402095
0.29, 398020
0.29, 396689
0.29, 393712
0.29, 388528
0.29, 387319
0.29, 387250
0.29, 382856
0.29, 381123
0.29, 380158
0.29, 375801
0.29, 374331
0.29, 374180
0.31, 373234
0.31, 372113
0.31, 370294
0.31, 367197
0.31, 365947
0.31, 363951
0.31, 363472
0.31, 358802
0.31, 352090
0.31, 351585
0.31, 350690
0.31, 349552
0.31, 347384
0.31, 346233
0.31, 345631
0.31, 341788
0.31, 338974
0.32, 337529
0.32, 328316
0.32, 328173
0.32, 325181
0.32, 324299
0.32, 324136
0.32, 318987
0.32, 318111
0.32, 314689
0.32, 314037
0.32, 312398
0.32, 307498
0.32, 305677
0.32, 296324
0.33, 293325
0.33, 291374
0.33, 289278
0.33, 288876
0.33, 283630
0.33, 282187
0.33, 281493
0.33, 279910
0.33, 279110
0.33, 278700
0.33, 277582
0.33, 273929
0.33, 272480
0.33, 272332
0.33, 271806
0.33, 267865
0.34, 267092
0.34, 266410
0.34, 262640
0.34, 261909
0.34, 261022
0.34, 260951
0.34, 259476
0.34, 257817
0.34, 256794
0.34, 256390
0.34, 255821
0.34, 255606
0.34, 255456
0.34, 252624
0.34, 251572
0.34, 250367
0.34, 249402
0.34, 248310
0.34, 246822
0.34, 246627
0.34, 241859
0.34, 240618
0.34, 239992
0.35, 238810
0.35, 234547
0.35, 230773
0.35, 229640
0.35, 228947
0.35, 226818
0.35, 225514
0.35, 224397
0.35, 222923
0.35, 222892
0.35, 222629
0.35, 222442
0.35, 221870
0.35, 221048
0.35, 217315
0.35, 217167
0.35, 216091
0.35, 214729
0.35, 212172
0.35, 211856
0.35, 211271
0.35, 209458
0.35, 207839
0.35, 199584
0.35, 197795
0.36, 194663
0.36, 194658
0.36, 194274
0.36, 194143
0.36, 193534
0.36, 193254
0.36, 193215
0.36, 191400
0.36, 189881
0.36, 189253
0.36, 188972
0.36, 187973
0.36, 187646
0.36, 186247
0.36, 182902
0.36, 182016
0.36, 180860
0.36, 178572
0.36, 172561
0.37, 172063
0.37, 170718
0.37, 168829
0.37, 166145
0.37, 163989
0.37, 163162
0.37, 163142
0.37, 159968
0.37, 158763
0.37, 156361
0.37, 155774
0.37, 155408
0.37, 155248
0.37, 153284
0.37, 152889
0.37, 152768
0.37, 152260
0.38, 151881
0.39, 150825
0.39, 150549
0.39, 150389
0.39, 148684
0.39, 148455
0.39, 147590
0.40, 147026
0.40, 146658
0.40, 146091
0.40, 145738
0.40, 144699
0.40, 144362
0.40, 144335
0.41, 144153
0.41, 144101
0.41, 143740
0.41, 143648
0.41, 142799
0.41, 141802
0.41, 141759
0.41, 140778
0.41, 139867
0.42, 139641
0.42, 138846
0.42, 138472
0.42, 138366
0.42, 137627
0.42, 136749
0.42, 136585
0.43, 135461
0.43, 130941
0.43, 130594
0.44, 130582
0.44, 128862
0.44, 127013
0.45, 126787
0.45, 125844
0.46, 125460
0.46, 125062
0.46, 124383
0.46, 124169
0.46, 123758
0.47, 123610
0.47, 123247
0.47, 123185
0.47, 122635
0.47, 122567
0.47, 121410
0.48, 120444
0.48, 119508
0.48, 118584
0.49, 118528
0.49, 118253
0.49, 117771
0.50, 116775
0.50, 115963
0.52, 114463
0.53, 114320
0.56, 114000
0.61, 113756
0.69, 112984
0.70, 111437
0.70, 110904
1.26, 110869
4.40, 110751
