0.00, 7392779
0.00, 7296447
0.00, 7289221
0.00, 7261593
0.00, 7179833
0.00, 7011939
0.00, 6990824
0.00, 6836631
0.01, 6830614
0.01, 6810326
0.01, 6718316
0.01, 6672130
0.01, 6593525
0.01, 6499856
0.01, 6480807
0.01, 6399284
0.01, 6376300
0.04, 6310238
0.04, 6281798
0.13, 6207994
0.14, 6184878
0.14, 6140238
0.14, 6020463
0.14, 5904260
0.16, 5695325
0.18, 5617501
0.18, 5534793
0.18, 5510832
0.19, 5424545
0.19, 5418841
0.19, 5412454
0.19, 5348663
0.19, 5331733
0.19, 5322322
0.19, 5312351
0.19, 5301793
0.19, 5231502
0.19, 5113104
0.19, 5027737
0.19, 5009648
0.19, 4995813
0.19, 4995575
0.19, 4983713
0.19, 4957542
0.19, 4928245
0.19, 4872593
0.19, 4840984
0.19, 4831911
0.19, 4727842
0.19, 4654140
0.19, 4621430
0.19, 4590651
0.19, 4580053
0.19, 4515597
0.19, 4498857
0.19, 4439755
0.19, 4409585
0.19, 4408310
0.19, 4372715
0.19, 4326939
0.20, 4303360
0.20, 4288777
0.20, 4260572
0.20, 4256318
0.20, 4249791
0.20, 4248803
0.20, 4224522
0.20, 4215613
0.20, 4203374
0.20, 4174000
0.20, 4162565
0.20, 4017408
0.20, 4006732
0.20, 3948472
0.20, 3948085
0.20, 3939233
0.20, 3879019
0.20, 3878543
0.20, 3867297
0.20, 3860179
0.20, 3840837
0.21, 3840436
0.21, 3834468
0.21, 3756212
0.21, 3708974
0.21, 3702245
0.21, 3702227
0.21, 3692986
0.21, 3669219
0.21, 3618143
0.21, 3617628
0.21, 3599665
0.21, 3547745
0.21, 3546530
0.21, 3541974
0.21, 3527111
0.21, 3508698
0.21, 3394587
0.21, 3386956
0.21, 3374005
0.21, 3366587
0.21, 3366018
0.21, 3353846
0.21, 3347442
0.21, 3338645
0.21, 3329671
0.22, 3272741
0.22, 3224922
0.22, 3164310
0.22, 3156908
0.22, 3149487
0.22, 3113617
0.22, 3071088
0.22, 3070449
0.22, 2998677
0.22, 2983073
0.22, 2918040
0.22, 2908998
0.22, 2900808
0.22, 2883231
0.22, 2878727
0.22, 2864102
0.22, 2828427
0.23, 2817524
0.23, 2791805
0.23, 2774405
0.23, 2764171
0.23, 2694422
0.23, 2691019
0.23, 2688925
0.23, 2677355
0.23, 2655428
0.23, 2636750
0.23, 2630543
0.23, 2619679
0.23, 2617364
0.23, 2558486
0.24, 2543621
0.24, 2511400
0.24, 2511213
0.24, 2497234
0.24, 2474436
0.24, 2455658
0.24, 2448288
0.24, 2445847
0.24, 2430617
0.24, 2415370
0.24, 2405807
0.24, 2383392
0.24, 2378035
0.24, 2373131
0.24, 2372177
0.24, 2358660
0.24, 2352181
0.25, 2342201
0.25, 2328833
0.25, 2318928
0.25, 2308166
0.25, 2288785
0.25, 2285026
0.25, 2279531
0.25, 2274796
0.25, 2269747
0.25, 2264239
0.25, 2264147
0.25, 2256298
0.25, 2238066
0.25, 2199904
0.26, 2191553
0.26, 2174190
0.26, 2164746
0.26, 2151452
0.26, 2151264
0.26, 2139011
0.26, 2130847
0.26, 2127296
0.26, 2124253
0.26, 2124209
0.26, 2121244
0.26, 2120899
0.26, 2113311
0.26, 2103260
0.26, 2095481
0.26, 2081489
0.27, 2065688
0.27, 2038456
0.27, 2029396
0.27, 2028147
0.27, 2010492
0.27, 2002444
0.27, 1999318
0.27, 1984778
0.27, 1976282
0.27, 1974372
0.28, 1967701
0.28, 1960836
0.28, 1956100
0.29, 1947915
0.29, 1943863
0.29, 1942326
0.29, 1934074
0.30, 1933776
0.30, 1932737
0.30, 1928834
0.31, 1928218
0.32, 1923976
0.32, 1923281
0.32, 1912110
0.33, 1909237
0.33, 1908494
0.33, 1902432
0.34, 1899451
0.35, 1893303
0.36, 1890518
1.29, 1884924
1.29, 1884820
1.29, 1837646
1.29, 1833930
1.29, 1803706
1.29, 1789929
1.30, 1789903
1.30, 1789788
1.30, 1785436
1.31, 1739886
1.31, 1735794
1.31, 1725908
1.31, 1718501
1.31, 1718286
1.32, 1705459
1.32, 1699223
1.32, 1650510
1.33, 1647656
1.34, 1643511
1.37, 1643023
1.39, 1641791
