0.02, 6694748
0.05, 6322903
0.07, 5986789
0.10, 5679118
0.12, 5380838
0.14, 5092186
0.17, 4831356
0.19, 4599702
0.21, 4362246
0.24, 4115408
0.26, 3899160
0.28, 3703073
0.30, 3541986
0.33, 3394643
0.35, 3249173
0.37, 3106840
0.39, 2986658
0.41, 2873015
0.43, 2776006
0.45, 2674837
0.47, 2585345
0.49, 2504048
0.51, 2451725
0.53, 2409231
0.55, 2370302
0.58, 2332953
0.60, 2296999
0.62, 2262983
0.64, 2229509
0.67, 2194587
0.69, 2164975
0.71, 2135527
0.73, 2100718
0.75, 2071465
0.77, 2042774
0.79, 2014170
0.81, 1986778
0.83, 1960543
0.85, 1932834
0.87, 1907317
0.89, 1880739
0.91, 1855403
0.93, 1837394
0.95, 1821242
0.97, 1807815
1.00, 1794694
1.02, 1782495
1.04, 1765424
1.06, 1754734
1.08, 1744651
1.10, 1734857
1.12, 1727627
1.14, 1714374
1.16, 1707942
1.18, 1701706
1.20, 1689899
1.22, 1684793
1.24, 1680537
1.26, 1678155
1.28, 1676980
1.30, 1676494
1.32, 1676288
1.34, 1673370
1.36, 1670734
1.40, 7141741
1.42, 6782162
1.44, 6425938
1.46, 6079624
1.48, 5741138
1.50, 5409066
1.52, 5184522
1.54, 4942953
1.56, 4737075
1.58, 4546666
1.60, 4361023
1.62, 4179080
1.64, 4002306
1.66, 3838210
1.68, 3662305
1.70, 3509489
1.72, 3393601
1.75, 3276747
1.77, 3169104
1.79, 3057084
1.81, 2957711
1.83, 2862175
1.85, 2775867
1.88, 2691904
1.91, 2611079
1.93, 2527189
1.95, 2450972
1.98, 2380337
2.00, 2310046
2.03, 2248779
2.05, 2198503
2.08, 2158367
2.10, 2119001
2.13, 2083530
2.15, 2043532
2.18, 2005073
2.21, 1972870
2.23, 1935342
2.26, 1903702
2.28, 1878607
2.31, 1856893
2.33, 1834379
2.36, 1814558
2.38, 1795429
2.40, 1776998
2.42, 1760861
2.44, 1745761
2.47, 1731746
2.49, 1720975
2.51, 1712579
2.53, 1702779
2.56, 1694731
2.58, 1688740
2.60, 1683432
2.63, 1679462
2.65, 1675529
2.68, 1662702
2.70, 1654965
2.72, 1651852
2.74, 1641769
2.76, 1638975
2.78, 1636688
2.81, 1626073
2.83, 1624065
2.85, 1622371
2.87, 1621508
2.89, 1621022
2.94, 7432333
2.96, 7074074
2.99, 6754088
3.01, 6461132
3.03, 6127578
3.05, 5800792
3.07, 5539477
3.09, 5290608
3.11, 5062017
3.13, 4826336
3.15, 4605871
3.18, 4418578
3.20, 4231461
3.22, 4052083
3.24, 3873789
3.26, 3720199
3.29, 3570576
3.31, 3422607
3.33, 3277761
3.36, 3137660
3.38, 3020767
3.40, 2905609
3.42, 2821496
3.44, 2730580
3.46, 2641679
3.48, 2562683
3.50, 2507748
3.52, 2459335
3.54, 2405125
3.56, 2357947
3.58, 2317916
3.60, 2270489
3.63, 2230708
3.65, 2194295
3.67, 2162684
3.69, 2131542
3.71, 2104964
3.73, 2079574
3.75, 2054897
3.77, 2030572
3.79, 2010063
3.81, 1992065
3.84, 1974499
3.86, 1953124
3.88, 1936758
3.91, 1920656
3.93, 1886390
3.95, 1871258
3.98, 1846891
4.00, 1826978
4.02, 1812238
4.04, 1798733
4.06, 1786126
4.08, 1766565
4.10, 1754579
4.12, 1741119
4.14, 1730786
4.16, 1720851
4.18, 1711230
4.20, 1702951
4.22, 1669302
4.24, 1661254
4.26, 1653836
4.28, 1646681
4.30, 1640047
4.32, 1637036
4.35, 1634914
4.37, 1632887
4.39, 1630985
4.41, 1611235
4.43, 1597708
4.45, 1596295
4.47, 1595809
4.49, 1595362
4.53, 6949863
4.55, 6481375
4.57, 6138779
4.59, 5773070
4.61, 5446586
4.63, 5161041
4.65, 4904247
4.67, 4694915
4.69, 4465457
4.71, 4253501
4.73, 4048557
4.75, 3845348
4.77, 3694062
4.79, 3546504
4.81, 3410044
4.83, 3281932
4.86, 3170892
4.88, 3062961
4.90, 2935511
4.92, 2840930
4.95, 2735483
4.97, 2650460
4.99, 2569892
5.01, 2488887
5.03, 2412362
5.05, 2350932
5.07, 2295964
5.09, 2239641
5.11, 2199505
5.13, 2154372
5.15, 2116239
5.17, 2077529
5.19, 2041263
5.21, 2005229
5.23, 1977979
5.25, 1952288
5.27, 1927261
5.29, 1903407
5.31, 1873203
5.33, 1851442
5.35, 1829125
5.37, 1807517
5.40, 1776776
5.42, 1757790
5.44, 1743411
5.46, 1733055
5.48, 1723600
5.50, 1702442
5.52, 1693431
5.54, 1686276
5.56, 1679730
5.58, 1673725
5.60, 1667823
5.62, 1662574
5.64, 1653655
5.66, 1650484
5.68, 1648357
5.70, 1646742
5.73, 1644417
5.75, 1641112
5.77, 1639512
5.79, 1638099
5.81, 1626147
5.83, 1624915
5.85, 1624052
5.87, 1623605
5.89, 1623324
5.92, 1623298
5.94, 1620895
