0.00, 7261194
0.00, 7215354
0.00, 7094894
0.00, 6924763
0.01, 6907487
0.02, 6811059
0.02, 6771456
0.02, 6770872
0.02, 6536503
0.02, 6476867
0.04, 6366502
0.04, 6353998
0.05, 6346254
0.09, 6270775
0.09, 6073514
0.09, 6056972
0.09, 6030665
0.09, 5978944
0.09, 5812772
0.19, 5806353
0.19, 5746052
0.19, 5727620
0.20, 5672793
0.20, 5667259
0.20, 5567565
0.20, 5544952
0.20, 5517003
0.20, 5512741
0.20, 5478809
0.20, 5475508
0.20, 5461927
0.20, 5371782
0.20, 5347578
0.20, 5345598
0.20, 5341889
0.20, 5291671
0.21, 5271570
0.21, 5254584
0.21, 5213435
0.21, 5123668
0.21, 5099070
0.21, 5096332
0.21, 5095228
0.21, 5092731
0.21, 4985721
0.21, 4883085
0.21, 4785698
0.21, 4781873
0.22, 4769722
0.22, 4707669
0.22, 4660639
0.22, 4502613
0.22, 4500067
0.23, 4495527
0.23, 4457179
0.23, 4407779
0.23, 4393757
0.23, 4281399
0.23, 4280160
0.23, 4260215
0.23, 4251565
0.23, 4004009
0.23, 3977583
0.23, 3968340
0.23, 3966650
0.23, 3948624
0.23, 3944100
0.23, 3930344
0.23, 3921322
0.23, 3900195
0.23, 3844203
0.23, 3782440
0.23, 3781025
0.23, 3779400
0.23, 3755883
0.23, 3755746
0.23, 3747547
0.24, 3742564
0.24, 3714558
0.24, 3705068
0.24, 3694416
0.24, 3612986
0.24, 3598659
0.24, 3594308
0.24, 3561874
0.24, 3535803
0.24, 3533436
0.24, 3512643
0.24, 3462195
0.24, 3393440
0.24, 3361968
0.24, 3345974
0.24, 3307415
0.25, 3263683
0.25, 3256947
0.25, 3222203
0.25, 3218791
0.25, 3213276
0.25, 3203230
0.25, 3201614
0.25, 3196854
0.25, 3033195
0.25, 3026651
0.25, 3010365
0.25, 3002977
0.25, 3001251
0.25, 2966352
0.25, 2923012
0.25, 2914202
0.25, 2895725
0.25, 2878842
0.25, 2841044
0.25, 2832232
0.25, 2822127
0.25, 2811382
0.25, 2743614
0.25, 2729612
0.25, 2717866
0.25, 2712181
0.26, 2699071
0.26, 2693038
0.26, 2689295
0.26, 2674559
0.26, 2665434
0.26, 2663384
0.26, 2662200
0.26, 2648103
0.26, 2635926
0.26, 2628556
0.26, 2623708
0.26, 2575305
0.26, 2567592
0.26, 2480270
0.26, 2469049
0.26, 2464003
0.26, 2445244
0.26, 2422707
0.27, 2420774
0.27, 2382902
0.27, 2376041
0.27, 2354454
0.27, 2334307
0.27, 2332108
0.27, 2329452
0.28, 2325745
0.28, 2283952
0.28, 2282574
0.29, 2281185
0.29, 2272445
0.29, 2264663
0.29, 2259620
0.29, 2222130
0.29, 2217700
0.29, 2215064
0.29, 2206018
0.30, 2204485
0.30, 2198882
0.30, 2189199
0.30, 2177123
0.30, 2175147
0.30, 2174197
0.30, 2168136
0.30, 2163606
0.30, 2154976
0.30, 2152797
0.30, 2113878
0.30, 2088586
0.31, 2082617
0.31, 2045423
0.31, 2044870
0.31, 2044255
0.31, 2043940
0.31, 2042132
0.31, 2037665
0.32, 2026623
0.32, 2004719
0.32, 2003527
0.32, 1978485
0.32, 1977349
0.32, 1971206
0.32, 1963378
0.32, 1961272
0.32, 1958253
0.32, 1943119
0.32, 1939974
0.32, 1932295
0.33, 1930036
0.33, 1927930
0.33, 1899419
0.33, 1881775
0.33, 1862490
0.33, 1857622
0.33, 1855967
0.34, 1848994
0.34, 1841746
0.34, 1835120
0.34, 1834073
0.34, 1831466
0.35, 1830053
0.35, 1825362
0.36, 1821207
0.36, 1808576
0.36, 1808563
0.36, 1797005
0.36, 1785258
0.36, 1777602
0.36, 1775345
0.38, 1768377
0.38, 1766891
0.38, 1762942
0.38, 1761269
0.38, 1758976
0.38, 1757712
0.39, 1754216
0.40, 1748918
0.40, 1745387
0.41, 1734496
0.42, 1716143
0.62, 1663989
0.89, 1663126
2.10, 1660272
2.17, 1655166
3.88, 1648471
