0.02, 7052444
0.05, 6703295
0.07, 6380673
0.10, 6094730
0.12, 5785128
0.14, 5524301
0.16, 5252300
0.18, 4994669
0.20, 4742491
0.22, 4521932
0.25, 4327652
0.27, 4140233
0.29, 3973973
0.31, 3809650
0.34, 3662433
0.36, 3520698
0.38, 3383355
0.40, 3251428
0.42, 3129468
0.44, 3024350
0.46, 2892523
0.49, 2796414
0.51, 2701473
0.53, 2616541
0.55, 2540601
0.57, 2478016
0.59, 2414751
0.61, 2346376
0.63, 2278612
0.65, 2237626
0.67, 2198882
0.70, 2160321
0.72, 2125008
0.74, 2092727
0.76, 2064144
0.78, 2037261
0.80, 2004338
0.82, 1972343
0.84, 1948735
0.86, 1925362
0.88, 1902327
0.91, 1879086
0.93, 1860100
0.95, 1841266
0.97, 1828440
0.99, 1812998
1.01, 1799896
1.03, 1783587
1.05, 1770874
1.08, 1760541
1.10, 1750227
1.12, 1740130
1.14, 1730079
1.16, 1720866
1.18, 1676792
1.20, 1666862
1.22, 1661708
1.24, 1657259
1.26, 1654088
1.28, 1651170
1.30, 1649254
1.32, 1648022
1.37, 7614939
1.39, 7128184
1.41, 6785601
1.44, 6455702
1.46, 6177506
1.48, 5899353
1.51, 5628466
1.53, 5371695
1.55, 5147282
1.57, 4923266
1.59, 4676535
1.61, 4471903
1.63, 4277732
1.66, 4090518
1.68, 3923517
1.70, 3752082
1.72, 3592316
1.75, 3442252
1.77, 3314961
1.80, 3188187
1.83, 3079706
1.85, 2972697
1.87, 2873820
1.90, 2782512
1.92, 2709646
1.94, 2647128
1.96, 2589142
1.98, 2533114
2.00, 2478435
2.02, 2425773
2.04, 2374510
2.06, 2333912
2.08, 2261304
2.10, 2221285
2.12, 2187716
2.14, 2069010
2.16, 2025822
2.18, 1994048
2.20, 1962546
2.22, 1931633
2.24, 1905723
2.26, 1881465
2.28, 1857663
2.31, 1834069
2.33, 1814203
2.35, 1797677
2.37, 1782200
2.39, 1768695
2.41, 1757384
2.43, 1746205
2.46, 1735872
2.48, 1726479
2.50, 1718536
2.52, 1706729
2.54, 1699141
2.56, 1682758
2.58, 1671606
2.61, 1668881
2.63, 1655628
2.65, 1653246
2.67, 1651696
2.69, 1651057
2.71, 1650644
2.74, 1647593
2.76, 1647567
2.78, 1645164
2.82, 6623806
2.84, 6317321
2.86, 6001525
2.89, 5716083
2.91, 5434616
2.93, 5168043
2.95, 4919433
2.97, 4696094
2.99, 4489451
3.01, 4291043
3.03, 4098631
3.05, 3932484
3.07, 3768282
3.09, 3610323
3.12, 3463825
3.14, 3330466
3.16, 3210625
3.18, 3092262
3.20, 2989748
3.22, 2894153
3.24, 2806727
3.26, 2692298
3.28, 2597163
3.30, 2468510
3.32, 2384803
3.34, 2302219
3.36, 2231227
3.38, 2177567
3.40, 2129607
3.42, 2088890
3.44, 2036820
3.47, 1997560
3.49, 1960845
3.51, 1928554
3.53, 1895135
3.55, 1868567
3.57, 1843050
3.60, 1816472
3.62, 1791847
3.64, 1767731
3.66, 1751558
3.68, 1736713
3.70, 1724082
3.72, 1712611
3.74, 1702681
3.76, 1695037
3.78, 1685023
3.80, 1679018
3.82, 1673117
3.84, 1667490
3.86, 1662236
3.88, 1658372
3.90, 1654813
3.92, 1651630
3.94, 1650026
3.96, 1648382
3.99, 1646782
4.01, 1645863
4.03, 1645000
4.05, 1644625
4.07, 1641571
4.09, 1638415
4.13, 6446543
4.15, 6097300
4.17, 5793537
4.19, 5489462
4.21, 5193013
4.23, 4919721
4.25, 4659423
4.27, 4403369
4.30, 4166729
4.32, 4033697
4.34, 3900670
4.36, 3774497
4.38, 3650143
4.40, 3522864
4.42, 3400788
4.44, 3287633
4.46, 3171540
4.48, 3053003
4.51, 2955700
4.53, 2861962
4.55, 2774536
4.57, 2692419
4.59, 2598684
4.62, 2499588
4.64, 2421985
4.66, 2360751
4.68, 2289974
4.70, 2225814
4.72, 2165638
4.74, 2120962
4.76, 2078098
4.78, 2037895
4.81, 1994885
4.83, 1962003
4.85, 1934956
4.87, 1908712
4.89, 1884723
4.91, 1854585
4.93, 1832824
4.95, 1813429
4.97, 1795837
5.00, 1779139
5.02, 1764994
5.04, 1752820
5.06, 1726264
5.08, 1714793
5.11, 1703642
5.13, 1692516
5.15, 1681400
5.17, 1671470
5.20, 1665415
5.22, 1659561
5.24, 1653945
5.27, 1644300
5.29, 1639121
5.31, 1634597
5.33, 1632194
5.35, 1630781
5.37, 1618829
5.39, 1617966
