0.02, 6905884
0.04, 6527707
0.07, 6170054
0.09, 5856095
0.11, 5571793
0.13, 5246582
0.15, 4991220
0.17, 4727941
0.19, 4471840
0.21, 4315963
0.23, 4167689
0.25, 4017715
0.27, 3784803
0.29, 3637788
0.31, 3496933
0.34, 3365382
0.36, 3228169
0.38, 3099729
0.41, 2983073
0.43, 2864104
0.45, 2760827
0.47, 2680304
0.49, 2605957
0.51, 2537083
0.53, 2472431
0.55, 2408490
0.57, 2350669
0.60, 2294023
0.62, 2238995
0.64, 2185155
0.66, 2131785
0.68, 2079414
0.70, 2039278
0.72, 2000766
0.74, 1964051
0.76, 1929937
0.78, 1901755
0.81, 1870049
0.83, 1843042
0.85, 1817939
0.87, 1795481
0.89, 1775656
0.91, 1757421
0.93, 1742925
0.95, 1729362
0.97, 1703889
0.99, 1690503
1.01, 1678117
1.04, 1666255
1.06, 1655941
1.08, 1647149
1.10, 1638521
1.12, 1633367
1.14, 1628255
1.17, 1624288
1.19, 1621159
1.21, 1618756
1.23, 1616840
1.25, 1615608
1.27, 1615161
1.31, 6665642
1.33, 6335113
1.35, 6028245
1.37, 5745483
1.40, 5486696
1.42, 5238431
1.44, 4933594
1.46, 4711530
1.48, 4502714
1.51, 4279023
1.53, 4084645
1.55, 3922520
1.57, 3757855
1.59, 3625605
1.61, 3515946
1.63, 3406865
1.65, 3275086
1.68, 3169133
1.70, 3072076
1.72, 2979332
1.74, 2887560
1.76, 2800613
1.78, 2728547
1.80, 2651822
1.82, 2553606
1.84, 2424960
1.86, 2348324
1.88, 2281541
1.90, 2218931
1.92, 2173188
1.94, 2122501
1.96, 2083132
1.99, 2055329
2.01, 2027618
2.03, 2000091
2.05, 1976773
2.07, 1941649
2.09, 1920588
2.11, 1897173
2.13, 1876291
2.15, 1858557
2.17, 1842031
2.20, 1826387
2.22, 1808606
2.24, 1793422
2.26, 1766214
2.29, 1753497
2.31, 1732991
2.33, 1720360
2.35, 1708324
2.37, 1697601
2.39, 1687245
2.41, 1676931
2.44, 1668209
2.46, 1661550
2.48, 1655373
2.50, 1645814
2.52, 1638412
2.54, 1632820
2.56, 1616245
2.58, 1610780
2.60, 1599618
2.62, 1594910
2.65, 1590467
2.67, 1586187
2.69, 1581081
2.71, 1578163
2.73, 1575843
2.75, 1571979
2.77, 1570566
2.82, 6603647
2.84, 6225212
2.86, 5880214
2.88, 5574186
2.90, 5274609
2.92, 5000827
2.94, 4794455
2.96, 4567388
2.98, 4334754
3.01, 4154827
3.03, 3975798
3.05, 3797550
3.07, 3636424
3.09, 3480186
3.11, 3329176
3.13, 3180721
3.15, 3053759
3.17, 2949857
3.19, 2827129
3.21, 2734899
3.23, 2644652
3.26, 2561590
3.28, 2480168
3.30, 2414931
3.32, 2359500
3.34, 2290689
3.36, 2230192
3.38, 2176352
3.41, 2129452
3.43, 2072879
3.45, 2040124
3.47, 2007936
3.49, 1969056
3.51, 1941529
3.53, 1914692
3.56, 1889565
3.58, 1865257
3.60, 1843369
3.62, 1819356
3.64, 1792887
3.66, 1769434
3.68, 1754868
3.70, 1741084
3.72, 1727963
3.75, 1716306
3.77, 1705583
3.79, 1696308
3.81, 1687748
3.83, 1667066
3.85, 1658517
3.87, 1644896
3.89, 1637485
3.91, 1630083
3.93, 1624977
3.96, 1622119
3.98, 1615077
4.00, 1612674
4.02, 1610711
4.04, 1609568
4.06, 1608705
4.08, 1608258
4.12, 7911094
4.14, 7495303
4.16, 7103029
4.18, 6719339
4.20, 6361166
4.22, 6011971
4.24, 5680838
4.26, 5405263
4.29, 5167582
4.31, 4912445
4.34, 4693394
4.36, 4518392
4.39, 4332050
4.41, 4143767
4.44, 3983081
4.47, 3833895
4.49, 3684368
4.51, 3548182
4.54, 3413852
4.56, 3286498
4.58, 3161644
4.60, 3037568
4.62, 2918598
4.64, 2805550
4.66, 2707131
4.68, 2615001
4.70, 2530128
4.73, 2457440
4.75, 2388972
4.77, 2333935
4.79, 2269747
4.81, 2221712
4.83, 2171714
4.85, 2129220
4.87, 2091533
4.89, 2055839
4.91, 2027241
4.94, 1998931
4.96, 1971356
4.98, 1948526
5.00, 1914260
5.02, 1891544
5.04, 1868990
5.06, 1849689
5.08, 1822361
5.10, 1800960
5.12, 1785776
5.14, 1758568
5.16, 1747095
5.18, 1736372
5.21, 1726275
5.23, 1716982
5.25, 1706668
5.27, 1697657
5.29, 1682254
5.31, 1671564
5.33, 1662673
5.35, 1655564
5.37, 1648601
5.39, 1642660
5.41, 1639099
5.43, 1636696
5.45, 1634771
5.47, 1630258
5.49, 1622548
5.51, 1614154
5.53, 1612238
5.55, 1611596
