0.00, 7520317
0.00, 7487215
0.00, 7478480
0.00, 7443450
0.00, 7427634
0.00, 7382848
0.00, 7360334
0.00, 7311162
0.00, 7222143
0.00, 7212923
0.00, 6960129
0.00, 6845930
0.00, 6726136
0.00, 6663244
0.00, 6634773
0.00, 6591996
0.00, 6547614
0.00, 6420133
0.05, 6390933
0.05, 6383056
0.05, 6381445
0.10, 6315297
0.10, 6307264
0.10, 6278816
0.10, 6272311
0.11, 6250427
0.11, 6215962
0.14, 6157071
0.15, 5977225
0.15, 5950351
0.15, 5939364
0.15, 5900351
0.15, 5885279
0.17, 5747979
0.17, 5716240
0.17, 5592684
0.17, 5542904
0.17, 5520979
0.19, 5439798
0.19, 5412784
0.19, 5372382
0.19, 5359062
0.19, 5349306
0.19, 5211890
0.19, 5139715
0.19, 5125232
0.19, 5100007
0.19, 5075789
0.19, 5041058
0.19, 5033047
0.19, 4841588
0.19, 4781257
0.19, 4728054
0.19, 4713615
0.19, 4476479
0.19, 4466045
0.19, 4390045
0.19, 4366667
0.19, 4342541
0.19, 4138767
0.19, 4082594
0.19, 4070401
0.19, 3954589
0.21, 3943151
0.21, 3932240
0.21, 3904830
0.21, 3871036
0.21, 3822234
0.21, 3803036
0.21, 3758310
0.22, 3749488
0.22, 3724628
0.22, 3707869
0.22, 3705949
0.22, 3649852
0.22, 3626719
0.22, 3579516
0.22, 3502870
0.22, 3486583
0.22, 3475710
0.22, 3469514
0.22, 3469090
0.22, 3462598
0.22, 3360496
0.22, 3357530
0.22, 3325898
0.22, 3324859
0.22, 3288281
0.22, 3286096
0.22, 3266770
0.22, 3266418
0.22, 3248003
0.22, 3232348
0.22, 3207800
0.22, 3192392
0.22, 3186025
0.22, 3179524
0.22, 3162419
0.22, 3083865
0.22, 3070936
0.22, 3060411
0.22, 3019957
0.22, 2965167
0.23, 2924693
0.23, 2869808
0.23, 2863394
0.23, 2854828
0.23, 2851226
0.23, 2821639
0.23, 2801837
0.23, 2754708
0.23, 2745585
0.23, 2722162
0.23, 2717451
0.23, 2662292
0.23, 2617743
0.23, 2606018
0.23, 2573949
0.24, 2572514
0.24, 2570498
0.24, 2568814
0.24, 2566339
0.24, 2557149
0.24, 2550378
0.24, 2540970
0.24, 2540909
0.24, 2540195
0.24, 2536921
0.25, 2521251
0.25, 2518313
0.25, 2491711
0.25, 2485446
0.25, 2455139
0.25, 2442472
0.25, 2437101
0.25, 2425832
0.25, 2418437
0.25, 2398490
0.25, 2395801
0.25, 2391623
0.25, 2387365
0.25, 2370695
0.25, 2370019
0.25, 2361824
0.25, 2356328
0.25, 2320451
0.25, 2311763
0.25, 2295108
0.25, 2291308
0.25, 2279629
0.25, 2258259
0.25, 2250120
0.26, 2233359
0.26, 2228316
0.26, 2220789
0.26, 2205994
0.26, 2186709
0.26, 2175779
0.26, 2165783
0.26, 2151237
0.26, 2133191
0.26, 2130428
0.26, 2127189
0.26, 2119652
0.26, 2116694
0.26, 2094772
0.26, 2093059
0.26, 2060350
0.26, 2033492
0.27, 2014999
0.27, 2013114
0.27, 2003670
0.27, 1999245
0.27, 1963669
0.27, 1956935
0.28, 1952700
0.28, 1944924
0.28, 1940125
0.28, 1891853
0.29, 1887375
0.29, 1885523
0.29, 1885061
0.30, 1881355
0.30, 1871672
0.30, 1871646
0.31, 1871616
0.31, 1854258
0.31, 1851307
0.32, 1847085
0.32, 1819285
0.32, 1817849
0.32, 1813741
0.32, 1812380
0.32, 1812354
0.33, 1810234
0.33, 1782907
0.33, 1781172
0.34, 1777309
0.35, 1776484
0.35, 1775868
0.35, 1772274
0.36, 1769075
0.36, 1756903
0.36, 1756697
0.37, 1756411
0.37, 1754265
0.37, 1745458
0.39, 1732022
0.39, 1730983
0.40, 1728983
0.42, 1723859
0.43, 1722848
0.99, 1711771
1.00, 1710539
1.05, 1704096
1.07, 1689629
3.42, 1668452
3.43, 1667714
3.43, 1664666
3.43, 1657635
3.43, 1648789
3.44, 1648042
3.44, 1646066
3.44, 1634827
3.45, 1629040
3.46, 1628293
