0.00, 7055947
0.00, 6758580
0.00, 6757306
0.00, 6706238
0.00, 6688602
0.01, 6687822
0.01, 6490273
0.01, 6435857
0.01, 6340181
0.01, 6325399
0.01, 6208828
0.01, 6124255
0.01, 6083652
0.01, 6083458
0.01, 6010378
0.01, 5888427
0.01, 5780284
0.13, 5727780
0.16, 5654838
0.18, 5650064
0.18, 5634239
0.18, 5557614
0.18, 5513384
0.18, 5447898
0.18, 5426816
0.18, 5412120
0.18, 5235254
0.18, 5212367
0.18, 5124954
0.18, 5042463
0.18, 4993904
0.18, 4990654
0.18, 4990509
0.18, 4987645
0.18, 4910490
0.19, 4908560
0.19, 4862646
0.19, 4741434
0.20, 4604415
0.20, 4432164
0.20, 4405914
0.20, 4334766
0.20, 4333187
0.20, 4307278
0.20, 4275915
0.20, 4272920
0.20, 4205089
0.20, 4201022
0.20, 4164899
0.20, 4129957
0.20, 4125942
0.20, 4081812
0.20, 4075531
0.21, 4074208
0.21, 4013291
0.21, 4007285
0.21, 4000460
0.21, 3985848
0.21, 3966023
0.21, 3965274
0.21, 3950389
0.21, 3852507
0.21, 3836040
0.21, 3821922
0.21, 3800491
0.21, 3792407
0.21, 3789475
0.21, 3703845
0.21, 3699990
0.21, 3699867
0.21, 3671330
0.21, 3663303
0.21, 3649332
0.21, 3637055
0.21, 3630697
0.21, 3610886
0.21, 3605030
0.21, 3601496
0.21, 3600598
0.21, 3594812
0.21, 3572621
0.21, 3564787
0.22, 3544110
0.22, 3465371
0.22, 3449112
0.22, 3441309
0.22, 3426293
0.22, 3392623
0.22, 3369625
0.22, 3308660
0.22, 3296912
0.22, 3288852
0.22, 3266846
0.22, 3266655
0.22, 3261143
0.22, 3255400
0.22, 3254043
0.22, 3248478
0.22, 3213987
0.22, 3203956
0.22, 3193216
0.22, 3166136
0.22, 3164497
0.22, 3161243
0.22, 3153726
0.22, 3143390
0.22, 3143383
0.22, 3139266
0.22, 3102200
0.22, 3098473
0.22, 3085296
0.22, 3066606
0.22, 3004080
0.23, 2899375
0.23, 2896337
0.23, 2892238
0.23, 2891704
0.23, 2808154
0.23, 2790771
0.23, 2721552
0.23, 2704899
0.23, 2702328
0.23, 2692177
0.23, 2681805
0.23, 2654228
0.23, 2622752
0.23, 2617086
0.23, 2596340
0.23, 2594407
0.24, 2593892
0.24, 2589806
0.24, 2552353
0.24, 2526394
0.24, 2521764
0.24, 2515307
0.24, 2510214
0.24, 2507789
0.24, 2495849
0.24, 2491556
0.24, 2478721
0.25, 2472931
0.25, 2429234
0.25, 2419455
0.25, 2415635
0.25, 2405619
0.25, 2394593
0.25, 2358487
0.25, 2353335
0.25, 2334733
0.25, 2327536
0.25, 2315596
0.25, 2310053
0.25, 2304221
0.25, 2289680
0.25, 2279249
0.25, 2276710
0.26, 2250099
0.26, 2246846
0.26, 2238399
0.26, 2236212
0.26, 2233594
0.26, 2232509
0.26, 2211798
0.26, 2210361
0.26, 2204594
0.26, 2197916
0.26, 2173971
0.26, 2165125
0.27, 2122776
0.27, 2108474
0.27, 2101505
0.27, 2101225
0.27, 2101094
0.27, 2098558
0.27, 2095027
0.27, 2080408
0.28, 2056341
0.28, 2054512
0.28, 2044571
0.28, 2043915
0.28, 2039878
0.28, 2039059
0.28, 2030220
0.28, 2028594
0.29, 2019290
0.29, 2017307
0.29, 2016683
0.29, 2009760
0.29, 2002952
0.30, 1931069
0.30, 1922890
0.30, 1916730
0.30, 1871101
0.31, 1869612
0.31, 1858537
0.31, 1852001
0.31, 1849355
0.31, 1847563
0.31, 1818034
0.32, 1817695
0.32, 1816673
0.32, 1807380
0.32, 1788589
0.32, 1783410
0.32, 1781847
0.32, 1769176
0.33, 1767271
0.34, 1765543
0.34, 1756268
0.34, 1744883
0.36, 1744666
0.36, 1744203
0.37, 1742229
0.40, 1729079
0.44, 1727471
0.50, 1725553
0.58, 1705224
0.61, 1703992
