0.02, 7352499
0.05, 6928833
0.07, 6589530
0.09, 6263361
0.11, 6000458
0.13, 5729345
0.15, 5492627
0.18, 5259746
0.20, 5055162
0.22, 4823257
0.24, 4619992
0.26, 4425388
0.29, 4231217
0.31, 4078195
0.33, 3933136
0.35, 3770162
0.37, 3626028
0.39, 3496273
0.41, 3373559
0.44, 3258771
0.46, 3144885
0.48, 3039439
0.50, 2935135
0.52, 2839367
0.55, 2717319
0.57, 2623153
0.59, 2534180
0.61, 2446944
0.63, 2375711
0.65, 2304751
0.67, 2253146
0.70, 2204171
0.72, 2166335
0.74, 2123841
0.76, 2087822
0.78, 2047550
0.80, 2011691
0.82, 1985665
0.84, 1959946
0.86, 1934485
0.89, 1910106
0.91, 1888025
0.93, 1866458
0.95, 1845497
0.97, 1827127
1.00, 1809202
1.02, 1793103
1.04, 1778484
1.06, 1766940
1.08, 1756610
1.10, 1746429
1.12, 1736494
1.14, 1727230
1.16, 1717394
1.18, 1711480
1.21, 1706450
1.23, 1701826
1.25, 1694408
1.27, 1691582
1.29, 1689460
1.31, 1688228
1.33, 1687442
1.35, 1684709
1.37, 1684223
1.41, 7120448
1.43, 6803109
1.45, 6508336
1.47, 6218248
1.49, 5922606
1.51, 5629647
1.53, 5362938
1.56, 5133912
1.58, 4870345
1.60, 4646073
1.62, 4425441
1.64, 4219864
1.66, 4042100
1.68, 3852890
1.70, 3695327
1.72, 3550893
1.74, 3418029
1.76, 3273611
1.78, 3159234
1.80, 3050798
1.82, 2949218
1.84, 2871811
1.87, 2797022
1.89, 2723854
1.91, 2651645
1.93, 2597088
1.95, 2546729
1.98, 2482252
2.00, 2370888
2.02, 2317269
2.04, 2269615
2.07, 2228104
2.09, 2187129
2.11, 2151948
2.14, 2119411
2.16, 2087422
2.18, 2056448
2.20, 2028443
2.22, 1986950
2.24, 1960010
2.26, 1933955
2.28, 1912175
2.30, 1890704
2.32, 1870992
2.34, 1846524
2.36, 1827148
2.38, 1810633
2.40, 1795600
2.42, 1783738
2.45, 1772459
2.47, 1759258
2.49, 1737645
2.51, 1728102
2.53, 1718610
2.55, 1709335
2.57, 1700318
2.59, 1692516
2.61, 1686059
2.64, 1679966
2.66, 1673920
2.68, 1668019
2.70, 1662165
2.72, 1656933
2.74, 1651754
2.76, 1648454
2.78, 1646051
2.80, 1644357
2.83, 1642944
2.85, 1641712
2.87, 1640747
2.89, 1633672
2.91, 1617657
2.93, 1616794
2.97, 7403154
2.99, 7013840
3.01, 6638001
3.03, 6274057
3.05, 5934366
3.07, 5639718
3.09, 5369859
3.11, 5107821
3.13, 4875445
3.15, 4655066
3.18, 4442164
3.20, 4229192
3.22, 4018340
3.24, 3817641
3.26, 3657341
3.29, 3482531
3.31, 3361921
3.33, 3239598
3.35, 3138781
3.37, 3048940
3.39, 2936813
3.41, 2851025
3.43, 2767547
3.45, 2690019
3.48, 2611210
3.50, 2536008
3.52, 2475739
3.54, 2411650
3.56, 2355077
3.58, 2303428
3.60, 2258657
3.62, 2216505
3.64, 2174645
3.67, 2133942
3.69, 2099541
3.71, 2054106
3.73, 2021428
3.75, 1992519
3.77, 1966515
3.79, 1944170
3.81, 1922803
3.83, 1901592
3.85, 1878503
3.87, 1859219
3.89, 1832608
3.91, 1819011
3.93, 1805458
3.95, 1792412
3.98, 1780165
4.00, 1758407
4.02, 1746263
4.04, 1736380
4.06, 1723282
4.08, 1712895
4.10, 1703406
4.12, 1693078
4.15, 1685537
4.17, 1678247
4.19, 1671264
4.21, 1652333
4.23, 1645734
4.25, 1639291
4.27, 1631554
4.29, 1627111
4.31, 1623395
4.34, 1617565
4.36, 1616702
4.41, 6622086
4.43, 6275568
4.45, 5955163
4.47, 5639435
4.49, 5354282
4.51, 5070757
4.53, 4827487
4.55, 4605166
4.57, 4379060
4.59, 4200179
4.61, 4024197
4.64, 3828549
4.66, 3654169
4.68, 3471199
4.70, 3339635
4.72, 3213579
4.74, 3097962
4.76, 2985637
4.78, 2874537
4.80, 2780040
4.82, 2698684
4.85, 2617471
4.88, 2542237
4.90, 2470506
4.92, 2410488
4.94, 2337330
4.97, 2291222
4.99, 2245141
5.01, 2202973
5.03, 2165279
5.06, 2118684
5.08, 2082910
5.10, 2056069
5.12, 2029600
5.14, 1998902
5.16, 1973406
5.18, 1950154
5.20, 1920945
5.22, 1898357
5.24, 1878261
5.26, 1860821
5.28, 1842991
5.30, 1827210
5.32, 1811535
5.35, 1796290
5.37, 1781050
5.39, 1764494
5.41, 1750021
5.43, 1736635
5.45, 1726538
5.48, 1716608
5.50, 1707387
5.52, 1699423
5.54, 1694317
5.56, 1691050
5.59, 1680967
5.61, 1678564
5.64, 1676589
5.66, 1670292
5.69, 1668557
5.71, 1654090
5.74, 1652584
5.77, 1647286
5.79, 1645923
5.82, 1644675
5.84, 1644303
