0.00, 7337578
0.00, 7324778
0.00, 7206408
0.00, 7160763
0.00, 7152611
0.00, 6954358
0.00, 6930353
0.00, 6906115
0.00, 6882463
0.00, 6806729
0.00, 6690380
0.00, 6650364
0.00, 6650042
0.02, 6574429
0.03, 6527470
0.03, 6517849
0.05, 6494846
0.05, 6393664
0.05, 6365293
0.05, 6259937
0.05, 6259206
0.05, 6207294
0.13, 6131571
0.13, 6131523
0.13, 6129261
0.13, 6120047
0.13, 6077627
0.13, 6076508
0.19, 6069529
0.19, 6067919
0.19, 5974809
0.20, 5713772
0.21, 5682097
0.21, 5672222
0.21, 5608279
0.21, 5590562
0.22, 5526075
0.22, 5496996
0.22, 5472725
0.22, 5409849
0.23, 5401720
0.23, 5273861
0.23, 5236505
0.23, 5192169
0.23, 5171477
0.23, 5160401
0.23, 5138533
0.23, 5109062
0.23, 5107744
0.23, 5098944
0.23, 5083169
0.23, 5050656
0.23, 5032883
0.23, 5023669
0.23, 4955852
0.23, 4955365
0.23, 4895738
0.23, 4875564
0.23, 4875456
0.23, 4867689
0.23, 4776237
0.23, 4754248
0.23, 4736075
0.23, 4555468
0.23, 4531356
0.23, 4528102
0.23, 4518433
0.23, 4507311
0.23, 4483068
0.23, 4457758
0.23, 4342088
0.23, 4341551
0.23, 4269056
0.23, 4266068
0.23, 4223106
0.23, 4197365
0.23, 4132048
0.23, 4121449
0.23, 4104633
0.23, 4077818
0.25, 4044774
0.25, 3970216
0.25, 3929575
0.25, 3928710
0.25, 3913968
0.25, 3911158
0.25, 3899095
0.25, 3897241
0.25, 3845651
0.25, 3711335
0.25, 3667758
0.25, 3660964
0.25, 3655423
0.25, 3651049
0.25, 3636515
0.25, 3629615
0.25, 3626168
0.25, 3626096
0.25, 3619739
0.25, 3605463
0.25, 3603668
0.25, 3603620
0.25, 3593106
0.25, 3579790
0.25, 3567163
0.25, 3525596
0.25, 3523933
0.25, 3488186
0.25, 3451927
0.26, 3388882
0.26, 3378945
0.26, 3370047
0.26, 3351281
0.26, 3347559
0.26, 3337870
0.26, 3329972
0.26, 3329433
0.26, 3325778
0.26, 3309012
0.26, 3307163
0.26, 3294172
0.26, 3293715
0.26, 3291066
0.26, 3286439
0.26, 3277162
0.27, 3252766
0.27, 3220922
0.27, 3179472
0.27, 3117615
0.27, 3115579
0.27, 3115235
0.27, 3085290
0.27, 3079184
0.27, 3076842
0.27, 3057023
0.27, 3052049
0.27, 3039727
0.27, 3025202
0.27, 3007090
0.27, 3001386
0.27, 2985460
0.27, 2959940
0.27, 2953660
0.27, 2953092
0.27, 2939752
0.27, 2937511
0.27, 2905552
0.27, 2889211
0.27, 2871097
0.27, 2839808
0.27, 2839602
0.27, 2831627
0.27, 2824653
0.28, 2787111
0.28, 2779320
0.28, 2765824
0.28, 2748422
0.28, 2745281
0.28, 2738313
0.28, 2737890
0.28, 2732949
0.28, 2703522
0.28, 2687872
0.28, 2664431
0.28, 2661178
0.28, 2652132
0.28, 2626102
0.28, 2615125
0.28, 2614537
0.28, 2609362
0.28, 2585500
0.28, 2569284
0.28, 2544126
0.28, 2493491
0.28, 2481735
0.28, 2480766
0.28, 2480142
0.28, 2464336
0.28, 2453830
0.28, 2444432
0.28, 2441688
0.29, 2436918
0.29, 2435622
0.29, 2432814
0.29, 2423168
0.29, 2395846
0.29, 2394555
0.29, 2381718
0.29, 2359947
0.29, 2351900
0.30, 2349834
0.30, 2348144
0.30, 2344408
0.30, 2321077
0.30, 2319708
0.30, 2313548
0.30, 2308301
0.30, 2304497
0.30, 2299974
0.30, 2281410
0.30, 2276965
0.30, 2275361
0.30, 2256242
0.30, 2248892
0.30, 2243440
0.30, 2238502
0.30, 2224255
0.30, 2223999
0.30, 2216120
0.30, 2207367
0.30, 2175146
0.31, 2162717
0.31, 2135643
0.31, 2128763
0.31, 2125801
0.31, 2117766
0.31, 2116534
0.31, 2111951
0.31, 2109096
0.31, 2106975
0.31, 2096997
0.31, 2092239
0.31, 2088254
0.32, 2053847
0.32, 2053035
0.32, 2036460
0.32, 2027757
0.32, 2023278
0.32, 1973317
0.32, 1963546
0.32, 1959266
0.33, 1956973
0.33, 1954583
0.33, 1931247
0.33, 1917871
0.33, 1913578
0.33, 1908762
0.33, 1904463
0.33, 1898364
0.33, 1898150
0.33, 1890165
0.33, 1881769
0.33, 1880968
0.33, 1878211
0.34, 1875370
0.34, 1867179
0.34, 1866760
0.35, 1862673
0.35, 1849388
0.35, 1837020
0.35, 1835278
0.35, 1831661
0.35, 1818915
0.35, 1816026
0.36, 1813255
0.36, 1804209
0.36, 1801577
0.37, 1797512
0.37, 1743821
0.37, 1720845
0.38, 1718943
0.38, 1714228
0.38, 1713924
0.41, 1710010
0.42, 1702869
0.42, 1702843
0.43, 1692980
0.45, 1690663
0.46, 1687358
0.49, 1679505
0.55, 1671444
0.58, 1662925
