0.00, 7474112
0.00, 7445960
0.00, 7412872
0.00, 7391652
0.00, 7374814
0.00, 7264049
0.00, 7107581
0.00, 7007863
0.00, 6982323
0.00, 6976082
0.00, 6972943
0.00, 6937378
0.00, 6616800
0.00, 6599572
0.00, 6545317
0.01, 6499899
0.02, 6439528
0.04, 6303669
0.04, 6252460
0.05, 6104205
0.05, 6046483
0.05, 5959705
0.05, 5845374
0.18, 5694945
0.18, 5594253
0.19, 5577836
0.19, 5577628
0.19, 5545377
0.19, 5498027
0.19, 5478333
0.19, 5462430
0.19, 5359366
0.19, 5317892
0.19, 5215578
0.21, 5195817
0.21, 5179711
0.21, 5163948
0.21, 5157329
0.21, 5148420
0.21, 5137858
0.21, 5134604
0.21, 5040519
0.21, 4983104
0.21, 4891540
0.21, 4861560
0.21, 4813620
0.21, 4785673
0.21, 4733043
0.21, 4731435
0.21, 4706749
0.21, 4696534
0.21, 4681481
0.21, 4674138
0.21, 4670715
0.21, 4547246
0.21, 4504113
0.22, 4494066
0.22, 4417423
0.22, 4282028
0.22, 4163331
0.22, 4161453
0.22, 4146343
0.22, 4115466
0.22, 4112143
0.22, 4062272
0.22, 4030929
0.22, 4021106
0.23, 4019452
0.23, 4018310
0.23, 4008531
0.23, 3921739
0.23, 3919305
0.23, 3905484
0.23, 3861590
0.23, 3849200
0.23, 3804425
0.23, 3789386
0.23, 3787415
0.23, 3739077
0.23, 3737794
0.23, 3709779
0.23, 3587968
0.23, 3545769
0.23, 3539503
0.23, 3453074
0.23, 3453023
0.23, 3351954
0.23, 3342199
0.23, 3331932
0.23, 3325806
0.24, 3316632
0.24, 3305714
0.24, 3267534
0.24, 3262831
0.24, 3259264
0.24, 3238383
0.24, 3235435
0.24, 3209181
0.24, 3178686
0.24, 3171631
0.24, 3170614
0.24, 3160476
0.24, 3147462
0.24, 3038768
0.24, 3025747
0.24, 3015686
0.24, 2921322
0.24, 2892942
0.24, 2883952
0.25, 2870665
0.25, 2860883
0.25, 2850015
0.25, 2831405
0.25, 2811502
0.25, 2771811
0.25, 2731340
0.25, 2698926
0.25, 2647658
0.25, 2641525
0.25, 2629607
0.25, 2596683
0.25, 2578107
0.25, 2572717
0.25, 2566583
0.25, 2544676
0.25, 2539840
0.25, 2525384
0.25, 2490217
0.26, 2486079
0.26, 2462651
0.26, 2439792
0.26, 2438465
0.26, 2425813
0.26, 2397603
0.26, 2388465
0.26, 2381954
0.26, 2373775
0.26, 2333934
0.26, 2328675
0.26, 2295303
0.26, 2291643
0.27, 2288308
0.27, 2272539
0.27, 2263213
0.27, 2260997
0.27, 2248470
0.27, 2246820
0.27, 2230108
0.27, 2228183
0.27, 2221927
0.27, 2215854
0.27, 2204047
0.27, 2198061
0.28, 2192739
0.28, 2178140
0.28, 2170523
0.28, 2152791
0.28, 2141122
0.28, 2140460
0.28, 2140280
0.28, 2134198
0.28, 2133528
0.28, 2121686
0.28, 2119242
0.28, 2114407
0.28, 2108994
0.29, 2102218
0.29, 2084855
0.29, 2073269
0.29, 2057169
0.29, 2055769
0.29, 2043729
0.29, 2035236
0.29, 2025319
0.29, 2023806
0.29, 2022010
0.29, 1960941
0.29, 1938637
0.30, 1933549
0.30, 1928234
0.30, 1924371
0.30, 1924203
0.30, 1924061
0.30, 1890278
0.30, 1880947
0.30, 1870685
0.31, 1868059
0.31, 1867493
0.31, 1863841
0.32, 1860767
0.32, 1853305
0.32, 1852126
0.32, 1849134
0.32, 1848474
0.33, 1848435
0.33, 1841838
0.33, 1839779
0.33, 1839267
0.33, 1832744
0.34, 1825615
0.34, 1821792
0.35, 1814841
0.35, 1813253
0.35, 1810616
0.35, 1804699
0.36, 1790460
0.36, 1790447
0.36, 1790376
0.36, 1772545
0.36, 1770247
0.37, 1769378
0.37, 1769111
0.37, 1768663
0.37, 1737913
0.37, 1734383
0.37, 1730068
0.37, 1725712
0.37, 1722802
0.38, 1719571
0.38, 1719417
0.39, 1712974
0.40, 1708694
0.41, 1707640
0.44, 1706821
0.61, 1705512
0.62, 1697548
2.81, 1694813
2.92, 1693078
2.98, 1678611
3.06, 1668681
