0.02, 6896436
0.05, 6500652
0.07, 6129489
0.09, 5781555
0.11, 5462696
0.13, 5148294
0.16, 4902737
0.18, 4674035
0.20, 4465718
0.22, 4233032
0.24, 4023723
0.26, 3817344
0.29, 3641807
0.31, 3501463
0.33, 3371921
0.35, 3253561
0.37, 3115904
0.39, 3002873
0.41, 2900058
0.43, 2801751
0.45, 2703645
0.47, 2624229
0.49, 2554170
0.51, 2476735
0.53, 2406701
0.55, 2344099
0.57, 2292017
0.60, 2246637
0.62, 2204064
0.64, 2165402
0.66, 2128687
0.68, 2095339
0.70, 2053627
0.72, 2023791
0.74, 1996694
0.76, 1969854
0.78, 1944607
0.80, 1921213
0.83, 1898175
0.85, 1876425
0.87, 1858572
0.89, 1835585
0.91, 1820340
0.93, 1807143
0.95, 1791456
0.97, 1778947
0.99, 1767995
1.01, 1757048
1.03, 1745426
1.05, 1734734
1.07, 1722081
1.11, 1711748
1.16, 1703541
1.20, 1693763
1.23, 1686608
1.26, 1679499
1.30, 1672540
1.32, 1663265
1.34, 1656974
1.36, 1644343
1.38, 1634882
1.40, 1628827
1.42, 1623460
1.44, 1621544
1.46, 1620369
1.49, 1619506
1.51, 1618864
1.53, 1618492
1.57, 6788745
1.59, 6401660
1.61, 6023214
1.63, 5704300
1.65, 5393205
1.67, 5051007
1.69, 4757145
1.71, 4524570
1.73, 4303024
1.76, 4085161
1.78, 3899954
1.80, 3744672
1.82, 3600833
1.84, 3459831
1.87, 3325901
1.89, 3148481
1.91, 3002454
1.93, 2899670
1.95, 2797860
1.97, 2713176
1.99, 2610773
2.01, 2527870
2.03, 2440091
2.05, 2368433
2.07, 2301705
2.09, 2248288
2.12, 2197187
2.14, 2148291
2.16, 2107294
2.18, 2071227
2.20, 2045172
2.23, 2020483
2.25, 1984493
2.27, 1960776
2.29, 1937297
2.31, 1903333
2.33, 1875198
2.35, 1852732
2.37, 1831341
2.39, 1812220
2.41, 1790462
2.43, 1771436
2.45, 1754748
2.48, 1738909
2.50, 1726278
2.52, 1712653
2.54, 1700255
2.56, 1683545
2.58, 1672797
2.60, 1656488
2.62, 1648440
2.64, 1643641
2.66, 1625288
2.68, 1620669
2.70, 1617546
2.72, 1611536
2.74, 1610123
2.76, 1608776
2.78, 1607633
2.80, 1606770
2.83, 1606616
2.87, 6901637
2.89, 6557464
2.91, 6200843
2.93, 5853476
2.95, 5585883
2.97, 5333831
2.99, 5095025
3.01, 4864962
3.03, 4656480
3.05, 4461050
3.07, 4269867
3.09, 4092370
3.11, 3949528
3.13, 3795666
3.15, 3664497
3.18, 3543418
3.20, 3422374
3.22, 3308866
3.24, 3198022
3.26, 3084915
3.28, 2983672
3.30, 2902648
3.32, 2827384
3.34, 2756220
3.36, 2686188
3.38, 2621902
3.40, 2561238
3.42, 2500714
3.44, 2428853
3.46, 2370462
3.48, 2326554
3.51, 2256223
3.53, 2192875
3.55, 2150510
3.57, 2115121
3.59, 2080746
3.61, 2045420
3.63, 2012591
3.66, 1980557
3.68, 1951797
3.70, 1923169
3.72, 1894721
3.74, 1867698
3.76, 1845918
3.78, 1826670
3.80, 1807704
3.82, 1789569
3.84, 1772857
3.86, 1758686
3.88, 1736927
3.90, 1729772
3.92, 1723303
3.94, 1712227
3.96, 1702231
3.98, 1696366
4.00, 1692755
4.02, 1686259
4.04, 1679157
4.06, 1675644
4.08, 1667487
4.10, 1664358
4.13, 1659252
4.15, 1656201
4.17, 1653317
4.19, 1631704
4.21, 1629301
4.23, 1627325
4.25, 1626686
4.27, 1621507
4.31, 7527285
4.33, 7167708
4.35, 6840063
4.37, 6519578
4.39, 6212317
4.41, 5911595
4.43, 5647954
4.45, 5390873
4.47, 5134491
4.49, 4901455
4.51, 4684174
4.53, 4484373
4.55, 4288379
4.57, 4110887
4.59, 3943269
4.61, 3782042
4.63, 3629450
4.65, 3482089
4.67, 3347223
4.69, 3214017
4.72, 3093933
4.74, 2971922
4.77, 2856352
4.80, 2749430
4.82, 2659407
4.85, 2578916
4.87, 2499806
4.89, 2426181
4.92, 2358230
4.94, 2304720
4.97, 2260868
4.99, 2191347
5.01, 2149950
5.04, 2100272
5.06, 2059605
5.08, 2031981
5.11, 2000460
5.13, 1975533
5.15, 1952425
5.18, 1923691
5.20, 1901675
5.23, 1880728
5.25, 1862959
5.28, 1847350
5.30, 1832877
5.32, 1818404
5.35, 1803937
5.37, 1792129
5.39, 1781815
5.41, 1771718
5.43, 1763250
5.45, 1754860
5.47, 1743958
5.49, 1735844
5.51, 1727880
5.53, 1720666
5.56, 1713026
5.58, 1705905
5.61, 1698444
5.63, 1692284
5.66, 1675021
5.68, 1667287
5.71, 1664395
5.73, 1661837
5.76, 1653543
5.78, 1650483
5.81, 1645482
5.83, 1644836
5.86, 1644093
5.88, 1642950
