0.02, 7391065
0.05, 7002910
0.07, 6661165
0.09, 6326779
0.11, 6004568
0.13, 5708006
0.16, 5397291
0.18, 5115678
0.20, 4870023
0.22, 4627906
0.24, 4370352
0.26, 4157103
0.28, 3953285
0.30, 3762674
0.32, 3578000
0.35, 3429134
0.37, 3287210
0.39, 3110895
0.41, 2989764
0.43, 2889998
0.46, 2799244
0.48, 2702869
0.50, 2617955
0.53, 2546014
0.55, 2482386
0.57, 2425595
0.59, 2347772
0.61, 2297963
0.63, 2253239
0.65, 2206839
0.67, 2167756
0.70, 2124262
0.72, 2085549
0.74, 2048008
0.76, 2010864
0.78, 1974874
0.80, 1942012
0.82, 1917735
0.84, 1894529
0.86, 1872631
0.89, 1849201
0.91, 1827588
0.93, 1806197
0.95, 1786580
0.97, 1767611
0.99, 1749035
1.01, 1726746
1.03, 1714480
1.05, 1703363
1.07, 1692990
1.09, 1674115
1.11, 1664710
1.14, 1655988
1.16, 1647439
1.18, 1637960
1.20, 1630805
1.22, 1624271
1.24, 1621735
1.27, 1620322
1.29, 1619459
1.31, 1618817
1.33, 1618442
1.37, 6560196
1.39, 6215027
1.41, 5878941
1.43, 5609866
1.46, 5354880
1.48, 5100222
1.50, 4851284
1.52, 4623864
1.54, 4448868
1.56, 4244770
1.58, 4072630
1.60, 3907937
1.62, 3749421
1.64, 3597204
1.66, 3450081
1.69, 3317535
1.71, 3203326
1.73, 3099190
1.75, 2998263
1.77, 2901657
1.79, 2785537
1.81, 2691589
1.84, 2627166
1.86, 2563812
1.88, 2505689
1.90, 2450661
1.92, 2396159
1.95, 2344103
1.97, 2300474
1.99, 2255542
2.01, 2206476
2.03, 2168343
2.05, 2129633
2.07, 2095863
2.09, 2062820
2.11, 2029932
2.13, 2000129
2.15, 1951071
2.18, 1923469
2.20, 1898302
2.22, 1876471
2.24, 1855416
2.26, 1834416
2.28, 1816761
2.30, 1800746
2.33, 1785160
2.35, 1770304
2.37, 1757157
2.39, 1744503
2.41, 1732909
2.43, 1721598
2.45, 1711265
2.47, 1701510
2.50, 1691826
2.52, 1684671
2.54, 1677550
2.56, 1672842
2.58, 1668399
2.60, 1666986
2.62, 1665664
2.64, 1657603
2.66, 1653282
2.68, 1646173
2.70, 1645401
2.74, 7045419
2.76, 6728401
2.78, 6438915
2.80, 6126422
2.82, 5847782
2.84, 5580161
2.86, 5296670
2.88, 5066321
2.90, 4836502
2.92, 4627978
2.94, 4399146
2.97, 4184509
2.99, 3964593
3.01, 3798460
3.03, 3628091
3.05, 3467356
3.07, 3338824
3.09, 3199673
3.11, 3071305
3.13, 2911032
3.15, 2775634
3.17, 2684256
3.19, 2598481
3.22, 2513504
3.24, 2436221
3.26, 2380252
3.28, 2328098
3.30, 2277594
3.32, 2227937
3.34, 2179450
3.36, 2135547
3.38, 2089925
3.40, 2050556
3.42, 2016413
3.44, 1983039
3.47, 1947883
3.49, 1914716
3.51, 1874072
3.53, 1843078
3.55, 1813825
3.57, 1790431
3.59, 1769548
3.61, 1750504
3.63, 1732369
3.65, 1717091
3.68, 1702127
3.70, 1681445
3.72, 1671131
3.74, 1661566
3.76, 1650498
3.78, 1641944
3.80, 1634959
3.82, 1625920
3.84, 1620018
3.86, 1614481
3.88, 1609227
3.90, 1604608
3.92, 1599429
3.94, 1595335
3.96, 1592417
3.98, 1591095
4.00, 1583034
4.02, 1581802
4.07, 6852228
4.09, 6503499
4.11, 6126948
4.13, 5803288
4.15, 5454630
4.17, 5198737
4.19, 4944060
4.21, 4712468
4.23, 4494105
4.25, 4313243
4.27, 4135172
4.29, 3977776
4.31, 3801339
4.33, 3651103
4.35, 3513560
4.37, 3391254
4.39, 3269946
4.41, 3146919
4.44, 3043827
4.46, 2931713
4.48, 2839596
4.50, 2747680
4.52, 2657401
4.54, 2575279
4.56, 2508161
4.58, 2441857
4.60, 2375870
4.63, 2313693
4.65, 2260399
4.67, 2205291
4.69, 2156316
4.71, 2110991
4.73, 2068558
4.75, 2031901
4.77, 1995328
4.79, 1940781
4.81, 1897812
4.83, 1867624
4.86, 1844729
4.88, 1821944
4.90, 1796790
4.92, 1777025
4.94, 1759172
4.96, 1744309
4.98, 1729591
5.01, 1717605
5.03, 1707272
5.05, 1698429
5.07, 1690222
5.09, 1682352
5.11, 1675398
5.13, 1669162
5.15, 1664144
5.17, 1660854
5.19, 1658046
5.21, 1652036
5.23, 1649311
5.25, 1636058
5.27, 1633522
5.30, 1631140
5.32, 1628815
5.34, 1625510
5.36, 1622950
5.38, 1620694
5.40, 1619551
5.42, 1619065
