0.00, 7180916
0.00, 7164225
0.00, 7158026
0.00, 7150881
0.00, 7140099
0.00, 7126230
0.00, 7113016
0.00, 7050353
0.00, 7049774
0.00, 6886399
0.00, 6875003
0.00, 6837369
0.00, 6837075
0.00, 6513086
0.00, 6463329
0.00, 6462451
0.00, 6359286
0.00, 6353013
0.00, 6345489
0.00, 6311864
0.00, 6306540
0.00, 6271944
0.00, 6228059
0.09, 6211450
0.12, 6210681
0.12, 6152376
0.14, 6145114
0.14, 6093252
0.15, 6085492
0.15, 6075565
0.15, 6065290
0.15, 6019606
0.15, 6012202
0.15, 5952112
0.16, 5817009
0.16, 5789159
0.17, 5679777
0.17, 5674286
0.17, 5661844
0.17, 5658986
0.17, 5620726
0.17, 5523966
0.17, 5463024
0.18, 5423804
0.18, 5407657
0.18, 5400221
0.18, 5362803
0.18, 5333939
0.18, 5223675
0.19, 5177887
0.19, 5113173
0.19, 5097090
0.19, 5096235
0.19, 5030791
0.19, 5023909
0.19, 5009880
0.19, 4913414
0.19, 4848057
0.19, 4685086
0.19, 4680905
0.19, 4632723
0.19, 4616230
0.19, 4594784
0.19, 4543674
0.19, 4538477
0.19, 4529808
0.19, 4376210
0.19, 4334301
0.19, 4295126
0.19, 4204474
0.19, 4198949
0.19, 4156073
0.19, 4149505
0.21, 4147916
0.21, 4134073
0.21, 4107613
0.21, 4089124
0.21, 4074903
0.21, 4060140
0.21, 4052790
0.21, 4009838
0.21, 3920209
0.21, 3888346
0.21, 3751058
0.21, 3734234
0.21, 3729570
0.21, 3582872
0.21, 3581832
0.21, 3581593
0.21, 3568778
0.21, 3564548
0.21, 3543248
0.21, 3457999
0.21, 3457803
0.21, 3447341
0.21, 3436683
0.21, 3414973
0.21, 3352934
0.22, 3350764
0.22, 3336706
0.22, 3324194
0.22, 3286664
0.22, 3274474
0.22, 3272083
0.22, 3253168
0.22, 3226235
0.22, 3215926
0.22, 3204034
0.22, 3163712
0.22, 3157371
0.22, 3153890
0.22, 3148943
0.22, 3098451
0.22, 3096134
0.22, 3089669
0.22, 3074157
0.22, 3033671
0.23, 3011758
0.23, 3006652
0.23, 2973553
0.23, 2973432
0.23, 2956010
0.23, 2935483
0.23, 2924780
0.23, 2924746
0.23, 2915453
0.23, 2866151
0.23, 2857045
0.23, 2829001
0.23, 2812260
0.23, 2812217
0.23, 2780498
0.23, 2779061
0.23, 2749718
0.23, 2748559
0.23, 2724652
0.23, 2714272
0.23, 2710540
0.23, 2707331
0.23, 2707011
0.23, 2695503
0.23, 2633053
0.23, 2588851
0.23, 2573679
0.24, 2560190
0.24, 2550692
0.24, 2549338
0.24, 2532490
0.24, 2528845
0.24, 2528806
0.24, 2515925
0.24, 2501434
0.24, 2499948
0.24, 2459889
0.24, 2451871
0.24, 2449740
0.24, 2443343
0.24, 2437024
0.24, 2389866
0.24, 2354555
0.24, 2351813
0.24, 2336709
0.24, 2303851
0.24, 2291424
0.24, 2282826
0.24, 2269896
0.24, 2268840
0.24, 2245600
0.25, 2214722
0.25, 2214087
0.26, 2199788
0.26, 2160841
0.26, 2158242
0.26, 2127535
0.26, 2083418
0.26, 2073373
0.26, 2066789
0.26, 2055733
0.26, 2050857
0.26, 2044258
0.26, 2014951
0.26, 2011059
0.26, 2009153
0.26, 2008019
0.26, 2007635
0.26, 1919840
0.27, 1917576
0.27, 1894276
0.27, 1894151
0.27, 1894006
0.27, 1892779
0.27, 1870671
0.27, 1870556
0.27, 1867800
0.27, 1857906
0.27, 1856993
0.27, 1853129
0.27, 1847349
0.27, 1846624
0.28, 1845337
0.28, 1843387
0.28, 1837556
0.28, 1832932
0.28, 1819193
0.28, 1813359
0.28, 1811624
0.28, 1809385
0.28, 1774568
0.29, 1769340
0.29, 1768151
0.29, 1767408
0.29, 1765075
0.29, 1761172
0.30, 1757492
0.30, 1754077
0.30, 1751791
0.31, 1744869
0.31, 1730144
0.32, 1729749
0.33, 1727728
0.33, 1726985
0.33, 1719873
0.33, 1695928
0.34, 1694777
0.39, 1692078
0.39, 1689307
0.40, 1683166
0.45, 1682303
1.03, 1680890
