0.00, 7792658
0.00, 7699551
0.00, 7624927
0.00, 7619449
0.00, 7599543
0.00, 7491683
0.00, 7472217
0.00, 7462889
0.00, 7440968
0.00, 7437212
0.00, 7435211
0.00, 7434276
0.00, 7374520
0.00, 7233095
0.00, 7186901
0.00, 7185211
0.00, 7175135
0.00, 7154944
0.00, 7144760
0.00, 7095221
0.00, 7057179
0.00, 7056966
0.00, 6967920
0.00, 6907600
0.01, 6900937
0.01, 6886579
0.01, 6780360
0.01, 6693763
0.02, 6668188
0.02, 6616916
0.02, 6562959
0.02, 6528116
0.02, 6450886
0.02, 6404583
0.02, 6380656
0.02, 6377638
0.02, 6373248
0.02, 6331063
0.02, 6329042
0.02, 6049197
0.03, 6000041
0.03, 5997849
0.03, 5994409
0.03, 5951434
0.03, 5845906
0.03, 5795482
0.03, 5783366
0.03, 5756462
0.03, 5709726
0.17, 5578316
0.17, 5567852
0.17, 5546730
0.17, 5528586
0.17, 5525213
0.17, 5508525
0.17, 5429071
0.20, 5332728
0.20, 5309995
0.20, 5220926
0.20, 5073383
0.20, 5044232
0.20, 4998171
0.20, 4985685
0.21, 4938053
0.21, 4888685
0.21, 4885009
0.21, 4756005
0.21, 4752240
0.21, 4711838
0.21, 4599395
0.21, 4579176
0.21, 4578609
0.21, 4565869
0.21, 4538234
0.21, 4511672
0.21, 4496230
0.21, 4493699
0.21, 4484466
0.21, 4480350
0.21, 4471490
0.21, 4428596
0.21, 4412804
0.21, 4409402
0.21, 4352625
0.22, 4334755
0.22, 4186515
0.22, 4053197
0.22, 4046274
0.22, 3973295
0.22, 3962652
0.22, 3946149
0.22, 3939263
0.22, 3898748
0.22, 3896688
0.22, 3854094
0.22, 3846822
0.22, 3834552
0.22, 3833664
0.22, 3826429
0.22, 3771264
0.22, 3763520
0.23, 3710717
0.23, 3696575
0.23, 3684276
0.23, 3666181
0.23, 3664113
0.23, 3524752
0.23, 3520611
0.23, 3520143
0.23, 3490591
0.23, 3445013
0.23, 3423942
0.23, 3408616
0.23, 3399866
0.23, 3380167
0.23, 3352258
0.23, 3291521
0.23, 3211258
0.24, 3129959
0.24, 3081196
0.24, 3051385
0.25, 3032107
0.25, 3031408
0.25, 2989132
0.25, 2989104
0.25, 2979351
0.25, 2976340
0.25, 2935555
0.25, 2935391
0.25, 2933216
0.25, 2854153
0.25, 2825338
0.25, 2810370
0.25, 2806254
0.25, 2798022
0.25, 2778647
0.25, 2778159
0.25, 2776951
0.25, 2709586
0.25, 2701000
0.25, 2689489
0.25, 2676828
0.25, 2676750
0.25, 2663936
0.25, 2662789
0.25, 2597778
0.26, 2594023
0.26, 2577037
0.26, 2567366
0.26, 2552770
0.26, 2539470
0.26, 2539269
0.26, 2505620
0.26, 2499493
0.26, 2480230
0.26, 2472222
0.26, 2467831
0.26, 2456976
0.26, 2436357
0.26, 2425539
0.26, 2411043
0.26, 2353989
0.26, 2321713
0.26, 2318071
0.26, 2317128
0.26, 2315912
0.26, 2311786
0.27, 2309181
0.27, 2308458
0.27, 2306331
0.27, 2264761
0.27, 2263510
0.27, 2242550
0.27, 2228454
0.27, 2225561
0.27, 2218593
0.27, 2182789
0.27, 2168222
0.28, 2166896
0.28, 2160553
0.29, 2151229
0.29, 2151168
0.29, 2140937
0.29, 2138432
0.29, 2131729
0.29, 2120541
0.29, 2112556
0.29, 2107855
0.29, 2103557
0.29, 2098810
0.29, 2090687
0.29, 2080154
0.29, 2055907
0.29, 2054071
0.29, 2043950
0.29, 2043157
0.29, 2040028
0.29, 2037637
0.30, 2035293
0.30, 2031951
0.30, 2029306
0.30, 2019020
0.30, 2007414
0.30, 1992817
0.30, 1987045
0.30, 1982454
0.30, 1978084
0.30, 1972398
0.30, 1955211
0.30, 1954082
0.30, 1953934
0.31, 1937879
0.31, 1893804
0.31, 1891864
0.31, 1890531
0.31, 1873123
0.31, 1867415
0.31, 1863398
0.32, 1862479
0.32, 1856826
0.32, 1840482
0.32, 1821530
0.32, 1813842
0.32, 1808602
0.34, 1804040
0.37, 1799339
0.38, 1799322
0.38, 1794127
0.39, 1788974
0.40, 1788826
0.40, 1786574
0.41, 1782934
0.41, 1778811
0.42, 1777772
1.55, 1777110
1.55, 1772001
1.55, 1768845
1.71, 1743480
1.75, 1732757
3.31, 1691617
3.68, 1684702
3.70, 1664020
4.01, 1661638
