0.00, 7866717
0.00, 7677529
0.00, 7628046
0.00, 7594525
0.00, 7437905
0.00, 7354413
0.00, 7258040
0.00, 7006687
0.00, 6932342
0.00, 6925185
0.00, 6860630
0.00, 6860335
0.00, 6854710
0.00, 6839400
0.00, 6830933
0.00, 6802718
0.01, 6780914
0.01, 6751943
0.01, 6744721
0.01, 6676083
0.01, 6672030
0.02, 6645821
0.02, 6524916
0.02, 6506941
0.02, 6495724
0.02, 6465637
0.05, 6427271
0.05, 6376315
0.05, 6321871
0.13, 6157431
0.17, 5985480
0.17, 5965726
0.17, 5748588
0.18, 5603932
0.18, 5601048
0.18, 5560660
0.18, 5557166
0.20, 5541180
0.20, 5523943
0.20, 5510659
0.20, 5508256
0.20, 5475393
0.20, 5457366
0.20, 5351167
0.20, 5312607
0.20, 5309332
0.20, 5235489
0.20, 5086976
0.20, 4966128
0.21, 4961459
0.21, 4935431
0.21, 4928025
0.21, 4878704
0.21, 4842430
0.21, 4814048
0.21, 4797947
0.22, 4795584
0.22, 4789169
0.22, 4777403
0.22, 4761226
0.22, 4755933
0.22, 4719317
0.22, 4702747
0.22, 4623017
0.22, 4575474
0.22, 4568856
0.22, 4561741
0.22, 4494348
0.22, 4487462
0.22, 4474526
0.22, 4471309
0.22, 4432693
0.22, 4357082
0.22, 4334736
0.22, 4305246
0.22, 4267629
0.22, 4262998
0.22, 4224889
0.22, 4217331
0.22, 4214940
0.23, 4194517
0.23, 4188124
0.23, 4163798
0.23, 4126690
0.23, 4095539
0.23, 4025871
0.23, 4018338
0.23, 4005820
0.23, 3964749
0.23, 3869800
0.23, 3861267
0.23, 3749715
0.23, 3739108
0.23, 3712006
0.23, 3702133
0.23, 3688670
0.24, 3655029
0.24, 3651423
0.24, 3644161
0.24, 3643477
0.24, 3630682
0.24, 3618162
0.25, 3616690
0.25, 3598202
0.25, 3594969
0.25, 3593804
0.25, 3593776
0.25, 3575670
0.25, 3475692
0.25, 3474927
0.25, 3454800
0.25, 3380787
0.25, 3353633
0.25, 3299688
0.25, 3274621
0.25, 3243963
0.25, 3225940
0.25, 3205469
0.25, 3201080
0.25, 3195463
0.25, 3186534
0.25, 3182593
0.25, 3168421
0.25, 3153410
0.25, 3148586
0.25, 3142809
0.25, 3111336
0.25, 3107207
0.25, 3068657
0.25, 3050888
0.25, 3046002
0.25, 3007816
0.25, 3007462
0.26, 3005603
0.26, 2960872
0.26, 2954415
0.26, 2946328
0.26, 2901849
0.26, 2899976
0.26, 2894034
0.26, 2889208
0.26, 2870049
0.26, 2842413
0.26, 2828306
0.26, 2798219
0.26, 2790360
0.26, 2787924
0.26, 2754550
0.26, 2746718
0.26, 2722082
0.26, 2720053
0.27, 2707800
0.27, 2699324
0.27, 2677062
0.27, 2620977
0.27, 2552388
0.27, 2547833
0.27, 2540012
0.27, 2539261
0.27, 2522615
0.27, 2507450
0.27, 2497030
0.27, 2492570
0.27, 2450205
0.27, 2442116
0.27, 2439758
0.28, 2419117
0.28, 2414111
0.28, 2408511
0.28, 2405709
0.28, 2368602
0.28, 2363082
0.28, 2361042
0.28, 2355955
0.28, 2326908
0.28, 2320032
0.28, 2318212
0.28, 2294402
0.28, 2281388
0.28, 2268420
0.29, 2266681
0.29, 2251791
0.29, 2242160
0.29, 2233685
0.29, 2222789
0.29, 2221473
0.29, 2202603
0.29, 2184512
0.29, 2167690
0.29, 2167529
0.30, 2164838
0.30, 2164452
0.30, 2155389
0.30, 2152534
0.30, 2144953
0.30, 2134567
0.30, 2124356
0.30, 2124141
0.30, 2105292
0.30, 2100113
0.30, 2099974
0.31, 2094185
0.31, 2090576
0.31, 2049955
0.32, 2040559
0.32, 2039087
0.32, 2033578
0.32, 2032129
0.32, 2031527
0.32, 2029532
0.32, 2012304
0.32, 2007060
0.32, 1997125
0.32, 1994472
0.32, 1981727
0.33, 1980270
0.33, 1978640
0.33, 1967714
0.34, 1962051
0.34, 1949772
0.34, 1938692
0.34, 1930732
0.35, 1914014
0.35, 1885058
0.36, 1878266
0.36, 1862680
0.36, 1844327
0.36, 1813610
0.37, 1807600
0.40, 1807452
1.53, 1803787
1.53, 1796747
1.53, 1786061
1.53, 1783741
1.55, 1754532
1.55, 1754056
1.58, 1723469
1.59, 1716408
1.61, 1709832
1.65, 1706781
1.73, 1704378
2.87, 1702064
