0.02, 7025621
0.04, 6688662
0.07, 6368679
0.09, 6093775
0.11, 5826636
0.13, 5562083
0.15, 5320683
0.17, 5080702
0.19, 4852579
0.21, 4657971
0.23, 4432270
0.25, 4232214
0.28, 4048003
0.30, 3867711
0.32, 3688024
0.34, 3510501
0.36, 3371884
0.38, 3249125
0.40, 3120850
0.42, 3022310
0.45, 2926189
0.47, 2835029
0.49, 2745068
0.51, 2662953
0.53, 2582200
0.55, 2511994
0.57, 2419206
0.60, 2348558
0.62, 2284767
0.64, 2233504
0.66, 2187485
0.68, 2141799
0.70, 2096249
0.75, 2052391
0.79, 2013560
0.83, 1982028
0.86, 1951949
0.89, 1926283
0.92, 1900975
0.96, 1876477
0.98, 1854322
1.00, 1832932
1.03, 1814561
1.05, 1800094
1.08, 1787111
1.10, 1764021
1.12, 1751189
1.14, 1739784
1.16, 1729451
1.18, 1719137
1.20, 1708914
1.22, 1696757
1.24, 1687426
1.26, 1678738
1.28, 1671575
1.30, 1664420
1.32, 1657377
1.35, 1650337
1.37, 1644584
1.39, 1639405
1.41, 1634299
1.43, 1630023
1.45, 1628371
1.47, 1623922
1.49, 1622843
1.51, 1622120
1.53, 1615756
1.57, 7092990
1.59, 6686940
1.61, 6351169
1.64, 6029024
1.66, 5723489
1.68, 5426455
1.70, 5144464
1.72, 4892052
1.74, 4598445
1.77, 4384601
1.79, 4162002
1.81, 3912052
1.83, 3743709
1.86, 3588483
1.88, 3445726
1.90, 3308066
1.92, 3180598
1.94, 3062455
1.96, 2955783
1.98, 2864079
2.00, 2753399
2.02, 2662754
2.04, 2581509
2.06, 2494112
2.08, 2439194
2.10, 2385476
2.12, 2334037
2.15, 2283252
2.17, 2230279
2.19, 2191423
2.21, 2156832
2.23, 2120117
2.26, 2088127
2.28, 2051075
2.30, 2020942
2.32, 1991466
2.35, 1968088
2.37, 1945940
2.39, 1924000
2.41, 1899969
2.43, 1879017
2.45, 1857013
2.47, 1837638
2.49, 1819224
2.51, 1802312
2.53, 1787547
2.55, 1774701
2.57, 1763422
2.59, 1754362
2.62, 1746575
2.64, 1738791
2.66, 1731057
2.68, 1723369
2.70, 1715729
2.72, 1708689
2.74, 1699414
2.76, 1693404
2.78, 1687066
2.80, 1681960
2.82, 1677252
2.84, 1662675
2.87, 1642772
2.89, 1640839
2.91, 1639874
2.93, 1632799
2.95, 1631936
2.97, 1631290
3.00, 1630547
3.02, 1629404
3.06, 7456038
3.08, 7025265
3.10, 6670195
3.12, 6322489
3.14, 5978404
3.16, 5688949
3.18, 5400860
3.20, 5127596
3.22, 4860532
3.24, 4597389
3.26, 4356250
3.28, 4143765
3.30, 3942592
3.32, 3758735
3.35, 3604404
3.37, 3472207
3.39, 3350398
3.41, 3226948
3.43, 3099937
3.45, 2983859
3.47, 2888662
3.49, 2794030
3.51, 2719669
3.53, 2649420
3.55, 2580921
3.57, 2500450
3.59, 2430601
3.61, 2362939
3.63, 2307645
3.65, 2254056
3.67, 2207100
3.70, 2167830
3.72, 2132370
3.74, 2099322
3.76, 2067755
3.78, 2036781
3.80, 2008082
3.82, 1980304
3.84, 1953364
3.86, 1934053
3.88, 1914877
3.90, 1869378
3.92, 1824245
3.94, 1805892
3.96, 1787762
3.99, 1772485
4.01, 1762173
4.03, 1745431
4.05, 1735872
4.07, 1726860
4.09, 1718870
4.11, 1709236
4.13, 1701481
4.16, 1685098
4.18, 1677862
4.20, 1667456
4.22, 1661602
4.24, 1656496
4.26, 1651478
4.28, 1646777
4.30, 1644374
4.32, 1642961
4.34, 1642098
4.36, 1641456
4.38, 1640817
4.41, 1635638
4.43, 1635263
4.47, 6918004
4.49, 6573061
4.51, 6233695
4.53, 5909723
4.55, 5591818
4.57, 5337996
4.60, 5053823
4.62, 4816188
4.64, 4554303
4.66, 4336306
4.68, 4139697
4.70, 3971922
4.72, 3803465
4.74, 3657587
4.76, 3523726
4.78, 3389736
4.81, 3252167
4.83, 3115159
4.85, 2997060
4.87, 2888880
4.89, 2779334
4.91, 2692311
4.93, 2601965
4.95, 2523467
4.97, 2451033
4.99, 2391921
5.01, 2328548
5.03, 2279215
5.05, 2236236
5.07, 2200232
5.09, 2164242
5.11, 2129055
5.13, 2094434
5.15, 2064550
5.18, 2037108
5.20, 2009862
5.22, 1978696
5.24, 1942891
5.27, 1916836
5.29, 1891126
5.31, 1865658
5.33, 1836987
5.35, 1818538
5.37, 1794188
5.39, 1776357
5.41, 1761349
5.43, 1743255
5.45, 1729042
5.47, 1720539
5.49, 1708981
5.51, 1700933
5.53, 1697071
5.56, 1693783
5.58, 1690678
5.60, 1688715
5.63, 1686886
5.65, 1682437
5.68, 1680519
5.70, 1678969
5.73, 1677463
5.75, 1675129
5.77, 1673986
5.79, 1673123
5.81, 1672916
