0.02, 6764083
0.05, 6404918
0.07, 6073352
0.10, 5776598
0.12, 5508043
0.14, 5247934
0.16, 4999452
0.18, 4752358
0.20, 4509273
0.22, 4280428
0.24, 4082851
0.26, 3894504
0.28, 3725283
0.31, 3561938
0.33, 3432568
0.35, 3273001
0.37, 3156677
0.40, 3050559
0.43, 2934657
0.47, 2843834
0.50, 2739421
0.52, 2658317
0.55, 2581920
0.57, 2514912
0.60, 2445354
0.62, 2381038
0.64, 2323958
0.66, 2277625
0.69, 2238794
0.71, 2200305
0.73, 2169444
0.75, 2134635
0.78, 2106452
0.80, 2080513
0.82, 2041851
0.84, 2015011
0.86, 1988433
0.88, 1962948
0.90, 1934810
0.92, 1907350
0.95, 1885422
0.97, 1857657
0.99, 1831458
1.01, 1809700
1.03, 1789331
1.05, 1772948
1.07, 1757352
1.09, 1746014
1.12, 1735570
1.15, 1724105
1.17, 1713376
1.19, 1703043
1.22, 1693768
1.24, 1686613
1.27, 1681947
1.30, 1677339
1.32, 1673121
1.35, 1669649
1.37, 1667039
1.40, 1665006
1.42, 1664143
1.47, 7216908
1.49, 6856379
1.51, 6502153
1.53, 6194566
1.56, 5904343
1.58, 5632675
1.60, 5363144
1.62, 5095181
1.64, 4878658
1.66, 4651513
1.68, 4406296
1.70, 4212551
1.72, 4029482
1.74, 3844438
1.76, 3690621
1.78, 3563814
1.80, 3402777
1.83, 3247171
1.85, 3069170
1.88, 2959399
1.90, 2857614
1.92, 2765575
1.95, 2670575
1.97, 2591289
2.00, 2520136
2.02, 2447202
2.04, 2379189
2.06, 2312840
2.09, 2268587
2.11, 2219691
2.13, 2176503
2.16, 2136179
2.18, 2093957
2.20, 2055848
2.23, 2006451
2.25, 1976902
2.27, 1947501
2.30, 1922136
2.32, 1897050
2.34, 1874876
2.37, 1855987
2.39, 1837373
2.42, 1803027
2.44, 1780154
2.46, 1762640
2.49, 1748338
2.51, 1731763
2.53, 1720328
2.56, 1711035
2.58, 1701760
2.60, 1693166
2.62, 1686003
2.64, 1677942
2.66, 1670928
2.69, 1664989
2.71, 1662016
2.73, 1654997
2.75, 1647734
2.77, 1644683
2.79, 1642280
2.81, 1640024
2.83, 1637860
2.85, 1621528
2.87, 1617751
2.89, 1616888
2.92, 1616165
2.94, 1615679
2.99, 7297147
3.01, 6950120
3.03, 6614847
3.06, 6294156
3.08, 6008372
3.10, 5759905
3.12, 5504884
3.14, 5257113
3.16, 5041206
3.18, 4829797
3.20, 4616676
3.22, 4414293
3.24, 4204217
3.27, 4030827
3.29, 3847898
3.31, 3678962
3.34, 3542677
3.36, 3410479
3.39, 3285076
3.41, 3164042
3.44, 3047354
3.46, 2939612
3.49, 2847654
3.51, 2756130
3.54, 2670843
3.57, 2590141
3.59, 2532885
3.62, 2478025
3.64, 2429909
3.67, 2382287
3.69, 2334897
3.72, 2297696
3.74, 2251235
3.77, 2204063
3.79, 2165310
3.82, 2129332
3.84, 2094727
3.86, 2061560
3.88, 2034982
3.91, 2010865
3.93, 1988690
3.95, 1959243
3.98, 1937503
4.00, 1912844
4.02, 1895604
4.05, 1880027
4.07, 1865560
4.10, 1851427
4.12, 1831866
4.14, 1819694
4.16, 1807791
4.19, 1798173
4.21, 1786190
4.23, 1776894
4.26, 1767681
4.28, 1723607
4.30, 1713677
4.33, 1705687
4.35, 1697293
4.37, 1691675
4.39, 1686759
4.42, 1682198
4.44, 1678272
4.46, 1675464
4.49, 1669454
4.51, 1663116
4.54, 1660713
4.56, 1658461
4.58, 1657819
4.61, 1657363
4.63, 1652852
4.68, 7268785
4.70, 6912088
4.72, 6566603
4.74, 6242750
4.76, 5948924
4.78, 5679083
4.80, 5409771
4.82, 5181272
4.84, 4958346
4.86, 4736599
4.89, 4517317
4.91, 4297293
4.93, 4079025
4.95, 3879881
4.97, 3707404
4.99, 3568812
5.02, 3432966
5.04, 3307156
5.06, 3185697
5.09, 3063977
5.11, 2942684
5.13, 2829893
5.16, 2721436
5.18, 2641718
5.20, 2569213
5.22, 2491601
5.24, 2419478
5.27, 2364051
5.29, 2309168
5.31, 2259843
5.33, 2211470
5.35, 2172726
5.38, 2136267
5.40, 2098716
5.42, 2062762
5.44, 2028496
5.46, 1994587
5.48, 1966080
5.50, 1940076
5.52, 1914216
5.55, 1891855
5.57, 1834601
5.59, 1812843
5.61, 1793448
5.63, 1774139
5.66, 1760011
5.68, 1742610
5.70, 1727205
5.72, 1704107
5.74, 1690323
5.76, 1677692
5.78, 1665740
5.80, 1651900
5.82, 1641177
5.84, 1632163
5.86, 1624408
5.88, 1618103
5.91, 1601528
5.93, 1597009
5.95, 1592639
5.97, 1585030
5.99, 1577794
6.01, 1575878
6.04, 1574465
6.06, 1573322
