0.02, 7070618
0.04, 6647375
0.07, 6261415
0.09, 5880671
0.11, 5575636
0.13, 5297777
0.15, 5022740
0.17, 4788708
0.19, 4511368
0.21, 4313496
0.23, 4163583
0.25, 4003919
0.27, 3850649
0.29, 3727650
0.31, 3612831
0.33, 3472868
0.36, 3349580
0.37, 3226132
0.40, 3120195
0.42, 3015816
0.44, 2915260
0.46, 2817805
0.48, 2734832
0.50, 2652910
0.52, 2578335
0.54, 2505185
0.56, 2452492
0.58, 2393418
0.60, 2331883
0.62, 2287746
0.64, 2243643
0.66, 2200317
0.68, 2157317
0.70, 2115757
0.72, 2077485
0.74, 2046942
0.76, 2017621
0.78, 1989114
0.80, 1962272
0.82, 1935934
0.84, 1909879
0.86, 1886296
0.88, 1864902
0.90, 1841692
0.92, 1819933
0.94, 1799222
0.96, 1779450
0.99, 1761008
1.01, 1743609
1.03, 1728023
1.05, 1713556
1.07, 1702606
1.09, 1691514
1.11, 1680824
1.13, 1670894
1.15, 1661012
1.17, 1641217
1.20, 1633888
1.22, 1626733
1.24, 1621627
1.26, 1617700
1.28, 1614517
1.30, 1612114
1.32, 1611472
1.37, 6984614
1.39, 6590357
1.41, 6259002
1.43, 5909625
1.45, 5608968
1.47, 5340830
1.49, 5075240
1.52, 4819013
1.54, 4581482
1.56, 4320594
1.58, 4117198
1.60, 3935310
1.62, 3774543
1.64, 3626379
1.66, 3467323
1.68, 3338903
1.70, 3226346
1.72, 3114156
1.75, 3011364
1.77, 2909668
1.79, 2815384
1.81, 2723417
1.83, 2634533
1.85, 2556821
1.87, 2496368
1.89, 2427475
1.91, 2373903
1.93, 2321460
1.95, 2277933
1.97, 2234821
1.99, 2191890
2.01, 2149653
2.04, 2107794
2.06, 2068425
2.08, 2033903
2.10, 1999924
2.12, 1967767
2.14, 1937948
2.16, 1910072
2.18, 1883121
2.20, 1857756
2.22, 1832829
2.24, 1811649
2.26, 1793022
2.28, 1774488
2.30, 1756280
2.32, 1735398
2.34, 1720931
2.36, 1706797
2.38, 1696474
2.40, 1688861
2.42, 1681865
2.44, 1674892
2.46, 1668358
2.48, 1663739
2.50, 1653804
2.52, 1649280
2.55, 1644836
2.57, 1631417
2.59, 1617890
2.61, 1609842
2.63, 1605472
2.66, 1596923
2.68, 1592800
2.70, 1587082
2.72, 1579846
2.74, 1577443
2.76, 1575843
2.78, 1574700
2.80, 1573837
2.84, 7067738
2.86, 6717844
2.88, 6421044
2.90, 6137712
2.92, 5869745
2.94, 5619127
2.96, 5380452
2.99, 5156004
3.01, 4945421
3.04, 4736558
3.06, 4540542
3.08, 4345492
3.11, 4166207
3.13, 4000047
3.16, 3805937
3.18, 3655846
3.21, 3506874
3.23, 3340601
3.25, 3215398
3.28, 3102371
3.30, 3006538
3.32, 2928431
3.35, 2851619
3.37, 2778964
3.39, 2706015
3.42, 2641651
3.44, 2553405
3.47, 2495753
3.49, 2440668
3.52, 2389352
3.54, 2340351
3.56, 2294356
3.59, 2251891
3.61, 2209084
3.63, 2167846
3.66, 2129129
3.68, 2090419
3.71, 2056768
3.73, 2023364
3.76, 1992851
3.78, 1962546
3.80, 1933337
3.83, 1904403
3.85, 1877825
3.87, 1851965
3.90, 1828200
3.92, 1805722
3.94, 1785005
3.97, 1765627
3.99, 1746456
4.01, 1729465
4.03, 1713886
4.05, 1698754
4.07, 1685925
4.09, 1673102
4.11, 1653306
4.13, 1642950
4.15, 1633096
4.17, 1625396
4.19, 1607685
4.22, 1600530
4.24, 1595512
4.26, 1590804
4.28, 1586361
4.30, 1583232
4.32, 1578126
4.34, 1575723
4.36, 1573807
4.38, 1572394
4.41, 1571531
4.45, 7388683
4.47, 6962735
4.49, 6598259
4.51, 6191734
4.53, 5836157
4.55, 5544102
4.57, 5251544
4.60, 4995379
4.62, 4754127
4.64, 4535602
4.66, 4331983
4.68, 4145172
4.70, 3965254
4.72, 3828526
4.74, 3689260
4.76, 3549891
4.78, 3415119
4.80, 3288250
4.82, 3169524
4.84, 3070765
4.86, 2974586
4.88, 2876974
4.91, 2782870
4.93, 2690461
4.95, 2606498
4.97, 2528295
4.99, 2461972
5.01, 2399302
5.03, 2326798
5.05, 2274964
5.07, 2223648
5.09, 2178515
5.12, 2138159
5.14, 2099411
5.16, 2060796
5.18, 2022436
5.20, 1991270
5.22, 1961545
5.24, 1931918
5.26, 1898751
5.28, 1872190
5.30, 1849824
5.32, 1827920
5.35, 1809713
5.37, 1792801
5.39, 1776417
5.42, 1760840
5.44, 1744036
5.46, 1730033
5.49, 1717040
5.51, 1706989
5.53, 1697113
5.56, 1689958
5.58, 1682848
5.61, 1676249
5.63, 1669703
5.65, 1663260
5.68, 1657406
5.70, 1653085
5.73, 1645976
5.76, 1642805
5.78, 1640072
5.81, 1638472
5.83, 1637059
5.86, 1635916
5.88, 1634801
5.91, 1617407
5.93, 1616544
