0.02, 7050049
0.05, 6611069
0.07, 6214841
0.09, 5853687
0.11, 5506320
0.13, 5226849
0.15, 4990635
0.17, 4773126
0.19, 4559476
0.21, 4341321
0.23, 4137959
0.25, 3940250
0.28, 3779299
0.30, 3637706
0.32, 3467706
0.34, 3327397
0.36, 3209746
0.38, 3094522
0.40, 2985802
0.42, 2882927
0.44, 2796061
0.47, 2716748
0.49, 2636212
0.51, 2560001
0.53, 2496114
0.55, 2434280
0.58, 2379568
0.60, 2333823
0.62, 2269856
0.64, 2224972
0.66, 2183776
0.68, 2143276
0.70, 2105546
0.72, 2065530
0.74, 2030217
0.76, 1996252
0.78, 1972619
0.80, 1952113
0.82, 1933886
0.84, 1915544
0.87, 1899836
0.89, 1885217
0.91, 1871214
0.94, 1853583
0.96, 1831883
0.98, 1809022
1.01, 1796152
1.03, 1784800
1.05, 1773674
1.08, 1762680
1.10, 1752653
1.12, 1739171
1.14, 1730561
1.16, 1723101
1.18, 1716401
1.20, 1710547
1.22, 1704825
1.24, 1699771
1.26, 1692710
1.28, 1688459
1.30, 1684716
1.33, 1681416
1.35, 1679034
1.37, 1677118
1.39, 1675474
1.42, 1674061
1.44, 1673780
1.48, 7154846
1.50, 6746759
1.53, 6380001
1.55, 6054626
1.57, 5746915
1.59, 5469974
1.61, 5184791
1.63, 4951459
1.65, 4696671
1.68, 4450509
1.70, 4249282
1.72, 4034693
1.74, 3824486
1.76, 3664253
1.78, 3481588
1.80, 3300447
1.82, 3166258
1.84, 3046935
1.86, 2935472
1.88, 2826135
1.90, 2730184
1.92, 2646706
1.94, 2567225
1.97, 2492009
1.99, 2426743
2.01, 2363106
2.03, 2312635
2.05, 2266417
2.07, 2206804
2.09, 2161128
2.11, 2126314
2.13, 2094947
2.15, 2064266
2.17, 2005254
2.19, 1968580
2.21, 1942404
2.23, 1917477
2.25, 1894268
2.27, 1872877
2.30, 1852974
2.32, 1835087
2.34, 1818548
2.36, 1802614
2.38, 1789132
2.40, 1776004
2.42, 1761295
2.44, 1749652
2.46, 1738962
2.48, 1728948
2.50, 1719190
2.52, 1712893
2.54, 1706655
2.56, 1700825
2.58, 1695593
2.60, 1691048
2.62, 1687121
2.64, 1682321
2.66, 1678351
2.69, 1674792
2.71, 1671525
2.73, 1661442
2.75, 1658259
2.77, 1655701
2.79, 1651734
2.81, 1649331
2.83, 1647356
2.85, 1645948
2.88, 1641424
2.90, 1640561
2.94, 6630702
2.96, 6238909
2.98, 5852940
3.00, 5556488
3.02, 5316901
3.04, 5081356
3.06, 4810435
3.08, 4585601
3.10, 4372284
3.12, 4198871
3.14, 4030434
3.16, 3859454
3.18, 3720625
3.20, 3584115
3.22, 3448911
3.24, 3326347
3.27, 3202836
3.29, 3092767
3.31, 2986271
3.33, 2894434
3.35, 2808924
3.37, 2738147
3.39, 2672705
3.41, 2605481
3.43, 2541014
3.46, 2484365
3.48, 2433027
3.50, 2382812
3.52, 2335211
3.54, 2286236
3.56, 2240349
3.58, 2198872
3.60, 2151694
3.62, 2110955
3.64, 2070534
3.66, 2033688
3.68, 2003114
3.70, 1972407
3.72, 1941853
3.74, 1911657
3.76, 1883889
3.78, 1858188
3.80, 1836789
3.82, 1820493
3.84, 1799328
3.86, 1785115
3.89, 1773989
3.91, 1764734
3.93, 1757897
3.95, 1738300
3.97, 1700540
4.00, 1692288
4.02, 1684064
4.04, 1673941
4.06, 1666786
4.08, 1660366
4.10, 1654475
4.12, 1649048
4.14, 1642075
4.16, 1637374
4.18, 1634456
4.20, 1633134
4.22, 1625073
4.24, 1623898
4.27, 1623035
4.29, 1622393
4.33, 7102437
4.35, 6752778
4.37, 6413665
4.39, 6076567
4.41, 5787046
4.43, 5505420
4.45, 5247505
4.47, 4997806
4.49, 4788822
4.51, 4582036
4.53, 4380504
4.55, 4197747
4.57, 4018227
4.59, 3847462
4.61, 3702234
4.63, 3558277
4.65, 3424174
4.67, 3283261
4.69, 3160567
4.71, 3047725
4.73, 2952775
4.75, 2861078
4.77, 2772062
4.80, 2683606
4.82, 2601632
4.84, 2526715
4.87, 2467629
4.89, 2405432
4.91, 2348859
4.93, 2299724
4.95, 2252860
4.97, 2205009
5.00, 2157281
5.02, 2116584
5.04, 2068324
5.06, 2027871
5.08, 1993288
5.11, 1960917
5.13, 1923773
5.15, 1896833
5.17, 1871161
5.19, 1849770
5.21, 1829626
5.24, 1810438
5.26, 1794055
5.28, 1779588
5.30, 1765748
5.32, 1748264
5.34, 1735026
5.36, 1722578
5.38, 1710573
5.40, 1699533
5.42, 1689200
5.44, 1678872
5.46, 1668775
5.48, 1660951
5.51, 1656035
5.53, 1651427
5.56, 1648509
5.58, 1646726
5.61, 1645583
5.63, 1644720
5.65, 1644078
