0.00, 7486865
0.00, 7479959
0.00, 7468408
0.00, 7418037
0.00, 7317885
0.00, 7306537
0.00, 7259766
0.00, 7137599
0.00, 7129696
0.00, 7082415
0.01, 6877696
0.01, 6856469
0.01, 6813627
0.01, 6698179
0.01, 6624679
0.01, 6537174
0.01, 6521972
0.01, 6495576
0.01, 6441183
0.01, 6411935
0.04, 6285855
0.04, 6096656
0.04, 6065262
0.04, 5938323
0.04, 5913287
0.15, 5891567
0.15, 5878154
0.15, 5862882
0.15, 5851264
0.15, 5825197
0.15, 5803506
0.15, 5802962
0.15, 5801243
0.15, 5770262
0.15, 5729046
0.17, 5632812
0.17, 5625249
0.17, 5608920
0.17, 5574423
0.17, 5430595
0.17, 5428644
0.17, 5373395
0.17, 5325158
0.17, 5220468
0.17, 5154925
0.17, 5150345
0.17, 5028231
0.18, 4950910
0.18, 4889918
0.18, 4865690
0.19, 4750539
0.19, 4707555
0.19, 4698592
0.19, 4683739
0.19, 4575619
0.19, 4501634
0.20, 4501110
0.20, 4500029
0.20, 4474600
0.20, 4400287
0.20, 4381019
0.20, 4344380
0.20, 4294727
0.20, 4289434
0.20, 4284225
0.20, 4239512
0.20, 4195770
0.20, 4188296
0.20, 4182591
0.20, 4111898
0.20, 4017783
0.20, 3928242
0.20, 3872398
0.20, 3846541
0.20, 3842831
0.20, 3810591
0.20, 3805218
0.20, 3803594
0.20, 3800877
0.21, 3797787
0.21, 3712261
0.21, 3703361
0.21, 3693083
0.21, 3681133
0.21, 3673625
0.21, 3668545
0.21, 3654698
0.21, 3533623
0.21, 3449704
0.21, 3344246
0.21, 3329310
0.21, 3316181
0.21, 3306298
0.21, 3291161
0.21, 3280285
0.21, 3269044
0.21, 3242446
0.21, 3211380
0.21, 3181350
0.21, 3151305
0.22, 3142847
0.22, 3139879
0.22, 3106927
0.22, 3084986
0.22, 3058335
0.22, 3036934
0.22, 3027846
0.22, 2972838
0.22, 2960723
0.22, 2946680
0.22, 2936669
0.22, 2915270
0.23, 2874371
0.23, 2873897
0.23, 2857485
0.23, 2842107
0.23, 2828090
0.23, 2804428
0.23, 2803921
0.23, 2802941
0.23, 2800425
0.23, 2798152
0.23, 2773599
0.23, 2772350
0.23, 2752634
0.23, 2685430
0.23, 2682803
0.23, 2668950
0.23, 2652830
0.23, 2643851
0.24, 2641765
0.24, 2631789
0.24, 2628130
0.24, 2618216
0.24, 2579499
0.24, 2564401
0.24, 2545148
0.24, 2534269
0.24, 2513392
0.24, 2480257
0.24, 2479538
0.24, 2472208
0.24, 2442858
0.24, 2441498
0.25, 2440736
0.25, 2433463
0.25, 2430258
0.25, 2423131
0.25, 2407923
0.25, 2403096
0.25, 2401681
0.25, 2391399
0.25, 2368391
0.25, 2364049
0.25, 2349748
0.25, 2349580
0.25, 2333091
0.25, 2331965
0.25, 2329396
0.25, 2319196
0.25, 2315448
0.25, 2309000
0.25, 2297991
0.25, 2295220
0.25, 2283482
0.25, 2282331
0.25, 2279239
0.26, 2278697
0.26, 2275033
0.26, 2252156
0.26, 2238870
0.26, 2232218
0.26, 2228285
0.26, 2221483
0.26, 2216565
0.26, 2207111
0.26, 2195072
0.26, 2156023
0.26, 2154249
0.26, 2126609
0.26, 2124236
0.26, 2121810
0.26, 2116448
0.26, 2090256
0.26, 2087353
0.26, 2068579
0.27, 2067207
0.27, 2065502
0.27, 2063238
0.27, 2056036
0.27, 2054580
0.27, 2034360
0.27, 2033574
0.27, 1977852
0.27, 1977210
0.27, 1968489
0.27, 1955957
0.27, 1953054
0.27, 1939645
0.28, 1916929
0.28, 1916400
0.28, 1910181
0.28, 1907345
0.28, 1899620
0.28, 1898609
0.28, 1892901
0.29, 1888187
0.29, 1883917
0.29, 1876547
0.29, 1865602
0.29, 1852995
0.29, 1848378
0.29, 1835383
0.30, 1821540
0.30, 1816285
0.30, 1805823
0.30, 1800459
0.30, 1774135
0.30, 1773981
0.30, 1763470
0.30, 1763429
0.31, 1762378
0.31, 1758662
0.31, 1747428
0.32, 1746687
0.33, 1739280
0.34, 1713404
0.34, 1713264
0.35, 1693703
0.36, 1677899
0.36, 1676667
0.38, 1671561
0.38, 1656716
