0.00, 3701381
0.00, 3283304
0.01, 2922267
0.01, 2619928
0.01, 2402042
0.01, 2259674
0.02, 2072405
0.02, 1947780
0.02, 1859882
0.02, 1795857
0.02, 1740487
0.03, 1675379
0.03, 1625724
0.03, 1590998
0.03, 1560460
0.03, 1536904
0.04, 1515064
0.04, 1498979
0.04, 1488674
0.04, 1479380
0.05, 1467371
0.05, 1459433
0.05, 1454531
0.05, 1453791
0.06, 3844177
0.06, 3392360
0.06, 2970297
0.06, 2553604
0.06, 2189321
0.07, 1938501
0.07, 1785968
0.07, 1708525
0.07, 1646985
0.08, 1602362
0.08, 1553605
0.08, 1525879
0.08, 1487546
0.08, 1459941
0.09, 1446151
0.09, 1434883
0.09, 1418715
0.09, 1410851
0.09, 1404609
0.10, 1400517
0.10, 1400046
0.10, 4115602
0.10, 3667196
0.11, 3218497
0.11, 2813212
0.11, 2437878
0.11, 2200867
0.11, 2041868
0.12, 1935601
0.12, 1827201
0.12, 1763683
0.12, 1720176
0.13, 1679723
0.13, 1638379
0.13, 1601355
0.13, 1561220
0.13, 1530057
0.13, 1509624
0.14, 1497530
0.14, 1482976
0.14, 1464069
0.14, 1455228
0.14, 1447935
0.15, 1443027
0.15, 1436436
0.15, 1431877
0.15, 1427507
0.15, 1423415
0.16, 1420151
0.16, 1418290
0.16, 1402307
0.16, 4246486
0.16, 3789954
0.17, 3306021
0.17, 2917352
0.17, 2622242
0.17, 2382002
0.17, 2251931
0.18, 2047345
0.18, 1945409
0.18, 1880888
0.18, 1823612
0.18, 1728815
0.19, 1679517
0.19, 1623539
0.19, 1576943
0.19, 1525036
0.19, 1483540
0.20, 1453147
0.20, 1440297
0.20, 1433757
0.20, 1419967
0.20, 1414976
0.21, 1410884
0.21, 1407620
0.21, 1405255
0.21, 1404131
0.21, 1401831
