0.00, 3620823
0.00, 3500498
0.00, 3223923
0.00, 3191590
0.00, 3131874
0.00, 3117023
0.00, 2911226
0.08, 2758542
0.09, 2698498
0.09, 2683137
0.09, 2442868
0.11, 2441710
0.11, 2382080
0.11, 2371087
0.11, 2317253
0.11, 2315166
0.11, 2235796
0.11, 2103250
0.11, 2101662
0.11, 2071248
0.11, 2057807
0.11, 2048153
0.12, 2045208
0.12, 2029383
0.12, 2028749
0.12, 2022217
0.12, 2011248
0.12, 2007749
0.12, 1952546
0.12, 1906011
0.12, 1890293
0.13, 1877179
0.13, 1858338
0.13, 1838712
0.13, 1838107
0.13, 1741799
0.13, 1716477
0.13, 1678572
0.13, 1672316
0.13, 1667631
0.13, 1659093
0.13, 1651337
0.13, 1634260
0.13, 1631342
0.14, 1626019
0.14, 1596834
0.14, 1594878
0.14, 1589178
0.15, 1586926
0.15, 1576899
0.15, 1557009
0.15, 1551720
0.15, 1533389
0.15, 1492674
0.15, 1479955
0.15, 1470074
0.16, 1463996
0.16, 1456511
0.16, 1451506
0.16, 1441805
0.16, 1436387
0.16, 1431681
0.18, 1428975
0.18, 1428029
0.18, 1426905
0.18, 1424605
0.19, 1422181
0.19, 1421057
0.26, 1418757
0.55, 1418539
0.55, 1415275
1.03, 1400046
