0.00, 4238761
0.00, 3824602
0.01, 3439016
0.01, 3060341
0.01, 2778340
0.01, 2528646
0.01, 2278985
0.02, 2089987
0.02, 1933650
0.02, 1850403
0.02, 1784654
0.02, 1723240
0.03, 1673886
0.03, 1625486
0.03, 1585187
0.03, 1550324
0.03, 1525193
0.03, 1503353
0.04, 1486942
0.04, 1465935
0.04, 1452928
0.04, 1447042
0.04, 1442313
0.05, 1441189
0.05, 1438889
0.05, 3998324
0.05, 3544334
0.05, 3127435
0.06, 2746546
0.06, 2452490
0.06, 2177383
0.06, 1964573
0.06, 1826052
0.06, 1762240
0.07, 1718387
0.07, 1675657
0.07, 1635620
0.07, 1597626
0.07, 1568441
0.08, 1540641
0.08, 1525831
0.08, 1511621
0.08, 1499612
0.08, 1488964
0.08, 1471959
0.09, 1455791
0.09, 1447238
0.09, 1439291
0.09, 1434389
0.09, 1433649
0.10, 3318616
0.10, 2876850
0.10, 2439189
0.10, 2163963
0.10, 1987696
0.11, 1903961
0.11, 1830462
0.11, 1755168
0.11, 1699657
0.11, 1650387
0.11, 1604633
0.12, 1563137
0.12, 1533764
0.12, 1506196
0.12, 1492503
0.12, 1479167
0.13, 1468862
0.13, 1459516
0.13, 1450623
0.13, 1442676
0.13, 1439914
0.13, 1437046
0.14, 1435910
0.14, 3587921
0.14, 3150621
0.14, 2778369
0.15, 2513561
0.15, 2301515
0.15, 2162005
0.15, 2060583
0.15, 1962573
0.16, 1873401
0.16, 1797235
0.16, 1732918
0.16, 1683662
0.16, 1614174
0.17, 1577150
0.17, 1538962
0.17, 1503768
0.17, 1475428
0.17, 1453864
0.18, 1435604
0.18, 1428311
0.18, 1422693
0.18, 1417817
0.18, 1415956
0.19, 1399973
0.19, 1398849
0.19, 1396549
0.19, 1395981
