0.00, 3835644
0.00, 3386505
0.01, 3010421
0.01, 2636616
0.01, 2361011
0.01, 2119550
0.01, 2012626
0.02, 1929939
0.02, 1808572
0.02, 1748228
0.02, 1698357
0.02, 1659914
0.02, 1630251
0.03, 1612914
0.03, 1597390
0.03, 1585613
0.03, 1574920
0.03, 1566870
0.04, 1559682
0.04, 1554062
0.04, 1548617
0.04, 1478260
0.04, 1461825
0.05, 1445509
0.05, 1439987
0.05, 1422583
0.05, 1420283
0.05, 1418422
0.05, 1402439
0.06, 1401303
0.06, 1400517
0.06, 1400046
0.06, 3639560
0.07, 3223857
0.07, 2833091
0.07, 2537484
0.07, 2281272
0.07, 2071597
0.07, 1900159
0.08, 1802930
0.08, 1730854
0.08, 1673041
0.08, 1631225
0.08, 1592527
0.08, 1553804
0.09, 1520302
0.09, 1488255
0.09, 1471405
0.09, 1455918
0.09, 1447487
0.09, 1433266
0.10, 1425970
0.10, 1423670
0.10, 1422027
0.10, 3679184
0.11, 3216501
0.11, 2800671
0.11, 2480722
0.11, 2221771
0.11, 2044676
0.11, 1922393
0.12, 1831447
0.12, 1775910
0.12, 1742118
0.12, 1711873
0.12, 1668367
0.13, 1619853
0.13, 1582829
0.13, 1544641
0.13, 1517476
0.13, 1491951
0.13, 1466173
0.14, 1448136
0.14, 1441894
0.14, 1437152
0.14, 1432648
0.14, 1426057
0.14, 1421965
0.15, 1418701
0.15, 1413825
0.15, 1411964
0.15, 1395981
0.15, 3431663
0.16, 3029421
0.16, 2677174
0.16, 2420406
0.16, 2178234
0.16, 2011548
0.17, 1882553
0.17, 1806440
0.17, 1720577
0.17, 1642837
0.17, 1590487
0.17, 1540365
0.18, 1501064
0.18, 1481355
0.18, 1465187
0.18, 1449204
0.18, 1434277
0.19, 1423183
0.19, 1415245
0.19, 1409003
0.19, 1403385
0.19, 1401831
