0.00, 2938738
0.00, 2611696
0.01, 2282553
0.01, 2052295
0.01, 1922988
0.01, 1823105
0.01, 1737818
0.02, 1661362
0.02, 1621196
0.02, 1581061
0.02, 1544661
0.02, 1516305
0.03, 1489616
0.03, 1461402
0.03, 1449649
0.03, 1440286
0.04, 1431445
0.04, 1423041
0.04, 1414148
0.04, 1406201
0.04, 1401831
0.05, 3189900
0.05, 2817757
0.05, 2497808
0.05, 2193910
0.06, 2067088
0.06, 1994050
0.06, 1902053
0.06, 1802753
0.06, 1733071
0.06, 1682742
0.07, 1637970
0.07, 1597534
0.07, 1558109
0.07, 1528437
0.07, 1500832
0.07, 1478005
0.08, 1458733
0.08, 1440195
0.08, 1424212
0.08, 1415319
0.08, 1408247
0.09, 1405947
0.09, 3480990
0.09, 2989213
0.09, 2526211
0.09, 2286090
0.10, 2093555
0.10, 1989407
0.10, 1877735
0.10, 1813030
0.10, 1761123
0.10, 1712985
0.11, 1638417
0.11, 1592815
0.11, 1551969
0.11, 1521953
0.11, 1491138
0.12, 1468031
0.12, 1447170
0.12, 1435628
0.12, 1424980
0.12, 1415279
0.12, 1408220
0.13, 1403850
0.13, 3306943
0.13, 2884582
0.13, 2520165
0.13, 2289130
0.14, 2130829
0.14, 1988688
0.14, 1884519
0.14, 1782411
0.14, 1708633
0.15, 1641452
0.15, 1594427
0.15, 1556239
0.15, 1521686
0.15, 1488960
0.15, 1467599
0.16, 1455122
0.16, 1443830
0.16, 1438922
0.16, 1430320
0.16, 1424798
0.17, 1416934
0.17, 1412192
0.17, 1411068
0.17, 1408768
