0.00, 3283883
0.00, 2753006
0.01, 2381651
0.01, 2150726
0.01, 2033496
0.01, 1926114
0.01, 1851592
0.01, 1768767
0.02, 1707785
0.02, 1664421
0.02, 1619144
0.02, 1582321
0.02, 1517857
0.03, 1493493
0.03, 1473422
0.03, 1456814
0.03, 1445231
0.03, 1435868
0.03, 1427921
0.04, 1420363
0.04, 1414630
0.04, 1409639
0.04, 1407274
0.04, 1406150
0.04, 1403850
0.05, 3740723
0.05, 3274450
0.05, 2898775
0.05, 2596842
0.05, 2373316
0.06, 2219964
0.06, 2098969
0.06, 1979990
0.06, 1904281
0.06, 1845508
0.07, 1796084
0.07, 1751300
0.07, 1701132
0.07, 1664370
0.07, 1634897
0.07, 1608178
0.08, 1588810
0.08, 1578214
0.08, 1568526
0.08, 1559115
0.08, 1505993
0.09, 1485132
0.09, 1460147
0.09, 1449751
0.09, 1443509
0.09, 1440547
0.09, 1437283
0.10, 1430468
0.10, 1426188
0.10, 1424327
0.10, 1408344
0.11, 3807205
0.11, 3354643
0.11, 2927140
0.11, 2548265
0.11, 2337845
0.11, 2179309
0.12, 2036820
0.12, 1938382
0.12, 1873539
0.12, 1814719
0.12, 1765449
0.13, 1721563
0.13, 1681433
0.13, 1651372
0.13, 1623804
0.13, 1599303
0.13, 1575841
0.14, 1552759
0.14, 1537668
0.14, 1523885
0.14, 1514591
0.14, 1505325
0.15, 1499193
0.15, 1494593
0.15, 1492293
0.15, 1491157
0.15, 3515997
0.16, 3126954
0.16, 2743860
0.16, 2539802
0.16, 2358407
0.16, 2164486
0.17, 2030324
0.17, 1893782
0.17, 1786198
0.17, 1714318
0.17, 1661182
0.17, 1611912
0.18, 1568463
0.18, 1534708
0.18, 1509368
0.18, 1481160
0.18, 1470855
0.19, 1462688
0.19, 1457206
0.19, 1455345
0.19, 1450839
0.19, 1444317
