0.00, 3163906
0.00, 2672538
0.01, 2403647
0.01, 2218284
0.01, 2096913
0.01, 1925291
0.01, 1837201
0.02, 1762394
0.02, 1699837
0.02, 1651437
0.02, 1603285
0.02, 1551490
0.03, 1506718
0.03, 1483447
0.03, 1467464
0.03, 1452215
0.03, 1431061
0.04, 1419052
0.04, 1410885
0.04, 1406515
0.04, 1405947
0.05, 3835874
0.05, 3399050
0.05, 2998540
0.05, 2622002
0.05, 2344325
0.06, 2123627
0.06, 1998792
0.06, 1891249
0.06, 1813540
0.06, 1746705
0.07, 1691726
0.07, 1645100
0.07, 1618381
0.07, 1593268
0.07, 1541363
0.08, 1521731
0.08, 1496370
0.08, 1481403
0.08, 1466849
0.08, 1456544
0.09, 1448084
0.09, 1442466
0.09, 1437724
0.09, 1434460
0.10, 1429584
0.10, 3201459
0.10, 2811703
0.10, 2539507
0.11, 2289609
0.11, 2109112
0.11, 1997441
0.11, 1894631
0.11, 1816969
0.12, 1757276
0.12, 1695557
0.12, 1662240
0.12, 1634026
0.12, 1609015
0.13, 1584514
0.13, 1565331
0.13, 1546963
0.13, 1534128
0.13, 1526801
0.14, 1516510
0.14, 1509322
0.14, 1503665
0.14, 1494559
0.14, 1492259
0.15, 1491491
0.15, 3979264
0.15, 3508734
0.15, 3097113
0.16, 2697157
0.16, 2430613
0.16, 2254662
0.16, 2106003
0.16, 2002910
0.17, 1919663
0.17, 1847527
0.17, 1767440
0.17, 1718604
0.17, 1674718
0.18, 1610344
0.18, 1566824
0.18, 1522645
0.18, 1500113
0.18, 1479499
0.19, 1463403
0.19, 1447757
0.19, 1435980
0.19, 1427139
0.19, 1425278
0.20, 1409295
0.20, 1408171
0.20, 1405871
0.20, 1405303
