0.00, 4776907
0.00, 4772457
0.00, 4516363
0.00, 4500000
0.00, 4474515
0.00, 4437495
0.00, 4415185
0.00, 4355582
0.00, 4024334
0.00, 4004207
0.00, 3989127
0.00, 3720993
0.00, 3718740
0.00, 3380005
0.00, 3288703
0.00, 3283597
0.00, 3244156
0.00, 3228261
0.00, 3180659
0.00, 3134753
0.00, 3093376
0.00, 2997716
0.00, 2984998
0.00, 2968743
0.00, 2948124
0.00, 2922781
0.00, 2922527
0.10, 2915648
0.10, 2886436
0.10, 2748440
0.10, 2746555
0.10, 2732510
0.10, 2685644
0.10, 2600286
0.10, 2600030
0.10, 2597253
0.10, 2491385
0.10, 2470437
0.10, 2469886
0.11, 2460531
0.11, 2454229
0.11, 2438688
0.11, 2435174
0.11, 2427084
0.11, 2411083
0.11, 2383049
0.11, 2365973
0.11, 2295043
0.11, 2293531
0.11, 2282389
0.11, 2273499
0.11, 2273189
0.11, 2271745
0.11, 2252597
0.11, 2130755
0.11, 2110719
0.11, 2088811
0.11, 2081211
0.12, 2078034
0.12, 2072819
0.12, 2070356
0.12, 2067585
0.12, 2041539
0.12, 1961085
0.12, 1927931
0.12, 1889013
0.12, 1878740
0.12, 1863862
0.12, 1853540
0.12, 1849074
0.12, 1842125
0.12, 1833496
0.12, 1811588
0.12, 1810807
0.12, 1808806
0.12, 1800402
0.12, 1773004
0.12, 1766661
0.12, 1766051
0.12, 1724774
0.12, 1720577
0.12, 1715972
0.12, 1713533
0.12, 1712697
0.12, 1710825
0.12, 1709205
0.13, 1707368
0.13, 1688496
0.13, 1664719
0.13, 1641235
0.13, 1636940
0.13, 1631573
0.14, 1623792
0.14, 1622554
0.14, 1588254
0.14, 1565198
0.14, 1480493
0.15, 1467719
0.15, 1466775
0.15, 1463180
0.15, 1454749
0.15, 1453391
0.15, 1447427
0.15, 1443335
0.15, 1437093
0.15, 1429989
0.16, 1427788
0.16, 1423241
0.16, 1421927
0.16, 1416693
0.17, 1411964
0.53, 1395981
