0.00, 4231724
0.00, 4226801
0.00, 4017527
0.00, 4002613
0.00, 3966707
0.00, 3958112
0.00, 3888146
0.00, 3788303
0.00, 3776594
0.00, 3742436
0.00, 3738746
0.00, 3697929
0.00, 3501315
0.00, 3223126
0.00, 3179891
0.00, 3154632
0.01, 3137918
0.02, 2991203
0.09, 2830685
0.10, 2821986
0.10, 2701027
0.11, 2689714
0.11, 2668840
0.11, 2648133
0.11, 2640162
0.11, 2635095
0.11, 2628010
0.11, 2601607
0.11, 2578651
0.11, 2555104
0.11, 2536698
0.11, 2491784
0.11, 2409268
0.11, 2382177
0.11, 2272319
0.12, 2230839
0.12, 2210828
0.12, 2207053
0.12, 2167149
0.12, 2102395
0.12, 1997988
0.12, 1976950
0.12, 1975924
0.12, 1973852
0.13, 1938800
0.13, 1905928
0.13, 1894196
0.13, 1888911
0.13, 1796762
0.13, 1737736
0.13, 1730979
0.13, 1726848
0.13, 1697597
0.13, 1692881
0.13, 1685136
0.13, 1681056
0.13, 1678784
0.14, 1629154
0.14, 1579630
0.16, 1575018
0.16, 1574547
0.16, 1560414
0.17, 1555543
0.17, 1540167
0.17, 1537451
0.17, 1527850
0.18, 1526020
0.18, 1524706
0.19, 1519588
0.21, 1519020
0.25, 1517884
0.45, 1513514
0.47, 1408831
0.91, 1405284
0.91, 1405257
1.06, 1404121
1.82, 1400857
1.85, 1395981
