0.00, 4315887
0.00, 4298504
0.00, 4261368
0.00, 4197738
0.00, 4134389
0.00, 3787251
0.00, 3773449
0.00, 3631781
0.00, 3474622
0.01, 3344648
0.01, 3149378
0.04, 3128673
0.08, 2867045
0.09, 2845456
0.09, 2842857
0.10, 2718017
0.10, 2697754
0.10, 2664745
0.10, 2657552
0.10, 2586577
0.10, 2583649
0.11, 2494888
0.11, 2488310
0.11, 2480674
0.11, 2450609
0.11, 2372891
0.11, 2363963
0.11, 2361111
0.11, 2356562
0.11, 2339127
0.11, 2337999
0.11, 2197267
0.11, 2181253
0.11, 2178412
0.11, 2151054
0.11, 2147037
0.12, 2143613
0.12, 2093857
0.12, 2087890
0.12, 2087474
0.12, 2065587
0.12, 2044810
0.12, 2023539
0.12, 2000839
0.12, 1986834
0.12, 1986674
0.12, 1978070
0.12, 1971916
0.12, 1944886
0.12, 1930008
0.12, 1896314
0.12, 1894574
0.12, 1891414
0.12, 1879635
0.13, 1874835
0.13, 1838362
0.13, 1761681
0.13, 1758382
0.13, 1752937
0.13, 1746235
0.13, 1714124
0.13, 1676130
0.13, 1675854
0.13, 1672348
0.13, 1660254
0.13, 1643240
0.14, 1623566
0.14, 1622247
0.14, 1619652
0.14, 1594294
0.14, 1592954
0.14, 1578182
0.14, 1552226
0.14, 1545560
0.14, 1537736
0.14, 1522551
0.14, 1522420
0.14, 1503202
0.14, 1498084
0.14, 1493966
0.14, 1475408
0.15, 1465669
0.15, 1464545
0.15, 1462402
0.15, 1456917
0.15, 1454501
0.15, 1453940
0.15, 1453111
0.16, 1450145
0.16, 1448755
0.16, 1447958
0.16, 1446586
0.16, 1443054
0.16, 1442609
0.16, 1439924
0.16, 1437781
0.17, 1436243
0.17, 1435183
0.17, 1434779
0.17, 1431667
0.17, 1430856
0.18, 1430353
0.18, 1425288
0.21, 1419670
0.27, 1419102
0.75, 1417389
0.76, 1415669
0.76, 1414545
0.76, 1411677
0.76, 1410057
0.77, 1407757
0.84, 1403665
0.85, 1397117
0.87, 1395981
