0.00, 3726676
0.00, 3645889
0.00, 3602286
0.00, 3484764
0.01, 3426412
0.01, 3414829
0.01, 3394407
0.01, 3379616
0.01, 3237129
0.01, 3222080
0.01, 3196397
0.01, 3160865
0.03, 3147261
0.03, 3122204
0.03, 3071984
0.03, 3029813
0.06, 2920308
0.06, 2868639
0.06, 2796421
0.06, 2765062
0.06, 2454400
0.11, 2394185
0.11, 2350350
0.11, 2332738
0.11, 2328548
0.11, 2295029
0.11, 2272306
0.11, 2261269
0.11, 2244156
0.11, 2208433
0.11, 2206831
0.11, 2174754
0.11, 2108213
0.11, 2076672
0.11, 2045592
0.11, 2033733
0.11, 2011324
0.11, 1981483
0.12, 1969971
0.12, 1961450
0.12, 1936401
0.12, 1923085
0.12, 1915945
0.12, 1915878
0.12, 1888353
0.12, 1886361
0.12, 1884533
0.12, 1884175
0.12, 1876960
0.13, 1845990
0.13, 1841177
0.13, 1760605
0.13, 1741366
0.13, 1741258
0.13, 1740213
0.13, 1726722
0.13, 1709845
0.13, 1692660
0.13, 1692436
0.13, 1687780
0.13, 1649837
0.13, 1646390
0.13, 1611773
0.13, 1593953
0.13, 1590520
0.13, 1576352
0.13, 1570110
0.13, 1550364
0.13, 1545680
0.13, 1540584
0.13, 1530914
0.13, 1523088
0.13, 1485130
0.14, 1479168
0.14, 1476804
0.14, 1476564
0.14, 1461316
0.14, 1459220
0.14, 1453574
0.14, 1446359
0.14, 1444996
0.15, 1436294
0.15, 1434433
0.16, 1433401
0.16, 1430951
0.16, 1429149
0.18, 1422904
0.19, 1422215
0.19, 1422118
0.19, 1421647
0.38, 1405664
2.04, 1402307
