0.00, 3665851
0.00, 3275676
0.01, 2919962
0.01, 2709438
0.01, 2499247
0.01, 2293220
0.01, 2164225
0.02, 2055410
0.02, 1950739
0.02, 1867126
0.02, 1796784
0.03, 1727712
0.03, 1674071
0.03, 1622164
0.03, 1582238
0.04, 1547754
0.04, 1508139
0.04, 1478249
0.04, 1450158
0.05, 1434175
0.05, 1423956
0.05, 1410263
0.05, 1409139
0.05, 1406839
0.06, 4127121
0.06, 3683263
0.06, 3266570
0.06, 2876091
0.07, 2480454
0.07, 2241446
0.07, 2093518
0.07, 1934992
0.07, 1838538
0.08, 1761131
0.08, 1712013
0.08, 1660811
0.08, 1611709
0.08, 1574685
0.09, 1536497
0.09, 1508411
0.09, 1490068
0.09, 1474085
0.09, 1464516
0.10, 1456597
0.10, 1449240
0.10, 1444337
0.10, 1443213
0.10, 1440913
0.11, 3505027
0.11, 3033583
0.11, 2744608
0.11, 2509338
0.11, 2279080
0.12, 2113893
0.12, 2025002
0.12, 1942768
0.12, 1871023
0.12, 1804802
0.13, 1754638
0.13, 1704823
0.13, 1670705
0.13, 1643986
0.13, 1621454
0.14, 1598385
0.14, 1555935
0.14, 1536303
0.14, 1510942
0.14, 1495862
0.15, 1480036
0.15, 1469731
0.15, 1460553
0.15, 1453738
0.15, 1447147
0.16, 1441665
0.16, 1440925
0.16, 3629680
0.16, 3158236
0.17, 2767927
0.17, 2387357
0.17, 2212465
0.17, 2059428
0.17, 1926379
0.18, 1820583
0.18, 1732493
0.18, 1678953
0.18, 1627046
0.18, 1587454
0.19, 1552726
0.19, 1534466
0.19, 1507960
0.19, 1489402
0.19, 1477468
0.20, 1467163
0.20, 1457095
0.20, 1451364
0.20, 1446462
0.20, 1443744
0.21, 1443004
