0.00, 3751349
0.00, 3334422
0.01, 2965424
0.01, 2569836
0.01, 2306196
0.01, 2143602
0.01, 2001766
0.02, 1891277
0.02, 1818643
0.02, 1754618
0.02, 1693504
0.02, 1630311
0.03, 1581432
0.03, 1540285
0.03, 1508524
0.03, 1481628
0.03, 1458546
0.04, 1437100
0.04, 1427201
0.04, 1419254
0.04, 1411087
0.05, 1403899
0.05, 1398281
0.05, 1395981
0.05, 3369519
0.06, 2896083
0.06, 2514746
0.06, 2222384
0.06, 1992973
0.06, 1876737
0.07, 1803021
0.07, 1733271
0.07, 1684153
0.07, 1638142
0.07, 1609558
0.08, 1587297
0.08, 1565264
0.08, 1545261
0.08, 1529278
0.08, 1514518
0.09, 1499563
0.09, 1491103
0.09, 1483053
0.09, 1471507
0.09, 1461104
0.10, 1455382
0.10, 1449860
0.10, 1441996
0.10, 1440442
0.11, 4129088
0.11, 3632675
0.11, 3193720
0.11, 2808529
0.12, 2560778
0.12, 2386430
0.12, 2212217
0.12, 2069849
0.12, 1959547
0.13, 1856737
0.13, 1773263
0.13, 1705868
0.13, 1655968
0.13, 1607830
0.14, 1533262
0.14, 1498348
0.14, 1479513
0.14, 1460450
0.14, 1450477
0.15, 1435116
0.15, 1426223
0.15, 1421494
0.15, 1418230
0.16, 1399405
0.16, 1398281
0.16, 1395981
0.16, 3947902
0.17, 3470770
0.17, 3020275
0.17, 2610182
0.17, 2380519
0.17, 2162074
0.18, 2012829
0.18, 1891526
0.18, 1813562
0.18, 1750887
0.19, 1689614
0.19, 1649923
0.19, 1610681
0.19, 1574815
0.19, 1541820
0.20, 1514597
0.20, 1488819
0.20, 1472651
0.20, 1464008
0.20, 1457193
0.21, 1450602
0.21, 1445700
0.21, 1441608
0.21, 1439244
0.21, 1438504
0.22, 1437936
