0.00, 4172852
0.00, 4165929
0.00, 4163123
0.00, 3955901
0.00, 3951170
0.00, 3874934
0.00, 3827174
0.00, 3269973
0.03, 3235914
0.03, 3193018
0.03, 3190101
0.04, 2970732
0.04, 2908828
0.04, 2901598
0.10, 2859328
0.10, 2842415
0.10, 2788875
0.10, 2751611
0.11, 2690330
0.11, 2658612
0.11, 2590154
0.11, 2588745
0.11, 2566210
0.11, 2552596
0.11, 2485462
0.11, 2484906
0.11, 2426957
0.11, 2378768
0.11, 2346065
0.11, 2338961
0.11, 2257529
0.11, 2210651
0.11, 2169875
0.11, 2155607
0.11, 2136950
0.11, 2056518
0.11, 2045821
0.11, 2022937
0.11, 2012193
0.11, 1954757
0.11, 1947744
0.11, 1944926
0.11, 1942775
0.12, 1879944
0.12, 1835507
0.12, 1813304
0.13, 1811466
0.13, 1793896
0.13, 1786512
0.13, 1759188
0.13, 1756596
0.13, 1740876
0.13, 1712520
0.13, 1675891
0.13, 1659908
0.13, 1647257
0.13, 1627110
0.13, 1577292
0.13, 1570141
0.13, 1552758
0.13, 1542785
0.13, 1542172
0.13, 1539419
0.13, 1529417
0.15, 1527102
0.15, 1507148
0.15, 1495430
0.15, 1489384
0.15, 1486136
0.15, 1483130
0.15, 1470678
0.15, 1469945
0.15, 1464588
0.15, 1442621
0.16, 1431356
0.16, 1426039
0.16, 1424401
0.16, 1419831
0.17, 1413442
0.17, 1411200
0.80, 1411190
0.80, 1407603
0.83, 1405303
1.49, 1405175
1.58, 1404607
1.82, 1402307
