0.00, 4525523
0.00, 4523517
0.00, 4500082
0.00, 4479755
0.00, 4386966
0.00, 4385041
0.00, 4237030
0.00, 4083397
0.00, 4067796
0.00, 4066216
0.00, 4056590
0.00, 4032984
0.00, 3981925
0.00, 3976785
0.00, 3562542
0.00, 3432372
0.00, 3279351
0.00, 3243908
0.01, 3214622
0.01, 2886221
0.10, 2754770
0.10, 2702015
0.10, 2490570
0.11, 2486994
0.11, 2428929
0.11, 2409210
0.11, 2388330
0.11, 2253324
0.11, 2223463
0.11, 2195525
0.11, 2193840
0.11, 2160607
0.11, 2158891
0.11, 2125528
0.11, 2090346
0.11, 2048807
0.11, 1959424
0.11, 1927261
0.11, 1897589
0.11, 1828440
0.11, 1828366
0.13, 1802706
0.13, 1782669
0.13, 1775185
0.13, 1758628
0.13, 1733800
0.13, 1731958
0.13, 1701331
0.14, 1674243
0.14, 1665977
0.14, 1664544
0.14, 1651395
0.14, 1630275
0.14, 1595294
0.14, 1577785
0.14, 1573207
0.14, 1562529
0.14, 1551649
0.14, 1540354
0.14, 1540321
0.15, 1515835
0.15, 1507696
0.15, 1506451
0.15, 1503290
0.15, 1501200
0.15, 1493064
0.16, 1481264
0.16, 1474696
0.16, 1472479
0.16, 1464943
0.17, 1463629
0.18, 1412225
0.18, 1411279
0.18, 1410155
0.18, 1407855
0.40, 1406301
1.35, 1405469
1.35, 1400351
1.78, 1399405
1.78, 1398281
1.78, 1395981
