0.00, 3333209
0.01, 3279830
0.01, 3266393
0.03, 2960361
0.03, 2952357
0.03, 2655038
0.03, 2643984
0.03, 2566280
0.10, 2563151
0.11, 2549427
0.11, 2531795
0.11, 2525696
0.11, 2518315
0.11, 2517485
0.11, 2502662
0.11, 2494100
0.11, 2477313
0.11, 2448239
0.11, 2349298
0.11, 2348528
0.11, 2299359
0.11, 2291599
0.11, 2281334
0.11, 2274174
0.11, 2269123
0.11, 2235753
0.11, 2098618
0.12, 2053306
0.12, 2048631
0.12, 1993506
0.12, 1989246
0.12, 1927302
0.12, 1904483
0.12, 1903359
0.13, 1888898
0.13, 1881832
0.13, 1876497
0.13, 1872813
0.13, 1867899
0.13, 1841517
0.13, 1829364
0.13, 1820979
0.13, 1806442
0.13, 1788262
0.13, 1785334
0.13, 1780329
0.13, 1724193
0.13, 1682791
0.13, 1676509
0.13, 1657007
0.14, 1647485
0.14, 1642577
0.14, 1638264
0.15, 1626806
0.15, 1616473
0.15, 1606051
0.15, 1600529
0.15, 1599191
0.15, 1598990
0.15, 1574776
0.15, 1566867
0.15, 1552302
0.15, 1546111
0.15, 1544625
0.15, 1540946
0.15, 1531245
0.15, 1525503
0.15, 1522367
0.15, 1517968
0.15, 1513066
0.15, 1495068
0.16, 1490095
0.16, 1483665
0.16, 1482535
0.16, 1479854
0.16, 1478038
0.16, 1473438
0.16, 1473286
0.17, 1457769
0.17, 1456362
0.18, 1450880
0.19, 1450829
0.19, 1450140
0.21, 1444522
0.41, 1443954
0.73, 1438642
0.73, 1432400
0.73, 1430442
0.74, 1414720
0.74, 1410359
0.74, 1408512
0.74, 1405065
0.74, 1401859
0.75, 1399985
0.76, 1397117
0.93, 1395981
