0.00, 4172082
0.00, 3707666
0.01, 3289900
0.01, 2924729
0.01, 2600186
0.01, 2311548
0.01, 2060411
0.02, 1929385
0.02, 1831980
0.02, 1761353
0.02, 1699210
0.02, 1635077
0.03, 1594994
0.03, 1556812
0.03, 1520062
0.03, 1497182
0.03, 1485940
0.04, 1446898
0.04, 1436205
0.04, 1429963
0.04, 1427245
0.04, 1425384
0.05, 1409401
0.05, 4045017
0.05, 3556149
0.05, 3140957
0.05, 2766257
0.06, 2462258
0.06, 2249447
0.06, 2063660
0.06, 1984723
0.06, 1919173
0.07, 1863139
0.07, 1785175
0.07, 1732723
0.07, 1690807
0.07, 1650254
0.07, 1613028
0.08, 1555273
0.08, 1518249
0.08, 1478114
0.08, 1448169
0.08, 1429344
0.08, 1422022
0.09, 1413129
0.09, 1408759
0.09, 1404689
0.09, 1401425
0.09, 1396549
0.10, 1395981
0.10, 3565760
0.10, 3137105
0.10, 2741905
0.10, 2497494
0.11, 2260101
0.11, 2106561
0.11, 1951665
0.11, 1881710
0.11, 1807923
0.12, 1741545
0.12, 1693662
0.12, 1648314
0.12, 1604128
0.12, 1561398
0.13, 1532213
0.13, 1516095
0.13, 1493918
0.13, 1478669
0.13, 1465819
0.13, 1456229
0.14, 1449638
0.14, 1444736
0.14, 1440644
0.14, 1439904
0.14, 3239152
0.15, 2789666
0.15, 2464132
0.15, 2198484
0.15, 2053848
0.15, 1940870
0.16, 1864550
0.16, 1809662
0.16, 1770841
0.16, 1733096
0.16, 1671548
0.16, 1618426
0.17, 1581613
0.17, 1540003
0.17, 1504622
0.17, 1476926
0.17, 1451565
0.18, 1438703
0.18, 1428484
0.18, 1422473
0.18, 1416570
0.18, 1406869
0.18, 1404569
0.19, 1404001
