0.00, 4147321
0.00, 4127565
0.00, 4086747
0.00, 4070932
0.00, 3692484
0.00, 3691700
0.00, 3681831
0.00, 3616769
0.00, 3611701
0.00, 3605081
0.00, 3517738
0.00, 3390152
0.01, 3232987
0.01, 3148387
0.01, 3141598
0.01, 3053344
0.04, 2976528
0.08, 2849274
0.08, 2846420
0.08, 2789094
0.08, 2759410
0.11, 2504521
0.11, 2193645
0.11, 2183484
0.11, 2161262
0.11, 2161142
0.12, 2160070
0.12, 2133731
0.12, 2111341
0.12, 2101576
0.12, 2089763
0.12, 1989727
0.12, 1896908
0.12, 1885382
0.12, 1883655
0.12, 1861036
0.12, 1827757
0.13, 1823447
0.13, 1793080
0.13, 1749373
0.14, 1742686
0.14, 1736457
0.14, 1707446
0.14, 1693636
0.14, 1669790
0.14, 1620911
0.14, 1620057
0.14, 1616216
0.15, 1614215
0.15, 1609103
0.15, 1568917
0.15, 1559565
0.15, 1554776
0.15, 1536372
0.15, 1530143
0.15, 1521483
0.15, 1511924
0.15, 1498554
0.15, 1494163
0.15, 1488932
0.15, 1488681
0.15, 1488654
0.15, 1473105
0.15, 1457857
0.15, 1450966
0.16, 1449892
0.16, 1447127
0.16, 1442085
0.16, 1432636
0.16, 1429103
0.16, 1426385
0.16, 1423396
0.17, 1422755
0.17, 1418208
0.17, 1416320
0.17, 1406421
0.61, 1403157
0.61, 1398281
