0.00, 4232911
0.00, 3754081
0.01, 3356044
0.01, 2978993
0.01, 2638890
0.01, 2384952
0.01, 2168779
0.02, 2040445
0.02, 1918821
0.02, 1834534
0.02, 1762762
0.02, 1698327
0.03, 1635512
0.03, 1593866
0.03, 1564250
0.03, 1541991
0.03, 1525862
0.04, 1509879
0.04, 1497686
0.04, 1486659
0.04, 1478712
0.04, 1471681
0.05, 1464859
0.05, 1459337
0.05, 1454608
0.05, 1449924
0.05, 1442916
0.06, 3540338
0.06, 3065177
0.06, 2706112
0.06, 2376684
0.06, 2054439
0.07, 1858742
0.07, 1784608
0.07, 1728986
0.07, 1664612
0.07, 1609407
0.08, 1555637
0.08, 1505515
0.08, 1480154
0.08, 1459116
0.08, 1443086
0.08, 1437124
0.09, 1432440
0.09, 1424882
0.09, 1411689
0.09, 1402423
0.09, 1401109
0.09, 1399973
0.10, 1398849
0.10, 1396549
0.10, 1395981
0.10, 4030915
0.11, 3544948
0.11, 3161886
0.11, 2745367
0.11, 2422173
0.11, 2232874
0.11, 2126552
0.12, 2040013
0.12, 1974265
0.12, 1911259
0.12, 1841977
0.12, 1781918
0.12, 1725777
0.13, 1673870
0.13, 1636724
0.13, 1605846
0.13, 1576121
0.13, 1547327
0.14, 1527218
0.14, 1508645
0.14, 1495202
0.14, 1484188
0.14, 1473883
0.14, 1465281
0.15, 1460911
0.15, 1456819
0.15, 1454101
0.15, 1453005
0.16, 4290544
0.16, 3832746
0.16, 3410243
0.16, 3037238
0.16, 2694766
0.16, 2429087
0.17, 2163444
0.17, 1961084
0.17, 1820468
0.17, 1772585
0.17, 1725290
0.17, 1678694
0.18, 1626787
0.18, 1582935
0.18, 1555904
0.18, 1529586
0.18, 1506124
0.19, 1484587
0.19, 1468491
0.19, 1452508
0.19, 1442514
0.19, 1434347
0.19, 1427339
0.20, 1415330
0.20, 1408782
0.20, 1400351
0.20, 1395981
