0.00, 4650595
0.00, 4477794
0.00, 4445789
0.00, 4430204
0.00, 4198730
0.00, 4193471
0.00, 4168766
0.00, 4091139
0.00, 3873933
0.00, 3591125
0.00, 3553149
0.00, 3541956
0.00, 3454767
0.00, 3346660
0.00, 3344371
0.01, 3293511
0.02, 3261789
0.02, 3244485
0.04, 3197564
0.05, 3195360
0.05, 3185717
0.05, 3047145
0.05, 3046505
0.05, 3022707
0.05, 3020732
0.08, 2970264
0.08, 2936591
0.08, 2895998
0.10, 2720619
0.10, 2606408
0.10, 2600072
0.10, 2594034
0.10, 2569346
0.10, 2555211
0.10, 2388326
0.10, 2379810
0.10, 2357249
0.11, 2346770
0.11, 2336988
0.11, 2334890
0.11, 2328515
0.11, 2327216
0.11, 2314018
0.11, 2275026
0.11, 2242134
0.11, 2238742
0.11, 2233902
0.11, 2206022
0.11, 2200159
0.11, 2197777
0.11, 2196638
0.11, 2163538
0.11, 2160234
0.11, 2117131
0.11, 2067486
0.11, 2026791
0.11, 1838934
0.11, 1834108
0.13, 1810758
0.14, 1802752
0.14, 1706895
0.14, 1675810
0.14, 1675598
0.14, 1664015
0.14, 1661231
0.14, 1655067
0.14, 1653510
0.14, 1653489
0.14, 1598556
0.14, 1584444
0.14, 1583826
0.14, 1582555
0.14, 1580975
0.14, 1578501
0.14, 1563129
0.14, 1557789
0.14, 1555073
0.14, 1539742
0.14, 1513224
0.15, 1497720
0.15, 1494315
0.15, 1478202
0.15, 1471960
0.15, 1470858
0.15, 1469423
0.15, 1457988
0.15, 1457284
0.15, 1454508
0.15, 1451792
0.15, 1439094
0.16, 1434848
0.17, 1430243
0.17, 1425914
0.17, 1421119
0.18, 1420616
0.22, 1411723
0.27, 1411155
0.48, 1406279
1.98, 1402791
1.98, 1396549
