0.00, 7014573
0.00, 6968006
0.00, 6956186
0.00, 6918614
0.00, 6913584
0.00, 6906011
0.00, 6904109
0.01, 6900927
0.01, 6854806
0.01, 6850461
0.06, 6807497
0.07, 6804417
0.07, 6784388
0.07, 6765626
0.07, 6765060
0.13, 6760629
0.13, 6750247
0.16, 6740483
0.16, 6737868
0.17, 6735168
0.17, 6729056
0.17, 6714255
0.17, 6705512
0.17, 6705380
0.23, 6696845
0.23, 6688882
0.26, 6686916
0.26, 6685192
0.26, 6676338
0.26, 6676293
0.26, 6655095
0.28, 6639289
0.29, 6637795
0.29, 6622185
0.29, 6547025
0.29, 6544314
0.29, 6542683
0.29, 6542322
0.29, 6521501
0.42, 6518993
0.42, 6517512
0.42, 6510137
0.42, 6487411
0.42, 6477440
0.42, 6475412
0.42, 6475242
0.42, 6473588
0.47, 6451774
0.47, 6444690
0.47, 6407749
0.47, 6407591
0.47, 6405761
0.47, 6405242
0.47, 6394212
0.47, 6377934
0.47, 6373952
0.47, 6369868
0.47, 6368274
0.47, 6351368
0.47, 6350986
0.47, 6340509
0.48, 6326335
0.48, 6314736
0.48, 6300917
0.48, 6299588
0.48, 6285400
0.48, 6281464
0.48, 6279327
0.48, 6254384
0.49, 6218871
0.49, 6208918
0.49, 6182524
0.53, 6164815
0.53, 6145838
0.53, 6130894
0.53, 6118596
0.53, 6101910
0.53, 6082269
0.53, 6068996
0.53, 6068027
0.53, 6054834
0.53, 6031110
0.53, 6014876
0.53, 5973420
0.53, 5965768
0.53, 5965555
0.53, 5948302
0.53, 5946566
0.53, 5936909
0.53, 5835005
0.55, 5793888
0.55, 5784818
0.56, 5749741
0.56, 5657151
0.56, 5655243
0.56, 5653622
0.56, 5614936
0.56, 5603545
0.56, 5599722
0.56, 5586109
0.56, 5572643
0.56, 5532190
0.56, 5518002
0.56, 5513210
0.56, 5510268
0.56, 5477504
0.56, 5452854
0.56, 5437055
0.56, 5426268
0.56, 5407723
0.56, 5406081
0.56, 5401532
0.58, 5398955
0.58, 5370550
0.58, 5367508
0.58, 5352596
0.58, 5352294
0.58, 5279008
0.58, 5278762
0.58, 5278565
0.58, 5232436
0.58, 5229288
0.58, 5206085
0.58, 5169656
0.58, 5169630
0.58, 5166596
0.58, 5157381
0.58, 5153307
0.58, 5128075
0.58, 5127737
0.58, 5122979
0.58, 5120682
0.58, 5115925
0.58, 5104796
0.58, 5103644
0.58, 5077910
0.58, 5073773
0.58, 5061543
0.58, 5025917
0.58, 5015489
0.58, 5009731
0.58, 5004973
0.59, 4990282
0.59, 4976216
0.59, 4963905
0.59, 4957861
0.59, 4901062
0.59, 4890203
0.59, 4881578
0.60, 4874564
0.60, 4812425
0.60, 4762578
0.60, 4756832
0.60, 4749818
0.60, 4702710
0.60, 4692980
0.60, 4661613
0.60, 4655472
0.60, 4653736
0.60, 4641355
0.60, 4641330
0.60, 4575369
0.60, 4571831
0.60, 4569751
0.60, 4555257
0.60, 4547321
0.60, 4545692
0.60, 4545644
0.60, 4544785
0.60, 4537484
0.61, 4531606
0.61, 4524578
0.61, 4505400
0.61, 4484636
0.61, 4476728
0.61, 4475679
0.61, 4473822
0.61, 4473288
0.61, 4461379
0.61, 4458435
0.61, 4425177
0.61, 4420660
0.61, 4405050
0.61, 4403413
0.61, 4399460
0.61, 4397752
0.61, 4397697
0.61, 4391324
0.61, 4385649
0.61, 4370078
0.61, 4362248
0.61, 4355820
0.61, 4350357
0.61, 4349971
0.61, 4348185
0.61, 4342440
0.61, 4323894
0.62, 4318075
0.62, 4313494
0.62, 4298578
0.62, 4295148
0.62, 4290806
0.62, 4278423
0.62, 4276200
0.62, 4274353
0.62, 4259117
0.63, 4244095
0.63, 4242643
0.63, 4216308
0.63, 4091640
0.63, 4080439
0.63, 4077759
0.63, 4073384
0.63, 4069497
0.63, 4067863
0.63, 4028471
0.63, 4021262
0.63, 3972948
0.63, 3961753
0.63, 3942970
0.63, 3938369
0.63, 3932689
0.63, 3932179
0.63, 3923859
0.63, 3905575
0.63, 3904478
0.63, 3900569
0.63, 3898425
0.63, 3861708
0.63, 3828794
0.63, 3824217
0.63, 3821212
0.63, 3816974
0.63, 3806233
0.63, 3792959
0.63, 3785446
0.63, 3775038
0.63, 3774215
0.63, 3750275
0.63, 3742834
0.63, 3738818
0.63, 3735200
0.63, 3723046
0.64, 3690451
0.64, 3662951
0.64, 3657829
0.64, 3650877
0.64, 3650548
0.64, 3648578
0.64, 3638973
0.64, 3633720
0.64, 3630849
0.64, 3628221
0.64, 3619315
0.64, 3610158
0.64, 3580928
0.64, 3569002
0.64, 3567063
0.64, 3563162
0.64, 3561496
0.64, 3557026
0.64, 3540680
0.64, 3540411
0.64, 3531059
0.64, 3529518
0.65, 3510234
0.65, 3504306
0.65, 3498772
0.65, 3493258
0.65, 3459336
0.65, 3456486
0.65, 3452257
0.65, 3452207
0.65, 3449732
0.65, 3447087
0.65, 3445062
0.65, 3443799
0.65, 3440034
0.65, 3431642
0.65, 3427557
0.65, 3426766
0.65, 3423966
0.65, 3422901
0.65, 3420857
0.65, 3418761
0.65, 3418075
0.65, 3414851
0.65, 3413540
0.65, 3411913
0.65, 3408456
0.65, 3395745
0.65, 3391353
0.65, 3379996
0.65, 3379101
0.65, 3376004
0.65, 3364261
0.65, 3356861
0.65, 3354558
0.65, 3354189
0.66, 3349187
0.66, 3349137
0.66, 3322185
0.66, 3319700
0.66, 3315357
0.66, 3315024
0.66, 3314476
0.66, 3314258
0.66, 3313225
0.66, 3296699
0.66, 3294745
0.66, 3294473
0.66, 3291153
0.66, 3287530
0.66, 3286439
0.66, 3281263
0.66, 3272350
0.67, 3269834
0.67, 3265911
0.67, 3263423
0.67, 3259304
0.67, 3252519
0.67, 3246828
0.67, 3240370
0.67, 3239852
0.67, 3225288
0.67, 3203680
0.67, 3200706
0.67, 3141807
0.67, 3133927
0.67, 3132731
0.67, 3132388
0.67, 3117195
0.67, 3110786
0.67, 3110623
0.67, 3092791
0.68, 3092003
0.68, 3087301
0.68, 3084350
0.68, 3078987
0.68, 3069713
0.68, 3068648
0.68, 3068605
0.68, 3062752
0.68, 3059568
0.68, 3049794
0.68, 3013686
0.68, 3013035
0.68, 3012742
0.68, 2989576
0.68, 2977780
0.68, 2960201
0.68, 2930804
0.68, 2922729
0.68, 2921836
0.68, 2921275
0.68, 2919913
0.68, 2915474
0.68, 2913983
0.68, 2903029
0.68, 2898399
0.68, 2894050
0.68, 2891513
0.68, 2886886
0.68, 2885230
0.68, 2885036
0.68, 2878804
0.69, 2875830
0.69, 2872019
0.69, 2863989
0.69, 2862322
0.70, 2860433
0.71, 2841623
0.71, 2771318
0.71, 2759024
0.71, 2754462
0.71, 2744183
0.71, 2742309
0.71, 2714829
0.71, 2714602
0.71, 2706596
0.71, 2695439
0.71, 2694523
0.71, 2688742
0.71, 2686645
0.72, 2618865
0.72, 2617127
0.72, 2616088
0.72, 2615200
0.72, 2615089
0.72, 2613854
0.72, 2613237
0.72, 2611236
0.72, 2608724
0.72, 2607179
0.72, 2605093
0.72, 2598530
0.72, 2598436
0.72, 2596040
0.73, 2592554
0.73, 2582080
0.73, 2577270
0.73, 2570086
0.73, 2565296
0.73, 2561332
0.73, 2561088
0.73, 2557552
0.73, 2549951
0.73, 2538937
0.73, 2530358
0.73, 2528625
0.73, 2526371
0.73, 2526303
0.73, 2525987
0.74, 2525786
0.74, 2523687
0.74, 2502741
0.74, 2499710
0.74, 2496412
0.74, 2492281
0.74, 2487738
0.74, 2480410
0.74, 2475101
0.74, 2474445
0.74, 2471720
0.74, 2470131
0.74, 2456899
0.74, 2444924
0.74, 2444272
0.74, 2443397
0.74, 2441165
0.74, 2438929
0.74, 2435824
0.74, 2435277
0.74, 2431616
0.74, 2414854
0.74, 2414566
0.75, 2412872
0.75, 2389703
0.75, 2372377
0.75, 2372179
0.75, 2366263
0.75, 2350798
0.75, 2350423
0.75, 2341594
0.75, 2336871
0.75, 2333845
0.75, 2332710
0.75, 2313152
0.75, 2306325
0.75, 2305419
0.76, 2304048
0.76, 2301233
0.76, 2300140
0.76, 2299881
0.76, 2295503
0.76, 2289396
0.76, 2264836
0.76, 2261403
0.76, 2260927
0.76, 2255561
0.77, 2255530
0.77, 2243115
0.77, 2231874
0.77, 2231460
0.77, 2229129
0.77, 2228956
0.77, 2223195
0.77, 2216586
0.77, 2215872
0.77, 2214371
0.77, 2212404
0.77, 2211806
0.77, 2209426
0.77, 2207802
0.77, 2206781
0.77, 2205151
0.77, 2204060
0.77, 2196545
0.77, 2158477
0.78, 2152806
0.78, 2151785
0.78, 2150789
0.78, 2150299
0.78, 2149566
0.78, 2147678
0.78, 2147635
0.78, 2143382
0.78, 2131842
0.78, 2129767
0.78, 2129268
0.78, 2124117
0.78, 2122507
0.78, 2122195
0.78, 2117838
0.78, 2114238
0.78, 2113951
0.78, 2109354
0.78, 2105910
0.79, 2104528
0.79, 2094366
0.79, 2093178
0.79, 2089790
0.79, 2088385
0.79, 2074856
0.79, 2074263
0.79, 2072467
0.79, 2072406
0.79, 2071968
0.79, 2036446
0.79, 2014921
0.79, 2014909
0.79, 2002921
0.79, 1999752
0.79, 1998131
0.79, 1996183
0.79, 1982829
0.79, 1981907
0.80, 1981718
0.80, 1974409
0.80, 1972181
0.80, 1971171
0.80, 1967763
0.80, 1967470
0.80, 1957593
0.80, 1951198
0.80, 1950268
0.80, 1949957
0.80, 1949743
0.80, 1949216
0.80, 1948945
0.80, 1945605
0.80, 1944286
0.80, 1944100
0.81, 1943970
0.81, 1939416
0.81, 1932949
0.81, 1919480
0.81, 1919271
0.81, 1918536
0.81, 1916223
0.81, 1915794
0.81, 1908643
0.81, 1874456
0.81, 1871477
0.81, 1869066
0.81, 1867927
0.81, 1867873
0.81, 1865741
0.82, 1855156
0.82, 1854776
0.82, 1852559
0.82, 1851411
0.82, 1846890
0.82, 1846726
0.82, 1843540
0.82, 1843145
0.82, 1842875
0.82, 1837825
0.82, 1830031
0.82, 1803284
0.82, 1790680
0.83, 1789076
0.83, 1788263
0.83, 1784434
0.83, 1782085
0.83, 1779793
0.83, 1779634
0.83, 1778499
0.83, 1774481
0.83, 1772430
0.83, 1762594
0.83, 1759524
0.83, 1759522
0.83, 1731273
0.84, 1731260
0.84, 1730531
0.84, 1730523
0.84, 1723768
0.84, 1723573
0.84, 1723425
0.84, 1721524
0.84, 1718236
0.84, 1711135
0.84, 1698009
0.84, 1695339
0.84, 1693167
0.85, 1688311
0.85, 1682647
0.85, 1681266
0.85, 1678676
0.85, 1676908
0.85, 1655766
0.85, 1649346
0.85, 1642287
0.85, 1640542
0.85, 1638415
0.85, 1635028
0.85, 1634199
0.85, 1633747
0.85, 1629257
0.86, 1626486
0.86, 1624310
0.86, 1624099
0.86, 1623503
0.86, 1621588
0.86, 1620005
0.86, 1619959
0.86, 1619736
0.86, 1617855
0.86, 1617799
0.87, 1590263
0.87, 1589950
0.87, 1573253
0.87, 1566258
0.88, 1566256
0.88, 1565709
0.88, 1559458
0.88, 1559286
0.88, 1558500
0.89, 1558031
0.89, 1555631
0.89, 1550514
0.89, 1549718
0.89, 1546922
0.89, 1543884
0.90, 1533640
0.90, 1533241
0.90, 1492891
0.90, 1490150
0.90, 1486756
0.90, 1485774
0.91, 1462580
0.91, 1462403
0.91, 1453735
0.91, 1450845
0.91, 1450311
0.91, 1446900
0.91, 1446534
0.91, 1445540
0.92, 1444374
0.92, 1439853
0.92, 1436060
0.92, 1433540
0.92, 1430854
0.92, 1424438
0.92, 1422715
0.93, 1421716
0.93, 1419025
0.93, 1416958
0.93, 1410520
0.93, 1410517
0.93, 1409448
0.93, 1408756
0.94, 1405532
0.94, 1403410
0.94, 1402929
0.94, 1401229
0.94, 1400840
0.94, 1398463
0.94, 1397299
0.94, 1395692
0.94, 1392448
0.95, 1387216
0.95, 1387206
0.95, 1380477
0.95, 1379630
0.95, 1376267
0.95, 1370767
0.95, 1370553
0.95, 1359431
0.95, 1316531
0.96, 1315463
0.96, 1314300
0.96, 1314243
0.96, 1313660
0.96, 1312092
0.97, 1310735
0.97, 1308971
0.97, 1307884
0.97, 1306851
0.97, 1304261
0.97, 1302964
0.97, 1297738
0.98, 1297250
0.98, 1295826
0.98, 1295047
0.98, 1294905
0.98, 1293384
0.98, 1291199
0.98, 1290651
0.98, 1285804
0.98, 1282460
0.98, 1277646
0.99, 1276477
0.99, 1276037
0.99, 1274079
0.99, 1273914
1.00, 1272981
1.00, 1272844
1.01, 1270551
1.01, 1269377
1.01, 1269189
1.01, 1268388
1.01, 1267999
1.01, 1267904
1.01, 1259668
1.02, 1259411
1.02, 1257461
1.02, 1256542
1.02, 1254323
1.02, 1227351
1.03, 1223496
1.03, 1223416
1.03, 1218605
1.03, 1213337
1.03, 1213273
1.04, 1210802
1.04, 1210561
1.04, 1209639
1.04, 1209636
1.05, 1208104
1.05, 1207586
1.05, 1197199
1.05, 1196118
1.05, 1195393
1.05, 1194918
1.05, 1194461
1.06, 1192580
1.06, 1192443
1.06, 1190521
1.06, 1190167
1.07, 1189904
1.07, 1189868
1.08, 1189628
1.08, 1170760
1.09, 1170217
1.09, 1168521
1.09, 1168383
1.09, 1168054
1.09, 1167748
1.09, 1166902
1.09, 1166288
1.10, 1163409
1.10, 1159081
1.10, 1158979
1.11, 1156204
1.11, 1154611
1.13, 1153785
1.13, 1152954
1.14, 1152373
1.15, 1150837
1.15, 1150095
1.15, 1144753
1.15, 1144476
1.16, 1137444
1.16, 1137126
1.16, 1129566
1.17, 1127908
1.17, 1124544
1.17, 1124102
1.17, 1113544
1.18, 1113143
1.18, 1112746
1.18, 1111959
1.18, 1102274
1.18, 1101896
1.18, 1100054
1.19, 1099760
1.19, 1099544
1.20, 1099423
1.20, 1095055
1.20, 1094089
1.21, 1093241
1.21, 1092706
1.22, 1092339
1.22, 1091779
1.23, 1090747
1.23, 1087464
1.25, 1086858
1.25, 1083963
1.25, 1082794
1.26, 1081650
1.27, 1081592
1.27, 1080708
1.27, 1080662
1.27, 1080228
1.27, 1079300
1.28, 1079140
1.28, 1074099
1.28, 1071077
1.28, 1071069
1.28, 1064463
1.29, 1063547
1.29, 1062385
1.30, 1058032
1.31, 1057797
1.31, 1057391
1.31, 1055119
1.32, 1053594
1.32, 1047170
1.33, 1045896
1.33, 1045363
1.34, 1038845
1.34, 1038574
1.34, 1026996
1.35, 1026850
1.36, 1025555
1.36, 1025263
1.37, 1023657
1.37, 1022186
1.38, 1019754
1.38, 1019450
1.38, 1019443
1.38, 1018273
1.38, 1017669
1.40, 1016760
1.41, 1013506
1.41, 994042
1.41, 994039
1.41, 994016
1.42, 993614
1.43, 989712
1.44, 989497
1.44, 988639
1.45, 988118
1.45, 987884
1.45, 987558
1.45, 987332
1.46, 980452
1.46, 977654
1.46, 977497
1.48, 977320
1.48, 976642
1.48, 974226
1.48, 974138
1.48, 974028
1.49, 973729
1.50, 967527
1.50, 967495
1.51, 966748
1.51, 965081
1.52, 963244
1.52, 962835
1.53, 961790
1.53, 961740
1.55, 960566
1.55, 960501
1.56, 951008
1.56, 950988
1.57, 947896
1.57, 946989
1.58, 946938
1.58, 946337
1.58, 945961
1.60, 945483
1.61, 936400
1.61, 936020
1.62, 934649
1.65, 933686
1.65, 933520
1.66, 930706
1.66, 930137
1.66, 930129
1.67, 929753
1.67, 929558
1.67, 928831
1.67, 926648
1.67, 925514
1.68, 924443
1.69, 924067
1.70, 922986
1.71, 920799
1.72, 920379
1.72, 919900
1.72, 919645
1.72, 919413
1.72, 918133
1.72, 917760
1.73, 917246
1.77, 915373
1.78, 915145
1.79, 913530
1.79, 912177
1.79, 908711
1.82, 908525
1.84, 907746
1.87, 907723
1.87, 904581
1.88, 903440
1.89, 901952
1.90, 901745
1.90, 901395
1.92, 901048
1.94, 899528
1.94, 899063
1.96, 897353
2.00, 896525
2.01, 860031
2.01, 859613
2.03, 858944
2.03, 858789
2.03, 856099
2.04, 854811
2.05, 851353
2.09, 850616
2.10, 849873
2.12, 847773
2.12, 847764
2.15, 847644
2.17, 843911
2.18, 843628
2.18, 842913
2.21, 842379
2.22, 842046
2.23, 841100
2.23, 839814
2.27, 839476
2.29, 838923
2.29, 838919
2.33, 837164
2.36, 836429
2.38, 826404
2.39, 826393
2.39, 825945
2.40, 825113
2.41, 824882
2.41, 823665
2.43, 823566
2.43, 822294
2.45, 822286
2.47, 820159
2.48, 819819
2.49, 819024
2.55, 818833
2.60, 811297
2.61, 808179
2.64, 807963
2.64, 807735
2.68, 805050
11.15, 804239
11.17, 801275
11.18, 799593
11.19, 795590
11.22, 795098
11.22, 794397
11.23, 793707
11.25, 785554
