0.00, 7143520
0.00, 7101899
0.00, 7091009
0.00, 7073381
0.00, 7063468
0.00, 7063346
0.00, 7005895
0.00, 7003337
0.00, 6972742
0.00, 6971439
0.00, 6886541
0.00, 6877403
0.00, 6816734
0.00, 6808780
0.00, 6807427
0.00, 6743882
0.00, 6737897
0.01, 6736177
0.01, 6730016
0.01, 6721682
0.01, 6705016
0.01, 6699448
0.01, 6694713
0.01, 6689544
0.01, 6661380
0.02, 6644756
0.10, 6641838
0.12, 6593737
0.12, 6527321
0.12, 6509096
0.12, 6497441
0.12, 6494582
0.12, 6493089
0.12, 6456865
0.46, 6439241
0.46, 6434262
0.48, 6432999
0.48, 6415991
0.48, 6405855
0.48, 6401868
0.48, 6356922
0.48, 6343222
0.48, 6302747
0.56, 6295090
0.56, 6289158
0.56, 6280596
0.56, 6276921
0.56, 6275028
0.56, 6256168
0.56, 6252887
0.57, 6215620
0.57, 6214739
0.57, 6206079
0.57, 6184153
0.57, 6183090
0.57, 6174124
0.57, 6165117
0.57, 6147825
0.57, 6102363
0.57, 6081765
0.57, 6071481
0.57, 6070360
0.57, 6062168
0.57, 6060906
0.57, 6025350
0.57, 6018175
0.57, 6014639
0.57, 6002693
0.57, 5998252
0.57, 5998107
0.57, 5980647
0.57, 5977723
0.57, 5977491
0.57, 5973577
0.57, 5973410
0.57, 5972823
0.57, 5965562
0.57, 5963777
0.57, 5954939
0.57, 5939464
0.57, 5926468
0.57, 5925720
0.57, 5923394
0.57, 5916719
0.57, 5913326
0.57, 5911050
0.57, 5907012
0.57, 5906395
0.57, 5902905
0.57, 5902533
0.57, 5901604
0.57, 5892677
0.58, 5889581
0.58, 5837810
0.58, 5816239
0.58, 5813608
0.58, 5805952
0.58, 5789199
0.58, 5787758
0.58, 5786745
0.58, 5786323
0.58, 5784910
0.58, 5784558
0.58, 5784537
0.58, 5777319
0.58, 5776201
0.58, 5747670
0.58, 5746880
0.58, 5744600
0.58, 5741300
0.58, 5737940
0.58, 5720746
0.58, 5706590
0.58, 5705209
0.58, 5693659
0.58, 5693073
0.58, 5692424
0.58, 5687228
0.58, 5650045
0.58, 5640798
0.58, 5599505
0.59, 5584867
0.59, 5528996
0.59, 5521949
0.59, 5520601
0.59, 5500162
0.59, 5496070
0.59, 5496027
0.59, 5456550
0.59, 5453638
0.59, 5452488
0.59, 5450612
0.59, 5449725
0.61, 5346393
0.61, 5344747
0.61, 5334534
0.61, 5331400
0.61, 5327320
0.61, 5322165
0.61, 5312909
0.61, 5308497
0.62, 5227739
0.62, 5227605
0.62, 5211552
0.62, 5205094
0.62, 5203739
0.62, 5202037
0.62, 5198099
0.62, 5193328
0.62, 5111312
0.62, 5110744
0.62, 5109174
0.62, 5090531
0.62, 5088298
0.62, 5085135
0.62, 5078332
0.63, 5064761
0.63, 5042401
0.63, 5041350
0.63, 5019100
0.63, 5003712
0.63, 5000176
0.63, 4970396
0.63, 4968727
0.63, 4967145
0.63, 4954204
0.63, 4950975
0.63, 4949720
0.63, 4942602
0.63, 4934991
0.63, 4928926
0.63, 4920887
0.63, 4903061
0.63, 4899527
0.63, 4772464
0.63, 4768182
0.63, 4762085
0.63, 4761406
0.63, 4700519
0.63, 4695288
0.63, 4685872
0.63, 4685309
0.63, 4683528
0.65, 4652929
0.65, 4632074
0.66, 4628797
0.66, 4606366
0.66, 4600446
0.66, 4600307
0.66, 4599722
0.66, 4597522
0.66, 4596912
0.66, 4589684
0.67, 4587750
0.67, 4584270
0.67, 4568551
0.67, 4513639
0.67, 4504907
0.67, 4477091
0.67, 4461332
0.67, 4445582
0.67, 4437925
0.67, 4437698
0.67, 4436828
0.67, 4428550
0.68, 4403000
0.68, 4402111
0.68, 4355320
0.68, 4355133
0.68, 4353765
0.68, 4353678
0.68, 4336824
0.68, 4331182
0.68, 4303221
0.68, 4297273
0.68, 4286321
0.68, 4284200
0.68, 4283787
0.68, 4273389
0.68, 4272290
0.68, 4270344
0.68, 4267061
0.68, 4261503
0.68, 4259167
0.68, 4251162
0.68, 4250339
0.68, 4245521
0.68, 4215059
0.68, 4203214
0.68, 4201499
0.68, 4166021
0.68, 4158751
0.68, 4148683
0.68, 4135291
0.68, 4122881
0.68, 4121288
0.69, 4120988
0.69, 4113281
0.69, 4108721
0.69, 4101892
0.69, 4100040
0.69, 4074516
0.69, 4067256
0.69, 4055943
0.69, 4054239
0.69, 4045947
0.69, 4035964
0.69, 3959842
0.69, 3952698
0.69, 3952125
0.69, 3951226
0.69, 3948504
0.69, 3947300
0.69, 3942917
0.70, 3921561
0.70, 3905459
0.70, 3902930
0.70, 3900840
0.70, 3898977
0.70, 3894557
0.70, 3859010
0.70, 3854944
0.70, 3852907
0.70, 3840530
0.70, 3840431
0.70, 3838088
0.70, 3830667
0.70, 3828462
0.70, 3826595
0.70, 3822266
0.70, 3819376
0.70, 3819181
0.70, 3806017
0.70, 3795748
0.70, 3791888
0.70, 3788996
0.70, 3788166
0.70, 3783903
0.70, 3780689
0.71, 3778993
0.71, 3777211
0.71, 3769085
0.71, 3764640
0.71, 3764506
0.71, 3764069
0.71, 3763805
0.71, 3752055
0.71, 3715877
0.71, 3700795
0.71, 3699929
0.71, 3695549
0.71, 3691215
0.71, 3689852
0.71, 3686641
0.71, 3684940
0.71, 3682383
0.71, 3679765
0.71, 3678554
0.72, 3677271
0.72, 3675076
0.72, 3674767
0.72, 3662952
0.72, 3659615
0.72, 3657878
0.72, 3650194
0.72, 3648174
0.72, 3644047
0.72, 3639650
0.72, 3638386
0.72, 3535292
0.72, 3531485
0.72, 3518353
0.73, 3517272
0.73, 3514377
0.73, 3511442
0.73, 3500587
0.73, 3465204
0.73, 3464472
0.73, 3460766
0.73, 3457206
0.73, 3434332
0.73, 3429868
0.73, 3429755
0.73, 3408027
0.73, 3406087
0.73, 3400754
0.74, 3382637
0.74, 3380322
0.74, 3367058
0.74, 3364943
0.74, 3359566
0.74, 3348893
0.74, 3348787
0.74, 3348243
0.74, 3337837
0.74, 3332241
0.74, 3331250
0.74, 3326512
0.74, 3294646
0.74, 3291361
0.74, 3277578
0.74, 3277282
0.74, 3195555
0.74, 3195263
0.74, 3181490
0.74, 3174007
0.74, 3173950
0.74, 3171761
0.74, 3167675
0.74, 3143090
0.74, 3141683
0.74, 3125071
0.74, 3100740
0.74, 3095678
0.75, 3093346
0.75, 3091502
0.75, 3087097
0.75, 3079026
0.75, 3076355
0.75, 3056804
0.75, 3032806
0.75, 3032322
0.75, 3029807
0.75, 3026938
0.75, 3025147
0.75, 3022378
0.75, 3021149
0.75, 3014054
0.75, 3011724
0.75, 3009900
0.75, 3006798
0.75, 3003869
0.75, 2955175
0.75, 2954538
0.75, 2954130
0.75, 2949675
0.76, 2929062
0.76, 2924406
0.76, 2924095
0.76, 2920853
0.76, 2918714
0.76, 2913048
0.76, 2905627
0.76, 2898656
0.76, 2896281
0.76, 2867190
0.76, 2859360
0.76, 2850822
0.76, 2818914
0.76, 2809651
0.76, 2809580
0.77, 2808577
0.77, 2804835
0.77, 2796762
0.77, 2777839
0.77, 2777347
0.77, 2776256
0.77, 2773146
0.77, 2742248
0.77, 2740019
0.77, 2738444
0.77, 2736682
0.77, 2732057
0.77, 2730191
0.77, 2730168
0.77, 2729930
0.78, 2729700
0.78, 2722097
0.78, 2719970
0.78, 2696618
0.78, 2693248
0.78, 2691766
0.78, 2691263
0.78, 2690670
0.78, 2684524
0.78, 2683100
0.78, 2681758
0.78, 2679519
0.78, 2669476
0.78, 2664389
0.78, 2659577
0.78, 2659147
0.79, 2653936
0.79, 2651242
0.79, 2634372
0.79, 2629383
0.79, 2624394
0.79, 2548483
0.79, 2545212
0.79, 2544802
0.80, 2544564
0.80, 2544162
0.80, 2538248
0.80, 2537391
0.80, 2537152
0.80, 2528453
0.80, 2522899
0.80, 2510160
0.80, 2507705
0.80, 2506524
0.80, 2506483
0.80, 2490291
0.80, 2487560
0.80, 2481430
0.80, 2480561
0.80, 2480151
0.80, 2479043
0.80, 2476500
0.80, 2475766
0.80, 2475059
0.80, 2471809
0.81, 2470603
0.81, 2469400
0.81, 2462763
0.81, 2438891
0.81, 2426160
0.81, 2425374
0.81, 2420474
0.81, 2400228
0.81, 2397067
0.81, 2396117
0.81, 2394502
0.81, 2392438
0.81, 2391915
0.81, 2389634
0.81, 2363274
0.81, 2356657
0.81, 2348299
0.81, 2341762
0.81, 2335818
0.81, 2334565
0.82, 2334387
0.82, 2334107
0.82, 2327304
0.82, 2324068
0.82, 2318613
0.82, 2306143
0.82, 2295149
0.82, 2294206
0.82, 2290785
0.82, 2284123
0.82, 2283857
0.82, 2283836
0.82, 2282641
0.82, 2281956
0.82, 2276443
0.82, 2276096
0.82, 2258899
0.82, 2258597
0.82, 2258405
0.82, 2256273
0.82, 2252483
0.82, 2251732
0.82, 2248850
0.82, 2241399
0.82, 2241237
0.82, 2234319
0.83, 2233394
0.83, 2233030
0.83, 2232639
0.83, 2231732
0.83, 2229883
0.83, 2223221
0.83, 2206350
0.83, 2206211
0.83, 2203519
0.83, 2203486
0.83, 2197354
0.83, 2170189
0.83, 2169708
0.84, 2162197
0.84, 2160362
0.84, 2154809
0.84, 2153343
0.84, 2149361
0.84, 2143898
0.84, 2143812
0.84, 2136886
0.84, 2136715
0.84, 2134339
0.84, 2132778
0.84, 2125247
0.84, 2123456
0.84, 2122894
0.84, 2111798
0.84, 2110783
0.84, 2109775
0.84, 2109473
0.85, 2108097
0.85, 2107547
0.85, 2107089
0.85, 2106196
0.85, 2094234
0.85, 2094039
0.85, 2087584
0.85, 2086543
0.85, 2086037
0.85, 2083487
0.85, 2078660
0.85, 2075230
0.85, 2073198
0.85, 2066304
0.85, 2066173
0.86, 2064442
0.86, 2061238
0.86, 2049849
0.86, 2049401
0.86, 2034409
0.86, 2027442
0.86, 2024326
0.86, 2023439
0.86, 2010982
0.86, 2010611
0.87, 2007699
0.87, 2006131
0.87, 2005310
0.87, 2002308
0.87, 1995320
0.87, 1989433
0.87, 1987275
0.87, 1983782
0.87, 1983477
0.87, 1978236
0.87, 1895687
0.87, 1892139
0.87, 1887614
0.87, 1886568
0.87, 1886482
0.87, 1883144
0.87, 1878712
0.87, 1878503
0.87, 1865619
0.87, 1860362
0.87, 1859950
0.88, 1858460
0.88, 1856645
0.88, 1856387
0.88, 1855298
0.88, 1854556
0.88, 1854442
0.88, 1840512
0.88, 1823467
0.88, 1823023
0.88, 1814003
0.88, 1805534
0.88, 1804088
0.88, 1795385
0.88, 1793582
0.89, 1791445
0.89, 1784009
0.89, 1783278
0.89, 1780154
0.89, 1776894
0.90, 1772626
0.90, 1768260
0.90, 1766358
0.90, 1766100
0.90, 1764508
0.90, 1763184
0.90, 1730663
0.91, 1725825
0.91, 1672357
0.91, 1669286
0.91, 1666149
0.91, 1659523
0.91, 1659169
0.92, 1658660
0.92, 1658549
0.92, 1657165
0.92, 1638579
0.92, 1637513
0.92, 1636785
0.92, 1635481
0.92, 1628930
0.92, 1628665
0.92, 1626746
0.92, 1623187
0.93, 1618413
0.93, 1617101
0.93, 1616512
0.93, 1615004
0.93, 1613763
0.93, 1608323
0.93, 1606988
0.93, 1570008
0.93, 1569374
0.93, 1568664
0.94, 1567393
0.94, 1559423
0.95, 1559268
0.95, 1555578
0.95, 1554952
0.95, 1536952
0.95, 1534951
0.95, 1533052
0.95, 1530663
0.96, 1529799
0.96, 1527375
0.96, 1527204
0.96, 1527189
0.96, 1512290
0.96, 1509551
0.96, 1509333
0.97, 1502216
0.97, 1497268
0.97, 1494907
0.97, 1492088
0.97, 1488876
0.97, 1488833
0.97, 1488698
0.97, 1486746
0.97, 1486474
0.97, 1485536
0.98, 1485081
0.98, 1484837
0.99, 1483666
1.00, 1481669
1.00, 1480921
1.00, 1480898
1.00, 1480715
1.00, 1479609
1.00, 1479587
1.00, 1479285
1.00, 1477539
1.01, 1477074
1.01, 1476790
1.01, 1475914
1.01, 1475867
1.01, 1473818
1.02, 1472816
1.02, 1472208
1.02, 1467823
1.02, 1464017
1.02, 1464014
1.02, 1463880
1.02, 1462322
1.03, 1461290
1.03, 1459960
1.03, 1452801
1.03, 1451099
1.03, 1447068
1.03, 1441804
1.03, 1438532
1.04, 1435555
1.04, 1435101
1.04, 1433831
1.04, 1433529
1.05, 1432747
1.05, 1431108
1.05, 1424177
1.05, 1421523
1.05, 1421377
1.05, 1420299
1.05, 1419395
1.05, 1416036
1.06, 1412716
1.07, 1403876
1.07, 1397883
1.07, 1395608
1.07, 1395444
1.07, 1395242
1.07, 1394861
1.08, 1392281
1.08, 1391647
1.08, 1390463
1.09, 1389764
1.09, 1389448
1.09, 1380973
1.09, 1379188
1.09, 1378457
1.10, 1376586
1.10, 1376022
1.11, 1375973
1.11, 1372880
1.11, 1371244
1.11, 1353984
1.12, 1353834
1.12, 1351525
1.12, 1351236
1.12, 1350628
1.12, 1347991
1.12, 1347920
1.13, 1347803
1.13, 1344539
1.13, 1344112
1.13, 1333130
1.13, 1326949
1.13, 1323361
1.14, 1323358
1.14, 1323212
1.14, 1323185
1.14, 1322958
1.14, 1322922
1.14, 1307236
1.14, 1307211
1.15, 1306766
1.15, 1306761
1.15, 1303420
1.15, 1301778
1.15, 1301564
1.15, 1299811
1.16, 1291388
1.16, 1288285
1.16, 1286802
1.16, 1285279
1.16, 1284959
1.17, 1283266
1.17, 1283117
1.17, 1282937
1.17, 1282932
1.17, 1273912
1.18, 1273365
1.18, 1271613
1.18, 1268975
1.19, 1263111
1.20, 1261106
1.20, 1260022
1.20, 1259994
1.20, 1258577
1.21, 1257665
1.21, 1256956
1.21, 1256158
1.22, 1255690
1.22, 1253583
1.22, 1252899
1.23, 1252530
1.23, 1251883
1.24, 1251054
1.24, 1246877
1.24, 1243773
1.25, 1243432
1.26, 1242269
1.26, 1241996
1.26, 1240817
1.27, 1237133
1.28, 1236114
1.28, 1234184
1.29, 1232947
1.29, 1232632
1.29, 1230572
1.30, 1229697
1.31, 1229415
1.31, 1228418
1.31, 1219497
1.31, 1207972
1.32, 1207861
1.32, 1207616
1.32, 1205448
1.32, 1205291
1.33, 1205055
1.33, 1202202
1.34, 1199304
1.34, 1195997
1.34, 1195029
1.34, 1194630
1.34, 1194399
1.35, 1193833
1.37, 1190560
1.37, 1188596
1.37, 1174294
1.38, 1173753
1.38, 1172690
1.38, 1159079
1.40, 1155861
1.41, 1155830
1.41, 1155221
1.42, 1155018
1.43, 1154283
1.43, 1153482
1.43, 1153246
1.43, 1153191
1.44, 1152441
1.44, 1152052
1.45, 1151777
1.46, 1151269
1.46, 1143013
1.46, 1132180
1.46, 1130726
1.47, 1129497
1.47, 1128676
1.47, 1128434
1.47, 1126685
1.48, 1125816
1.48, 1122471
1.48, 1122354
1.49, 1122265
1.50, 1121694
1.50, 1120533
1.51, 1120278
1.51, 1118318
1.51, 1117780
1.52, 1117761
1.52, 1114911
1.52, 1113956
1.53, 1070981
1.54, 1070970
1.55, 1069774
1.55, 1068401
1.55, 1068218
1.57, 1067624
1.58, 1065681
1.59, 1065662
1.59, 1042760
1.60, 1039246
1.65, 1038943
1.65, 1036239
1.65, 1034869
1.65, 1034609
1.67, 1034010
1.68, 1025894
1.69, 980298
1.69, 978700
1.69, 978506
1.70, 978496
1.70, 965766
1.70, 963378
1.71, 962935
1.71, 961162
1.72, 960788
1.73, 960008
1.73, 958886
1.73, 956975
1.74, 956738
1.74, 944014
1.74, 942683
1.75, 940404
1.77, 935111
1.78, 933168
1.79, 932244
1.79, 923881
1.80, 919471
1.80, 918781
1.80, 917968
1.81, 916623
1.82, 916178
1.85, 914751
1.86, 913821
1.86, 906411
1.86, 906045
1.86, 905477
1.87, 899289
1.87, 899125
1.87, 895737
1.89, 894974
1.89, 894089
1.89, 893968
1.91, 893848
1.92, 893601
1.96, 892387
1.96, 891839
1.97, 888586
1.97, 888240
1.97, 887143
1.98, 887142
1.99, 886893
2.04, 885839
2.06, 885381
2.09, 883588
2.13, 879247
2.14, 878531
2.14, 878091
2.15, 877950
2.15, 877734
2.16, 876641
2.18, 875655
2.19, 874724
2.22, 874630
2.22, 874501
2.23, 873789
2.24, 873535
2.25, 871742
2.27, 870731
2.28, 866523
2.29, 865751
2.31, 865510
2.33, 865356
2.36, 864977
2.36, 864952
2.40, 864245
2.42, 863737
2.43, 863560
2.44, 862754
2.47, 861818
2.48, 860427
2.51, 859355
2.54, 857662
2.55, 839866
2.55, 838779
2.58, 837898
2.62, 837875
2.69, 836798
2.69, 835587
2.70, 833051
2.72, 832888
2.78, 832337
2.83, 831945
2.84, 831052
2.85, 826281
2.86, 826253
2.90, 825699
2.93, 818771
2.96, 818744
3.01, 814080
3.04, 812143
3.04, 812061
3.14, 811358
3.16, 811203
3.18, 810017
3.19, 809808
3.22, 809424
6.54, 808217
6.59, 807406
6.60, 806989
6.60, 769517
6.60, 769338
6.63, 766835
