0.00, 7243445
0.00, 7239574
0.00, 7223730
0.00, 7212998
0.00, 7185240
0.00, 7183213
0.00, 7139738
0.00, 7120982
0.00, 7116213
0.00, 7116207
0.00, 7094136
0.00, 7094108
0.01, 7089576
0.01, 7085322
0.01, 7055064
0.01, 7042737
0.01, 7040917
0.01, 7036519
0.01, 7032164
0.01, 6968784
0.01, 6962218
0.01, 6961292
0.01, 6915836
0.01, 6899891
0.01, 6873924
0.01, 6873710
0.02, 6857691
0.02, 6772755
0.02, 6760569
0.02, 6601242
0.02, 6598451
0.02, 6587763
0.03, 6582686
0.27, 6570596
0.27, 6531078
0.27, 6530521
0.48, 6530407
0.48, 6517971
0.48, 6506350
0.48, 6494660
0.48, 6493639
0.48, 6399595
0.48, 6399591
0.48, 6396307
0.48, 6382093
0.48, 6280920
0.48, 6263411
0.63, 6244233
0.64, 6213539
0.64, 6212526
0.64, 6174898
0.64, 6161617
0.64, 6161137
0.64, 6156772
0.64, 6154710
0.66, 6151486
0.66, 6134402
0.66, 6104793
0.66, 6100351
0.66, 6100060
0.66, 6098921
0.66, 6091394
0.66, 6070117
0.66, 6059938
0.66, 6055951
0.66, 6054880
0.66, 6039096
0.66, 5977893
0.66, 5977656
0.66, 5977154
0.66, 5971622
0.67, 5906562
0.67, 5888359
0.67, 5888162
0.67, 5884335
0.67, 5882691
0.67, 5766808
0.67, 5712179
0.67, 5710892
0.67, 5703529
0.67, 5699431
0.67, 5686079
0.67, 5673042
0.67, 5667868
0.67, 5665926
0.67, 5636822
0.67, 5622698
0.67, 5610118
0.67, 5526512
0.67, 5523504
0.67, 5487179
0.67, 5468691
0.73, 5458916
0.74, 5452947
0.74, 5450528
0.74, 5440126
0.74, 5439469
0.74, 5426086
0.74, 5409828
0.74, 5384070
0.74, 5373408
0.74, 5368967
0.74, 5325867
0.74, 5305774
0.74, 5296117
0.74, 5295148
0.75, 5286045
0.75, 5261654
0.75, 5256030
0.75, 5240926
0.75, 5239501
0.75, 5236120
0.75, 5226518
0.75, 5217204
0.75, 5214020
0.75, 5210111
0.75, 5188800
0.75, 5185867
0.76, 5182555
0.76, 5138739
0.76, 5134758
0.76, 5125820
0.76, 5110932
0.76, 5104832
0.76, 5080509
0.76, 5080264
0.77, 5074919
0.77, 5071349
0.77, 5067167
0.77, 5066275
0.77, 5043083
0.77, 5037855
0.77, 5033722
0.77, 5021509
0.77, 5021395
0.77, 5000568
0.77, 4995444
0.77, 4991903
0.77, 4990863
0.77, 4988662
0.77, 4971345
0.77, 4963740
0.77, 4952158
0.77, 4937823
0.77, 4934830
0.77, 4928478
0.77, 4867339
0.77, 4866308
0.77, 4848956
0.77, 4846814
0.77, 4829211
0.77, 4825658
0.77, 4824577
0.77, 4821569
0.77, 4814726
0.77, 4809386
0.78, 4784502
0.78, 4783161
0.78, 4771515
0.78, 4769958
0.78, 4769204
0.78, 4748086
0.78, 4731965
0.78, 4721149
0.78, 4713700
0.78, 4705652
0.78, 4705008
0.78, 4701097
0.78, 4690011
0.78, 4685998
0.78, 4682725
0.78, 4672659
0.80, 4668886
0.80, 4668592
0.80, 4661035
0.80, 4659688
0.80, 4645950
0.80, 4642196
0.80, 4634445
0.80, 4561248
0.80, 4561062
0.80, 4550507
0.80, 4546342
0.80, 4543379
0.80, 4534105
0.80, 4499410
0.80, 4484432
0.80, 4457484
0.80, 4454243
0.80, 4452960
0.80, 4434314
0.80, 4431480
0.80, 4430898
0.80, 4424059
0.80, 4418408
0.80, 4377842
0.80, 4377781
0.80, 4375094
0.80, 4371870
0.80, 4368080
0.80, 4367192
0.80, 4355717
0.80, 4353695
0.80, 4328079
0.80, 4324582
0.80, 4323089
0.80, 4323018
0.81, 4316758
0.81, 4301583
0.81, 4300050
0.81, 4299906
0.81, 4295380
0.81, 4287766
0.81, 4280066
0.81, 4278035
0.81, 4255481
0.81, 4252719
0.81, 4249575
0.81, 4232433
0.81, 4220686
0.81, 4219820
0.81, 4215156
0.81, 4211277
0.81, 4208308
0.81, 4199758
0.81, 4197859
0.81, 4197439
0.81, 4194556
0.82, 4193104
0.82, 4145464
0.82, 4132492
0.82, 4128443
0.82, 4109909
0.82, 4109017
0.82, 4084290
0.82, 4082976
0.82, 4003065
0.82, 4002622
0.82, 3981160
0.82, 3981123
0.83, 3979979
0.83, 3970978
0.83, 3970239
0.83, 3927892
0.83, 3909420
0.83, 3907798
0.83, 3881395
0.83, 3881151
0.83, 3876891
0.83, 3866346
0.83, 3849948
0.83, 3849827
0.83, 3840048
0.83, 3835971
0.83, 3833250
0.83, 3825789
0.83, 3797858
0.83, 3791411
0.84, 3790837
0.84, 3782096
0.84, 3780400
0.84, 3778898
0.84, 3776224
0.84, 3776040
0.84, 3771257
0.84, 3751423
0.84, 3748967
0.84, 3747601
0.85, 3738731
0.85, 3736656
0.85, 3735337
0.85, 3733991
0.85, 3733885
0.85, 3712546
0.85, 3706598
0.85, 3696333
0.85, 3693676
0.85, 3690156
0.85, 3684828
0.85, 3684763
0.85, 3680057
0.85, 3675726
0.86, 3663701
0.86, 3663136
0.86, 3655814
0.86, 3655455
0.86, 3652732
0.86, 3639303
0.86, 3629774
0.86, 3627146
0.86, 3626373
0.86, 3624203
0.86, 3623972
0.86, 3621895
0.86, 3615047
0.87, 3613095
0.87, 3609796
0.87, 3607497
0.87, 3603641
0.87, 3602028
0.87, 3584128
0.87, 3576440
0.87, 3565783
0.87, 3564829
0.87, 3562873
0.87, 3560860
0.87, 3560202
0.87, 3555174
0.87, 3552614
0.88, 3552494
0.88, 3547319
0.88, 3540839
0.88, 3531004
0.88, 3528879
0.88, 3522948
0.88, 3519028
0.88, 3518416
0.88, 3508209
0.88, 3504489
0.88, 3504226
0.88, 3502696
0.88, 3502348
0.88, 3501859
0.88, 3499958
0.88, 3467301
0.88, 3459904
0.88, 3450630
0.88, 3434590
0.88, 3431166
0.88, 3415929
0.88, 3400475
0.88, 3396566
0.89, 3375309
0.89, 3370604
0.89, 3347277
0.89, 3345606
0.89, 3339260
0.89, 3337236
0.89, 3327495
0.89, 3226215
0.89, 3225298
0.89, 3219186
0.89, 3209220
0.89, 3196657
0.89, 3183476
0.89, 3181796
0.89, 3178546
0.89, 3178189
0.89, 3177878
0.89, 3172754
0.89, 3169974
0.89, 3153746
0.89, 3151779
0.89, 3145753
0.89, 3141356
0.89, 3125256
0.90, 3125088
0.90, 3123522
0.90, 3121838
0.90, 3103596
0.90, 3098231
0.90, 3092296
0.90, 3078101
0.90, 3077532
0.90, 3073140
0.90, 3068824
0.90, 3068471
0.91, 3060133
0.91, 3055707
0.91, 3033852
0.91, 3033420
0.91, 3016535
0.91, 3001041
0.91, 3000456
0.91, 2996731
0.91, 2992891
0.91, 2992406
0.91, 2989241
0.91, 2988491
0.91, 2981893
0.91, 2981475
0.91, 2978140
0.91, 2965055
0.92, 2961948
0.92, 2957734
0.92, 2956706
0.92, 2941110
0.92, 2941001
0.92, 2939642
0.92, 2937467
0.92, 2936588
0.92, 2936127
0.92, 2934196
0.92, 2929105
0.92, 2928663
0.92, 2924581
0.92, 2916701
0.92, 2914357
0.92, 2896636
0.92, 2895211
0.92, 2892741
0.92, 2890368
0.92, 2883653
0.92, 2880822
0.92, 2872040
0.92, 2867471
0.93, 2867391
0.93, 2866314
0.93, 2838535
0.93, 2838360
0.93, 2834655
0.93, 2832199
0.93, 2829591
0.93, 2818985
0.93, 2787215
0.93, 2786210
0.93, 2743275
0.94, 2742109
0.94, 2727683
0.94, 2723022
0.94, 2711768
0.94, 2705778
0.94, 2691685
0.94, 2691624
0.94, 2685909
0.94, 2671436
0.94, 2669562
0.94, 2668929
0.94, 2661582
0.94, 2661372
0.94, 2656781
0.94, 2656720
0.94, 2656671
0.94, 2630322
0.94, 2626457
0.94, 2625547
0.94, 2623244
0.94, 2621293
0.94, 2620257
0.94, 2606380
0.95, 2588739
0.95, 2575339
0.95, 2560793
0.95, 2560037
0.95, 2558238
0.95, 2548008
0.95, 2546317
0.95, 2544811
0.95, 2544163
0.95, 2536110
0.95, 2534798
0.95, 2534312
0.95, 2533054
0.95, 2527522
0.96, 2527443
0.96, 2525751
0.96, 2525217
0.96, 2515180
0.96, 2514832
0.96, 2514393
0.96, 2507141
0.96, 2504171
0.96, 2504022
0.96, 2484979
0.96, 2481834
0.96, 2477383
0.96, 2471644
0.96, 2470936
0.96, 2470600
0.96, 2466615
0.96, 2460146
0.96, 2441773
0.96, 2434511
0.96, 2429788
0.96, 2425945
0.96, 2425903
0.96, 2417187
0.96, 2412281
0.97, 2409988
0.97, 2407055
0.97, 2406351
0.97, 2405168
0.97, 2403569
0.97, 2402584
0.97, 2401226
0.97, 2400463
0.97, 2377297
0.97, 2374549
0.97, 2370245
0.98, 2368854
0.98, 2368749
0.98, 2360744
0.98, 2355713
0.98, 2348623
0.98, 2335826
0.98, 2335327
0.98, 2335264
0.98, 2332093
0.99, 2330022
0.99, 2326408
0.99, 2323718
0.99, 2318994
0.99, 2311067
0.99, 2310455
0.99, 2305460
0.99, 2300778
0.99, 2299471
0.99, 2280917
0.99, 2273788
0.99, 2263522
0.99, 2252224
0.99, 2238408
0.99, 2232419
1.00, 2230884
1.00, 2230869
1.00, 2229145
1.00, 2224803
1.00, 2214219
1.00, 2212915
1.00, 2212888
1.00, 2208491
1.00, 2204296
1.00, 2200809
1.00, 2197782
1.00, 2196663
1.00, 2196482
1.01, 2191155
1.01, 2190974
1.01, 2187888
1.01, 2185217
1.01, 2183577
1.01, 2183096
1.01, 2182147
1.01, 2178719
1.01, 2178588
1.01, 2172281
1.01, 2169121
1.02, 2157428
1.02, 2156569
1.02, 2152691
1.02, 2150916
1.02, 2150905
1.02, 2149015
1.02, 2145682
1.02, 2145647
1.02, 2141665
1.02, 2124949
1.02, 2124901
1.02, 2122569
1.02, 2121645
1.02, 2120299
1.03, 2115236
1.03, 2111755
1.03, 2109862
1.03, 2090770
1.03, 2086288
1.03, 2083350
1.03, 2076686
1.03, 2070675
1.03, 2067299
1.03, 2059371
1.04, 2057237
1.04, 2051686
1.04, 2047934
1.04, 2041792
1.04, 2039181
1.04, 2035146
1.04, 2031928
1.04, 2031812
1.04, 2028759
1.04, 2026801
1.04, 2025026
1.04, 2024041
1.04, 2023565
1.04, 2021934
1.04, 2018013
1.05, 2016316
1.05, 2015658
1.05, 2007808
1.05, 2007636
1.05, 2003828
1.05, 2001592
1.06, 2001232
1.06, 2000426
1.06, 1998480
1.06, 1998306
1.06, 1992357
1.06, 1988981
1.06, 1988476
1.07, 1984151
1.07, 1951711
1.07, 1950111
1.07, 1945668
1.07, 1945224
1.07, 1943795
1.07, 1941995
1.07, 1940237
1.07, 1938905
1.07, 1938845
1.07, 1937298
1.07, 1936310
1.07, 1934432
1.07, 1929734
1.08, 1928917
1.08, 1927857
1.08, 1927587
1.08, 1927522
1.08, 1927334
1.08, 1922968
1.08, 1921666
1.08, 1918546
1.08, 1917134
1.08, 1914686
1.09, 1912947
1.09, 1904694
1.09, 1904490
1.09, 1903927
1.09, 1903132
1.09, 1902949
1.09, 1902938
1.09, 1899806
1.10, 1899444
1.10, 1899428
1.10, 1893243
1.10, 1892888
1.10, 1892557
1.10, 1891077
1.10, 1890430
1.10, 1875862
1.10, 1801957
1.10, 1801356
1.10, 1801350
1.10, 1801346
1.11, 1800708
1.11, 1791910
1.11, 1791627
1.11, 1791173
1.11, 1789386
1.11, 1785410
1.11, 1785405
1.11, 1781826
1.11, 1781523
1.11, 1777382
1.11, 1773604
1.11, 1771438
1.11, 1770018
1.12, 1769506
1.12, 1769228
1.12, 1767984
1.12, 1767447
1.12, 1765327
1.12, 1726745
1.12, 1726492
1.12, 1725882
1.12, 1692857
1.12, 1691755
1.13, 1691084
1.13, 1690402
1.13, 1690365
1.13, 1689614
1.13, 1689474
1.13, 1688457
1.13, 1684626
1.13, 1671094
1.14, 1668743
1.14, 1661908
1.14, 1660702
1.14, 1658398
1.14, 1657374
1.14, 1656459
1.14, 1656083
1.15, 1655467
1.15, 1654332
1.15, 1651501
1.15, 1650881
1.15, 1650812
1.15, 1647259
1.15, 1634795
1.15, 1633516
1.15, 1633180
1.15, 1631201
1.16, 1630821
1.16, 1630377
1.16, 1628107
1.16, 1625286
1.16, 1625263
1.16, 1616150
1.16, 1615924
1.17, 1615179
1.17, 1614179
1.17, 1612135
1.17, 1611873
1.17, 1610306
1.17, 1606868
1.18, 1606719
1.18, 1604911
1.18, 1604341
1.18, 1595578
1.19, 1595184
1.19, 1594982
1.19, 1575984
1.19, 1575343
1.19, 1574993
1.20, 1574890
1.20, 1574674
1.20, 1560886
1.20, 1557723
1.20, 1556789
1.21, 1556195
1.21, 1554275
1.21, 1553549
1.21, 1550405
1.21, 1549907
1.21, 1548364
1.21, 1548262
1.21, 1543212
1.21, 1543059
1.21, 1542864
1.21, 1536296
1.21, 1533692
1.22, 1509532
1.22, 1509481
1.22, 1508815
1.22, 1507362
1.22, 1504622
1.22, 1504489
1.23, 1503745
1.23, 1503587
1.23, 1503046
1.23, 1502535
1.23, 1499249
1.23, 1491191
1.24, 1489915
1.24, 1488918
1.24, 1483416
1.24, 1482390
1.25, 1481838
1.25, 1480324
1.25, 1478819
1.25, 1476734
1.25, 1474521
1.26, 1474073
1.26, 1473880
1.27, 1473712
1.27, 1424593
1.27, 1421094
1.27, 1420320
1.28, 1419096
1.29, 1418770
1.29, 1379209
1.29, 1378804
1.29, 1377809
1.30, 1366813
1.30, 1366674
1.30, 1307761
1.30, 1294209
1.30, 1293490
1.30, 1291370
1.31, 1291348
1.31, 1291225
1.32, 1279178
1.32, 1278517
1.33, 1276582
1.33, 1276235
1.33, 1273905
1.33, 1273811
1.34, 1273605
1.34, 1270315
1.34, 1270310
1.35, 1260772
1.35, 1260241
1.35, 1260073
1.35, 1259112
1.36, 1257800
1.36, 1257493
1.37, 1256286
1.37, 1254371
1.37, 1253697
1.38, 1252750
1.39, 1249500
1.39, 1248605
1.39, 1246976
1.39, 1246950
1.40, 1246382
1.40, 1242632
1.40, 1241994
1.40, 1240402
1.41, 1236965
1.41, 1235077
1.41, 1234395
1.41, 1219369
1.41, 1218553
1.41, 1216352
1.42, 1215856
1.42, 1214501
1.43, 1207632
1.43, 1206668
1.43, 1206621
1.43, 1201306
1.43, 1193145
1.44, 1192945
1.44, 1192472
1.44, 1191897
1.44, 1190135
1.44, 1186617
1.45, 1185799
1.45, 1185003
1.45, 1183200
1.45, 1179576
1.47, 1178708
1.47, 1178652
1.47, 1175859
1.47, 1174660
1.47, 1173936
1.48, 1173032
1.49, 1172656
1.49, 1159682
1.49, 1159452
1.49, 1156869
1.51, 1155400
1.51, 1154141
1.51, 1152620
1.52, 1149381
1.53, 1149044
1.53, 1147408
1.54, 1146158
1.55, 1146021
1.55, 1135955
1.56, 1135238
1.57, 1135035
1.57, 1113762
1.57, 1113665
1.58, 1113513
1.58, 1112374
1.58, 1112115
1.58, 1110422
1.60, 1110103
1.60, 1109162
1.61, 1108959
1.63, 1108745
1.65, 1108712
1.66, 1106341
1.66, 1100220
1.66, 1099327
1.68, 1098974
1.68, 1098688
1.68, 1097346
1.70, 1092641
1.70, 1092627
1.71, 1090408
1.72, 1090234
1.73, 1089625
1.74, 1088410
1.74, 1088366
1.75, 1087788
1.75, 1087673
1.76, 1083868
1.77, 1083424
1.77, 1083229
1.77, 1080293
1.78, 1077813
1.78, 1077101
1.79, 1075880
1.80, 1075276
1.80, 1074247
1.80, 1073745
1.81, 1073732
1.84, 1072815
1.84, 1072266
1.85, 1067831
1.85, 1067463
1.86, 1066730
1.86, 1066694
1.87, 1065513
1.87, 1065431
1.87, 1064871
1.88, 1064099
1.89, 1026113
1.89, 1025962
1.92, 1019963
1.93, 1019204
1.93, 1018267
1.94, 1016871
1.94, 1015488
1.94, 1015429
1.95, 1015406
1.95, 1012075
1.95, 1011137
1.96, 1009992
1.96, 1009444
1.96, 1008223
1.97, 1007951
1.98, 1004564
1.99, 996850
2.01, 996406
2.01, 989039
2.02, 986057
2.02, 985648
2.02, 985207
2.02, 985124
2.03, 982329
2.03, 982009
2.04, 979561
2.04, 979357
2.05, 976736
2.13, 971710
2.13, 965561
2.15, 965500
2.18, 962769
2.20, 962521
2.21, 961795
2.22, 960967
2.22, 942655
2.22, 942023
2.26, 941502
2.27, 941429
2.27, 940920
2.27, 908076
2.27, 907640
2.28, 903681
2.29, 897272
2.33, 895242
2.34, 894555
2.37, 894342
2.37, 894151
2.38, 892964
2.39, 892960
2.39, 892744
2.39, 892308
2.39, 891471
2.40, 890356
2.44, 871265
2.45, 870892
2.46, 870603
2.47, 870333
2.47, 869369
2.49, 868456
2.50, 824597
2.50, 821907
2.51, 821010
2.51, 820468
2.51, 817842
2.52, 816210
2.54, 816005
2.55, 815258
2.55, 814781
2.55, 812637
2.58, 812407
2.61, 812324
2.62, 811542
2.68, 811519
2.69, 810772
2.71, 810558
2.72, 810041
2.74, 806572
2.78, 806525
2.78, 805864
2.79, 804953
2.82, 804250
2.85, 797905
2.85, 796291
2.86, 795745
2.87, 794346
2.94, 793043
2.95, 792872
3.00, 791882
3.02, 791752
3.05, 789759
3.08, 789632
3.10, 789629
3.12, 789604
3.13, 788396
3.15, 787641
3.15, 786511
3.19, 786166
3.20, 782320
3.22, 781663
3.32, 781550
3.34, 781217
3.36, 781211
3.38, 780421
3.40, 779866
3.41, 779853
3.43, 777405
3.49, 777319
3.59, 776885
3.60, 772677
3.63, 770578
12.54, 767258
12.57, 764666
12.60, 763582
12.60, 762764
12.61, 760328
12.63, 759968
12.64, 759615
12.65, 757622
12.69, 756523
12.75, 756000
12.76, 755799
12.80, 755628
12.84, 754720
12.84, 751505
12.87, 751242
12.90, 750642
12.92, 749822
12.94, 749516
12.95, 747567
12.96, 747396
13.04, 745369
13.05, 744910
13.05, 744853
13.06, 744405
