0.85, 6768001
1.65, 6584917
2.45, 6400031
3.27, 6244847
4.07, 6089493
4.86, 5942512
5.66, 5805433
6.46, 5673732
7.33, 5547773
8.60, 5424688
9.48, 5304536
10.31, 5179551
11.10, 5064431
11.88, 4952354
12.67, 4849048
13.51, 4744986
14.30, 4644946
15.09, 4519382
15.93, 4423092
16.71, 4324997
17.51, 4229546
18.32, 4135259
19.17, 4041612
19.97, 3955389
20.76, 3868487
21.55, 3789715
22.34, 3715892
23.13, 3644876
23.92, 3576456
24.70, 3509992
25.48, 3446123
26.26, 3383679
27.03, 3325025
27.83, 3266329
28.73, 3209294
29.74, 3154735
30.56, 3099207
31.38, 3043928
32.17, 2989965
33.02, 2937864
33.90, 2887654
34.76, 2837779
35.54, 2787927
36.33, 2738206
37.12, 2687367
37.91, 2638557
38.75, 2591279
39.66, 2544492
40.58, 2502049
41.39, 2458669
42.17, 2413224
42.96, 2371297
43.75, 2329575
44.55, 2289387
45.34, 2249281
46.14, 2214539
46.95, 2178168
47.74, 2143565
48.56, 2110137
49.39, 2076678
50.21, 2043261
51.00, 2010061
51.79, 1976904
52.57, 1943757
53.35, 1912665
54.13, 1883393
54.90, 1850793
55.69, 1821511
56.47, 1792512
57.25, 1763890
58.06, 1736974
58.85, 1708286
59.63, 1682087
60.41, 1657629
61.19, 1634495
61.98, 1611618
62.77, 1587839
63.55, 1562637
64.33, 1540003
65.10, 1518083
65.95, 1495928
66.73, 1474398
67.55, 1453360
68.34, 1431673
69.15, 1413489
69.93, 1395575
70.71, 1376117
71.50, 1360251
72.28, 1344937
73.07, 1329912
73.90, 1315633
74.70, 1301536
75.50, 1288111
76.27, 1274828
77.05, 1261833
77.88, 1249696
78.75, 1238702
79.53, 1225740
80.32, 1213604
81.10, 1199509
81.88, 1187804
82.68, 1176903
83.46, 1166190
84.23, 1155504
85.01, 1145146
85.80, 1134655
86.59, 1124516
87.39, 1114929
88.19, 1105547
89.02, 1096244
89.79, 1087179
90.57, 1078563
91.36, 1070006
92.13, 1058972
92.92, 1050726
93.72, 1042267
94.49, 1034434
95.27, 1026852
96.06, 1019516
96.84, 1011124
97.68, 1004438
98.47, 997830
99.29, 991284
100.07, 984793
100.86, 974752
101.63, 968419
102.40, 962251
103.18, 956094
104.04, 950086
104.84, 944368
105.63, 938290
106.43, 932572
107.27, 927135
108.10, 922247
108.91, 917149
109.70, 912132
110.48, 907358
111.26, 902349
112.04, 897779
112.82, 893483
113.60, 889240
114.39, 884554
115.17, 880490
115.96, 876583
116.73, 872356
117.54, 868455
118.44, 864555
119.33, 860671
120.36, 856911
121.23, 853198
122.11, 849606
122.98, 846121
123.81, 842828
124.62, 838845
125.44, 835562
126.22, 832263
126.98, 829065
127.78, 825535
128.56, 822572
129.37, 816415
130.19, 813471
131.01, 810575
131.79, 807722
132.57, 804998
133.35, 802310
134.14, 799741
134.92, 797184
135.69, 794719
136.49, 792279
137.28, 789848
138.10, 787300
138.89, 784882
139.70, 781183
140.49, 778309
141.28, 774531
142.06, 772261
142.84, 769644
143.60, 767597
144.38, 765557
145.16, 763632
145.94, 761120
146.72, 759206
147.51, 757322
148.30, 755448
149.08, 753612
149.86, 750823
150.63, 749134
151.43, 747170
152.21, 745501
153.00, 743240
153.78, 740990
154.56, 739403
155.34, 737906
156.11, 736603
156.89, 732801
157.68, 731513
158.50, 730232
159.31, 728951
160.09, 727677
160.90, 726462
161.69, 725273
162.53, 724133
163.35, 722998
164.13, 721280
164.92, 720172
165.70, 719131
166.51, 718090
167.30, 717051
168.09, 716050
168.88, 715098
169.66, 714211
170.46, 713353
171.27, 712503
172.05, 711543
172.84, 709453
173.61, 708621
174.39, 707273
175.17, 706447
175.94, 705642
176.73, 704860
177.52, 704094
178.29, 703352
179.08, 702683
179.87, 702016
180.65, 701414
181.44, 700827
182.24, 700282
183.05, 699739
183.82, 699197
184.60, 698659
185.37, 696865
186.14, 696034
186.91, 695504
187.70, 694978
188.48, 694463
189.26, 694002
190.04, 692926
190.81, 692467
191.61, 691914
192.38, 691496
193.16, 691102
193.94, 690666
194.72, 690277
195.50, 689339
196.27, 688041
197.05, 687656
197.86, 686986
198.69, 686609
199.48, 686273
200.25, 685808
201.02, 685250
201.81, 684982
202.59, 684741
203.36, 684505
204.14, 683579
204.92, 683169
205.69, 682920
206.47, 682216
207.24, 681995
208.04, 681778
208.82, 681638
209.59, 681578
210.37, 681545
211.15, 681517
212.72, 6949949
213.50, 6785851
214.27, 6639824
215.05, 6492455
215.81, 6347117
216.60, 6203807
217.39, 6064421
218.17, 5926765
218.95, 5797937
219.73, 5672021
220.50, 5555309
221.28, 5442682
222.06, 5332685
222.85, 5224409
223.80, 5114346
224.61, 5011444
225.40, 4908599
226.17, 4809288
227.08, 4710093
227.97, 4616057
228.81, 4522452
229.63, 4423035
230.42, 4331696
231.19, 4248372
231.98, 4167168
232.83, 4080114
233.60, 4001789
234.37, 3924924
235.15, 3852281
235.92, 3777427
236.70, 3705581
237.49, 3634992
238.26, 3567329
239.04, 3500334
240.01, 3436340
240.79, 3374980
241.57, 3314782
242.36, 3255071
243.15, 3195050
243.93, 3134956
244.71, 3076420
245.50, 3018066
246.27, 2963785
247.03, 2911514
247.82, 2856537
248.61, 2804157
249.38, 2753312
250.16, 2704516
250.94, 2655513
251.70, 2608760
252.48, 2562154
253.28, 2516605
254.07, 2472649
254.85, 2429698
255.63, 2385667
256.40, 2341733
257.18, 2299701
258.00, 2258449
258.78, 2217055
259.57, 2179035
260.36, 2141946
261.14, 2105340
261.94, 2070083
262.73, 2034787
263.54, 1999729
264.36, 1967239
265.15, 1934569
265.93, 1900612
266.73, 1868168
267.55, 1837267
268.33, 1806864
269.12, 1777576
269.89, 1748341
270.66, 1719630
271.44, 1689046
272.22, 1660923
273.02, 1635463
273.80, 1610493
274.58, 1583404
275.36, 1558901
276.13, 1536094
276.91, 1513561
277.69, 1492377
278.47, 1471217
279.26, 1450699
280.03, 1430354
280.81, 1412695
281.59, 1395503
282.37, 1374242
283.15, 1354730
283.94, 1338609
284.72, 1321737
285.50, 1305909
286.30, 1291148
287.08, 1275584
287.89, 1261333
288.70, 1248854
289.49, 1233105
290.28, 1220165
291.05, 1207828
291.83, 1196147
292.61, 1184833
293.38, 1173433
294.16, 1162624
294.94, 1152514
295.72, 1142737
296.49, 1133066
297.26, 1121910
298.06, 1111755
298.84, 1101185
299.62, 1091226
300.40, 1081735
