0.00, 6705314
0.00, 6696862
0.00, 6679094
0.05, 6676793
0.19, 6672896
0.19, 6664796
0.19, 6661934
0.19, 6631982
0.19, 6614585
0.19, 6614003
0.19, 6601229
0.19, 6542166
0.19, 6530564
0.28, 6514278
0.29, 6501874
0.29, 6488331
0.29, 6482533
0.29, 6473443
0.30, 6473397
0.30, 6468724
0.49, 6450946
0.49, 6437814
0.49, 6431577
0.49, 6426984
0.49, 6415776
0.49, 6414155
0.49, 6401869
0.49, 6351605
0.49, 6351247
0.49, 6338155
0.49, 6299812
0.49, 6298772
0.49, 6273967
0.49, 6268374
0.49, 6268181
0.49, 6239756
0.49, 6239078
0.49, 6231811
0.49, 6226689
0.49, 6198474
0.49, 6118234
0.49, 6045647
0.50, 6042465
0.50, 6009456
0.50, 5978668
0.50, 5933644
0.50, 5930268
0.50, 5884363
0.50, 5878955
0.50, 5877497
0.50, 5872849
0.50, 5870413
0.50, 5855242
0.50, 5832779
0.50, 5832451
0.50, 5831374
0.50, 5811745
0.55, 5803488
0.55, 5801995
0.55, 5790361
0.56, 5786535
0.56, 5769463
0.56, 5769114
0.56, 5761278
0.56, 5742074
0.56, 5739547
0.56, 5687428
0.56, 5682533
0.56, 5658194
0.56, 5639586
0.56, 5558707
0.56, 5550440
0.56, 5549810
0.56, 5533093
0.56, 5524071
0.56, 5508603
0.56, 5486306
0.56, 5410704
0.56, 5407789
0.56, 5405819
0.56, 5383867
0.56, 5368938
0.56, 5362896
0.57, 5322860
0.57, 5317021
0.57, 5288556
0.57, 5285144
0.57, 5281531
0.57, 5269211
0.57, 5266868
0.57, 5262399
0.57, 5260353
0.57, 5256089
0.57, 5233929
0.57, 5218115
0.57, 5217830
0.57, 5217454
0.57, 5204065
0.57, 5177146
0.57, 5161066
0.57, 5141894
0.57, 5132812
0.57, 5132669
0.57, 5113759
0.57, 5104658
0.57, 5086637
0.57, 5082721
0.57, 5079004
0.57, 5078910
0.57, 5078565
0.57, 5049204
0.57, 5044866
0.57, 5038798
0.57, 4999422
0.57, 4999004
0.57, 4998813
0.57, 4998299
0.57, 4992066
0.60, 4970478
0.60, 4918253
0.60, 4917566
0.60, 4917367
0.60, 4916334
0.64, 4912940
0.64, 4845831
0.64, 4838901
0.64, 4838748
0.64, 4828191
0.64, 4826471
0.64, 4824344
0.64, 4822991
0.64, 4804924
0.64, 4802882
0.64, 4802339
0.64, 4797728
0.64, 4796189
0.64, 4771306
0.64, 4762968
0.64, 4747383
0.64, 4744999
0.64, 4729599
0.64, 4716171
0.65, 4691929
0.65, 4657193
0.65, 4648510
0.65, 4621925
0.65, 4616777
0.65, 4608381
0.65, 4581849
0.65, 4579697
0.65, 4571877
0.65, 4565293
0.65, 4565196
0.65, 4562137
0.65, 4555656
0.65, 4555013
0.65, 4547461
0.65, 4545144
0.65, 4537821
0.65, 4525235
0.65, 4523780
0.65, 4505068
0.65, 4473710
0.65, 4452864
0.65, 4451982
0.65, 4451535
0.66, 4441166
0.66, 4429443
0.66, 4422211
0.66, 4420018
0.66, 4410601
0.66, 4410090
0.66, 4371423
0.66, 4367690
0.66, 4341979
0.66, 4337509
0.66, 4294943
0.66, 4293720
0.66, 4291850
0.66, 4270107
0.66, 4259098
0.66, 4251981
0.66, 4250255
0.66, 4249371
0.66, 4243324
0.66, 4203996
0.66, 4180664
0.66, 4176398
0.66, 4174466
0.66, 4168114
0.66, 4131182
0.66, 4127978
0.66, 4127517
0.67, 4124390
0.67, 4096478
0.67, 4072402
0.67, 4071411
0.67, 4071235
0.67, 4067575
0.67, 4066708
0.67, 4064003
0.67, 4057820
0.67, 4052992
0.67, 4028313
0.67, 4023027
0.67, 4022435
0.67, 4022137
0.67, 4014165
0.67, 4003129
0.67, 3998148
0.67, 3983947
0.67, 3982213
0.67, 3977510
0.67, 3977261
0.67, 3964847
0.67, 3962219
0.67, 3962132
0.67, 3956916
0.67, 3953437
0.68, 3928193
0.68, 3916701
0.68, 3902863
0.68, 3902714
0.68, 3900906
0.68, 3892334
0.68, 3890185
0.68, 3889041
0.68, 3887921
0.68, 3846541
0.68, 3837917
0.68, 3835453
0.68, 3833000
0.69, 3832849
0.69, 3829389
0.69, 3794135
0.69, 3788568
0.69, 3788302
0.69, 3776195
0.69, 3751859
0.69, 3751734
0.69, 3727961
0.69, 3727672
0.69, 3727471
0.69, 3698800
0.69, 3695343
0.69, 3694197
0.69, 3690408
0.69, 3689560
0.69, 3685759
0.69, 3684812
0.69, 3674884
0.69, 3670607
0.69, 3663908
0.69, 3653140
0.69, 3651475
0.69, 3630488
0.69, 3627899
0.69, 3619144
0.69, 3612057
0.69, 3610110
0.69, 3602047
0.69, 3601138
0.69, 3599051
0.69, 3594306
0.69, 3593163
0.69, 3582494
0.69, 3578753
0.69, 3571487
0.69, 3563559
0.69, 3522978
0.69, 3500746
0.69, 3496575
0.69, 3490375
0.69, 3485786
0.69, 3484029
0.69, 3482064
0.69, 3481136
0.69, 3460797
0.69, 3456562
0.69, 3452416
0.69, 3437783
0.69, 3432843
0.69, 3418961
0.70, 3418723
0.70, 3416890
0.70, 3405504
0.70, 3399439
0.70, 3398907
0.70, 3395875
0.70, 3393268
0.70, 3388488
0.70, 3385227
0.70, 3381768
0.70, 3379260
0.70, 3363942
0.70, 3307598
0.70, 3274429
0.70, 3272097
0.70, 3270758
0.70, 3253362
0.70, 3249895
0.70, 3249514
0.70, 3238412
0.70, 3234209
0.71, 3230536
0.71, 3224651
0.71, 3221255
0.71, 3216856
0.71, 3212793
0.71, 3211989
0.71, 3210014
0.71, 3207644
0.71, 3185909
0.71, 3183591
0.71, 3178785
0.71, 3161521
0.71, 3151924
0.72, 3136265
0.72, 3135479
0.72, 3127520
0.72, 3126253
0.72, 3118027
0.72, 3117060
0.72, 3101886
0.72, 3101814
0.72, 3101677
0.72, 3098074
0.72, 3097500
0.72, 3090633
0.72, 3089961
0.72, 3089392
0.72, 3081902
0.72, 3079731
0.72, 3073622
0.72, 3073284
0.73, 3069075
0.73, 3064020
0.73, 2996660
0.73, 2995096
0.73, 2993211
0.73, 2972535
0.73, 2970423
0.73, 2968346
0.73, 2967298
0.73, 2943103
0.73, 2943100
0.73, 2930720
0.73, 2929981
0.73, 2924240
0.73, 2919625
0.73, 2916624
0.73, 2906685
0.73, 2892161
0.73, 2892039
0.73, 2880861
0.73, 2874833
0.73, 2874738
0.73, 2868396
0.73, 2864058
0.73, 2863786
0.73, 2863010
0.73, 2858367
0.74, 2855028
0.74, 2844521
0.74, 2840544
0.74, 2832451
0.74, 2830817
0.74, 2824722
0.74, 2807408
0.74, 2806952
0.74, 2803389
0.74, 2791306
0.74, 2788629
0.74, 2780667
0.74, 2780547
0.74, 2774361
0.74, 2771433
0.74, 2759779
0.74, 2759697
0.74, 2745261
0.74, 2741020
0.74, 2738397
0.74, 2735093
0.74, 2732020
0.74, 2728922
0.74, 2724360
0.74, 2724138
0.74, 2724067
0.74, 2694579
0.74, 2685071
0.74, 2680015
0.75, 2679667
0.75, 2672375
0.75, 2670792
0.75, 2669589
0.75, 2669473
0.75, 2666864
0.75, 2657706
0.75, 2653041
0.75, 2641535
0.75, 2641224
0.75, 2639906
0.75, 2637004
0.75, 2636769
0.75, 2635332
0.75, 2632714
0.75, 2628607
0.75, 2623722
0.75, 2619608
0.75, 2619420
0.75, 2596053
0.75, 2595704
0.76, 2588856
0.76, 2582870
0.76, 2580846
0.76, 2576072
0.76, 2571568
0.76, 2553397
0.76, 2553080
0.76, 2544527
0.76, 2543977
0.76, 2535778
0.76, 2532633
0.76, 2527770
0.76, 2519761
0.76, 2518356
0.76, 2513128
0.76, 2512737
0.77, 2511021
0.77, 2509692
0.77, 2503968
0.77, 2497292
0.77, 2483438
0.77, 2481652
0.77, 2475251
0.77, 2474211
0.77, 2468621
0.78, 2466686
0.78, 2462181
0.78, 2461497
0.78, 2461392
0.78, 2450958
0.78, 2450861
0.78, 2449894
0.78, 2447629
0.78, 2447523
0.78, 2440171
0.78, 2436569
0.78, 2416472
0.78, 2407854
0.78, 2405910
0.78, 2403524
0.78, 2403290
0.78, 2383622
0.79, 2383516
0.79, 2381838
0.79, 2381268
0.79, 2375466
0.79, 2369944
0.79, 2365657
0.79, 2353496
0.79, 2351596
0.79, 2347534
0.79, 2345014
0.79, 2338461
0.79, 2334273
0.79, 2334033
0.79, 2332346
0.79, 2329203
0.79, 2328051
0.79, 2325651
0.79, 2322438
0.79, 2318301
0.80, 2313871
0.80, 2305571
0.80, 2303698
0.80, 2300629
0.80, 2300479
0.80, 2297669
0.80, 2295502
0.80, 2288305
0.80, 2287676
0.80, 2281657
0.80, 2280799
0.80, 2276305
0.80, 2273450
0.80, 2269767
0.81, 2260236
0.81, 2256059
0.81, 2238915
0.81, 2234988
0.81, 2234360
0.81, 2232441
0.81, 2232353
0.81, 2229982
0.81, 2220134
0.81, 2217944
0.81, 2217306
0.81, 2200016
0.81, 2197142
0.81, 2195420
0.82, 2189852
0.82, 2182639
0.82, 2179666
0.82, 2179384
0.82, 2179303
0.82, 2177473
0.82, 2176728
0.82, 2172023
0.82, 2171503
0.82, 2149301
0.82, 2148399
0.82, 2143378
0.82, 2134686
0.82, 2125125
0.83, 2124765
0.83, 2124115
0.83, 2123385
0.83, 2123325
0.83, 2117427
0.83, 2117255
0.83, 2101650
0.83, 2086499
0.83, 2086474
0.83, 2082451
0.83, 2078778
0.83, 2078727
0.83, 2077047
0.83, 2073119
0.84, 2071964
0.84, 2071135
0.84, 2067868
0.84, 2067587
0.84, 2067324
0.84, 2067077
0.84, 2066488
0.84, 2058724
0.84, 2054350
0.84, 2053856
0.84, 2053764
0.84, 2047707
0.84, 2047673
0.84, 2046070
0.84, 2045003
0.85, 2040469
0.85, 2039892
0.85, 2039170
0.85, 2036174
0.85, 2027348
0.85, 2026914
0.85, 2026623
0.85, 2024512
0.85, 2019146
0.85, 2016913
0.85, 2015730
0.85, 2014923
0.85, 1997026
0.85, 1985124
0.85, 1979350
0.85, 1978004
0.85, 1977516
0.85, 1976437
0.85, 1976273
0.86, 1973208
0.86, 1955480
0.86, 1954627
0.86, 1954489
0.86, 1953968
0.86, 1953746
0.86, 1951464
0.86, 1949103
0.86, 1948165
0.87, 1942191
0.87, 1940129
0.87, 1939134
0.87, 1934017
0.87, 1928448
0.87, 1928272
0.87, 1927939
0.87, 1923923
0.87, 1922304
0.87, 1920235
0.87, 1912134
0.87, 1911116
0.88, 1910367
0.88, 1896873
0.88, 1895208
0.88, 1895181
0.88, 1893920
0.88, 1888699
0.88, 1888460
0.88, 1887049
0.89, 1883687
0.89, 1873968
0.89, 1872919
0.89, 1872483
0.89, 1859172
0.89, 1858596
0.89, 1856123
0.89, 1852298
0.89, 1848521
0.89, 1847133
0.89, 1844531
0.89, 1839379
0.89, 1836614
0.90, 1833171
0.90, 1832651
0.90, 1832633
0.90, 1824992
0.90, 1822540
0.90, 1822026
0.90, 1821310
0.90, 1820957
0.90, 1820898
0.90, 1820148
0.90, 1815670
0.90, 1812974
0.90, 1812932
0.90, 1788480
0.90, 1788300
0.90, 1771168
0.91, 1770725
0.91, 1770004
0.91, 1767685
0.91, 1767062
0.91, 1764486
0.91, 1763007
0.91, 1747686
0.91, 1747368
0.91, 1742545
0.91, 1742544
0.92, 1742333
0.92, 1741330
0.92, 1741222
0.92, 1737182
0.92, 1733727
0.92, 1733259
0.92, 1730829
0.92, 1728570
0.92, 1726878
0.93, 1726673
0.93, 1726536
0.93, 1726495
0.93, 1725256
0.93, 1724058
0.93, 1717271
0.93, 1715567
0.93, 1697586
0.93, 1694124
0.93, 1693391
0.93, 1691144
0.93, 1690994
0.93, 1690237
0.93, 1689730
0.94, 1689424
0.94, 1689115
0.94, 1686763
0.94, 1686720
0.95, 1686486
0.95, 1686457
0.95, 1680521
0.95, 1679195
0.95, 1679022
0.95, 1677934
0.95, 1677041
0.95, 1673555
0.96, 1673458
0.96, 1671779
0.96, 1669095
0.96, 1668242
0.96, 1668134
0.96, 1667787
0.96, 1667695
0.96, 1666414
0.96, 1666315
0.96, 1662607
0.96, 1656570
0.97, 1656543
0.97, 1656270
0.97, 1656259
0.97, 1654471
0.97, 1653929
0.97, 1651766
0.98, 1651369
0.98, 1650929
0.98, 1638946
0.98, 1637547
0.98, 1637166
0.98, 1635003
0.99, 1634617
0.99, 1634172
0.99, 1634089
0.99, 1611256
0.99, 1610976
0.99, 1610705
1.00, 1605395
1.00, 1595787
1.00, 1594738
1.00, 1592015
1.00, 1590706
1.00, 1588046
1.00, 1584911
1.01, 1584644
1.01, 1583952
1.01, 1579032
1.01, 1578123
1.01, 1575741
1.01, 1573982
1.01, 1571941
1.01, 1571655
1.02, 1519929
1.02, 1509976
1.02, 1508228
1.02, 1507734
1.02, 1507713
1.03, 1507292
1.03, 1495716
1.03, 1494969
1.03, 1492964
1.03, 1488213
1.03, 1488116
1.04, 1487628
1.04, 1486524
1.04, 1484849
1.04, 1477845
1.04, 1477566
1.04, 1477477
1.04, 1475782
1.05, 1474033
1.05, 1469998
1.05, 1468224
1.05, 1467915
1.05, 1467803
1.05, 1467384
1.05, 1467161
1.05, 1466448
1.05, 1462716
1.06, 1442790
1.06, 1440456
1.06, 1425457
1.06, 1424206
1.06, 1423790
1.06, 1423641
1.06, 1420690
1.07, 1420486
1.07, 1417666
1.07, 1416862
1.07, 1413203
1.07, 1411948
1.07, 1407984
1.07, 1407453
1.07, 1406482
1.08, 1405352
1.08, 1402062
1.08, 1402005
1.08, 1396519
1.08, 1395630
1.09, 1386015
1.09, 1385345
1.09, 1365170
1.09, 1364722
1.09, 1363668
1.09, 1362941
1.10, 1362810
1.10, 1361078
1.10, 1359461
1.10, 1359123
1.10, 1355229
1.10, 1350014
1.10, 1349440
1.10, 1349294
1.11, 1348772
1.11, 1339249
1.11, 1331497
1.11, 1329991
1.11, 1328968
1.11, 1325188
1.11, 1324087
1.11, 1322838
1.11, 1318996
1.12, 1314275
1.12, 1313492
1.12, 1297116
1.12, 1292625
1.12, 1292073
1.12, 1291201
1.13, 1290486
1.13, 1289839
1.13, 1289822
1.13, 1289162
1.13, 1288935
1.13, 1287295
1.14, 1286416
1.14, 1282220
1.14, 1280027
1.14, 1278409
1.14, 1278306
1.14, 1277886
1.14, 1277783
1.14, 1276746
1.15, 1276547
1.15, 1272997
1.15, 1272907
1.15, 1272493
1.15, 1271383
1.15, 1269475
1.15, 1268678
1.16, 1266838
1.16, 1266227
1.17, 1258383
1.17, 1258181
1.17, 1252902
1.18, 1251825
1.18, 1251524
1.18, 1251462
1.19, 1250285
1.19, 1248760
1.19, 1246552
1.19, 1246516
1.19, 1245819
1.19, 1245811
1.19, 1245350
1.19, 1243465
1.19, 1243365
1.20, 1241811
1.20, 1241756
1.20, 1231287
1.20, 1230649
1.21, 1230502
1.21, 1228710
1.21, 1228165
1.21, 1226738
1.21, 1206074
1.21, 1203639
1.22, 1202832
1.22, 1202085
1.22, 1201517
1.23, 1201341
1.23, 1201218
1.23, 1200516
1.23, 1200241
1.23, 1199076
1.24, 1194890
1.24, 1194818
1.24, 1188417
1.24, 1178085
1.25, 1172267
1.26, 1171012
1.26, 1170541
1.26, 1168553
1.26, 1167482
1.27, 1166964
1.27, 1166165
1.27, 1159584
1.28, 1157505
1.28, 1153417
1.28, 1152419
1.28, 1151770
1.29, 1148364
1.29, 1147357
1.29, 1143925
1.30, 1141380
1.30, 1140726
1.30, 1138613
1.30, 1138292
1.30, 1137988
1.31, 1137382
1.31, 1136971
1.31, 1135425
1.32, 1134743
1.33, 1133735
1.33, 1132108
1.33, 1131819
1.33, 1131816
1.33, 1127716
1.33, 1126471
1.35, 1125677
1.37, 1125203
1.38, 1125106
1.38, 1124583
1.38, 1120746
1.39, 1117794
1.39, 1116735
1.41, 1094580
1.41, 1090541
1.41, 1089564
1.42, 1089341
1.42, 1086221
1.43, 1048583
1.43, 1043197
1.44, 1039768
1.46, 1036891
1.46, 1033299
1.47, 1030599
1.48, 1030519
1.48, 1026958
1.50, 1024153
1.51, 1024106
1.51, 1024061
1.51, 1021080
1.52, 1016963
1.52, 1016083
1.53, 1014014
1.54, 1013834
1.54, 1012516
1.55, 999711
1.56, 997986
1.56, 995237
1.57, 991254
1.57, 991253
1.57, 990973
1.61, 989207
1.61, 987201
1.63, 984741
1.63, 984304
1.65, 977112
1.65, 976758
1.66, 976007
1.66, 975798
1.68, 975531
1.68, 975154
1.69, 974475
1.70, 973290
1.70, 972710
1.70, 972666
1.71, 971092
1.71, 970947
1.71, 958076
1.73, 956977
1.75, 955441
1.79, 953566
1.79, 950598
1.80, 950115
1.81, 949813
1.82, 949703
1.83, 948781
1.83, 948108
1.84, 947932
1.84, 947123
1.87, 946775
1.89, 940804
1.91, 939853
1.93, 936011
1.93, 934914
1.93, 934126
1.93, 933749
1.94, 927881
1.94, 925449
1.97, 924686
1.99, 924139
2.04, 922967
2.04, 922700
2.05, 922115
2.06, 918297
2.08, 917047
2.09, 916946
2.12, 915754
2.17, 915551
2.19, 913210
2.19, 911112
2.21, 910943
2.23, 907430
2.23, 905827
2.23, 905702
2.26, 894057
2.27, 893582
2.27, 892434
2.28, 891443
2.32, 887583
2.33, 881864
2.33, 881411
2.36, 880779
2.38, 880496
2.39, 880182
2.40, 879816
2.42, 876197
2.43, 875673
2.44, 875547
2.48, 874939
2.52, 874303
2.53, 873664
2.58, 873191
2.63, 872419
2.64, 872157
2.66, 871016
2.69, 870214
2.71, 869983
2.77, 869547
2.77, 869175
2.77, 863318
2.79, 828128
2.80, 826816
2.81, 825744
2.84, 825340
2.87, 824212
5.53, 812801
5.58, 812126
5.59, 808828
5.62, 804115
5.67, 796116
5.69, 789383
5.75, 789316
5.76, 788851
5.77, 788776
5.83, 788354
5.86, 787591
5.88, 787474
