1.00, 7093672
2.25, 6925686
3.38, 6777259
4.37, 6626936
5.38, 6463666
6.20, 6316881
7.09, 6174077
8.03, 6036683
8.99, 5900353
9.86, 5767274
10.67, 5637791
11.45, 5500284
12.28, 5371557
13.09, 5242801
13.91, 5129662
15.00, 5018692
15.94, 4910283
16.92, 4811240
18.01, 4720822
19.01, 4613775
19.90, 4514100
20.79, 4425490
21.61, 4337253
22.60, 4249812
23.56, 4165680
24.43, 4082255
25.25, 4002835
26.12, 3923491
27.05, 3847928
27.92, 3775676
28.94, 3710233
29.83, 3645581
30.78, 3581531
31.82, 3518157
32.74, 3458424
33.79, 3398826
34.83, 3342289
35.78, 3285961
36.83, 3229754
37.79, 3174038
38.84, 3117740
39.72, 3062784
40.58, 3008209
41.46, 2957976
42.35, 2908001
43.29, 2855794
44.22, 2806615
45.22, 2758110
46.10, 2709692
46.95, 2662040
47.95, 2614933
48.87, 2568225
49.70, 2523937
50.68, 2480199
51.66, 2436531
52.65, 2392008
53.69, 2349272
54.68, 2308547
55.75, 2268995
56.78, 2226877
57.62, 2189640
58.76, 2148552
59.78, 2111330
60.60, 2072445
61.56, 2032600
62.43, 1998855
63.36, 1965274
64.30, 1933382
65.15, 1899300
66.03, 1867897
66.92, 1835199
67.87, 1804336
68.93, 1773958
70.38, 1745976
71.49, 1717494
72.50, 1690119
73.41, 1662984
74.35, 1636341
75.34, 1609896
76.24, 1585061
77.08, 1560609
78.00, 1538517
78.93, 1517564
79.81, 1498791
80.79, 1479947
81.72, 1454048
82.63, 1435580
83.56, 1418191
84.43, 1401542
85.28, 1385376
86.19, 1369162
87.12, 1347946
87.95, 1332179
88.82, 1317160
89.66, 1302452
90.50, 1288349
91.32, 1274499
92.13, 1260781
92.95, 1245675
93.76, 1232437
94.57, 1220447
95.43, 1206100
96.25, 1194192
97.10, 1182509
97.96, 1171013
98.89, 1159195
99.77, 1147753
100.56, 1137760
101.36, 1127838
102.16, 1118098
102.95, 1108723
103.74, 1099598
104.54, 1090849
105.43, 1081481
106.34, 1072749
107.27, 1063790
108.23, 1055239
109.06, 1047094
109.94, 1038198
110.84, 1030135
111.69, 1022178
112.53, 1014458
113.42, 1006680
114.44, 998955
115.37, 991304
116.38, 983710
117.36, 976996
118.32, 969664
119.14, 963116
120.03, 956841
120.84, 949686
121.65, 943505
122.44, 936733
123.24, 931193
124.09, 925817
124.89, 920465
125.67, 915157
126.48, 910281
127.28, 905470
128.07, 900774
128.86, 895974
129.67, 891403
130.55, 887022
131.33, 882668
132.15, 878329
132.96, 874026
133.76, 869871
134.55, 863998
135.36, 858930
136.14, 854803
136.93, 850063
137.71, 845930
138.49, 841961
139.26, 838052
140.20, 833722
141.20, 829983
142.01, 826236
142.87, 822509
143.72, 819134
144.49, 815905
145.29, 812734
146.08, 809714
146.87, 806698
147.65, 800020
148.57, 797016
149.47, 794033
150.28, 790866
151.05, 786244
151.83, 783361
152.61, 780568
153.39, 777822
154.17, 775149
154.97, 772490
155.76, 769870
156.54, 767432
157.47, 765006
158.43, 762588
159.43, 760190
160.45, 757996
161.34, 755830
162.22, 753717
163.06, 751617
163.89, 749549
164.73, 747357
165.55, 745320
166.37, 743495
167.21, 741712
168.04, 740036
168.87, 738428
169.70, 736908
170.54, 735395
171.35, 733944
172.19, 732297
173.02, 730857
173.84, 729427
174.67, 728078
175.51, 726740
176.44, 725413
177.37, 724103
178.32, 722796
179.26, 721494
180.25, 720208
181.26, 718924
182.27, 717717
183.18, 716612
184.10, 715537
185.03, 714465
185.98, 713448
186.92, 712494
187.81, 711609
188.68, 710804
189.67, 710015
190.56, 709241
191.62, 708483
192.58, 707756
193.44, 706593
194.26, 705905
195.19, 705235
196.09, 704429
196.98, 703778
197.79, 703166
198.68, 702564
199.56, 701969
200.53, 701346
201.43, 700754
202.41, 700210
203.34, 699677
204.41, 698636
205.39, 698110
206.26, 697599
207.19, 697103
208.15, 696613
209.16, 696138
210.04, 695677
211.01, 695224
211.98, 694778
212.92, 694356
213.85, 693951
214.76, 693565
215.58, 693180
216.46, 692510
217.38, 692163
218.26, 691818
219.15, 691522
219.99, 691246
220.85, 691001
221.75, 690761
222.66, 690525
223.60, 690290
224.49, 689078
225.40, 688920
226.24, 688742
227.20, 688579
228.13, 688424
229.05, 688269
229.96, 687811
230.93, 687542
231.85, 687397
232.75, 687296
233.73, 687218
234.76, 687089
235.65, 687013
236.52, 685656
237.39, 685590
238.27, 685525
239.17, 685248
240.02, 685217
240.91, 685189
242.66, 7255881
243.55, 7083824
244.51, 6916129
245.38, 6761359
246.24, 6613355
247.20, 6468338
248.13, 6324210
249.06, 6185429
249.95, 6052215
250.87, 5919396
251.83, 5790076
252.65, 5666003
253.52, 5543190
254.42, 5420439
255.28, 5297614
256.22, 5191226
257.09, 5087108
257.95, 4984807
258.85, 4887708
259.72, 4790661
260.51, 4695088
261.31, 4601155
262.18, 4499555
263.01, 4400613
263.88, 4308307
264.70, 4224990
265.61, 4141863
266.49, 4057498
267.49, 3971660
268.34, 3893440
269.20, 3812478
270.04, 3738134
270.98, 3668523
271.89, 3603159
272.81, 3538526
273.69, 3468088
274.60, 3404528
275.47, 3341476
276.30, 3286096
277.21, 3231429
278.21, 3177920
279.17, 3123066
280.21, 3068605
281.25, 3014067
282.11, 2962617
282.95, 2911278
283.82, 2862419
284.65, 2813567
285.54, 2764852
286.51, 2716213
287.59, 2670118
288.55, 2625766
289.39, 2580573
290.22, 2536583
291.09, 2493032
291.89, 2448907
292.84, 2406432
293.80, 2365885
294.81, 2328165
295.70, 2290574
296.60, 2252363
297.48, 2212271
298.46, 2173542
299.36, 2136558
300.34, 2100447
