0.78, 6903957
1.67, 6725467
2.48, 6578579
3.28, 6434035
4.07, 6290108
4.85, 6154113
5.63, 6021405
6.42, 5889466
7.21, 5759488
8.13, 5630422
9.00, 5508771
9.82, 5395632
10.62, 5287325
11.44, 5176773
12.22, 5071774
13.00, 4970760
13.78, 4872270
14.56, 4778085
15.35, 4683948
16.26, 4591713
17.09, 4500890
17.88, 4414903
18.68, 4324809
19.49, 4242414
20.28, 4156002
21.09, 4074078
21.88, 3992972
22.66, 3919512
23.45, 3849290
24.23, 3778972
25.13, 3709715
26.19, 3642998
27.13, 3573798
28.00, 3507879
28.84, 3444826
29.65, 3384424
30.51, 3324053
31.51, 3265788
32.52, 3200047
33.39, 3143678
34.27, 3088189
35.08, 3031942
35.91, 2978630
36.79, 2922747
37.68, 2869640
38.55, 2819568
39.38, 2769981
40.25, 2720610
41.09, 2671307
41.95, 2624003
42.90, 2577301
43.88, 2530702
44.77, 2485984
45.69, 2440707
46.63, 2397506
47.55, 2355720
48.48, 2314748
49.36, 2274117
50.29, 2234437
51.25, 2195018
52.23, 2157435
53.20, 2120560
54.10, 2085223
55.09, 2050523
56.02, 2016883
56.98, 1982449
57.92, 1948403
58.74, 1915407
59.58, 1883305
60.53, 1851599
61.38, 1819575
62.19, 1788112
63.05, 1757304
63.94, 1728108
64.82, 1702235
65.71, 1677396
66.58, 1653250
67.49, 1630185
68.37, 1605698
69.38, 1582899
70.31, 1558819
71.34, 1536085
72.34, 1514200
73.31, 1493822
74.28, 1472462
75.18, 1453308
76.11, 1435980
76.98, 1418932
77.94, 1402097
78.87, 1386701
79.82, 1371515
80.67, 1357021
81.55, 1343200
82.50, 1328806
83.44, 1315318
84.29, 1302485
85.15, 1287775
86.06, 1275010
86.98, 1263093
87.94, 1251296
88.85, 1239893
89.78, 1228747
90.66, 1217707
91.56, 1206781
92.47, 1195904
93.29, 1181869
94.10, 1169852
94.91, 1159170
95.73, 1148657
96.55, 1138441
97.36, 1128488
98.16, 1117534
98.98, 1107698
99.79, 1097930
100.66, 1088312
101.53, 1078734
102.42, 1069346
103.42, 1058732
104.36, 1049379
105.28, 1040467
106.21, 1032603
107.12, 1025186
108.08, 1018272
108.98, 1011650
109.85, 1005093
110.80, 996829
111.73, 990298
112.66, 983918
113.52, 977869
114.35, 972089
115.20, 966431
116.14, 960912
117.00, 955098
117.83, 949588
118.67, 944262
119.62, 938483
120.51, 933112
121.38, 927962
122.26, 922999
123.12, 918307
124.04, 913670
125.01, 908995
126.00, 904573
126.94, 900221
127.86, 896336
128.75, 891694
129.65, 888078
130.49, 884505
131.43, 879916
132.56, 873811
133.60, 868477
134.59, 862392
135.76, 858357
136.71, 854869
137.67, 851465
139.00, 848068
140.04, 844699
141.06, 841404
142.19, 838109
143.06, 834818
143.89, 831563
144.71, 828415
145.56, 823380
146.39, 820256
147.25, 817157
148.24, 814074
149.27, 811032
150.21, 808293
151.24, 805522
152.28, 802847
153.33, 800318
154.23, 798022
155.16, 795750
156.09, 793536
156.93, 789709
157.90, 787498
158.77, 785429
159.95, 783339
160.91, 780709
161.86, 778674
162.95, 776645
163.99, 774652
164.91, 772685
165.86, 770752
166.80, 768832
167.68, 766956
168.77, 758859
169.79, 757029
170.76, 755199
171.58, 753388
172.40, 751188
173.22, 749377
174.05, 746456
174.90, 744673
175.79, 742940
176.81, 741281
177.78, 739625
178.92, 738031
179.83, 736480
180.93, 735037
181.94, 733719
182.94, 732407
183.92, 731125
184.89, 729872
185.84, 728674
186.68, 727489
187.49, 726316
188.31, 725145
189.16, 724044
189.99, 722972
190.87, 721916
191.71, 720875
192.56, 719838
193.55, 718409
194.58, 717408
195.70, 716423
196.87, 715475
198.06, 714624
199.15, 713779
200.13, 712953
201.10, 712164
202.04, 711412
202.99, 710673
203.99, 709963
204.89, 709339
205.77, 708541
206.74, 707512
207.68, 706651
208.63, 706098
209.53, 705561
210.43, 705034
211.28, 703943
212.13, 703417
212.97, 702949
213.81, 702534
214.61, 702255
215.50, 701988
216.43, 701723
217.32, 701466
218.22, 701256
219.23, 700952
220.08, 700770
221.02, 700608
221.89, 700433
222.82, 700286
223.70, 700092
224.65, 699294
225.59, 699206
226.53, 697874
227.47, 697795
228.34, 697589
229.37, 697529
230.28, 697484
232.20, 6792178
233.08, 6620473
234.09, 6452999
235.07, 6297756
236.09, 6135939
237.05, 5995082
237.99, 5856370
238.96, 5718475
239.91, 5587120
240.78, 5456099
241.63, 5329400
242.53, 5202301
243.52, 5075643
244.48, 4952241
245.36, 4838279
246.21, 4735946
247.04, 4638649
247.90, 4542985
248.82, 4449874
249.73, 4356916
250.69, 4267123
251.57, 4179278
252.39, 4093682
253.22, 4010945
254.10, 3932303
255.00, 3854654
255.85, 3777414
256.78, 3706858
257.74, 3623783
258.69, 3547969
259.55, 3478076
260.50, 3409305
261.39, 3345935
262.41, 3283554
263.26, 3224593
264.24, 3167518
265.23, 3107200
266.22, 3047595
267.24, 2992442
268.07, 2939401
268.91, 2887718
269.75, 2836726
270.57, 2787138
271.41, 2737595
272.24, 2690769
273.15, 2645507
274.07, 2600460
275.07, 2556004
276.00, 2515036
276.86, 2473163
277.75, 2432841
278.64, 2394344
279.55, 2355979
280.48, 2317649
281.54, 2279410
282.51, 2242355
283.48, 2207723
284.37, 2173264
285.29, 2139244
286.28, 2105042
287.20, 2070889
288.11, 2037627
288.93, 2005642
289.82, 1971787
290.64, 1941345
291.51, 1911371
292.42, 1883173
293.29, 1856467
294.34, 1829998
295.46, 1804510
296.37, 1776897
297.32, 1747869
298.27, 1720340
299.32, 1695112
300.27, 1670955
