1.06, 6739738
1.97, 6592565
2.84, 6438479
3.82, 6285966
4.66, 6141455
5.53, 5997771
6.45, 5854972
7.37, 5711790
8.23, 5575296
9.02, 5440735
9.92, 5311426
10.90, 5195166
11.96, 5066636
12.87, 4945735
13.77, 4842948
14.68, 4739437
15.57, 4638316
16.44, 4542100
17.26, 4445179
18.10, 4358278
18.93, 4270301
19.78, 4183863
20.69, 4098547
21.56, 4013670
22.38, 3930121
23.22, 3849060
24.02, 3770542
24.83, 3696885
25.65, 3625460
26.49, 3554165
27.36, 3483506
28.18, 3413305
29.04, 3346262
29.87, 3279426
30.70, 3214500
31.50, 3150498
32.30, 3087456
33.09, 3025178
33.87, 2968744
34.69, 2916921
35.53, 2865395
36.39, 2816146
37.21, 2768375
38.24, 2720651
39.28, 2670028
40.28, 2623986
41.40, 2576685
42.25, 2532225
43.15, 2488200
44.03, 2443992
44.87, 2401993
45.70, 2359153
46.54, 2320908
47.39, 2282707
48.27, 2245702
49.09, 2209006
49.89, 2172809
50.79, 2139128
51.59, 2105152
52.40, 2071551
53.23, 2038816
54.18, 2009087
55.03, 1980067
55.88, 1946711
56.80, 1917502
57.61, 1888808
58.42, 1856586
59.22, 1828860
60.01, 1801876
60.84, 1774567
61.73, 1747766
62.71, 1721161
63.66, 1695874
64.48, 1670949
65.28, 1645706
66.23, 1622454
67.25, 1600323
68.17, 1578173
69.20, 1556561
70.17, 1536153
71.28, 1514304
72.19, 1494599
73.14, 1475661
74.06, 1460280
74.89, 1445012
75.72, 1429084
76.54, 1413967
77.39, 1398914
78.18, 1384309
79.01, 1369778
79.92, 1356821
80.76, 1337576
81.66, 1324849
82.58, 1311644
83.45, 1298728
84.39, 1286563
85.23, 1274882
86.05, 1263307
86.90, 1251828
87.78, 1241420
88.70, 1231020
89.62, 1220670
90.47, 1210429
91.27, 1200376
92.21, 1186948
93.02, 1177001
93.88, 1165764
94.67, 1155907
95.46, 1144885
96.25, 1135468
97.04, 1126090
97.88, 1117122
98.67, 1107751
99.49, 1098807
100.27, 1090219
101.07, 1081551
101.90, 1072710
102.93, 1063017
103.92, 1054126
104.85, 1045588
105.82, 1038133
106.87, 1030641
107.89, 1023515
108.90, 1016427
109.71, 1009390
110.50, 1002664
111.49, 996499
112.36, 990371
113.19, 983900
114.06, 977811
115.02, 970786
116.05, 964812
116.85, 959029
117.79, 953310
118.60, 947724
119.51, 942235
120.36, 936791
121.15, 931349
121.96, 925962
122.75, 920588
123.67, 915411
124.63, 910259
125.54, 905151
126.44, 900077
127.32, 895051
128.15, 890119
128.96, 885350
129.81, 880632
130.74, 876060
131.62, 871489
132.56, 867186
133.38, 862732
134.24, 858954
135.23, 855229
136.03, 851401
136.86, 847380
137.66, 842216
138.48, 838495
139.38, 834774
140.22, 830395
141.08, 826768
141.94, 823146
142.74, 819653
143.55, 815995
144.35, 812613
145.19, 809280
146.05, 806017
146.91, 802895
147.84, 799876
148.76, 796768
149.71, 793809
150.72, 790486
151.60, 787542
152.54, 784643
153.47, 781748
154.31, 778608
155.22, 775737
156.10, 773148
157.07, 770594
158.03, 768083
158.94, 765575
159.82, 763398
160.84, 761358
161.67, 759330
162.53, 757356
163.32, 755075
164.13, 752836
165.01, 749509
166.12, 747475
167.07, 745502
167.90, 743595
168.82, 741722
169.77, 739854
170.64, 737994
171.59, 735583
172.45, 732393
173.43, 730559
174.29, 728801
175.28, 727195
176.19, 725312
177.06, 723885
177.86, 722554
178.65, 721410
179.50, 720283
180.41, 719197
181.39, 718163
182.31, 717181
183.27, 716267
184.18, 715358
185.07, 714493
185.90, 713669
186.71, 712849
187.60, 712055
188.54, 711267
189.51, 710322
190.47, 709542
191.65, 708786
192.73, 706818
193.67, 705976
194.58, 705237
195.63, 704511
196.61, 703764
197.51, 703053
198.37, 700622
199.24, 699336
200.19, 698505
201.17, 697802
202.04, 697109
203.00, 696460
203.89, 695847
204.79, 695245
205.60, 694664
206.43, 694096
207.28, 693553
208.18, 692796
209.08, 692270
210.19, 691813
211.25, 691386
212.17, 690967
213.08, 690568
214.09, 690168
214.99, 688979
215.86, 688600
216.72, 688232
217.60, 687865
218.56, 687509
219.43, 686683
220.30, 686336
221.18, 686040
222.08, 685765
223.05, 685535
224.03, 685298
224.95, 685075
225.81, 684517
226.69, 684049
227.61, 683827
228.59, 683610
229.50, 683434
230.39, 683274
231.27, 683031
232.18, 682782
233.16, 682666
234.11, 682588
234.94, 682523
235.80, 682465
236.61, 682408
237.56, 682349
238.38, 682300
239.19, 682272
240.89, 7065037
241.70, 6886232
242.62, 6714912
243.43, 6561619
244.22, 6412559
245.02, 6267239
245.82, 6122083
246.61, 5980585
247.53, 5840231
248.44, 5701185
249.30, 5571501
250.27, 5456052
251.17, 5335677
252.17, 5222613
253.00, 5111801
253.91, 5008086
254.78, 4898154
255.77, 4804459
256.66, 4711172
257.50, 4608005
258.33, 4513189
259.13, 4422321
259.94, 4333316
260.73, 4247327
261.69, 4162804
262.67, 4082143
263.64, 4010748
264.65, 3940982
265.58, 3872142
266.54, 3805710
267.41, 3736088
268.23, 3669925
269.07, 3607626
270.04, 3546689
270.98, 3485007
271.79, 3424655
272.81, 3364415
273.74, 3305000
274.62, 3247121
275.59, 3190034
276.50, 3135167
277.42, 3080744
278.36, 3029305
279.30, 2977934
280.31, 2922841
281.22, 2873121
282.03, 2826698
282.83, 2780305
283.64, 2733120
284.43, 2688610
285.21, 2642881
286.00, 2599050
286.79, 2554610
287.59, 2509508
288.56, 2466906
289.47, 2423548
290.46, 2383424
291.78, 2342907
292.88, 2302643
293.98, 2264169
294.93, 2226903
295.75, 2189804
296.70, 2152785
297.63, 2116819
298.75, 2082332
299.75, 2047425
300.85, 2013517
