1.19, 6945311
2.18, 6746620
3.14, 6574840
4.12, 6404420
5.04, 6258408
5.93, 6113456
6.79, 5970170
7.76, 5832167
8.81, 5694302
9.76, 5562191
10.70, 5436910
11.60, 5282963
12.50, 5160471
13.36, 5037915
14.32, 4905708
15.22, 4788551
16.10, 4679935
16.99, 4569093
17.87, 4462772
18.76, 4358229
19.56, 4251466
20.43, 4154786
21.35, 4060771
22.21, 3955500
23.16, 3864621
24.06, 3784310
24.97, 3699461
25.90, 3616120
26.79, 3539232
27.64, 3469199
28.57, 3400885
29.72, 3332254
30.74, 3265795
31.58, 3200666
32.45, 3137932
33.35, 3078248
34.21, 3019637
35.20, 2966495
36.19, 2915821
37.21, 2865699
38.23, 2819810
39.15, 2775521
40.06, 2723376
40.92, 2679405
41.78, 2635978
42.71, 2592231
43.68, 2548849
44.65, 2507731
45.62, 2468429
46.56, 2429907
47.45, 2391948
48.52, 2354626
49.49, 2315857
50.32, 2278867
51.16, 2241319
51.98, 2204929
52.81, 2169520
53.61, 2134933
54.39, 2100074
55.23, 2065503
56.06, 2031469
57.01, 1997494
57.96, 1965972
58.93, 1935291
59.97, 1900801
61.03, 1867070
61.89, 1835586
62.77, 1806498
63.65, 1777675
64.62, 1750334
65.58, 1723875
66.45, 1698379
67.44, 1673164
68.42, 1649262
69.32, 1628185
70.24, 1608417
71.25, 1589979
72.22, 1572113
73.12, 1554591
73.95, 1537212
74.80, 1518423
75.63, 1501105
76.46, 1483318
77.29, 1466570
78.11, 1450265
79.05, 1435316
80.02, 1420251
80.92, 1399994
81.75, 1385633
82.59, 1371204
83.41, 1357169
84.22, 1342706
85.10, 1328803
85.99, 1315480
86.89, 1301696
87.80, 1288235
88.67, 1275225
89.60, 1262012
90.49, 1249157
91.30, 1236800
92.12, 1224034
92.93, 1212517
93.74, 1201046
94.56, 1190011
95.43, 1179048
96.27, 1168206
97.10, 1157466
97.96, 1147799
98.78, 1138377
99.60, 1129073
100.41, 1119491
101.23, 1110529
102.05, 1101800
102.86, 1090866
103.74, 1082634
104.56, 1073818
105.42, 1064136
106.25, 1055696
107.13, 1047618
107.98, 1039560
108.93, 1031672
109.94, 1023959
110.78, 1016440
111.61, 1008879
112.48, 1002328
113.38, 993073
114.37, 986610
115.35, 980219
116.39, 973610
117.37, 963889
118.40, 957552
119.40, 951347
120.51, 945169
121.77, 934457
122.94, 928368
123.99, 923343
124.95, 918363
125.93, 912821
126.81, 907876
127.64, 902461
128.73, 897700
129.69, 892187
130.66, 887801
131.58, 883500
132.50, 878071
133.54, 873809
134.63, 869768
135.66, 865789
136.59, 861836
137.61, 857352
138.69, 853298
139.70, 849283
140.71, 845377
141.59, 841538
142.62, 837877
143.53, 834373
144.43, 830892
145.34, 827948
146.19, 825007
147.06, 818483
148.01, 815013
148.92, 812088
149.81, 809201
150.72, 806551
151.61, 803786
152.55, 801149
153.50, 798319
154.43, 795701
155.33, 793112
156.20, 790595
157.08, 788110
157.94, 785631
158.92, 782911
159.82, 780603
160.63, 778355
161.46, 776146
162.35, 774009
163.38, 771988
164.31, 769248
165.22, 767148
166.11, 765136
167.01, 762962
167.97, 760621
168.93, 758681
169.86, 756827
170.81, 754939
171.70, 753137
172.54, 750405
173.39, 748639
174.31, 746931
175.19, 745240
176.07, 743562
176.92, 742193
177.82, 740884
178.64, 739418
179.45, 738185
180.37, 735889
181.27, 734703
182.15, 733537
183.15, 732420
184.09, 730668
184.96, 729563
185.85, 728462
186.68, 726915
187.54, 725975
188.42, 725043
189.31, 724160
190.18, 723323
191.05, 722529
191.89, 721753
192.80, 720990
193.82, 720232
194.78, 719477
195.67, 718852
196.52, 718249
197.42, 717646
198.31, 716084
199.23, 715488
200.15, 714928
201.08, 714303
202.00, 713755
202.93, 713229
203.88, 712711
204.91, 711204
205.90, 710696
206.78, 710213
207.64, 709748
208.62, 709335
209.55, 708933
210.43, 708538
211.36, 707952
212.40, 707557
213.31, 707177
214.22, 706839
215.24, 706405
216.25, 706118
217.37, 705839
218.43, 705564
219.28, 705336
220.09, 704827
220.93, 704614
221.74, 704457
222.75, 703814
223.58, 703685
224.38, 703565
225.19, 703399
226.06, 703298
226.99, 702684
227.99, 702585
229.09, 702523
230.00, 702465
230.85, 702407
231.74, 702349
232.59, 701678
233.50, 701650
234.42, 701628
236.27, 6690981
237.10, 6541714
237.98, 6393431
238.88, 6247255
239.73, 6104843
240.57, 5964499
241.50, 5827500
242.44, 5688167
243.31, 5552777
244.18, 5424859
245.00, 5305455
245.91, 5189028
246.98, 5075688
248.04, 4967489
248.99, 4862280
249.81, 4763265
250.86, 4667065
251.79, 4571697
252.90, 4480264
253.78, 4385693
254.66, 4291636
255.59, 4203717
256.60, 4113377
257.55, 4028568
258.52, 3943541
259.35, 3863070
260.31, 3785582
261.33, 3714001
262.51, 3630742
263.50, 3561611
264.48, 3487545
265.37, 3418341
266.32, 3351937
267.23, 3289732
268.12, 3220124
268.99, 3162209
269.89, 3103391
270.75, 3036080
271.60, 2981760
272.55, 2927895
273.48, 2875015
274.53, 2824351
275.50, 2758443
276.48, 2708435
277.39, 2660691
278.27, 2613226
279.13, 2568428
279.99, 2523734
280.90, 2482540
281.74, 2441994
282.64, 2403935
283.54, 2366094
284.40, 2328565
285.27, 2292152
286.14, 2257073
286.99, 2222315
287.85, 2187583
288.82, 2153084
289.78, 2118755
290.70, 2084991
291.50, 2051465
292.35, 2018501
293.31, 1985877
294.16, 1953422
295.03, 1921936
295.82, 1889855
296.63, 1859792
297.44, 1828481
298.26, 1800143
299.07, 1773267
299.87, 1746372
300.68, 1719825
