0.00, 7163648
0.00, 7160811
0.01, 7137399
0.01, 7129678
0.01, 7119232
0.01, 7112897
0.01, 7109707
0.01, 7099933
0.01, 7073094
0.01, 7064157
0.01, 6966761
0.01, 6957278
0.01, 6940532
0.01, 6913982
0.01, 6911094
0.01, 6901264
0.06, 6891938
0.06, 6891491
0.06, 6859675
0.06, 6829098
0.06, 6828897
0.06, 6813777
0.06, 6811215
0.06, 6714688
0.06, 6712265
0.06, 6710557
0.06, 6709271
0.06, 6696752
0.11, 6635596
0.11, 6626162
0.11, 6623413
0.11, 6619114
0.11, 6618045
0.11, 6617360
0.11, 6614827
0.11, 6596496
0.11, 6594838
0.11, 6591194
0.11, 6561170
0.11, 6558402
0.11, 6538256
0.13, 6524056
0.13, 6522616
0.13, 6514133
0.13, 6481000
0.13, 6473430
0.13, 6472176
0.13, 6453345
0.13, 6449963
0.19, 6434333
0.20, 6415204
0.56, 6413821
0.56, 6413809
0.56, 6380418
0.56, 6377675
0.56, 6300365
0.56, 6286361
0.56, 6283850
0.56, 6283528
0.56, 6255431
0.56, 6254493
0.56, 6200232
0.56, 6197125
0.56, 6178978
0.56, 6151745
0.58, 6115359
0.58, 6009041
0.58, 6003422
0.58, 5999979
0.58, 5999683
0.58, 5991845
0.58, 5981212
0.59, 5979548
0.59, 5967502
0.59, 5946982
0.59, 5840238
0.59, 5834211
0.59, 5831192
0.59, 5829075
0.59, 5806412
0.59, 5800000
0.59, 5793915
0.66, 5750737
0.66, 5686293
0.66, 5665521
0.66, 5658656
0.66, 5637198
0.66, 5619665
0.66, 5599401
0.67, 5597238
0.67, 5582440
0.67, 5581894
0.67, 5579632
0.67, 5505112
0.67, 5500996
0.67, 5491346
0.67, 5477615
0.68, 5459868
0.68, 5446492
0.68, 5440386
0.68, 5429946
0.68, 5429908
0.68, 5421681
0.68, 5417270
0.68, 5413822
0.68, 5387308
0.68, 5364657
0.69, 5361097
0.69, 5354773
0.69, 5338313
0.69, 5331060
0.69, 5303524
0.69, 5301738
0.69, 5300397
0.69, 5298228
0.69, 5270060
0.69, 5257494
0.69, 5249816
0.69, 5246564
0.69, 5245313
0.69, 5214946
0.69, 5212070
0.69, 5211731
0.69, 5206821
0.69, 5190724
0.69, 5061214
0.69, 5055525
0.69, 5053083
0.69, 5051074
0.69, 5047338
0.69, 5045383
0.70, 5032021
0.70, 5016668
0.70, 5011581
0.70, 5001938
0.70, 4967927
0.70, 4962280
0.70, 4955325
0.70, 4946081
0.70, 4936864
0.70, 4932600
0.70, 4926338
0.70, 4925491
0.70, 4913121
0.70, 4912327
0.70, 4908891
0.70, 4904216
0.70, 4886299
0.70, 4884244
0.70, 4879566
0.70, 4853628
0.70, 4845663
0.70, 4819221
0.70, 4804077
0.70, 4797595
0.70, 4729618
0.70, 4708317
0.70, 4661756
0.70, 4656983
0.70, 4656219
0.70, 4633277
0.70, 4607466
0.71, 4584133
0.71, 4581639
0.71, 4539411
0.71, 4529923
0.71, 4529167
0.71, 4524823
0.71, 4523701
0.71, 4508155
0.72, 4505746
0.72, 4495012
0.72, 4492232
0.72, 4482733
0.72, 4480653
0.72, 4460185
0.72, 4406451
0.72, 4397471
0.72, 4370801
0.72, 4369850
0.72, 4352657
0.72, 4340092
0.72, 4338611
0.72, 4333915
0.72, 4324621
0.72, 4319834
0.72, 4289703
0.72, 4284620
0.72, 4271391
0.72, 4270744
0.73, 4247062
0.73, 4246121
0.73, 4242756
0.73, 4241298
0.73, 4239552
0.73, 4239455
0.73, 4222675
0.73, 4216365
0.73, 4213985
0.73, 4175463
0.73, 4164215
0.73, 4157581
0.73, 4153290
0.73, 4127973
0.73, 4115253
0.73, 4114578
0.73, 4114271
0.73, 4112358
0.73, 4083512
0.73, 4080449
0.73, 4080239
0.73, 4072449
0.73, 4068710
0.73, 4065454
0.73, 4059061
0.73, 4048883
0.73, 3993284
0.74, 3984854
0.74, 3982339
0.74, 3970747
0.74, 3956521
0.74, 3941035
0.74, 3940192
0.74, 3935665
0.74, 3913448
0.74, 3891079
0.74, 3876624
0.74, 3876483
0.74, 3871186
0.74, 3870966
0.74, 3862153
0.74, 3858799
0.74, 3854345
0.74, 3851944
0.74, 3843582
0.74, 3837257
0.74, 3835288
0.74, 3818799
0.75, 3789504
0.75, 3784244
0.75, 3770993
0.75, 3769707
0.75, 3769178
0.75, 3763065
0.75, 3760863
0.75, 3759535
0.75, 3758787
0.75, 3750731
0.75, 3748693
0.76, 3744760
0.76, 3741097
0.76, 3736241
0.76, 3732383
0.76, 3726884
0.76, 3724663
0.76, 3718888
0.76, 3716461
0.76, 3712499
0.76, 3710143
0.76, 3695028
0.76, 3692196
0.76, 3667663
0.76, 3666515
0.76, 3657231
0.76, 3647294
0.76, 3641647
0.76, 3605612
0.76, 3602779
0.76, 3598578
0.76, 3597070
0.76, 3589979
0.76, 3584679
0.76, 3563718
0.76, 3556472
0.76, 3554155
0.77, 3548665
0.77, 3537404
0.77, 3491963
0.77, 3481208
0.77, 3470278
0.77, 3462953
0.77, 3453556
0.77, 3446965
0.77, 3444042
0.77, 3443417
0.77, 3429909
0.77, 3426140
0.77, 3420468
0.77, 3355318
0.77, 3332478
0.77, 3286962
0.77, 3284859
0.77, 3284007
0.78, 3270517
0.78, 3266989
0.78, 3260566
0.78, 3257698
0.78, 3250885
0.78, 3246536
0.78, 3246296
0.78, 3241977
0.78, 3228553
0.78, 3228420
0.78, 3217208
0.78, 3188413
0.78, 3187764
0.78, 3187758
0.78, 3179983
0.78, 3153944
0.78, 3134423
0.78, 3129678
0.78, 3127146
0.78, 3125703
0.78, 3124605
0.78, 3122526
0.79, 3120982
0.79, 3107818
0.79, 3084783
0.79, 3084209
0.79, 3082728
0.79, 3070583
0.79, 3056350
0.79, 3054443
0.79, 3052621
0.79, 3052252
0.79, 3051777
0.79, 3049819
0.79, 3041686
0.80, 3041025
0.80, 3038626
0.80, 3037145
0.80, 3026464
0.80, 3025338
0.80, 3013773
0.80, 3013451
0.80, 3011613
0.80, 2994181
0.80, 2992333
0.80, 2989240
0.80, 2979551
0.80, 2979447
0.80, 2958206
0.80, 2955889
0.80, 2952892
0.80, 2952328
0.80, 2951676
0.80, 2951364
0.80, 2949335
0.80, 2948556
0.80, 2932329
0.80, 2932302
0.80, 2930289
0.80, 2927423
0.80, 2926948
0.80, 2920224
0.81, 2896008
0.81, 2892716
0.81, 2891068
0.81, 2886554
0.81, 2882598
0.81, 2879775
0.81, 2871363
0.82, 2870644
0.82, 2863965
0.82, 2850677
0.82, 2841319
0.82, 2828553
0.82, 2825368
0.82, 2822537
0.82, 2821561
0.82, 2794647
0.82, 2792824
0.82, 2788680
0.82, 2784717
0.82, 2781322
0.82, 2778423
0.82, 2772573
0.82, 2761553
0.82, 2760237
0.82, 2759028
0.82, 2755140
0.82, 2753107
0.82, 2750541
0.82, 2749903
0.82, 2742810
0.82, 2735511
0.82, 2728179
0.82, 2725865
0.82, 2725155
0.82, 2714609
0.82, 2696189
0.83, 2693253
0.83, 2692081
0.83, 2687856
0.83, 2687771
0.83, 2687698
0.83, 2665077
0.83, 2664887
0.83, 2661599
0.83, 2659542
0.83, 2659293
0.83, 2656788
0.83, 2649738
0.83, 2646119
0.83, 2644891
0.83, 2640393
0.84, 2629664
0.84, 2628095
0.84, 2626739
0.84, 2625711
0.84, 2620618
0.84, 2611705
0.84, 2609389
0.84, 2608597
0.84, 2573636
0.84, 2565850
0.84, 2558584
0.84, 2558229
0.84, 2556440
0.84, 2555020
0.84, 2549377
0.84, 2543496
0.84, 2542287
0.84, 2540807
0.84, 2540206
0.84, 2538450
0.84, 2535303
0.84, 2535201
0.84, 2525177
0.84, 2519998
0.84, 2515601
0.84, 2514976
0.84, 2513208
0.84, 2507769
0.85, 2502732
0.85, 2502686
0.85, 2502078
0.85, 2498415
0.85, 2496951
0.85, 2488771
0.85, 2487429
0.85, 2487275
0.85, 2480572
0.85, 2478048
0.85, 2472664
0.85, 2471104
0.85, 2469392
0.85, 2467449
0.85, 2465239
0.85, 2457013
0.85, 2454877
0.85, 2441893
0.85, 2441630
0.85, 2438707
0.86, 2436704
0.86, 2436269
0.86, 2430663
0.86, 2429583
0.86, 2426845
0.86, 2420473
0.86, 2412929
0.86, 2399019
0.86, 2398883
0.86, 2396649
0.86, 2394881
0.86, 2372777
0.86, 2362345
0.86, 2348243
0.86, 2338703
0.86, 2331770
0.86, 2329400
0.86, 2329209
0.86, 2326940
0.86, 2294419
0.86, 2232824
0.86, 2229880
0.86, 2228708
0.86, 2228683
0.86, 2227731
0.86, 2222168
0.86, 2218095
0.86, 2216578
0.87, 2210417
0.87, 2209814
0.87, 2209652
0.87, 2201157
0.87, 2197866
0.87, 2195968
0.87, 2192365
0.87, 2161893
0.87, 2160572
0.87, 2157983
0.87, 2156618
0.87, 2151066
0.87, 2150695
0.87, 2150348
0.87, 2149707
0.87, 2131748
0.87, 2129828
0.87, 2120272
0.87, 2116442
0.88, 2115263
0.88, 2101537
0.88, 2101522
0.88, 2100727
0.88, 2081717
0.88, 2066668
0.88, 2062958
0.88, 2059349
0.88, 2054632
0.88, 2053959
0.88, 2051868
0.88, 2051063
0.88, 2051045
0.88, 2045777
0.88, 2044914
0.88, 2043358
0.88, 2040204
0.88, 2031284
0.88, 2024355
0.88, 2013060
0.88, 2010568
0.88, 2009915
0.88, 2006148
0.88, 2005622
0.88, 2003760
0.88, 2002398
0.88, 2001525
0.88, 1997316
0.89, 1996772
0.89, 1990920
0.89, 1989897
0.89, 1985005
0.89, 1979638
0.89, 1974932
0.89, 1974457
0.89, 1967495
0.89, 1964765
0.89, 1962394
0.89, 1961678
0.89, 1958449
0.89, 1955760
0.89, 1951532
0.90, 1924789
0.90, 1921178
0.90, 1920197
0.90, 1917697
0.90, 1908969
0.90, 1908892
0.90, 1903629
0.90, 1881302
0.90, 1878674
0.90, 1873235
0.90, 1872102
0.90, 1869608
0.90, 1869471
0.90, 1869190
0.90, 1868066
0.90, 1868057
0.90, 1867406
0.91, 1866202
0.91, 1865656
0.91, 1865038
0.91, 1864738
0.91, 1861544
0.91, 1860168
0.91, 1858959
0.91, 1856524
0.91, 1856336
0.91, 1853537
0.92, 1852296
0.92, 1848263
0.92, 1847677
0.92, 1845762
0.92, 1844321
0.92, 1844229
0.92, 1843449
0.92, 1842758
0.92, 1834957
0.92, 1832357
0.92, 1832145
0.92, 1830831
0.92, 1830542
0.92, 1829780
0.93, 1828642
0.93, 1827906
0.93, 1819859
0.93, 1809081
0.93, 1807743
0.93, 1806822
0.93, 1806308
0.93, 1804106
0.93, 1792614
0.93, 1792196
0.93, 1790150
0.93, 1786490
0.93, 1785036
0.93, 1782885
0.93, 1781969
0.93, 1781548
0.94, 1766613
0.94, 1764157
0.94, 1764017
0.94, 1762887
0.94, 1762494
0.94, 1760481
0.94, 1759414
0.94, 1758039
0.94, 1754078
0.94, 1754042
0.94, 1753285
0.94, 1751437
0.95, 1751253
0.95, 1746533
0.95, 1742909
0.95, 1737715
0.96, 1737177
0.96, 1735401
0.96, 1727960
0.96, 1724783
0.96, 1721579
0.96, 1718574
0.96, 1717664
0.96, 1711372
0.96, 1703816
0.96, 1683134
0.96, 1680603
0.97, 1679000
0.97, 1675606
0.97, 1673211
0.97, 1672129
0.97, 1670809
0.97, 1670094
0.97, 1666538
0.97, 1664523
0.97, 1664338
0.97, 1662909
0.97, 1649116
0.97, 1648204
0.97, 1647344
0.97, 1641016
0.98, 1617657
0.98, 1617425
0.98, 1616318
0.98, 1615757
0.98, 1615243
0.98, 1614790
0.98, 1613818
0.98, 1612839
0.98, 1609966
0.98, 1605749
0.98, 1604005
0.98, 1603600
0.98, 1602812
0.99, 1592302
0.99, 1588837
0.99, 1587818
0.99, 1577977
0.99, 1577839
0.99, 1576820
0.99, 1576772
0.99, 1574091
0.99, 1573131
0.99, 1570934
0.99, 1553774
0.99, 1552871
1.00, 1543118
1.00, 1542331
1.00, 1541906
1.00, 1541852
1.00, 1538609
1.00, 1538093
1.00, 1533893
1.00, 1501114
1.00, 1500359
1.01, 1494307
1.01, 1490544
1.01, 1489550
1.01, 1487193
1.01, 1486378
1.01, 1486080
1.01, 1485568
1.02, 1484013
1.02, 1483323
1.02, 1481815
1.02, 1480650
1.02, 1479507
1.02, 1476825
1.02, 1476028
1.02, 1475258
1.03, 1473504
1.03, 1472732
1.03, 1472607
1.03, 1472471
1.03, 1472286
1.03, 1471335
1.04, 1470697
1.04, 1469981
1.04, 1466356
1.04, 1466337
1.04, 1464549
1.04, 1464070
1.04, 1461095
1.05, 1460799
1.05, 1441216
1.05, 1440204
1.05, 1440053
1.05, 1439010
1.05, 1437193
1.05, 1436708
1.05, 1433695
1.05, 1432558
1.05, 1415091
1.06, 1413767
1.06, 1411416
1.06, 1405532
1.06, 1404773
1.06, 1404656
1.07, 1404316
1.07, 1397680
1.07, 1396508
1.07, 1395947
1.07, 1394224
1.07, 1389822
1.07, 1388976
1.07, 1387542
1.07, 1387331
1.08, 1386958
1.09, 1386325
1.09, 1386312
1.09, 1382119
1.09, 1381766
1.09, 1381073
1.10, 1364138
1.10, 1362856
1.10, 1362786
1.10, 1362740
1.10, 1362213
1.10, 1361734
1.11, 1358030
1.11, 1352131
1.11, 1350687
1.11, 1350659
1.11, 1347103
1.12, 1347091
1.12, 1343882
1.12, 1338756
1.12, 1337849
1.12, 1329539
1.12, 1323882
1.13, 1323763
1.13, 1322434
1.13, 1298809
1.13, 1297140
1.13, 1296662
1.13, 1296478
1.14, 1296313
1.14, 1294739
1.16, 1283100
1.16, 1280690
1.16, 1271253
1.16, 1268890
1.17, 1268664
1.17, 1267742
1.17, 1267554
1.17, 1264981
1.18, 1263593
1.18, 1263327
1.18, 1262463
1.19, 1260921
1.19, 1257467
1.19, 1257073
1.19, 1256953
1.20, 1256261
1.20, 1255330
1.20, 1255315
1.20, 1255055
1.20, 1254942
1.20, 1254846
1.21, 1254662
1.21, 1242067
1.21, 1241912
1.21, 1240611
1.21, 1240588
1.21, 1239542
1.22, 1239435
1.22, 1238973
1.22, 1238544
1.22, 1236752
1.23, 1236738
1.23, 1234592
1.23, 1234147
1.24, 1233443
1.24, 1233143
1.24, 1232112
1.24, 1212578
1.24, 1211819
1.25, 1210893
1.25, 1210217
1.25, 1209525
1.25, 1208444
1.25, 1201041
1.25, 1200824
1.26, 1200802
1.26, 1196634
1.26, 1196402
1.26, 1195566
1.26, 1195474
1.26, 1193973
1.26, 1192670
1.27, 1190433
1.27, 1188748
1.27, 1188713
1.27, 1187399
1.27, 1187194
1.27, 1186954
1.28, 1186101
1.28, 1183089
1.29, 1181374
1.29, 1167709
1.29, 1165972
1.29, 1163101
1.29, 1160483
1.30, 1154749
1.30, 1152403
1.30, 1151944
1.31, 1151864
1.32, 1151797
1.32, 1151737
1.32, 1150690
1.32, 1149549
1.33, 1149061
1.33, 1147172
1.33, 1146485
1.33, 1141856
1.33, 1140873
1.33, 1140431
1.33, 1139690
1.34, 1139001
1.35, 1137823
1.35, 1133931
1.35, 1128404
1.35, 1125336
1.36, 1124393
1.36, 1122828
1.36, 1122162
1.36, 1121368
1.37, 1119757
1.37, 1118730
1.37, 1117302
1.37, 1109198
1.37, 1108497
1.37, 1104512
1.38, 1104439
1.38, 1104013
1.38, 1103894
1.38, 1103676
1.38, 1103662
1.39, 1103494
1.40, 1102935
1.40, 1100041
1.41, 1099186
1.41, 1098207
1.41, 1097884
1.41, 1096091
1.41, 1095894
1.42, 1094041
1.42, 1088557
1.42, 1087658
1.42, 1086596
1.43, 1086056
1.43, 1086034
1.43, 1085379
1.43, 1083352
1.44, 1048101
1.44, 1048070
1.44, 1047893
1.45, 1047476
1.45, 1047166
1.46, 1046944
1.46, 1046879
1.46, 1044965
1.47, 1044945
1.48, 1044814
1.48, 1044507
1.49, 1024054
1.49, 1022927
1.49, 1015631
1.49, 1014469
1.50, 1008463
1.50, 1006671
1.50, 1004523
1.51, 1004128
1.53, 1000642
1.53, 999443
1.53, 996056
1.53, 995783
1.54, 995400
1.54, 995070
1.55, 994277
1.56, 993060
1.56, 990213
1.56, 990154
1.56, 989689
1.57, 988662
1.57, 982728
1.57, 982348
1.57, 981727
1.57, 981037
1.57, 980225
1.57, 979947
1.58, 978633
1.58, 978625
1.59, 976709
1.59, 976683
1.59, 975869
1.60, 975168
1.60, 974706
1.60, 967152
1.60, 966013
1.60, 962643
1.61, 960776
1.61, 958148
1.62, 957905
1.62, 957612
1.64, 957500
1.65, 957420
1.65, 937955
1.66, 937863
1.66, 937580
1.67, 934785
1.67, 931052
1.68, 930672
1.69, 930397
1.69, 929354
1.69, 927847
1.70, 926455
1.70, 925712
1.71, 925000
1.71, 923464
1.71, 922003
1.71, 921807
1.72, 914152
1.73, 913941
1.73, 913898
1.74, 913761
1.74, 913090
1.74, 912694
1.74, 912585
1.75, 912212
1.75, 910126
1.75, 908884
1.76, 904397
1.76, 904221
1.77, 900764
1.77, 899441
1.77, 898841
1.78, 897928
1.78, 897449
1.78, 897125
1.79, 896733
1.79, 896713
1.79, 896110
1.80, 895862
1.80, 894959
1.81, 891670
1.82, 891653
1.82, 891166
1.84, 888123
1.85, 887520
1.88, 884948
1.89, 884179
1.89, 883495
1.90, 882474
1.90, 882018
1.90, 881600
1.90, 880572
1.91, 877495
1.91, 864517
1.92, 861553
1.92, 861494
1.95, 861116
1.96, 853019
1.96, 852140
1.97, 849936
1.98, 848321
1.98, 846534
2.02, 846526
2.02, 845202
2.03, 843547
2.03, 842712
2.04, 842604
2.04, 841010
2.05, 840691
2.05, 839768
2.06, 839604
2.09, 835170
2.12, 834348
2.13, 833056
2.15, 832634
2.16, 830652
2.20, 829712
2.25, 829423
2.26, 829041
2.28, 827714
2.31, 823402
2.33, 823138
2.33, 821182
2.35, 819452
2.37, 819282
2.40, 819208
2.45, 818427
2.45, 817083
2.46, 816744
2.48, 811594
2.49, 811452
2.51, 810853
2.52, 808398
2.57, 806931
2.64, 806437
2.66, 806140
2.67, 805811
2.68, 805627
2.71, 804752
2.72, 803788
2.73, 802803
2.74, 802298
2.75, 799810
2.78, 798869
2.78, 797973
2.81, 788819
2.82, 786393
2.85, 785221
2.89, 784271
2.89, 783227
8.49, 780632
8.49, 777961
8.57, 775813
8.60, 775104
8.62, 772411
8.65, 772397
8.67, 772033
8.68, 772000
8.70, 771744
8.75, 770870
8.76, 770421
8.77, 770124
8.78, 769960
8.78, 763409
