0.81, 6848341
1.60, 6687326
2.40, 6530245
3.20, 6377427
3.98, 6224629
4.82, 6075850
5.60, 5928866
6.41, 5792187
7.33, 5658144
8.20, 5523244
9.04, 5392005
9.84, 5239450
10.63, 5114371
11.41, 4996148
12.19, 4886920
12.96, 4781756
13.74, 4673575
14.54, 4577104
15.46, 4484399
16.25, 4392488
17.03, 4289849
17.81, 4200203
18.59, 4109962
19.37, 4025724
20.14, 3949614
20.93, 3872279
21.70, 3796249
22.51, 3725357
23.31, 3654684
24.11, 3585728
24.90, 3517696
25.72, 3447858
26.50, 3378484
27.29, 3315264
28.07, 3251999
28.83, 3188960
29.61, 3127748
30.40, 3071694
31.17, 3010966
31.95, 2955098
32.73, 2904641
33.51, 2854520
34.29, 2796659
35.06, 2746720
35.88, 2695076
36.67, 2647022
37.47, 2599982
38.25, 2553818
39.03, 2509001
39.82, 2465200
40.60, 2426102
41.38, 2388112
42.16, 2345618
42.97, 2307905
43.75, 2269429
44.51, 2232405
45.30, 2195786
46.08, 2160576
46.86, 2117949
47.64, 2082529
48.42, 2047376
49.20, 2013176
49.96, 1978257
50.75, 1941586
51.54, 1906041
52.31, 1869567
53.10, 1839126
53.88, 1807036
54.66, 1778627
55.54, 1752270
56.32, 1725418
57.11, 1699721
57.87, 1674052
58.65, 1648388
59.43, 1626361
60.20, 1605321
60.99, 1585149
61.80, 1562726
62.59, 1542793
63.39, 1524414
64.24, 1504736
65.03, 1487498
65.79, 1470275
66.61, 1454574
67.39, 1439165
68.18, 1424046
68.96, 1409136
69.76, 1394642
70.54, 1380228
71.35, 1363895
72.13, 1347953
72.92, 1334027
73.70, 1320699
74.48, 1307428
75.26, 1294308
76.04, 1281943
76.84, 1269731
77.62, 1255708
78.40, 1244588
79.18, 1233988
79.96, 1222015
80.74, 1211766
81.53, 1201739
82.34, 1191494
83.11, 1181653
83.88, 1172130
84.68, 1162037
85.47, 1152525
86.24, 1137948
87.02, 1128483
87.80, 1119627
88.58, 1110898
89.35, 1102310
90.13, 1093868
90.90, 1084454
91.68, 1075150
92.45, 1066739
93.23, 1058498
94.01, 1049978
94.79, 1042604
95.57, 1035263
96.35, 1028196
97.14, 1019487
97.94, 1012698
98.72, 1006058
99.50, 999766
100.28, 993547
101.05, 987576
101.94, 979379
102.72, 972946
103.51, 967190
104.28, 961239
105.08, 955496
105.87, 949776
106.65, 944175
107.44, 938735
108.23, 933445
109.00, 926199
109.77, 921327
110.58, 916588
111.36, 911937
112.13, 907326
112.92, 903007
113.70, 897783
114.47, 893822
115.28, 889659
116.07, 885778
116.85, 881899
117.62, 877200
118.40, 873376
119.18, 868489
119.95, 864796
120.73, 857765
121.50, 854079
122.28, 849823
123.08, 846159
123.85, 842436
124.62, 838937
125.39, 835649
126.17, 832387
126.94, 828395
127.72, 825182
128.53, 822071
129.32, 818963
130.12, 815190
130.90, 811727
131.68, 808838
132.45, 806011
133.23, 803210
134.02, 800562
134.78, 797693
135.56, 793666
136.34, 791027
137.12, 788412
137.89, 785826
138.68, 783284
139.45, 780742
140.28, 778295
141.07, 775860
141.88, 773559
142.65, 771750
143.43, 769947
144.22, 768159
145.00, 766448
145.78, 764748
146.55, 763120
147.33, 761495
148.11, 759939
148.89, 758387
149.68, 756868
150.53, 755033
151.54, 753552
152.40, 752111
153.24, 750710
154.05, 748550
154.83, 747151
155.63, 745830
156.42, 744168
157.19, 742856
158.01, 741565
158.80, 740285
159.61, 738941
160.40, 735400
161.17, 734137
161.94, 732900
162.72, 731390
163.50, 730179
164.28, 728349
165.06, 727148
165.86, 725971
166.64, 721494
167.41, 720331
168.20, 719176
168.97, 718059
169.74, 717094
170.52, 716168
171.30, 715277
172.07, 714329
172.84, 713473
173.62, 712691
174.40, 711919
175.18, 711152
175.97, 710405
176.74, 709663
177.51, 708927
178.31, 708184
179.08, 707457
179.87, 705324
180.66, 704624
181.44, 703945
182.21, 703324
182.99, 702574
183.80, 702025
184.57, 701530
185.34, 700349
186.12, 699403
186.91, 698998
187.69, 698594
188.50, 698205
189.29, 697904
190.22, 697616
191.00, 697334
191.78, 696956
192.55, 696707
193.33, 696003
194.12, 695775
194.91, 695266
195.74, 695049
196.51, 694858
197.29, 694510
198.07, 694348
198.84, 694176
199.61, 694019
200.45, 693710
201.38, 693588
202.38, 693475
203.28, 692680
204.14, 692204
205.01, 691635
205.90, 691506
206.77, 691442
207.72, 691382
208.57, 691363
210.18, 6869802
210.96, 6705497
211.74, 6557322
212.62, 6411764
213.60, 6268048
214.48, 6129686
215.29, 5992133
216.09, 5858793
216.87, 5726265
217.73, 5598028
218.60, 5471725
219.42, 5354071
220.25, 5236731
221.03, 5104543
221.81, 4987930
222.60, 4877604
223.42, 4767431
224.20, 4663916
224.97, 4562607
225.78, 4465157
226.59, 4377125
227.41, 4289452
228.19, 4204716
228.97, 4119737
229.75, 4037757
230.53, 3956560
231.30, 3877866
232.10, 3803584
232.91, 3729839
233.68, 3663356
234.49, 3593189
235.27, 3527881
236.05, 3467207
236.82, 3402817
237.59, 3342735
238.38, 3286015
239.21, 3229475
240.29, 3174778
241.22, 3120742
242.08, 3067062
242.90, 3013867
243.75, 2962044
244.61, 2910169
245.68, 2858851
246.59, 2809066
247.49, 2760467
248.35, 2712513
249.18, 2662851
250.02, 2613635
250.87, 2569279
251.70, 2524684
252.52, 2480776
253.36, 2436806
254.23, 2392909
255.07, 2351601
256.01, 2313209
257.18, 2274374
258.24, 2237048
259.24, 2199252
260.20, 2162250
261.19, 2124572
262.16, 2089088
263.07, 2052198
264.02, 2017043
265.01, 1981062
265.98, 1946197
266.88, 1913558
267.78, 1881828
268.68, 1850452
269.54, 1819265
270.45, 1788664
271.36, 1759945
272.29, 1732764
273.15, 1679940
274.05, 1653857
274.95, 1629115
275.79, 1602867
276.65, 1576211
277.48, 1551625
278.30, 1527055
279.16, 1503660
280.09, 1480840
280.98, 1460441
281.79, 1440647
282.67, 1420086
283.56, 1401003
284.41, 1382432
285.24, 1363871
286.05, 1347528
286.93, 1329538
287.74, 1313559
288.68, 1297910
289.52, 1280762
290.32, 1265983
291.23, 1251399
292.09, 1237199
293.01, 1222370
294.01, 1208189
294.91, 1195592
295.73, 1183875
296.54, 1172485
297.35, 1161102
298.20, 1150168
299.12, 1139403
300.08, 1128684
