0.88, 7001511
1.71, 6845890
2.50, 6696133
3.31, 6550565
4.10, 6405954
4.89, 6266106
5.71, 6126536
6.49, 5991398
7.29, 5853080
8.07, 5719431
8.86, 5594386
9.67, 5469912
10.60, 5350553
11.63, 5235170
12.51, 5121710
13.36, 5008366
14.24, 4895392
15.10, 4789621
15.91, 4687113
16.71, 4584886
17.51, 4488260
18.29, 4393564
19.10, 4300761
19.98, 4208851
20.91, 4121546
21.87, 4035099
22.74, 3953915
23.57, 3872400
24.39, 3804622
25.21, 3737456
26.01, 3668500
26.84, 3602332
27.70, 3536230
28.61, 3471988
29.43, 3406000
30.24, 3342579
31.03, 3280881
31.82, 3219878
32.64, 3163547
33.43, 3108548
34.21, 3054112
35.00, 3001059
35.79, 2949166
36.63, 2897949
37.43, 2848686
38.20, 2799482
39.00, 2752751
39.79, 2701390
40.56, 2652309
41.34, 2608684
42.12, 2561751
42.93, 2515717
43.71, 2472376
44.49, 2429315
45.30, 2386823
46.09, 2346067
46.90, 2303883
47.70, 2261696
48.47, 2222356
49.27, 2185895
50.07, 2150282
50.85, 2114797
51.64, 2079784
52.43, 2045990
53.23, 2012821
54.00, 1978644
54.79, 1945972
55.57, 1913986
56.35, 1883661
57.16, 1853609
57.93, 1823619
58.75, 1794689
59.55, 1766293
60.37, 1738302
61.15, 1708411
61.98, 1681455
62.75, 1654619
63.54, 1631686
64.33, 1609163
65.11, 1586967
65.91, 1564295
66.69, 1544175
67.50, 1524032
68.28, 1504693
69.06, 1486492
69.87, 1468677
70.65, 1451074
71.43, 1434043
72.22, 1416403
73.01, 1400396
73.81, 1385624
74.62, 1371376
75.43, 1357432
76.20, 1344760
77.10, 1332157
77.90, 1319622
78.67, 1307899
79.45, 1295144
80.26, 1280469
81.10, 1268926
81.88, 1257901
82.66, 1247481
83.45, 1233483
84.24, 1221644
85.03, 1211321
85.84, 1201051
86.64, 1189142
87.42, 1178901
88.21, 1168879
89.00, 1159888
89.80, 1151068
90.60, 1141535
91.45, 1131817
92.24, 1122077
93.05, 1113981
93.88, 1105933
94.68, 1098151
95.47, 1089818
96.26, 1082420
97.10, 1074699
97.91, 1067469
98.73, 1060252
99.55, 1053104
100.33, 1046097
101.13, 1037863
101.92, 1031304
102.69, 1024796
103.47, 1018372
104.25, 1012118
105.07, 1005929
105.84, 999718
106.62, 993603
107.40, 987558
108.22, 981579
109.01, 975845
109.82, 969880
110.62, 964154
111.39, 958535
112.19, 953025
112.97, 947529
113.74, 942423
114.53, 937428
115.31, 932443
116.09, 927504
116.88, 922603
117.68, 917907
118.47, 913336
119.30, 908966
120.12, 904755
120.96, 900606
121.74, 896524
122.54, 891807
123.33, 887769
124.10, 883807
124.89, 879613
125.70, 875989
126.59, 870709
127.39, 866681
128.20, 863122
129.02, 859583
129.84, 856078
130.63, 852629
131.41, 849206
132.20, 843718
132.97, 840356
133.81, 837131
134.67, 833906
135.50, 830845
136.31, 827514
137.16, 824487
137.95, 821543
138.74, 818659
139.53, 816002
140.32, 813376
141.11, 810797
141.89, 808220
142.68, 805655
143.51, 801648
144.29, 799127
145.08, 794874
145.87, 792510
146.71, 790169
147.51, 787781
148.35, 785227
149.18, 782955
149.99, 780706
150.79, 778506
151.58, 776311
152.38, 774189
153.15, 772067
153.96, 769827
154.75, 767709
155.53, 765616
156.31, 763566
157.09, 761558
157.87, 759687
158.64, 757928
159.44, 756176
160.29, 754368
161.18, 752618
162.17, 750903
162.99, 749257
163.80, 747661
164.59, 746159
165.39, 744775
166.18, 743398
167.00, 741600
167.79, 740256
168.58, 738917
169.40, 737634
170.25, 736363
171.19, 735095
172.08, 733841
172.87, 732445
173.66, 731192
174.44, 730075
175.29, 729143
176.10, 727682
176.89, 726615
177.68, 725180
178.49, 724192
179.29, 722869
180.11, 721571
180.90, 720431
181.69, 719462
182.52, 718544
183.39, 717632
184.18, 715612
184.98, 714513
185.78, 713635
186.63, 712792
187.45, 711927
188.23, 711129
189.03, 704603
189.83, 703819
190.61, 703074
191.41, 702342
192.20, 701673
192.99, 701014
193.77, 700403
194.55, 699889
195.34, 699380
196.11, 698888
196.89, 698466
197.68, 698061
198.47, 697714
199.27, 697401
200.05, 697088
200.83, 696788
201.61, 696498
202.38, 696209
203.16, 695851
203.93, 693982
204.70, 693213
205.48, 692931
206.27, 692656
207.05, 692390
207.84, 692130
208.62, 691902
209.41, 691705
210.22, 691543
211.00, 691377
211.79, 691248
212.56, 690831
213.34, 690803
214.13, 690783
214.91, 690780
216.48, 6637827
217.26, 6482592
218.04, 6331360
218.84, 6175934
219.64, 6034294
220.42, 5895735
221.23, 5761170
222.02, 5628195
222.82, 5499593
223.67, 5371776
224.46, 5249699
225.27, 5129518
226.05, 5016049
226.84, 4909787
227.63, 4809146
228.41, 4712472
229.25, 4608628
230.06, 4518229
230.88, 4430116
231.67, 4346800
232.44, 4262179
233.21, 4182733
234.01, 4109160
234.78, 4036601
235.72, 3963431
236.60, 3893716
237.42, 3822546
238.27, 3751996
239.11, 3687995
239.97, 3624534
240.76, 3564752
241.55, 3508525
242.35, 3452311
243.13, 3396627
243.94, 3342057
244.77, 3287571
245.58, 3230187
246.36, 3176260
247.14, 3122383
247.92, 3070091
248.69, 3019042
249.48, 2968046
250.35, 2917480
251.14, 2867944
251.93, 2819459
252.72, 2771137
253.52, 2727422
254.30, 2680304
255.10, 2633901
255.89, 2590226
256.67, 2546565
257.45, 2502974
258.23, 2459534
259.03, 2416254
259.86, 2373300
260.66, 2330165
261.44, 2290646
262.22, 2252352
262.99, 2216262
263.76, 2180052
264.56, 2143096
265.34, 2107391
266.13, 2071552
266.93, 2036877
267.71, 2002551
268.50, 1967124
269.29, 1934151
270.10, 1901065
270.88, 1870243
271.67, 1840956
272.49, 1812551
273.27, 1784073
274.07, 1756350
274.86, 1728341
275.65, 1702647
276.48, 1678550
277.28, 1654809
278.07, 1632118
278.87, 1609983
279.68, 1589076
280.47, 1568741
281.25, 1548891
282.03, 1529661
282.81, 1511050
283.59, 1492831
284.37, 1476091
285.20, 1458082
285.99, 1441497
286.77, 1425259
287.55, 1409882
288.36, 1393886
289.15, 1378670
290.00, 1364545
290.87, 1350802
291.64, 1335617
292.45, 1322195
293.23, 1309236
294.01, 1296479
294.79, 1283025
295.57, 1270537
296.35, 1258432
297.14, 1246408
297.93, 1235138
298.75, 1224114
299.55, 1213612
300.36, 1200050
