0.00, 6966969
0.00, 6964172
0.00, 6950000
0.02, 6949269
0.02, 6929827
0.02, 6916507
0.02, 6913883
0.02, 6910955
0.02, 6857529
0.02, 6830536
0.02, 6810428
0.04, 6801340
0.04, 6797936
0.04, 6791967
0.04, 6701628
0.04, 6607892
0.12, 6602835
0.12, 6595662
0.12, 6556515
0.12, 6509407
0.12, 6506002
0.13, 6505956
0.13, 6503955
0.13, 6495184
0.51, 6492435
0.51, 6492303
0.52, 6490335
0.52, 6489100
0.56, 6369513
0.56, 6366298
0.56, 6366009
0.56, 6346021
0.56, 6333869
0.56, 6295888
0.56, 6295733
0.57, 6274244
0.57, 6271309
0.57, 6251544
0.57, 6219367
0.61, 6215788
0.61, 6175809
0.61, 6136336
0.61, 6121472
0.62, 6112544
0.62, 6085801
0.62, 6063710
0.62, 6062409
0.62, 6060871
0.62, 6059901
0.62, 6058038
0.62, 6006620
0.62, 5999822
0.62, 5981789
0.62, 5980131
0.62, 5971733
0.62, 5966833
0.63, 5966158
0.63, 5964624
0.63, 5933970
0.63, 5933601
0.63, 5922789
0.63, 5920756
0.63, 5919269
0.63, 5907502
0.63, 5892120
0.63, 5875331
0.63, 5875131
0.63, 5828714
0.63, 5828492
0.63, 5822713
0.63, 5812392
0.63, 5803233
0.63, 5790948
0.63, 5788612
0.63, 5774390
0.65, 5773363
0.65, 5769714
0.65, 5766968
0.65, 5760894
0.65, 5748733
0.65, 5745877
0.65, 5745369
0.65, 5739769
0.65, 5736142
0.65, 5705765
0.65, 5704766
0.65, 5698463
0.65, 5694920
0.65, 5641155
0.65, 5639082
0.65, 5634293
0.65, 5601307
0.65, 5592764
0.65, 5592328
0.65, 5592260
0.65, 5574661
0.65, 5541475
0.66, 5481945
0.66, 5456037
0.66, 5451066
0.66, 5427831
0.66, 5418818
0.66, 5411414
0.66, 5407886
0.66, 5402696
0.66, 5400248
0.66, 5362253
0.66, 5362150
0.66, 5355659
0.66, 5346851
0.66, 5336210
0.66, 5335686
0.66, 5311568
0.66, 5311290
0.66, 5299897
0.66, 5277480
0.66, 5269596
0.66, 5239345
0.66, 5230326
0.66, 5224702
0.66, 5218106
0.66, 5210137
0.70, 5187506
0.70, 5186508
0.70, 5104976
0.70, 5104439
0.70, 5074807
0.70, 5069555
0.70, 5053933
0.70, 5036097
0.70, 5022779
0.70, 5018489
0.70, 5003840
0.70, 4990821
0.70, 4975695
0.70, 4966040
0.72, 4964951
0.72, 4959899
0.72, 4954568
0.72, 4954194
0.72, 4943344
0.72, 4919348
0.72, 4908380
0.72, 4906677
0.72, 4902179
0.72, 4902048
0.72, 4893879
0.72, 4892875
0.72, 4892049
0.72, 4889143
0.72, 4879235
0.72, 4876810
0.72, 4872066
0.72, 4864607
0.72, 4863347
0.73, 4812731
0.73, 4807177
0.73, 4795521
0.73, 4781027
0.73, 4724281
0.73, 4719034
0.73, 4715213
0.73, 4711599
0.73, 4706189
0.73, 4702212
0.73, 4701446
0.73, 4701344
0.73, 4687695
0.73, 4676479
0.73, 4674210
0.73, 4673976
0.73, 4673341
0.73, 4670579
0.73, 4609515
0.73, 4598891
0.73, 4590580
0.73, 4580317
0.73, 4576967
0.73, 4554967
0.73, 4545742
0.74, 4545111
0.74, 4542164
0.74, 4535934
0.74, 4529991
0.74, 4501900
0.74, 4501831
0.74, 4498968
0.74, 4497458
0.74, 4492106
0.74, 4462789
0.74, 4454044
0.74, 4449680
0.74, 4331515
0.74, 4329959
0.74, 4321371
0.74, 4320327
0.74, 4303271
0.74, 4294335
0.74, 4275086
0.74, 4267356
0.74, 4250367
0.74, 4248367
0.74, 4245522
0.74, 4241672
0.74, 4220203
0.74, 4217732
0.74, 4190527
0.74, 4159116
0.74, 4158967
0.74, 4085740
0.74, 4071644
0.74, 4027197
0.74, 4011364
0.74, 4000748
0.74, 3999628
0.74, 3990214
0.74, 3989708
0.74, 3976815
0.74, 3975955
0.74, 3975004
0.74, 3973138
0.74, 3968495
0.75, 3895446
0.75, 3894992
0.75, 3887192
0.75, 3876485
0.75, 3873175
0.75, 3861278
0.75, 3841554
0.75, 3840953
0.75, 3827514
0.75, 3779915
0.75, 3775369
0.76, 3774368
0.76, 3762082
0.76, 3757791
0.76, 3757666
0.76, 3755761
0.76, 3722840
0.76, 3722166
0.76, 3718717
0.76, 3701660
0.76, 3699505
0.76, 3698667
0.76, 3696523
0.76, 3694273
0.76, 3691625
0.76, 3658892
0.76, 3648541
0.76, 3642616
0.76, 3633055
0.76, 3614237
0.76, 3613122
0.77, 3609474
0.77, 3605737
0.77, 3602692
0.77, 3597794
0.77, 3581832
0.77, 3581412
0.77, 3580138
0.77, 3560912
0.77, 3558868
0.77, 3552790
0.77, 3522668
0.77, 3509047
0.77, 3505038
0.77, 3503257
0.77, 3499285
0.77, 3495942
0.77, 3495093
0.77, 3491649
0.77, 3491030
0.77, 3487586
0.77, 3477827
0.77, 3473302
0.77, 3468656
0.77, 3465480
0.77, 3458413
0.77, 3445348
0.77, 3444612
0.77, 3442775
0.77, 3428564
0.77, 3425297
0.78, 3411022
0.78, 3410102
0.78, 3401483
0.78, 3394695
0.79, 3381392
0.79, 3379374
0.79, 3373832
0.79, 3368094
0.79, 3358700
0.79, 3358559
0.79, 3357006
0.79, 3352981
0.79, 3340215
0.79, 3331114
0.79, 3329815
0.79, 3326860
0.79, 3318574
0.79, 3315212
0.79, 3313697
0.79, 3312485
0.79, 3312089
0.79, 3306464
0.79, 3305394
0.79, 3303457
0.79, 3298965
0.79, 3286633
0.79, 3283715
0.80, 3283059
0.80, 3275956
0.80, 3275723
0.80, 3269554
0.80, 3238436
0.80, 3232200
0.80, 3203666
0.80, 3203630
0.80, 3203574
0.80, 3200741
0.80, 3191983
0.80, 3191659
0.80, 3184271
0.80, 3178187
0.80, 3146872
0.80, 3142704
0.80, 3142303
0.80, 3125519
0.80, 3125281
0.80, 3108419
0.80, 3098695
0.80, 3088429
0.80, 3079756
0.80, 3079442
0.80, 3078630
0.80, 3077749
0.80, 3077055
0.80, 3074180
0.80, 3043086
0.80, 3033424
0.80, 3032421
0.80, 3030314
0.80, 3026828
0.80, 3025464
0.80, 3024637
0.80, 3022979
0.80, 3022398
0.80, 3017865
0.80, 3016780
0.80, 2982736
0.80, 2982704
0.81, 2973656
0.81, 2973108
0.81, 2972252
0.81, 2971014
0.81, 2968444
0.81, 2967505
0.81, 2967418
0.81, 2958715
0.81, 2957171
0.81, 2953740
0.81, 2953522
0.81, 2950021
0.81, 2948844
0.81, 2936796
0.81, 2897712
0.81, 2893066
0.81, 2888529
0.81, 2886660
0.81, 2874190
0.82, 2869488
0.82, 2868902
0.82, 2863842
0.82, 2853424
0.82, 2851734
0.82, 2851329
0.82, 2851043
0.83, 2846414
0.83, 2841583
0.83, 2837883
0.83, 2831056
0.83, 2830987
0.83, 2820950
0.83, 2815973
0.83, 2813487
0.83, 2807615
0.83, 2804189
0.83, 2798364
0.83, 2780183
0.83, 2772347
0.83, 2764580
0.83, 2761795
0.83, 2761576
0.83, 2758410
0.84, 2746981
0.84, 2744058
0.84, 2740647
0.84, 2728514
0.84, 2660147
0.84, 2659240
0.84, 2657491
0.84, 2655079
0.84, 2632665
0.84, 2591178
0.84, 2585714
0.84, 2583884
0.84, 2578621
0.84, 2578432
0.84, 2568702
0.84, 2567215
0.84, 2563562
0.84, 2561105
0.84, 2551689
0.84, 2544208
0.84, 2537434
0.84, 2537336
0.84, 2536585
0.84, 2536257
0.85, 2535052
0.85, 2534892
0.85, 2530834
0.85, 2530707
0.85, 2530658
0.85, 2520445
0.85, 2516259
0.85, 2516251
0.85, 2515158
0.85, 2514682
0.86, 2502317
0.86, 2489633
0.86, 2480943
0.86, 2480034
0.86, 2479684
0.86, 2478825
0.86, 2470911
0.86, 2470123
0.86, 2463188
0.86, 2462644
0.86, 2458395
0.86, 2414721
0.86, 2414694
0.86, 2410711
0.86, 2408393
0.86, 2408134
0.86, 2407549
0.86, 2406742
0.86, 2395359
0.87, 2386137
0.87, 2381288
0.87, 2367440
0.87, 2362052
0.87, 2338927
0.87, 2336774
0.87, 2333573
0.87, 2330221
0.87, 2328906
0.87, 2310256
0.87, 2306049
0.87, 2303620
0.87, 2296947
0.87, 2291568
0.87, 2289488
0.87, 2287699
0.87, 2284727
0.88, 2279143
0.88, 2278952
0.88, 2238001
0.88, 2232942
0.88, 2230515
0.88, 2230153
0.88, 2229628
0.88, 2227691
0.88, 2221106
0.88, 2216412
0.88, 2216243
0.88, 2215669
0.88, 2207277
0.89, 2206580
0.89, 2205663
0.89, 2201046
0.89, 2199191
0.90, 2198181
0.90, 2197454
0.90, 2197447
0.90, 2192781
0.90, 2127918
0.90, 2125327
0.90, 2118522
0.90, 2115867
0.90, 2115354
0.90, 2114012
0.90, 2113978
0.90, 2105952
0.90, 2104121
0.90, 2097295
0.90, 2096630
0.90, 2094437
0.90, 2093103
0.90, 2090629
0.91, 2088677
0.91, 2088139
0.91, 2085083
0.91, 2067818
0.91, 2067207
0.91, 2066343
0.91, 2065089
0.91, 2060857
0.91, 2060056
0.91, 2059338
0.91, 2059257
0.91, 2055129
0.91, 2054225
0.91, 2051515
0.91, 2049413
0.91, 2043265
0.91, 2038210
0.92, 2033913
0.92, 1980950
0.92, 1980046
0.92, 1978856
0.92, 1978834
0.92, 1978669
0.92, 1977504
0.92, 1960867
0.92, 1955394
0.92, 1954257
0.92, 1952113
0.92, 1949000
0.93, 1944794
0.93, 1944699
0.93, 1942647
0.93, 1941811
0.93, 1931011
0.93, 1928220
0.93, 1928108
0.93, 1927661
0.93, 1927645
0.93, 1902769
0.93, 1899864
0.94, 1899180
0.94, 1891491
0.94, 1889917
0.94, 1885313
0.94, 1883636
0.94, 1883340
0.94, 1882257
0.94, 1874618
0.94, 1874260
0.94, 1873358
0.94, 1870781
0.94, 1870600
0.94, 1866340
0.94, 1862177
0.94, 1859751
0.94, 1859271
0.94, 1859150
0.94, 1858642
0.94, 1857287
0.95, 1845261
0.95, 1841737
0.95, 1839868
0.95, 1839718
0.95, 1839495
0.95, 1837753
0.95, 1825297
0.95, 1824844
0.95, 1824613
0.95, 1823950
0.96, 1821961
0.96, 1817202
0.96, 1814437
0.96, 1810448
0.96, 1807228
0.96, 1805527
0.96, 1804685
0.96, 1804337
0.96, 1802862
0.96, 1802668
0.96, 1791199
0.97, 1782937
0.97, 1778374
0.97, 1776455
0.97, 1775362
0.97, 1774426
0.97, 1772243
0.97, 1767638
0.97, 1766392
0.97, 1765474
0.97, 1742061
0.97, 1741216
0.97, 1741064
0.97, 1736864
0.97, 1731262
0.97, 1729917
0.98, 1727581
0.98, 1727287
0.98, 1725615
0.98, 1725229
0.98, 1722912
0.98, 1722574
0.98, 1721423
0.98, 1718053
0.98, 1717758
0.99, 1715653
0.99, 1714788
0.99, 1713997
0.99, 1712547
0.99, 1711118
0.99, 1710015
0.99, 1708600
0.99, 1705507
0.99, 1702750
0.99, 1702717
0.99, 1700290
0.99, 1699325
0.99, 1699222
0.99, 1691984
1.00, 1691154
1.00, 1690133
1.00, 1687066
1.00, 1684596
1.00, 1681315
1.00, 1681311
1.00, 1680900
1.00, 1680104
1.00, 1679592
1.00, 1678513
1.00, 1678098
1.00, 1673931
1.01, 1669827
1.01, 1668795
1.01, 1668780
1.01, 1660324
1.01, 1657300
1.01, 1657259
1.01, 1656131
1.01, 1636737
1.01, 1636543
1.01, 1635059
1.01, 1634380
1.01, 1634328
1.02, 1633614
1.02, 1630163
1.03, 1623320
1.03, 1620544
1.03, 1620382
1.03, 1618403
1.03, 1613423
1.03, 1603889
1.03, 1599556
1.04, 1594609
1.04, 1592073
1.04, 1580384
1.04, 1572301
1.04, 1571579
1.04, 1570125
1.04, 1569125
1.04, 1569082
1.04, 1567125
1.04, 1561218
1.04, 1559428
1.04, 1559303
1.04, 1558788
1.04, 1558560
1.05, 1548844
1.05, 1548437
1.05, 1548430
1.05, 1547360
1.05, 1546744
1.05, 1542820
1.05, 1542391
1.06, 1541331
1.06, 1539365
1.06, 1537780
1.06, 1536456
1.07, 1535285
1.07, 1534410
1.07, 1530530
1.07, 1528558
1.07, 1527290
1.07, 1522294
1.07, 1521139
1.07, 1507597
1.07, 1506528
1.08, 1503594
1.08, 1502485
1.08, 1502441
1.08, 1502298
1.08, 1500935
1.08, 1495866
1.08, 1494963
1.09, 1489982
1.09, 1450085
1.09, 1449485
1.09, 1448566
1.09, 1447988
1.09, 1447804
1.09, 1445709
1.10, 1443734
1.10, 1441916
1.10, 1439933
1.10, 1439658
1.10, 1435799
1.10, 1435371
1.10, 1432967
1.11, 1430670
1.11, 1419708
1.11, 1418906
1.11, 1418373
1.12, 1413271
1.12, 1403961
1.12, 1403720
1.12, 1403321
1.12, 1401974
1.12, 1395998
1.12, 1395543
1.12, 1393983
1.12, 1387681
1.12, 1378603
1.13, 1378356
1.13, 1378179
1.13, 1378145
1.14, 1377559
1.14, 1376163
1.14, 1375226
1.14, 1372132
1.14, 1369679
1.14, 1368844
1.14, 1366679
1.14, 1365318
1.14, 1359673
1.15, 1358779
1.15, 1356146
1.15, 1355910
1.15, 1355235
1.16, 1352616
1.16, 1351975
1.16, 1351917
1.16, 1350997
1.16, 1350920
1.17, 1341961
1.17, 1338743
1.17, 1338718
1.18, 1335936
1.18, 1331708
1.18, 1331369
1.18, 1330684
1.18, 1330632
1.18, 1323659
1.19, 1323500
1.19, 1322318
1.20, 1322017
1.20, 1321072
1.20, 1302306
1.20, 1275299
1.21, 1270471
1.21, 1269541
1.21, 1267033
1.21, 1266570
1.21, 1264618
1.21, 1263474
1.22, 1256061
1.22, 1240140
1.22, 1240023
1.22, 1239968
1.22, 1239409
1.22, 1225425
1.23, 1225358
1.23, 1225321
1.23, 1218934
1.24, 1216673
1.25, 1216429
1.25, 1214967
1.26, 1214327
1.27, 1213013
1.27, 1195444
1.27, 1194836
1.29, 1194262
1.30, 1193769
1.30, 1192222
1.30, 1191131
1.30, 1190583
1.31, 1189469
1.31, 1189194
1.32, 1188451
1.32, 1186846
1.32, 1186834
1.33, 1183853
1.33, 1182190
1.33, 1182044
1.33, 1178468
1.33, 1177614
1.34, 1177066
1.34, 1176405
1.34, 1175335
1.34, 1175245
1.35, 1170201
1.35, 1168974
1.35, 1168318
1.35, 1168271
1.36, 1168040
1.37, 1167951
1.37, 1166222
1.37, 1162818
1.37, 1162727
1.38, 1160979
1.38, 1160759
1.38, 1159961
1.38, 1156852
1.39, 1153555
1.39, 1153389
1.39, 1152980
1.40, 1151590
1.40, 1149797
1.40, 1149279
1.40, 1139773
1.40, 1139333
1.40, 1138292
1.42, 1137914
1.42, 1135732
1.42, 1135667
1.42, 1135519
1.42, 1135290
1.42, 1134081
1.43, 1133830
1.43, 1131936
1.43, 1129715
1.44, 1127872
1.44, 1125075
1.45, 1124677
1.46, 1123846
1.46, 1123828
1.46, 1123561
1.46, 1123435
1.47, 1122928
1.47, 1119156
1.48, 1118488
1.48, 1118345
1.48, 1118317
1.49, 1118269
1.49, 1118234
1.49, 1117093
1.49, 1116804
1.51, 1116546
1.51, 1115926
1.52, 1107712
1.52, 1107429
1.52, 1101099
1.53, 1100420
1.53, 1099948
1.54, 1099735
1.54, 1099599
1.54, 1098970
1.54, 1098233
1.54, 1097687
1.55, 1095465
1.56, 1092726
1.56, 1092099
1.59, 1090802
1.59, 1089898
1.60, 1086835
1.61, 1086157
1.61, 1081657
1.62, 1079919
1.62, 1079038
1.62, 1079032
1.64, 1078931
1.64, 1076495
1.65, 1075868
1.65, 1075859
1.66, 1075162
1.66, 1073484
1.66, 1073424
1.66, 1073347
1.66, 1070932
1.67, 1070015
1.67, 1069404
1.68, 1069027
1.68, 1068038
1.71, 1052454
1.71, 1051737
1.72, 1044147
1.72, 1042281
1.73, 1041534
1.75, 1039113
1.75, 1036799
1.77, 1036039
1.77, 1035866
1.81, 1035193
1.82, 1034537
1.85, 1034511
1.87, 1026968
1.87, 1026103
1.87, 1025990
1.89, 1024257
1.91, 1023906
1.91, 1023666
1.94, 975201
1.95, 975171
1.96, 972214
1.98, 970843
2.00, 969604
2.02, 968153
2.02, 966965
2.02, 966020
2.03, 965503
2.04, 962525
2.05, 960212
2.08, 958539
2.08, 957228
2.10, 956752
2.12, 954018
2.13, 951692
2.14, 951076
2.18, 950924
2.19, 938424
2.19, 937978
2.21, 932422
2.22, 931729
2.24, 929177
2.24, 928302
2.24, 928265
2.26, 928065
2.27, 927056
2.28, 925067
2.29, 922631
2.29, 922109
2.29, 921923
2.30, 920093
2.36, 919057
2.36, 918669
2.37, 918391
2.37, 918308
2.38, 917370
2.39, 916562
2.41, 914230
2.42, 902949
2.45, 902393
2.47, 902054
2.48, 902022
2.51, 901329
2.54, 901153
2.56, 900925
2.60, 900761
2.66, 900323
2.66, 900232
2.67, 899864
2.69, 898016
2.74, 881360
2.77, 881208
2.78, 880702
2.79, 880205
2.84, 879827
4.77, 873824
4.78, 873595
4.80, 873126
4.81, 872431
4.81, 870490
4.84, 868728
4.84, 865059
4.85, 864396
4.88, 864205
4.89, 863953
4.90, 863665
4.91, 862952
4.92, 862845
4.92, 862672
4.92, 859679
4.92, 859242
4.93, 857009
4.95, 856378
4.95, 855904
4.96, 855453
4.96, 854702
4.96, 854383
4.97, 852642
4.97, 852221
4.97, 851626
4.98, 850409
4.99, 849841
5.00, 849256
5.01, 848781
5.02, 847990
5.02, 839812
5.03, 839124
5.04, 838458
5.04, 837920
5.05, 837273
5.08, 836883
5.09, 835617
5.09, 835327
5.11, 835254
5.12, 834755
5.12, 834687
5.13, 834369
5.13, 834189
5.16, 833536
5.17, 833471
5.22, 833323
5.23, 833268
5.25, 832302
5.26, 831811
5.27, 831502
5.28, 830827
5.30, 826000
5.30, 825151
5.34, 822847
5.36, 822413
5.37, 822097
5.38, 819196
5.40, 818801
5.48, 818556
5.49, 818044
5.50, 816505
5.56, 816214
5.60, 810507
5.64, 810502
5.64, 810444
5.66, 809125
5.69, 807966
5.70, 807036
5.81, 806109
5.81, 805397
5.83, 805250
5.87, 805201
8.37, 804984
8.39, 804962
8.43, 802489
8.43, 802264
8.43, 801484
8.45, 800640
8.46, 800405
8.47, 799780
8.47, 797720
8.48, 797596
8.48, 797164
8.50, 796524
8.51, 796033
8.54, 795628
8.54, 794561
8.56, 789617
8.57, 788320
8.57, 788298
8.58, 788132
8.58, 787719
8.61, 786993
8.62, 786912
8.62, 786340
8.66, 785685
8.69, 785387
8.71, 784717
8.72, 784366
8.76, 781462
8.76, 775969
11.45, 775218
11.45, 775205
11.47, 774919
11.47, 774195
11.48, 773802
11.48, 773589
11.50, 772849
