0.00, 6871527
0.03, 6869653
0.03, 6866120
0.03, 6851708
0.03, 6847174
0.03, 6728646
0.03, 6728582
0.03, 6714310
0.03, 6713021
0.03, 6709031
0.03, 6706189
0.03, 6705321
0.03, 6700021
0.03, 6696732
0.03, 6587740
0.03, 6584780
0.03, 6575584
0.06, 6555747
0.06, 6531683
0.06, 6522876
0.06, 6519370
0.06, 6512599
0.06, 6512361
0.06, 6510848
0.06, 6478682
0.06, 6469512
0.52, 6465235
0.52, 6444198
0.52, 6442443
0.52, 6421743
0.53, 6399696
0.53, 6399087
0.55, 6330652
0.56, 6325446
0.56, 6308753
0.59, 6300260
0.59, 6295809
0.59, 6294527
0.59, 6278995
0.59, 6278727
0.59, 6272671
0.59, 6225411
0.60, 6210942
0.60, 6162102
0.60, 6121347
0.60, 6113656
0.60, 6082128
0.60, 6080450
0.60, 6080068
0.66, 6056871
0.66, 6035023
0.66, 6033181
0.66, 6027879
0.66, 6026688
0.66, 6015448
0.66, 6009310
0.66, 6008801
0.66, 6005330
0.66, 6001946
0.66, 6000732
0.66, 5987171
0.66, 5980279
0.66, 5980056
0.66, 5954529
0.66, 5931008
0.66, 5930334
0.66, 5926408
0.66, 5923202
0.66, 5918855
0.67, 5853219
0.67, 5851031
0.67, 5818189
0.67, 5816806
0.67, 5814460
0.67, 5747515
0.67, 5726835
0.67, 5726326
0.67, 5724878
0.70, 5720877
0.70, 5719049
0.70, 5716173
0.70, 5713714
0.70, 5710301
0.70, 5700655
0.70, 5691118
0.70, 5689715
0.70, 5688858
0.70, 5648928
0.71, 5635109
0.71, 5626458
0.71, 5625112
0.71, 5540159
0.71, 5520683
0.71, 5514005
0.71, 5502735
0.71, 5492467
0.71, 5461271
0.71, 5451236
0.71, 5445250
0.71, 5364807
0.72, 5361094
0.72, 5356839
0.72, 5346084
0.72, 5302937
0.72, 5289736
0.72, 5225796
0.72, 5202543
0.72, 5200454
0.72, 5199680
0.72, 5191057
0.72, 5179073
0.72, 5176643
0.72, 5169421
0.72, 5160437
0.72, 5127938
0.72, 5106871
0.72, 5088300
0.72, 5088256
0.72, 5080641
0.72, 5076609
0.73, 5071586
0.73, 5064522
0.73, 5059748
0.73, 5044480
0.73, 4992424
0.73, 4969773
0.73, 4964441
0.73, 4964177
0.73, 4956037
0.73, 4955371
0.73, 4935153
0.73, 4933039
0.73, 4923900
0.73, 4896608
0.74, 4878423
0.74, 4872779
0.74, 4862192
0.74, 4860661
0.74, 4827535
0.74, 4767169
0.74, 4764046
0.74, 4761367
0.74, 4732846
0.74, 4668860
0.74, 4667392
0.74, 4667093
0.74, 4664301
0.75, 4662336
0.75, 4659031
0.75, 4653548
0.75, 4650537
0.75, 4618655
0.75, 4614772
0.75, 4613097
0.75, 4611212
0.75, 4600775
0.75, 4596855
0.75, 4593445
0.75, 4555913
0.75, 4553973
0.75, 4539434
0.75, 4538995
0.75, 4526512
0.75, 4500874
0.75, 4500109
0.75, 4498190
0.75, 4493333
0.75, 4474561
0.75, 4467929
0.75, 4460516
0.75, 4456126
0.75, 4451478
0.75, 4449616
0.75, 4449241
0.75, 4447452
0.75, 4420236
0.75, 4388373
0.76, 4380361
0.76, 4380060
0.76, 4377068
0.76, 4367920
0.76, 4352828
0.76, 4347952
0.76, 4345541
0.76, 4318142
0.76, 4275055
0.76, 4250650
0.76, 4212043
0.76, 4198038
0.76, 4191232
0.77, 4176217
0.77, 4174936
0.77, 4163977
0.77, 4096264
0.77, 4086206
0.77, 4086171
0.77, 4080023
0.77, 4068992
0.77, 4058855
0.77, 4029458
0.77, 4025112
0.77, 4019614
0.77, 4018548
0.77, 4012605
0.77, 4008173
0.77, 3995250
0.77, 3983918
0.77, 3977527
0.77, 3970142
0.79, 3957178
0.79, 3955777
0.79, 3955102
0.79, 3953995
0.79, 3953283
0.79, 3934003
0.80, 3925269
0.80, 3923080
0.80, 3918184
0.80, 3914019
0.80, 3907637
0.80, 3894381
0.80, 3890617
0.80, 3889814
0.80, 3887615
0.80, 3886538
0.80, 3884277
0.80, 3866799
0.80, 3863551
0.80, 3863367
0.80, 3863132
0.80, 3860458
0.80, 3854861
0.81, 3843332
0.81, 3843322
0.81, 3840728
0.81, 3827773
0.81, 3819477
0.81, 3813255
0.81, 3807870
0.81, 3792166
0.81, 3787763
0.81, 3762628
0.81, 3757993
0.81, 3747074
0.81, 3745513
0.81, 3737559
0.81, 3728800
0.81, 3695938
0.81, 3691725
0.81, 3691556
0.81, 3690254
0.81, 3690022
0.81, 3677615
0.81, 3675168
0.81, 3656315
0.81, 3655677
0.81, 3651606
0.81, 3644644
0.81, 3624254
0.81, 3611138
0.81, 3607822
0.81, 3607708
0.81, 3599824
0.81, 3590666
0.81, 3586717
0.81, 3573940
0.82, 3573931
0.82, 3563963
0.82, 3561676
0.82, 3557270
0.82, 3555867
0.82, 3527143
0.82, 3525561
0.82, 3518643
0.82, 3517042
0.83, 3516095
0.83, 3507730
0.83, 3500181
0.83, 3491829
0.83, 3490938
0.83, 3480451
0.83, 3477759
0.83, 3474071
0.83, 3468720
0.83, 3451902
0.83, 3444762
0.83, 3444176
0.83, 3440312
0.83, 3436133
0.83, 3423038
0.83, 3422946
0.83, 3355819
0.83, 3352792
0.83, 3339177
0.84, 3326453
0.84, 3320531
0.84, 3320300
0.84, 3316469
0.84, 3307607
0.84, 3289712
0.84, 3284768
0.84, 3284231
0.84, 3278849
0.84, 3278080
0.84, 3267683
0.84, 3265804
0.84, 3264765
0.84, 3263255
0.84, 3256470
0.84, 3254532
0.84, 3254422
0.84, 3203214
0.84, 3201360
0.84, 3192117
0.84, 3190270
0.84, 3179241
0.84, 3167367
0.84, 3166034
0.85, 3156773
0.85, 3156483
0.85, 3154885
0.85, 3151241
0.85, 3127584
0.85, 3121430
0.85, 3116808
0.85, 3115304
0.85, 3115249
0.85, 3112285
0.85, 3094334
0.85, 3094211
0.85, 3090717
0.85, 3067431
0.85, 3067273
0.85, 3060588
0.85, 3056887
0.85, 3050851
0.85, 3020850
0.85, 3019599
0.85, 3014454
0.86, 3011551
0.86, 3010397
0.86, 2995127
0.86, 2988961
0.86, 2988606
0.86, 2987144
0.86, 2983425
0.86, 2982431
0.86, 2981570
0.86, 2980859
0.86, 2970804
0.86, 2967156
0.86, 2962419
0.86, 2957848
0.86, 2950242
0.86, 2946456
0.86, 2926689
0.86, 2924010
0.86, 2904241
0.86, 2904024
0.86, 2893313
0.86, 2890321
0.86, 2882061
0.86, 2879024
0.86, 2841415
0.86, 2838809
0.86, 2837990
0.86, 2833393
0.86, 2832794
0.86, 2820779
0.87, 2773326
0.87, 2771565
0.87, 2761555
0.87, 2755172
0.88, 2747946
0.88, 2747538
0.88, 2742306
0.88, 2742173
0.88, 2738918
0.88, 2730389
0.88, 2727299
0.88, 2719963
0.88, 2719637
0.88, 2707789
0.88, 2705808
0.88, 2703958
0.88, 2703218
0.88, 2700541
0.88, 2696515
0.88, 2695746
0.88, 2694340
0.88, 2693488
0.88, 2691663
0.88, 2688492
0.88, 2688130
0.89, 2686799
0.89, 2683645
0.89, 2666303
0.89, 2666116
0.89, 2660096
0.89, 2659438
0.89, 2658413
0.89, 2632979
0.89, 2631507
0.89, 2626752
0.89, 2592476
0.89, 2589726
0.89, 2578717
0.89, 2565966
0.89, 2565952
0.89, 2564679
0.89, 2563959
0.89, 2562947
0.89, 2562308
0.89, 2558345
0.89, 2558093
0.89, 2550385
0.89, 2534880
0.89, 2534192
0.89, 2532275
0.89, 2527703
0.89, 2520767
0.89, 2520054
0.89, 2517052
0.89, 2514911
0.89, 2505947
0.90, 2504558
0.90, 2503872
0.90, 2497058
0.90, 2496387
0.90, 2495207
0.90, 2493929
0.90, 2492688
0.90, 2488125
0.90, 2470401
0.90, 2469739
0.90, 2464333
0.90, 2458691
0.90, 2456200
0.90, 2456153
0.90, 2455633
0.90, 2455433
0.90, 2436403
0.90, 2436395
0.90, 2428692
0.90, 2349700
0.90, 2349638
0.90, 2336039
0.91, 2327148
0.91, 2325378
0.91, 2324060
0.91, 2316128
0.91, 2313014
0.91, 2307714
0.91, 2301042
0.91, 2298592
0.91, 2283172
0.91, 2281235
0.91, 2280966
0.91, 2278823
0.92, 2278651
0.92, 2277072
0.92, 2264458
0.92, 2256328
0.92, 2255991
0.92, 2254564
0.92, 2253747
0.92, 2243432
0.92, 2242894
0.92, 2232678
0.92, 2231132
0.92, 2230298
0.92, 2227109
0.92, 2221733
0.92, 2219031
0.92, 2217780
0.92, 2215470
0.92, 2215320
0.92, 2214388
0.92, 2210595
0.92, 2209723
0.92, 2208903
0.92, 2206473
0.92, 2205345
0.92, 2201670
0.93, 2197131
0.93, 2196778
0.93, 2188589
0.93, 2188079
0.93, 2188077
0.93, 2187696
0.93, 2181711
0.93, 2180403
0.93, 2170164
0.93, 2162630
0.94, 2162486
0.94, 2161962
0.94, 2157147
0.94, 2157091
0.94, 2156533
0.94, 2153562
0.94, 2149013
0.94, 2148134
0.94, 2147617
0.94, 2146765
0.94, 2144773
0.94, 2143379
0.94, 2142200
0.94, 2141765
0.94, 2141283
0.95, 2140919
0.95, 2138568
0.95, 2136605
0.95, 2135775
0.95, 2133836
0.95, 2130256
0.95, 2128100
0.95, 2127230
0.95, 2121236
0.96, 2120369
0.96, 2118452
0.96, 2116265
0.96, 2112408
0.96, 2094071
0.96, 2093670
0.96, 2045372
0.96, 2043719
0.96, 2039817
0.96, 2039108
0.96, 2033393
0.96, 2028192
0.96, 2026293
0.97, 2025687
0.97, 2021002
0.97, 2020978
0.97, 2017909
0.97, 2014782
0.97, 2013932
0.97, 2013754
0.97, 2012025
0.97, 2008859
0.97, 2006798
0.97, 1997745
0.97, 1995820
0.97, 1993155
0.97, 1984619
0.97, 1980779
0.97, 1980500
0.97, 1980150
0.97, 1975763
0.97, 1974917
0.98, 1971591
0.98, 1941368
0.98, 1937251
0.98, 1931887
0.98, 1930819
0.98, 1927974
0.98, 1924136
0.98, 1922251
0.98, 1916687
0.98, 1896881
0.98, 1890664
0.99, 1888173
0.99, 1887481
0.99, 1886741
0.99, 1886624
0.99, 1886553
0.99, 1884503
0.99, 1882792
0.99, 1881309
0.99, 1880944
0.99, 1880335
1.00, 1878881
1.00, 1877644
1.00, 1874612
1.00, 1872512
1.00, 1865424
1.00, 1864943
1.00, 1864743
1.00, 1863547
1.00, 1862327
1.00, 1861561
1.00, 1861488
1.00, 1856813
1.01, 1854984
1.01, 1853438
1.01, 1852094
1.01, 1849875
1.01, 1843701
1.01, 1841915
1.01, 1841610
1.01, 1836755
1.01, 1831812
1.01, 1831089
1.01, 1804808
1.01, 1802063
1.01, 1801587
1.01, 1800679
1.01, 1796892
1.01, 1794871
1.01, 1794768
1.01, 1793590
1.01, 1792934
1.02, 1792708
1.02, 1785361
1.02, 1783640
1.02, 1783250
1.02, 1783142
1.02, 1782288
1.02, 1782272
1.02, 1779869
1.02, 1773840
1.02, 1770870
1.02, 1768733
1.03, 1765863
1.03, 1764405
1.03, 1761840
1.03, 1761456
1.03, 1759478
1.03, 1758112
1.03, 1756534
1.03, 1756460
1.03, 1756130
1.04, 1753023
1.04, 1752676
1.04, 1750473
1.04, 1749841
1.04, 1749560
1.04, 1741907
1.04, 1740615
1.04, 1736290
1.04, 1734933
1.04, 1729244
1.04, 1728839
1.04, 1728043
1.04, 1727642
1.04, 1724343
1.05, 1721817
1.05, 1721071
1.05, 1720911
1.05, 1705446
1.05, 1699690
1.05, 1696325
1.05, 1689079
1.05, 1678243
1.05, 1675195
1.05, 1632474
1.05, 1630249
1.05, 1630207
1.06, 1624043
1.06, 1623296
1.06, 1621945
1.07, 1617084
1.07, 1615662
1.07, 1614459
1.07, 1614169
1.07, 1610865
1.07, 1609937
1.07, 1609024
1.07, 1606330
1.08, 1603368
1.08, 1603301
1.08, 1602578
1.08, 1601761
1.08, 1601155
1.08, 1593694
1.08, 1593402
1.08, 1592369
1.08, 1591940
1.08, 1591075
1.08, 1590151
1.08, 1588228
1.08, 1586271
1.08, 1586231
1.09, 1567103
1.09, 1562462
1.09, 1560684
1.09, 1560618
1.09, 1560172
1.09, 1560104
1.09, 1558830
1.09, 1558542
1.09, 1554332
1.10, 1553872
1.10, 1550232
1.10, 1546305
1.10, 1545830
1.10, 1540335
1.11, 1530375
1.11, 1529393
1.11, 1529098
1.11, 1526077
1.11, 1523326
1.11, 1520384
1.12, 1503952
1.12, 1502727
1.12, 1501616
1.12, 1500986
1.12, 1499529
1.12, 1498103
1.12, 1496457
1.12, 1495418
1.12, 1494950
1.12, 1447186
1.12, 1447173
1.13, 1441962
1.13, 1435442
1.13, 1434429
1.13, 1434279
1.13, 1433992
1.14, 1419295
1.14, 1418317
1.14, 1418108
1.14, 1415517
1.14, 1415179
1.14, 1414196
1.14, 1412331
1.14, 1411400
1.15, 1411216
1.15, 1409121
1.15, 1407877
1.15, 1407587
1.16, 1406118
1.16, 1404221
1.16, 1403640
1.16, 1403325
1.16, 1402211
1.17, 1394515
1.17, 1393402
1.17, 1393025
1.17, 1392717
1.17, 1388874
1.17, 1387407
1.18, 1384803
1.18, 1370270
1.18, 1369561
1.18, 1359631
1.18, 1358168
1.19, 1357249
1.19, 1357110
1.19, 1355644
1.20, 1354319
1.20, 1353213
1.20, 1353080
1.20, 1350900
1.20, 1350356
1.21, 1349252
1.21, 1339877
1.21, 1339306
1.21, 1336867
1.22, 1333892
1.22, 1333318
1.22, 1332653
1.22, 1312566
1.22, 1309002
1.22, 1307614
1.22, 1306779
1.22, 1305529
1.23, 1298256
1.23, 1298243
1.23, 1298168
1.23, 1297226
1.23, 1296686
1.23, 1296485
1.24, 1285281
1.24, 1280997
1.24, 1279440
1.24, 1279269
1.24, 1278699
1.24, 1278348
1.24, 1276081
1.25, 1270558
1.25, 1269528
1.25, 1265700
1.25, 1265426
1.25, 1264618
1.25, 1264611
1.25, 1263881
1.25, 1261615
1.25, 1241086
1.25, 1233645
1.26, 1233359
1.26, 1230668
1.26, 1229819
1.27, 1229459
1.27, 1228385
1.28, 1197902
1.28, 1196347
1.29, 1195200
1.29, 1195029
1.29, 1185094
1.29, 1184826
1.29, 1184814
1.29, 1178821
1.30, 1174422
1.30, 1173889
1.30, 1173550
1.30, 1169596
1.30, 1168659
1.31, 1168389
1.31, 1168052
1.31, 1165402
1.32, 1163234
1.32, 1161333
1.32, 1161080
1.33, 1160583
1.33, 1159478
1.33, 1153732
1.34, 1152647
1.34, 1152561
1.34, 1152324
1.34, 1149513
1.35, 1147332
1.36, 1147314
1.36, 1144461
1.36, 1127845
1.36, 1122181
1.37, 1121138
1.37, 1120315
1.37, 1116922
1.38, 1116484
1.38, 1115489
1.38, 1112303
1.38, 1110815
1.38, 1109815
1.38, 1109233
1.38, 1106312
1.39, 1103900
1.39, 1103636
1.39, 1103094
1.39, 1100045
1.40, 1099805
1.40, 1097130
1.41, 1096308
1.41, 1087401
1.41, 1068994
1.41, 1068323
1.41, 1065204
1.41, 1064455
1.42, 1063618
1.42, 1063554
1.42, 1063419
1.42, 1061525
1.43, 1061042
1.43, 1060542
1.43, 1060471
1.43, 1059109
1.43, 1058506
1.44, 1058404
1.44, 1031993
1.45, 1031086
1.46, 1030865
1.46, 1029080
1.46, 991791
1.46, 991234
1.47, 991115
1.47, 990721
1.47, 988987
1.48, 985131
1.48, 984228
1.49, 983775
1.49, 982403
1.49, 981249
1.49, 979979
1.51, 978281
1.52, 970074
1.52, 967945
1.53, 967118
1.53, 965842
1.53, 964877
1.54, 964607
1.55, 963843
1.55, 962777
1.56, 960384
1.56, 959856
1.57, 959727
1.57, 957136
1.57, 956855
1.57, 956613
1.58, 940583
1.58, 939482
1.59, 938604
1.60, 937328
1.61, 936995
1.61, 936272
1.61, 934113
1.63, 933994
1.65, 933272
1.65, 930917
1.66, 930856
1.68, 930238
1.68, 930099
1.69, 929106
1.69, 929090
1.70, 926352
1.71, 925386
1.71, 925015
1.71, 924321
1.72, 923277
1.72, 923240
1.72, 923126
1.73, 917028
1.73, 916828
1.73, 916700
1.74, 916338
1.75, 915580
1.76, 913982
1.77, 909592
1.78, 908726
1.79, 906215
1.79, 904675
1.80, 895357
1.82, 890430
1.82, 890406
1.83, 889595
1.83, 889372
1.84, 887265
1.85, 887076
1.85, 885398
1.85, 884872
1.85, 884660
1.85, 884552
1.85, 884259
1.86, 881921
1.87, 881757
1.87, 881580
1.87, 879608
1.87, 879569
1.90, 879401
1.91, 873209
1.91, 873035
1.93, 872217
1.94, 870638
1.94, 865726
1.94, 864440
1.96, 864216
1.98, 857031
1.99, 855734
2.01, 849539
2.01, 846900
2.02, 846721
2.06, 846691
2.08, 846414
2.08, 846377
2.08, 846370
2.12, 845431
2.13, 844448
2.14, 844270
2.14, 843668
2.15, 842428
2.17, 842149
2.20, 842043
2.23, 841297
2.27, 835873
2.28, 831121
2.29, 829997
2.29, 829859
2.29, 829847
2.31, 829304
2.31, 828998
2.33, 828014
2.34, 827565
2.35, 826551
2.37, 825289
2.40, 825001
2.43, 824556
2.44, 819379
2.45, 819096
2.48, 812742
2.48, 810836
2.48, 810095
2.49, 810041
2.51, 801437
2.52, 800190
2.53, 800177
2.54, 799971
2.60, 799905
2.60, 798765
2.63, 798351
2.63, 798191
2.64, 790143
2.65, 790007
2.66, 787141
2.68, 786669
2.69, 785136
2.70, 784340
2.70, 782994
2.70, 782868
2.71, 782848
2.72, 781890
2.72, 781330
2.73, 771614
2.76, 770397
2.76, 770302
2.78, 769498
2.81, 768742
2.87, 766649
2.91, 765320
2.98, 764869
3.02, 763741
