1.07, 6691154
2.02, 6506262
2.92, 6340396
3.81, 6172477
4.66, 6025222
5.54, 5884124
6.40, 5746898
7.36, 5613413
8.27, 5472568
9.14, 5339421
9.99, 5225946
10.86, 5115925
11.72, 5006917
12.62, 4900931
13.55, 4796076
14.41, 4696394
15.36, 4597683
16.24, 4502544
17.10, 4409297
17.95, 4318546
18.96, 4231021
19.93, 4153070
20.87, 4071537
21.88, 3994902
22.79, 3919655
23.78, 3845415
24.69, 3774538
25.55, 3703073
26.40, 3633847
27.38, 3562494
28.33, 3495774
29.28, 3428567
30.30, 3362939
31.34, 3298936
32.24, 3240715
33.09, 3183620
33.95, 3126821
34.79, 3066934
35.62, 3013741
36.45, 2959274
37.30, 2902764
38.15, 2849764
39.00, 2798021
39.83, 2748344
40.66, 2699079
41.52, 2647789
42.37, 2600343
43.21, 2556007
44.05, 2511362
44.88, 2468898
45.73, 2425076
46.58, 2383561
47.42, 2343099
48.24, 2301312
49.07, 2261695
49.91, 2222438
50.74, 2184070
51.60, 2144768
52.47, 2105736
53.31, 2067911
54.15, 2030653
55.00, 1993788
55.84, 1958257
56.69, 1923313
57.54, 1888700
58.37, 1853469
59.21, 1823045
60.07, 1793535
60.91, 1763935
61.77, 1734636
62.62, 1705472
63.45, 1678147
64.29, 1651279
65.13, 1625430
66.00, 1599183
66.86, 1573404
67.73, 1552007
68.58, 1529915
69.45, 1508947
70.31, 1487966
71.14, 1467158
72.04, 1447063
72.91, 1428542
73.75, 1410728
74.58, 1393475
75.41, 1375358
76.24, 1358493
77.08, 1341605
77.92, 1326696
78.75, 1312184
79.60, 1297733
80.43, 1283309
81.26, 1269184
82.11, 1255904
82.96, 1241375
83.80, 1229087
84.62, 1216826
85.46, 1204606
86.29, 1192842
87.14, 1181149
87.96, 1168710
88.82, 1157120
89.65, 1145486
90.49, 1135320
91.33, 1125183
92.17, 1115347
93.01, 1105996
93.84, 1094498
94.67, 1085267
95.51, 1076385
96.37, 1067562
97.21, 1059266
98.07, 1051009
98.91, 1042779
99.74, 1034566
100.56, 1026469
101.41, 1018562
102.25, 1009532
103.10, 1002004
103.92, 994700
104.74, 987742
105.59, 981300
106.42, 975030
107.25, 968631
108.07, 962413
108.90, 956512
109.72, 950652
110.55, 944850
111.39, 938415
112.21, 931691
113.06, 924443
113.92, 918806
114.75, 913241
115.57, 905975
116.41, 900419
117.25, 895102
118.08, 890236
118.92, 885729
119.74, 881405
120.57, 877277
121.42, 871165
122.24, 866718
123.07, 861146
123.91, 857039
124.75, 853071
125.59, 849321
126.43, 845605
127.25, 841417
128.09, 837776
128.93, 834299
129.76, 830753
130.62, 827476
131.47, 824416
132.41, 821470
133.27, 818561
134.10, 815720
134.92, 812509
135.74, 809681
136.58, 806561
137.42, 803867
138.25, 801262
139.08, 798660
139.91, 794415
140.74, 791890
141.60, 789506
142.44, 786717
143.27, 784351
144.10, 782042
144.93, 779753
145.78, 777489
146.74, 775275
147.57, 773185
148.44, 770849
149.27, 768579
150.09, 766491
150.93, 764407
151.76, 762286
152.67, 760272
153.51, 758265
154.38, 756267
155.21, 754037
156.04, 752076
156.87, 750118
157.72, 748306
158.55, 746502
159.38, 744730
160.20, 743136
161.03, 741569
161.89, 740027
162.76, 738486
163.61, 734467
164.43, 732964
165.27, 731467
166.10, 730032
166.94, 728085
167.79, 726274
168.61, 724760
169.45, 723330
170.28, 721911
171.10, 720520
171.95, 718521
172.81, 717109
173.65, 715732
174.50, 714367
175.35, 713030
176.17, 711697
177.03, 710379
177.86, 709067
178.70, 707781
179.54, 706497
180.36, 705260
181.20, 704034
182.06, 702844
182.89, 701709
183.72, 700604
184.55, 699563
185.42, 698523
186.24, 697489
187.10, 696513
187.93, 695619
188.76, 694757
189.59, 693926
190.44, 693105
191.28, 692311
192.17, 691563
193.01, 690832
193.91, 690106
194.73, 689438
195.58, 688779
196.39, 688157
197.23, 687477
198.06, 686887
198.88, 686334
199.70, 685787
200.52, 685245
201.37, 684710
202.20, 684220
203.03, 683816
203.85, 683437
204.68, 683062
205.51, 681730
206.33, 680939
207.18, 680397
208.00, 680038
208.82, 679709
209.65, 678604
210.48, 677944
211.37, 677669
212.20, 677503
213.03, 677350
213.85, 677228
214.69, 677152
215.52, 675795
216.35, 675735
217.18, 675707
218.83, 7079185
219.66, 6890192
220.48, 6714367
221.32, 6545298
222.16, 6387056
223.00, 6240399
223.84, 6097097
224.69, 5959409
225.53, 5819332
226.36, 5684032
227.18, 5546851
228.02, 5425802
228.84, 5306109
229.66, 5187040
230.50, 5061215
231.32, 4942701
232.17, 4825321
233.00, 4714100
233.83, 4609821
234.65, 4506693
235.51, 4411779
236.34, 4316822
237.17, 4226948
237.98, 4138036
238.82, 4056273
239.65, 3977090
240.49, 3899597
241.32, 3822359
242.15, 3743964
242.99, 3674129
243.83, 3596963
244.66, 3526775
245.53, 3460603
246.50, 3395024
247.33, 3329982
248.16, 3268592
249.01, 3204289
249.84, 3141060
250.68, 3080781
251.54, 3022503
252.43, 2968520
253.26, 2915458
254.10, 2854862
254.95, 2799747
255.88, 2747389
256.72, 2697062
257.55, 2647091
258.38, 2598248
259.19, 2534191
260.02, 2486404
260.86, 2441216
261.72, 2394079
262.58, 2349837
263.48, 2305829
264.32, 2263594
265.25, 2224069
266.07, 2183124
266.91, 2144986
267.75, 2107176
268.57, 2069429
269.41, 2032085
270.24, 1997337
271.10, 1963842
271.96, 1930390
272.82, 1898521
273.66, 1865036
274.50, 1833744
275.36, 1804878
276.20, 1776660
277.03, 1750619
277.88, 1724491
278.72, 1696308
279.55, 1670852
280.38, 1643077
281.23, 1618779
282.14, 1595517
283.01, 1573306
283.85, 1552576
284.67, 1531878
285.53, 1512342
286.39, 1493026
287.26, 1473525
288.12, 1455149
288.94, 1435736
289.78, 1417350
290.64, 1399433
291.51, 1381789
292.33, 1364675
293.18, 1347703
294.03, 1330644
294.86, 1313438
295.72, 1296869
296.58, 1280910
297.52, 1265797
298.35, 1251726
299.18, 1237756
300.03, 1224266
