0.94, 7019464
1.86, 6846629
2.73, 6679028
3.68, 6523470
4.53, 6357213
5.47, 6202714
6.34, 6053654
7.24, 5906575
8.08, 5760019
8.89, 5616487
9.70, 5479092
10.50, 5358460
11.30, 5239059
12.20, 5120752
13.05, 5010134
13.91, 4892062
14.79, 4784123
15.62, 4684184
16.41, 4568539
17.22, 4477306
18.01, 4385504
18.82, 4293531
19.62, 4202865
20.42, 4114003
21.23, 4031161
22.01, 3956916
22.80, 3875029
23.61, 3800644
24.41, 3729269
25.19, 3659444
25.99, 3591686
26.78, 3516308
27.58, 3443539
28.37, 3376002
29.17, 3314487
29.97, 3253676
30.76, 3192282
31.56, 3132180
32.36, 3074780
33.16, 3018095
34.00, 2965028
34.81, 2914880
35.73, 2863178
36.52, 2814246
37.35, 2765683
38.15, 2718631
38.94, 2672359
39.75, 2625901
40.55, 2582860
41.35, 2538712
42.16, 2494935
42.95, 2453569
43.76, 2403300
44.56, 2362400
45.36, 2322979
46.16, 2286769
46.96, 2250629
47.77, 2213837
48.57, 2177746
49.36, 2142036
50.17, 2106345
50.96, 2074592
51.76, 2043725
52.56, 2012098
53.35, 1981358
54.14, 1951525
54.93, 1921911
55.73, 1893465
56.52, 1865608
57.31, 1838207
58.10, 1812389
58.89, 1787211
59.70, 1762974
60.50, 1739118
61.31, 1714529
62.12, 1690807
62.91, 1668293
63.69, 1646037
64.47, 1624012
65.27, 1603394
66.07, 1583422
66.90, 1563924
67.69, 1545605
68.52, 1525787
69.34, 1506674
70.13, 1488909
70.93, 1470453
71.73, 1453545
72.51, 1436960
73.31, 1419359
74.10, 1403525
74.96, 1388677
75.76, 1374369
76.55, 1360210
77.35, 1346298
78.13, 1332534
78.92, 1318595
79.74, 1305276
80.53, 1292963
81.33, 1280763
82.13, 1268672
82.91, 1254863
83.70, 1242064
84.49, 1230269
85.29, 1217997
86.08, 1206457
86.87, 1195265
87.67, 1183176
88.46, 1173232
89.25, 1161741
90.05, 1151860
90.84, 1142833
91.67, 1134026
92.48, 1125576
93.28, 1117128
94.08, 1109331
94.86, 1099563
95.65, 1091827
96.47, 1083232
97.26, 1075327
98.05, 1068398
98.87, 1061496
99.68, 1054233
100.46, 1047467
101.26, 1040749
102.05, 1034054
102.82, 1027384
103.61, 1019871
104.40, 1011150
105.18, 1002746
105.97, 995804
106.76, 989402
107.55, 983011
108.33, 977000
109.12, 971012
109.92, 965046
110.69, 958637
111.50, 952933
112.32, 947293
113.10, 941854
113.88, 935293
114.90, 929954
115.72, 924643
116.52, 919368
117.30, 914315
118.09, 909298
118.88, 901808
119.69, 896869
120.47, 891954
121.27, 887198
122.08, 881919
122.86, 877224
123.65, 872714
124.44, 868511
125.22, 864303
126.01, 860310
126.87, 856300
127.66, 852100
128.44, 848118
129.25, 844355
130.07, 840597
130.87, 836627
131.65, 832721
132.44, 829063
133.23, 825492
134.01, 821937
134.80, 818717
135.58, 815541
136.36, 812375
137.14, 809321
137.93, 806289
138.71, 803325
139.50, 800505
140.32, 797829
141.12, 794648
141.93, 791757
142.72, 789118
143.52, 784817
144.30, 782204
145.08, 779612
145.87, 777147
146.64, 774698
147.43, 772272
148.21, 769901
148.99, 767680
149.79, 765462
150.59, 763425
151.38, 761505
152.17, 759599
152.96, 757728
153.76, 755887
154.54, 754089
155.33, 752322
156.14, 750578
156.98, 748895
157.77, 747249
158.61, 745659
159.41, 744082
160.19, 738488
161.02, 736926
161.81, 734104
162.59, 732707
163.38, 731350
164.18, 730022
164.96, 728710
165.74, 727409
166.54, 725179
167.34, 723893
168.16, 722657
168.95, 721480
169.74, 720306
170.54, 719133
171.34, 718036
172.13, 716235
172.91, 715139
173.70, 714075
174.50, 708815
175.31, 707757
176.08, 706737
176.87, 705737
177.67, 704744
178.48, 703756
179.26, 702894
180.06, 702118
180.85, 701348
181.64, 700590
182.42, 699834
183.21, 699094
184.00, 698367
184.78, 697666
185.57, 696835
186.37, 696174
187.18, 695427
187.98, 694840
188.77, 693979
189.56, 693400
190.35, 691622
191.17, 691077
192.02, 690551
192.80, 690035
193.59, 689580
194.38, 689139
195.16, 688624
195.95, 688177
196.73, 687777
197.52, 687383
198.30, 687022
199.10, 686669
199.88, 685881
200.67, 685530
201.50, 684405
202.29, 683875
203.07, 682953
203.86, 682435
204.65, 682087
205.43, 681740
206.22, 681419
207.02, 680615
207.79, 680326
208.67, 679808
209.54, 679526
210.39, 679247
211.17, 679011
211.95, 678832
212.75, 678670
213.56, 678504
214.35, 678393
215.13, 677862
215.94, 677764
216.74, 677688
217.54, 676331
218.32, 676257
219.11, 676209
219.89, 676181
220.68, 676155
222.26, 7056589
223.09, 6901264
223.87, 6747432
224.66, 6599243
225.45, 6450971
226.25, 6307965
227.04, 6166103
227.82, 6031610
228.61, 5895825
229.40, 5762821
230.20, 5633114
230.97, 5507862
231.78, 5384949
232.58, 5267072
233.38, 5154452
234.17, 5044666
234.96, 4939223
235.79, 4835717
236.57, 4733372
237.37, 4637662
238.18, 4538115
238.96, 4442697
239.76, 4350885
240.55, 4254845
241.34, 4164961
242.13, 4076226
242.91, 3994101
243.70, 3913872
244.49, 3833661
245.28, 3756264
246.07, 3678143
246.93, 3606252
247.72, 3541006
248.51, 3477472
249.29, 3414637
250.09, 3352716
250.88, 3290607
251.67, 3229031
252.48, 3169386
253.27, 3108921
254.08, 3039315
254.86, 2977859
255.66, 2919444
256.46, 2860257
257.25, 2803617
258.03, 2747440
258.81, 2693138
259.61, 2643087
260.41, 2591746
261.21, 2544128
262.01, 2498284
262.79, 2452844
263.59, 2406452
264.37, 2364595
265.16, 2322971
265.94, 2275800
266.73, 2234448
267.53, 2194512
268.31, 2157556
269.10, 2119795
269.89, 2082725
270.68, 2046071
271.46, 2010763
272.26, 1975622
273.05, 1940758
273.85, 1906062
274.63, 1871419
275.42, 1837065
276.22, 1803328
277.01, 1770750
277.80, 1740133
278.59, 1711470
279.37, 1684693
280.15, 1654729
280.96, 1626863
281.74, 1602349
282.53, 1578052
283.34, 1555966
284.13, 1533914
284.95, 1509690
285.75, 1488285
286.55, 1467458
287.33, 1446838
288.13, 1427647
288.94, 1407408
289.72, 1390403
290.51, 1372725
291.31, 1355824
292.10, 1339786
292.89, 1324906
293.67, 1310804
294.46, 1297382
295.24, 1284142
296.07, 1271367
296.90, 1258905
297.68, 1246433
298.48, 1234316
299.34, 1222279
300.15, 1210333
