0.78, 6513304
1.60, 6343106
2.39, 6194105
3.17, 6027985
3.94, 5889425
4.72, 5755685
5.52, 5627695
6.35, 5501221
7.14, 5375398
8.08, 5252649
8.96, 5137503
9.78, 5027164
10.87, 4924527
11.66, 4822162
12.44, 4724201
13.22, 4628257
14.03, 4535481
14.84, 4443892
15.72, 4359153
16.54, 4278539
17.32, 4189826
18.11, 4106563
18.89, 4031227
19.67, 3955625
20.46, 3884016
21.25, 3814730
22.03, 3744069
22.82, 3677934
23.60, 3612935
24.39, 3548183
25.18, 3484395
26.00, 3421324
26.78, 3359221
27.56, 3299065
28.34, 3240653
29.12, 3183332
29.90, 3126697
30.68, 3073772
31.47, 3020176
32.25, 2967450
33.04, 2911722
33.82, 2858003
34.63, 2806779
35.42, 2758573
36.21, 2712303
36.99, 2668942
37.79, 2622341
38.61, 2579070
39.39, 2535871
40.21, 2494060
41.00, 2451722
41.79, 2411821
42.59, 2372962
43.37, 2332899
44.15, 2294086
44.94, 2256535
45.74, 2219100
46.52, 2182220
47.31, 2146162
48.07, 2110200
48.86, 2077460
49.64, 2044757
50.44, 2007662
51.24, 1975792
52.06, 1944407
52.84, 1910722
53.62, 1879736
54.44, 1848545
55.22, 1818554
56.00, 1784069
56.78, 1755277
57.57, 1726930
58.35, 1701778
59.14, 1677886
59.92, 1652735
60.69, 1629977
61.48, 1605170
62.28, 1582597
63.06, 1560223
63.84, 1538389
64.62, 1518675
65.42, 1495829
66.20, 1474869
66.99, 1455369
67.78, 1433784
68.59, 1415866
69.37, 1398494
70.16, 1381868
70.96, 1366338
71.75, 1349817
72.53, 1334640
73.30, 1318969
74.08, 1304001
74.87, 1289329
75.65, 1275766
76.44, 1261253
77.22, 1247780
78.00, 1235488
78.78, 1223410
79.56, 1211730
80.36, 1199591
81.18, 1187675
81.96, 1175785
82.74, 1164864
83.53, 1154328
84.31, 1143888
85.09, 1133237
85.87, 1122894
86.76, 1113718
87.68, 1104823
88.59, 1093291
89.43, 1084743
90.30, 1076326
91.13, 1068032
91.95, 1059917
92.75, 1052093
93.55, 1044503
94.37, 1037014
95.17, 1029079
95.95, 1022070
96.73, 1015091
97.53, 1007564
98.32, 1000593
99.12, 993961
99.92, 987339
100.71, 981066
101.49, 975354
102.27, 969897
103.04, 962977
103.83, 956544
104.61, 950149
105.40, 944696
106.19, 938065
106.96, 932739
107.75, 927513
108.54, 922312
109.31, 915417
110.11, 910265
110.91, 905473
111.69, 900767
112.46, 896112
113.30, 891574
114.07, 887080
114.90, 882600
115.68, 878158
116.49, 873752
117.27, 869518
118.04, 865350
118.82, 861107
119.60, 855951
120.37, 851876
121.19, 848304
121.98, 843324
122.75, 839800
123.53, 836336
124.30, 831768
125.09, 828332
125.87, 824919
126.66, 821556
127.44, 818346
128.24, 815161
129.02, 810996
129.80, 807976
130.61, 805195
131.40, 802584
132.18, 800081
132.95, 796794
133.72, 794309
134.50, 792075
135.30, 789860
136.08, 786888
136.86, 784727
137.65, 782595
138.42, 780493
139.23, 778424
140.02, 776384
140.93, 774376
141.71, 772370
142.48, 770380
143.26, 768404
144.04, 766610
144.81, 764835
145.59, 763113
146.40, 761069
147.17, 759352
147.95, 757734
148.72, 756132
149.50, 754538
150.28, 748151
151.06, 746564
151.85, 745039
152.66, 743407
153.45, 741889
154.27, 740521
155.09, 739173
155.91, 737852
156.69, 736635
157.48, 735507
158.24, 734426
159.03, 733385
159.81, 732348
160.64, 731314
161.49, 729955
162.26, 728938
163.05, 727343
163.84, 726339
164.61, 724970
165.39, 723996
166.17, 722183
166.95, 721222
167.72, 719333
168.52, 718389
169.30, 717032
170.07, 716067
170.87, 715217
171.65, 714373
172.42, 713553
173.19, 712751
173.97, 711981
174.78, 711255
175.64, 710544
176.63, 709866
177.46, 709202
178.32, 708379
179.12, 707720
179.93, 706957
180.72, 706370
181.52, 705790
182.30, 705248
183.08, 704722
183.86, 704198
184.65, 703678
185.42, 703173
186.21, 701856
186.99, 700058
187.76, 698437
188.55, 697483
189.32, 696984
190.10, 695907
190.92, 695502
191.71, 695109
192.52, 694719
193.32, 694147
194.12, 693793
194.91, 693248
195.69, 692950
196.47, 692658
197.25, 692375
198.05, 692098
198.83, 691823
199.62, 691271
200.41, 690987
201.19, 690645
201.96, 690373
202.74, 690113
203.52, 689854
204.29, 689610
205.08, 689408
205.86, 689209
206.64, 689031
207.42, 688348
208.20, 685470
208.98, 685308
209.75, 684934
210.53, 684779
211.32, 684634
212.09, 684557
212.91, 683887
213.75, 683827
214.60, 683784
215.39, 683750
216.30, 682911
217.13, 682742
217.91, 682593
218.68, 682565
220.29, 7093405
221.10, 6922776
221.88, 6761821
222.66, 6612439
223.47, 6466011
224.25, 6324687
225.03, 6186349
225.82, 6050684
226.59, 5914597
227.37, 5788493
228.17, 5663253
228.94, 5543359
229.71, 5424596
230.54, 5312978
231.32, 5204423
232.12, 5099782
232.91, 4996343
233.71, 4892955
234.55, 4795415
235.32, 4699290
236.10, 4604717
236.89, 4515438
237.72, 4420251
238.51, 4333337
239.28, 4250154
240.07, 4168982
240.87, 4086903
241.65, 4008029
242.43, 3926125
243.21, 3846630
243.99, 3771040
244.79, 3697594
245.58, 3627103
246.37, 3560157
247.14, 3493938
247.92, 3426468
248.71, 3361670
249.49, 3301369
250.27, 3239878
251.05, 3179863
251.85, 3120955
252.69, 3063628
253.46, 3007459
254.29, 2953711
255.10, 2899445
255.90, 2849067
256.67, 2800184
257.45, 2752046
258.22, 2703236
259.02, 2655390
259.79, 2608637
260.60, 2562969
261.41, 2518148
262.20, 2474056
262.98, 2433116
263.76, 2392331
264.53, 2353374
265.31, 2313913
266.12, 2275270
266.92, 2236392
267.69, 2199214
268.47, 2162096
269.26, 2125212
270.03, 2088911
270.82, 2052751
271.60, 2016824
272.38, 1982106
273.19, 1948176
274.04, 1915494
274.83, 1884379
275.60, 1852934
276.38, 1820364
277.16, 1793136
277.94, 1761113
278.71, 1735766
279.49, 1705685
280.28, 1676884
281.06, 1653367
281.86, 1629854
282.64, 1606100
283.42, 1582706
284.20, 1559729
284.99, 1537731
285.80, 1514261
286.59, 1480186
287.36, 1460036
288.14, 1439929
288.91, 1422392
289.72, 1405522
290.54, 1389865
291.32, 1374432
292.11, 1355034
292.92, 1339707
293.71, 1324849
294.49, 1310355
295.27, 1292021
296.05, 1278273
296.84, 1264079
297.61, 1250404
298.39, 1237466
299.17, 1224124
299.96, 1211573
300.76, 1199375
