0.00, 6920189
0.00, 6871622
0.00, 6849884
0.00, 6848531
0.00, 6845418
0.00, 6839552
0.01, 6833701
0.01, 6822518
0.02, 6781924
0.02, 6774300
0.02, 6728115
0.02, 6647405
0.02, 6634506
0.02, 6594236
0.02, 6592557
0.02, 6564579
0.02, 6526748
0.02, 6526501
0.02, 6501989
0.28, 6430955
0.28, 6427332
0.28, 6421348
0.28, 6398627
0.84, 6397834
0.84, 6381121
0.84, 6376184
0.84, 6375019
0.84, 6374069
0.84, 6371695
0.84, 6370663
0.84, 6370229
0.84, 6354000
0.84, 6352526
0.84, 6349516
0.84, 6349073
0.84, 6345736
0.84, 6339228
0.84, 6317444
0.84, 6309232
0.84, 6258216
0.84, 6236121
0.84, 6236108
0.84, 6234105
0.84, 6120214
0.84, 6113947
0.85, 6111434
0.85, 6111176
0.85, 6053974
0.85, 6044766
0.86, 6044337
0.86, 6032550
0.86, 6026360
0.86, 6019431
0.86, 5994349
0.86, 5987381
0.86, 5985778
0.86, 5985262
0.86, 5979881
0.86, 5930959
0.86, 5928206
0.86, 5913150
0.86, 5912550
0.86, 5910716
0.86, 5906070
0.86, 5890426
0.86, 5882288
0.86, 5842852
0.86, 5835565
0.86, 5835390
0.87, 5825431
0.87, 5821804
0.87, 5821732
0.87, 5818597
0.87, 5800804
0.87, 5784192
0.87, 5682046
0.87, 5673380
0.87, 5671574
0.87, 5663511
0.87, 5650397
0.87, 5649741
0.87, 5637954
0.87, 5634126
0.87, 5633855
0.87, 5621000
0.87, 5616736
0.88, 5580407
0.88, 5577075
0.88, 5506791
0.88, 5506565
0.88, 5493557
0.88, 5459042
0.88, 5417174
0.88, 5397367
0.88, 5368524
0.88, 5352209
0.88, 5331327
0.88, 5323881
0.88, 5311063
0.88, 5310224
0.88, 5298885
0.88, 5281848
0.88, 5281816
0.88, 5278803
0.88, 5278638
0.88, 5253516
0.88, 5244587
0.88, 5237024
0.88, 5218451
0.88, 5157156
0.88, 5128563
0.88, 5126908
0.88, 5124923
0.88, 5120464
0.88, 5118397
0.88, 5109352
0.88, 5083736
0.88, 5070136
0.88, 5062950
0.88, 5047598
0.88, 5038949
0.88, 5038402
0.88, 5015117
0.88, 4988263
0.88, 4880362
0.88, 4860373
0.89, 4836243
0.89, 4833409
0.89, 4828637
0.89, 4799344
0.89, 4766367
0.89, 4728251
0.89, 4727894
0.90, 4725903
0.90, 4707243
0.90, 4670258
0.90, 4647969
0.90, 4632972
0.90, 4618394
0.90, 4612808
0.90, 4602462
0.91, 4598134
0.91, 4596719
0.91, 4581748
0.91, 4581229
0.91, 4578303
0.91, 4577181
0.91, 4575787
0.91, 4567228
0.91, 4565025
0.91, 4564471
0.91, 4557108
0.91, 4551491
0.91, 4550104
0.91, 4537635
0.91, 4526136
0.91, 4518874
0.91, 4517197
0.91, 4502014
0.91, 4468650
0.91, 4464405
0.91, 4452952
0.91, 4441375
0.92, 4435312
0.92, 4428856
0.92, 4422566
0.92, 4420382
0.92, 4415512
0.92, 4415489
0.92, 4409920
0.92, 4401842
0.92, 4391338
0.92, 4390252
0.92, 4388323
0.92, 4387222
0.92, 4386391
0.92, 4382887
0.93, 4312318
0.93, 4309175
0.93, 4306474
0.93, 4291705
0.93, 4262209
0.93, 4261595
0.93, 4261369
0.93, 4256973
0.93, 4252469
0.93, 4241162
0.94, 4234940
0.94, 4233625
0.94, 4215199
0.94, 4215181
0.94, 4213851
0.94, 4209863
0.94, 4197682
0.94, 4181978
0.94, 4171125
0.94, 4168155
0.94, 4166728
0.94, 4155369
0.94, 4137227
0.94, 4136658
0.94, 4133634
0.94, 4125002
0.95, 4122320
0.95, 4101462
0.95, 4100494
0.95, 4087719
0.95, 4081616
0.95, 4076955
0.95, 4043548
0.95, 4041963
0.95, 4011214
0.95, 3993643
0.95, 3972258
0.95, 3969631
0.95, 3949355
0.96, 3932191
0.96, 3925181
0.96, 3906017
0.96, 3902673
0.96, 3899118
0.96, 3875131
0.96, 3860091
0.96, 3858799
0.96, 3857742
0.96, 3851798
0.96, 3851392
0.96, 3851169
0.96, 3843191
0.96, 3840734
0.96, 3834238
0.96, 3830481
0.96, 3825917
0.96, 3816893
0.96, 3815002
0.96, 3810503
0.96, 3809124
0.96, 3808781
0.96, 3808769
0.96, 3808514
0.97, 3711447
0.97, 3705976
0.97, 3704920
0.97, 3704408
0.97, 3697430
0.97, 3691403
0.97, 3686374
0.97, 3684452
0.97, 3680572
0.97, 3660141
0.97, 3658351
0.97, 3638000
0.97, 3628965
0.97, 3621103
0.97, 3620505
0.97, 3619778
0.97, 3619515
0.97, 3614893
0.97, 3613289
0.97, 3603180
0.97, 3602076
0.97, 3596302
0.97, 3561311
0.97, 3560194
0.97, 3540615
0.98, 3536175
0.98, 3534942
0.98, 3523868
0.98, 3522786
0.98, 3517097
0.98, 3488208
0.98, 3479478
0.98, 3477696
0.98, 3476890
0.98, 3472257
0.98, 3470651
0.98, 3468550
0.98, 3458381
0.99, 3453459
0.99, 3448221
0.99, 3447270
0.99, 3446337
0.99, 3423812
0.99, 3420393
1.00, 3409773
1.00, 3409219
1.00, 3397639
1.00, 3395389
1.00, 3392604
1.00, 3389481
1.00, 3387415
1.00, 3384047
1.00, 3368980
1.00, 3339591
1.00, 3338481
1.00, 3330334
1.00, 3329633
1.00, 3326925
1.00, 3316850
1.00, 3315636
1.01, 3314304
1.01, 3296800
1.01, 3287365
1.01, 3278654
1.01, 3274468
1.01, 3271340
1.01, 3265271
1.01, 3262975
1.01, 3258913
1.01, 3241597
1.01, 3206448
1.01, 3197030
1.01, 3193158
1.01, 3182827
1.02, 3177135
1.02, 3176174
1.02, 3170641
1.02, 3170297
1.02, 3164474
1.02, 3159295
1.02, 3155538
1.02, 3152414
1.02, 3152304
1.02, 3151102
1.02, 3148936
1.02, 3147392
1.02, 3145016
1.02, 3141289
1.02, 3140658
1.02, 3139190
1.02, 3136249
1.02, 3132627
1.02, 3131700
1.02, 3126765
1.03, 3121815
1.03, 3121444
1.03, 3120467
1.03, 3117218
1.03, 3106665
1.03, 3104544
1.03, 3100829
1.03, 3100644
1.03, 3098603
1.03, 3092015
1.03, 3084854
1.03, 3083514
1.03, 3081989
1.03, 3073204
1.03, 3067985
1.03, 3044236
1.03, 3019891
1.03, 3016469
1.03, 3010606
1.03, 3008454
1.03, 2998143
1.03, 2996453
1.04, 2993849
1.04, 2993587
1.04, 2982743
1.04, 2981821
1.04, 2974032
1.04, 2967179
1.04, 2966060
1.04, 2963657
1.04, 2960674
1.04, 2958799
1.04, 2939310
1.04, 2936424
1.04, 2935294
1.04, 2932444
1.04, 2931157
1.04, 2923019
1.04, 2919740
1.04, 2918866
1.04, 2918412
1.04, 2912906
1.04, 2906141
1.04, 2903225
1.04, 2901889
1.04, 2901474
1.04, 2898434
1.05, 2897364
1.05, 2868320
1.05, 2866820
1.05, 2865891
1.05, 2865870
1.05, 2864515
1.05, 2861996
1.05, 2845124
1.05, 2839656
1.05, 2839166
1.05, 2835828
1.05, 2835241
1.05, 2818103
1.05, 2811498
1.05, 2806184
1.05, 2796678
1.05, 2756632
1.05, 2756194
1.05, 2730651
1.05, 2727838
1.05, 2666619
1.05, 2663420
1.05, 2662686
1.06, 2651242
1.06, 2647640
1.06, 2647486
1.06, 2644020
1.06, 2643181
1.06, 2639965
1.06, 2636193
1.06, 2633522
1.06, 2632399
1.06, 2632291
1.07, 2585712
1.07, 2585141
1.07, 2582159
1.07, 2579969
1.07, 2578517
1.07, 2577694
1.07, 2574300
1.07, 2569875
1.07, 2565961
1.07, 2559181
1.08, 2558554
1.08, 2556964
1.08, 2555987
1.08, 2535972
1.08, 2535780
1.08, 2522587
1.08, 2522286
1.08, 2514160
1.09, 2513813
1.09, 2512518
1.09, 2511535
1.09, 2501764
1.09, 2497882
1.09, 2497573
1.09, 2488889
1.09, 2486050
1.10, 2484640
1.10, 2482765
1.10, 2478188
1.10, 2474693
1.10, 2473498
1.10, 2467222
1.10, 2465394
1.10, 2464779
1.10, 2464651
1.10, 2464259
1.10, 2463852
1.10, 2461839
1.11, 2459412
1.11, 2459276
1.11, 2457105
1.11, 2454662
1.11, 2453304
1.11, 2450558
1.11, 2448989
1.11, 2442331
1.11, 2441698
1.11, 2438039
1.12, 2435567
1.12, 2432758
1.12, 2432307
1.12, 2431608
1.12, 2431506
1.12, 2430949
1.12, 2424610
1.12, 2420676
1.12, 2419742
1.12, 2415306
1.12, 2411586
1.12, 2407934
1.12, 2401534
1.12, 2400986
1.12, 2399764
1.12, 2398197
1.12, 2395044
1.12, 2382238
1.12, 2381519
1.12, 2381166
1.13, 2378695
1.13, 2377787
1.13, 2377750
1.13, 2357249
1.13, 2356930
1.13, 2347379
1.13, 2347113
1.13, 2347019
1.13, 2333068
1.13, 2327251
1.14, 2324433
1.14, 2303517
1.14, 2302340
1.14, 2291820
1.14, 2291149
1.14, 2290073
1.14, 2289496
1.14, 2286461
1.14, 2285886
1.14, 2283123
1.14, 2280617
1.14, 2272856
1.15, 2271978
1.15, 2268701
1.15, 2268163
1.15, 2263511
1.15, 2261901
1.15, 2261735
1.15, 2261365
1.15, 2252728
1.15, 2249943
1.15, 2247086
1.15, 2246717
1.15, 2245178
1.15, 2230704
1.16, 2229981
1.16, 2228947
1.16, 2226449
1.16, 2226395
1.16, 2226340
1.16, 2223285
1.16, 2223203
1.16, 2221447
1.17, 2221223
1.17, 2221163
1.17, 2216752
1.17, 2216249
1.17, 2215433
1.17, 2214072
1.17, 2211372
1.17, 2204456
1.17, 2203658
1.17, 2200787
1.17, 2200068
1.17, 2198847
1.17, 2197264
1.17, 2180289
1.17, 2180075
1.18, 2179727
1.19, 2179161
1.19, 2179158
1.19, 2178598
1.19, 2176298
1.19, 2173079
1.19, 2168997
1.19, 2118133
1.19, 2053027
1.19, 2051419
1.19, 2050208
1.19, 2045854
1.19, 2045199
1.20, 2045183
1.20, 2043183
1.20, 2040170
1.20, 2038644
1.20, 2037665
1.21, 2032796
1.21, 2032299
1.21, 2030577
1.21, 2021289
1.21, 2007817
1.21, 2004173
1.21, 2002171
1.21, 1970310
1.21, 1968862
1.22, 1964224
1.22, 1960972
1.22, 1960432
1.22, 1952528
1.22, 1952428
1.22, 1936969
1.22, 1934031
1.22, 1934028
1.22, 1910173
1.22, 1909031
1.22, 1908083
1.22, 1901951
1.22, 1901801
1.23, 1896993
1.23, 1896815
1.23, 1895613
1.23, 1895227
1.23, 1895090
1.24, 1889690
1.24, 1889312
1.24, 1889047
1.24, 1886481
1.25, 1886429
1.25, 1884118
1.25, 1883742
1.25, 1880215
1.25, 1878260
1.25, 1878085
1.25, 1868310
1.25, 1867819
1.26, 1867720
1.26, 1865437
1.26, 1834558
1.26, 1834385
1.26, 1832927
1.26, 1831897
1.26, 1831742
1.27, 1830495
1.27, 1829538
1.27, 1828447
1.27, 1828146
1.27, 1827635
1.28, 1820407
1.28, 1818697
1.28, 1817730
1.29, 1817344
1.29, 1817300
1.29, 1817183
1.29, 1816052
1.29, 1815365
1.29, 1812232
1.29, 1809974
1.29, 1809066
1.30, 1805768
1.30, 1772973
1.30, 1771616
1.30, 1769495
1.30, 1767751
1.30, 1766528
1.30, 1763372
1.30, 1763261
1.30, 1751215
1.31, 1750759
1.31, 1748799
1.31, 1745069
1.31, 1741914
1.31, 1740787
1.31, 1740468
1.31, 1738681
1.32, 1719720
1.32, 1718812
1.32, 1716900
1.32, 1714385
1.32, 1711027
1.32, 1709620
1.32, 1705653
1.32, 1705604
1.32, 1703804
1.32, 1703330
1.33, 1702115
1.33, 1700437
1.33, 1681642
1.33, 1680911
1.34, 1679401
1.34, 1651750
1.34, 1651345
1.34, 1638817
1.34, 1623794
1.34, 1621362
1.35, 1620660
1.35, 1620598
1.35, 1620531
1.36, 1614777
1.36, 1611453
1.36, 1610266
1.37, 1609656
1.37, 1608559
1.37, 1608418
1.37, 1608098
1.37, 1608033
1.38, 1604116
1.38, 1593769
1.38, 1592122
1.39, 1591022
1.39, 1585059
1.39, 1583646
1.39, 1582266
1.40, 1581960
1.40, 1581031
1.40, 1577734
1.40, 1577030
1.40, 1552004
1.40, 1551565
1.41, 1549864
1.41, 1548938
1.41, 1548637
1.41, 1548450
1.41, 1548117
1.41, 1545671
1.41, 1537701
1.41, 1531212
1.42, 1531210
1.42, 1531115
1.42, 1520746
1.42, 1520006
1.42, 1518181
1.42, 1517838
1.42, 1516689
1.43, 1512338
1.43, 1506002
1.43, 1505701
1.44, 1505414
1.45, 1504060
1.45, 1503134
1.45, 1474364
1.46, 1474080
1.46, 1465439
1.46, 1464937
1.48, 1463189
1.48, 1462949
1.48, 1460383
1.48, 1459057
1.49, 1458649
1.49, 1458608
1.49, 1456106
1.49, 1455315
1.49, 1453959
1.50, 1447317
1.50, 1446812
1.50, 1443519
1.50, 1441318
1.50, 1439932
1.50, 1439177
1.51, 1439112
1.51, 1438867
1.51, 1438732
1.52, 1436489
1.52, 1436357
1.52, 1436174
1.52, 1432180
1.53, 1431924
1.53, 1428585
1.54, 1428372
1.54, 1423768
1.54, 1423577
1.55, 1423211
1.55, 1421228
1.56, 1415797
1.56, 1415580
1.57, 1415516
1.57, 1415173
1.58, 1414181
1.58, 1385120
1.58, 1385093
1.58, 1384030
1.58, 1381794
1.58, 1380106
1.59, 1379200
1.60, 1378044
1.60, 1374024
1.60, 1372880
1.60, 1361688
1.60, 1361218
1.60, 1359502
1.60, 1354331
1.61, 1354325
1.61, 1353870
1.61, 1351762
1.62, 1344447
1.62, 1343195
1.63, 1341975
1.63, 1341488
1.64, 1340524
1.64, 1339306
1.65, 1339005
1.65, 1338894
1.65, 1337431
1.66, 1324745
1.66, 1318240
1.66, 1309197
1.67, 1308380
1.67, 1306640
1.67, 1305020
1.67, 1300842
1.67, 1299793
1.67, 1299650
1.68, 1289285
1.68, 1287801
1.68, 1286826
1.68, 1286459
1.69, 1282985
1.70, 1279166
1.70, 1278867
1.70, 1276491
1.71, 1276450
1.71, 1274050
1.71, 1270359
1.72, 1269676
1.73, 1269655
1.74, 1258759
1.74, 1257583
1.74, 1255884
1.75, 1255176
1.75, 1255053
1.75, 1254931
1.77, 1254668
1.77, 1251467
1.77, 1233001
1.77, 1232405
1.78, 1231262
1.78, 1230859
1.79, 1229520
1.80, 1228070
1.80, 1227844
1.80, 1226765
1.80, 1226541
1.80, 1226095
1.81, 1189601
1.81, 1187598
1.82, 1187333
1.83, 1186585
1.83, 1185045
1.83, 1176150
1.84, 1159191
1.84, 1150961
1.85, 1136032
1.87, 1135792
1.87, 1132303
1.87, 1131533
1.87, 1129129
1.88, 1121695
1.88, 1121265
1.88, 1091719
1.88, 1091228
1.88, 1090376
1.89, 1083651
1.89, 1083574
1.90, 1082817
1.90, 1082172
1.90, 1081323
1.90, 1074025
1.90, 1071892
1.90, 1059898
1.91, 1059354
1.92, 1057685
1.93, 1057672
1.93, 1057526
1.93, 1055642
1.94, 1055206
1.95, 1055028
1.96, 1053768
1.96, 1051913
1.96, 1050692
1.98, 1043148
2.00, 1040932
2.00, 1040929
2.02, 1040416
2.02, 1037235
2.04, 1030767
2.07, 1030371
2.08, 1027603
2.08, 1025092
2.08, 1022579
2.08, 1022101
2.08, 1020807
2.08, 1020463
2.08, 1018936
2.09, 1018695
2.10, 1015345
2.12, 994263
2.12, 993042
2.13, 991288
2.13, 990937
2.14, 988757
2.15, 988621
2.16, 988329
2.17, 987572
2.18, 987418
2.18, 986239
2.18, 985644
2.19, 981009
2.20, 980596
2.21, 976401
2.21, 976392
2.22, 975879
2.22, 975238
2.22, 974899
2.22, 973106
2.23, 970531
2.23, 970095
2.23, 969691
2.25, 926901
2.29, 926868
2.29, 926095
2.30, 925507
2.30, 925249
2.31, 924575
2.31, 923312
2.31, 922711
2.32, 922138
2.32, 918054
2.33, 917058
2.34, 916458
2.34, 915442
2.36, 913449
2.37, 913334
2.38, 911568
2.38, 910311
2.42, 909815
2.42, 904904
2.42, 904658
2.44, 904562
2.44, 904389
2.44, 902461
2.45, 902161
2.45, 901826
2.45, 896836
2.46, 895778
2.48, 882232
2.50, 865562
2.50, 865020
2.57, 864887
2.60, 864769
2.61, 860313
2.61, 860075
2.61, 860057
2.62, 859998
2.62, 859845
2.62, 859556
2.63, 855738
2.64, 854059
2.66, 852703
2.66, 849215
2.67, 845952
2.67, 845429
2.67, 845263
2.68, 844831
2.69, 844391
2.69, 843341
2.71, 840891
2.71, 839193
2.71, 838713
2.73, 837780
2.74, 832858
2.75, 831698
2.77, 830595
2.77, 826877
2.77, 824880
2.77, 824824
2.77, 824476
2.77, 823921
2.80, 823892
2.80, 823735
2.80, 823648
2.81, 823630
2.82, 822222
2.85, 814622
2.86, 814460
2.91, 812710
2.93, 807442
2.94, 807076
2.97, 805463
2.98, 804777
2.99, 804622
2.99, 803024
3.00, 800513
3.00, 800353
3.00, 799483
3.01, 799461
3.01, 798617
3.01, 797873
3.18, 797353
3.19, 785216
3.20, 784843
3.20, 784485
3.24, 783873
3.25, 782751
3.28, 781503
3.28, 779395
3.29, 778841
3.29, 778565
3.42, 776743
3.42, 776604
3.45, 775228
3.46, 769645
3.48, 769520
