0.00, 7191643
0.00, 7181520
0.00, 7174648
0.00, 7170415
0.00, 7150467
0.00, 7112887
0.00, 7040847
0.00, 7015886
0.00, 7013475
0.00, 7008884
0.00, 7004229
0.01, 6978268
0.01, 6974619
0.01, 6963774
0.01, 6961090
0.01, 6916075
0.01, 6911894
0.02, 6892467
0.02, 6878094
0.02, 6877290
0.02, 6875789
0.02, 6842225
0.02, 6797429
0.02, 6796861
0.06, 6780929
0.13, 6754737
0.13, 6749621
0.13, 6742271
0.13, 6735662
0.13, 6728830
0.13, 6672585
0.13, 6644124
0.31, 6580887
0.31, 6553505
0.31, 6536673
0.31, 6535953
0.31, 6519593
0.36, 6512347
0.36, 6488343
0.36, 6484820
0.36, 6467101
0.36, 6463815
0.37, 6450674
0.37, 6437124
0.46, 6404633
0.46, 6397890
0.46, 6392423
0.46, 6388711
0.46, 6386317
0.46, 6373897
0.46, 6371273
0.46, 6365918
0.46, 6364368
0.46, 6348515
0.46, 6296190
0.46, 6295115
0.46, 6291551
0.46, 6248020
0.50, 6227606
0.50, 6220290
0.50, 6217391
0.50, 6201217
0.50, 6198894
0.50, 6168563
0.50, 6164837
0.50, 6137139
0.50, 6135447
0.50, 6054463
0.51, 6040993
0.51, 6025325
0.51, 6018403
0.51, 6006218
0.51, 6005729
0.51, 6005122
0.52, 5961480
0.52, 5959449
0.52, 5946290
0.52, 5915894
0.52, 5886780
0.52, 5885138
0.52, 5875296
0.52, 5869108
0.52, 5866787
0.52, 5864810
0.53, 5860257
0.53, 5844764
0.53, 5839516
0.53, 5820400
0.53, 5783109
0.53, 5758266
0.53, 5737831
0.53, 5715080
0.53, 5713869
0.53, 5690611
0.53, 5672596
0.53, 5672529
0.55, 5662896
0.55, 5657280
0.55, 5649314
0.55, 5647497
0.55, 5630330
0.55, 5630080
0.55, 5628933
0.55, 5593129
0.55, 5554329
0.55, 5526594
0.55, 5495728
0.55, 5488080
0.55, 5487564
0.55, 5458369
0.56, 5455475
0.56, 5438513
0.56, 5434806
0.56, 5425374
0.56, 5421355
0.56, 5411788
0.56, 5368199
0.56, 5343462
0.56, 5343112
0.56, 5341286
0.56, 5332813
0.56, 5332524
0.56, 5331107
0.56, 5305562
0.56, 5305243
0.56, 5303580
0.56, 5216883
0.56, 5198057
0.56, 5194062
0.56, 5187751
0.56, 5169881
0.56, 5134483
0.56, 5105882
0.56, 5092860
0.56, 5092687
0.57, 5086974
0.57, 5084615
0.57, 5075278
0.57, 5069327
0.57, 5065867
0.57, 5060760
0.57, 5045735
0.57, 4976843
0.57, 4975922
0.57, 4970068
0.57, 4962733
0.57, 4959521
0.57, 4955361
0.57, 4931632
0.57, 4928027
0.57, 4918904
0.57, 4907275
0.58, 4906198
0.59, 4881886
0.59, 4874955
0.59, 4866748
0.59, 4858183
0.59, 4849500
0.59, 4835396
0.59, 4833126
0.59, 4830003
0.59, 4828542
0.59, 4826426
0.59, 4823635
0.59, 4819746
0.59, 4811237
0.59, 4808199
0.60, 4800563
0.60, 4795799
0.60, 4781170
0.60, 4772677
0.60, 4764761
0.60, 4703946
0.60, 4701008
0.60, 4617513
0.60, 4614332
0.60, 4613677
0.61, 4583692
0.61, 4582860
0.61, 4565240
0.61, 4487171
0.61, 4485531
0.61, 4478402
0.61, 4477454
0.61, 4476764
0.61, 4469593
0.61, 4461161
0.61, 4459198
0.61, 4456732
0.61, 4456422
0.61, 4445618
0.61, 4444806
0.61, 4437044
0.61, 4434556
0.61, 4429555
0.61, 4418500
0.61, 4402689
0.61, 4400157
0.61, 4376274
0.61, 4362234
0.61, 4355039
0.61, 4341561
0.61, 4337548
0.61, 4335098
0.61, 4334683
0.61, 4320085
0.61, 4313903
0.61, 4270895
0.61, 4265363
0.62, 4245202
0.62, 4235205
0.62, 4217813
0.62, 4205502
0.62, 4185766
0.62, 4183515
0.62, 4180706
0.62, 4179419
0.62, 4175274
0.62, 4175104
0.62, 4172242
0.62, 4168896
0.62, 4167741
0.62, 4167365
0.62, 4166528
0.62, 4163436
0.62, 4162957
0.62, 4155284
0.62, 4134583
0.62, 4123153
0.62, 4119930
0.62, 4119161
0.62, 4104021
0.63, 4081330
0.63, 4013872
0.63, 4009035
0.63, 4002188
0.63, 4002068
0.63, 4001275
0.63, 3988195
0.63, 3984020
0.63, 3972240
0.63, 3962889
0.63, 3962830
0.63, 3961211
0.63, 3957998
0.63, 3942502
0.63, 3940302
0.63, 3894751
0.63, 3889637
0.63, 3886211
0.63, 3885056
0.63, 3853437
0.63, 3849003
0.63, 3832832
0.63, 3830331
0.63, 3827034
0.63, 3823366
0.63, 3823168
0.64, 3807075
0.64, 3802720
0.64, 3801284
0.64, 3789577
0.64, 3788695
0.64, 3785398
0.64, 3784277
0.64, 3764046
0.64, 3758687
0.64, 3757208
0.64, 3752074
0.64, 3744544
0.64, 3741200
0.64, 3740664
0.64, 3738430
0.64, 3735402
0.64, 3732449
0.64, 3719357
0.64, 3719194
0.64, 3717283
0.64, 3698842
0.64, 3696106
0.64, 3695519
0.64, 3691384
0.64, 3688582
0.64, 3684844
0.64, 3673175
0.64, 3668915
0.64, 3655854
0.64, 3653946
0.64, 3644656
0.65, 3619023
0.65, 3614589
0.65, 3603580
0.65, 3602448
0.65, 3598610
0.65, 3596970
0.65, 3590464
0.65, 3590330
0.65, 3572102
0.65, 3559361
0.65, 3557819
0.65, 3557532
0.65, 3554514
0.65, 3537436
0.65, 3536904
0.65, 3536862
0.65, 3532109
0.65, 3530371
0.65, 3526912
0.65, 3524554
0.65, 3520047
0.65, 3509715
0.65, 3500455
0.65, 3484914
0.65, 3477210
0.65, 3476795
0.65, 3468579
0.65, 3465975
0.65, 3465388
0.65, 3458291
0.65, 3451764
0.65, 3444266
0.65, 3432852
0.65, 3423939
0.66, 3417835
0.66, 3414502
0.66, 3412528
0.66, 3410687
0.66, 3407294
0.66, 3400049
0.66, 3394081
0.66, 3391242
0.66, 3390164
0.66, 3380813
0.66, 3380624
0.66, 3375863
0.66, 3375248
0.66, 3368306
0.67, 3364619
0.67, 3338597
0.67, 3336213
0.67, 3301295
0.67, 3300306
0.67, 3297053
0.67, 3297012
0.67, 3296465
0.67, 3283753
0.67, 3283088
0.67, 3281227
0.67, 3270897
0.67, 3247845
0.67, 3243229
0.67, 3201055
0.67, 3200319
0.67, 3200301
0.67, 3199991
0.67, 3179407
0.67, 3172514
0.67, 3172386
0.67, 3169246
0.68, 3165727
0.68, 3154493
0.68, 3151643
0.68, 3144812
0.68, 3139217
0.68, 3137426
0.68, 3130633
0.68, 3129439
0.68, 3128473
0.68, 3116343
0.68, 3114587
0.68, 3106321
0.68, 3106174
0.68, 3096960
0.68, 3095736
0.68, 3094370
0.68, 3093775
0.68, 3093550
0.68, 3057495
0.68, 3057103
0.68, 3056044
0.68, 3027138
0.68, 3023603
0.68, 3023240
0.68, 3019221
0.68, 3018418
0.68, 3012946
0.68, 3011238
0.69, 3005965
0.69, 3005755
0.69, 3004928
0.69, 3000414
0.69, 2997967
0.69, 2987045
0.69, 2983434
0.69, 2980241
0.69, 2978147
0.69, 2974180
0.69, 2971399
0.69, 2966366
0.69, 2964773
0.69, 2961283
0.69, 2958698
0.69, 2955601
0.69, 2932926
0.69, 2922347
0.69, 2920286
0.69, 2919282
0.69, 2917697
0.69, 2917280
0.69, 2916557
0.69, 2908897
0.70, 2905069
0.70, 2899172
0.70, 2893684
0.70, 2893567
0.70, 2892990
0.70, 2891821
0.70, 2890546
0.70, 2887254
0.70, 2885991
0.70, 2884574
0.70, 2874720
0.70, 2874679
0.71, 2872646
0.71, 2872313
0.71, 2867164
0.71, 2866534
0.71, 2863010
0.71, 2862065
0.71, 2858139
0.71, 2857660
0.71, 2854165
0.71, 2840701
0.71, 2839633
0.71, 2835848
0.71, 2835657
0.71, 2834186
0.72, 2829001
0.72, 2819916
0.72, 2807718
0.72, 2797857
0.72, 2792815
0.72, 2791946
0.72, 2791755
0.72, 2785273
0.72, 2784318
0.72, 2782136
0.72, 2781528
0.72, 2775387
0.72, 2770948
0.72, 2763080
0.72, 2728196
0.72, 2722992
0.72, 2718855
0.72, 2709800
0.72, 2697025
0.72, 2696371
0.73, 2694968
0.73, 2689735
0.73, 2682210
0.73, 2644754
0.73, 2643970
0.73, 2642902
0.73, 2641638
0.73, 2631454
0.73, 2631111
0.73, 2629474
0.73, 2619380
0.73, 2617620
0.73, 2617357
0.73, 2616169
0.73, 2608551
0.73, 2608186
0.73, 2606153
0.73, 2606046
0.74, 2593720
0.74, 2589918
0.74, 2588876
0.74, 2588192
0.74, 2584245
0.74, 2570118
0.74, 2569843
0.74, 2560649
0.74, 2559647
0.74, 2554063
0.74, 2548675
0.74, 2540145
0.75, 2537650
0.75, 2535976
0.75, 2535620
0.75, 2535404
0.75, 2535363
0.75, 2528239
0.75, 2526394
0.75, 2526058
0.75, 2524150
0.75, 2522580
0.75, 2522377
0.75, 2518803
0.75, 2518751
0.75, 2516355
0.75, 2502337
0.76, 2501502
0.76, 2500306
0.76, 2498466
0.76, 2488120
0.76, 2485784
0.76, 2484147
0.76, 2445543
0.76, 2445531
0.76, 2444293
0.76, 2442652
0.76, 2408534
0.76, 2407608
0.76, 2403258
0.76, 2399597
0.76, 2391724
0.76, 2391189
0.76, 2389632
0.76, 2387874
0.76, 2387340
0.77, 2366562
0.77, 2361970
0.77, 2322299
0.77, 2321706
0.77, 2318095
0.77, 2317839
0.77, 2316875
0.77, 2315491
0.77, 2312989
0.77, 2311877
0.78, 2311541
0.78, 2311203
0.78, 2311106
0.78, 2307431
0.78, 2307258
0.78, 2303109
0.78, 2299790
0.78, 2299148
0.78, 2294865
0.78, 2293800
0.78, 2292012
0.78, 2290386
0.78, 2286476
0.78, 2284123
0.78, 2283935
0.78, 2283314
0.78, 2282185
0.78, 2281257
0.79, 2278657
0.79, 2275074
0.79, 2272435
0.79, 2267670
0.79, 2267283
0.79, 2235424
0.79, 2214796
0.79, 2214003
0.79, 2202318
0.79, 2200997
0.79, 2197972
0.79, 2191345
0.79, 2190804
0.80, 2189288
0.80, 2188958
0.80, 2181739
0.80, 2177929
0.80, 2177492
0.80, 2176389
0.80, 2170878
0.80, 2164858
0.80, 2158132
0.80, 2155678
0.80, 2152828
0.80, 2150524
0.80, 2143774
0.80, 2143702
0.80, 2142945
0.81, 2142583
0.81, 2142242
0.81, 2140120
0.81, 2137735
0.81, 2137697
0.81, 2134505
0.81, 2129548
0.81, 2127695
0.81, 2127022
0.81, 2123567
0.81, 2120110
0.81, 2117153
0.82, 2113440
0.82, 2111753
0.82, 2111045
0.82, 2107996
0.82, 2097916
0.82, 2054207
0.82, 2053484
0.82, 2052441
0.82, 2028402
0.82, 2028364
0.82, 2025572
0.82, 2022314
0.82, 2021602
0.82, 2021209
0.83, 2019564
0.83, 2019225
0.83, 2017848
0.84, 2016247
0.84, 2015386
0.84, 2012677
0.84, 2011967
0.84, 1984810
0.84, 1984800
0.84, 1982019
0.84, 1979311
0.84, 1979030
0.84, 1977372
0.84, 1977304
0.84, 1977067
0.84, 1974953
0.84, 1972556
0.84, 1972401
0.85, 1972240
0.85, 1968370
0.85, 1968215
0.85, 1967247
0.85, 1966838
0.85, 1966702
0.85, 1908331
0.85, 1908019
0.85, 1897736
0.85, 1897720
0.85, 1886960
0.85, 1886947
0.85, 1886487
0.85, 1884266
0.86, 1884255
0.86, 1883581
0.86, 1883019
0.86, 1882794
0.86, 1882789
0.86, 1882385
0.86, 1881414
0.86, 1877080
0.86, 1876850
0.86, 1875997
0.86, 1875207
0.86, 1872545
0.87, 1870648
0.87, 1859784
0.87, 1859597
0.87, 1859420
0.87, 1859063
0.87, 1856523
0.87, 1856323
0.87, 1850951
0.87, 1850749
0.87, 1846402
0.87, 1834501
0.87, 1830466
0.87, 1830175
0.87, 1809296
0.87, 1804385
0.88, 1803686
0.88, 1803356
0.88, 1797891
0.88, 1797572
0.88, 1797464
0.88, 1789681
0.88, 1788914
0.88, 1787376
0.88, 1780593
0.88, 1779745
0.88, 1777919
0.88, 1777163
0.88, 1745579
0.89, 1741053
0.89, 1740540
0.89, 1740416
0.89, 1739883
0.89, 1733152
0.89, 1726280
0.89, 1724861
0.89, 1724619
0.89, 1721721
0.90, 1720356
0.90, 1719719
0.90, 1716790
0.90, 1716674
0.90, 1716379
0.90, 1716165
0.90, 1715394
0.90, 1706462
0.91, 1686538
0.91, 1674478
0.91, 1673109
0.91, 1670748
0.91, 1670522
0.91, 1668201
0.91, 1658600
0.91, 1656699
0.91, 1649497
0.91, 1647114
0.91, 1645601
0.92, 1642997
0.92, 1617393
0.92, 1614964
0.92, 1613724
0.92, 1608343
0.93, 1608168
0.93, 1607744
0.93, 1600915
0.93, 1598977
0.93, 1598951
0.93, 1596659
0.93, 1587712
0.93, 1587219
0.93, 1585810
0.94, 1585399
0.94, 1583616
0.94, 1582799
0.94, 1578147
0.94, 1576436
0.94, 1575253
0.94, 1573796
0.94, 1566490
0.95, 1565906
0.95, 1562746
0.95, 1555106
0.95, 1553472
0.95, 1542618
0.95, 1542209
0.96, 1542153
0.96, 1541312
0.96, 1541131
0.96, 1534482
0.97, 1533794
0.97, 1533053
0.97, 1532178
0.98, 1525444
0.98, 1523902
0.99, 1522124
0.99, 1518592
0.99, 1505793
0.99, 1505765
0.99, 1503746
0.99, 1503519
0.99, 1499238
1.00, 1498992
1.00, 1498823
1.00, 1498608
1.00, 1487449
1.00, 1435715
1.01, 1428437
1.01, 1427244
1.01, 1426845
1.01, 1419208
1.01, 1417289
1.02, 1408944
1.02, 1408393
1.02, 1406264
1.02, 1400733
1.02, 1400655
1.02, 1392877
1.02, 1392370
1.02, 1352359
1.02, 1351021
1.02, 1349558
1.03, 1344523
1.03, 1343797
1.03, 1340818
1.03, 1339727
1.03, 1339458
1.03, 1339135
1.04, 1326111
1.04, 1325979
1.04, 1325073
1.04, 1322208
1.04, 1321873
1.04, 1321700
1.04, 1321672
1.04, 1317249
1.05, 1316649
1.05, 1313657
1.05, 1305841
1.05, 1305080
1.06, 1302635
1.06, 1300725
1.06, 1297842
1.07, 1297260
1.07, 1297059
1.07, 1289589
1.07, 1289023
1.07, 1277677
1.07, 1274120
1.07, 1272546
1.07, 1271860
1.07, 1270614
1.08, 1266109
1.08, 1263724
1.08, 1255564
1.08, 1253511
1.09, 1251603
1.10, 1243971
1.10, 1243656
1.11, 1243000
1.11, 1242075
1.11, 1239664
1.11, 1238346
1.12, 1238109
1.12, 1228889
1.12, 1220575
1.12, 1216318
1.12, 1216065
1.14, 1215572
1.14, 1214424
1.14, 1213609
1.14, 1211566
1.14, 1210977
1.14, 1210142
1.15, 1197012
1.15, 1195665
1.16, 1191861
1.17, 1178794
1.17, 1177944
1.18, 1177587
1.18, 1173893
1.18, 1162708
1.18, 1161651
1.18, 1159902
1.18, 1159555
1.18, 1157608
1.19, 1155438
1.19, 1154421
1.19, 1154023
1.19, 1152577
1.19, 1150235
1.20, 1149982
1.20, 1134195
1.20, 1122696
1.21, 1120175
1.21, 1119212
1.21, 1087937
1.22, 1087628
1.22, 1082139
1.23, 1081389
1.23, 1079536
1.24, 1078933
1.24, 1077417
1.24, 1076639
1.25, 1076113
1.25, 1073008
1.25, 1073001
1.26, 1072055
1.26, 1058538
1.26, 1058258
1.26, 1057628
1.27, 1056443
1.28, 1055619
1.28, 1055386
1.28, 1054809
1.28, 1054148
1.29, 1044893
1.29, 1043209
1.30, 1041566
1.30, 1039179
1.30, 1033305
1.30, 1031976
1.31, 1029153
1.31, 1028853
1.32, 1028561
1.32, 1028279
1.33, 1027018
1.33, 1026212
1.33, 1025266
1.33, 1024693
1.34, 1023499
1.34, 1022903
1.35, 1022464
1.35, 1022058
1.36, 1021998
1.36, 1018849
1.37, 1018611
1.38, 1018590
1.38, 1016766
1.38, 1016579
1.38, 1015935
1.39, 1015864
1.40, 996904
1.40, 995357
1.40, 994243
1.41, 994240
1.43, 990258
1.44, 989113
1.44, 986781
1.45, 985181
1.45, 984165
1.46, 983792
1.47, 982567
1.49, 981289
1.49, 979025
1.49, 977651
1.49, 977173
1.50, 977103
1.50, 976004
1.50, 975640
1.52, 974590
1.52, 974007
1.52, 972976
1.54, 971643
1.54, 971150
1.55, 968295
1.55, 967958
1.57, 967955
1.58, 962435
1.58, 951914
1.59, 951530
1.62, 951187
1.63, 940992
1.63, 940018
1.63, 935458
1.65, 934638
1.66, 931828
1.66, 929896
1.67, 929676
1.67, 928970
1.67, 925818
1.68, 921911
1.69, 921818
1.70, 921667
1.71, 917752
1.73, 917415
1.73, 915794
1.73, 915759
1.74, 907928
1.74, 894310
1.75, 893361
1.75, 891811
1.76, 891245
1.78, 891117
1.78, 890603
1.79, 888831
1.80, 888197
1.83, 887443
1.83, 887430
1.83, 887004
1.83, 886095
1.84, 882657
1.87, 882595
1.89, 882297
1.94, 881759
1.96, 879798
1.97, 879324
1.97, 879108
1.99, 878670
2.00, 878519
2.00, 878451
2.01, 877027
2.01, 876581
2.03, 875677
2.03, 875629
2.06, 872592
2.06, 867976
2.08, 866633
2.08, 866299
2.09, 864215
2.11, 864117
2.11, 864092
2.12, 857279
2.12, 856476
2.12, 855999
2.13, 855957
2.15, 855775
2.15, 854922
2.19, 854700
2.19, 854120
2.21, 853517
2.22, 853351
2.27, 851550
2.27, 851389
2.27, 851381
2.30, 851257
2.30, 850997
2.31, 850800
2.32, 850427
2.32, 850260
2.33, 849763
2.34, 849137
2.34, 847512
2.36, 846203
2.44, 845802
2.44, 844656
2.44, 844200
2.46, 843908
2.50, 842569
2.53, 839755
2.56, 839409
2.56, 839055
2.61, 838190
2.62, 838030
2.64, 836409
2.67, 834575
2.67, 833944
2.68, 833914
5.01, 833371
5.02, 830153
5.02, 830016
5.08, 829703
5.13, 829651
5.15, 829634
5.21, 829457
5.22, 829069
5.22, 827666
5.23, 825142
5.24, 825039
5.25, 824801
5.27, 823834
5.28, 823179
5.30, 821799
5.32, 820519
5.38, 819965
5.40, 818552
5.40, 818276
5.43, 816990
8.46, 812454
8.47, 811974
8.51, 810380
8.56, 810145
8.59, 807607
11.34, 807251
11.35, 807189
11.39, 805453
11.40, 804488
11.41, 803411
11.43, 802784
11.44, 802586
11.49, 802038
11.49, 801494
11.66, 799571
