0.00, 7082852
0.00, 7080852
0.00, 7071472
0.00, 7062964
0.00, 7061930
0.00, 7052502
0.00, 7013904
0.00, 7012607
0.00, 6997817
0.00, 6996836
0.00, 6993237
0.00, 6991169
0.01, 6984818
0.01, 6984780
0.01, 6973424
0.01, 6952164
0.01, 6899475
0.01, 6888564
0.01, 6883316
0.01, 6872037
0.01, 6871482
0.01, 6868542
0.01, 6867667
0.05, 6833409
0.05, 6816722
0.06, 6813558
0.08, 6808516
0.08, 6804454
0.08, 6768213
0.08, 6759293
0.08, 6758895
0.08, 6715300
0.08, 6704805
0.09, 6698551
0.09, 6674909
0.09, 6658114
0.12, 6623261
0.24, 6605212
0.24, 6516906
0.25, 6497515
0.25, 6471406
0.26, 6453317
0.26, 6365923
0.26, 6348623
0.26, 6343963
0.48, 6330279
0.48, 6330191
0.48, 6304847
0.50, 6245664
0.50, 6197831
0.51, 6178869
0.51, 6133196
0.51, 6127842
0.51, 6126875
0.51, 6123785
0.51, 6123485
0.51, 6118273
0.51, 6093962
0.51, 6087026
0.51, 6083278
0.51, 6068081
0.51, 6062317
0.51, 6053623
0.51, 6027998
0.51, 6008749
0.51, 5962609
0.51, 5958603
0.51, 5956457
0.52, 5951566
0.52, 5850827
0.53, 5846127
0.53, 5832413
0.53, 5816567
0.53, 5816556
0.53, 5814572
0.53, 5800260
0.53, 5799850
0.53, 5799648
0.53, 5798205
0.54, 5786485
0.54, 5783673
0.54, 5778075
0.54, 5766150
0.54, 5765343
0.54, 5763688
0.54, 5718549
0.54, 5713732
0.54, 5711900
0.54, 5706928
0.54, 5705346
0.54, 5703984
0.54, 5703749
0.54, 5699758
0.54, 5682679
0.54, 5677864
0.54, 5675335
0.54, 5675288
0.54, 5666847
0.54, 5665877
0.54, 5665168
0.55, 5659561
0.55, 5655477
0.55, 5654082
0.55, 5652853
0.55, 5645270
0.55, 5610410
0.55, 5598826
0.55, 5590722
0.55, 5576381
0.55, 5574159
0.55, 5539008
0.55, 5524743
0.55, 5480692
0.55, 5464879
0.55, 5454885
0.55, 5434933
0.55, 5434108
0.55, 5401202
0.56, 5374467
0.58, 5357406
0.58, 5330525
0.58, 5329035
0.58, 5323748
0.58, 5320951
0.58, 5320637
0.58, 5313864
0.58, 5308261
0.58, 5304418
0.58, 5301921
0.58, 5295225
0.58, 5288693
0.58, 5283589
0.58, 5282638
0.58, 5280240
0.58, 5272882
0.58, 5260936
0.58, 5249533
0.58, 5240271
0.58, 5221587
0.58, 5215466
0.58, 5178297
0.58, 5165098
0.58, 5159010
0.58, 5153685
0.58, 5151546
0.59, 5126754
0.59, 5124646
0.59, 5124620
0.59, 5123857
0.59, 5083466
0.59, 5072447
0.59, 5067815
0.59, 5062777
0.59, 5060042
0.59, 5041051
0.60, 4930368
0.60, 4929941
0.60, 4913571
0.60, 4901264
0.60, 4886324
0.60, 4884663
0.60, 4883788
0.60, 4881783
0.60, 4835507
0.60, 4824087
0.60, 4823779
0.60, 4820408
0.60, 4794032
0.60, 4788144
0.60, 4757865
0.60, 4744279
0.60, 4692131
0.60, 4679666
0.61, 4679269
0.61, 4675030
0.61, 4672386
0.61, 4671906
0.61, 4671578
0.61, 4661077
0.61, 4657856
0.61, 4656776
0.61, 4650520
0.61, 4646387
0.61, 4646337
0.61, 4623815
0.61, 4623190
0.62, 4617507
0.62, 4605463
0.62, 4595499
0.62, 4569446
0.62, 4552843
0.62, 4547929
0.62, 4542622
0.62, 4542585
0.62, 4541932
0.62, 4537810
0.62, 4459330
0.63, 4457108
0.63, 4453735
0.63, 4450527
0.63, 4434313
0.63, 4431787
0.63, 4430181
0.63, 4411077
0.63, 4399647
0.63, 4399642
0.63, 4395245
0.63, 4393899
0.63, 4383952
0.63, 4382851
0.63, 4381406
0.63, 4376015
0.63, 4375475
0.63, 4360049
0.63, 4353883
0.63, 4342918
0.63, 4325357
0.63, 4312092
0.63, 4311271
0.64, 4309096
0.64, 4271228
0.64, 4266890
0.64, 4265106
0.64, 4264150
0.64, 4260796
0.64, 4253798
0.64, 4250162
0.64, 4232151
0.64, 4230016
0.64, 4211486
0.64, 4208688
0.64, 4196504
0.64, 4192132
0.64, 4188600
0.65, 4188377
0.65, 4181392
0.65, 4166279
0.65, 4149958
0.65, 4148410
0.65, 4142486
0.65, 4137672
0.65, 4131664
0.65, 4129362
0.65, 4127896
0.65, 4123641
0.65, 4123083
0.65, 4121854
0.65, 4121125
0.65, 4089588
0.65, 4082761
0.65, 4079974
0.65, 4079767
0.65, 4055082
0.65, 4049531
0.65, 4048244
0.65, 4033086
0.65, 4029556
0.65, 4015888
0.66, 4002347
0.66, 4000916
0.66, 3994247
0.66, 3993746
0.66, 3992853
0.66, 3991452
0.66, 3984102
0.66, 3974196
0.66, 3973319
0.66, 3972607
0.66, 3966141
0.66, 3956888
0.66, 3948093
0.66, 3947837
0.66, 3940074
0.66, 3939981
0.66, 3939394
0.66, 3933005
0.66, 3925672
0.66, 3919094
0.66, 3918749
0.66, 3917466
0.66, 3913812
0.67, 3897322
0.67, 3882489
0.67, 3875413
0.67, 3855293
0.67, 3837762
0.67, 3837719
0.67, 3833407
0.67, 3830988
0.67, 3825212
0.67, 3819709
0.67, 3816029
0.67, 3800829
0.67, 3796515
0.67, 3795486
0.67, 3764006
0.67, 3759382
0.67, 3753492
0.67, 3752824
0.67, 3750862
0.67, 3746705
0.67, 3745802
0.67, 3743333
0.67, 3713768
0.67, 3685302
0.67, 3679000
0.68, 3678865
0.68, 3676119
0.68, 3667000
0.68, 3665732
0.68, 3648601
0.68, 3634800
0.68, 3632811
0.68, 3630316
0.68, 3627641
0.68, 3622547
0.68, 3621448
0.68, 3621246
0.68, 3619285
0.68, 3618068
0.68, 3616880
0.68, 3614926
0.68, 3614116
0.68, 3613958
0.68, 3608699
0.69, 3526308
0.69, 3525485
0.69, 3520166
0.69, 3518198
0.69, 3515038
0.69, 3485549
0.69, 3479681
0.69, 3474631
0.69, 3474541
0.69, 3469409
0.69, 3468158
0.69, 3434679
0.69, 3434660
0.69, 3430901
0.69, 3423845
0.69, 3399643
0.69, 3398676
0.69, 3398516
0.69, 3398337
0.69, 3396559
0.69, 3394291
0.69, 3393897
0.69, 3391101
0.69, 3389846
0.69, 3385478
0.69, 3384546
0.70, 3381431
0.70, 3380602
0.70, 3374794
0.70, 3374776
0.70, 3354934
0.70, 3323617
0.70, 3323092
0.70, 3277622
0.70, 3275218
0.70, 3272973
0.70, 3272531
0.70, 3268856
0.70, 3265494
0.70, 3246935
0.70, 3240673
0.70, 3237280
0.70, 3237227
0.70, 3226405
0.70, 3224269
0.70, 3224012
0.70, 3219057
0.70, 3209603
0.70, 3209273
0.70, 3206532
0.70, 3201900
0.70, 3184016
0.70, 3183382
0.70, 3183020
0.70, 3182253
0.70, 3180476
0.70, 3178995
0.70, 3178969
0.70, 3173336
0.70, 3170042
0.70, 3165035
0.70, 3157950
0.70, 3138081
0.71, 3115196
0.71, 3109904
0.71, 3108319
0.71, 3106315
0.71, 3062182
0.71, 3061823
0.71, 3054618
0.71, 3052016
0.71, 3048573
0.71, 3047668
0.71, 3046864
0.71, 3033239
0.71, 3027252
0.71, 3024183
0.71, 3021673
0.71, 3019986
0.72, 3016264
0.72, 3013979
0.72, 3012151
0.72, 3011544
0.72, 3011075
0.72, 3005641
0.72, 3004800
0.72, 3001870
0.72, 2997425
0.72, 2996984
0.72, 2995926
0.72, 2993491
0.72, 2985881
0.72, 2964405
0.72, 2959904
0.72, 2950904
0.72, 2948143
0.72, 2945228
0.72, 2943035
0.72, 2939430
0.72, 2937468
0.72, 2930551
0.72, 2929849
0.72, 2929828
0.72, 2927781
0.72, 2926531
0.72, 2925309
0.72, 2907036
0.72, 2906727
0.72, 2906272
0.72, 2901247
0.73, 2876791
0.73, 2876728
0.73, 2858492
0.73, 2857328
0.73, 2857170
0.73, 2856727
0.73, 2850639
0.73, 2850175
0.73, 2849705
0.73, 2845794
0.73, 2844735
0.73, 2828586
0.73, 2794583
0.73, 2757180
0.73, 2756246
0.73, 2743975
0.73, 2738044
0.73, 2734567
0.74, 2730330
0.74, 2726883
0.74, 2713485
0.74, 2711684
0.74, 2705779
0.74, 2698402
0.74, 2693833
0.74, 2691620
0.74, 2690852
0.74, 2685120
0.74, 2680835
0.74, 2680789
0.74, 2680466
0.74, 2641708
0.74, 2637998
0.74, 2636172
0.74, 2629902
0.74, 2627449
0.74, 2626829
0.74, 2625459
0.74, 2623186
0.74, 2611472
0.75, 2610960
0.75, 2604769
0.75, 2600618
0.75, 2586057
0.75, 2584307
0.75, 2582813
0.75, 2582733
0.75, 2581662
0.75, 2581095
0.75, 2577578
0.75, 2575829
0.75, 2575092
0.75, 2574962
0.75, 2557297
0.75, 2553173
0.75, 2553046
0.75, 2548650
0.75, 2547601
0.75, 2541716
0.75, 2466584
0.75, 2465055
0.75, 2464637
0.75, 2450960
0.76, 2450765
0.76, 2450253
0.76, 2446670
0.76, 2444943
0.76, 2444601
0.76, 2438757
0.76, 2436224
0.76, 2436175
0.76, 2435832
0.76, 2432018
0.76, 2431445
0.76, 2428066
0.76, 2427623
0.76, 2427520
0.76, 2420907
0.76, 2420769
0.76, 2419190
0.76, 2416602
0.76, 2414512
0.76, 2413900
0.77, 2411937
0.77, 2397491
0.77, 2304936
0.77, 2297705
0.77, 2296865
0.77, 2294790
0.77, 2292625
0.77, 2292421
0.77, 2290507
0.77, 2280388
0.77, 2279985
0.77, 2279847
0.77, 2279246
0.77, 2277305
0.77, 2275638
0.77, 2275600
0.77, 2275280
0.77, 2273187
0.77, 2273060
0.77, 2262386
0.78, 2260428
0.78, 2260402
0.78, 2259779
0.78, 2256427
0.78, 2256355
0.78, 2254994
0.78, 2243728
0.78, 2237477
0.78, 2219500
0.78, 2218546
0.78, 2213839
0.78, 2213748
0.78, 2210773
0.78, 2209649
0.78, 2203853
0.78, 2203762
0.78, 2190857
0.78, 2190245
0.79, 2189345
0.79, 2186436
0.79, 2183175
0.79, 2177396
0.79, 2148894
0.79, 2147769
0.79, 2141632
0.79, 2120165
0.79, 2119903
0.79, 2118218
0.79, 2116424
0.79, 2115843
0.79, 2115785
0.79, 2112335
0.79, 2110405
0.79, 2109721
0.79, 2106678
0.79, 2103249
0.79, 2093345
0.79, 2077047
0.79, 2073375
0.79, 2071540
0.79, 2069990
0.80, 2063016
0.80, 2061244
0.80, 2057362
0.80, 2057305
0.80, 2056585
0.80, 2056516
0.80, 2054321
0.80, 2053570
0.80, 2052781
0.80, 2052092
0.80, 2051631
0.80, 2048932
0.80, 2047116
0.80, 2038404
0.80, 2037650
0.81, 2037505
0.81, 2037112
0.81, 2034229
0.81, 2034096
0.81, 2032396
0.81, 2028119
0.81, 2023619
0.81, 2019159
0.81, 1990094
0.81, 1984683
0.81, 1981726
0.81, 1979996
0.81, 1979203
0.81, 1979017
0.81, 1978983
0.82, 1977363
0.82, 1977234
0.82, 1976945
0.82, 1976689
0.82, 1975310
0.82, 1974776
0.82, 1973520
0.82, 1969747
0.82, 1968429
0.82, 1964368
0.82, 1961117
0.82, 1951617
0.83, 1949941
0.83, 1943617
0.83, 1942822
0.83, 1941616
0.83, 1941212
0.83, 1938454
0.83, 1937528
0.83, 1937065
0.83, 1936544
0.83, 1936015
0.83, 1935942
0.84, 1934605
0.84, 1931933
0.84, 1927926
0.84, 1926372
0.84, 1887747
0.84, 1887622
0.84, 1887031
0.84, 1876054
0.84, 1873680
0.84, 1873327
0.84, 1872592
0.84, 1871122
0.85, 1867574
0.85, 1856003
0.85, 1854271
0.85, 1850669
0.85, 1841537
0.85, 1841493
0.85, 1840704
0.85, 1840620
0.85, 1839850
0.85, 1838989
0.85, 1837701
0.85, 1837223
0.86, 1836463
0.86, 1836287
0.86, 1830189
0.86, 1828842
0.86, 1828067
0.86, 1827521
0.86, 1819575
0.87, 1818904
0.87, 1816964
0.87, 1816253
0.87, 1789556
0.87, 1789444
0.87, 1789295
0.87, 1788959
0.87, 1788756
0.87, 1787137
0.87, 1779565
0.87, 1772418
0.87, 1769507
0.88, 1767496
0.88, 1766909
0.88, 1766563
0.88, 1766409
0.88, 1765039
0.88, 1764537
0.88, 1762551
0.89, 1758564
0.89, 1751583
0.90, 1749554
0.90, 1748184
0.90, 1744307
0.90, 1740500
0.90, 1734295
0.90, 1733981
0.90, 1733359
0.90, 1732915
0.90, 1731759
0.91, 1730826
0.91, 1730740
0.91, 1729915
0.91, 1728244
0.91, 1724730
0.92, 1676741
0.92, 1675430
0.92, 1674743
0.92, 1669899
0.92, 1667964
0.92, 1667191
0.92, 1645384
0.92, 1641060
0.93, 1634889
0.93, 1596702
0.93, 1595687
0.93, 1594814
0.93, 1594285
0.93, 1593188
0.93, 1583477
0.93, 1578531
0.93, 1577486
0.94, 1575438
0.94, 1573844
0.94, 1571595
0.94, 1570234
0.94, 1553900
0.94, 1548202
0.94, 1547248
0.95, 1546849
0.95, 1545128
0.95, 1544254
0.95, 1541286
0.95, 1540316
0.95, 1539841
0.95, 1539775
0.95, 1539756
0.96, 1538461
0.96, 1536232
0.96, 1535458
0.96, 1535016
0.96, 1534833
0.96, 1533487
0.97, 1530619
0.97, 1522061
0.97, 1521421
0.98, 1521191
0.98, 1521179
0.98, 1520146
0.98, 1515061
0.98, 1514036
0.98, 1513578
0.98, 1512949
0.98, 1495496
0.99, 1495102
0.99, 1494882
0.99, 1493759
0.99, 1493284
0.99, 1493176
0.99, 1483794
1.00, 1483635
1.00, 1482667
1.00, 1482037
1.00, 1478015
1.00, 1473982
1.01, 1473942
1.01, 1472788
1.01, 1471240
1.01, 1463816
1.01, 1462397
1.01, 1462287
1.01, 1462101
1.02, 1456993
1.02, 1455932
1.02, 1452892
1.02, 1452746
1.02, 1452007
1.02, 1451742
1.02, 1446523
1.03, 1436071
1.03, 1435285
1.03, 1434185
1.03, 1434020
1.04, 1428843
1.04, 1427994
1.04, 1426688
1.05, 1426510
1.05, 1426426
1.05, 1426291
1.05, 1422331
1.05, 1421225
1.05, 1420631
1.05, 1417164
1.05, 1417129
1.05, 1414073
1.06, 1412899
1.06, 1400028
1.06, 1396222
1.06, 1395872
1.07, 1395094
1.08, 1390060
1.08, 1387018
1.08, 1386213
1.08, 1385853
1.09, 1384096
1.09, 1382960
1.09, 1382287
1.10, 1347599
1.10, 1346106
1.10, 1345074
1.11, 1344623
1.11, 1344073
1.11, 1343801
1.11, 1343486
1.11, 1343278
1.12, 1343145
1.12, 1336569
1.12, 1334087
1.12, 1332726
1.12, 1332384
1.12, 1320349
1.12, 1320080
1.12, 1319866
1.13, 1319857
1.13, 1312830
1.13, 1312464
1.13, 1309773
1.13, 1308475
1.14, 1308458
1.14, 1307952
1.14, 1306912
1.14, 1305934
1.14, 1305779
1.15, 1287369
1.15, 1287201
1.15, 1285393
1.15, 1285319
1.17, 1282794
1.17, 1282138
1.17, 1282135
1.17, 1280647
1.17, 1255652
1.17, 1255625
1.18, 1255384
1.18, 1254632
1.18, 1253272
1.18, 1252504
1.19, 1252405
1.19, 1251723
1.19, 1250640
1.19, 1250495
1.20, 1250307
1.20, 1250205
1.20, 1249497
1.20, 1247145
1.21, 1244363
1.22, 1227812
1.22, 1220425
1.22, 1220341
1.23, 1220164
1.23, 1218505
1.24, 1203235
1.25, 1202095
1.25, 1201751
1.25, 1186021
1.25, 1184240
1.25, 1184089
1.25, 1183928
1.25, 1183874
1.26, 1180495
1.26, 1179001
1.26, 1176394
1.27, 1174161
1.27, 1173894
1.28, 1169156
1.28, 1168689
1.28, 1165951
1.29, 1164106
1.29, 1164049
1.30, 1163719
1.30, 1161255
1.30, 1160647
1.31, 1157613
1.31, 1157031
1.31, 1156356
1.31, 1156332
1.31, 1151063
1.31, 1147765
1.32, 1146641
1.32, 1104389
1.32, 1101270
1.32, 1100988
1.33, 1100879
1.33, 1100458
1.33, 1085879
1.34, 1080115
1.34, 1079160
1.36, 1072500
1.36, 1072026
1.37, 1069915
1.37, 1066556
1.37, 1065881
1.37, 1063692
1.38, 1062514
1.39, 1061721
1.39, 1061458
1.40, 1060189
1.40, 1058771
1.40, 1058545
1.40, 1056923
1.42, 1055773
1.44, 1055376
1.44, 1055151
1.45, 1047446
1.45, 1047238
1.45, 1044679
1.46, 1039853
1.46, 1036848
1.47, 1036731
1.48, 1033038
1.49, 1031434
1.49, 1030228
1.49, 1029317
1.50, 1023463
1.50, 1022980
1.50, 1022500
1.50, 1021947
1.50, 1019927
1.51, 1019641
1.53, 1015505
1.54, 1013663
1.54, 1010655
1.54, 1009546
1.55, 1009322
1.55, 1008741
1.55, 1008732
1.56, 1006685
1.57, 1006551
1.58, 1005741
1.59, 1004981
1.60, 1004330
1.61, 1004294
1.63, 1004082
1.63, 993206
1.64, 989660
1.65, 989386
1.65, 988127
1.65, 986982
1.66, 985402
1.66, 983985
1.67, 983984
1.67, 982529
1.68, 982515
1.68, 982264
1.68, 980873
1.68, 980865
1.70, 969575
1.72, 967575
1.74, 966935
1.74, 966301
1.74, 964971
1.75, 928135
1.75, 927498
1.75, 927085
1.77, 927012
1.77, 926944
1.77, 925887
1.77, 923155
1.77, 922844
1.78, 919706
1.79, 919615
1.80, 919206
1.80, 918888
1.81, 903071
1.81, 902968
1.82, 902541
1.82, 902088
1.82, 902087
1.82, 900894
1.84, 896570
1.84, 896206
1.84, 896105
1.85, 890784
1.86, 890560
1.87, 880024
1.88, 878821
1.88, 878344
1.89, 876083
1.89, 875235
1.90, 875001
1.90, 874696
1.91, 874224
1.92, 873972
1.93, 873929
1.94, 873497
1.94, 872814
1.96, 872598
1.97, 870799
1.97, 867054
1.98, 865714
2.00, 865299
2.01, 862147
2.02, 861547
2.05, 858801
2.05, 855892
2.07, 830437
2.07, 830114
2.07, 829190
2.08, 829068
2.09, 828835
2.10, 828233
2.10, 828228
2.11, 828170
2.15, 827998
2.15, 827791
2.16, 826365
2.17, 825753
2.18, 825500
2.19, 825234
2.20, 824950
2.20, 823191
2.21, 822072
2.22, 819032
2.22, 818365
2.22, 817557
2.25, 816873
2.25, 816686
2.27, 812192
2.28, 811116
2.31, 809120
2.31, 807934
2.32, 807755
2.33, 807710
2.33, 806695
2.34, 806643
2.34, 806546
2.34, 806374
2.39, 804674
2.41, 804301
2.41, 803865
2.41, 803351
2.41, 803298
2.44, 803291
2.45, 802528
2.46, 801478
2.49, 799701
2.50, 799583
2.50, 797098
2.51, 797095
2.51, 795427
2.57, 790967
2.65, 790922
2.67, 789793
2.71, 788848
8.36, 788537
11.11, 771958
11.13, 771625
