0.00, 6271954
0.00, 6193129
0.00, 6187661
0.00, 6151578
0.00, 6149664
0.00, 6107198
0.00, 6093916
0.00, 6089170
0.00, 5979691
0.00, 5972136
0.00, 5957954
0.00, 5912229
0.00, 5912091
0.00, 5873821
0.00, 5674197
0.00, 5651020
0.01, 5627273
0.01, 5531911
0.01, 5506402
0.01, 5454306
0.01, 5442132
0.01, 5438329
0.01, 5438027
0.01, 5424707
0.01, 5423228
0.01, 5413624
0.01, 5387022
0.01, 5329184
0.01, 5303320
0.01, 5296870
0.02, 5274667
0.04, 5250005
0.04, 5232984
0.04, 5157868
0.04, 5153020
0.04, 5091016
0.04, 4968758
0.04, 4954409
0.04, 4895755
0.30, 4894410
0.30, 4869245
0.33, 4848729
0.33, 4791101
0.33, 4789505
0.33, 4776600
0.33, 4773795
0.33, 4768262
0.33, 4745856
0.33, 4745129
0.33, 4684590
0.33, 4682752
0.33, 4662410
0.35, 4656087
0.35, 4653664
0.35, 4652308
0.35, 4605045
0.35, 4592491
0.35, 4590662
0.35, 4548321
0.35, 4546139
0.35, 4473850
0.35, 4471932
0.35, 4442609
0.35, 4423000
0.36, 4418055
0.36, 4418050
0.36, 4363896
0.36, 4317190
0.36, 4257055
0.37, 4197245
0.37, 4161746
0.37, 4154263
0.37, 4149610
0.37, 4145678
0.37, 4135159
0.37, 4115103
0.37, 4032524
0.37, 4031671
0.37, 4017258
0.37, 3974790
0.37, 3917786
0.37, 3896024
0.37, 3893555
0.37, 3855832
0.38, 3837383
0.38, 3823230
0.38, 3804595
0.38, 3786582
0.38, 3764354
0.38, 3755379
0.38, 3728865
0.38, 3701471
0.38, 3666318
0.38, 3643237
0.38, 3642980
0.38, 3637077
0.38, 3633235
0.38, 3621739
0.38, 3617635
0.38, 3613175
0.38, 3603641
0.38, 3581638
0.38, 3571078
0.38, 3550153
0.38, 3545336
0.38, 3528999
0.39, 3513667
0.39, 3485802
0.39, 3455542
0.39, 3410864
0.39, 3404910
0.41, 3392720
0.41, 3385104
0.41, 3375970
0.41, 3332021
0.41, 3324495
0.42, 3322685
0.42, 3318008
0.42, 3295830
0.42, 3288578
0.42, 3265816
0.42, 3249153
0.42, 3244407
0.42, 3234991
0.42, 3211347
0.42, 3206116
0.42, 3170218
0.42, 3153470
0.42, 3153152
0.42, 3148446
0.42, 3123383
0.42, 3062028
0.42, 3039379
0.42, 3023744
0.42, 3023167
0.42, 3000580
0.42, 2991987
0.42, 2982319
0.42, 2981630
0.42, 2973792
0.42, 2959171
0.43, 2958495
0.43, 2928135
0.43, 2923315
0.43, 2898417
0.43, 2876522
0.43, 2876340
0.43, 2872885
0.43, 2862439
0.43, 2858989
0.44, 2838522
0.44, 2833579
0.44, 2833435
0.44, 2791855
0.44, 2787662
0.44, 2781049
0.44, 2774940
0.44, 2734469
0.44, 2723306
0.44, 2709526
0.44, 2686071
0.44, 2684437
0.44, 2646873
0.44, 2638267
0.44, 2636601
0.44, 2616516
0.44, 2604516
0.44, 2600232
0.44, 2599365
0.44, 2594883
0.45, 2586758
0.45, 2544798
0.45, 2533063
0.45, 2499975
0.45, 2494049
0.45, 2492343
0.45, 2485252
0.45, 2459699
0.45, 2448663
0.45, 2420762
0.45, 2411212
0.45, 2372551
0.45, 2327258
0.45, 2325419
0.45, 2289287
0.45, 2277436
0.45, 2256534
0.45, 2251332
0.45, 2231296
0.45, 2190113
0.45, 2170503
0.45, 2151407
0.45, 2148265
0.45, 2084657
0.45, 2069422
0.45, 2049969
0.45, 2044972
0.45, 2036015
0.45, 2011969
0.46, 1981798
0.46, 1981791
0.46, 1952511
0.46, 1925355
0.46, 1912531
0.46, 1905125
0.47, 1896739
0.47, 1888885
0.47, 1868063
0.47, 1866074
0.47, 1822862
0.47, 1799835
0.47, 1777983
0.47, 1773012
0.47, 1770360
0.47, 1758936
0.47, 1732437
0.47, 1703697
0.48, 1703457
0.48, 1699076
0.48, 1698027
0.48, 1691970
0.48, 1678447
0.48, 1675949
0.48, 1674426
0.48, 1662486
0.48, 1636671
0.48, 1629831
0.48, 1626501
0.48, 1590589
0.48, 1588217
0.48, 1584053
0.48, 1575145
0.48, 1570267
0.48, 1546725
0.48, 1545467
0.48, 1544708
0.49, 1542797
0.49, 1533051
0.49, 1524067
0.49, 1518493
0.49, 1517476
0.49, 1509316
0.49, 1488343
0.49, 1486186
0.49, 1459945
0.49, 1457701
0.49, 1456839
0.50, 1455323
0.50, 1454694
0.50, 1430895
0.51, 1429863
0.51, 1424499
0.51, 1421065
0.51, 1415835
0.51, 1401812
0.51, 1401208
0.51, 1397863
0.51, 1391442
0.51, 1383290
0.51, 1377725
0.51, 1376951
0.51, 1373251
0.52, 1371320
0.52, 1370799
0.52, 1363222
0.52, 1357220
0.52, 1345502
0.52, 1343434
0.52, 1337959
0.52, 1337947
0.52, 1337854
0.53, 1336217
0.53, 1322036
0.53, 1318915
0.53, 1303258
0.53, 1277513
0.53, 1273332
0.54, 1270867
0.54, 1265530
0.54, 1263594
0.54, 1253029
0.55, 1238166
0.55, 1224832
0.55, 1217576
0.55, 1214244
0.55, 1196550
0.56, 1196201
0.56, 1195401
0.56, 1188514
0.57, 1188461
0.57, 1186154
0.57, 1185686
0.57, 1174191
0.57, 1172416
0.57, 1161930
0.58, 1160476
0.58, 1153210
0.59, 1140950
0.59, 1139149
0.59, 1138121
0.59, 1131745
0.59, 1131695
0.59, 1130577
0.60, 1129911
0.60, 1128490
0.60, 1125712
0.60, 1125244
0.60, 1123884
0.61, 1123190
0.61, 1118026
0.61, 1111386
0.61, 1109089
0.62, 1105803
0.62, 1102690
0.63, 1100285
0.63, 1097349
0.63, 1093504
0.65, 1081164
0.66, 1076966
0.66, 1072613
0.66, 1071656
0.66, 1065517
0.66, 1064686
0.66, 1051526
0.68, 1044551
0.70, 1041301
0.70, 1030357
0.70, 1030349
0.72, 1029311
0.72, 1029298
0.73, 1029081
0.73, 1025718
0.73, 1025637
0.74, 1017132
0.74, 1014753
0.75, 999143
0.75, 998518
0.76, 998479
0.76, 994530
0.76, 986531
0.76, 986451
0.76, 985257
0.79, 980161
0.80, 980121
0.81, 973678
0.83, 969066
0.84, 964619
0.85, 963199
0.89, 956651
0.90, 953615
0.91, 948754
0.91, 945363
0.92, 945263
0.93, 938649
1.03, 938439
1.03, 934446
2.24, 931528
2.28, 928192
2.28, 926258
2.31, 921884
2.31, 920959
2.31, 920908
2.39, 920474
2.45, 920066
2.57, 917800
3.96, 915078
4.10, 913761
