0.00, 5674019
0.00, 5657651
0.00, 5656197
0.00, 5613241
0.00, 5605206
0.01, 5583978
0.01, 5563271
0.01, 5561309
0.01, 5476506
0.01, 5456990
0.05, 5428300
0.06, 5421448
0.06, 5351183
0.06, 5327154
0.06, 5316915
0.06, 5308938
0.06, 5276295
0.12, 5268074
0.12, 5262676
0.12, 5246690
0.12, 5197066
0.15, 5183384
0.21, 5168741
0.21, 5124654
0.21, 5123590
0.21, 5123004
0.21, 5100981
0.21, 5099301
0.21, 5094728
0.21, 4984443
0.21, 4976767
0.21, 4951717
0.21, 4839694
0.21, 4810524
0.21, 4733875
0.21, 4689445
0.29, 4668286
0.29, 4662822
0.29, 4646646
0.29, 4633757
0.29, 4633287
0.29, 4595991
0.29, 4564923
0.30, 4511724
0.30, 4511307
0.30, 4490466
0.30, 4475311
0.30, 4471177
0.30, 4440576
0.30, 4308556
0.30, 4214572
0.30, 4099466
0.30, 4027126
0.30, 3945927
0.30, 3942324
0.33, 3929443
0.33, 3926281
0.33, 3908218
0.33, 3887241
0.33, 3885225
0.33, 3855002
0.33, 3815007
0.33, 3799429
0.33, 3782253
0.33, 3762844
0.33, 3753444
0.33, 3744967
0.33, 3726041
0.33, 3589985
0.33, 3565431
0.33, 3526902
0.34, 3484581
0.34, 3434717
0.34, 3433613
0.34, 3423490
0.34, 3418382
0.34, 3401470
0.34, 3374497
0.34, 3355048
0.34, 3353244
0.34, 3324129
0.35, 3324083
0.35, 3316830
0.35, 3316454
0.35, 3314658
0.35, 3302353
0.35, 3224716
0.35, 3198454
0.35, 3187509
0.35, 3186366
0.35, 3171434
0.35, 3166061
0.35, 3158099
0.35, 3153993
0.35, 3152238
0.35, 3133678
0.35, 3128219
0.35, 3126962
0.35, 3112366
0.35, 3090845
0.35, 3089549
0.35, 3054659
0.35, 3013977
0.36, 3004587
0.36, 3001335
0.36, 2991985
0.36, 2958544
0.36, 2914292
0.36, 2898728
0.36, 2896000
0.36, 2890349
0.36, 2889952
0.36, 2881305
0.36, 2874487
0.36, 2873048
0.36, 2838320
0.36, 2824277
0.36, 2820332
0.36, 2802264
0.36, 2793079
0.36, 2783952
0.36, 2733386
0.36, 2724951
0.36, 2713774
0.36, 2712846
0.36, 2679855
0.36, 2665742
0.37, 2642246
0.37, 2639209
0.37, 2604865
0.37, 2592582
0.37, 2581359
0.37, 2566310
0.37, 2544684
0.37, 2519841
0.37, 2519351
0.37, 2518408
0.37, 2516883
0.37, 2511392
0.37, 2492749
0.37, 2489779
0.37, 2465415
0.37, 2455745
0.38, 2453530
0.38, 2443902
0.38, 2409020
0.38, 2367993
0.38, 2334676
0.38, 2302937
0.38, 2297825
0.38, 2289987
0.38, 2263688
0.38, 2253219
0.38, 2250739
0.38, 2245646
0.38, 2226413
0.38, 2211491
0.38, 2200297
0.38, 2198918
0.38, 2174668
0.39, 2163373
0.39, 2157682
0.39, 2155958
0.39, 2149141
0.39, 2148537
0.39, 2138986
0.39, 2137830
0.39, 2132944
0.39, 2130085
0.39, 2124224
0.39, 2075229
0.39, 2074407
0.39, 2054074
0.39, 2041650
0.39, 2026187
0.40, 2010044
0.40, 2008662
0.40, 2006997
0.40, 2006517
0.40, 1995640
0.40, 1995249
0.40, 1980440
0.40, 1939392
0.40, 1931951
0.40, 1928070
0.40, 1926870
0.40, 1925998
0.40, 1915333
0.40, 1910049
0.40, 1909163
0.41, 1892272
0.41, 1880690
0.41, 1877658
0.41, 1868762
0.41, 1865395
0.41, 1862643
0.41, 1853885
0.41, 1838279
0.41, 1829620
0.41, 1812042
0.41, 1811286
0.41, 1804615
0.41, 1803989
0.41, 1796395
0.42, 1795347
0.42, 1794469
0.42, 1788025
0.42, 1781399
0.42, 1778877
0.42, 1778637
0.42, 1771506
0.43, 1763926
0.43, 1760164
0.43, 1734979
0.43, 1730174
0.43, 1729804
0.43, 1725307
0.43, 1724310
0.43, 1718075
0.43, 1714077
0.43, 1710155
0.43, 1707264
0.43, 1685979
0.43, 1684495
0.43, 1670315
0.44, 1669067
0.44, 1656231
0.44, 1648201
0.44, 1628556
0.44, 1628084
0.44, 1622106
0.44, 1595020
0.44, 1591351
0.44, 1587255
0.44, 1587251
0.44, 1579858
0.45, 1575347
0.45, 1567843
0.45, 1549458
0.45, 1539626
0.45, 1519450
0.45, 1518344
0.45, 1516726
0.45, 1499977
0.46, 1499868
0.46, 1494016
0.46, 1479783
0.46, 1476230
0.46, 1461476
0.46, 1454239
0.46, 1449826
0.46, 1446019
0.46, 1431810
0.46, 1417774
0.47, 1413048
0.47, 1401625
0.47, 1397622
0.47, 1394991
0.47, 1393999
0.47, 1392811
0.47, 1386843
0.48, 1386005
0.48, 1385365
0.48, 1368137
0.48, 1367310
0.48, 1366780
0.48, 1364683
0.48, 1360744
0.49, 1357062
0.49, 1348499
0.49, 1346803
0.49, 1341188
0.49, 1337004
0.49, 1309953
0.50, 1295964
0.50, 1276095
0.50, 1275678
0.50, 1254915
0.51, 1250073
0.51, 1248694
0.51, 1239147
0.52, 1224560
0.52, 1213498
0.53, 1204098
0.53, 1192952
0.53, 1180491
0.53, 1179305
0.54, 1175774
0.54, 1174238
0.54, 1172165
0.54, 1167143
0.54, 1163727
0.55, 1160008
0.55, 1158690
0.56, 1152940
0.56, 1151317
0.56, 1140716
0.56, 1113537
0.56, 1097973
0.56, 1088596
0.58, 1075781
0.59, 1074530
0.59, 1068330
0.60, 1068134
0.60, 1056997
0.60, 1055280
0.60, 1054162
0.61, 1046358
0.61, 1042270
0.61, 1041292
0.62, 1040650
0.62, 1040349
0.62, 1039017
0.63, 1037933
0.64, 1032273
0.64, 1027217
0.66, 1024677
0.66, 1024142
0.67, 1019240
0.68, 1014298
0.68, 1012906
0.69, 1010705
0.69, 1008019
0.69, 993742
0.69, 977531
0.70, 975975
0.70, 973168
0.71, 972071
0.72, 970257
0.73, 961402
0.75, 951775
0.76, 948623
0.77, 947829
0.80, 947443
0.80, 944739
0.82, 943258
0.82, 941869
0.84, 940027
0.88, 937015
0.88, 936481
0.99, 935104
1.29, 930289
1.38, 929462
1.71, 922731
4.10, 921776
