0.07, 5557242
0.13, 5361351
0.20, 5162479
0.27, 4976087
0.33, 4779682
0.40, 4604171
0.46, 4449593
0.54, 4295027
0.62, 4152065
0.70, 4006278
0.77, 3871331
0.84, 3738598
0.92, 3615460
0.99, 3505861
1.07, 3403151
1.15, 3290884
1.24, 3190370
1.32, 3101289
1.39, 3005288
1.47, 2916862
1.55, 2820376
1.63, 2733481
1.70, 2660959
1.78, 2582166
1.86, 2499786
1.94, 2430855
2.01, 2358834
2.07, 2295217
2.13, 2234353
2.20, 2177603
2.27, 2123329
2.34, 2070400
2.40, 2018338
2.47, 1970915
2.53, 1925115
2.60, 1873386
2.66, 1821661
2.73, 1769782
2.81, 1727024
2.89, 1686287
2.97, 1631058
3.05, 1596008
3.13, 1561841
3.20, 1531289
3.27, 1497320
3.33, 1460674
3.41, 1433948
3.49, 1395281
3.58, 1369649
3.66, 1347311
3.74, 1328054
3.83, 1308527
3.91, 1289516
3.99, 1272920
4.07, 1245469
4.15, 1218604
4.23, 1203392
4.32, 1188307
4.41, 1173587
4.48, 1159735
4.56, 1145891
4.64, 1132049
4.71, 1118860
4.78, 1106353
4.85, 1094329
4.92, 1082522
4.99, 1071025
5.06, 1060026
5.13, 1049320
5.19, 1036376
5.26, 1002438
5.32, 992491
5.39, 983512
5.47, 973668
5.55, 961620
5.62, 951568
5.70, 942311
5.77, 933845
5.85, 925787
5.93, 919822
6.00, 914023
6.08, 908323
6.15, 903622
6.23, 899378
6.30, 894403
6.37, 890380
6.46, 886465
6.53, 883076
6.61, 879730
6.69, 876580
6.77, 870127
6.84, 867215
6.91, 864509
6.98, 862247
7.05, 860087
7.13, 858389
7.21, 857551
7.29, 856942
7.37, 856335
7.50, 856073
7.61, 855840
7.69, 854917
7.77, 854871
7.93, 5808169
8.01, 5602245
8.09, 5395251
8.17, 5200557
8.25, 5022404
8.33, 4855830
8.41, 4695178
8.49, 4539719
8.56, 4374823
8.64, 4215267
8.73, 4067656
8.81, 3936783
8.89, 3786644
8.97, 3644731
9.05, 3514504
9.19, 3391580
9.33, 3275063
9.43, 3159035
9.52, 3067401
9.60, 2971029
9.68, 2882724
9.76, 2792176
9.85, 2702842
9.94, 2614760
10.03, 2519737
10.11, 2440661
10.20, 2365099
10.28, 2294033
10.36, 2223714
10.44, 2146834
10.51, 2078908
10.59, 2011347
10.66, 1954988
10.74, 1900810
10.82, 1853638
10.91, 1806703
10.99, 1761167
11.07, 1715837
11.15, 1670974
11.23, 1633475
11.32, 1598248
11.40, 1566244
11.48, 1536392
11.56, 1506669
11.64, 1480392
11.72, 1455524
11.79, 1432012
11.86, 1409123
12.00, 1381060
12.11, 1358903
12.21, 1340284
12.32, 1322011
12.43, 1291167
12.52, 1264743
12.61, 1246834
12.70, 1231143
12.80, 1202591
12.88, 1187942
12.96, 1174679
13.04, 1162833
13.12, 1151699
13.19, 1141394
13.26, 1132302
13.34, 1106769
13.41, 1092025
13.48, 1083530
13.55, 1075079
13.62, 1067064
13.69, 1057896
13.76, 1050061
13.83, 1043046
13.90, 1036315
13.96, 1029685
14.03, 1024206
14.11, 1019267
14.18, 1013986
14.25, 1009199
14.33, 1004526
14.39, 1000145
14.46, 996826
14.52, 994029
14.59, 991280
14.65, 988617
14.71, 985578
14.78, 983059
14.85, 981128
14.91, 979366
14.98, 977795
15.04, 976375
15.11, 972511
15.18, 964896
15.25, 959474
15.32, 951876
15.39, 950584
15.47, 949308
15.54, 948204
15.60, 947366
15.67, 946686
15.74, 945603
15.81, 945060
15.87, 944076
15.94, 943788
16.08, 5752827
16.14, 5560155
16.21, 5372844
16.28, 5188279
16.34, 5018034
16.41, 4848619
16.48, 4690479
16.55, 4549325
16.62, 4409166
16.69, 4269180
16.75, 4131688
16.82, 3996804
16.88, 3868733
16.95, 3737805
17.02, 3609590
17.10, 3504513
17.17, 3400139
17.24, 3297286
17.32, 3178335
17.39, 3063968
17.47, 2963319
17.54, 2875102
17.60, 2787460
17.66, 2701316
17.73, 2617843
17.80, 2531518
17.87, 2448411
17.94, 2371675
18.00, 2296244
18.07, 2224970
18.13, 2160626
18.20, 2080115
18.27, 2021058
18.33, 1965579
18.40, 1912097
18.47, 1862972
18.53, 1810889
18.59, 1768060
18.66, 1729347
18.73, 1690730
18.80, 1653501
18.86, 1617896
18.93, 1583901
19.00, 1550470
19.07, 1518616
19.14, 1486319
19.22, 1455212
19.29, 1429400
19.36, 1389213
19.43, 1345386
19.50, 1314765
19.58, 1287469
19.65, 1259967
19.72, 1235321
19.79, 1213294
19.88, 1192599
19.96, 1170075
20.03, 1149864
20.10, 1131282
20.18, 1115870
20.27, 1101475
20.36, 1087786
20.44, 1074864
20.51, 1060124
20.59, 1049280
20.69, 1038765
20.79, 1028331
20.89, 1018992
20.97, 1007470
21.04, 996335
21.11, 987378
21.18, 978815
21.26, 971258
21.32, 964169
21.39, 957169
21.46, 953780
21.53, 950423
21.59, 946571
21.66, 943225
21.72, 939963
21.79, 934221
21.85, 924770
21.92, 916781
21.99, 911827
22.05, 908156
22.13, 893188
22.19, 885444
22.26, 882207
22.33, 879043
22.40, 876138
22.46, 873432
22.52, 871560
22.59, 869753
22.66, 867987
22.73, 866416
22.79, 864960
22.86, 863632
22.93, 862385
22.99, 861281
23.06, 851313
23.14, 850229
23.22, 847905
23.28, 846968
23.36, 846068
23.44, 845540
23.53, 845086
23.62, 841537
23.70, 838862
23.78, 838466
23.86, 838233
23.94, 837771
24.02, 837543
24.11, 830769
24.25, 5786708
24.33, 5589593
24.41, 5399572
24.49, 5215151
24.56, 5046187
24.64, 4877705
24.71, 4720366
24.78, 4574692
24.84, 4430199
24.92, 4296682
25.00, 4156101
25.07, 4025867
25.14, 3890862
25.22, 3748687
25.29, 3630283
25.36, 3504686
25.43, 3393343
25.50, 3283748
25.58, 3170745
25.65, 3067366
25.73, 2968026
25.81, 2882321
25.89, 2803936
25.97, 2707111
26.04, 2635411
26.10, 2569150
26.17, 2497661
26.25, 2427887
26.32, 2362824
26.38, 2294372
26.45, 2232538
26.52, 2170424
26.58, 2109763
26.65, 2049412
26.72, 1998796
26.78, 1948715
26.85, 1904177
26.91, 1860424
26.98, 1814094
27.05, 1771994
27.12, 1734507
27.18, 1694845
27.25, 1657510
27.32, 1611546
27.38, 1576105
27.45, 1542593
27.51, 1509241
27.58, 1478872
27.65, 1451255
27.72, 1427024
27.78, 1401524
27.85, 1377778
27.91, 1355172
27.98, 1332671
28.04, 1310474
28.11, 1288825
28.17, 1271134
28.24, 1253718
28.30, 1236400
28.37, 1202629
28.44, 1186274
28.51, 1170115
28.58, 1155043
28.64, 1140101
28.71, 1125717
28.78, 1111985
28.84, 1099370
28.91, 1086781
28.99, 1074480
29.05, 1063392
29.12, 1052336
29.19, 1041567
29.25, 1025223
29.32, 1014784
29.39, 1002565
29.45, 993365
29.52, 984263
29.58, 975367
29.65, 966567
29.71, 958162
29.78, 940289
29.84, 932801
29.91, 925445
29.97, 918979
30.03, 912300
30.10, 905888
30.16, 901092
30.22, 896614
30.29, 892364
30.35, 888414
30.42, 880798
30.49, 877452
30.55, 874183
30.62, 870932
30.69, 867084
30.76, 859748
30.82, 857055
30.89, 854463
30.96, 852145
31.02, 849883
31.09, 847810
31.16, 845998
31.23, 844702
31.29, 843726
31.36, 842983
31.42, 842046
31.49, 841813
31.56, 841351
31.63, 841305
31.69, 841266
31.76, 841232
