0.08, 5653286
0.16, 5437294
0.24, 5237976
0.31, 5045781
0.39, 4867849
0.46, 4705212
0.54, 4543114
0.62, 4383794
0.70, 4231523
0.78, 4079663
0.86, 3932919
0.94, 3798383
1.01, 3669537
1.08, 3522804
1.16, 3404485
1.23, 3292876
1.31, 3184650
1.39, 3074948
1.46, 2969783
1.54, 2862992
1.62, 2764056
1.69, 2677097
1.76, 2585509
1.82, 2498186
1.89, 2415642
1.96, 2348648
2.04, 2272418
2.12, 2200971
2.20, 2135403
2.28, 2083082
2.35, 2032008
2.42, 1984443
2.49, 1942221
2.55, 1890360
2.61, 1849557
2.68, 1808755
2.75, 1768585
2.82, 1705133
2.89, 1653423
2.96, 1608253
3.03, 1571850
3.09, 1523544
3.18, 1479347
3.27, 1441163
3.34, 1401948
3.41, 1372163
3.50, 1344076
3.58, 1316434
3.66, 1293916
3.74, 1271533
3.81, 1243338
3.87, 1225193
3.94, 1207142
4.01, 1190501
4.08, 1174866
4.16, 1150164
4.24, 1135122
4.31, 1120589
4.38, 1106439
4.46, 1092661
4.53, 1079463
4.61, 1063830
4.68, 1051093
4.76, 1039262
4.83, 1027725
4.89, 1013330
4.96, 1003174
5.03, 993929
5.09, 985549
5.16, 977201
5.22, 969357
5.29, 962120
5.35, 955415
5.41, 948746
5.48, 942171
5.54, 936668
5.61, 931521
5.67, 926484
5.73, 908188
5.80, 902773
5.86, 897977
5.93, 894637
5.99, 891830
6.06, 884083
6.12, 881377
6.19, 878732
6.26, 876336
6.32, 874068
6.39, 872100
6.46, 870288
6.53, 868481
6.60, 866827
6.67, 865256
6.75, 863867
6.83, 862630
6.92, 861012
7.00, 860075
7.08, 859175
7.15, 858379
7.23, 858141
7.31, 857908
7.39, 857446
7.46, 857406
7.61, 6023031
7.69, 5804876
7.77, 5593445
7.84, 5393670
7.91, 5178883
7.99, 4993100
8.08, 4816886
8.16, 4646559
8.23, 4490206
8.30, 4336335
8.37, 4187759
8.43, 4047047
8.51, 3903915
8.59, 3763725
8.66, 3626383
8.73, 3508076
8.81, 3388915
8.92, 3285579
9.00, 3185789
9.08, 3088531
9.19, 2994689
9.29, 2891629
9.38, 2792744
9.46, 2702309
9.55, 2612462
9.63, 2526411
9.72, 2451462
9.81, 2369496
9.90, 2300643
9.98, 2231856
10.07, 2163493
10.16, 2104365
10.25, 2047225
10.33, 1988227
10.42, 1934945
10.49, 1887523
10.56, 1843093
10.62, 1788370
10.71, 1712115
10.79, 1673398
10.87, 1640734
10.95, 1608761
11.02, 1579313
11.09, 1551491
11.17, 1524433
11.25, 1497948
11.33, 1473514
11.41, 1449505
11.48, 1423241
11.55, 1399309
11.62, 1377184
11.69, 1355426
11.77, 1333901
11.84, 1304241
11.92, 1283941
12.00, 1262750
12.08, 1235217
12.16, 1215362
12.25, 1188064
12.33, 1170509
12.41, 1154761
12.49, 1139602
12.57, 1124835
12.65, 1110147
12.73, 1095716
12.80, 1082457
12.88, 1069893
12.96, 1058889
13.03, 1048167
13.10, 1038550
13.18, 1023433
13.25, 1013854
13.32, 1004918
13.39, 996398
13.47, 987930
13.54, 979890
13.61, 972086
13.68, 964532
13.76, 957224
13.84, 950563
13.91, 945333
13.98, 941171
14.05, 937973
14.11, 934943
14.18, 932539
14.25, 922588
14.31, 917792
14.37, 915526
14.44, 913366
14.51, 911546
14.58, 901436
14.64, 899736
14.71, 898165
14.78, 896706
14.87, 895410
14.95, 894163
15.02, 893008
15.11, 892170
15.19, 891492
15.26, 890294
15.34, 889737
15.42, 889504
15.50, 888581
15.57, 888542
15.70, 5736305
15.77, 5538365
15.83, 5359419
15.89, 5175716
15.96, 4999858
16.02, 4839978
16.09, 4683069
16.15, 4507349
16.22, 4349197
16.28, 4191426
16.34, 4044506
16.41, 3903781
16.47, 3763457
16.53, 3628721
16.60, 3509802
16.67, 3395895
16.74, 3281462
16.81, 3174696
16.87, 3069390
16.94, 2956710
17.01, 2856437
17.07, 2754899
17.14, 2659769
17.20, 2574088
17.26, 2489933
17.33, 2405993
17.40, 2322184
17.46, 2256305
17.53, 2190972
17.59, 2127302
17.66, 2064635
17.73, 2008029
17.79, 1952836
17.86, 1889489
17.92, 1840399
17.99, 1792603
18.05, 1744354
18.12, 1693267
18.19, 1650185
18.26, 1611585
18.32, 1571749
18.38, 1532209
18.45, 1499365
18.51, 1468779
18.58, 1427206
18.65, 1396931
18.73, 1367876
18.80, 1331080
18.87, 1302398
18.94, 1275537
19.00, 1251720
19.07, 1230263
19.13, 1210112
19.20, 1183484
19.26, 1162832
19.32, 1143456
19.39, 1124094
19.45, 1107826
19.52, 1092414
19.58, 1076818
19.64, 1061792
19.71, 1049794
19.77, 1038174
19.85, 1016518
19.91, 1003277
19.98, 992603
20.04, 982771
20.11, 959308
20.18, 949977
20.25, 940831
20.31, 931931
20.37, 924088
20.44, 917135
20.50, 912657
20.56, 908463
20.63, 904890
20.70, 901390
20.77, 897946
20.83, 892467
20.90, 889103
20.97, 885834
21.03, 882624
21.10, 879706
21.17, 876801
21.23, 874061
21.30, 871665
21.37, 869592
21.44, 867855
21.50, 863249
21.57, 858052
21.64, 855718
21.71, 854018
21.77, 852395
21.85, 850240
21.91, 849049
21.98, 848211
22.04, 847749
22.10, 847709
22.17, 847670
22.29, 5430985
22.36, 5199890
22.43, 4988411
22.49, 4790888
22.55, 4598303
22.62, 4409383
22.68, 4260154
22.75, 4116678
22.81, 3946073
22.88, 3811627
22.95, 3677295
23.02, 3551141
23.09, 3439971
23.16, 3315225
23.22, 3211957
23.28, 3113935
23.34, 3010015
23.41, 2931774
23.47, 2836422
23.54, 2761891
23.60, 2687624
23.67, 2615533
23.73, 2541826
23.79, 2470070
23.86, 2401983
23.92, 2335592
24.00, 2264007
24.06, 2206268
24.12, 2149783
24.19, 2089153
24.26, 2033265
24.33, 1978981
24.39, 1928525
24.46, 1875755
24.52, 1835789
24.59, 1795018
24.66, 1757675
24.72, 1721482
24.79, 1686040
24.86, 1651459
24.92, 1610024
24.99, 1580396
25.05, 1552939
25.12, 1521832
25.19, 1497383
25.25, 1473583
25.31, 1449872
25.38, 1426603
25.45, 1405754
25.51, 1360677
25.57, 1340641
25.64, 1320715
25.70, 1301330
25.77, 1282707
25.83, 1264116
25.90, 1245632
25.96, 1228015
26.03, 1210617
26.10, 1194374
26.16, 1175636
26.23, 1159693
26.29, 1144464
26.36, 1120333
26.43, 1105280
26.50, 1090540
26.57, 1076137
26.63, 1062324
26.70, 1042309
26.76, 1021428
26.82, 1008471
26.88, 996636
26.95, 985694
27.01, 975058
27.07, 962970
27.14, 954396
27.21, 946032
27.27, 938300
27.34, 931285
27.41, 924275
27.47, 917724
27.54, 910229
27.61, 904089
27.67, 898550
27.73, 894148
27.80, 889928
27.86, 886009
27.92, 882556
27.99, 879453
28.05, 876522
28.12, 874076
28.19, 871801
28.26, 869751
28.32, 868335
28.39, 867180
28.45, 866342
28.51, 865599
28.58, 864662
28.65, 864269
28.71, 862803
28.77, 862763
