0.00, 5692246
0.00, 5687846
0.00, 5627745
0.00, 5559459
0.00, 5559301
0.00, 5558712
0.01, 5488099
0.01, 5453006
0.01, 5447658
0.01, 5443680
0.01, 5422885
0.01, 5402147
0.01, 5385481
0.01, 5352232
0.01, 5345855
0.01, 5302048
0.01, 5295485
0.01, 5287134
0.01, 5249886
0.01, 5239385
0.01, 5216515
0.01, 5194769
0.03, 5185262
0.03, 5069218
0.03, 5031664
0.03, 5021722
0.03, 4876243
0.03, 4875033
0.03, 4817076
0.03, 4798365
0.22, 4741397
0.22, 4679401
0.22, 4650390
0.22, 4588657
0.22, 4587353
0.22, 4555351
0.25, 4460129
0.25, 4410903
0.25, 4376788
0.25, 4327884
0.26, 4323628
0.26, 4307636
0.26, 4262487
0.26, 4246288
0.26, 4241024
0.26, 4238259
0.26, 4223580
0.26, 4199858
0.26, 4144002
0.27, 4112972
0.27, 4034878
0.27, 4003385
0.27, 3969603
0.27, 3929365
0.27, 3889303
0.27, 3834439
0.28, 3811906
0.28, 3798008
0.28, 3796686
0.28, 3775328
0.28, 3769210
0.28, 3764097
0.28, 3754211
0.28, 3750647
0.28, 3712491
0.28, 3706322
0.28, 3689732
0.29, 3677653
0.29, 3625056
0.29, 3586384
0.29, 3579208
0.29, 3544982
0.29, 3533976
0.29, 3506418
0.29, 3495422
0.29, 3486689
0.29, 3477783
0.29, 3472104
0.29, 3472019
0.29, 3464832
0.30, 3441998
0.30, 3437309
0.30, 3429088
0.30, 3373587
0.30, 3363027
0.30, 3346150
0.30, 3343502
0.30, 3327344
0.30, 3321259
0.30, 3313311
0.30, 3313309
0.30, 3303318
0.30, 3261093
0.30, 3260863
0.30, 3228576
0.30, 3223223
0.30, 3216481
0.30, 3202615
0.30, 3198512
0.30, 3166253
0.30, 3160014
0.30, 3154156
0.30, 3031595
0.30, 3016597
0.30, 2942589
0.30, 2897257
0.30, 2857508
0.31, 2853006
0.31, 2832879
0.31, 2827305
0.31, 2798176
0.31, 2797546
0.31, 2775163
0.31, 2772544
0.31, 2751209
0.31, 2745194
0.31, 2742964
0.31, 2742117
0.31, 2733660
0.31, 2733604
0.31, 2686919
0.32, 2684442
0.32, 2672453
0.32, 2661910
0.32, 2643667
0.32, 2638455
0.32, 2613927
0.32, 2608470
0.32, 2607178
0.32, 2601325
0.32, 2586383
0.32, 2584919
0.32, 2580732
0.32, 2579124
0.32, 2576473
0.32, 2573414
0.32, 2558121
0.32, 2552431
0.32, 2541444
0.33, 2528264
0.33, 2514105
0.33, 2513445
0.33, 2394779
0.33, 2388142
0.33, 2381674
0.33, 2346426
0.33, 2333874
0.33, 2300905
0.33, 2299941
0.33, 2298400
0.33, 2295848
0.33, 2286464
0.33, 2283837
0.33, 2282028
0.33, 2266909
0.33, 2264565
0.33, 2254456
0.33, 2241994
0.33, 2230106
0.33, 2197981
0.33, 2175396
0.33, 2169743
0.33, 2168443
0.33, 2167185
0.33, 2162941
0.34, 2136277
0.34, 2115097
0.34, 2096460
0.34, 2096334
0.34, 2095062
0.34, 2088287
0.34, 2085848
0.34, 2048745
0.34, 2044730
0.34, 2040011
0.34, 2025112
0.34, 2016498
0.34, 1983242
0.34, 1974004
0.34, 1962147
0.34, 1958976
0.34, 1956943
0.34, 1955356
0.34, 1943181
0.34, 1911030
0.34, 1884305
0.34, 1881710
0.34, 1873976
0.34, 1868000
0.34, 1857838
0.34, 1832496
0.34, 1826483
0.34, 1816723
0.34, 1813082
0.34, 1803334
0.35, 1801568
0.35, 1783725
0.35, 1773249
0.35, 1769413
0.35, 1767248
0.35, 1757266
0.35, 1753639
0.35, 1740280
0.35, 1728342
0.35, 1726558
0.35, 1699948
0.35, 1699370
0.35, 1685373
0.35, 1684855
0.35, 1676119
0.35, 1667503
0.35, 1661571
0.36, 1661031
0.36, 1655824
0.36, 1652407
0.36, 1644744
0.36, 1644696
0.36, 1639124
0.36, 1626700
0.36, 1599589
0.36, 1593477
0.36, 1580073
0.36, 1569347
0.36, 1568247
0.36, 1566590
0.36, 1560249
0.36, 1524467
0.36, 1522888
0.36, 1507170
0.36, 1506656
0.37, 1504401
0.37, 1501783
0.37, 1495809
0.37, 1492355
0.37, 1492354
0.37, 1482505
0.37, 1480226
0.37, 1474077
0.37, 1473143
0.37, 1470495
0.37, 1469022
0.37, 1467489
0.37, 1455690
0.37, 1449225
0.37, 1449014
0.37, 1447460
0.38, 1437581
0.38, 1426349
0.38, 1416781
0.38, 1402653
0.38, 1400125
0.38, 1388562
0.38, 1347014
0.38, 1345154
0.38, 1342461
0.38, 1338610
0.39, 1337204
0.39, 1332267
0.39, 1327173
0.39, 1325446
0.39, 1303471
0.39, 1292396
0.40, 1288603
0.40, 1288274
0.40, 1287055
0.40, 1286349
0.41, 1278810
0.41, 1276591
0.41, 1274465
0.41, 1268942
0.41, 1268354
0.41, 1265018
0.41, 1260369
0.41, 1259996
0.41, 1253281
0.41, 1251892
0.41, 1250011
0.41, 1242383
0.42, 1239773
0.42, 1238822
0.42, 1238059
0.42, 1230534
0.42, 1229745
0.43, 1227244
0.43, 1219695
0.43, 1217605
0.43, 1215281
0.44, 1200793
0.44, 1197114
0.44, 1196472
0.44, 1193636
0.44, 1185647
0.44, 1183715
0.44, 1179039
0.45, 1176040
0.45, 1174091
0.45, 1172156
0.46, 1167558
0.46, 1157574
0.46, 1150704
0.46, 1145344
0.46, 1145020
0.46, 1140812
0.46, 1140532
0.46, 1129856
0.47, 1128721
0.47, 1127756
0.48, 1126579
0.48, 1122184
0.49, 1122145
0.49, 1119314
0.49, 1111834
0.50, 1102626
0.50, 1098842
0.50, 1091848
0.50, 1079332
0.51, 1076082
0.51, 1071081
0.51, 1067024
0.51, 1061425
0.51, 1054262
0.52, 1054256
0.52, 1053331
0.53, 1050391
0.53, 1048612
0.53, 1032037
0.53, 1031576
0.55, 1026109
0.55, 1020132
0.55, 1016395
0.56, 1003596
0.57, 1003379
0.59, 994913
0.60, 988329
0.60, 976065
0.61, 975901
0.63, 953864
0.64, 953444
0.64, 952505
0.65, 950578
0.66, 948335
0.67, 947787
0.70, 946104
0.70, 925019
0.71, 921102
0.79, 918490
0.91, 913709
0.94, 907239
0.99, 904132
1.04, 904040
