0.07, 5377238
0.14, 5173962
0.21, 4978090
0.28, 4815581
0.35, 4655500
0.42, 4507664
0.48, 4361436
0.56, 4223919
0.64, 4085523
0.72, 3955129
0.79, 3827713
0.86, 3699437
0.92, 3559672
0.99, 3437142
1.06, 3316390
1.14, 3206286
1.22, 3100225
1.30, 3000273
1.37, 2901166
1.45, 2806722
1.53, 2716665
1.61, 2633898
1.68, 2556116
1.76, 2484085
1.83, 2412234
1.91, 2343368
1.98, 2271425
2.04, 2204393
2.11, 2140967
2.18, 2078504
2.25, 2020213
2.31, 1964144
2.38, 1911606
2.45, 1861581
2.52, 1816598
2.60, 1772481
2.67, 1731587
2.74, 1691857
2.82, 1653022
2.89, 1613081
2.95, 1575551
3.02, 1544937
3.09, 1514896
3.16, 1485925
3.22, 1458765
3.29, 1433386
3.35, 1408308
3.42, 1386087
3.48, 1359401
3.55, 1331775
3.62, 1311354
3.68, 1293583
3.75, 1276011
3.81, 1259651
3.88, 1243335
3.94, 1227713
4.01, 1212316
4.08, 1197278
4.16, 1181842
4.23, 1166907
4.31, 1152072
4.38, 1137576
4.44, 1123358
4.51, 1110215
4.59, 1097928
4.67, 1085779
4.74, 1075155
4.81, 1065805
4.89, 1052723
4.97, 1043388
5.04, 1034416
5.12, 1020279
5.19, 1011620
5.27, 1003350
5.35, 995272
5.42, 987336
5.49, 977089
5.56, 970299
5.64, 963536
5.71, 957658
5.79, 952474
5.86, 948224
5.94, 935440
6.01, 931278
6.08, 927771
6.16, 924337
6.23, 914993
6.31, 909550
6.38, 906161
6.46, 902797
6.53, 899529
6.61, 896572
6.68, 882458
6.74, 879567
6.80, 876861
6.87, 874560
6.94, 872551
7.01, 870895
7.07, 869567
7.13, 868251
7.20, 867004
7.26, 865849
7.33, 864974
7.39, 864367
7.46, 863913
7.53, 860364
7.60, 857689
7.67, 857293
7.73, 857037
7.86, 5906988
7.92, 5694339
7.98, 5480655
8.05, 5279209
8.11, 5096393
8.18, 4914841
8.24, 4749088
8.30, 4591520
8.37, 4422893
8.43, 4267042
8.50, 4121937
8.57, 3965834
8.63, 3828054
8.70, 3687104
8.76, 3549962
8.83, 3417397
8.90, 3287411
8.97, 3165306
9.04, 3047352
9.10, 2935042
9.17, 2808917
9.23, 2704035
9.29, 2600513
9.36, 2515058
9.42, 2425924
9.49, 2351902
9.55, 2275372
9.62, 2194369
9.68, 2125689
9.75, 2037087
9.81, 1991514
9.87, 1926820
9.94, 1881401
10.00, 1836585
10.07, 1798206
10.13, 1762578
10.20, 1719224
10.26, 1680751
10.33, 1645840
10.40, 1612542
10.46, 1576405
10.53, 1545246
10.59, 1516917
10.66, 1492335
10.72, 1468204
10.79, 1437022
10.85, 1402785
10.91, 1380066
10.98, 1350780
11.04, 1328327
11.11, 1297394
11.17, 1276343
11.23, 1255455
11.30, 1226180
11.37, 1207087
11.44, 1190117
11.52, 1174643
11.59, 1160889
11.67, 1142623
11.74, 1130039
11.80, 1117704
11.87, 1105824
11.93, 1094430
12.00, 1083541
12.06, 1072716
12.13, 1062118
12.20, 1052290
12.27, 1042743
12.33, 1023307
12.40, 1014271
12.46, 1006705
12.52, 1000584
12.59, 995022
12.66, 990424
12.73, 986159
12.81, 960429
12.88, 956222
12.94, 952159
13.00, 946598
13.07, 942538
13.15, 938754
13.22, 935068
13.30, 931450
13.38, 927998
13.47, 924634
13.56, 921288
13.66, 918185
13.74, 915486
13.82, 912908
13.90, 911074
13.97, 909272
14.04, 907506
14.10, 905813
14.17, 904529
14.24, 903284
14.32, 902201
14.40, 901363
14.47, 900656
14.54, 899978
14.61, 898780
14.68, 898375
14.76, 897632
14.83, 896695
14.89, 896656
15.02, 5690623
15.09, 5497298
15.15, 5317168
15.22, 5132286
15.28, 4971230
15.35, 4814238
15.41, 4669093
15.48, 4520293
15.55, 4379975
15.61, 4242967
15.68, 4108170
15.74, 3978711
15.81, 3861406
15.88, 3722026
15.95, 3614137
16.02, 3485074
16.08, 3378491
16.14, 3269653
16.21, 3163225
16.27, 3061026
16.34, 2960159
16.40, 2867209
16.46, 2777059
16.53, 2688388
16.60, 2605225
16.67, 2523373
16.73, 2443732
16.80, 2364768
16.86, 2293771
16.92, 2223215
16.99, 2163362
17.06, 2113631
17.12, 2064103
17.19, 2018348
17.25, 1958794
17.31, 1913297
17.38, 1868280
17.44, 1821641
17.51, 1778048
17.57, 1738933
17.64, 1690714
17.70, 1654228
17.77, 1611471
17.84, 1578379
17.90, 1547192
17.97, 1516743
18.04, 1486364
18.10, 1458831
18.17, 1414552
18.25, 1387042
18.31, 1360811
18.38, 1337110
18.44, 1316336
18.51, 1279811
18.57, 1259143
18.64, 1241471
18.70, 1222895
18.77, 1205379
18.84, 1188949
18.91, 1173472
18.98, 1158028
19.05, 1143654
19.12, 1130658
19.19, 1112849
19.25, 1100803
19.32, 1085047
19.39, 1073769
19.46, 1063769
19.52, 1055965
19.59, 1048257
19.66, 1041152
19.72, 1034844
19.79, 1026467
19.86, 1020329
19.93, 1003696
20.00, 997753
20.07, 993144
20.14, 988666
20.21, 984576
20.28, 980852
20.34, 970605
20.41, 963068
20.47, 959503
20.54, 955996
20.60, 952650
20.67, 949381
20.73, 946306
20.79, 943228
20.86, 940251
20.92, 937333
20.98, 934904
21.05, 916551
21.11, 905899
21.18, 904062
21.24, 902325
21.30, 888482
21.37, 886826
21.43, 885215
21.50, 883727
21.56, 882350
21.63, 881045
21.69, 878279
21.76, 859597
21.82, 857025
21.88, 854701
21.95, 853405
22.01, 852567
22.08, 852010
22.14, 851777
22.21, 850854
22.27, 850773
22.34, 850734
22.47, 5734979
22.54, 5540762
22.64, 5354392
22.71, 5171639
22.78, 4995933
22.86, 4839353
22.93, 4675219
23.03, 4521084
23.11, 4374445
23.18, 4216303
23.25, 4083830
23.33, 3950443
23.40, 3809958
23.48, 3693280
23.55, 3586237
23.61, 3483694
23.68, 3388783
23.75, 3298177
23.81, 3207985
23.87, 3122922
23.94, 3040541
24.00, 2961264
24.06, 2880549
24.13, 2802143
24.19, 2726432
24.27, 2651062
24.34, 2577686
24.41, 2505034
24.48, 2432751
24.55, 2363210
24.62, 2299625
24.68, 2238640
24.75, 2179011
24.81, 2126540
24.89, 2074360
24.97, 2026610
25.04, 1977840
25.10, 1931224
25.16, 1878811
25.23, 1827133
25.30, 1781532
25.38, 1739111
25.45, 1693820
25.51, 1653164
25.58, 1612746
25.64, 1574613
25.71, 1537870
25.78, 1501412
25.84, 1465395
25.90, 1434186
25.97, 1398983
26.03, 1369345
26.09, 1342993
26.16, 1317012
26.22, 1291360
26.28, 1266416
26.35, 1242705
26.41, 1219783
26.48, 1200443
26.54, 1181996
26.62, 1160055
26.68, 1146242
26.75, 1132780
26.81, 1120115
26.88, 1105963
26.94, 1093635
27.00, 1082098
27.07, 1072762
27.13, 1047545
27.20, 1038214
27.26, 1029139
27.32, 1017694
27.39, 1009636
27.45, 1001832
27.52, 994289
27.59, 989359
27.66, 981537
27.72, 976697
27.78, 971627
27.85, 967128
27.91, 958565
27.97, 948318
28.04, 940781
28.11, 937132
28.18, 933679
28.24, 930360
28.31, 927325
28.38, 925603
28.44, 923952
28.50, 922317
28.57, 920874
28.63, 919558
28.70, 918364
28.76, 917621
28.83, 916684
28.90, 916554
28.96, 909970
29.02, 909889
29.09, 909849
