0.00, 5866625
0.00, 5865759
0.00, 5860057
0.00, 5842319
0.00, 5822952
0.00, 5822808
0.00, 5755062
0.00, 5729793
0.00, 5674243
0.00, 5611875
0.00, 5583025
0.00, 5516465
0.00, 5389748
0.00, 5300826
0.03, 5230519
0.09, 5220538
0.14, 5213760
0.14, 5211784
0.14, 5183462
0.15, 5154178
0.15, 5095856
0.15, 4995040
0.15, 4973414
0.15, 4972961
0.15, 4961681
0.20, 4945915
0.20, 4922765
0.24, 4792221
0.24, 4790869
0.24, 4756803
0.24, 4726913
0.24, 4710468
0.24, 4709205
0.25, 4675012
0.25, 4639852
0.25, 4569810
0.25, 4555756
0.25, 4494063
0.25, 4486457
0.25, 4466960
0.26, 4465136
0.26, 4417837
0.26, 4411340
0.26, 4393059
0.27, 4370060
0.27, 4314251
0.27, 4297497
0.27, 4295964
0.27, 4287483
0.27, 4275368
0.27, 4257764
0.27, 4257635
0.27, 4239268
0.27, 4225187
0.27, 4207810
0.27, 4181900
0.27, 4108655
0.27, 4073198
0.27, 4070453
0.27, 4058099
0.27, 4014094
0.27, 4011771
0.27, 3954292
0.27, 3938452
0.27, 3900308
0.27, 3879298
0.27, 3873941
0.27, 3856419
0.27, 3838837
0.27, 3819889
0.27, 3808423
0.27, 3768041
0.27, 3750824
0.27, 3749785
0.27, 3719188
0.27, 3712385
0.27, 3698360
0.27, 3678131
0.27, 3624562
0.27, 3606542
0.28, 3586956
0.28, 3548430
0.28, 3521123
0.28, 3519916
0.28, 3517983
0.28, 3498769
0.28, 3491137
0.28, 3452364
0.28, 3436929
0.28, 3420678
0.28, 3344292
0.28, 3340968
0.28, 3339867
0.28, 3330914
0.28, 3315384
0.28, 3293370
0.29, 3289878
0.29, 3274515
0.30, 3197132
0.30, 3194003
0.30, 3191073
0.30, 3179181
0.30, 3158758
0.30, 3151582
0.30, 3133087
0.30, 3121039
0.30, 3116418
0.30, 3095832
0.30, 3025797
0.30, 3000827
0.30, 2946278
0.30, 2865486
0.30, 2859635
0.30, 2834648
0.31, 2800903
0.31, 2786228
0.31, 2765270
0.31, 2763476
0.31, 2743051
0.31, 2716534
0.31, 2715295
0.31, 2715008
0.31, 2680511
0.31, 2674911
0.31, 2670962
0.31, 2664013
0.31, 2653280
0.31, 2637191
0.31, 2620147
0.31, 2602855
0.31, 2601643
0.31, 2597926
0.31, 2597386
0.31, 2582294
0.31, 2522523
0.31, 2521983
0.31, 2517303
0.31, 2512781
0.31, 2491657
0.31, 2488605
0.31, 2488140
0.31, 2465860
0.31, 2461757
0.32, 2445546
0.32, 2436763
0.32, 2436110
0.32, 2430785
0.32, 2428669
0.32, 2428330
0.32, 2411008
0.32, 2403576
0.32, 2402347
0.32, 2398519
0.32, 2397880
0.32, 2384318
0.32, 2378375
0.32, 2359695
0.32, 2356818
0.32, 2350843
0.32, 2313460
0.32, 2310954
0.32, 2307964
0.32, 2279612
0.32, 2261380
0.33, 2256429
0.33, 2246554
0.33, 2246305
0.33, 2245391
0.33, 2239609
0.33, 2238623
0.33, 2233130
0.33, 2212807
0.33, 2198981
0.33, 2173235
0.33, 2163745
0.33, 2144994
0.33, 2114880
0.33, 2100956
0.33, 2083003
0.33, 2069256
0.33, 2063884
0.33, 2047132
0.33, 2030458
0.33, 2004071
0.33, 2002249
0.33, 1997676
0.33, 1995740
0.33, 1989489
0.33, 1959432
0.33, 1956444
0.33, 1952084
0.33, 1946687
0.34, 1930443
0.34, 1924726
0.34, 1917109
0.34, 1912313
0.34, 1903329
0.34, 1901225
0.34, 1871330
0.34, 1867379
0.34, 1867333
0.34, 1850925
0.34, 1840032
0.34, 1837227
0.34, 1833037
0.34, 1832011
0.34, 1824155
0.34, 1820467
0.34, 1820395
0.34, 1807987
0.34, 1790486
0.34, 1788690
0.34, 1757823
0.34, 1745852
0.34, 1744058
0.34, 1739469
0.34, 1722960
0.34, 1719351
0.35, 1669637
0.35, 1648341
0.35, 1645634
0.35, 1622359
0.35, 1614814
0.35, 1593927
0.35, 1590353
0.35, 1586035
0.35, 1583487
0.35, 1576736
0.35, 1555741
0.35, 1555505
0.35, 1550770
0.35, 1550680
0.36, 1542046
0.36, 1536183
0.36, 1525133
0.36, 1523431
0.36, 1518041
0.36, 1516781
0.36, 1509030
0.36, 1481025
0.36, 1479426
0.36, 1472550
0.36, 1470691
0.36, 1458969
0.36, 1450998
0.36, 1444837
0.36, 1442882
0.37, 1436031
0.37, 1434025
0.37, 1434018
0.37, 1431759
0.37, 1422077
0.37, 1419272
0.37, 1386455
0.37, 1363038
0.38, 1356161
0.38, 1349490
0.38, 1327200
0.38, 1320487
0.39, 1313423
0.39, 1306549
0.39, 1291403
0.39, 1276816
0.39, 1253940
0.39, 1229746
0.39, 1227295
0.40, 1225328
0.40, 1223365
0.40, 1222178
0.40, 1210539
0.40, 1209326
0.40, 1207730
0.41, 1207582
0.41, 1206708
0.41, 1206238
0.41, 1205818
0.41, 1196491
0.41, 1186160
0.43, 1178371
0.43, 1145268
0.43, 1143614
0.44, 1140462
0.44, 1133506
0.44, 1117800
0.45, 1116649
0.45, 1095889
0.45, 1094543
0.45, 1091038
0.45, 1083346
0.46, 1082434
0.46, 1079875
0.46, 1079755
0.46, 1078404
0.46, 1075336
0.46, 1069140
0.46, 1067735
0.47, 1066244
0.47, 1045958
0.47, 1043081
0.47, 1035269
0.47, 1033237
0.47, 1025485
0.48, 1020335
0.49, 1017971
0.49, 1012411
0.49, 1009235
0.50, 1009120
0.52, 1008867
0.53, 1007217
0.54, 998645
0.54, 996321
0.55, 992108
0.55, 990767
0.56, 989141
0.57, 985256
0.57, 984591
0.57, 982337
0.57, 979894
0.58, 978383
0.58, 967494
0.60, 959038
0.63, 957835
0.68, 956871
0.68, 956863
0.73, 956722
0.73, 956475
0.77, 956186
0.78, 956179
2.16, 954551
2.16, 953871
2.17, 937713
2.20, 934683
2.21, 933049
2.22, 925363
5.16, 923524
5.19, 922277
5.20, 921534
5.21, 919501
5.23, 914873
5.24, 910286
5.40, 904911
5.40, 904217
5.58, 901542
5.64, 899236
5.71, 896033
5.74, 888158
5.96, 887762
