0.00, 5456888
0.00, 5351129
0.00, 5291579
0.00, 5193303
0.00, 5143719
0.00, 5122769
0.00, 5097196
0.00, 5089998
0.07, 5069626
0.16, 5030204
0.16, 5021887
0.16, 5005772
0.19, 4996342
0.19, 4975800
0.19, 4886884
0.19, 4880693
0.24, 4878421
0.24, 4861069
0.24, 4834721
0.24, 4814579
0.24, 4813921
0.24, 4802910
0.24, 4782717
0.24, 4744314
0.25, 4737772
0.25, 4671734
0.25, 4654952
0.25, 4645199
0.25, 4607777
0.25, 4596219
0.25, 4560107
0.25, 4530471
0.25, 4521912
0.25, 4472308
0.25, 4384986
0.25, 4382251
0.25, 4381288
0.25, 4373493
0.25, 4372060
0.25, 4283756
0.25, 4278126
0.25, 4212866
0.25, 4076545
0.25, 4036849
0.27, 3979111
0.27, 3970801
0.27, 3968334
0.27, 3958168
0.27, 3955245
0.27, 3899416
0.27, 3884218
0.27, 3875969
0.27, 3868115
0.27, 3778604
0.27, 3766166
0.27, 3740293
0.27, 3665294
0.27, 3551675
0.27, 3537013
0.27, 3523439
0.27, 3507771
0.27, 3482092
0.27, 3478895
0.27, 3475358
0.27, 3451235
0.27, 3445743
0.27, 3440892
0.27, 3364859
0.27, 3354706
0.27, 3352395
0.27, 3349461
0.27, 3331844
0.27, 3325110
0.27, 3305014
0.27, 3303805
0.27, 3292902
0.28, 3270400
0.28, 3212459
0.28, 3211793
0.28, 3161043
0.28, 3132053
0.28, 3097047
0.28, 3074585
0.28, 3064077
0.28, 3048247
0.28, 3047700
0.28, 3029056
0.28, 3028578
0.28, 3023320
0.28, 3000794
0.28, 2987828
0.28, 2950858
0.28, 2941592
0.29, 2941037
0.29, 2939545
0.29, 2892294
0.29, 2828911
0.29, 2826433
0.29, 2826274
0.29, 2794891
0.29, 2789442
0.29, 2782060
0.29, 2780944
0.29, 2757723
0.29, 2752448
0.29, 2731277
0.29, 2701046
0.30, 2695651
0.30, 2624492
0.30, 2585810
0.30, 2534117
0.30, 2489483
0.30, 2489362
0.30, 2483074
0.30, 2458550
0.30, 2424127
0.30, 2381117
0.30, 2380968
0.30, 2373362
0.30, 2372310
0.30, 2337894
0.30, 2330651
0.31, 2323219
0.31, 2320109
0.31, 2320072
0.31, 2304687
0.31, 2299376
0.31, 2298587
0.31, 2294802
0.31, 2272289
0.31, 2259750
0.31, 2258144
0.31, 2254086
0.31, 2224632
0.31, 2199374
0.31, 2195141
0.31, 2140278
0.31, 2136917
0.31, 2116501
0.31, 2111416
0.31, 2104196
0.31, 2102394
0.31, 2099075
0.31, 2093726
0.31, 2092810
0.31, 2092703
0.32, 2037130
0.32, 2037043
0.32, 2018745
0.32, 2004039
0.32, 1999492
0.32, 1974508
0.32, 1966705
0.32, 1953275
0.32, 1942585
0.32, 1936626
0.32, 1931862
0.33, 1927040
0.33, 1922620
0.33, 1919600
0.33, 1906823
0.33, 1902585
0.33, 1901358
0.33, 1894552
0.33, 1891628
0.33, 1886674
0.33, 1864278
0.34, 1856886
0.34, 1851971
0.34, 1847778
0.34, 1845469
0.34, 1828046
0.34, 1812014
0.34, 1806030
0.34, 1804188
0.34, 1791774
0.34, 1786858
0.34, 1765239
0.34, 1746462
0.34, 1746130
0.34, 1739633
0.34, 1733446
0.34, 1720340
0.34, 1699538
0.34, 1685971
0.34, 1670413
0.34, 1670390
0.34, 1665721
0.34, 1663522
0.34, 1627729
0.35, 1624924
0.35, 1621343
0.35, 1610377
0.35, 1559336
0.35, 1547254
0.35, 1546983
0.35, 1544681
0.35, 1518700
0.35, 1515326
0.35, 1512245
0.35, 1497507
0.35, 1492007
0.35, 1477637
0.35, 1477362
0.35, 1448901
0.35, 1447445
0.36, 1445953
0.36, 1432161
0.36, 1427382
0.36, 1426189
0.36, 1425748
0.36, 1423279
0.36, 1419015
0.36, 1418750
0.37, 1411503
0.37, 1400901
0.37, 1374624
0.37, 1360854
0.37, 1356254
0.37, 1353277
0.37, 1333574
0.37, 1328847
0.37, 1272233
0.37, 1271809
0.37, 1252456
0.37, 1248093
0.38, 1241622
0.38, 1239356
0.38, 1233540
0.38, 1231597
0.39, 1222295
0.39, 1201091
0.39, 1197523
0.39, 1197052
0.39, 1195390
0.39, 1193458
0.39, 1191898
0.39, 1162317
0.39, 1160143
0.39, 1158488
0.39, 1155921
0.39, 1153805
0.39, 1151079
0.40, 1145652
0.40, 1129858
0.41, 1120100
0.41, 1115012
0.41, 1112023
0.41, 1109894
0.41, 1109842
0.42, 1109495
0.42, 1105245
0.42, 1092656
0.43, 1082824
0.43, 1078345
0.43, 1077940
0.44, 1076855
0.44, 1076766
0.44, 1058976
0.44, 1054237
0.44, 1045826
0.45, 1044196
0.45, 1041800
0.46, 1025944
0.46, 1023529
0.46, 1022348
0.46, 1017284
0.47, 1016103
0.47, 1016091
0.47, 1013479
0.48, 1012524
0.48, 1012307
0.50, 1010577
0.50, 1010277
0.50, 1010030
0.51, 1007712
0.51, 1006361
0.51, 1002697
0.51, 1002691
0.52, 1002237
0.52, 997158
0.52, 979440
0.52, 978767
0.52, 976910
0.54, 976287
0.54, 969871
0.56, 969582
0.57, 968593
0.57, 968485
0.58, 966338
0.58, 966300
0.59, 962054
0.60, 959748
0.60, 958492
0.61, 954699
0.63, 949362
0.65, 935056
0.66, 932851
0.66, 925165
0.66, 920969
0.68, 917535
0.68, 910294
0.68, 901369
0.69, 890647
0.75, 888406
0.86, 887167
0.93, 886915
1.34, 883631
