0.00, 6045414
0.00, 6042037
0.00, 6018009
0.00, 6002311
0.00, 5999207
0.00, 5932833
0.00, 5887063
0.00, 5885998
0.00, 5841699
0.00, 5781064
0.00, 5751236
0.00, 5706392
0.00, 5687232
0.00, 5611032
0.00, 5451152
0.01, 5444488
0.01, 5397432
0.01, 5342898
0.01, 5297930
0.01, 5289934
0.01, 5268636
0.01, 5260375
0.01, 5226995
0.01, 5217755
0.01, 5215276
0.06, 5186765
0.06, 5102700
0.06, 5084496
0.16, 5008734
0.23, 4991391
0.23, 4974181
0.23, 4863748
0.23, 4803096
0.23, 4799461
0.23, 4726264
0.23, 4700227
0.23, 4689926
0.23, 4643731
0.23, 4616777
0.23, 4606134
0.23, 4583119
0.23, 4572643
0.23, 4555284
0.23, 4521025
0.23, 4518489
0.23, 4515484
0.25, 4481348
0.25, 4463903
0.25, 4407527
0.25, 4393732
0.25, 4383971
0.25, 4365004
0.25, 4364097
0.26, 4332582
0.26, 4331205
0.26, 4322472
0.26, 4297535
0.26, 4286440
0.26, 4274918
0.26, 4274121
0.26, 4259374
0.26, 4259327
0.26, 4253193
0.26, 4226472
0.26, 4189535
0.26, 4160398
0.27, 4113041
0.27, 4013811
0.27, 4001511
0.27, 3963656
0.27, 3955725
0.28, 3923310
0.28, 3906432
0.28, 3858103
0.28, 3779915
0.28, 3758002
0.28, 3729780
0.29, 3709318
0.29, 3642409
0.29, 3642283
0.29, 3596288
0.29, 3589117
0.29, 3550542
0.29, 3537477
0.29, 3534982
0.29, 3517256
0.29, 3491066
0.29, 3483405
0.29, 3462898
0.29, 3456255
0.29, 3438385
0.29, 3432084
0.29, 3427495
0.29, 3409664
0.29, 3409087
0.29, 3393218
0.29, 3362833
0.29, 3355525
0.29, 3328093
0.29, 3303537
0.29, 3270364
0.29, 3268248
0.29, 3250566
0.29, 3217380
0.29, 3189250
0.29, 3174353
0.29, 3100066
0.29, 3011239
0.29, 3010349
0.29, 2980612
0.29, 2977948
0.29, 2972622
0.29, 2945528
0.29, 2935432
0.29, 2922067
0.29, 2918663
0.29, 2895298
0.30, 2869367
0.30, 2860495
0.30, 2854248
0.30, 2854184
0.30, 2842903
0.30, 2841486
0.30, 2801116
0.30, 2800948
0.30, 2749115
0.30, 2713737
0.30, 2699218
0.30, 2662224
0.31, 2627177
0.31, 2616404
0.31, 2610468
0.31, 2610361
0.31, 2579497
0.31, 2544941
0.31, 2524569
0.31, 2499899
0.31, 2495199
0.31, 2479001
0.31, 2476403
0.31, 2447786
0.31, 2446508
0.31, 2433764
0.31, 2422173
0.31, 2421083
0.31, 2419039
0.32, 2408120
0.32, 2405243
0.32, 2394144
0.32, 2387881
0.32, 2384704
0.32, 2350893
0.32, 2342704
0.32, 2340317
0.32, 2317072
0.32, 2305811
0.32, 2299672
0.32, 2290275
0.32, 2283578
0.32, 2264809
0.32, 2262989
0.32, 2253409
0.32, 2238990
0.32, 2237657
0.32, 2190772
0.32, 2165299
0.32, 2161287
0.32, 2141564
0.32, 2132993
0.32, 2097207
0.32, 2095696
0.32, 2064903
0.32, 2055931
0.32, 2053643
0.32, 2051681
0.33, 2031098
0.33, 2023976
0.33, 2015250
0.33, 1983114
0.33, 1972622
0.33, 1971775
0.33, 1970142
0.33, 1965703
0.33, 1961081
0.33, 1939089
0.33, 1920507
0.33, 1912759
0.33, 1911096
0.33, 1908249
0.33, 1907827
0.33, 1907387
0.34, 1906782
0.34, 1896282
0.34, 1895217
0.34, 1881047
0.34, 1879051
0.34, 1875852
0.34, 1866636
0.34, 1865253
0.34, 1860963
0.34, 1855726
0.34, 1854363
0.34, 1852248
0.34, 1845381
0.34, 1832693
0.34, 1825166
0.34, 1823653
0.34, 1810035
0.35, 1803252
0.35, 1787463
0.35, 1786913
0.35, 1760887
0.35, 1759544
0.35, 1757421
0.35, 1734072
0.35, 1725283
0.35, 1725159
0.35, 1716218
0.35, 1712740
0.35, 1712419
0.35, 1704183
0.35, 1695180
0.35, 1694151
0.35, 1694098
0.35, 1672910
0.35, 1672202
0.35, 1670599
0.36, 1664300
0.36, 1636042
0.36, 1634091
0.36, 1624105
0.36, 1613514
0.36, 1612614
0.36, 1610314
0.36, 1610052
0.36, 1604321
0.36, 1603994
0.36, 1591197
0.36, 1588925
0.36, 1586350
0.36, 1574504
0.36, 1572121
0.36, 1558414
0.37, 1555475
0.37, 1547708
0.37, 1540267
0.37, 1529006
0.37, 1523661
0.37, 1521466
0.37, 1507751
0.37, 1507487
0.37, 1485706
0.38, 1482550
0.38, 1466120
0.38, 1465662
0.38, 1460943
0.38, 1454676
0.38, 1453220
0.38, 1448243
0.38, 1434716
0.38, 1434534
0.38, 1431794
0.39, 1431776
0.39, 1423119
0.39, 1422582
0.39, 1421112
0.39, 1402154
0.39, 1393008
0.39, 1388116
0.39, 1359901
0.39, 1358468
0.40, 1356540
0.40, 1355617
0.40, 1344108
0.40, 1339187
0.40, 1332023
0.40, 1328957
0.40, 1323828
0.41, 1318455
0.41, 1314208
0.41, 1314195
0.41, 1312510
0.42, 1298684
0.42, 1294183
0.42, 1291263
0.42, 1289606
0.42, 1288701
0.42, 1284636
0.42, 1284277
0.42, 1276609
0.42, 1276575
0.42, 1269348
0.42, 1265160
0.42, 1265093
0.43, 1264817
0.43, 1264758
0.43, 1264332
0.43, 1259035
0.43, 1255898
0.43, 1246277
0.43, 1244172
0.44, 1212463
0.44, 1207135
0.44, 1199136
0.44, 1184214
0.44, 1182326
0.44, 1173909
0.44, 1170877
0.45, 1168960
0.45, 1168445
0.45, 1167506
0.45, 1162436
0.46, 1162160
0.46, 1138010
0.46, 1127449
0.46, 1117677
0.47, 1115273
0.47, 1108016
0.48, 1103752
0.48, 1101962
0.48, 1095849
0.48, 1093398
0.49, 1082778
0.49, 1075750
0.49, 1075590
0.50, 1068431
0.50, 1068398
0.51, 1066166
0.51, 1059123
0.52, 1052955
0.52, 1052300
0.52, 1051849
0.53, 1031821
0.53, 1030839
0.54, 1030611
0.54, 1026594
0.54, 1024811
0.54, 1022693
0.55, 1018633
0.55, 1015591
0.55, 1013368
0.59, 1006882
0.59, 994613
0.59, 987839
0.68, 986428
0.69, 980572
0.70, 980272
0.84, 979211
0.84, 978350
0.84, 978223
0.86, 970405
0.90, 961199
0.92, 948762
0.93, 940997
3.91, 936628
3.91, 936086
3.93, 929766
3.94, 919253
5.74, 911152
5.76, 909958
5.80, 909215
