0.00, 5925194
0.00, 5856978
0.00, 5850523
0.00, 5772544
0.00, 5731610
0.00, 5731523
0.00, 5712386
0.00, 5705916
0.00, 5662573
0.00, 5638610
0.00, 5621055
0.00, 5620937
0.00, 5544507
0.00, 5468717
0.00, 5466183
0.01, 5435123
0.01, 5405216
0.01, 5392646
0.01, 5392162
0.03, 5388078
0.04, 5377005
0.04, 5365462
0.04, 5355591
0.05, 5324085
0.05, 5209067
0.05, 5192382
0.05, 5191584
0.05, 5177035
0.06, 5067053
0.22, 5056267
0.22, 5055001
0.22, 5024292
0.23, 4982609
0.23, 4953796
0.23, 4936670
0.23, 4927933
0.23, 4919334
0.23, 4798550
0.24, 4790790
0.24, 4637098
0.24, 4619137
0.24, 4590144
0.24, 4532446
0.25, 4409442
0.25, 4356734
0.25, 4356097
0.25, 4311779
0.25, 4289368
0.25, 4228989
0.27, 4210301
0.27, 4026395
0.28, 3982568
0.29, 3909173
0.29, 3887224
0.29, 3886237
0.29, 3874456
0.29, 3872801
0.29, 3870098
0.29, 3835216
0.30, 3800502
0.30, 3800280
0.30, 3758440
0.30, 3740549
0.30, 3735419
0.30, 3720119
0.30, 3644820
0.30, 3641928
0.30, 3635164
0.30, 3552941
0.30, 3547235
0.30, 3488225
0.30, 3474699
0.30, 3445114
0.30, 3428032
0.30, 3395795
0.30, 3391115
0.30, 3380430
0.30, 3379243
0.30, 3374221
0.31, 3369955
0.31, 3330293
0.31, 3318881
0.31, 3275719
0.31, 3269681
0.31, 3267962
0.31, 3263927
0.31, 3253460
0.32, 3244399
0.32, 3233273
0.32, 3232865
0.32, 3187744
0.32, 3159820
0.32, 3159539
0.32, 3153948
0.32, 3143636
0.32, 3115407
0.32, 3107748
0.32, 3074448
0.32, 3068164
0.32, 3042381
0.32, 3042307
0.32, 3038408
0.32, 3033856
0.32, 3026857
0.32, 2996174
0.32, 2933041
0.32, 2930427
0.32, 2888934
0.32, 2871953
0.32, 2865624
0.32, 2861860
0.32, 2835412
0.32, 2786933
0.33, 2764243
0.33, 2748136
0.33, 2745145
0.33, 2735882
0.33, 2671156
0.33, 2656418
0.33, 2645929
0.33, 2632333
0.33, 2591835
0.33, 2577977
0.33, 2573413
0.33, 2560733
0.33, 2505875
0.33, 2505694
0.33, 2502699
0.33, 2494793
0.33, 2430494
0.33, 2422556
0.33, 2420999
0.33, 2415203
0.34, 2397523
0.34, 2395288
0.34, 2385646
0.34, 2384532
0.34, 2370066
0.34, 2368125
0.34, 2342831
0.34, 2338909
0.34, 2316300
0.34, 2311722
0.34, 2311714
0.34, 2308274
0.34, 2305226
0.34, 2304423
0.34, 2288377
0.34, 2268095
0.34, 2267638
0.34, 2262049
0.34, 2254541
0.34, 2244865
0.34, 2238173
0.34, 2223719
0.34, 2208076
0.35, 2192735
0.35, 2162937
0.35, 2147329
0.35, 2132881
0.35, 2115672
0.35, 2108419
0.35, 2107918
0.35, 2055923
0.35, 2043757
0.35, 2023157
0.35, 1995444
0.35, 1990982
0.35, 1984067
0.35, 1980662
0.35, 1980552
0.35, 1974607
0.35, 1973172
0.35, 1966300
0.35, 1962895
0.36, 1951592
0.36, 1948510
0.36, 1941330
0.36, 1934213
0.36, 1920322
0.36, 1918970
0.36, 1862686
0.36, 1861607
0.36, 1861340
0.36, 1860391
0.36, 1855452
0.36, 1854364
0.37, 1851690
0.37, 1849931
0.37, 1843672
0.37, 1820930
0.37, 1814501
0.37, 1805601
0.37, 1788354
0.38, 1774618
0.38, 1772429
0.38, 1769360
0.38, 1751277
0.38, 1748020
0.38, 1748019
0.38, 1743987
0.38, 1727052
0.38, 1719481
0.38, 1683853
0.38, 1677636
0.38, 1675284
0.38, 1675024
0.38, 1659813
0.38, 1659604
0.38, 1653231
0.38, 1640244
0.38, 1636865
0.38, 1634596
0.38, 1603615
0.39, 1603446
0.39, 1592217
0.39, 1591908
0.39, 1591299
0.39, 1587263
0.39, 1587027
0.39, 1577408
0.39, 1574264
0.39, 1569151
0.39, 1540286
0.39, 1537317
0.39, 1521787
0.39, 1504103
0.39, 1496341
0.39, 1470178
0.39, 1469682
0.40, 1467246
0.40, 1450410
0.40, 1448853
0.40, 1444056
0.40, 1439080
0.40, 1431028
0.40, 1430819
0.40, 1429823
0.40, 1426046
0.40, 1411360
0.41, 1394659
0.41, 1391991
0.41, 1373123
0.41, 1366502
0.41, 1364734
0.41, 1362619
0.41, 1354757
0.41, 1329452
0.41, 1322273
0.42, 1315204
0.42, 1256509
0.42, 1255967
0.42, 1255722
0.42, 1254979
0.42, 1254101
0.42, 1251705
0.43, 1250082
0.43, 1248384
0.43, 1243767
0.43, 1240095
0.43, 1239935
0.43, 1239562
0.43, 1227405
0.44, 1200820
0.44, 1179101
0.44, 1177516
0.44, 1176976
0.45, 1175550
0.45, 1172252
0.45, 1169730
0.45, 1162126
0.45, 1160581
0.45, 1148157
0.46, 1142480
0.46, 1132543
0.46, 1125968
0.46, 1119471
0.47, 1118941
0.47, 1115368
0.47, 1110907
0.47, 1107359
0.48, 1107266
0.48, 1072523
0.48, 1068708
0.50, 1044527
0.50, 1041027
0.50, 1035088
0.52, 1034427
0.52, 1022477
0.57, 1022115
0.59, 1021820
0.61, 1021227
0.61, 1004118
0.61, 995287
0.62, 995064
0.62, 994789
0.63, 990050
0.63, 987159
0.68, 987142
0.75, 985903
0.76, 984586
0.77, 982929
0.79, 973626
2.01, 966096
2.07, 963692
2.11, 958029
2.14, 954831
2.14, 948005
2.16, 947452
2.19, 939400
2.20, 939148
2.21, 934883
2.22, 934104
2.23, 933423
2.25, 930151
2.26, 927819
2.30, 922242
