0.00, 6206110
0.00, 6175127
0.00, 6069846
0.00, 6044064
0.00, 6016886
0.00, 6008640
0.00, 5994174
0.00, 5967542
0.00, 5967350
0.00, 5948575
0.00, 5916556
0.00, 5914206
0.00, 5873727
0.00, 5823307
0.00, 5817783
0.00, 5798083
0.00, 5796721
0.00, 5733557
0.00, 5710096
0.00, 5685611
0.00, 5681746
0.00, 5680335
0.00, 5660171
0.00, 5631299
0.00, 5508645
0.00, 5469707
0.00, 5453482
0.00, 5448559
0.00, 5414948
0.02, 5352620
0.04, 5330021
0.04, 5284921
0.04, 5277087
0.04, 5276091
0.06, 5244441
0.06, 5155550
0.06, 5055654
0.06, 5019072
0.06, 5018439
0.19, 4993251
0.19, 4982953
0.19, 4914199
0.23, 4913731
0.23, 4906717
0.23, 4893576
0.23, 4863991
0.23, 4858763
0.23, 4858238
0.23, 4813903
0.24, 4751326
0.24, 4735470
0.24, 4692628
0.24, 4641413
0.24, 4618357
0.24, 4597028
0.24, 4594439
0.24, 4592765
0.24, 4583363
0.25, 4558453
0.25, 4475771
0.25, 4464655
0.25, 4385124
0.25, 4316186
0.25, 4286887
0.25, 4275820
0.25, 4262294
0.25, 4242406
0.25, 4242011
0.25, 4235147
0.25, 4233702
0.25, 4168939
0.25, 4111383
0.27, 4080890
0.27, 4078296
0.27, 4077417
0.27, 4002491
0.27, 3969919
0.27, 3956344
0.27, 3951424
0.27, 3947640
0.27, 3930469
0.27, 3834802
0.27, 3824600
0.27, 3805573
0.27, 3799785
0.27, 3792007
0.27, 3777165
0.27, 3770417
0.27, 3754686
0.27, 3707788
0.27, 3578095
0.27, 3569400
0.27, 3530031
0.27, 3529434
0.27, 3527185
0.27, 3516822
0.28, 3515051
0.28, 3495657
0.28, 3486695
0.28, 3482726
0.28, 3433509
0.28, 3431628
0.28, 3404448
0.28, 3397933
0.28, 3367392
0.28, 3356637
0.28, 3306553
0.28, 3267086
0.28, 3260845
0.28, 3259579
0.29, 3253242
0.29, 3160942
0.29, 3124264
0.29, 3111022
0.29, 3109176
0.29, 3064358
0.29, 3064097
0.29, 3053641
0.29, 3035691
0.30, 3011772
0.30, 2969086
0.30, 2967213
0.30, 2917947
0.30, 2914085
0.30, 2913186
0.30, 2885396
0.30, 2882497
0.30, 2878116
0.30, 2869919
0.30, 2846726
0.30, 2843040
0.30, 2818719
0.30, 2817374
0.30, 2816744
0.30, 2768202
0.31, 2728887
0.31, 2691480
0.31, 2690027
0.31, 2688096
0.31, 2681954
0.31, 2659246
0.31, 2619314
0.31, 2618660
0.31, 2593254
0.31, 2584040
0.31, 2560752
0.31, 2558852
0.31, 2556239
0.31, 2541404
0.31, 2537212
0.31, 2528810
0.31, 2520234
0.31, 2514769
0.31, 2496043
0.31, 2473580
0.31, 2428050
0.32, 2421511
0.32, 2421428
0.32, 2415374
0.32, 2389081
0.32, 2382591
0.32, 2381852
0.32, 2375262
0.32, 2364601
0.32, 2341761
0.32, 2340402
0.32, 2315366
0.32, 2269687
0.32, 2261296
0.32, 2248659
0.32, 2226954
0.32, 2222859
0.32, 2221170
0.32, 2192352
0.32, 2172529
0.32, 2151167
0.32, 2148232
0.32, 2144982
0.32, 2131296
0.32, 2109822
0.32, 2092601
0.32, 2088010
0.32, 2002226
0.32, 1959848
0.32, 1958924
0.32, 1955211
0.32, 1954234
0.32, 1952941
0.32, 1919200
0.32, 1917447
0.32, 1912055
0.32, 1906391
0.32, 1900777
0.33, 1900691
0.33, 1900415
0.33, 1886825
0.33, 1883562
0.33, 1880380
0.33, 1879823
0.33, 1870510
0.33, 1866838
0.33, 1860675
0.33, 1860338
0.33, 1859395
0.34, 1850938
0.34, 1847492
0.34, 1825873
0.34, 1819047
0.34, 1816805
0.34, 1812719
0.34, 1812522
0.34, 1796841
0.34, 1796285
0.34, 1782673
0.34, 1755788
0.34, 1738160
0.34, 1728305
0.34, 1727966
0.34, 1710819
0.34, 1704276
0.34, 1690974
0.34, 1689661
0.34, 1689528
0.34, 1689147
0.34, 1687554
0.34, 1681132
0.34, 1632325
0.35, 1601580
0.35, 1589468
0.35, 1588520
0.35, 1584330
0.35, 1580388
0.35, 1574062
0.35, 1566635
0.35, 1566304
0.35, 1561582
0.35, 1548153
0.35, 1542853
0.35, 1536715
0.35, 1532864
0.35, 1530872
0.35, 1513262
0.36, 1511570
0.36, 1481363
0.36, 1470484
0.36, 1469639
0.36, 1465939
0.36, 1464749
0.36, 1459818
0.36, 1458386
0.36, 1444814
0.36, 1439655
0.37, 1436874
0.37, 1435791
0.37, 1421556
0.37, 1407440
0.37, 1405037
0.37, 1403756
0.37, 1398197
0.37, 1392322
0.37, 1384637
0.37, 1378712
0.38, 1354723
0.38, 1349266
0.38, 1344106
0.38, 1319887
0.38, 1314975
0.38, 1309847
0.38, 1297000
0.38, 1296501
0.38, 1287996
0.39, 1277331
0.39, 1275399
0.39, 1274481
0.39, 1273130
0.39, 1273117
0.39, 1262594
0.39, 1262347
0.39, 1250323
0.40, 1249354
0.40, 1238924
0.40, 1236867
0.40, 1222660
0.40, 1222419
0.40, 1218231
0.40, 1208790
0.41, 1207046
0.41, 1204961
0.41, 1198240
0.41, 1189752
0.41, 1186905
0.42, 1175408
0.42, 1174209
0.42, 1166058
0.43, 1162224
0.43, 1155727
0.43, 1153287
0.44, 1137870
0.44, 1133895
0.44, 1130845
0.44, 1121093
0.44, 1094521
0.44, 1089627
0.45, 1089616
0.45, 1087841
0.45, 1085598
0.45, 1084463
0.46, 1075481
0.46, 1063140
0.47, 1062070
0.47, 1061572
0.47, 1043363
0.47, 1041748
0.48, 1038726
0.48, 1033598
0.49, 1031682
0.49, 1027466
0.49, 1016760
0.49, 1014485
0.49, 1013999
0.49, 1013007
0.49, 1003227
0.51, 1002961
0.51, 1002340
0.54, 998039
0.55, 982896
0.55, 981477
0.56, 967913
0.59, 961929
0.61, 960742
2.27, 951975
2.37, 950140
2.49, 948752
2.55, 945468
2.75, 941432
2.77, 937103
2.79, 934133
2.84, 932953
2.87, 932130
2.95, 928873
4.08, 924502
4.13, 923779
4.29, 919097
