0.08, 5469664
0.16, 5266529
0.23, 5080078
0.31, 4907030
0.38, 4752993
0.47, 4599483
0.55, 4433059
0.63, 4282878
0.71, 4138324
0.78, 4003257
0.86, 3864333
0.94, 3739378
1.02, 3618779
1.10, 3501957
1.18, 3378246
1.26, 3261524
1.34, 3142018
1.42, 3032653
1.51, 2917106
1.59, 2818357
1.67, 2723436
1.75, 2634633
1.83, 2549024
1.90, 2479670
1.98, 2414050
2.07, 2348475
2.15, 2279113
2.24, 2214608
2.31, 2150775
2.39, 2093647
2.47, 2037954
2.55, 1984720
2.63, 1934538
2.71, 1876709
2.79, 1828219
2.87, 1771097
2.94, 1724759
3.02, 1679777
3.09, 1641960
3.16, 1606423
3.23, 1574564
3.30, 1542912
3.38, 1502540
3.45, 1471234
3.52, 1424835
3.59, 1394028
3.66, 1365289
3.74, 1337067
3.81, 1310041
3.88, 1284696
3.95, 1260995
4.02, 1238614
4.09, 1214293
4.15, 1194133
4.23, 1177721
4.31, 1162381
4.39, 1147309
4.46, 1132374
4.53, 1118097
4.60, 1104098
4.67, 1090953
4.73, 1079809
4.80, 1068683
4.87, 1056158
4.94, 1046809
5.01, 1038155
5.07, 1030876
5.14, 1022588
5.20, 1015432
5.27, 1008655
5.33, 1002479
5.40, 991512
5.47, 970800
5.54, 963053
5.61, 957030
5.68, 951401
5.75, 945922
5.83, 940861
5.90, 936263
5.98, 931932
6.05, 928027
6.12, 921520
6.20, 917804
6.27, 914304
6.34, 910973
6.42, 907704
6.49, 904842
6.56, 902136
6.63, 900155
6.70, 898586
6.77, 896978
6.84, 895617
6.92, 894358
7.00, 893275
7.06, 892091
7.14, 891008
7.22, 890399
7.30, 889821
7.37, 879665
7.45, 874984
7.52, 872277
7.58, 871428
7.65, 871032
7.71, 870992
7.86, 5696592
7.93, 5484609
8.01, 5285674
8.09, 5102925
8.17, 4917750
8.23, 4759951
8.30, 4574872
8.36, 4410374
8.43, 4247753
8.50, 4091818
8.59, 3950350
8.66, 3817818
8.73, 3689962
8.80, 3563725
8.86, 3433886
8.92, 3328462
8.99, 3223368
9.06, 3118419
9.13, 3013883
9.19, 2911511
9.25, 2799077
9.32, 2715644
9.38, 2619493
9.45, 2536404
9.52, 2464610
9.58, 2393930
9.65, 2313524
9.71, 2243754
9.78, 2172953
9.84, 2118884
9.91, 2065042
9.97, 2011831
10.04, 1956018
10.10, 1906521
10.17, 1858077
10.23, 1811765
10.30, 1768442
10.36, 1730067
10.44, 1692524
10.52, 1655192
10.59, 1608429
10.66, 1569644
10.72, 1535056
10.79, 1504037
10.85, 1473351
10.93, 1440066
11.00, 1410274
11.07, 1383697
11.13, 1353255
11.20, 1328222
11.26, 1304244
11.33, 1268636
11.40, 1245161
11.47, 1222026
11.54, 1200451
11.60, 1179219
11.67, 1162869
11.73, 1146807
11.79, 1132412
11.86, 1118656
11.93, 1106193
12.01, 1094210
12.09, 1082403
12.16, 1073382
12.23, 1061892
12.31, 1053223
12.39, 1044685
12.46, 1036217
12.54, 1027840
12.61, 1020526
12.68, 1013332
12.75, 1006532
12.81, 997683
12.88, 991138
12.94, 984726
13.01, 978591
13.08, 972892
13.14, 968672
13.22, 964753
13.29, 960911
13.36, 957800
13.42, 955003
13.49, 952498
13.56, 941535
13.63, 935948
13.70, 926266
13.77, 923163
13.84, 920888
13.90, 918822
13.96, 917219
14.04, 915623
14.11, 913816
14.18, 912245
14.24, 910683
14.31, 909404
14.37, 908247
14.43, 902995
14.50, 898708
14.56, 895319
14.63, 892613
14.69, 891285
14.75, 890313
14.82, 879124
14.88, 877917
14.94, 877017
15.01, 876181
15.07, 875352
15.14, 874609
15.20, 873672
15.26, 873115
15.33, 872653
15.39, 871969
15.46, 868351
15.52, 868095
15.59, 868055
15.72, 5745651
15.79, 5540901
15.86, 5349533
15.93, 5150310
16.00, 4964579
16.06, 4788472
16.13, 4628237
16.19, 4471833
16.26, 4325308
16.32, 4175046
16.38, 4033456
16.44, 3900639
16.50, 3767967
16.57, 3636557
16.64, 3505523
16.70, 3374735
16.76, 3267712
16.83, 3143793
16.89, 3039376
16.96, 2941743
17.02, 2844879
17.08, 2744126
17.15, 2645624
17.21, 2544981
17.28, 2473619
17.34, 2384258
17.41, 2305870
17.47, 2238530
17.53, 2146318
17.60, 2092381
17.67, 2039824
17.73, 1968762
17.80, 1920868
17.86, 1877042
17.92, 1834022
17.98, 1791193
18.05, 1746736
18.11, 1708867
18.18, 1671996
18.24, 1637912
18.30, 1601290
18.37, 1568520
18.44, 1538265
18.51, 1509683
18.57, 1479219
18.64, 1450916
18.70, 1423089
18.77, 1390878
18.83, 1364116
18.89, 1340719
18.96, 1318280
19.03, 1295935
19.10, 1266790
19.17, 1244926
19.23, 1223078
19.29, 1201528
19.36, 1181062
19.42, 1162666
19.49, 1144887
19.55, 1124326
19.61, 1110841
19.68, 1097967
19.74, 1085567
19.80, 1073184
19.87, 1059657
19.93, 1048165
19.99, 1036836
20.06, 1025648
20.13, 1015290
20.20, 1001555
20.26, 992932
20.33, 984358
20.39, 976849
20.45, 970069
20.52, 960775
20.58, 955460
20.65, 947549
20.71, 936559
20.79, 933170
20.86, 929933
20.93, 923626
21.00, 917173
21.06, 914070
21.13, 910980
21.19, 908118
21.26, 905411
21.32, 902567
21.38, 899861
21.44, 897465
21.52, 895988
21.59, 885548
21.66, 878005
21.72, 861036
21.78, 848767
21.84, 847439
21.91, 846160
21.97, 844720
22.04, 843854
22.11, 843007
22.18, 842169
22.24, 841562
22.31, 840970
22.37, 837421
22.44, 834746
22.50, 834297
22.57, 833892
22.64, 833149
22.70, 832212
22.76, 831816
22.83, 831701
22.89, 830776
22.95, 830736
23.08, 6161356
23.14, 5923225
23.21, 5730333
23.27, 5547967
23.34, 5375750
23.40, 5211483
23.46, 5048083
23.53, 4890977
23.59, 4740953
23.66, 4593797
23.72, 4446719
23.79, 4305258
23.85, 4155625
23.91, 4017806
23.98, 3871673
24.05, 3742061
24.13, 3614642
24.20, 3485737
24.27, 3368906
24.34, 3256570
24.41, 3145309
24.48, 3034886
24.56, 2917537
24.63, 2808371
24.70, 2680425
24.77, 2577994
24.85, 2485057
24.92, 2408134
24.99, 2328123
25.05, 2261841
25.12, 2196421
25.19, 2142833
25.26, 2077109
25.34, 2013988
25.42, 1961180
25.50, 1908959
25.57, 1859595
25.64, 1817246
25.72, 1778737
25.80, 1740854
25.86, 1703829
25.93, 1667690
25.99, 1628932
26.07, 1595961
26.14, 1560192
26.21, 1504958
26.27, 1472610
26.35, 1445188
26.42, 1420006
26.48, 1395288
26.54, 1372737
26.61, 1350778
26.68, 1328733
26.76, 1309069
26.84, 1289348
26.91, 1271557
26.98, 1253130
27.04, 1229593
27.11, 1213463
27.17, 1198401
27.24, 1176958
27.31, 1150296
27.38, 1128925
27.45, 1114490
27.52, 1100852
27.59, 1088254
27.66, 1075665
27.72, 1063738
27.78, 1053041
27.85, 1040418
27.91, 1029816
27.98, 1019611
28.04, 1009628
28.11, 1000849
28.17, 992463
28.23, 983646
28.29, 974947
28.36, 967140
28.43, 960972
28.49, 955490
28.57, 950011
28.64, 944655
28.70, 939471
28.77, 934515
28.83, 925856
28.89, 921293
28.95, 917204
29.02, 913353
29.08, 910060
29.15, 907017
29.22, 903976
29.28, 901058
29.35, 898301
29.41, 895729
29.47, 894064
29.54, 892408
29.60, 890780
29.67, 889419
29.73, 888168
29.80, 886921
29.86, 885766
29.93, 885510
29.99, 885395
30.05, 885387
30.12, 884512
