0.08, 5266775
0.16, 5075860
0.24, 4893090
0.31, 4710649
0.40, 4532091
0.47, 4361007
0.55, 4198516
0.63, 4041059
0.70, 3886133
0.77, 3716420
0.83, 3566815
0.90, 3431684
0.97, 3301871
1.04, 3178829
1.11, 3057403
1.19, 2934265
1.26, 2843542
1.34, 2743701
1.41, 2661778
1.49, 2581953
1.56, 2484455
1.64, 2392661
1.71, 2317979
1.79, 2248140
1.86, 2184654
1.93, 2121107
2.01, 2064010
2.09, 2001276
2.17, 1948689
2.25, 1896619
2.33, 1849331
2.41, 1793229
2.48, 1752878
2.55, 1712659
2.62, 1647313
2.70, 1598309
2.77, 1558958
2.84, 1525100
2.91, 1493311
2.98, 1465443
3.05, 1437931
3.11, 1410945
3.17, 1377003
3.23, 1355639
3.30, 1330663
3.37, 1307671
3.44, 1286149
3.52, 1267735
3.60, 1235898
3.67, 1217783
3.74, 1187902
3.81, 1172123
3.88, 1156351
3.94, 1141047
4.00, 1126101
4.07, 1111455
4.14, 1095701
4.21, 1082630
4.28, 1070859
4.34, 1059362
4.41, 1049808
4.47, 1038662
4.54, 1029217
4.61, 1020254
4.67, 1011413
4.74, 1002741
4.81, 994470
4.87, 986333
4.93, 978773
5.00, 971355
5.07, 961108
5.14, 953871
5.21, 946715
5.29, 941101
5.36, 936419
5.44, 932330
5.51, 928251
5.58, 924920
5.64, 922324
5.71, 912745
5.78, 903442
5.85, 899111
5.91, 897458
5.97, 895887
6.04, 894448
6.12, 893293
6.18, 892192
6.24, 891168
6.31, 890384
6.37, 886985
6.43, 886536
6.49, 886148
6.56, 885521
6.62, 885131
6.69, 884544
6.77, 884463
6.84, 884246
6.90, 884196
6.97, 884157
7.10, 6230882
7.18, 5998361
7.26, 5800398
7.33, 5609700
7.39, 5420506
7.46, 5231666
7.53, 5034056
7.61, 4863303
7.67, 4695734
7.74, 4538180
7.80, 4385674
7.86, 4232340
7.93, 4081998
7.99, 3935828
8.06, 3785498
8.12, 3651540
8.19, 3503697
8.25, 3373249
8.32, 3250704
8.38, 3135858
8.45, 3035212
8.52, 2936805
8.59, 2844839
8.65, 2751713
8.71, 2662768
8.77, 2570184
8.84, 2482880
8.91, 2398907
8.99, 2319308
9.06, 2244164
9.14, 2178319
9.22, 2104671
9.29, 2045562
9.36, 1994396
9.44, 1945912
9.51, 1897837
9.58, 1850575
9.65, 1804339
9.71, 1755288
9.77, 1714172
9.83, 1661243
9.89, 1603633
9.96, 1562837
10.02, 1526265
10.09, 1495286
10.17, 1469519
10.24, 1444543
10.31, 1417349
10.37, 1392193
10.44, 1367483
10.51, 1346179
10.57, 1315299
10.64, 1288496
10.70, 1269466
10.77, 1237766
10.84, 1221762
10.90, 1205820
10.96, 1190374
11.03, 1175092
11.10, 1160348
11.18, 1145921
11.25, 1132865
11.33, 1112155
11.41, 1099360
11.48, 1087455
11.56, 1076473
11.63, 1028075
11.70, 1017309
11.77, 1006670
11.84, 996164
11.90, 983580
11.97, 971561
12.03, 957422
12.09, 947613
12.16, 938276
12.23, 929899
12.29, 922927
12.35, 916164
12.42, 909492
12.49, 903299
12.55, 896305
12.61, 892637
12.68, 889130
12.74, 886081
12.81, 883283
12.87, 880711
12.95, 879024
13.02, 877368
13.10, 875757
13.18, 874341
13.26, 873008
13.34, 872132
13.41, 864587
13.49, 864017
13.56, 863460
13.63, 863379
13.71, 863372
13.85, 5606022
13.91, 5420315
13.98, 5230204
14.04, 5059697
14.10, 4883084
14.17, 4712138
14.23, 4562550
14.31, 4407438
14.38, 4253789
14.45, 4115937
14.52, 3973062
14.58, 3846442
14.66, 3725598
14.74, 3613296
14.82, 3500446
14.89, 3391182
14.97, 3290905
15.03, 3170197
15.11, 3076454
15.19, 2984532
15.26, 2893981
15.33, 2803869
15.41, 2717644
15.48, 2630425
15.56, 2549886
15.64, 2479372
15.72, 2415875
15.79, 2350147
15.86, 2287628
15.94, 2228641
16.02, 2168298
16.10, 2116497
16.18, 2065909
16.25, 2017455
16.33, 1972264
16.41, 1927666
16.49, 1883841
16.57, 1839279
16.64, 1800967
16.72, 1762809
16.80, 1727194
16.88, 1694470
16.97, 1647188
17.06, 1615016
17.16, 1582941
17.25, 1552223
17.35, 1524987
17.44, 1496909
17.53, 1471499
17.62, 1446709
17.71, 1422860
17.79, 1395830
17.86, 1374387
17.94, 1353043
18.02, 1332115
18.10, 1313033
18.17, 1294083
18.25, 1272744
18.31, 1256740
18.38, 1231036
18.45, 1215101
18.51, 1199456
18.58, 1184873
18.65, 1170467
18.72, 1156325
18.78, 1142245
18.85, 1129509
18.91, 1099704
18.98, 1088167
19.06, 1077491
19.14, 1066978
19.21, 1056882
19.28, 1047200
19.35, 1037730
19.41, 1029120
19.47, 1010627
19.53, 997516
19.60, 989704
19.67, 982159
19.74, 975504
19.80, 970082
19.87, 962484
19.93, 957244
20.00, 952819
20.07, 948815
20.14, 945475
20.21, 939252
20.28, 936249
20.34, 919546
20.41, 912405
20.47, 905006
20.53, 898810
20.61, 894483
20.68, 891554
20.75, 888983
20.81, 883060
20.88, 880798
20.94, 878690
21.01, 873302
21.08, 869867
21.15, 868051
21.22, 866353
21.30, 864699
21.37, 863128
21.43, 861637
21.51, 860386
21.59, 859249
21.66, 858114
21.74, 853951
21.82, 853014
21.98, 5428398
22.06, 5242356
22.14, 5062480
22.20, 4883083
22.27, 4700604
22.35, 4522865
22.43, 4353174
22.51, 4185179
22.59, 4026397
22.67, 3870745
22.75, 3729719
22.83, 3609056
22.92, 3500469
23.00, 3393603
23.08, 3288009
23.16, 3185354
23.24, 3087995
23.31, 2976190
23.39, 2887820
23.47, 2793986
23.55, 2707031
23.63, 2621069
23.71, 2541375
23.79, 2467305
23.86, 2381612
23.93, 2311564
24.00, 2246060
24.06, 2181774
24.13, 2121194
24.20, 2060603
24.27, 2000742
24.34, 1942119
24.42, 1883657
24.49, 1826792
24.55, 1778436
24.62, 1733563
24.69, 1690707
24.77, 1654938
24.85, 1620562
24.93, 1586994
25.00, 1555783
25.08, 1521077
25.16, 1479806
25.23, 1449373
25.30, 1419753
25.37, 1391448
25.43, 1363353
25.49, 1337153
25.56, 1311825
25.62, 1287576
25.69, 1264356
25.76, 1245084
25.84, 1221880
25.92, 1200468
25.99, 1183217
26.07, 1168260
26.15, 1146853
26.23, 1132530
26.30, 1099977
26.37, 1086931
26.44, 1074882
26.52, 1063236
26.60, 1051750
26.66, 1041106
26.74, 1032707
26.81, 1022961
26.88, 1014861
26.95, 1007177
27.03, 993914
27.10, 986620
27.17, 980419
27.25, 974279
27.33, 969088
27.40, 964406
27.47, 959808
27.54, 955230
27.60, 950752
27.66, 946329
27.73, 941907
27.79, 937120
27.85, 932793
27.92, 928704
27.99, 925064
28.05, 911953
28.12, 908405
28.18, 905137
28.24, 902086
28.30, 899109
28.37, 896204
28.43, 893826
28.50, 884680
28.56, 882418
28.63, 880437
28.69, 878471
28.75, 877155
28.82, 875956
28.88, 875118
28.95, 874328
29.02, 873549
29.08, 873147
29.15, 873017
29.22, 866433
29.28, 866326
