0.08, 6026183
0.16, 5824088
0.25, 5628979
0.32, 5430836
0.40, 5237812
0.48, 5044864
0.55, 4857119
0.63, 4688649
0.71, 4526357
0.78, 4378486
0.86, 4233383
0.93, 4083893
1.01, 3937521
1.08, 3802281
1.15, 3667159
1.22, 3539173
1.29, 3416034
1.35, 3293230
1.41, 3172910
1.48, 3064088
1.56, 2966722
1.63, 2860928
1.71, 2759779
1.78, 2645469
1.86, 2559476
1.94, 2469044
2.01, 2387935
2.07, 2307589
2.14, 2227314
2.21, 2148432
2.28, 2070734
2.36, 1988938
2.43, 1924534
2.50, 1862289
2.57, 1809433
2.64, 1758210
2.72, 1707778
2.79, 1666183
2.86, 1629480
2.94, 1595255
3.03, 1558945
3.11, 1527348
3.19, 1496011
3.27, 1467911
3.34, 1439008
3.42, 1417534
3.50, 1394628
3.58, 1373452
3.66, 1343991
3.74, 1321931
3.81, 1294649
3.89, 1273509
3.95, 1255972
4.02, 1239115
4.10, 1223533
4.18, 1205738
4.26, 1191578
4.35, 1178296
4.43, 1157957
4.52, 1143497
4.61, 1130591
4.69, 1116784
4.78, 1103905
4.87, 1091738
4.94, 1080880
5.02, 1070195
5.11, 1060858
5.20, 1051594
5.27, 1042558
5.34, 1033576
5.41, 1024910
5.47, 1016325
5.54, 1005082
5.60, 996783
5.67, 989129
5.74, 982229
5.81, 975577
5.87, 969723
5.93, 964088
6.01, 958645
6.15, 954082
6.26, 941948
6.34, 937573
6.41, 927818
6.49, 923739
6.56, 920121
6.62, 917230
6.69, 914432
6.76, 911648
6.84, 910020
6.92, 908402
7.01, 905902
7.09, 904292
7.16, 902721
7.24, 899330
7.31, 897719
7.37, 896280
7.45, 894867
7.53, 884668
7.61, 879927
7.69, 877009
7.76, 875406
7.83, 873935
7.91, 872584
7.98, 871788
8.06, 871339
8.13, 871296
8.20, 871256
8.36, 5662632
8.44, 5459787
8.52, 5255768
8.59, 5071288
8.66, 4887592
8.73, 4705049
8.81, 4551137
8.88, 4380701
8.95, 4216508
9.02, 4074705
9.10, 3933221
9.17, 3800546
9.24, 3662570
9.31, 3545684
9.38, 3420811
9.45, 3297394
9.51, 3174248
9.58, 3062422
9.65, 2957607
9.71, 2853457
9.79, 2762241
9.87, 2672475
9.94, 2583544
10.00, 2499589
10.07, 2393142
10.16, 2324048
10.25, 2247301
10.34, 2189346
10.42, 2136913
10.51, 2086365
10.59, 2040380
10.68, 1989696
10.76, 1939625
10.83, 1893241
10.91, 1846801
10.99, 1802704
11.07, 1759892
11.15, 1715251
11.23, 1674877
11.31, 1637735
11.37, 1599342
11.44, 1565030
11.51, 1529336
11.57, 1495234
11.63, 1464801
11.70, 1436502
11.76, 1409134
11.82, 1383747
11.88, 1360498
11.95, 1338051
12.01, 1318201
12.07, 1299588
12.14, 1281241
12.22, 1263635
12.29, 1246206
12.35, 1229555
12.42, 1213373
12.49, 1197914
12.56, 1180242
12.62, 1165967
12.69, 1151466
12.75, 1136819
12.82, 1124241
12.88, 1112710
12.95, 1101262
13.02, 1076383
13.08, 1065261
13.14, 1054557
13.20, 1044406
13.27, 1014599
13.33, 999331
13.41, 987177
13.49, 975823
13.57, 967164
13.65, 959605
13.74, 943328
13.82, 936356
13.90, 929605
13.97, 920322
14.05, 913422
14.12, 907260
14.20, 899033
14.27, 894294
14.35, 889589
14.42, 885100
14.50, 875345
14.58, 871202
14.65, 867360
14.72, 863906
14.79, 860638
14.85, 857932
14.91, 855608
14.98, 853640
15.05, 851789
15.13, 850218
15.21, 848829
15.29, 847501
15.37, 846215
15.44, 845099
15.52, 844042
15.59, 843078
15.66, 842471
15.74, 841994
15.81, 841955
15.94, 5854144
16.00, 5632821
16.07, 5430419
16.13, 5239324
16.19, 5049892
16.27, 4874459
16.35, 4707956
16.42, 4551322
16.49, 4394029
16.58, 4227907
16.66, 4082767
16.74, 3930464
16.81, 3798136
16.89, 3662319
16.96, 3537573
17.03, 3418074
17.09, 3309956
17.16, 3195181
17.23, 3095997
17.30, 2992877
17.38, 2882399
17.44, 2788994
17.52, 2696725
17.59, 2598687
17.67, 2523806
17.74, 2454968
17.81, 2376050
17.89, 2309223
17.97, 2244713
18.05, 2180853
18.12, 2116081
18.19, 2053106
18.27, 1991472
18.35, 1933357
18.44, 1882295
18.56, 1828207
18.65, 1781014
18.72, 1733867
18.80, 1696143
18.88, 1663598
18.96, 1631235
19.04, 1599812
19.12, 1555166
19.20, 1525899
19.28, 1500247
19.36, 1462643
19.44, 1439304
19.52, 1414176
19.59, 1384871
19.67, 1362365
19.74, 1340293
19.81, 1319392
19.89, 1298724
19.96, 1278194
20.07, 1254843
20.15, 1226771
20.24, 1206319
20.32, 1187409
20.39, 1168718
20.47, 1150809
20.55, 1132904
20.63, 1092769
20.71, 1076530
20.79, 1059036
20.87, 1044601
20.95, 1031116
21.02, 1018315
21.10, 1007001
21.19, 990164
21.27, 975887
21.36, 965429
21.43, 956709
21.51, 948527
21.59, 940566
21.67, 933107
21.74, 926233
21.81, 919822
21.94, 913959
22.04, 909206
22.13, 903818
22.21, 900549
22.29, 897658
22.36, 894840
22.44, 892321
22.52, 890053
22.60, 887898
22.69, 885932
22.78, 884234
22.86, 882939
22.93, 882369
23.01, 882254
23.08, 882208
23.25, 5309768
23.32, 5130136
23.40, 4957182
23.47, 4784978
23.54, 4626821
23.62, 4478089
23.70, 4314805
23.78, 4165051
23.86, 4018203
23.94, 3882408
24.03, 3757602
24.10, 3628821
24.18, 3515327
24.25, 3412616
24.33, 3303086
24.41, 3202673
24.49, 3104582
24.56, 3009265
24.62, 2919742
24.68, 2839702
24.75, 2758511
24.82, 2666234
24.89, 2590283
24.96, 2510498
25.04, 2434884
25.11, 2364698
25.18, 2275507
25.25, 2211473
25.33, 2147848
25.39, 2089627
25.47, 2036968
25.54, 1985309
25.61, 1933968
25.67, 1884685
25.75, 1835658
25.83, 1792172
25.91, 1751392
25.99, 1707575
26.07, 1656528
26.15, 1616352
26.23, 1576697
26.31, 1541475
26.39, 1507049
26.47, 1472904
26.55, 1440070
26.62, 1409966
26.69, 1379592
26.78, 1351370
26.88, 1323475
26.97, 1298198
27.07, 1274934
27.16, 1250736
27.26, 1230454
27.36, 1203795
27.48, 1183902
27.57, 1166965
27.66, 1150878
27.74, 1135624
27.82, 1122176
27.90, 1108851
27.98, 1095740
28.05, 1081916
28.13, 1069588
28.20, 1057492
28.27, 1045551
28.33, 1033974
28.40, 1024631
28.47, 1015475
28.54, 1007812
28.61, 1000153
28.70, 993016
28.77, 986173
28.85, 980310
28.92, 974679
28.99, 969623
29.07, 964761
29.14, 960022
29.22, 955533
29.28, 946772
29.36, 943383
29.44, 940187
29.52, 937143
29.59, 934174
29.67, 931283
29.76, 928577
29.84, 926050
29.93, 923788
30.01, 921733
30.10, 919689
30.18, 917542
30.25, 915606
30.33, 913730
30.41, 904920
30.49, 902277
30.56, 897699
30.64, 895716
30.70, 894305
30.76, 892977
30.83, 891689
30.90, 890490
30.97, 889314
31.04, 888213
31.10, 887375
31.17, 886921
31.24, 883372
31.30, 880697
31.37, 880296
31.44, 879707
31.51, 879311
