0.00, 5887784
0.00, 5737278
0.00, 5725320
0.00, 5531018
0.00, 5490730
0.00, 5487728
0.00, 5466774
0.00, 5454132
0.00, 5451570
0.00, 5439106
0.00, 5371453
0.02, 5358621
0.02, 5337398
0.02, 5289324
0.02, 5250274
0.02, 5243902
0.02, 5214187
0.02, 5160638
0.02, 5137459
0.02, 5063127
0.02, 5058049
0.02, 5019036
0.02, 5018696
0.02, 4994116
0.02, 4952753
0.29, 4944733
0.29, 4880118
0.29, 4837342
0.29, 4832388
0.29, 4821047
0.29, 4810696
0.29, 4665045
0.29, 4653489
0.29, 4640738
0.29, 4598171
0.29, 4582870
0.29, 4581222
0.30, 4514982
0.30, 4499301
0.30, 4391872
0.30, 4344196
0.30, 4329975
0.30, 4211580
0.30, 4181589
0.33, 4176605
0.33, 4143491
0.33, 4132797
0.33, 4121828
0.33, 4121310
0.33, 4105399
0.33, 4069476
0.33, 4012337
0.33, 3943945
0.33, 3929734
0.34, 3922157
0.34, 3916069
0.34, 3874077
0.34, 3862425
0.34, 3841774
0.34, 3828451
0.34, 3797061
0.34, 3776586
0.34, 3750501
0.34, 3687085
0.34, 3669039
0.34, 3659307
0.34, 3657486
0.34, 3582582
0.34, 3488487
0.34, 3476033
0.34, 3431056
0.34, 3424135
0.34, 3366823
0.34, 3363069
0.34, 3342693
0.34, 3332753
0.34, 3314666
0.34, 3288014
0.34, 3283452
0.34, 3264053
0.34, 3262021
0.34, 3212885
0.35, 3205145
0.35, 3164982
0.35, 3126706
0.35, 3117913
0.35, 3113525
0.35, 3095753
0.35, 3040086
0.35, 3036534
0.35, 3036136
0.35, 2991595
0.35, 2957122
0.35, 2955726
0.35, 2925048
0.35, 2894375
0.35, 2879150
0.35, 2852833
0.35, 2845551
0.35, 2832004
0.35, 2827619
0.35, 2814206
0.35, 2812161
0.36, 2768342
0.36, 2767830
0.36, 2756961
0.36, 2744596
0.36, 2741192
0.37, 2719788
0.37, 2647197
0.37, 2646185
0.37, 2627179
0.37, 2607575
0.37, 2600134
0.37, 2567743
0.38, 2564208
0.38, 2556132
0.38, 2550611
0.38, 2534462
0.38, 2532782
0.38, 2527753
0.38, 2503972
0.38, 2475845
0.38, 2458267
0.38, 2450284
0.38, 2446844
0.38, 2445747
0.38, 2444754
0.38, 2435168
0.38, 2424613
0.38, 2386089
0.38, 2377712
0.38, 2356696
0.38, 2315138
0.38, 2313489
0.38, 2284725
0.38, 2284408
0.38, 2267702
0.38, 2258927
0.38, 2246225
0.38, 2245160
0.38, 2236460
0.38, 2224452
0.38, 2213146
0.38, 2186194
0.38, 2178943
0.39, 2163964
0.39, 2163473
0.39, 2154777
0.39, 2153939
0.39, 2145356
0.39, 2132000
0.39, 2129003
0.39, 2118736
0.39, 2105825
0.39, 2095013
0.39, 2093104
0.39, 2082997
0.39, 2079770
0.39, 2072803
0.39, 2065485
0.39, 2049579
0.39, 2008086
0.39, 2007059
0.39, 1998611
0.40, 1993943
0.40, 1992391
0.40, 1987858
0.40, 1985640
0.40, 1971551
0.40, 1969482
0.40, 1960161
0.40, 1953604
0.40, 1947491
0.40, 1921009
0.40, 1897858
0.40, 1895480
0.40, 1890687
0.40, 1888848
0.40, 1877987
0.40, 1847372
0.40, 1846015
0.40, 1836559
0.40, 1831802
0.40, 1830876
0.40, 1782464
0.40, 1764233
0.41, 1751980
0.41, 1733301
0.41, 1728141
0.41, 1725547
0.41, 1712888
0.41, 1703843
0.41, 1684061
0.41, 1677144
0.41, 1659045
0.41, 1658828
0.41, 1658613
0.41, 1647930
0.42, 1644666
0.42, 1631616
0.42, 1630504
0.42, 1628443
0.42, 1626696
0.42, 1616104
0.42, 1611947
0.42, 1595376
0.42, 1595375
0.42, 1583812
0.42, 1577011
0.42, 1564661
0.42, 1563189
0.42, 1538305
0.42, 1531890
0.42, 1525298
0.42, 1525249
0.42, 1513125
0.42, 1510159
0.42, 1508740
0.42, 1507173
0.43, 1503034
0.43, 1500205
0.43, 1496749
0.43, 1485930
0.44, 1485586
0.44, 1471422
0.44, 1463686
0.44, 1457200
0.44, 1449489
0.45, 1412601
0.45, 1410634
0.45, 1409639
0.45, 1403883
0.45, 1401624
0.45, 1395765
0.45, 1391110
0.45, 1378900
0.45, 1361065
0.45, 1360150
0.46, 1349577
0.46, 1345025
0.46, 1330560
0.46, 1318971
0.46, 1317679
0.47, 1306460
0.47, 1269107
0.47, 1247856
0.47, 1245646
0.47, 1243790
0.47, 1241351
0.47, 1241150
0.48, 1233501
0.49, 1229492
0.49, 1228282
0.50, 1218532
0.51, 1215836
0.51, 1214121
0.51, 1213790
0.51, 1194483
0.51, 1187808
0.52, 1187676
0.52, 1186306
0.53, 1177851
0.53, 1176540
0.53, 1170657
0.53, 1164849
0.55, 1164809
0.56, 1143170
0.56, 1133839
0.56, 1132495
0.57, 1132489
0.58, 1128629
0.58, 1127404
0.58, 1124539
0.59, 1124079
0.59, 1122629
0.59, 1113216
0.60, 1107535
0.61, 1103841
0.63, 1103566
0.64, 1096792
0.64, 1095307
0.66, 1094113
0.66, 1090005
0.67, 1086009
0.68, 1068525
0.69, 1063786
0.69, 1050189
0.69, 1047001
0.70, 1046608
0.70, 1045221
0.70, 1036313
0.71, 1032285
0.75, 1032235
0.75, 1030012
0.75, 1027121
0.76, 996709
0.78, 992521
0.81, 980208
0.95, 966945
2.34, 955408
2.34, 955301
2.34, 954213
2.37, 944530
2.38, 935329
2.39, 935029
2.41, 934706
2.42, 927048
2.42, 923193
2.51, 922904
2.53, 922865
2.62, 921125
5.69, 918456
5.73, 918194
