0.08, 6089592
0.16, 5880513
0.24, 5676450
0.31, 5485544
0.39, 5289721
0.47, 5105677
0.55, 4937793
0.62, 4768006
0.69, 4601040
0.76, 4445581
0.83, 4290603
0.91, 4142904
0.99, 3999370
1.06, 3863908
1.15, 3738305
1.22, 3617974
1.30, 3498944
1.38, 3395003
1.46, 3282806
1.62, 3188307
1.71, 3095323
1.78, 2991718
1.86, 2900857
1.93, 2812237
2.00, 2728128
2.07, 2644471
2.14, 2568120
2.20, 2495217
2.27, 2413764
2.34, 2327147
2.43, 2257980
2.51, 2192785
2.60, 2124234
2.68, 2059635
2.76, 1990601
2.83, 1934835
2.91, 1875978
2.99, 1818548
3.07, 1769980
3.13, 1725315
3.20, 1671810
3.27, 1633441
3.34, 1595703
3.40, 1558257
3.47, 1528034
3.54, 1494384
3.61, 1465779
3.67, 1436887
3.73, 1410452
3.80, 1388499
3.86, 1366593
3.93, 1346613
3.99, 1327228
4.06, 1308217
4.13, 1289216
4.20, 1272293
4.27, 1255113
4.33, 1239204
4.40, 1222033
4.47, 1206091
4.54, 1185387
4.61, 1169634
4.67, 1155509
4.74, 1143661
4.80, 1131963
4.87, 1120386
4.94, 1081429
5.01, 1070746
5.08, 1060991
5.15, 1051357
5.22, 1035590
5.28, 1027744
5.34, 1019081
5.41, 1011427
5.47, 1003939
5.54, 997619
5.61, 991588
5.69, 977304
5.76, 971948
5.82, 967266
5.89, 962681
5.96, 958285
6.03, 953906
6.09, 943022
6.16, 938851
6.23, 932008
6.31, 927875
6.39, 924511
6.48, 921171
6.56, 916009
6.64, 913091
6.71, 910385
6.78, 907945
6.85, 905872
6.93, 904058
7.00, 902126
7.08, 900433
7.15, 900394
7.29, 5633371
7.36, 5425625
7.43, 5232777
7.51, 5062726
7.58, 4893296
7.66, 4738867
7.73, 4585241
7.80, 4438774
7.88, 4293476
7.95, 4152246
8.01, 4020959
8.08, 3893702
8.15, 3769507
8.21, 3646007
8.28, 3528641
8.35, 3415785
8.41, 3306959
8.48, 3194979
8.55, 3092889
8.61, 2990218
8.68, 2888814
8.75, 2790811
8.83, 2709670
8.90, 2619872
8.98, 2548340
9.06, 2477434
9.13, 2410317
9.21, 2348931
9.28, 2288904
9.35, 2229152
9.42, 2169463
9.49, 2110269
9.56, 2053120
9.64, 2003385
9.71, 1955088
9.79, 1903815
9.87, 1857347
9.94, 1813165
10.01, 1771007
10.08, 1733853
10.14, 1694094
10.21, 1657235
10.27, 1624498
10.35, 1594266
10.43, 1552886
10.50, 1526049
10.58, 1496933
10.65, 1470431
10.73, 1440374
10.81, 1413889
10.87, 1388897
10.94, 1366442
11.01, 1344666
11.08, 1312853
11.15, 1287350
11.22, 1258351
11.28, 1236607
11.36, 1212128
11.43, 1192703
11.51, 1173610
11.58, 1156153
11.65, 1141652
11.71, 1128829
11.79, 1116267
11.87, 1103459
11.95, 1089683
12.03, 1077439
12.10, 1065926
12.18, 1055414
12.25, 1045210
12.33, 1032426
12.42, 1022631
12.52, 1004217
12.63, 990958
12.75, 982716
12.85, 974536
12.93, 966828
13.00, 959303
13.08, 953163
13.15, 947098
13.22, 933909
13.29, 925768
13.35, 919790
13.42, 911805
13.48, 906230
13.55, 894459
13.62, 888845
13.69, 883402
13.76, 879793
13.84, 876447
13.91, 873189
13.98, 870271
14.04, 867366
14.11, 865524
14.18, 858910
14.25, 857222
14.33, 855930
14.41, 854753
14.49, 853725
14.57, 852845
14.64, 852007
14.72, 851321
14.80, 850474
14.89, 849887
14.97, 849317
15.06, 848868
15.14, 848787
15.21, 848570
15.29, 848520
15.37, 848481
15.53, 5438322
15.61, 5245737
15.67, 5054626
15.75, 4872997
15.84, 4693600
15.91, 4521690
15.98, 4351059
16.07, 4186931
16.17, 4043773
16.26, 3916235
16.35, 3798272
16.43, 3687806
16.52, 3577914
16.60, 3470966
16.68, 3366458
16.76, 3263862
16.82, 3161275
16.89, 3058917
16.97, 2952240
17.04, 2851934
17.11, 2759588
17.18, 2667338
17.26, 2576676
17.35, 2485542
17.43, 2411523
17.51, 2336348
17.60, 2272110
17.68, 2210226
17.76, 2149362
17.83, 2085897
17.90, 2022330
17.97, 1977289
18.03, 1914260
18.10, 1863630
18.18, 1820174
18.25, 1767089
18.31, 1726840
18.38, 1687117
18.46, 1647633
18.54, 1610146
18.62, 1575174
18.69, 1540233
18.76, 1506474
18.83, 1472857
18.91, 1439485
18.98, 1407913
19.05, 1377439
19.12, 1350497
19.19, 1324574
19.26, 1300489
19.32, 1271525
19.39, 1244022
19.45, 1218800
19.52, 1196924
19.58, 1179849
19.65, 1164585
19.71, 1149405
19.78, 1133965
19.85, 1119481
19.92, 1106680
19.98, 1090038
20.05, 1067034
20.11, 1054211
20.18, 1041457
20.24, 1029235
20.31, 1015370
20.37, 1003943
20.44, 993696
20.50, 985165
20.57, 977628
20.64, 970222
20.70, 953591
20.77, 946326
20.83, 939091
20.90, 932760
20.96, 928573
21.03, 924744
21.09, 921398
21.16, 918479
21.23, 915691
21.29, 910660
21.36, 899701
21.42, 894996
21.49, 891143
21.56, 885900
21.62, 882405
21.69, 879752
21.75, 877523
21.82, 871362
21.88, 867075
21.95, 863686
22.01, 860980
22.08, 859048
22.15, 857637
22.22, 856321
22.28, 855483
22.35, 854876
22.48, 5597523
22.54, 5399474
22.61, 5211171
22.67, 5033068
22.74, 4874249
22.80, 4716527
22.87, 4566272
22.93, 4419814
23.00, 4267444
23.06, 4126614
23.13, 3993605
23.20, 3865418
23.26, 3731585
23.33, 3605363
23.39, 3497428
23.46, 3394911
23.52, 3280652
23.59, 3178561
23.66, 3077602
23.73, 2981739
23.79, 2884611
23.86, 2779966
23.93, 2683031
24.00, 2590415
24.06, 2499824
24.13, 2421831
24.20, 2350799
24.26, 2279952
24.32, 2211656
24.39, 2134463
24.45, 2074294
24.53, 2014566
24.61, 1958251
24.68, 1904284
24.75, 1850643
24.82, 1803073
24.89, 1755754
24.95, 1709777
25.03, 1667090
25.11, 1629678
25.18, 1595445
25.25, 1557648
25.31, 1522927
25.38, 1488293
25.44, 1454387
25.51, 1420612
25.57, 1373734
25.63, 1335341
25.70, 1308893
25.77, 1276742
25.83, 1256390
25.91, 1230482
25.98, 1198185
26.05, 1164579
26.12, 1144804
26.20, 1125585
26.26, 1106579
26.32, 1090662
26.39, 1078285
26.47, 1066556
26.54, 1054760
26.60, 1043406
26.67, 1032485
26.74, 1013253
26.80, 1003802
26.86, 994408
26.93, 983090
26.99, 974399
27.06, 965884
27.14, 949521
27.21, 942574
27.29, 935888
27.35, 929444
27.42, 924623
27.48, 919942
27.54, 912985
27.61, 908560
27.68, 905060
27.74, 901936
27.81, 898906
27.87, 896001
27.94, 893597
28.00, 891233
28.07, 888899
28.13, 886575
28.20, 884436
28.27, 880824
28.33, 878669
28.40, 876674
28.46, 875046
28.52, 873835
28.59, 873278
