0.08, 5876793
0.15, 5673054
0.23, 5470323
0.31, 5271218
0.39, 5091072
0.48, 4895891
0.56, 4727679
0.64, 4543671
0.73, 4385297
0.81, 4236747
0.89, 4097173
0.96, 3950990
1.04, 3815203
1.13, 3673444
1.22, 3546788
1.30, 3431783
1.38, 3316935
1.45, 3207511
1.54, 3097036
1.62, 2992768
1.69, 2892868
1.77, 2800528
1.85, 2705057
1.92, 2615404
2.00, 2497127
2.09, 2403125
2.18, 2321275
2.26, 2233523
2.34, 2162747
2.42, 2092092
2.51, 2022336
2.59, 1964626
2.67, 1902410
2.74, 1854542
2.82, 1811381
2.91, 1745023
3.00, 1704401
3.10, 1664036
3.18, 1623284
3.25, 1585649
3.33, 1549904
3.40, 1518396
3.48, 1491812
3.55, 1465349
3.62, 1438983
3.69, 1412996
3.75, 1387221
3.82, 1338339
3.89, 1313118
3.95, 1287142
4.01, 1264549
4.08, 1237734
4.15, 1215618
4.21, 1197851
4.27, 1180111
4.34, 1162862
4.43, 1147980
4.51, 1133724
4.60, 1119490
4.68, 1105816
4.77, 1092504
4.85, 1079881
4.93, 1067541
4.99, 1055614
5.07, 1043734
5.16, 1032014
5.25, 1022213
5.34, 1013063
5.42, 1004590
5.49, 996213
5.56, 988076
5.64, 981860
5.72, 975264
5.79, 969235
5.85, 959569
5.93, 947498
6.00, 941863
6.07, 936330
6.15, 930955
6.23, 919372
6.30, 907444
6.37, 902762
6.43, 898337
6.49, 895053
6.56, 892296
6.63, 889590
6.69, 887358
6.75, 885665
6.82, 884009
6.88, 882381
6.95, 881250
7.02, 880288
7.09, 879351
7.16, 878513
7.23, 878064
7.29, 877823
7.36, 871383
7.43, 871375
7.50, 870500
7.65, 6002617
7.72, 5797374
7.79, 5591036
7.87, 5394543
7.94, 5194140
8.02, 4993894
8.10, 4805772
8.19, 4637619
8.27, 4486207
8.36, 4336251
8.44, 4174862
8.51, 4024851
8.60, 3886032
8.68, 3738651
8.75, 3617947
8.83, 3487881
8.91, 3379713
9.00, 3266937
9.08, 3160331
9.16, 3061076
9.24, 2957677
9.31, 2866116
9.39, 2775269
9.46, 2686549
9.54, 2608189
9.62, 2531267
9.69, 2458586
9.77, 2388325
9.84, 2320099
9.90, 2256131
9.96, 2193151
10.02, 2131284
10.09, 2067666
10.16, 2007381
10.24, 1949126
10.31, 1899473
10.38, 1842539
10.46, 1795194
10.53, 1749079
10.60, 1708894
10.66, 1673173
10.73, 1638495
10.80, 1602650
10.87, 1568558
10.94, 1534148
11.01, 1484703
11.08, 1451086
11.15, 1420860
11.22, 1377029
11.28, 1348779
11.35, 1324271
11.41, 1300086
11.48, 1282261
11.55, 1264704
11.61, 1237733
11.68, 1221121
11.75, 1204937
11.83, 1189492
11.92, 1176277
12.00, 1163939
12.08, 1151720
12.16, 1129559
12.24, 1108014
12.32, 1092564
12.40, 1078169
12.49, 1066087
12.57, 1054820
12.65, 1043666
12.73, 1032910
12.80, 1022663
12.88, 1012564
12.96, 1003229
13.03, 994852
13.11, 986657
13.19, 977743
13.26, 970206
13.33, 962726
13.40, 955963
13.47, 950352
13.55, 943267
13.63, 933317
13.71, 923452
13.79, 918072
13.87, 912882
13.95, 908284
14.03, 903778
14.12, 899811
14.20, 895903
14.28, 892223
14.36, 882468
14.43, 879762
14.49, 877767
14.56, 875842
14.64, 874546
14.71, 873299
14.77, 872335
14.84, 871628
14.92, 871019
14.99, 870462
15.07, 870423
15.14, 870415
15.22, 869540
15.37, 5556622
15.44, 5358579
15.52, 5170491
15.59, 4969531
15.67, 4793097
15.75, 4614104
15.83, 4448481
15.91, 4284917
15.99, 4127599
16.06, 3987251
16.14, 3857629
16.21, 3733524
16.30, 3615698
16.37, 3491045
16.45, 3373239
16.53, 3267592
16.61, 3169246
16.68, 3063988
16.76, 2967011
16.84, 2869346
16.92, 2774894
17.00, 2681879
17.08, 2601251
17.16, 2524487
17.24, 2450772
17.31, 2379372
17.38, 2315593
17.48, 2247122
17.56, 2184067
17.64, 2123045
17.71, 2066139
17.80, 1999858
17.88, 1943220
17.95, 1889859
18.03, 1834784
18.11, 1781637
18.19, 1710784
18.27, 1670905
18.35, 1621770
18.43, 1574299
18.50, 1534712
18.57, 1500326
18.65, 1467314
18.72, 1437032
18.82, 1403863
18.90, 1377002
18.97, 1350531
19.04, 1323532
19.12, 1297287
19.19, 1269080
19.27, 1243655
19.33, 1223388
19.41, 1203866
19.48, 1187305
19.55, 1170448
19.62, 1155689
19.69, 1141254
19.75, 1127498
19.83, 1113933
19.91, 1101466
19.99, 1085101
20.05, 1072766
20.12, 1061532
20.19, 1050509
20.27, 1035094
20.35, 1024366
20.43, 1014417
20.51, 1004939
20.58, 995642
20.65, 980756
20.72, 971466
20.79, 961711
20.86, 953120
20.92, 945277
20.99, 937899
21.07, 931025
21.15, 925969
21.22, 922231
21.29, 918842
21.36, 915951
21.45, 913128
21.52, 900539
21.60, 897833
21.68, 895509
21.76, 893191
21.84, 889519
21.90, 887783
21.98, 886070
22.06, 884499
22.13, 883171
22.22, 882139
22.30, 881290
22.38, 880992
22.47, 878390
22.54, 866640
22.62, 866423
22.69, 866384
22.85, 5907106
22.93, 5705119
23.00, 5519481
23.08, 5335509
23.16, 5154831
23.24, 4983982
23.31, 4808205
23.38, 4651216
23.44, 4490353
23.52, 4347905
23.60, 4204823
23.67, 4062335
23.75, 3921458
23.82, 3784086
23.89, 3658277
23.95, 3517681
24.02, 3394592
24.09, 3258961
24.15, 3150232
24.22, 3053951
24.30, 2961700
24.37, 2871764
24.44, 2761076
24.50, 2688343
24.57, 2616644
24.64, 2543059
24.71, 2468718
24.79, 2400456
24.87, 2335690
24.95, 2272698
25.03, 2199527
25.11, 2138098
25.19, 2081160
25.27, 2033099
25.35, 1985868
25.43, 1931591
25.51, 1883285
25.59, 1838770
25.67, 1796801
25.76, 1741139
25.83, 1699442
25.91, 1658280
25.98, 1618128
26.04, 1579909
26.11, 1545759
26.18, 1511838
26.25, 1479248
26.31, 1451034
26.38, 1424545
26.44, 1396679
26.51, 1372001
26.58, 1345059
26.65, 1310395
26.73, 1290341
26.81, 1270786
26.88, 1252456
26.96, 1235123
27.04, 1218496
27.12, 1202046
27.19, 1185887
27.26, 1170215
27.34, 1154875
27.42, 1141128
27.49, 1127772
27.56, 1114841
27.63, 1102115
27.70, 1088179
27.78, 1077260
27.86, 1067243
27.93, 1055357
28.00, 1044080
28.09, 1034749
28.17, 1026508
28.25, 1016243
28.32, 999228
28.40, 991293
28.47, 984530
28.53, 977952
28.60, 953821
28.68, 949140
28.75, 944044
28.82, 937268
28.90, 932670
28.97, 928579
29.03, 925189
29.11, 922271
29.18, 919359
29.26, 916468
29.34, 914593
29.42, 882948
29.50, 879667
29.58, 877271
29.65, 875700
29.73, 874311
29.81, 872995
29.88, 871744
29.95, 870607
30.02, 869670
30.09, 868832
30.17, 868036
30.23, 867559
30.31, 867297
30.38, 867257
30.46, 867218
