0.07, 5595954
0.13, 5385378
0.20, 5175331
0.27, 4963511
0.33, 4765959
0.40, 4575126
0.46, 4383951
0.54, 4193978
0.68, 4041943
0.77, 3900051
0.84, 3758614
0.91, 3625422
0.98, 3508898
1.06, 3399140
1.14, 3289599
1.22, 3180338
1.30, 3075086
1.38, 2975104
1.46, 2879312
1.54, 2786220
1.62, 2693738
1.71, 2608586
1.78, 2524132
1.86, 2445771
1.94, 2369673
2.01, 2293835
2.07, 2227389
2.15, 2165123
2.22, 2084118
2.29, 2028374
2.36, 1973309
2.43, 1919800
2.50, 1871916
2.57, 1825643
2.64, 1780523
2.71, 1737346
2.79, 1697135
2.86, 1655966
2.93, 1619207
2.99, 1584176
3.06, 1549986
3.12, 1515841
3.19, 1484387
3.26, 1445442
3.33, 1415234
3.39, 1384107
3.46, 1354617
3.52, 1329802
3.59, 1302986
3.67, 1281068
3.75, 1259341
3.82, 1240891
3.89, 1222909
3.97, 1204733
4.04, 1187130
4.12, 1173352
4.19, 1159665
4.27, 1146881
4.34, 1134183
4.41, 1121510
4.48, 1109560
4.55, 1098023
4.62, 1086782
4.69, 1073851
4.77, 1063081
4.84, 1016379
4.91, 1002174
4.98, 992827
5.06, 984733
5.13, 977085
5.20, 969442
5.27, 961905
5.34, 954585
5.40, 947573
5.47, 940871
5.54, 935392
5.60, 930618
5.67, 926457
5.74, 922193
5.82, 919034
5.88, 916322
5.95, 914382
6.01, 912588
6.07, 910937
6.14, 909309
6.20, 907998
6.28, 907034
6.34, 906097
6.41, 905174
6.48, 905134
6.61, 5639873
6.67, 5434387
6.74, 5233230
6.81, 5066577
6.88, 4909863
6.95, 4746733
7.01, 4595971
7.08, 4452423
7.14, 4306282
7.21, 4169885
7.28, 4030615
7.35, 3897420
7.41, 3766948
7.48, 3647080
7.55, 3536329
7.62, 3420653
7.69, 3318218
7.77, 3221086
7.84, 3128169
7.91, 3021023
7.98, 2914661
8.04, 2823987
8.11, 2738179
8.18, 2660211
8.24, 2576839
8.31, 2496163
8.38, 2425426
8.45, 2347596
8.51, 2284102
8.57, 2222209
8.64, 2161725
8.70, 2104176
8.77, 2046939
8.84, 1992341
8.91, 1941850
8.98, 1888416
9.06, 1839070
9.13, 1790468
9.20, 1742441
9.27, 1700640
9.34, 1664050
9.41, 1629441
9.48, 1596437
9.55, 1554406
9.61, 1523817
9.68, 1494418
9.74, 1466714
9.82, 1440924
9.89, 1416638
9.96, 1390705
10.03, 1367797
10.11, 1346698
10.18, 1327057
10.26, 1309113
10.34, 1291795
10.42, 1255022
10.49, 1238146
10.56, 1221741
10.64, 1203689
10.73, 1187531
10.82, 1171081
10.91, 1157839
11.01, 1145140
11.10, 1132691
11.19, 1108184
11.27, 1095864
11.35, 1083789
11.42, 1071739
11.50, 1052918
11.58, 1041684
11.65, 1032267
11.73, 1023693
11.81, 1015240
11.89, 1006985
11.96, 998824
12.04, 991100
12.11, 983698
12.18, 976317
12.25, 969109
12.32, 962102
12.40, 955416
12.47, 949294
12.54, 943620
12.61, 937989
12.67, 932842
12.75, 928971
12.82, 925129
12.90, 921714
12.97, 917626
13.05, 915180
13.12, 913104
13.19, 911232
13.27, 909511
13.35, 907833
13.42, 905123
13.49, 848694
13.56, 847223
13.64, 845976
13.72, 845000
13.79, 844063
13.86, 843225
13.92, 842429
13.99, 841980
14.06, 841899
14.13, 841682
14.20, 841643
14.36, 5766693
14.43, 5531680
14.50, 5330446
14.57, 5123104
14.64, 4922034
14.72, 4735556
14.78, 4574791
14.85, 4423635
14.92, 4274826
14.99, 4130341
15.07, 3987207
15.15, 3844642
15.23, 3723689
15.30, 3608513
15.38, 3500000
15.45, 3393219
15.53, 3288861
15.61, 3189889
15.69, 3093562
15.76, 2997805
15.84, 2904521
15.92, 2819983
16.00, 2734567
16.07, 2648582
16.15, 2570061
16.23, 2494686
16.30, 2427885
16.38, 2362929
16.46, 2303210
16.52, 2251028
16.60, 2199384
16.68, 2134594
16.75, 2085754
16.82, 2037110
16.89, 1989180
16.96, 1939727
17.03, 1891949
17.09, 1845467
17.16, 1800572
17.23, 1759739
17.30, 1702011
17.37, 1661248
17.44, 1623931
17.52, 1587958
17.58, 1555221
17.65, 1524303
17.72, 1487398
17.80, 1457633
17.88, 1428022
17.95, 1398563
18.03, 1374944
18.11, 1354121
18.18, 1328479
18.26, 1308895
18.33, 1284087
18.41, 1258164
18.49, 1242493
18.57, 1216963
18.64, 1195290
18.71, 1174268
18.78, 1158628
18.86, 1142995
18.94, 1127542
19.01, 1112096
19.08, 1098746
19.16, 1084245
19.24, 1071837
19.31, 1048652
19.39, 1036627
19.46, 1026957
19.54, 1018540
19.62, 1010677
19.69, 1003144
19.77, 991744
19.84, 973680
19.92, 966264
19.99, 958271
20.07, 951141
20.14, 945084
20.20, 939052
20.27, 925076
20.34, 920888
20.41, 917169
20.48, 895675
20.55, 889333
20.62, 885244
20.70, 881898
20.77, 879329
20.85, 874458
20.93, 872003
21.00, 869557
21.08, 867193
21.15, 865057
21.23, 862984
21.32, 861193
21.40, 853754
21.49, 852507
21.58, 851669
21.68, 851273
21.87, 5781001
21.95, 5582322
22.03, 5387199
22.11, 5188995
22.20, 5002233
22.28, 4832197
22.37, 4674814
22.44, 4524570
22.52, 4374921
22.60, 4225165
22.68, 4077035
22.76, 3926693
22.83, 3780014
22.91, 3650805
22.99, 3514635
23.07, 3376162
23.14, 3247388
23.21, 3145657
23.29, 3046663
23.37, 2950357
23.45, 2849656
23.53, 2755029
23.62, 2664644
23.69, 2571130
23.77, 2480935
23.86, 2397153
23.94, 2316675
24.03, 2254266
24.12, 2175904
24.20, 2099423
24.29, 2038398
24.37, 1982747
24.45, 1914582
24.53, 1866461
24.62, 1824294
24.70, 1778322
24.78, 1737194
24.86, 1698029
24.93, 1662187
24.99, 1628429
25.06, 1596646
25.13, 1567603
25.21, 1539291
25.29, 1513430
25.35, 1487632
25.42, 1463673
25.50, 1439914
25.57, 1415779
25.65, 1392744
25.73, 1369811
25.81, 1346011
25.89, 1317895
25.95, 1294115
26.02, 1272155
26.09, 1254161
26.17, 1233829
26.25, 1216148
26.31, 1198877
26.38, 1183350
26.45, 1168533
26.53, 1148209
26.61, 1133814
26.69, 1120135
26.77, 1106761
26.85, 1094753
26.93, 1082867
27.02, 1071536
27.11, 1063012
27.19, 1052458
27.28, 1044226
27.36, 1036422
27.44, 1028879
27.52, 1021420
27.60, 1012466
27.68, 1005513
27.76, 998371
27.84, 991608
27.92, 984861
28.00, 974422
28.09, 968499
28.17, 962962
28.25, 957241
28.33, 952162
28.41, 947443
28.48, 942755
28.56, 939391
28.63, 936245
28.71, 929697
28.79, 926779
28.86, 924963
28.94, 923270
29.03, 911601
29.10, 909916
29.18, 879261
29.26, 877872
29.33, 876586
29.41, 875431
29.49, 874315
29.56, 869238
29.64, 868409
29.73, 867614
29.81, 864541
29.89, 863938
29.96, 863410
30.03, 862933
30.10, 862677
30.17, 862444
30.23, 861521
30.30, 861481
30.38, 861442
