0.07, 5710128
0.14, 5513719
0.21, 5323175
0.27, 5149733
0.34, 4979189
0.40, 4808372
0.47, 4640368
0.54, 4481709
0.60, 4323066
0.67, 4169086
0.74, 4022666
0.81, 3881224
0.88, 3747905
0.94, 3626321
1.01, 3498528
1.08, 3383148
1.16, 3271438
1.22, 3128051
1.29, 3025027
1.36, 2926223
1.43, 2832184
1.49, 2739888
1.56, 2652172
1.63, 2565779
1.70, 2493576
1.78, 2426644
1.85, 2360694
1.92, 2294591
1.99, 2221926
2.06, 2164297
2.13, 2107038
2.20, 2053919
2.26, 2001519
2.33, 1951873
2.39, 1902376
2.46, 1855246
2.53, 1809268
2.59, 1764698
2.66, 1726901
2.73, 1689624
2.80, 1652417
2.86, 1617498
2.93, 1581456
3.00, 1546971
3.07, 1511190
3.14, 1478992
3.21, 1448572
3.28, 1418991
3.34, 1374667
3.42, 1342263
3.49, 1322129
3.57, 1302406
3.64, 1284215
3.70, 1266116
3.77, 1248061
3.83, 1221490
3.90, 1205583
3.96, 1189850
4.02, 1174177
4.09, 1156752
4.16, 1142900
4.23, 1129433
4.30, 1116177
4.37, 1103292
4.43, 1092350
4.50, 1082415
4.57, 1071345
4.63, 1061469
4.70, 1051732
4.76, 1042457
4.83, 1033253
4.89, 1024318
4.96, 1016500
5.02, 1009132
5.09, 996434
5.16, 984857
5.22, 978525
5.29, 972329
5.36, 966149
5.42, 960559
5.49, 952244
5.55, 945914
5.62, 939975
5.68, 931601
5.75, 926122
5.82, 921365
5.88, 916969
5.94, 905335
6.01, 902001
6.08, 899083
6.14, 896178
6.20, 894362
6.27, 892550
6.33, 890930
6.41, 882315
6.47, 877177
6.54, 875521
6.61, 874193
6.68, 872877
6.75, 871660
6.81, 870466
6.89, 869382
6.95, 867764
7.03, 866968
7.11, 866225
7.19, 865288
7.27, 864811
7.35, 864771
7.43, 864732
7.58, 5512178
7.65, 5313210
7.72, 5130379
7.80, 4959071
7.87, 4798479
7.95, 4639343
8.03, 4483227
8.11, 4335289
8.19, 4183270
8.27, 4054108
8.34, 3934183
8.41, 3815826
8.49, 3688130
8.57, 3571155
8.65, 3454884
8.73, 3354043
8.80, 3260721
8.86, 3170389
8.93, 3084741
9.01, 2994288
9.09, 2910593
9.17, 2828559
9.24, 2745624
9.32, 2661743
9.40, 2581261
9.48, 2505371
9.56, 2438234
9.64, 2371180
9.72, 2304228
9.79, 2238768
9.86, 2174273
9.93, 2111396
9.99, 2044560
10.07, 1981557
10.15, 1922584
10.23, 1869968
10.30, 1821423
10.37, 1773953
10.46, 1714525
10.54, 1671223
10.62, 1629765
10.70, 1589555
10.78, 1558429
10.86, 1529052
10.94, 1495968
11.02, 1463171
11.10, 1435392
11.17, 1407727
11.26, 1386614
11.33, 1365511
11.41, 1346172
11.49, 1328116
11.56, 1282068
11.64, 1264483
11.71, 1247316
11.77, 1230177
11.85, 1213860
11.92, 1197719
12.00, 1182933
12.08, 1168166
12.16, 1153438
12.23, 1139205
12.30, 1125119
12.37, 1111260
12.43, 1098149
12.50, 1086565
12.56, 1075120
12.62, 1064299
12.69, 1054390
12.76, 1031258
12.83, 1020347
12.90, 1010896
12.96, 1002062
13.03, 993968
13.09, 986829
13.15, 980066
13.22, 973535
13.28, 967278
13.35, 961157
13.43, 948472
13.50, 943084
13.57, 938547
13.64, 934074
13.72, 929935
13.80, 926500
13.89, 923167
13.97, 920461
14.05, 918466
14.13, 916534
14.21, 914678
14.29, 912862
14.37, 911083
14.45, 909612
14.52, 908457
14.59, 907523
14.66, 906891
14.73, 906334
14.79, 906227
14.94, 5120923
15.02, 4912693
15.10, 4722015
15.18, 4516487
15.26, 4366317
15.34, 4197537
15.41, 4049246
15.48, 3888624
15.55, 3747689
15.62, 3600849
15.69, 3477410
15.76, 3356893
15.84, 3227729
15.92, 3127431
15.99, 3029420
16.06, 2933225
16.13, 2836605
16.20, 2747229
16.26, 2664096
16.33, 2585160
16.40, 2509996
16.46, 2431306
16.53, 2359885
16.59, 2289015
16.66, 2222139
16.73, 2150859
16.79, 2085306
16.86, 2040923
16.92, 1975477
16.99, 1931905
17.05, 1880609
17.12, 1834154
17.18, 1790937
17.25, 1752737
17.33, 1715772
17.40, 1679106
17.47, 1648973
17.54, 1618867
17.61, 1590467
17.68, 1562738
17.74, 1530422
17.80, 1491118
17.87, 1460771
17.93, 1433418
18.00, 1412355
18.07, 1390683
18.14, 1370416
18.20, 1352713
18.27, 1335696
18.34, 1319764
18.40, 1304741
18.47, 1287293
18.54, 1273677
18.60, 1260203
18.67, 1247054
18.73, 1235401
18.80, 1224167
18.87, 1213209
18.93, 1199530
19.01, 1187026
19.08, 1173763
19.15, 1163058
19.23, 1152816
19.30, 1127948
19.37, 1109800
19.44, 1095060
19.51, 1085247
19.57, 1070247
19.64, 1060916
19.71, 1052011
19.77, 1043115
19.84, 1034330
19.91, 1026667
19.98, 1000937
20.05, 993627
20.12, 986925
20.20, 980694
20.26, 966299
20.33, 950487
20.40, 944745
20.47, 939561
20.53, 934822
20.60, 930207
20.66, 925876
20.73, 922264
20.81, 918918
20.88, 915874
20.94, 912983
21.00, 910205
21.07, 908050
21.14, 906183
21.21, 904350
21.27, 900287
21.34, 889295
21.40, 878597
21.48, 870640
21.55, 865740
21.63, 863627
21.70, 861859
21.77, 860205
21.84, 858958
21.92, 857856
22.00, 857533
22.08, 856737
22.15, 856249
22.23, 856021
22.30, 855804
22.37, 855765
22.56, 5434845
22.66, 5236503
22.75, 5040575
22.84, 4854529
22.92, 4669306
23.01, 4496925
23.10, 4338228
23.18, 4191436
23.26, 4048513
23.34, 3916510
23.42, 3772694
23.50, 3642786
23.58, 3526211
23.65, 3411822
23.73, 3303950
23.81, 3197256
23.89, 3095535
23.96, 3002200
24.03, 2902086
24.11, 2806193
24.19, 2711229
24.27, 2625574
24.35, 2542767
24.43, 2461402
24.51, 2380965
24.58, 2313770
24.65, 2237921
24.71, 2175391
24.78, 2103423
24.84, 2043513
24.91, 1984477
24.97, 1929940
25.04, 1879825
25.10, 1830061
25.17, 1781116
25.23, 1735667
25.30, 1694982
25.37, 1649920
25.44, 1614850
25.51, 1584470
25.58, 1554590
25.66, 1528855
25.74, 1503298
25.82, 1478238
25.90, 1455349
25.99, 1433486
26.07, 1410643
26.15, 1385011
26.23, 1364195
26.32, 1343743
26.39, 1324742
26.46, 1306493
26.52, 1288920
26.59, 1265772
26.66, 1235384
26.74, 1213668
26.82, 1197063
26.91, 1180984
26.99, 1162004
27.07, 1146626
27.14, 1131937
27.21, 1113255
27.30, 1097938
27.38, 1083815
27.45, 1058578
27.53, 1044653
27.61, 1033419
27.70, 1023314
27.79, 1013780
27.87, 1004286
27.96, 994984
28.04, 986315
28.13, 977849
28.22, 970045
28.30, 963324
28.38, 957395
28.46, 932689
28.54, 927213
28.64, 922522
28.73, 918302
28.81, 914394
28.89, 910552
28.98, 907163
29.06, 903817
29.14, 900714
29.22, 897684
29.30, 895429
29.37, 893818
29.43, 892208
29.51, 890769
29.58, 889380
29.66, 888064
29.73, 886778
29.80, 885713
29.88, 876083
29.96, 875374
30.04, 874771
30.11, 874214
30.18, 873737
30.25, 873691
30.33, 873652
30.40, 873645
