0.00, 5661922
0.00, 5657541
0.00, 5617093
0.00, 5605210
0.01, 5605126
0.01, 5568377
0.01, 5496007
0.01, 5478067
0.01, 5474831
0.01, 5468710
0.01, 5412397
0.01, 5387593
0.01, 5336152
0.02, 5286069
0.05, 5198756
0.05, 5148792
0.05, 5114946
0.05, 5104858
0.05, 5103487
0.05, 5078051
0.05, 5005463
0.05, 5002922
0.05, 4975587
0.22, 4943700
0.22, 4939929
0.24, 4925722
0.24, 4925322
0.24, 4897852
0.24, 4801394
0.24, 4800681
0.24, 4775407
0.24, 4734673
0.24, 4673041
0.24, 4671202
0.24, 4521785
0.26, 4480644
0.26, 4476691
0.26, 4412094
0.26, 4378192
0.26, 4320485
0.26, 4316752
0.26, 4314623
0.26, 4254255
0.26, 4203755
0.26, 4197013
0.26, 4190518
0.26, 4184233
0.27, 4179565
0.27, 4122154
0.28, 4086453
0.28, 4081313
0.28, 4051981
0.28, 4050937
0.28, 4050287
0.28, 4046117
0.28, 4009691
0.28, 3981037
0.28, 3967476
0.28, 3965604
0.28, 3852586
0.28, 3852555
0.29, 3776592
0.29, 3696063
0.29, 3684949
0.29, 3656073
0.29, 3625715
0.29, 3623543
0.29, 3623006
0.30, 3602364
0.30, 3533456
0.30, 3495294
0.30, 3421437
0.30, 3358269
0.30, 3340504
0.30, 3322598
0.30, 3288625
0.30, 3233552
0.30, 3161623
0.30, 3146797
0.30, 3145188
0.30, 3120901
0.30, 3068590
0.30, 3042482
0.30, 3040992
0.30, 3030089
0.31, 3025086
0.31, 3021725
0.31, 3013269
0.31, 2966797
0.31, 2963138
0.31, 2917576
0.31, 2853899
0.31, 2794985
0.31, 2789232
0.31, 2776315
0.31, 2745412
0.31, 2738265
0.31, 2733383
0.32, 2715098
0.32, 2699923
0.32, 2687309
0.32, 2672530
0.32, 2666983
0.32, 2647749
0.32, 2635494
0.32, 2632702
0.32, 2626216
0.32, 2616930
0.32, 2606217
0.32, 2579964
0.32, 2573958
0.32, 2571160
0.32, 2565865
0.32, 2561031
0.32, 2544131
0.32, 2510365
0.32, 2479909
0.32, 2473358
0.32, 2472575
0.32, 2468857
0.32, 2457008
0.32, 2418883
0.32, 2368477
0.32, 2328204
0.33, 2313748
0.33, 2310893
0.33, 2309906
0.33, 2297279
0.33, 2297201
0.33, 2288743
0.33, 2259340
0.33, 2258591
0.33, 2212887
0.33, 2207903
0.33, 2166806
0.33, 2156446
0.33, 2144207
0.33, 2098100
0.33, 2080465
0.33, 2065053
0.33, 2046409
0.33, 2023401
0.33, 2022514
0.33, 2008493
0.33, 2003310
0.33, 2002830
0.33, 1993955
0.33, 1976641
0.33, 1966638
0.33, 1954946
0.33, 1954701
0.33, 1950710
0.34, 1936437
0.34, 1932877
0.34, 1900589
0.34, 1885327
0.34, 1875224
0.34, 1870135
0.34, 1854881
0.34, 1836576
0.34, 1836479
0.34, 1806460
0.34, 1805995
0.34, 1791064
0.34, 1788231
0.34, 1781954
0.34, 1774909
0.34, 1752563
0.34, 1749836
0.34, 1737026
0.34, 1735651
0.35, 1730739
0.35, 1712197
0.35, 1708373
0.35, 1676190
0.35, 1655264
0.35, 1640733
0.35, 1640716
0.35, 1625823
0.35, 1622059
0.35, 1612590
0.35, 1607589
0.36, 1602050
0.36, 1599298
0.36, 1596768
0.36, 1582561
0.36, 1581161
0.36, 1581079
0.36, 1579488
0.36, 1561744
0.36, 1554973
0.36, 1549178
0.37, 1535552
0.37, 1529648
0.37, 1527906
0.37, 1507582
0.37, 1504834
0.37, 1462991
0.37, 1460543
0.37, 1457261
0.38, 1445290
0.38, 1433286
0.38, 1428611
0.38, 1425836
0.38, 1420504
0.38, 1417299
0.38, 1408385
0.38, 1398537
0.38, 1398336
0.38, 1388101
0.38, 1388027
0.38, 1381397
0.39, 1379289
0.39, 1375831
0.39, 1372432
0.39, 1372359
0.39, 1369851
0.39, 1366388
0.39, 1365470
0.40, 1359445
0.40, 1353707
0.40, 1342775
0.40, 1330308
0.40, 1319288
0.40, 1291132
0.40, 1287075
0.40, 1276548
0.40, 1275508
0.41, 1269949
0.41, 1249263
0.41, 1246883
0.41, 1245318
0.41, 1238649
0.41, 1238363
0.41, 1207928
0.41, 1206751
0.42, 1206453
0.42, 1205864
0.42, 1184908
0.42, 1137302
0.42, 1135827
0.43, 1129172
0.43, 1128158
0.43, 1127789
0.43, 1119957
0.43, 1117495
0.43, 1116340
0.43, 1111166
0.43, 1107844
0.44, 1100204
0.44, 1099970
0.44, 1097213
0.44, 1095603
0.44, 1093894
0.44, 1088682
0.45, 1087172
0.45, 1085500
0.45, 1080546
0.45, 1074757
0.46, 1071806
0.46, 1067491
0.46, 1046141
0.46, 1041739
0.46, 1029076
0.47, 1028780
0.48, 1028672
0.48, 1019262
0.49, 1018950
0.49, 1012820
0.50, 1011694
0.51, 1005136
0.51, 1005006
0.52, 1004682
0.55, 1002421
0.55, 1002301
0.56, 1002052
0.56, 986420
0.57, 979889
0.57, 975476
0.57, 965452
0.66, 964910
0.74, 963775
0.77, 962039
0.78, 953979
0.79, 947395
0.88, 946053
0.94, 944767
1.20, 942694
5.10, 928496
5.10, 923417
5.11, 917967
5.12, 902186
5.15, 899965
5.16, 887038
5.17, 883300
5.18, 872442
5.79, 871993
