0.10, 9514522
0.19, 9206032
0.28, 8881727
0.38, 8567902
0.48, 8269342
0.59, 7987805
0.69, 7697791
0.80, 7429118
0.92, 7150063
1.03, 6889311
1.14, 6648422
1.24, 6419498
1.35, 6192309
1.45, 5980732
1.55, 5756765
1.64, 5543803
1.73, 5333331
1.83, 5151090
1.92, 4955705
2.01, 4765847
2.11, 4584529
2.23, 4407011
2.33, 4235422
2.43, 4069587
2.54, 3890592
2.64, 3742318
2.75, 3608311
2.85, 3475086
2.95, 3350159
3.05, 3236603
3.16, 3128304
3.25, 3007307
3.34, 2897694
3.45, 2800273
3.56, 2706825
3.66, 2618034
3.77, 2541586
3.87, 2469009
3.98, 2406727
4.08, 2354927
4.18, 2286174
4.30, 2233585
4.39, 2184581
4.49, 2135317
4.58, 2086796
4.69, 2027180
4.79, 1980055
4.89, 1936376
5.00, 1890711
5.11, 1848458
5.23, 1813355
5.34, 1766984
5.46, 1734499
5.57, 1708605
5.69, 1682832
5.80, 1657872
5.92, 1634744
6.03, 1612220
6.13, 1593499
6.22, 1576612
6.31, 1556927
6.42, 1537611
6.55, 1520168
6.67, 1503494
6.85, 1487821
6.99, 1472157
7.10, 1457273
7.21, 1443285
7.31, 1429717
7.43, 1416275
7.54, 1403471
7.65, 1392576
7.76, 1382485
7.85, 1372589
7.97, 1363182
8.07, 1354261
8.18, 1345782
8.28, 1336416
8.37, 1326844
8.48, 1318877
8.57, 1311031
8.65, 1303327
8.76, 1295874
8.86, 1288443
8.95, 1282530
9.05, 1276922
9.15, 1270288
9.25, 1264840
9.35, 1254446
9.46, 1250004
9.57, 1246111
9.68, 1242539
9.78, 1238217
9.89, 1235301
10.01, 1231767
10.11, 1228984
10.21, 1226304
10.32, 1223666
10.42, 1221461
10.52, 1219495
10.61, 1217855
10.70, 1216334
10.78, 1214837
10.87, 1213478
10.97, 1210796
11.05, 1209493
11.14, 1200539
11.23, 1199318
11.31, 1198252
11.41, 1197444
11.51, 1196638
11.59, 1195832
11.68, 1195426
11.77, 1195219
11.86, 1195014
11.96, 1194813
12.05, 1194406
12.14, 1194251
12.23, 1193352
12.32, 1193241
12.41, 1192030
12.51, 1191979
12.68, 10106407
12.76, 9647036
12.84, 9297287
12.94, 8973296
13.03, 8661177
13.12, 8361504
13.20, 8071777
13.30, 7797815
13.39, 7539397
13.49, 7297109
13.57, 7050053
13.66, 6810230
13.75, 6572145
13.85, 6337903
13.95, 6109002
14.05, 5902674
14.14, 5680074
14.25, 5476865
14.34, 5262633
14.43, 5067346
14.54, 4879818
14.63, 4692382
14.72, 4514520
14.82, 4336537
14.93, 4158776
15.04, 4004752
15.14, 3856827
15.23, 3722330
15.32, 3597247
15.43, 3488963
15.54, 3315465
15.64, 3206084
15.75, 3095469
15.85, 3001387
15.95, 2923552
16.06, 2847685
16.16, 2777193
16.25, 2707678
16.34, 2639660
16.45, 2557388
16.54, 2494419
16.64, 2428519
16.74, 2375322
16.84, 2323945
16.95, 2272366
17.06, 2223001
17.16, 2174533
17.25, 2130489
17.35, 2085379
17.45, 2043980
17.56, 2007177
17.68, 1971065
17.80, 1939922
17.92, 1912003
18.04, 1887736
18.15, 1846510
18.27, 1825656
18.39, 1801138
18.50, 1780344
18.61, 1759673
18.72, 1739169
18.82, 1719699
18.91, 1699678
19.00, 1680489
19.10, 1662093
19.19, 1643839
19.29, 1626839
19.38, 1609960
19.47, 1594040
19.57, 1578481
19.66, 1564913
19.77, 1551651
19.89, 1539960
20.01, 1528440
20.12, 1517546
20.23, 1506737
20.33, 1496735
20.43, 1487724
20.54, 1479030
20.66, 1470884
20.78, 1462775
20.89, 1454808
20.99, 1447280
21.09, 1439920
21.17, 1432833
21.26, 1425876
21.37, 1420194
21.47, 1411778
21.56, 1406710
21.66, 1401723
21.78, 1397153
21.89, 1392711
21.99, 1388377
22.09, 1384245
22.17, 1380720
22.28, 1377808
22.38, 1374919
22.49, 1372043
22.60, 1348501
22.70, 1346196
22.81, 1339419
22.91, 1336498
23.02, 1334200
23.11, 1331981
23.19, 1329842
23.29, 1327732
23.38, 1325766
23.46, 1324172
23.54, 1322584
23.64, 1320718
23.73, 1319160
23.82, 1316248
23.92, 1314379
24.01, 1312897
24.10, 1311428
24.19, 1310110
24.30, 1305802
24.39, 1304495
24.48, 1303268
24.57, 1302162
24.67, 1301191
24.76, 1300477
24.86, 1299920
24.97, 1298039
25.08, 1297563
25.19, 1295917
25.30, 1295546
25.40, 1295139
25.50, 1294873
25.59, 1294731
25.77, 10573860
25.86, 10233348
25.95, 9911879
26.04, 9607245
26.12, 9303611
26.21, 9002016
26.31, 8704686
26.39, 8425505
26.49, 8159367
26.59, 7906691
26.70, 7660542
26.89, 7384772
27.00, 7145191
27.09, 6906004
27.20, 6668544
27.30, 6433346
27.40, 6204415
27.52, 5988515
27.64, 5777105
27.75, 5576391
27.85, 5376106
27.96, 5199601
28.07, 5032159
28.17, 4837383
28.27, 4675782
28.37, 4521403
28.46, 4370133
28.56, 4221126
28.66, 4071691
28.77, 3921852
28.88, 3775384
28.99, 3629726
29.10, 3494520
29.21, 3353014
29.31, 3252263
29.42, 3138135
29.53, 3037487
29.64, 2944599
29.76, 2861571
29.88, 2786436
29.99, 2712514
30.11, 2639374
30.22, 2572089
30.33, 2509837
30.43, 2455868
30.53, 2403305
30.63, 2352419
30.74, 2302703
30.86, 2254209
30.98, 2206733
31.09, 2162747
31.20, 2089339
31.30, 2046962
31.41, 2004794
31.52, 1966192
31.62, 1925539
31.74, 1887308
31.86, 1851629
31.97, 1818857
32.07, 1788549
32.18, 1761847
32.28, 1737173
32.37, 1715148
32.46, 1693304
32.54, 1671602
32.64, 1650250
32.74, 1621343
32.82, 1601044
32.92, 1581011
33.01, 1564188
33.09, 1543048
33.19, 1527291
33.28, 1510996
33.37, 1495700
33.45, 1481434
33.54, 1468630
33.65, 1456841
33.77, 1445423
33.88, 1435866
33.99, 1426477
34.11, 1417711
34.22, 1411606
34.33, 1405576
34.45, 1398698
34.56, 1391866
34.67, 1385995
34.79, 1380165
34.90, 1360797
35.00, 1350964
35.11, 1345216
35.21, 1339545
35.31, 1333891
35.40, 1328460
35.49, 1323654
35.59, 1319101
35.69, 1315125
35.79, 1303228
35.89, 1292408
36.00, 1284686
36.09, 1278285
36.20, 1274331
36.29, 1271035
36.39, 1268095
36.50, 1265669
36.62, 1263351
36.73, 1261149
36.82, 1259183
36.91, 1257580
37.00, 1256052
37.10, 1254579
37.20, 1253208
37.28, 1251914
37.38, 1248903
37.48, 1246295
37.56, 1244419
37.67, 1243192
37.77, 1242060
37.88, 1241051
37.98, 1240044
38.08, 1238390
38.17, 1237584
38.26, 1236928
38.35, 1236456
38.46, 1236159
38.55, 1235983
38.75, 9312116
38.86, 8977731
38.96, 8657477
39.06, 8359729
39.16, 8070166
39.26, 7792029
39.37, 7526224
39.47, 7267454
39.57, 6997042
39.66, 6750800
39.75, 6509131
39.85, 6287318
39.96, 6074825
40.06, 5867456
40.14, 5671029
40.24, 5485488
40.34, 5306321
40.43, 5127202
40.52, 4950822
40.63, 4776316
40.75, 4615078
40.85, 4454255
40.95, 4300920
41.05, 4149599
41.16, 3991966
41.27, 3856529
41.37, 3733401
41.48, 3607934
41.58, 3491059
41.69, 3367674
41.80, 3240165
41.90, 3125586
42.00, 3021192
42.10, 2918961
42.21, 2815448
42.31, 2723273
42.40, 2644051
42.49, 2571070
42.59, 2497746
42.69, 2427372
42.79, 2367412
42.88, 2312035
42.98, 2258352
43.08, 2192405
43.17, 2145479
43.26, 2099200
43.35, 2054591
43.44, 2009702
43.52, 1967317
43.61, 1928393
43.70, 1893678
43.80, 1860813
43.89, 1820327
43.97, 1792947
44.06, 1766565
44.16, 1741956
44.26, 1717627
44.36, 1693875
44.46, 1672017
44.56, 1650874
44.66, 1630300
44.77, 1611579
44.87, 1595990
44.95, 1581958
45.04, 1568053
45.12, 1552338
45.21, 1538561
45.30, 1523749
45.38, 1507296
45.47, 1484081
45.56, 1467334
45.64, 1451104
45.74, 1436479
45.82, 1423400
45.91, 1410531
46.00, 1398996
46.11, 1389151
46.22, 1379837
46.32, 1364152
46.42, 1355309
46.52, 1347240
46.61, 1339697
46.69, 1332990
46.80, 1326768
46.91, 1321089
47.02, 1315487
47.14, 1310735
47.25, 1306170
47.35, 1303183
47.46, 1300433
47.57, 1297926
47.67, 1295551
47.77, 1289872
47.85, 1286899
47.94, 1284553
48.03, 1282379
48.12, 1278178
48.22, 1276709
48.31, 1275498
48.40, 1274205
48.48, 1272083
48.56, 1270933
48.66, 1269890
48.77, 1268883
48.89, 1267229
49.00, 1266332
49.11, 1265489
49.21, 1262544
49.32, 1261945
49.42, 1261353
49.52, 1259792
49.63, 1259202
49.74, 1258566
49.84, 1258159
49.93, 1257763
50.01, 1257420
50.10, 1257105
50.20, 1256950
50.30, 1255681
