0.00, 10150390
0.00, 10053016
0.00, 10010294
0.00, 9984474
0.00, 9976634
0.00, 9895333
0.00, 9883075
0.00, 9874325
0.00, 9744763
0.00, 9609027
0.00, 9449253
0.00, 9449067
0.05, 9366196
0.05, 9356824
0.09, 9334191
0.09, 9316634
0.09, 9286798
0.09, 9215638
0.12, 9205018
0.12, 9155097
0.12, 9132133
0.12, 9098495
0.12, 8994709
0.12, 8916654
0.12, 8814365
0.12, 8812222
0.12, 8750640
0.23, 8589155
0.23, 8441735
0.23, 8424991
0.23, 8398928
0.23, 8270588
0.23, 7972756
0.23, 7965158
0.23, 7958916
0.23, 7953721
0.23, 7950548
0.23, 7919465
0.25, 7916571
0.25, 7872962
0.25, 7792902
0.25, 7788565
0.25, 7781165
0.25, 7698341
0.25, 7633316
0.25, 7631934
0.25, 7625193
0.25, 7615365
0.25, 7589175
0.26, 7532549
0.26, 7530055
0.26, 7455452
0.26, 7432440
0.26, 7427484
0.26, 7424299
0.26, 7346189
0.26, 7332919
0.26, 7314137
0.26, 7281011
0.26, 7169384
0.26, 7154242
0.26, 7154160
0.26, 7137571
0.26, 7114588
0.26, 7114513
0.26, 7088848
0.26, 7085652
0.27, 7064692
0.27, 7041708
0.27, 7036784
0.27, 7025138
0.27, 7008253
0.27, 7003561
0.27, 6963310
0.27, 6915256
0.27, 6896610
0.27, 6803651
0.27, 6787954
0.27, 6743998
0.27, 6699671
0.27, 6698963
0.27, 6694066
0.27, 6682065
0.28, 6636014
0.28, 6633140
0.28, 6553554
0.28, 6552191
0.28, 6529177
0.28, 6443403
0.28, 6404108
0.28, 6370199
0.28, 6316718
0.28, 6261723
0.28, 6209663
0.28, 6175933
0.28, 6056496
0.28, 6021807
0.28, 6006093
0.28, 6000322
0.28, 5834875
0.28, 5791998
0.29, 5766885
0.29, 5763019
0.30, 5742842
0.30, 5732829
0.30, 5714666
0.30, 5713983
0.30, 5713978
0.30, 5689372
0.30, 5622800
0.30, 5607689
0.30, 5595559
0.30, 5581932
0.30, 5552835
0.30, 5551594
0.30, 5500861
0.30, 5489183
0.30, 5485791
0.30, 5273489
0.30, 5209118
0.30, 5189094
0.30, 5141855
0.30, 5119826
0.30, 5049512
0.30, 5041198
0.31, 5029715
0.31, 5023195
0.31, 5018272
0.31, 4995097
0.31, 4969211
0.31, 4948756
0.31, 4908207
0.31, 4901785
0.31, 4872215
0.31, 4843028
0.31, 4816852
0.31, 4808404
0.31, 4773523
0.31, 4725261
0.31, 4720031
0.31, 4706678
0.31, 4590384
0.32, 4577851
0.32, 4577627
0.32, 4568861
0.32, 4567008
0.32, 4558113
0.32, 4552349
0.32, 4496622
0.32, 4480711
0.32, 4460042
0.32, 4449381
0.32, 4446656
0.32, 4442033
0.32, 4418941
0.32, 4418721
0.32, 4352867
0.32, 4351628
0.32, 4331415
0.32, 4318804
0.32, 4252449
0.32, 4217203
0.32, 4167951
0.32, 4164787
0.32, 4164181
0.32, 4160587
0.32, 4091644
0.32, 4051250
0.32, 4022016
0.32, 4021695
0.32, 4019568
0.32, 4009141
0.32, 3990559
0.32, 3910779
0.32, 3899851
0.32, 3881641
0.32, 3881586
0.32, 3856373
0.32, 3839396
0.32, 3834043
0.32, 3833491
0.32, 3830380
0.32, 3779545
0.32, 3773878
0.33, 3759528
0.33, 3706383
0.33, 3636332
0.33, 3624584
0.33, 3581231
0.33, 3558309
0.33, 3549145
0.33, 3537221
0.33, 3530870
0.33, 3529466
0.33, 3527176
0.33, 3515074
0.33, 3513497
0.33, 3482222
0.33, 3475249
0.33, 3444636
0.33, 3441696
0.33, 3433583
0.33, 3422073
0.33, 3419121
0.33, 3408647
0.33, 3398166
0.33, 3397359
0.33, 3397214
0.33, 3387692
0.33, 3378804
0.33, 3370545
0.33, 3370249
0.34, 3349060
0.34, 3332932
0.34, 3330589
0.34, 3321242
0.34, 3308266
0.34, 3301189
0.34, 3292791
0.34, 3269197
0.34, 3201413
0.34, 3124224
0.34, 3116487
0.34, 3090149
0.34, 3072919
0.34, 3064360
0.35, 3020678
0.35, 3015742
0.35, 3010546
0.35, 3010038
0.35, 3000086
0.35, 2996889
0.35, 2994917
0.35, 2987017
0.35, 2967115
0.35, 2965664
0.35, 2961554
0.35, 2928263
0.35, 2926168
0.35, 2881064
0.36, 2877329
0.36, 2872493
0.36, 2861664
0.36, 2857816
0.36, 2815543
0.36, 2814331
0.36, 2813787
0.36, 2807884
0.36, 2780550
0.36, 2757697
0.36, 2747646
0.36, 2742859
0.36, 2733261
0.36, 2732228
0.36, 2728089
0.36, 2725948
0.36, 2725567
0.37, 2719546
0.37, 2666442
0.37, 2665605
0.37, 2629840
0.37, 2626046
0.37, 2562755
0.37, 2557294
0.37, 2556396
0.37, 2533757
0.37, 2513055
0.37, 2512953
0.37, 2509687
0.37, 2508101
0.37, 2498377
0.37, 2498251
0.37, 2491600
0.37, 2448897
0.37, 2445470
0.37, 2395307
0.37, 2392242
0.37, 2383468
0.37, 2326073
0.37, 2320958
0.37, 2320858
0.37, 2313829
0.37, 2303543
0.37, 2287870
0.37, 2283985
0.38, 2282888
0.38, 2280177
0.38, 2222013
0.38, 2220935
0.38, 2204124
0.38, 2178477
0.38, 2165172
0.38, 2154682
0.38, 2152642
0.38, 2150533
0.38, 2134215
0.38, 2130758
0.38, 2128579
0.38, 2128362
0.38, 2110311
0.38, 2109085
0.38, 2108905
0.39, 2104629
0.39, 2099405
0.39, 2099194
0.39, 2094931
0.39, 2069730
0.40, 2043575
0.40, 2038061
0.40, 2025109
0.40, 2024934
0.40, 2024555
0.41, 2023454
0.41, 1999149
0.41, 1994572
0.41, 1994243
0.41, 1990053
0.41, 1989044
0.41, 1983391
0.41, 1970192
0.41, 1969584
0.42, 1967993
0.42, 1956245
0.42, 1946639
0.42, 1939315
0.42, 1937557
0.42, 1937481
0.42, 1926032
0.43, 1925849
0.43, 1924758
0.43, 1917402
0.43, 1914422
0.43, 1895113
0.43, 1894302
0.43, 1894248
0.44, 1887841
0.44, 1879706
0.44, 1875418
0.45, 1874852
0.45, 1857755
0.45, 1857624
0.45, 1851902
0.45, 1849130
0.45, 1846189
0.46, 1842824
0.46, 1842160
0.46, 1842138
0.46, 1838637
0.46, 1838044
0.46, 1826097
0.46, 1824443
0.47, 1775490
0.47, 1774889
0.47, 1773214
0.47, 1772816
0.47, 1771875
0.48, 1758104
0.48, 1757900
0.49, 1756548
0.49, 1756232
0.49, 1754456
0.49, 1751397
0.49, 1750333
0.49, 1725597
0.50, 1722509
0.51, 1719400
0.51, 1718247
0.51, 1706235
0.52, 1703904
0.52, 1663023
0.52, 1658056
0.52, 1657220
0.53, 1655223
0.54, 1651487
0.54, 1641584
0.54, 1638652
0.55, 1604547
0.56, 1600986
0.56, 1600964
0.57, 1571775
0.57, 1571353
0.58, 1559292
0.58, 1555514
0.58, 1498006
0.58, 1496624
0.58, 1495317
0.60, 1484478
0.63, 1469468
0.63, 1468203
0.64, 1468161
0.65, 1466386
0.66, 1461634
0.67, 1453451
0.67, 1451284
0.68, 1448777
0.69, 1447846
0.70, 1445650
0.73, 1445370
0.73, 1445366
0.74, 1443867
0.76, 1443864
0.80, 1443409
0.82, 1442668
0.86, 1441591
0.88, 1438503
0.91, 1411435
0.97, 1410960
1.52, 1403114
2.77, 1401652
2.82, 1392547
2.97, 1390500
3.02, 1386338
6.03, 1372618
6.03, 1341654
6.06, 1340542
6.10, 1329612
6.11, 1328927
6.14, 1327060
6.25, 1326934
6.30, 1322600
