0.09, 10371639
0.19, 9995873
0.28, 9650931
0.37, 9329779
0.47, 9019393
0.58, 8715499
0.68, 8422510
0.78, 8129297
0.87, 7866716
0.97, 7594537
1.06, 7291541
1.16, 7025129
1.26, 6777565
1.36, 6519167
1.46, 6284355
1.56, 6040520
1.66, 5813896
1.77, 5593160
1.87, 5393534
1.96, 5171408
2.04, 4975698
2.13, 4787253
2.21, 4607537
2.30, 4432263
2.39, 4257778
2.47, 4090338
2.55, 3920374
2.64, 3750466
2.73, 3597830
2.83, 3461011
2.91, 3310391
3.00, 3179093
3.09, 3051455
3.18, 2938891
3.29, 2828173
3.38, 2719333
3.47, 2624910
3.58, 2544107
3.68, 2475379
3.78, 2403822
3.88, 2336454
3.98, 2270450
4.08, 2202147
4.17, 2146011
4.28, 2093385
4.38, 2042991
4.49, 1995180
4.58, 1948318
4.67, 1908038
4.77, 1872757
4.85, 1838482
4.94, 1807651
5.05, 1782152
5.15, 1758539
5.24, 1730006
5.35, 1700149
5.46, 1677485
5.55, 1656324
5.65, 1638319
5.73, 1615992
5.84, 1598863
5.94, 1572500
6.03, 1556772
6.14, 1532425
6.24, 1512591
6.34, 1501231
6.43, 1489897
6.52, 1479284
6.63, 1469636
6.73, 1460020
6.83, 1444021
6.93, 1434764
7.04, 1425920
7.15, 1417077
7.26, 1409500
7.36, 1402109
7.46, 1395187
7.56, 1388168
7.65, 1381770
7.74, 1374983
7.84, 1369096
7.93, 1363929
8.03, 1358861
8.12, 1354571
8.21, 1350409
8.31, 1346425
8.41, 1343320
8.51, 1340383
8.60, 1337563
8.72, 1334461
8.82, 1332035
8.91, 1329839
9.01, 1324017
9.11, 1322308
9.20, 1320671
9.28, 1319261
9.38, 1317896
9.48, 1316718
9.57, 1315675
9.67, 1314775
9.78, 1314090
9.87, 1313408
9.97, 1312910
10.07, 1312567
10.17, 1312247
10.27, 1312182
10.47, 10009353
10.58, 9622913
10.69, 9259643
10.78, 8935423
10.89, 8614852
11.00, 8302629
11.10, 7983396
11.19, 7708444
11.27, 7445614
11.36, 7177962
11.44, 6931077
11.52, 6687300
11.61, 6455349
11.71, 6238710
11.79, 6009814
11.89, 5794466
11.99, 5587817
12.08, 5376193
12.17, 5164599
12.25, 4969123
12.35, 4784861
12.44, 4615661
12.53, 4438835
12.61, 4251430
12.70, 4092141
12.79, 3940455
12.89, 3806850
12.98, 3683332
13.08, 3552328
13.19, 3421971
13.30, 3300158
13.40, 3204993
13.49, 3110344
13.59, 3016616
13.70, 2921589
13.81, 2825371
13.91, 2731465
14.01, 2655598
14.11, 2585253
14.21, 2511687
14.31, 2441776
14.40, 2377953
14.51, 2315295
14.62, 2264739
14.72, 2191433
14.83, 2145289
14.94, 2101829
15.06, 2052660
15.17, 2007076
15.28, 1964699
15.37, 1922864
15.46, 1871813
15.56, 1835230
15.64, 1753774
15.73, 1721342
15.82, 1693345
15.90, 1669752
15.99, 1645025
16.08, 1623235
16.17, 1602087
16.26, 1581528
16.36, 1560990
16.45, 1545674
16.53, 1529979
16.62, 1515613
16.71, 1502914
16.79, 1488580
16.87, 1476044
16.96, 1464147
17.05, 1452545
17.13, 1441009
17.22, 1431482
17.30, 1423447
17.39, 1415476
17.48, 1407857
17.58, 1400691
17.67, 1392565
17.75, 1385662
17.84, 1381374
17.92, 1377327
18.01, 1373283
18.09, 1367464
18.18, 1363571
18.27, 1359981
18.35, 1356558
18.44, 1351955
18.53, 1348903
18.63, 1342433
18.72, 1339656
18.82, 1337226
18.91, 1328383
19.02, 1326147
19.14, 1324493
19.25, 1322950
19.36, 1321750
19.47, 1320668
19.59, 1316584
19.70, 1315778
19.81, 1315119
19.91, 1314479
20.02, 1313927
20.12, 1313499
20.21, 1313103
20.31, 1312765
20.41, 1312345
20.50, 1312103
20.59, 1311954
20.68, 1311812
20.76, 1311737
20.84, 1311725
21.02, 10614166
21.11, 10257579
21.19, 9904885
21.28, 9555228
21.36, 9208621
21.45, 8885759
21.54, 8579905
21.63, 8284054
21.72, 7975550
21.81, 7679225
21.89, 7401653
21.98, 7144188
22.07, 6885466
22.15, 6639570
22.23, 6397241
22.32, 6161161
22.40, 5925312
22.49, 5697566
22.59, 5471732
22.69, 5270330
22.79, 5077881
22.89, 4883908
23.00, 4711529
23.10, 4539449
23.19, 4382124
23.28, 4222772
23.38, 4047964
23.47, 3903102
23.57, 3753983
23.68, 3625511
23.78, 3506812
23.87, 3399025
23.97, 3287726
24.07, 3170347
24.16, 3081281
24.25, 2992910
24.34, 2910094
24.43, 2827666
24.54, 2746025
24.64, 2655751
24.74, 2583958
24.84, 2516474
24.93, 2456007
25.02, 2390404
25.10, 2326179
25.19, 2258241
25.28, 2199433
25.39, 2155485
25.51, 2114021
25.63, 2073755
25.74, 2034144
25.84, 1994922
25.95, 1958745
26.05, 1906043
26.17, 1863837
26.27, 1831886
26.36, 1800462
26.47, 1777975
26.57, 1756313
26.67, 1733576
26.77, 1712348
26.87, 1689662
26.97, 1669886
27.08, 1655159
27.18, 1639265
27.28, 1626488
27.39, 1614106
27.48, 1601811
27.58, 1589662
27.68, 1578383
27.78, 1554442
27.89, 1537237
28.00, 1526192
28.11, 1516185
28.23, 1506485
28.33, 1497962
28.43, 1490186
28.52, 1482826
28.61, 1476003
28.69, 1469728
28.78, 1463591
28.87, 1457998
28.96, 1452481
29.04, 1447591
29.13, 1442843
29.23, 1436151
29.32, 1431622
29.43, 1427288
29.52, 1423344
29.61, 1419598
29.71, 1416927
29.81, 1412107
29.91, 1371206
30.00, 1363909
30.10, 1361317
30.18, 1358979
30.27, 1356970
30.36, 1350754
30.46, 1348991
30.56, 1345540
30.65, 1343901
30.75, 1342284
30.84, 1340925
30.92, 1339631
31.01, 1338537
31.10, 1337454
31.20, 1324467
31.30, 1319485
31.39, 1317239
31.47, 1316231
31.56, 1315275
31.64, 1314485
31.73, 1313744
31.82, 1313085
31.90, 1312520
31.99, 1311968
32.07, 1311486
32.16, 1311090
32.25, 1310706
32.34, 1282180
32.44, 1276057
32.54, 1273107
32.64, 1251609
32.74, 1249179
32.83, 1246459
32.91, 1245721
33.00, 1245383
33.09, 1245166
33.20, 1244956
33.29, 1244780
33.38, 1244629
33.49, 1244487
33.60, 1244422
33.70, 1244371
33.88, 10832012
33.96, 10468747
34.05, 10122196
34.15, 9810287
34.26, 9476954
34.36, 9169086
34.47, 8870764
34.57, 8577518
34.67, 8299801
34.77, 8024496
34.88, 7753441
34.97, 7489396
35.06, 7228790
35.16, 6968134
35.26, 6719668
35.36, 6475955
35.46, 6240099
35.56, 6005797
35.66, 5768120
35.85, 5555013
35.96, 5354716
36.06, 5154975
36.15, 4961840
36.26, 4772547
36.36, 4591990
36.46, 4418484
36.56, 4252386
36.66, 4097376
36.76, 3935680
36.88, 3792287
36.99, 3664265
37.10, 3536517
37.20, 3415728
37.30, 3297502
37.42, 3181306
37.53, 3078532
37.64, 2983929
37.75, 2890497
37.85, 2778515
37.94, 2686455
38.02, 2596166
38.12, 2514413
38.23, 2440413
38.33, 2366811
38.45, 2297320
38.56, 2233972
38.67, 2175977
38.78, 2122797
38.89, 2075618
39.00, 2030244
39.11, 1989450
39.22, 1953047
39.32, 1918092
39.43, 1883408
39.53, 1850276
39.62, 1820046
39.72, 1787170
39.81, 1757477
39.90, 1728292
39.99, 1702517
40.08, 1676880
40.16, 1655231
40.26, 1634151
40.35, 1616027
40.43, 1600289
40.52, 1584656
40.61, 1561725
40.70, 1546942
40.79, 1532473
40.88, 1518339
40.96, 1505941
41.05, 1494339
41.14, 1481429
41.22, 1470609
41.30, 1460259
41.39, 1450452
41.48, 1440839
41.57, 1429715
41.66, 1423163
41.75, 1413849
41.83, 1396644
41.92, 1390256
42.01, 1384047
42.09, 1377273
42.17, 1371730
42.26, 1366634
42.35, 1362226
42.44, 1358000
42.53, 1354208
42.61, 1327541
42.70, 1318584
42.79, 1295619
42.87, 1276891
42.95, 1270454
43.04, 1266708
43.12, 1263263
43.21, 1259517
43.30, 1256782
43.38, 1254695
43.46, 1252729
43.55, 1251020
43.64, 1249661
43.72, 1248659
43.81, 1247677
43.90, 1246792
43.98, 1246013
44.07, 1245406
44.15, 1244807
44.24, 1244411
44.32, 1244096
44.40, 1243869
44.49, 1243652
44.57, 1243442
44.66, 1243266
44.74, 1243111
44.83, 1241842
44.92, 1241691
45.00, 1241587
45.09, 1240972
45.17, 1240336
45.26, 1240271
