0.09, 10768743
0.18, 10412713
0.27, 10072851
0.37, 9745245
0.47, 9435548
0.57, 9132491
0.68, 8830668
0.78, 8528737
0.88, 8232125
0.98, 7958408
1.11, 7704298
1.24, 7459292
1.36, 7223584
1.47, 6983900
1.62, 6749165
1.74, 6528864
1.84, 6310868
1.97, 6096944
2.12, 5899017
2.24, 5700043
2.35, 5503375
2.45, 5290782
2.55, 5094881
2.65, 4902036
2.75, 4717279
2.85, 4550679
2.94, 4382744
3.03, 4234550
3.11, 4086919
3.20, 3934576
3.30, 3795362
3.38, 3670392
3.47, 3537217
3.57, 3423311
3.67, 3316130
3.76, 3210315
3.85, 3110964
3.94, 3009105
4.04, 2912435
4.13, 2817129
4.23, 2725657
4.32, 2642903
4.41, 2567550
4.51, 2472776
4.61, 2406930
4.71, 2340316
4.79, 2275818
4.88, 2212873
4.97, 2160569
5.06, 2105126
5.15, 2057079
5.25, 2012528
5.35, 1970275
5.44, 1934833
5.53, 1899701
5.63, 1864746
5.72, 1831307
5.81, 1793823
5.90, 1760001
6.00, 1730039
6.10, 1701805
6.18, 1681300
6.27, 1661005
6.37, 1641902
6.47, 1622961
6.56, 1605756
6.65, 1590680
6.74, 1575626
6.82, 1562212
6.92, 1514968
7.00, 1504148
7.10, 1493465
7.18, 1483570
7.27, 1473683
7.37, 1463809
7.47, 1454237
7.58, 1440387
7.69, 1431297
7.79, 1422534
7.89, 1414018
7.98, 1406332
8.08, 1397047
8.17, 1386609
8.26, 1379902
8.35, 1373226
8.45, 1366848
8.56, 1360908
8.66, 1328807
8.77, 1316507
8.87, 1311145
8.96, 1275569
9.06, 1249714
9.15, 1244646
9.25, 1239723
9.35, 1234873
9.45, 1230420
9.53, 1226664
9.62, 1223305
9.71, 1220641
9.81, 1218565
9.89, 1216171
9.98, 1214205
10.07, 1212462
10.16, 1210650
10.27, 1207108
10.37, 1205418
10.47, 1204197
10.56, 1203019
10.66, 1201940
10.75, 1201449
10.85, 1201052
10.94, 1200797
11.04, 1200401
11.13, 1200191
11.22, 1199990
11.32, 1199583
11.42, 1199421
11.51, 1199167
11.61, 1199102
11.71, 1199051
11.92, 9254102
12.03, 8900375
12.13, 8565418
12.24, 8237734
12.34, 7934844
12.45, 7634984
12.56, 7336481
12.67, 7042879
12.78, 6784009
12.88, 6523973
12.98, 6273304
13.08, 6044148
13.18, 5794086
13.27, 5566665
13.36, 5345852
13.45, 5135965
13.54, 4930663
13.64, 4726426
13.72, 4532219
13.82, 4355517
13.90, 4176576
14.00, 4006613
14.10, 3864289
14.22, 3703932
14.33, 3585112
14.45, 3482481
14.57, 3382204
14.70, 3288848
14.82, 3188416
14.94, 3093891
15.05, 3004932
15.16, 2930171
15.26, 2856106
15.36, 2784058
15.46, 2711308
15.57, 2641346
15.72, 2574882
15.85, 2507275
15.97, 2440936
16.08, 2376629
16.20, 2312496
16.31, 2258971
16.41, 2207377
16.52, 2156010
16.63, 2107340
16.74, 2060919
16.85, 2019345
16.95, 1980737
17.05, 1951320
17.16, 1923007
17.26, 1895673
17.37, 1875839
17.48, 1856898
17.59, 1837969
17.72, 1819216
17.87, 1802194
17.99, 1777597
18.10, 1760772
18.21, 1744852
18.31, 1730425
18.41, 1717063
18.51, 1704078
18.62, 1691869
18.73, 1680098
18.84, 1660540
18.95, 1649707
19.05, 1639811
19.16, 1630487
19.27, 1612923
19.36, 1595600
19.45, 1580621
19.54, 1571336
19.65, 1559840
19.76, 1519704
19.86, 1485117
19.96, 1456341
20.06, 1441716
20.16, 1428912
20.25, 1418353
20.35, 1411511
20.44, 1404710
20.54, 1397936
20.63, 1390751
20.74, 1384294
20.84, 1378008
20.95, 1372199
21.07, 1367855
21.18, 1364484
21.29, 1361128
21.40, 1358290
21.50, 1355518
21.61, 1353187
21.72, 1332257
21.83, 1312182
21.93, 1283656
22.05, 1268401
22.16, 1257252
22.27, 1247189
22.39, 1245189
22.50, 1242759
22.61, 1239353
22.70, 1237663
22.79, 1236056
22.89, 1230691
22.98, 1229201
23.07, 1227327
23.16, 1225723
23.25, 1224502
23.34, 1223352
23.43, 1222288
23.52, 1221281
23.61, 1219627
23.70, 1218648
23.79, 1217099
23.88, 1214016
23.96, 1213210
24.05, 1212587
24.14, 1210943
24.23, 1210151
24.32, 1209552
24.41, 1209013
24.50, 1208388
24.59, 1207916
24.68, 1207520
24.76, 1207285
24.85, 1207078
24.94, 1206873
25.03, 1206715
25.12, 1206560
25.22, 1205661
25.31, 1205519
25.40, 1205468
25.57, 9520243
25.66, 9174692
25.76, 8882426
25.85, 8577496
25.94, 8296674
26.03, 8013718
26.12, 7742328
26.21, 7473103
26.31, 7209214
26.41, 6956602
26.50, 6670179
26.59, 6421733
26.68, 6187452
26.76, 5942780
26.86, 5700580
26.95, 5470008
27.04, 5267241
27.13, 5079589
27.21, 4897008
27.30, 4718044
27.39, 4543097
27.49, 4362186
27.59, 4201616
27.69, 4044452
27.80, 3875810
27.90, 3728313
28.01, 3615337
28.11, 3489413
28.21, 3378278
28.32, 3270296
28.42, 3131343
28.52, 3027648
28.62, 2927631
28.72, 2838823
28.82, 2751085
28.92, 2667764
29.02, 2587250
29.13, 2512514
29.23, 2438970
29.32, 2374197
29.41, 2304914
29.51, 2249457
29.61, 2195444
29.70, 2146371
29.80, 2100310
29.88, 2059410
29.97, 2019572
30.07, 1970926
30.17, 1934363
30.28, 1888427
30.39, 1855461
30.49, 1825559
30.59, 1796406
30.77, 1771625
30.87, 1744577
30.97, 1722358
31.08, 1700444
31.18, 1679112
31.28, 1658399
31.38, 1638821
31.49, 1619340
31.60, 1600904
31.73, 1583054
31.86, 1565280
31.97, 1543953
32.07, 1521690
32.17, 1507556
32.27, 1495555
32.36, 1483560
32.46, 1457840
32.54, 1446101
32.66, 1434645
32.77, 1424931
32.89, 1415526
32.99, 1406155
33.11, 1397125
33.22, 1389765
33.32, 1382452
33.42, 1375742
33.52, 1369557
33.62, 1362665
33.72, 1356562
33.81, 1351090
33.90, 1346022
33.99, 1341072
34.09, 1332127
34.19, 1327301
34.28, 1322599
34.38, 1318200
34.48, 1313866
34.58, 1310023
34.68, 1306215
34.78, 1300752
34.87, 1297676
34.96, 1294703
35.05, 1292316
35.15, 1290021
35.24, 1288331
35.33, 1286677
35.42, 1285173
35.51, 1283993
35.60, 1282861
35.69, 1281818
35.78, 1280809
35.87, 1280003
35.97, 1279341
36.07, 1278705
36.16, 1278106
36.25, 1277565
36.35, 1277091
36.45, 1276720
36.54, 1276313
36.63, 1275980
36.72, 1275145
36.82, 1274881
36.91, 1274671
37.00, 1274529
37.09, 1274403
37.18, 1273109
37.27, 1272030
37.37, 1271965
37.55, 10047234
37.64, 9664441
37.73, 9313893
37.83, 8983675
37.92, 8678373
38.02, 8375986
38.11, 8092895
38.21, 7798263
38.30, 7519785
38.38, 7250091
38.47, 6990307
38.56, 6745012
38.65, 6509740
38.74, 6279428
38.83, 6051323
38.92, 5855205
39.01, 5651728
39.10, 5430273
39.18, 5236189
39.27, 5043100
39.35, 4864471
39.44, 4690317
39.53, 4520361
39.61, 4362112
39.70, 4220977
39.78, 4083679
39.87, 3923079
39.96, 3767674
40.05, 3648549
40.14, 3535663
40.23, 3413973
40.31, 3301865
40.40, 3190007
40.48, 3084450
40.59, 2967400
40.68, 2869195
40.77, 2761169
40.86, 2670964
40.95, 2592140
41.04, 2519642
41.14, 2454128
41.22, 2391430
41.33, 2330733
41.43, 2274180
41.52, 2220820
41.61, 2171036
41.70, 2108544
41.79, 2060731
41.89, 2014499
41.98, 1968897
42.08, 1927020
42.18, 1886692
42.26, 1786654
42.35, 1753983
42.52, 1721529
42.63, 1689291
42.72, 1663846
42.82, 1639717
42.92, 1616842
43.01, 1595663
43.11, 1576213
43.20, 1553078
43.29, 1534855
43.38, 1521459
43.51, 1508339
43.62, 1490697
43.72, 1479909
43.82, 1469610
43.90, 1459539
44.01, 1449982
44.10, 1440670
44.19, 1431432
44.29, 1422454
44.38, 1413736
44.47, 1406356
44.55, 1399137
44.66, 1392161
44.74, 1385446
44.83, 1378950
44.92, 1373547
45.01, 1366172
45.11, 1361694
45.20, 1357258
45.30, 1353159
45.38, 1349427
45.47, 1345585
45.57, 1342231
45.68, 1338939
45.78, 1336555
45.89, 1334177
45.99, 1332308
46.09, 1329292
46.18, 1328081
46.26, 1326788
46.36, 1317636
46.46, 1309453
46.56, 1308232
46.66, 1307054
46.74, 1305959
46.83, 1304894
46.94, 1303869
47.03, 1302907
47.12, 1301967
47.20, 1301071
47.29, 1300183
47.37, 1299377
47.47, 1298571
47.56, 1298109
47.66, 1297687
47.75, 1297421
47.84, 1297216
47.93, 1297074
48.02, 1296963
48.13, 1295752
