0.00, 10858802
0.00, 10655940
0.00, 10652527
0.00, 10624901
0.00, 10489500
0.00, 10488063
0.00, 10449449
0.00, 10397785
0.00, 10208021
0.00, 10207532
0.00, 10168815
0.00, 10108778
0.00, 10099620
0.00, 10040998
0.00, 10040500
0.00, 10037960
0.00, 9931152
0.00, 9894584
0.00, 9869568
0.00, 9850978
0.00, 9725617
0.00, 9642749
0.00, 9489203
0.00, 9236393
0.12, 9168908
0.12, 9149282
0.12, 9111942
0.16, 9095357
0.16, 9085537
0.16, 8969690
0.17, 8944166
0.17, 8931358
0.20, 8900700
0.20, 8865060
0.20, 8834733
0.20, 8771569
0.25, 8764320
0.25, 8731756
0.25, 8640097
0.25, 8623036
0.25, 8515626
0.26, 8489177
0.26, 8481168
0.26, 8450181
0.26, 8367585
0.27, 8320596
0.27, 8311081
0.27, 8290243
0.27, 8240496
0.27, 8144929
0.27, 8024792
0.28, 7991026
0.28, 7958806
0.28, 7865447
0.28, 7839175
0.28, 7772335
0.28, 7737974
0.28, 7731749
0.28, 7704446
0.28, 7692930
0.28, 7686950
0.28, 7632369
0.28, 7612544
0.28, 7563895
0.28, 7551312
0.28, 7538383
0.28, 7429953
0.28, 7405758
0.28, 7396831
0.28, 7357084
0.28, 7351430
0.28, 7350557
0.28, 7322168
0.28, 7321598
0.28, 7306215
0.28, 7276932
0.28, 7202949
0.30, 7189465
0.30, 7142636
0.30, 7090074
0.30, 6975077
0.31, 6939814
0.31, 6901906
0.31, 6858081
0.31, 6826819
0.31, 6695738
0.31, 6642515
0.31, 6616888
0.31, 6524640
0.31, 6350966
0.31, 6348197
0.31, 6273725
0.31, 6223966
0.31, 6209142
0.31, 6197952
0.31, 6160607
0.31, 6154031
0.31, 5898575
0.31, 5896618
0.31, 5892215
0.31, 5865681
0.31, 5858461
0.31, 5775632
0.31, 5692781
0.32, 5539303
0.32, 5527329
0.32, 5513225
0.32, 5404460
0.34, 5395530
0.34, 5359315
0.34, 5346797
0.34, 5335815
0.34, 5302134
0.34, 5301204
0.34, 5294719
0.34, 5260439
0.34, 5034092
0.34, 5030723
0.34, 5010263
0.34, 4996095
0.34, 4994614
0.34, 4994164
0.34, 4960643
0.34, 4956337
0.34, 4955869
0.34, 4913400
0.34, 4905880
0.34, 4896951
0.34, 4896635
0.34, 4878428
0.35, 4843812
0.35, 4814083
0.35, 4709006
0.35, 4703459
0.35, 4673392
0.35, 4666896
0.35, 4599639
0.35, 4597486
0.35, 4592072
0.35, 4575179
0.35, 4563435
0.35, 4510132
0.35, 4504891
0.35, 4489469
0.35, 4489169
0.35, 4477545
0.35, 4476521
0.35, 4447479
0.35, 4439129
0.35, 4407991
0.35, 4367715
0.35, 4185883
0.36, 4121870
0.36, 4095181
0.36, 4090142
0.36, 4044207
0.36, 3973888
0.36, 3973844
0.36, 3964746
0.36, 3962097
0.36, 3952389
0.36, 3950501
0.36, 3950471
0.36, 3949167
0.36, 3933329
0.36, 3932769
0.36, 3890456
0.37, 3886313
0.37, 3877577
0.37, 3761101
0.37, 3732968
0.37, 3731062
0.37, 3714172
0.37, 3689466
0.37, 3683387
0.37, 3666016
0.37, 3662115
0.37, 3637185
0.38, 3637054
0.38, 3628708
0.38, 3564777
0.38, 3562169
0.38, 3534111
0.38, 3524082
0.38, 3437792
0.38, 3435423
0.38, 3435174
0.38, 3379381
0.38, 3378379
0.38, 3376428
0.38, 3372521
0.38, 3367880
0.38, 3367511
0.38, 3353772
0.38, 3341191
0.38, 3320691
0.38, 3310138
0.38, 3269298
0.38, 3250528
0.38, 3249185
0.38, 3236782
0.38, 3231578
0.39, 3193734
0.39, 3189571
0.39, 3170558
0.39, 3164252
0.39, 3112976
0.39, 3088632
0.39, 3088630
0.39, 3077372
0.39, 3060453
0.40, 3055168
0.40, 3046186
0.40, 2961284
0.40, 2955191
0.40, 2953531
0.40, 2943730
0.40, 2886860
0.40, 2838499
0.40, 2828864
0.40, 2808292
0.40, 2807472
0.40, 2782190
0.41, 2766110
0.41, 2765732
0.41, 2762541
0.41, 2691724
0.41, 2676256
0.41, 2670897
0.41, 2667432
0.41, 2652124
0.41, 2616351
0.41, 2602861
0.41, 2567573
0.41, 2562998
0.41, 2559856
0.41, 2559171
0.41, 2557848
0.41, 2548962
0.42, 2520809
0.42, 2513542
0.42, 2490447
0.42, 2484352
0.42, 2477867
0.43, 2475761
0.43, 2463129
0.43, 2456473
0.43, 2450053
0.43, 2423379
0.43, 2404550
0.43, 2400108
0.43, 2390563
0.43, 2387595
0.43, 2386576
0.44, 2378645
0.44, 2374162
0.44, 2362824
0.44, 2359157
0.44, 2358236
0.44, 2355001
0.44, 2351905
0.44, 2351560
0.44, 2321404
0.44, 2312656
0.44, 2292512
0.45, 2250231
0.45, 2181924
0.45, 2172085
0.45, 2171477
0.45, 2154656
0.45, 2151302
0.45, 2151290
0.45, 2111059
0.45, 2110502
0.45, 2109924
0.45, 2108329
0.45, 2096507
0.45, 2079986
0.45, 2079722
0.45, 2072571
0.46, 2071068
0.46, 2069437
0.46, 2056196
0.47, 2055741
0.47, 2053467
0.47, 2043476
0.47, 2029988
0.47, 2028363
0.47, 2027582
0.48, 2025913
0.48, 2025707
0.48, 2023906
0.48, 2021347
0.48, 2021290
0.48, 2021163
0.48, 1989998
0.48, 1987892
0.48, 1983286
0.48, 1963408
0.48, 1960692
0.48, 1958878
0.48, 1948836
0.48, 1942765
0.48, 1941317
0.48, 1940631
0.48, 1938089
0.49, 1936803
0.49, 1931152
0.49, 1930726
0.49, 1925699
0.49, 1919016
0.49, 1917416
0.49, 1887119
0.49, 1886554
0.49, 1868937
0.49, 1865879
0.49, 1864714
0.50, 1864521
0.50, 1863970
0.50, 1862760
0.50, 1851966
0.50, 1836800
0.50, 1831935
0.50, 1813982
0.50, 1809368
0.50, 1808817
0.50, 1807061
0.51, 1805348
0.51, 1804991
0.51, 1803897
0.52, 1803786
0.52, 1801567
0.52, 1800538
0.52, 1795301
0.52, 1791081
0.52, 1786006
0.53, 1784189
0.53, 1784107
0.53, 1776054
0.53, 1775890
0.53, 1764673
0.53, 1691640
0.53, 1687662
0.53, 1687105
0.53, 1686528
0.53, 1685768
0.54, 1680927
0.54, 1680721
0.54, 1680552
0.54, 1680546
0.54, 1663872
0.54, 1661669
0.55, 1659996
0.55, 1659153
0.56, 1658984
0.56, 1627522
0.56, 1613458
0.56, 1596627
0.57, 1585352
0.57, 1579349
0.57, 1578231
0.57, 1575849
0.58, 1575657
0.58, 1575341
0.58, 1571135
0.59, 1571042
0.60, 1569230
0.60, 1569204
0.61, 1568901
0.61, 1567479
0.61, 1565659
0.61, 1563489
0.61, 1562779
0.62, 1559659
0.62, 1559199
0.63, 1518459
0.64, 1507247
0.64, 1504973
0.64, 1504964
0.65, 1503267
0.65, 1502106
0.66, 1498761
0.66, 1497697
0.66, 1481533
0.66, 1479915
0.67, 1479528
0.68, 1472612
0.69, 1472479
0.69, 1465744
0.70, 1457031
0.70, 1449831
0.70, 1447387
0.71, 1447258
0.74, 1435273
0.74, 1422690
0.76, 1411363
0.77, 1411048
0.78, 1398989
0.79, 1398223
0.79, 1395885
0.81, 1395761
0.82, 1391044
0.82, 1389723
0.84, 1389326
0.85, 1389197
0.86, 1388434
0.88, 1388314
0.91, 1374180
0.98, 1372176
2.72, 1353677
2.74, 1352159
2.92, 1346389
2.96, 1345211
3.02, 1330232
3.05, 1324192
3.31, 1320249
3.38, 1319038
3.47, 1316657
