0.09, 10308216
0.17, 9929990
0.26, 9557676
0.35, 9209362
0.44, 8883931
0.53, 8593296
0.63, 8306584
0.73, 8032441
0.83, 7765191
0.92, 7492646
1.01, 7226806
1.10, 6977504
1.19, 6731246
1.29, 6490563
1.38, 6270018
1.47, 6044456
1.56, 5812653
1.65, 5601609
1.74, 5394131
1.82, 5189284
1.91, 5000550
1.99, 4785845
2.08, 4624213
2.18, 4467794
2.27, 4317575
2.35, 4152586
2.44, 4000146
2.54, 3869201
2.62, 3738790
2.71, 3615759
2.80, 3482459
2.89, 3366322
2.98, 3236135
3.07, 3127695
3.16, 3027709
3.24, 2933765
3.33, 2841859
3.41, 2751164
3.50, 2671067
3.59, 2595859
3.68, 2510969
3.77, 2443916
3.86, 2371332
3.95, 2311019
4.03, 2256592
4.12, 2204213
4.21, 2155206
4.32, 2108876
4.43, 2065141
4.54, 2012040
4.64, 1975127
4.72, 1946895
4.81, 1919021
4.90, 1895750
4.99, 1872953
5.08, 1850981
5.16, 1828830
5.25, 1807243
5.34, 1785941
5.43, 1765283
5.52, 1745525
5.60, 1725883
5.69, 1706852
5.77, 1688521
5.86, 1667262
5.94, 1648936
6.03, 1634364
6.12, 1620209
6.21, 1606527
6.31, 1595800
6.40, 1585553
6.49, 1575512
6.58, 1566092
6.67, 1557339
6.77, 1548921
6.88, 1541150
6.99, 1533540
7.09, 1525745
7.20, 1519990
7.29, 1514419
7.40, 1509392
7.50, 1504594
7.60, 1497732
7.69, 1492958
7.78, 1477676
7.88, 1461163
8.02, 1452202
8.14, 1441298
8.25, 1432018
8.37, 1426690
8.48, 1422714
8.60, 1390255
8.71, 1379696
8.87, 1375880
8.99, 1372271
9.11, 1368676
9.22, 1365677
9.34, 1362700
9.45, 1359862
9.55, 1357250
9.65, 1355076
9.74, 1351298
9.85, 1349432
9.95, 1347634
10.04, 1345757
10.15, 1343838
10.26, 1342074
10.37, 1339142
10.47, 1337452
10.58, 1336284
10.68, 1335435
10.77, 1334538
10.88, 1333741
10.98, 1333003
11.09, 1332404
11.19, 1331931
11.29, 1331783
11.39, 1328810
11.49, 1328668
11.59, 1328574
11.69, 1327136
11.78, 1326116
11.88, 1325587
11.97, 1325308
12.06, 1325247
12.24, 9748083
12.34, 9401010
12.43, 9071593
12.52, 8764156
12.64, 8468656
12.74, 8174932
12.84, 7884952
12.94, 7598997
13.05, 7336972
13.14, 7079679
13.23, 6825858
13.34, 6580278
13.44, 6344286
13.53, 6112705
13.63, 5886953
13.72, 5664644
13.82, 5446693
13.92, 5236587
14.03, 5026853
14.12, 4831129
14.21, 4644901
14.30, 4482407
14.40, 4324175
14.49, 4171672
14.59, 4031624
14.69, 3904949
14.80, 3781219
14.91, 3658756
15.01, 3540350
15.11, 3421945
15.20, 3321405
15.30, 3204128
15.40, 3110548
15.48, 3013836
15.58, 2918838
15.66, 2825702
15.75, 2741488
15.85, 2667007
15.94, 2597917
16.05, 2535619
16.15, 2473634
16.25, 2414462
16.36, 2356078
16.47, 2299477
16.58, 2243804
16.67, 2195306
16.77, 2141576
16.87, 2083829
16.96, 2038882
17.05, 1995643
17.16, 1952406
17.25, 1911307
17.35, 1870562
17.46, 1831687
17.56, 1797495
17.65, 1763543
17.75, 1730445
17.85, 1701288
17.93, 1674902
18.03, 1649647
18.12, 1626963
18.20, 1605295
18.29, 1586374
18.39, 1567531
18.48, 1550075
18.57, 1534422
18.67, 1519139
18.77, 1504192
18.88, 1489280
18.98, 1465676
19.07, 1449552
19.18, 1435647
19.28, 1421840
19.38, 1408037
19.48, 1383596
19.57, 1370610
19.66, 1359154
19.76, 1348334
19.86, 1337640
19.94, 1328336
20.03, 1320756
20.13, 1314932
20.22, 1309425
20.32, 1303211
20.41, 1292897
20.50, 1286800
20.60, 1281732
20.69, 1276907
20.78, 1273042
20.88, 1269636
20.97, 1262896
21.07, 1259954
21.17, 1257261
21.27, 1253822
21.36, 1251370
21.45, 1248944
21.54, 1246606
21.64, 1244519
21.74, 1242500
21.84, 1240799
21.94, 1239148
22.02, 1237779
22.11, 1236043
22.21, 1234684
22.31, 1233457
22.40, 1232307
22.49, 1231279
22.59, 1229798
22.69, 1228791
22.78, 1227137
22.88, 1226552
22.97, 1226054
23.07, 1225721
23.15, 1224886
23.24, 1224779
23.34, 1224714
23.52, 9938520
23.61, 9535996
23.70, 9194977
23.79, 8915319
23.88, 8638200
23.98, 8369549
24.07, 8101951
24.17, 7835835
24.27, 7579925
24.37, 7328094
24.46, 7088001
24.55, 6851214
24.64, 6625702
24.73, 6401070
24.82, 6183713
24.92, 5972167
25.01, 5759270
25.09, 5551071
25.18, 5343617
25.27, 5146482
25.37, 4965862
25.45, 4795565
25.55, 4626657
25.64, 4458876
25.74, 4305887
25.84, 4157219
25.94, 3995889
26.04, 3850908
26.13, 3705575
26.21, 3567699
26.31, 3446929
26.40, 3339056
26.49, 3246102
26.57, 3140843
26.66, 3050027
26.75, 2959258
26.84, 2868731
26.94, 2786900
27.02, 2719971
27.11, 2653150
27.19, 2586463
27.28, 2528036
27.38, 2470505
27.47, 2414956
27.56, 2360668
27.64, 2306728
27.73, 2254679
27.83, 2205947
27.92, 2145146
28.01, 2094940
28.09, 2050041
28.18, 2006796
28.27, 1962679
28.37, 1899143
28.46, 1856433
28.55, 1816927
28.64, 1781360
28.72, 1750839
28.82, 1724375
28.91, 1695081
28.99, 1670130
29.08, 1647652
29.17, 1625626
29.26, 1607177
29.35, 1589196
29.44, 1572039
29.53, 1556784
29.61, 1541632
29.70, 1528820
29.79, 1516450
29.89, 1504977
29.97, 1488844
30.06, 1478024
30.15, 1468324
30.24, 1453412
30.33, 1443152
30.42, 1434399
30.50, 1426725
30.59, 1419634
30.68, 1407405
30.76, 1400704
30.86, 1392710
30.95, 1387070
31.03, 1381041
31.12, 1375752
31.21, 1370902
31.29, 1366373
31.39, 1362967
31.47, 1359671
31.57, 1356395
31.66, 1353422
31.75, 1350501
31.85, 1347678
31.93, 1345054
32.02, 1335953
32.12, 1333575
32.21, 1331609
32.30, 1329798
32.40, 1328260
32.48, 1326898
32.57, 1325499
32.66, 1324404
32.74, 1323374
32.84, 1322366
32.93, 1321560
33.02, 1320754
33.10, 1320069
33.19, 1319530
33.27, 1318905
33.37, 1318407
33.46, 1318087
33.54, 1317845
33.63, 1317640
33.72, 1317575
33.91, 9882142
33.99, 9533031
34.08, 9221459
34.17, 8917235
34.25, 8611967
34.35, 8313276
34.43, 8013988
34.52, 7731211
34.60, 7461190
34.69, 7207226
34.77, 6948661
34.87, 6708318
34.96, 6461342
35.05, 6222026
35.13, 5988326
35.22, 5754751
35.31, 5539873
35.40, 5340188
35.48, 5148961
35.57, 4962800
35.66, 4787379
35.75, 4612301
35.84, 4444938
35.93, 4287757
36.02, 4107628
36.11, 3951373
36.19, 3809581
36.28, 3688684
36.38, 3559799
36.46, 3432772
36.55, 3305935
36.64, 3190446
36.73, 3076399
36.82, 2979511
36.91, 2888425
36.99, 2810038
37.08, 2731196
37.17, 2655258
37.26, 2593518
37.35, 2524569
37.44, 2470258
37.53, 2409524
37.62, 2327912
37.71, 2276123
37.80, 2230756
37.90, 2187145
37.98, 2149444
38.07, 2112452
38.16, 2068184
38.25, 2032205
38.36, 1956896
38.44, 1889213
38.53, 1850064
38.62, 1811632
38.70, 1776677
38.80, 1744905
38.90, 1713181
38.99, 1690322
39.07, 1668281
39.16, 1647305
39.25, 1626825
39.34, 1609074
39.44, 1591869
39.52, 1576586
39.61, 1561654
39.69, 1543228
39.78, 1528800
39.88, 1515118
39.97, 1501575
40.06, 1488052
40.14, 1475068
40.23, 1465350
40.33, 1455892
40.42, 1446935
40.51, 1432630
40.59, 1423733
40.68, 1415576
40.76, 1408510
40.86, 1402738
40.94, 1397016
41.03, 1391727
41.11, 1386659
41.20, 1381647
41.28, 1375818
41.38, 1371174
41.48, 1366732
41.59, 1362600
41.69, 1359766
41.78, 1356916
41.88, 1354122
41.97, 1351440
42.05, 1348920
42.14, 1347119
42.22, 1344689
42.32, 1341283
42.41, 1339574
42.50, 1338396
42.58, 1337230
42.67, 1331201
42.75, 1322034
42.85, 1320068
42.94, 1318991
43.02, 1318201
43.11, 1317460
43.19, 1316373
43.28, 1315474
43.39, 1314746
43.49, 1314121
43.59, 1313689
43.68, 1313293
43.76, 1313051
43.86, 1312875
43.94, 1312733
44.03, 1312668
