0.10, 10272720
0.19, 9926243
0.29, 9585085
0.39, 9249767
0.50, 8926393
0.61, 8622853
0.71, 8350719
0.81, 8078633
0.91, 7813637
1.01, 7547753
1.11, 7293171
1.21, 7047863
1.31, 6802949
1.41, 6562868
1.51, 6305555
1.61, 6060989
1.72, 5824143
1.83, 5593317
1.94, 5368377
2.06, 5161156
2.19, 4970743
2.29, 4795042
2.39, 4625660
2.50, 4445467
2.60, 4284342
2.69, 4119300
2.79, 3952055
2.88, 3796107
2.97, 3615804
3.07, 3465161
3.15, 3323746
3.24, 3194363
3.34, 3086093
3.43, 2979827
3.52, 2882671
3.61, 2787966
3.69, 2698031
3.79, 2619688
3.89, 2549946
3.98, 2483909
4.08, 2423357
4.18, 2364328
4.27, 2305391
4.37, 2252248
4.46, 2201147
4.55, 2153227
4.66, 2107392
4.76, 2054405
4.86, 2011662
4.95, 1970230
5.05, 1935377
5.16, 1903076
5.27, 1870085
5.38, 1836711
5.50, 1807169
5.61, 1769755
5.71, 1737996
5.80, 1709986
5.91, 1679673
6.02, 1652820
6.11, 1614948
6.21, 1590773
6.31, 1573134
6.40, 1553991
6.49, 1539686
6.59, 1526353
6.77, 1514590
6.90, 1502946
7.02, 1492090
7.12, 1481531
7.23, 1471043
7.34, 1460556
7.44, 1450332
7.53, 1441018
7.63, 1423813
7.74, 1414901
7.83, 1406025
7.93, 1398250
8.02, 1390942
8.11, 1383023
8.22, 1377259
8.32, 1372191
8.43, 1367211
8.52, 1361557
8.62, 1355004
8.72, 1350154
8.82, 1345999
8.92, 1342018
9.01, 1338240
9.10, 1334807
9.18, 1319401
9.26, 1315458
9.36, 1307082
9.45, 1298432
9.53, 1291316
9.62, 1288395
9.71, 1285635
9.80, 1283037
9.89, 1264019
9.98, 1259949
10.07, 1257495
10.15, 1255356
10.24, 1253603
10.32, 1251913
10.42, 1250423
10.51, 1247882
10.59, 1246816
10.68, 1245990
10.76, 1245398
10.84, 1244918
10.94, 1243611
11.02, 1243345
11.11, 1243110
11.20, 1242903
11.28, 1242761
11.37, 1242710
11.55, 9807781
11.64, 9488387
11.72, 9183830
11.80, 8869285
11.90, 8567808
11.99, 8281914
12.08, 7929353
12.17, 7644194
12.26, 7364679
12.35, 7083252
12.45, 6812543
12.55, 6565723
12.65, 6337057
12.74, 6128137
12.83, 5920641
12.93, 5723844
13.03, 5524115
13.12, 5338484
13.22, 5160936
13.31, 4987847
13.41, 4832146
13.51, 4676349
13.60, 4522079
13.77, 4363134
13.88, 4224571
13.98, 4099429
14.09, 3976415
14.19, 3859216
14.29, 3753333
14.39, 3626185
14.48, 3412459
14.57, 3306705
14.68, 3219850
14.80, 3109835
14.90, 3019923
15.00, 2935705
15.11, 2851755
15.20, 2768322
15.30, 2687342
15.39, 2610440
15.50, 2535490
15.60, 2466934
15.72, 2400556
15.82, 2336271
15.92, 2276358
16.02, 2212376
16.19, 2153255
16.29, 2099853
16.40, 2048687
16.49, 1999799
16.59, 1951578
16.68, 1903576
16.77, 1855135
16.86, 1811313
16.95, 1774054
17.06, 1745460
17.18, 1718388
17.30, 1691866
17.41, 1665741
17.52, 1639373
17.62, 1618530
17.72, 1598421
17.83, 1578588
17.93, 1561096
18.04, 1543710
18.14, 1527114
18.23, 1512505
18.32, 1498655
18.42, 1485330
18.50, 1474457
18.60, 1464627
18.69, 1455423
18.77, 1446822
18.86, 1430901
18.95, 1422655
19.05, 1414472
19.14, 1406585
19.23, 1399584
19.32, 1393865
19.42, 1387493
19.51, 1382019
19.60, 1376696
19.70, 1371709
19.81, 1366759
19.91, 1348866
20.00, 1338163
20.11, 1333307
20.22, 1328865
20.33, 1325353
20.44, 1322092
20.55, 1319287
20.65, 1316497
20.76, 1313728
20.86, 1309267
20.96, 1306936
21.07, 1304815
21.17, 1302707
21.27, 1300896
21.38, 1298731
21.49, 1297142
21.58, 1290713
21.68, 1287792
21.79, 1286267
21.89, 1285087
21.98, 1283791
22.08, 1280744
22.17, 1279649
22.26, 1278583
22.37, 1277547
22.47, 1276616
22.56, 1275800
22.66, 1274994
22.75, 1274358
22.86, 1273734
22.97, 1273135
23.08, 1272661
23.17, 1272254
23.27, 1272112
23.36, 1272001
23.46, 1270790
23.67, 9659219
23.78, 9304895
23.88, 8985539
23.98, 8668134
24.07, 8361004
24.16, 8063113
24.26, 7780228
24.35, 7501776
24.45, 7231159
24.55, 6968687
24.64, 6696576
24.73, 6437380
24.81, 6205003
24.91, 5980326
25.00, 5762289
25.11, 5563984
25.22, 5356008
25.31, 5166705
25.40, 4972256
25.49, 4794814
25.58, 4629091
25.66, 4493144
25.74, 4332352
25.83, 4177244
25.93, 4022493
26.03, 3900373
26.11, 3779683
26.21, 3630920
26.32, 3528537
26.42, 3415474
26.51, 3312862
26.59, 3221394
26.68, 3125935
26.77, 3040770
26.85, 2959757
26.95, 2876040
27.04, 2795846
27.12, 2726112
27.21, 2656894
27.29, 2592228
27.38, 2527850
27.48, 2460916
27.56, 2397165
27.65, 2347890
27.73, 2298900
27.81, 2252155
27.90, 2205956
28.00, 2143633
28.08, 2092670
28.16, 2051317
28.25, 2010417
28.33, 1971303
28.42, 1929157
28.51, 1890347
28.60, 1858181
28.69, 1828719
28.78, 1804030
28.86, 1780045
28.96, 1750706
29.05, 1729871
29.13, 1709330
29.21, 1690050
29.30, 1670914
29.39, 1652963
29.48, 1635126
29.57, 1594364
29.66, 1576774
29.74, 1554262
29.82, 1540216
29.91, 1527025
30.00, 1515647
30.09, 1500371
30.18, 1489518
30.27, 1477916
30.37, 1468980
30.46, 1460144
30.55, 1451325
30.63, 1438186
30.72, 1413271
30.80, 1402451
30.89, 1393698
30.99, 1385383
31.08, 1378695
31.18, 1372527
31.27, 1367254
31.36, 1359148
31.46, 1354298
31.55, 1349731
31.64, 1345289
31.72, 1340936
31.81, 1318699
31.91, 1314537
32.00, 1310994
32.09, 1307285
32.18, 1303956
32.27, 1301273
32.36, 1298935
32.46, 1297383
32.54, 1296221
32.63, 1295191
32.72, 1294178
32.80, 1293535
32.89, 1292911
32.98, 1292393
33.07, 1285087
33.15, 1281664
33.25, 1280503
33.34, 1279813
33.44, 1279303
33.52, 1278896
33.62, 1278831
33.80, 9690287
33.90, 9328292
33.99, 8966876
34.09, 8659087
34.19, 8357581
34.29, 8059844
34.39, 7797883
34.49, 7531339
34.59, 7263501
34.69, 6996950
34.79, 6738367
34.88, 6513165
34.98, 6272763
35.06, 6059925
35.14, 5841395
35.23, 5637097
35.33, 5417514
35.42, 5216109
35.51, 5010035
35.59, 4813958
35.68, 4631122
35.76, 4450886
35.84, 4289265
35.94, 4130170
36.02, 3971449
36.11, 3822781
36.20, 3675259
36.28, 3533856
36.38, 3428807
36.47, 3326964
36.57, 3198199
36.65, 3106206
36.74, 3000932
36.82, 2912012
36.92, 2825019
37.02, 2739103
37.11, 2659511
37.19, 2588269
37.28, 2515875
37.37, 2442938
37.47, 2372109
37.56, 2311321
37.65, 2255938
37.73, 2209596
37.82, 2164233
37.90, 2120967
37.99, 2078571
38.08, 2035196
38.16, 1998555
38.25, 1964211
38.33, 1891266
38.43, 1856503
38.52, 1823389
38.61, 1790970
38.69, 1763427
38.78, 1737295
38.87, 1713104
38.96, 1672933
39.04, 1650728
39.13, 1630015
39.22, 1609313
39.31, 1590350
39.40, 1566400
39.49, 1548377
39.58, 1525339
39.67, 1509980
39.75, 1494074
39.83, 1480922
39.93, 1469092
40.01, 1457706
40.10, 1446758
40.18, 1435611
40.26, 1417035
40.35, 1408299
40.45, 1400328
40.53, 1391830
40.62, 1384440
40.71, 1376198
40.79, 1368417
40.88, 1362118
40.97, 1355796
41.06, 1350117
41.14, 1344498
41.22, 1339430
41.31, 1334469
41.40, 1329589
41.49, 1325992
41.57, 1323318
41.66, 1320682
41.75, 1318002
41.84, 1316021
41.93, 1314382
42.02, 1312859
42.10, 1311386
42.19, 1309917
42.27, 1308553
42.36, 1303383
42.45, 1301693
42.54, 1300543
42.62, 1299456
42.70, 1298449
42.79, 1296795
42.89, 1295896
42.98, 1295106
43.06, 1294483
43.14, 1292209
43.23, 1290365
43.31, 1289766
43.41, 1289251
43.49, 1288918
43.58, 1288083
43.66, 1287763
43.75, 1286883
43.84, 1286682
43.93, 1286275
44.02, 1286099
44.10, 1285957
44.18, 1285892
