0.00, 10398735
0.00, 10330912
0.00, 10327180
0.00, 10218134
0.00, 10042568
0.01, 10022471
0.01, 9973029
0.01, 9863931
0.01, 9806336
0.02, 9776634
0.02, 9761529
0.02, 9563012
0.02, 9547547
0.05, 9488996
0.05, 9442921
0.05, 9425317
0.05, 9379277
0.14, 9295927
0.14, 9244224
0.14, 9099349
0.14, 9091140
0.14, 8984412
0.14, 8933278
0.14, 8911486
0.14, 8712795
0.14, 8566077
0.30, 8562142
0.30, 8543235
0.30, 8539063
0.30, 8456229
0.30, 8367192
0.30, 8362444
0.30, 8351925
0.30, 8348523
0.30, 8110862
0.30, 8094988
0.30, 8084803
0.30, 8064751
0.30, 8062005
0.31, 8026584
0.31, 7994287
0.33, 7939336
0.33, 7867486
0.33, 7862852
0.33, 7778482
0.33, 7722282
0.33, 7681688
0.33, 7570716
0.33, 7515734
0.33, 7515625
0.34, 7343384
0.34, 7328800
0.34, 7196316
0.34, 7171293
0.34, 7165081
0.34, 7064257
0.34, 7034581
0.34, 6991667
0.34, 6983170
0.34, 6982395
0.34, 6973711
0.34, 6961971
0.34, 6905053
0.35, 6818824
0.35, 6815701
0.35, 6789980
0.35, 6749980
0.35, 6746074
0.35, 6734517
0.35, 6725901
0.35, 6591056
0.35, 6563064
0.35, 6552852
0.35, 6550722
0.35, 6519846
0.35, 6486545
0.35, 6405939
0.36, 6398800
0.36, 6393002
0.36, 6344010
0.36, 6324573
0.36, 6213666
0.36, 6199474
0.36, 6172068
0.36, 6129633
0.36, 6123397
0.36, 6119078
0.37, 6010884
0.37, 5983500
0.37, 5932767
0.37, 5926156
0.37, 5834508
0.37, 5802707
0.37, 5755341
0.37, 5691250
0.37, 5664671
0.37, 5650769
0.37, 5576229
0.37, 5537005
0.37, 5533639
0.37, 5519618
0.38, 5510803
0.38, 5472893
0.38, 5422202
0.38, 5419531
0.38, 5410038
0.38, 5388837
0.38, 5369317
0.38, 5364819
0.39, 5269921
0.39, 5221581
0.39, 5220060
0.39, 5159809
0.40, 5148971
0.40, 5137835
0.40, 5137073
0.40, 5114908
0.41, 5074946
0.41, 5070719
0.41, 5050461
0.41, 4994062
0.41, 4986728
0.41, 4946145
0.41, 4930887
0.41, 4929445
0.41, 4923464
0.41, 4923040
0.41, 4901171
0.41, 4864712
0.41, 4775775
0.41, 4735956
0.41, 4722783
0.41, 4622212
0.41, 4610217
0.41, 4586149
0.41, 4580312
0.41, 4574557
0.41, 4518802
0.41, 4511482
0.41, 4501382
0.41, 4498060
0.41, 4417295
0.41, 4413595
0.41, 4413532
0.41, 4390295
0.41, 4345572
0.41, 4341537
0.41, 4274207
0.42, 4270527
0.42, 4267042
0.42, 4255311
0.42, 4243287
0.42, 4237722
0.42, 4229903
0.42, 4225087
0.42, 4224805
0.42, 4192480
0.42, 4181103
0.42, 4172320
0.43, 4161386
0.43, 4112091
0.43, 4088261
0.43, 4071025
0.43, 4049101
0.43, 4030048
0.43, 4017340
0.43, 3973277
0.43, 3971399
0.43, 3955749
0.43, 3939399
0.43, 3939123
0.43, 3930241
0.43, 3899277
0.43, 3896492
0.43, 3896232
0.43, 3859330
0.43, 3833101
0.43, 3808717
0.43, 3808079
0.43, 3798529
0.43, 3793863
0.44, 3785486
0.44, 3780017
0.44, 3779366
0.44, 3776443
0.44, 3776030
0.44, 3755278
0.44, 3753737
0.44, 3749095
0.44, 3738350
0.44, 3724476
0.44, 3688652
0.44, 3650317
0.44, 3561484
0.44, 3558284
0.44, 3537590
0.44, 3536010
0.45, 3504170
0.45, 3496871
0.45, 3495754
0.45, 3489384
0.45, 3489296
0.45, 3485215
0.45, 3482614
0.45, 3475328
0.45, 3474305
0.46, 3440002
0.46, 3431816
0.46, 3427197
0.46, 3424971
0.46, 3423806
0.46, 3392805
0.46, 3391198
0.46, 3382980
0.46, 3364401
0.46, 3356585
0.46, 3356515
0.46, 3350601
0.46, 3317785
0.46, 3313785
0.46, 3286455
0.46, 3250709
0.46, 3248126
0.46, 3239607
0.46, 3219053
0.46, 3218738
0.46, 3177431
0.47, 3164827
0.47, 3152564
0.47, 3148345
0.47, 3141011
0.47, 3133949
0.47, 3123341
0.47, 3122608
0.47, 3122551
0.47, 3112664
0.47, 3108427
0.47, 3078346
0.48, 3043991
0.48, 3024191
0.48, 3001608
0.48, 2994371
0.48, 2992410
0.48, 2979674
0.48, 2974920
0.48, 2974765
0.48, 2968899
0.48, 2957595
0.48, 2954697
0.48, 2954595
0.48, 2939200
0.48, 2919743
0.48, 2893477
0.48, 2887882
0.48, 2779890
0.48, 2767723
0.48, 2730320
0.48, 2710396
0.48, 2693811
0.49, 2689476
0.49, 2620433
0.49, 2615230
0.49, 2614444
0.49, 2604732
0.49, 2603382
0.49, 2601981
0.49, 2599622
0.49, 2514604
0.49, 2512439
0.49, 2510720
0.49, 2510376
0.49, 2504410
0.49, 2503975
0.50, 2503063
0.50, 2496475
0.50, 2495275
0.50, 2491407
0.50, 2491385
0.50, 2484604
0.50, 2483947
0.50, 2481035
0.50, 2478804
0.50, 2460305
0.50, 2459844
0.50, 2458486
0.50, 2457540
0.50, 2447147
0.50, 2435193
0.50, 2432309
0.50, 2426296
0.50, 2416724
0.51, 2393180
0.51, 2392355
0.51, 2380262
0.51, 2364379
0.51, 2352603
0.51, 2346172
0.51, 2337409
0.51, 2334249
0.52, 2326168
0.52, 2326065
0.52, 2325017
0.52, 2320016
0.52, 2315285
0.52, 2305543
0.52, 2304166
0.52, 2302129
0.52, 2281102
0.52, 2237964
0.52, 2237913
0.52, 2230407
0.52, 2215233
0.52, 2207341
0.52, 2205616
0.52, 2195334
0.53, 2180971
0.53, 2169369
0.53, 2168404
0.53, 2167810
0.53, 2162683
0.53, 2140749
0.53, 2136730
0.53, 2136017
0.53, 2133997
0.53, 2129223
0.54, 2124121
0.54, 2116945
0.54, 2113458
0.54, 2113170
0.54, 2081440
0.55, 2072091
0.55, 2071988
0.55, 2070297
0.55, 2063110
0.55, 2058046
0.56, 2057576
0.56, 2054347
0.56, 2053697
0.56, 2051457
0.56, 2050732
0.56, 2048552
0.57, 2037717
0.57, 2025097
0.57, 2021877
0.57, 2020709
0.58, 1944965
0.58, 1941250
0.58, 1940976
0.58, 1930191
0.58, 1899194
0.59, 1892925
0.59, 1889881
0.59, 1883039
0.59, 1882773
0.59, 1869462
0.60, 1868152
0.60, 1867140
0.60, 1865432
0.60, 1864864
0.61, 1862850
0.61, 1862586
0.61, 1862092
0.61, 1862015
0.61, 1857742
0.61, 1842951
0.62, 1842274
0.62, 1840771
0.62, 1840568
0.63, 1831722
0.63, 1831321
0.63, 1827606
0.63, 1824334
0.64, 1820446
0.64, 1818060
0.65, 1815088
0.65, 1814830
0.65, 1814764
0.65, 1813734
0.66, 1813423
0.66, 1786879
0.66, 1786822
0.66, 1785955
0.67, 1709822
0.67, 1668113
0.68, 1667289
0.68, 1666132
0.69, 1666055
0.69, 1618175
0.69, 1611893
0.69, 1608115
0.70, 1586050
0.70, 1564056
0.70, 1557933
0.72, 1556059
0.72, 1554183
0.74, 1550724
0.75, 1550516
0.75, 1550481
0.76, 1549475
0.76, 1540914
0.76, 1536194
0.76, 1532589
0.77, 1531510
0.77, 1526528
0.77, 1519515
0.77, 1519327
0.78, 1514352
0.78, 1507923
0.80, 1473579
0.80, 1471367
0.81, 1471256
0.81, 1461092
0.82, 1456783
0.84, 1452060
0.84, 1449347
0.84, 1445633
0.84, 1441355
0.86, 1440289
0.86, 1438906
0.86, 1437695
0.88, 1435002
0.88, 1411831
0.89, 1395548
0.92, 1390654
0.98, 1378143
0.99, 1376277
1.02, 1374758
1.02, 1370238
1.03, 1369282
1.03, 1368808
1.03, 1368094
1.04, 1367579
1.08, 1365980
1.09, 1363817
1.10, 1362259
1.11, 1362225
1.23, 1361299
1.23, 1360928
