0.10, 10021597
0.20, 9631249
0.30, 9292830
0.41, 8990926
0.51, 8694605
0.61, 8412630
0.72, 8132047
0.81, 7870700
0.92, 7607045
1.02, 7349113
1.12, 7103482
1.23, 6865880
1.33, 6633841
1.44, 6393993
1.54, 6160482
1.65, 5905013
1.75, 5687315
1.86, 5474368
1.95, 5273835
2.06, 5058292
2.16, 4872152
2.25, 4647320
2.36, 4471148
2.46, 4309876
2.56, 4156494
2.65, 4008362
2.75, 3862010
2.86, 3732594
2.96, 3618666
3.06, 3489601
3.16, 3379924
3.26, 3282419
3.35, 3183024
3.45, 3093015
3.55, 2930829
3.64, 2841511
3.74, 2752819
3.83, 2666294
3.93, 2591271
4.01, 2518024
4.11, 2447567
4.21, 2387042
4.31, 2326959
4.40, 2270352
4.50, 2214261
4.60, 2160985
4.70, 2112061
4.80, 2070041
4.90, 2031360
5.00, 1994767
5.09, 1960098
5.19, 1926185
5.28, 1893030
5.37, 1861027
5.47, 1838011
5.57, 1815882
5.67, 1785547
5.77, 1761327
5.86, 1740090
5.96, 1720254
6.07, 1701340
6.16, 1684890
6.28, 1664194
6.39, 1622930
6.50, 1609150
6.61, 1570031
6.71, 1557327
6.81, 1539410
6.92, 1523176
7.02, 1497791
7.12, 1481117
7.22, 1465844
7.31, 1453428
7.41, 1441454
7.50, 1429486
7.59, 1419247
7.68, 1409414
7.77, 1400678
7.87, 1392029
7.96, 1358104
8.05, 1349863
8.14, 1341780
8.23, 1334456
8.32, 1327538
8.42, 1320625
8.52, 1313912
8.63, 1308287
8.73, 1302959
8.83, 1297891
8.93, 1292861
9.03, 1288120
9.13, 1284179
9.22, 1280314
9.33, 1276493
9.43, 1272809
9.52, 1269189
9.61, 1265936
9.71, 1262441
9.81, 1259143
9.90, 1256148
10.01, 1253310
10.11, 1251091
10.21, 1249125
10.31, 1247435
10.41, 1245954
10.51, 1244489
10.61, 1243182
10.71, 1242047
10.80, 1240941
10.90, 1239876
10.99, 1238988
11.09, 1238182
11.18, 1237546
11.27, 1237069
11.38, 1236417
11.48, 1236010
11.58, 1235868
11.69, 1235803
11.88, 10927121
11.97, 10534289
12.07, 10156808
12.16, 9807472
12.26, 9474085
12.37, 9162147
12.48, 8851428
12.58, 8533937
12.67, 8228317
12.77, 7941138
12.86, 7669701
12.97, 7406613
13.08, 7147455
13.19, 6890973
13.30, 6631811
13.41, 6377501
13.51, 6140251
13.62, 5918235
13.72, 5685570
13.82, 5473269
13.92, 5262478
14.02, 5075480
14.13, 4872191
14.24, 4698617
14.34, 4500983
14.45, 4339539
14.55, 4147431
14.64, 3988380
14.74, 3817235
14.84, 3676639
14.94, 3542982
15.04, 3422693
15.14, 3303535
15.23, 3190918
15.33, 3080910
15.43, 2972642
15.53, 2879042
15.63, 2798767
15.73, 2728158
15.83, 2660382
15.92, 2594878
16.01, 2501408
16.11, 2436730
16.20, 2372423
16.30, 2310373
16.40, 2249362
16.59, 2193870
16.71, 2146459
16.82, 2106166
16.95, 2064101
17.05, 2028968
17.15, 1996943
17.31, 1965237
17.44, 1933539
17.55, 1907241
17.64, 1861665
17.74, 1837094
17.84, 1813699
17.93, 1791473
18.02, 1770490
18.11, 1750096
18.19, 1729256
18.29, 1708949
18.39, 1689205
18.49, 1671109
18.60, 1654318
18.71, 1635694
18.82, 1619343
18.93, 1604343
19.03, 1589541
19.14, 1575937
19.25, 1562486
19.36, 1551029
19.51, 1538032
19.65, 1527252
19.77, 1516693
19.88, 1506769
19.99, 1486047
20.10, 1475747
20.19, 1463797
20.28, 1454529
20.36, 1445289
20.46, 1436225
20.57, 1427681
20.68, 1398300
20.78, 1378102
20.88, 1341122
20.97, 1299295
21.07, 1293063
21.18, 1286524
21.28, 1280610
21.39, 1274861
21.49, 1269793
21.59, 1264833
21.70, 1259964
21.79, 1255951
21.89, 1252545
21.99, 1249182
22.08, 1246024
22.17, 1242951
22.26, 1240677
22.35, 1238658
22.45, 1236692
22.55, 1234866
22.64, 1233267
22.74, 1231535
22.84, 1229881
22.94, 1228504
23.03, 1227355
23.11, 1226475
23.22, 1225878
23.31, 1225069
23.39, 1224517
23.48, 1223978
23.59, 1223353
23.67, 1222957
23.76, 1222747
23.85, 1222542
23.94, 1222366
24.03, 1222224
24.13, 1222159
24.31, 9305913
24.40, 8948957
24.49, 8561424
24.57, 8217066
24.67, 7899429
24.75, 7606638
24.84, 7332683
24.93, 7058728
25.02, 6811401
25.11, 6572972
25.20, 6335989
25.28, 6098181
25.37, 5865543
25.46, 5646594
25.56, 5441519
25.65, 5246777
25.74, 5067629
25.84, 4912376
25.93, 4758307
26.02, 4589204
26.11, 4432883
26.22, 4266397
26.31, 4109378
26.40, 3961598
26.50, 3814916
26.59, 3673021
26.68, 3542382
26.76, 3436010
26.85, 3311277
26.94, 3207985
27.02, 3112040
27.11, 3018305
27.22, 2924440
27.33, 2820474
27.43, 2744015
27.54, 2679884
27.65, 2619371
27.76, 2564031
27.87, 2507677
27.98, 2453814
28.09, 2403835
28.20, 2359748
28.30, 2312734
28.42, 2264994
28.51, 2224162
28.60, 2179931
28.70, 2126702
28.79, 2087271
28.88, 2050802
28.96, 2015847
29.05, 1981868
29.15, 1941495
29.24, 1881482
29.33, 1822698
29.42, 1788853
29.51, 1759625
29.60, 1732451
29.69, 1704945
29.78, 1680042
29.87, 1652945
29.96, 1631141
30.05, 1611633
30.15, 1592353
30.24, 1574310
30.34, 1556601
30.43, 1540201
30.52, 1524059
30.61, 1503035
30.71, 1482898
30.79, 1467064
30.88, 1451356
30.97, 1437130
31.06, 1424253
31.15, 1411786
31.24, 1400492
31.33, 1389447
31.42, 1378533
31.52, 1368663
31.63, 1358897
31.74, 1349891
31.83, 1341450
31.95, 1333175
32.06, 1327231
32.15, 1321290
32.27, 1316008
32.38, 1311311
32.48, 1306860
32.57, 1300635
32.66, 1296770
32.75, 1293781
32.86, 1287747
32.95, 1285217
33.05, 1278839
33.15, 1276413
33.25, 1274159
33.35, 1271580
33.45, 1270111
33.55, 1267116
33.63, 1265706
33.72, 1264454
33.82, 1263233
33.92, 1262154
34.02, 1261089
34.13, 1260082
34.23, 1258428
34.33, 1257711
34.42, 1257112
34.50, 1256560
34.60, 1256062
34.70, 1255666
34.79, 1255294
34.87, 1255059
34.96, 1254852
35.05, 1254647
35.14, 1254505
35.22, 1254440
35.39, 9840956
35.49, 9491248
35.58, 9163002
35.67, 8837448
35.76, 8539593
35.84, 8242112
35.93, 7969842
36.03, 7692704
36.12, 7425298
36.21, 7164620
36.29, 6910972
36.38, 6661875
36.46, 6429030
36.55, 6201696
36.64, 5989927
36.73, 5780317
36.82, 5583561
36.91, 5400963
37.00, 5204736
37.09, 5032730
37.19, 4880102
37.28, 4709555
37.37, 4562352
37.46, 4392429
37.56, 4247307
37.65, 4118363
37.73, 3991257
37.82, 3866389
37.91, 3738265
38.00, 3629430
38.09, 3521673
38.18, 3419951
38.28, 3322099
38.36, 3219077
38.45, 3132206
38.54, 3051069
38.62, 2973782
38.71, 2896595
38.80, 2825255
38.88, 2751300
38.97, 2680716
39.06, 2611981
39.17, 2545966
39.26, 2479099
39.35, 2413886
39.45, 2358425
39.55, 2305523
39.64, 2253538
39.73, 2183162
39.83, 2135738
39.92, 2089828
40.03, 2045745
40.12, 2001958
40.20, 1965812
40.30, 1933947
40.40, 1901979
40.49, 1873617
40.58, 1841091
40.66, 1820780
40.77, 1801500
40.86, 1782924
40.94, 1757943
41.03, 1740082
41.13, 1720189
41.22, 1693139
41.31, 1676082
41.40, 1658592
41.49, 1642106
41.58, 1626186
41.67, 1610522
41.76, 1595307
41.85, 1581536
41.94, 1567954
42.05, 1554905
42.14, 1529322
42.23, 1516737
42.32, 1495405
42.42, 1483274
42.51, 1471145
42.60, 1458154
42.69, 1447092
42.79, 1437469
42.88, 1427886
42.98, 1419043
43.08, 1410358
43.17, 1402487
43.28, 1395664
43.37, 1389270
43.46, 1384125
43.55, 1379683
43.65, 1375332
43.74, 1371039
43.82, 1364824
43.91, 1360888
44.00, 1357018
44.09, 1354180
44.18, 1351397
44.27, 1347402
44.36, 1344637
44.45, 1340604
44.54, 1337672
44.63, 1335246
44.72, 1332935
44.80, 1312399
44.89, 1308423
44.98, 1296526
45.06, 1285706
45.16, 1277984
45.25, 1271583
45.33, 1269739
45.42, 1268049
45.51, 1266385
45.61, 1264851
45.70, 1263382
45.80, 1262044
45.89, 1260965
45.99, 1259922
46.08, 1259073
46.17, 1258238
46.27, 1257432
46.35, 1256796
46.44, 1256542
46.53, 1256332
46.62, 1256267
