0.00, 10754635
0.00, 10714697
0.00, 10705391
0.00, 10677680
0.00, 10532857
0.00, 10376539
0.00, 10287830
0.00, 10269713
0.00, 10241876
0.00, 10085647
0.00, 9964016
0.00, 9939637
0.00, 9794012
0.00, 9690670
0.00, 9615099
0.00, 9570142
0.00, 9569913
0.01, 9511894
0.01, 9499126
0.01, 9295482
0.01, 9234814
0.07, 9171602
0.07, 9158310
0.07, 9073094
0.07, 9064306
0.07, 8914977
0.07, 8808807
0.07, 8798194
0.19, 8779545
0.19, 8779245
0.19, 8713446
0.19, 8699956
0.19, 8670074
0.22, 8626913
0.22, 8487325
0.22, 8435160
0.22, 8379798
0.23, 8323610
0.23, 8318175
0.23, 8268808
0.23, 8232803
0.23, 8225471
0.23, 8224786
0.23, 8148888
0.23, 8142671
0.23, 8141552
0.25, 8137451
0.25, 8086464
0.25, 8082451
0.25, 7972774
0.25, 7962236
0.26, 7941454
0.26, 7929938
0.26, 7892688
0.26, 7883307
0.26, 7864297
0.26, 7808858
0.26, 7788396
0.26, 7748885
0.26, 7709642
0.26, 7682889
0.26, 7657527
0.26, 7527615
0.26, 7354051
0.26, 7131042
0.26, 7129015
0.26, 7086617
0.26, 6969774
0.27, 6944444
0.27, 6908754
0.27, 6868526
0.27, 6859178
0.27, 6834092
0.27, 6679345
0.27, 6661081
0.27, 6540049
0.27, 6516992
0.27, 6516181
0.27, 6505328
0.27, 6504936
0.27, 6449595
0.27, 6446247
0.27, 6398260
0.27, 6300386
0.27, 6289751
0.27, 6256870
0.27, 6237300
0.27, 6222028
0.27, 6211589
0.27, 6170541
0.27, 6098143
0.27, 6024612
0.28, 5963866
0.29, 5923032
0.29, 5886359
0.29, 5812471
0.29, 5696699
0.29, 5653100
0.29, 5651357
0.29, 5588513
0.29, 5573754
0.29, 5494798
0.29, 5487734
0.29, 5484713
0.30, 5472047
0.30, 5450949
0.30, 5435421
0.30, 5416085
0.30, 5343380
0.30, 5273778
0.30, 5243579
0.30, 5241490
0.30, 5238090
0.30, 5208662
0.30, 5203015
0.30, 5184516
0.30, 5133447
0.30, 5082480
0.30, 5080375
0.30, 5076175
0.30, 5070631
0.30, 5055933
0.30, 5045646
0.30, 5031033
0.31, 4898789
0.31, 4880223
0.31, 4837006
0.31, 4824851
0.31, 4787461
0.31, 4716817
0.31, 4697273
0.31, 4667022
0.31, 4662904
0.31, 4651588
0.31, 4570978
0.31, 4561239
0.31, 4552745
0.31, 4546070
0.31, 4429642
0.32, 4341891
0.32, 4340401
0.32, 4340055
0.32, 4322733
0.32, 4314889
0.32, 4312017
0.32, 4308766
0.32, 4306255
0.32, 4273424
0.32, 4270083
0.32, 4270050
0.32, 4266078
0.32, 4264261
0.32, 4250470
0.32, 4249830
0.32, 4247229
0.32, 4245204
0.32, 4229459
0.32, 4156088
0.32, 4118716
0.32, 4118006
0.32, 4100909
0.32, 3992817
0.32, 3990942
0.32, 3923668
0.32, 3847944
0.32, 3836274
0.32, 3834162
0.32, 3833356
0.33, 3780494
0.33, 3760890
0.33, 3754573
0.33, 3743741
0.33, 3740153
0.33, 3679941
0.33, 3666996
0.33, 3625207
0.33, 3602633
0.33, 3597119
0.33, 3574966
0.33, 3554924
0.33, 3552222
0.33, 3518540
0.33, 3452669
0.33, 3448518
0.33, 3439484
0.33, 3434684
0.33, 3427226
0.33, 3425487
0.33, 3413503
0.33, 3405194
0.33, 3403525
0.33, 3390866
0.33, 3375407
0.33, 3364640
0.33, 3354222
0.33, 3345136
0.33, 3340688
0.34, 3334910
0.34, 3331506
0.34, 3325180
0.34, 3316032
0.34, 3314817
0.34, 3303461
0.34, 3216174
0.34, 3179658
0.34, 3179644
0.34, 3171299
0.34, 3133920
0.34, 3100632
0.34, 3093050
0.34, 3084367
0.34, 3023757
0.34, 2981981
0.34, 2978666
0.34, 2949361
0.34, 2946983
0.34, 2943977
0.34, 2940278
0.34, 2932186
0.34, 2918692
0.34, 2912756
0.34, 2883612
0.34, 2882191
0.34, 2878298
0.34, 2857590
0.34, 2852871
0.34, 2850716
0.34, 2821319
0.34, 2733612
0.34, 2727960
0.34, 2700275
0.34, 2689614
0.34, 2680593
0.34, 2667595
0.34, 2653548
0.34, 2631720
0.35, 2622438
0.35, 2595054
0.35, 2592534
0.35, 2587484
0.35, 2576652
0.35, 2573269
0.35, 2569080
0.35, 2566772
0.35, 2545989
0.35, 2543801
0.35, 2543148
0.35, 2540607
0.35, 2539819
0.35, 2539003
0.35, 2528428
0.35, 2522286
0.35, 2520923
0.35, 2518431
0.35, 2512458
0.35, 2499657
0.35, 2497807
0.35, 2420968
0.35, 2414051
0.35, 2394102
0.35, 2386379
0.35, 2375520
0.35, 2372799
0.35, 2362558
0.35, 2358733
0.35, 2326725
0.36, 2326215
0.36, 2315967
0.36, 2315188
0.36, 2301491
0.36, 2270566
0.36, 2252392
0.36, 2232387
0.36, 2216646
0.36, 2215194
0.36, 2213545
0.36, 2212803
0.36, 2210500
0.36, 2210041
0.36, 2208523
0.36, 2189419
0.36, 2188990
0.36, 2188594
0.37, 2183710
0.37, 2177996
0.37, 2160116
0.37, 2112579
0.37, 2112515
0.37, 2105767
0.37, 2100620
0.37, 2091661
0.37, 2089708
0.38, 2073711
0.38, 2068026
0.38, 2032454
0.38, 2031909
0.38, 2030962
0.38, 2012097
0.38, 2008170
0.39, 2006798
0.39, 2006410
0.39, 1985104
0.39, 1982783
0.39, 1976781
0.39, 1940455
0.39, 1936100
0.39, 1936006
0.39, 1892258
0.39, 1890792
0.39, 1889645
0.40, 1885859
0.40, 1848258
0.40, 1843235
0.40, 1842584
0.40, 1841351
0.40, 1841134
0.40, 1836466
0.41, 1827915
0.41, 1826820
0.41, 1826124
0.41, 1825532
0.41, 1822632
0.41, 1820172
0.41, 1819941
0.41, 1818030
0.41, 1811951
0.41, 1809292
0.41, 1802106
0.41, 1797668
0.42, 1749896
0.42, 1749279
0.42, 1748630
0.42, 1744158
0.42, 1698159
0.43, 1692054
0.43, 1692014
0.43, 1691863
0.43, 1665634
0.43, 1665507
0.43, 1663685
0.44, 1646412
0.44, 1645684
0.45, 1645666
0.45, 1645521
0.45, 1644861
0.45, 1644801
0.45, 1643563
0.45, 1627896
0.45, 1627314
0.45, 1626446
0.45, 1624496
0.46, 1624436
0.46, 1617255
0.46, 1573755
0.46, 1570243
0.46, 1560222
0.46, 1557503
0.46, 1555352
0.46, 1547106
0.47, 1543151
0.47, 1530536
0.47, 1529024
0.47, 1518540
0.47, 1518212
0.48, 1495445
0.48, 1467831
0.48, 1453775
0.49, 1452770
0.49, 1452012
0.49, 1452000
0.50, 1427729
0.50, 1421893
0.50, 1420092
0.51, 1419541
0.52, 1419538
0.52, 1404757
0.52, 1404549
0.53, 1404244
0.53, 1400375
0.53, 1399775
0.53, 1399369
0.53, 1391985
0.53, 1390745
0.53, 1383153
0.56, 1383110
0.59, 1382213
0.60, 1367970
0.62, 1366305
0.63, 1354192
0.65, 1346346
0.68, 1346013
0.71, 1340917
0.71, 1338473
0.72, 1337366
0.72, 1337083
0.74, 1337026
0.86, 1335372
0.88, 1335341
1.01, 1333954
1.05, 1331810
1.07, 1331622
1.17, 1331148
3.96, 1318340
3.96, 1314728
3.97, 1311981
3.98, 1307243
3.99, 1275586
4.02, 1252812
