0.09, 9927347
0.19, 9552464
0.29, 9187106
0.37, 8849198
0.46, 8525638
0.55, 8232843
0.65, 7944894
0.74, 7663852
0.83, 7400937
0.92, 7148965
1.02, 6906302
1.13, 6631012
1.23, 6381118
1.32, 6154635
1.42, 5917316
1.53, 5696004
1.63, 5480556
1.73, 5291060
1.82, 5082906
1.93, 4889659
2.03, 4700387
2.12, 4528520
2.23, 4359997
2.33, 4208548
2.41, 4060252
2.50, 3912365
2.59, 3775752
2.68, 3650365
2.77, 3522368
2.85, 3406323
2.95, 3291247
3.05, 3190038
3.13, 3086191
3.24, 2984997
3.33, 2908641
3.41, 2829559
3.50, 2760284
3.59, 2691590
3.67, 2625034
3.77, 2550885
3.85, 2488561
3.94, 2435835
4.02, 2382907
4.11, 2330527
4.20, 2279703
4.29, 2231512
4.39, 2186753
4.48, 2133012
4.57, 2077393
4.67, 2034285
4.76, 1993961
4.85, 1953888
4.94, 1916798
5.03, 1882357
5.13, 1848874
5.22, 1817640
5.31, 1787039
5.41, 1758263
5.50, 1729530
5.60, 1703339
5.71, 1673654
5.82, 1648808
5.93, 1626540
6.05, 1604461
6.17, 1583472
6.27, 1563550
6.38, 1544238
6.48, 1529594
6.58, 1515450
6.68, 1498892
6.78, 1484974
6.87, 1471255
6.96, 1457541
7.05, 1429298
7.16, 1415927
7.26, 1402682
7.36, 1384703
7.45, 1377468
7.54, 1370344
7.66, 1363704
7.76, 1358079
7.87, 1353240
7.97, 1348301
8.07, 1343635
8.17, 1338745
8.27, 1334303
8.37, 1329904
8.46, 1325569
8.56, 1318188
8.65, 1314245
8.74, 1291901
8.83, 1287682
8.93, 1283520
9.02, 1280903
9.11, 1278165
9.21, 1275567
9.31, 1273423
9.42, 1271834
9.55, 1270285
9.69, 1268881
9.80, 1265893
9.90, 1264599
10.01, 1263533
10.10, 1262526
10.19, 1260872
10.29, 1259890
10.39, 1258278
10.48, 1257307
10.57, 1256472
10.67, 1255666
10.76, 1254860
10.85, 1254307
10.94, 1254139
11.04, 1249043
11.23, 9611248
11.34, 9172105
11.43, 8807003
11.52, 8468565
11.61, 8140175
11.71, 7820535
11.80, 7512733
11.88, 7206913
11.98, 6901658
12.09, 6646202
12.19, 6371679
12.28, 6128315
12.38, 5899356
12.47, 5681357
12.57, 5465766
12.67, 5264193
12.78, 5068377
12.89, 4875357
12.99, 4689711
13.10, 4508821
13.21, 4344062
13.32, 4204085
13.42, 4073804
13.53, 3942940
13.64, 3817467
13.75, 3700018
13.85, 3575342
13.96, 3463411
14.06, 3349480
14.16, 3249919
14.26, 3156057
14.37, 3073179
14.47, 2972707
14.56, 2890747
14.67, 2823319
14.76, 2759273
14.85, 2698101
14.94, 2627685
15.03, 2557381
15.12, 2492424
15.21, 2434328
15.32, 2376921
15.43, 2322425
15.53, 2263720
15.62, 2215955
15.71, 2172199
15.80, 2132525
15.90, 2094723
16.00, 2058516
16.09, 2016731
16.20, 1981795
16.29, 1952778
16.39, 1924050
16.50, 1898988
16.60, 1874723
16.70, 1851371
16.81, 1812329
16.91, 1789316
17.02, 1766440
17.12, 1743963
17.21, 1722982
17.30, 1699543
17.40, 1679542
17.50, 1648530
17.60, 1627149
17.70, 1607153
17.79, 1587210
17.89, 1568995
17.99, 1551704
18.09, 1534499
18.20, 1519244
18.30, 1505209
18.40, 1491207
18.52, 1477224
18.62, 1463719
18.73, 1452899
18.83, 1442415
18.91, 1432027
19.02, 1421797
19.11, 1412416
19.20, 1403582
19.30, 1394954
19.38, 1386355
19.47, 1379231
19.55, 1365704
19.64, 1355775
19.73, 1346482
19.82, 1338729
19.91, 1332266
19.99, 1323751
20.08, 1317850
20.17, 1312488
20.25, 1291889
20.33, 1286793
20.42, 1281751
20.50, 1276737
20.59, 1272170
20.68, 1268039
20.77, 1263928
20.87, 1257527
20.96, 1254844
21.05, 1253046
21.15, 1250525
21.24, 1248835
21.33, 1247456
21.41, 1244122
21.50, 1241287
21.59, 1239578
21.68, 1238271
21.77, 1236982
21.86, 1235802
21.94, 1234708
22.03, 1233850
22.13, 1233060
22.23, 1232299
22.32, 1231640
22.40, 1231088
22.51, 1230691
22.62, 1230295
22.73, 1229918
22.85, 1229756
22.97, 1229502
23.08, 1229351
23.19, 1229203
23.31, 1226230
23.42, 1226179
23.65, 9442000
23.77, 9008210
23.87, 8592159
23.98, 8224319
24.13, 7885167
24.27, 7552050
24.40, 7251733
24.51, 6966080
24.61, 6695344
24.72, 6428468
24.83, 6182221
24.95, 5934827
25.05, 5711459
25.15, 5507358
25.26, 5308833
25.37, 5118988
25.48, 4937035
25.58, 4768058
25.68, 4599620
25.78, 4437956
25.87, 4294205
25.96, 4151570
26.05, 4021752
26.14, 3897761
26.24, 3775274
26.33, 3658263
26.42, 3546183
26.51, 3443631
26.62, 3341425
26.72, 3246015
26.81, 3157553
26.90, 3074335
26.99, 2992068
27.09, 2886114
27.19, 2808225
27.28, 2736107
27.37, 2658961
27.46, 2592870
27.55, 2532827
27.65, 2476909
27.75, 2406015
27.86, 2342045
27.96, 2276819
28.06, 2224741
28.17, 2173878
28.28, 2126146
28.38, 2078567
28.48, 2031683
28.58, 1988820
28.68, 1942834
28.77, 1890091
28.87, 1851845
28.98, 1815530
29.08, 1781316
29.18, 1755001
29.27, 1729374
29.37, 1699325
29.46, 1674041
29.56, 1650056
29.64, 1625536
29.73, 1604327
29.82, 1561539
29.91, 1539520
30.01, 1518406
30.10, 1501201
30.18, 1484527
30.27, 1470231
30.38, 1458492
30.48, 1447623
30.58, 1436812
30.68, 1426257
30.79, 1416595
30.89, 1406935
31.00, 1397905
31.11, 1388951
31.21, 1380429
31.32, 1373462
31.42, 1366559
31.51, 1360181
31.60, 1353838
31.68, 1347897
31.79, 1342339
31.89, 1336784
32.00, 1331691
32.10, 1326967
32.21, 1320077
32.31, 1312507
32.42, 1304737
32.52, 1298508
32.62, 1294066
32.71, 1289652
32.80, 1285711
32.89, 1282355
33.00, 1279520
33.08, 1275130
33.17, 1270912
33.29, 1267595
33.39, 1264805
33.48, 1262476
33.60, 1260332
33.71, 1258958
33.82, 1257587
33.92, 1256547
34.02, 1250410
34.13, 1249385
34.23, 1248377
34.33, 1247395
34.43, 1246771
34.51, 1246561
34.61, 1246360
34.70, 1245953
34.80, 1245888
34.98, 9605130
35.06, 9241600
35.16, 8921174
35.25, 8612352
35.34, 8306754
35.43, 8016011
35.52, 7726328
35.62, 7469639
35.72, 7214831
35.81, 6961188
35.91, 6712712
36.01, 6472495
36.11, 6260651
36.20, 6052715
36.30, 5849947
36.39, 5647406
36.48, 5446418
36.59, 5243577
36.69, 5053679
36.79, 4872839
36.89, 4709008
37.00, 4549813
37.09, 4390292
37.19, 4239110
37.30, 4096448
37.40, 3955250
37.50, 3823382
37.61, 3700605
37.71, 3580712
37.82, 3470839
37.92, 3349671
38.01, 3246773
38.12, 3127505
38.21, 3016671
38.31, 2925011
38.42, 2841690
38.52, 2766726
38.63, 2694463
38.74, 2622802
38.85, 2553260
38.97, 2472473
39.09, 2408389
39.20, 2347548
39.31, 2286113
39.42, 2230637
39.52, 2175572
39.62, 2125615
39.72, 2077167
39.81, 2029633
39.90, 1976618
40.01, 1937833
40.11, 1899346
40.21, 1864213
40.32, 1829106
40.42, 1796026
40.53, 1764782
40.64, 1743097
40.75, 1721620
40.86, 1700199
40.96, 1680779
41.07, 1661744
41.17, 1646866
41.28, 1632483
41.38, 1618676
41.48, 1605690
41.59, 1593216
41.70, 1581798
41.80, 1571239
41.92, 1560980
42.03, 1550745
42.15, 1540584
42.25, 1530884
42.35, 1521258
42.44, 1511803
42.54, 1482043
42.64, 1472742
42.73, 1463899
42.83, 1456314
42.93, 1449466
43.03, 1442660
43.13, 1436107
43.22, 1399325
43.33, 1377749
43.43, 1371848
43.53, 1366990
43.64, 1360702
43.75, 1355093
43.86, 1349523
43.96, 1344838
44.06, 1340396
44.16, 1336103
44.26, 1331912
44.36, 1329148
44.46, 1326084
44.55, 1323342
44.65, 1320668
44.74, 1318330
44.83, 1316071
44.92, 1314033
45.01, 1312855
45.10, 1311826
45.20, 1310857
45.28, 1309566
45.37, 1308907
45.48, 1308308
45.58, 1307756
45.68, 1307275
45.77, 1306879
45.87, 1306667
45.96, 1306479
46.05, 1306005
46.15, 1305863
46.25, 1305766
46.36, 1304514
46.46, 1304489
