0.00, 10550168
0.00, 10541106
0.00, 10442150
0.00, 10242892
0.00, 10240560
0.00, 10239406
0.00, 10218765
0.00, 10106870
0.00, 10105569
0.00, 10075691
0.00, 9914445
0.01, 9907286
0.01, 9899772
0.01, 9656477
0.01, 9644845
0.01, 9595272
0.01, 9559054
0.01, 9418027
0.01, 9417817
0.01, 9385911
0.01, 9385741
0.01, 9318565
0.01, 9290651
0.01, 9264750
0.01, 9261856
0.01, 9259682
0.02, 9084267
0.08, 9077217
0.08, 9003576
0.12, 8953092
0.12, 8925036
0.12, 8841865
0.19, 8817402
0.19, 8713214
0.22, 8702793
0.22, 8690742
0.22, 8640330
0.22, 8539388
0.22, 8487442
0.22, 8383587
0.22, 8159911
0.22, 8087701
0.22, 8080313
0.23, 8061162
0.23, 8001101
0.23, 7903860
0.23, 7901357
0.23, 7799253
0.23, 7729287
0.23, 7698042
0.23, 7674342
0.23, 7658166
0.23, 7424823
0.23, 7412393
0.23, 7249981
0.27, 7229233
0.27, 7184542
0.27, 7181045
0.27, 7140819
0.27, 7139892
0.27, 7100112
0.27, 7005606
0.27, 6864714
0.27, 6852385
0.27, 6744553
0.27, 6510924
0.27, 6504116
0.27, 6463731
0.27, 6459342
0.27, 6298342
0.27, 6297160
0.27, 6231117
0.27, 6053501
0.27, 6046287
0.27, 6030190
0.27, 6008281
0.28, 6003162
0.28, 5972491
0.28, 5950238
0.28, 5927754
0.28, 5922560
0.28, 5853803
0.28, 5794021
0.28, 5735997
0.28, 5724594
0.28, 5722596
0.28, 5711649
0.28, 5698030
0.28, 5696425
0.28, 5669835
0.28, 5641150
0.28, 5638397
0.29, 5526216
0.29, 5521917
0.29, 5520351
0.29, 5500301
0.29, 5488207
0.29, 5375786
0.30, 5340434
0.30, 5276214
0.30, 5261923
0.30, 5249116
0.30, 5240702
0.30, 5137418
0.30, 5123646
0.30, 5105357
0.30, 5097902
0.30, 5097747
0.30, 5064348
0.30, 5064308
0.30, 5037688
0.30, 5035565
0.30, 5027739
0.30, 4925328
0.30, 4914349
0.30, 4910331
0.30, 4903893
0.30, 4890677
0.30, 4887092
0.30, 4779695
0.30, 4760579
0.31, 4725119
0.31, 4724735
0.31, 4695474
0.31, 4693376
0.31, 4678971
0.31, 4627487
0.31, 4608096
0.31, 4586450
0.31, 4565750
0.31, 4560279
0.31, 4550441
0.31, 4474475
0.31, 4466582
0.31, 4444890
0.31, 4374836
0.31, 4360104
0.31, 4342911
0.31, 4341723
0.31, 4335235
0.31, 4305522
0.31, 4303793
0.31, 4288266
0.31, 4282168
0.31, 4276839
0.31, 4261509
0.31, 4255024
0.31, 4239368
0.31, 4229568
0.31, 4181951
0.31, 4145223
0.31, 4142676
0.31, 4127099
0.31, 4092542
0.31, 4087630
0.31, 4080769
0.31, 4070608
0.31, 4052080
0.31, 4048285
0.31, 4047558
0.31, 4046409
0.32, 4028843
0.32, 4019977
0.32, 3968104
0.32, 3942880
0.32, 3915197
0.32, 3856502
0.32, 3845782
0.32, 3816921
0.32, 3815396
0.32, 3813297
0.32, 3812605
0.32, 3774017
0.32, 3741349
0.32, 3740006
0.32, 3737822
0.32, 3716451
0.32, 3711449
0.32, 3680088
0.32, 3634621
0.33, 3627781
0.33, 3620039
0.33, 3612696
0.33, 3568543
0.33, 3568400
0.33, 3564015
0.33, 3558913
0.33, 3543535
0.33, 3540757
0.33, 3488057
0.33, 3482531
0.33, 3481584
0.33, 3480800
0.33, 3444141
0.33, 3392586
0.33, 3392429
0.33, 3356787
0.33, 3339453
0.33, 3302623
0.33, 3301384
0.33, 3300157
0.33, 3299398
0.34, 3219969
0.34, 3149020
0.34, 3141543
0.34, 3109564
0.34, 3108124
0.34, 3097209
0.34, 3095831
0.34, 3088212
0.34, 3087049
0.34, 3083635
0.34, 3080336
0.34, 3077762
0.34, 3071024
0.34, 3055465
0.34, 3052389
0.34, 3019170
0.34, 3015304
0.34, 3004289
0.34, 2932940
0.35, 2932826
0.35, 2914507
0.35, 2873715
0.35, 2848909
0.35, 2847968
0.35, 2831620
0.35, 2775524
0.35, 2771538
0.35, 2742152
0.35, 2739920
0.35, 2727534
0.35, 2720085
0.36, 2714623
0.36, 2662178
0.36, 2660434
0.36, 2654126
0.36, 2624069
0.36, 2618917
0.36, 2560845
0.36, 2547275
0.36, 2541661
0.36, 2541237
0.36, 2536154
0.36, 2535531
0.36, 2535517
0.36, 2474371
0.36, 2470395
0.36, 2470133
0.36, 2445307
0.36, 2441953
0.37, 2437739
0.37, 2436658
0.37, 2432066
0.37, 2416718
0.37, 2398722
0.37, 2393657
0.37, 2391880
0.37, 2380026
0.37, 2372264
0.37, 2369889
0.37, 2366020
0.37, 2351937
0.37, 2350196
0.37, 2348039
0.37, 2341428
0.37, 2341161
0.37, 2338542
0.37, 2337597
0.37, 2337594
0.37, 2332109
0.37, 2332072
0.37, 2323113
0.37, 2304190
0.37, 2300412
0.37, 2281214
0.38, 2269014
0.38, 2264585
0.38, 2247826
0.38, 2244264
0.38, 2243067
0.38, 2237133
0.38, 2235885
0.38, 2234068
0.38, 2233625
0.38, 2230237
0.38, 2225576
0.38, 2203827
0.38, 2201260
0.38, 2201235
0.38, 2199081
0.38, 2198627
0.38, 2197979
0.38, 2197383
0.38, 2193051
0.38, 2189244
0.38, 2184820
0.38, 2175168
0.38, 2165121
0.38, 2161094
0.39, 2155834
0.39, 2154993
0.39, 2145590
0.39, 2117060
0.39, 2115410
0.39, 2112293
0.39, 2109396
0.39, 2109041
0.39, 2108260
0.39, 2108019
0.39, 2106549
0.39, 2087863
0.39, 2049603
0.40, 2043984
0.40, 2043961
0.40, 2031579
0.40, 2030511
0.40, 2030263
0.40, 2030056
0.40, 2026455
0.40, 2013590
0.40, 2008784
0.40, 1970815
0.40, 1956742
0.40, 1948667
0.40, 1947831
0.40, 1944673
0.40, 1943987
0.40, 1942419
0.40, 1924165
0.40, 1918656
0.40, 1918243
0.40, 1918084
0.41, 1915279
0.41, 1909482
0.41, 1883881
0.41, 1882266
0.41, 1878708
0.41, 1865569
0.41, 1862261
0.41, 1861115
0.42, 1861107
0.42, 1860366
0.42, 1860195
0.42, 1858056
0.42, 1856845
0.42, 1849432
0.42, 1832662
0.42, 1802341
0.42, 1799955
0.43, 1798797
0.43, 1798087
0.43, 1797454
0.43, 1790541
0.43, 1787161
0.43, 1786078
0.43, 1785789
0.43, 1775591
0.43, 1774229
0.43, 1773926
0.44, 1773767
0.44, 1772116
0.44, 1771491
0.44, 1770535
0.45, 1770425
0.45, 1758380
0.45, 1757273
0.45, 1749927
0.45, 1747808
0.45, 1717707
0.46, 1709971
0.46, 1701551
0.46, 1700389
0.46, 1697231
0.46, 1695087
0.46, 1691915
0.47, 1691353
0.47, 1683659
0.47, 1667241
0.47, 1655740
0.47, 1646472
0.47, 1646294
0.48, 1645155
0.48, 1644223
0.48, 1643711
0.48, 1633227
0.48, 1627009
0.48, 1626841
0.49, 1625030
0.50, 1619498
0.51, 1617333
0.51, 1592437
0.51, 1590307
0.51, 1584982
0.51, 1579649
0.51, 1579152
0.51, 1576629
0.53, 1552764
0.53, 1550717
0.53, 1550411
0.54, 1549884
0.54, 1538428
0.54, 1536627
0.55, 1532145
0.57, 1531257
0.58, 1530447
0.59, 1525489
0.60, 1498065
0.61, 1495953
0.62, 1466866
0.62, 1461429
0.62, 1460766
0.62, 1453736
0.63, 1453110
0.64, 1438897
0.66, 1427569
0.66, 1427457
0.67, 1426690
0.67, 1426472
0.67, 1417290
0.68, 1412843
0.69, 1411943
0.69, 1409697
0.79, 1409128
1.07, 1408338
2.12, 1402168
2.14, 1400384
2.14, 1391430
2.14, 1390989
2.16, 1382936
2.16, 1382090
2.18, 1380423
2.18, 1377208
2.19, 1371114
2.22, 1345292
2.23, 1343679
2.27, 1341887
2.27, 1334851
2.46, 1331878
