0.00, 10280273
0.00, 10103133
0.00, 9860696
0.00, 9794926
0.00, 9687689
0.00, 9674413
0.00, 9672834
0.01, 9670535
0.01, 9668766
0.02, 9660197
0.02, 9637817
0.02, 9607781
0.03, 9497605
0.03, 9359153
0.06, 9295525
0.07, 9243794
0.09, 9161750
0.14, 9150017
0.20, 9034923
0.23, 9008355
0.23, 8896679
0.24, 8816237
0.24, 8811481
0.24, 8802128
0.24, 8802058
0.24, 8681671
0.24, 8677706
0.24, 8650943
0.27, 8491639
0.27, 8486645
0.27, 8486424
0.27, 8475116
0.27, 8383851
0.27, 8292976
0.29, 8244626
0.29, 8240257
0.29, 8239003
0.29, 8207638
0.29, 8035075
0.29, 8034133
0.29, 8018845
0.29, 8011078
0.29, 7992536
0.30, 7791144
0.30, 7788430
0.31, 7765191
0.31, 7709686
0.31, 7647311
0.31, 7548633
0.31, 7508463
0.31, 7400255
0.31, 7388883
0.31, 7312801
0.31, 7280938
0.31, 7227701
0.31, 7226505
0.31, 7148104
0.31, 7081637
0.31, 7036172
0.32, 6861768
0.32, 6861484
0.32, 6852760
0.32, 6721944
0.32, 6680131
0.33, 6673458
0.33, 6609519
0.33, 6607316
0.33, 6606829
0.33, 6582207
0.33, 6582187
0.33, 6542023
0.33, 6512989
0.33, 6511285
0.33, 6509846
0.33, 6499865
0.33, 6499683
0.33, 6443805
0.33, 6366244
0.33, 6324615
0.33, 6271923
0.33, 6228194
0.33, 6219960
0.33, 6214786
0.33, 6213392
0.33, 6189962
0.33, 6181386
0.33, 6179005
0.33, 6142011
0.34, 6075658
0.34, 6050521
0.34, 6047057
0.34, 6026287
0.34, 6014774
0.34, 5993820
0.34, 5932307
0.34, 5840013
0.34, 5831330
0.34, 5800647
0.34, 5710860
0.34, 5578087
0.34, 5531214
0.34, 5531166
0.34, 5483231
0.34, 5457460
0.34, 5444257
0.34, 5316641
0.34, 5273782
0.35, 5268616
0.35, 5172826
0.35, 5157306
0.35, 5095358
0.35, 4978647
0.35, 4973109
0.35, 4966670
0.35, 4675672
0.35, 4631346
0.35, 4584879
0.35, 4540669
0.35, 4540654
0.36, 4432012
0.36, 4418426
0.36, 4394428
0.36, 4355253
0.36, 4340512
0.36, 4336490
0.36, 4316428
0.36, 4300739
0.36, 4273304
0.36, 4267138
0.36, 4257709
0.36, 4252596
0.36, 4228274
0.36, 4221248
0.37, 4185353
0.37, 4165582
0.37, 4164520
0.37, 4163924
0.37, 4156277
0.37, 4151634
0.37, 4142533
0.37, 4118553
0.37, 4094453
0.37, 4088212
0.37, 4023914
0.37, 4023912
0.37, 4002501
0.37, 3995679
0.37, 3995393
0.37, 3992383
0.37, 3925854
0.37, 3925469
0.37, 3923638
0.37, 3898225
0.37, 3896135
0.37, 3869745
0.37, 3857654
0.37, 3819562
0.37, 3814957
0.37, 3808244
0.37, 3806193
0.37, 3765831
0.37, 3755950
0.38, 3712165
0.38, 3681591
0.38, 3681576
0.38, 3678228
0.38, 3634035
0.38, 3619158
0.38, 3568949
0.38, 3567010
0.38, 3554072
0.38, 3554024
0.38, 3546095
0.38, 3539438
0.38, 3448186
0.38, 3437043
0.38, 3436447
0.38, 3406627
0.38, 3405393
0.38, 3397420
0.38, 3397320
0.38, 3394378
0.38, 3369416
0.38, 3368864
0.38, 3367308
0.39, 3365557
0.39, 3262334
0.39, 3257262
0.39, 3239673
0.39, 3231798
0.39, 3231379
0.39, 3160866
0.39, 3158313
0.39, 3129291
0.39, 3121978
0.39, 3109931
0.39, 3108604
0.39, 3083149
0.39, 3060555
0.39, 3054374
0.39, 3037754
0.39, 3036529
0.39, 3035665
0.39, 3025226
0.39, 2980099
0.39, 2970927
0.39, 2963866
0.40, 2957397
0.40, 2955576
0.40, 2950366
0.40, 2793432
0.40, 2790762
0.40, 2778922
0.40, 2773319
0.40, 2746779
0.40, 2723506
0.40, 2721205
0.40, 2686393
0.41, 2664039
0.41, 2656117
0.41, 2652005
0.41, 2649886
0.41, 2648138
0.41, 2644190
0.41, 2643930
0.41, 2643797
0.41, 2601560
0.41, 2582033
0.41, 2576750
0.41, 2571576
0.41, 2571568
0.41, 2567999
0.41, 2559139
0.41, 2559091
0.41, 2554614
0.41, 2554340
0.41, 2550006
0.41, 2546968
0.41, 2539051
0.41, 2502999
0.41, 2468517
0.42, 2461921
0.42, 2456103
0.42, 2449049
0.42, 2387774
0.42, 2379237
0.42, 2376972
0.42, 2372944
0.42, 2359526
0.42, 2341973
0.42, 2339785
0.42, 2337384
0.43, 2297794
0.43, 2292699
0.43, 2287051
0.43, 2285058
0.43, 2276824
0.43, 2263843
0.43, 2261375
0.44, 2226606
0.44, 2225105
0.44, 2224184
0.44, 2210264
0.44, 2196176
0.44, 2189594
0.44, 2189544
0.44, 2185600
0.44, 2184245
0.44, 2183050
0.44, 2167030
0.44, 2165967
0.44, 2162118
0.44, 2149591
0.44, 2148636
0.44, 2147487
0.44, 2141158
0.44, 2132140
0.45, 2132120
0.45, 2131293
0.45, 2130325
0.45, 2129462
0.45, 2126082
0.45, 2121796
0.45, 2108557
0.45, 2107904
0.45, 2097747
0.45, 2030684
0.45, 2029604
0.45, 2025599
0.45, 2025307
0.45, 2025186
0.46, 2005538
0.46, 2005066
0.46, 1987720
0.46, 1984568
0.46, 1983396
0.46, 1983171
0.46, 1980650
0.46, 1980498
0.46, 1978726
0.47, 1970514
0.47, 1965619
0.47, 1962466
0.47, 1956190
0.47, 1950737
0.47, 1945132
0.47, 1944446
0.48, 1936310
0.48, 1935957
0.48, 1935302
0.48, 1934314
0.48, 1928934
0.48, 1927675
0.48, 1926624
0.49, 1926616
0.49, 1924745
0.49, 1922203
0.49, 1913045
0.49, 1905004
0.49, 1902408
0.49, 1890641
0.49, 1882955
0.49, 1877201
0.50, 1876864
0.50, 1866530
0.50, 1866004
0.50, 1864986
0.50, 1856616
0.51, 1848792
0.51, 1833061
0.51, 1829076
0.51, 1808326
0.51, 1808002
0.51, 1807564
0.51, 1807324
0.51, 1801067
0.51, 1801044
0.51, 1793179
0.51, 1792818
0.52, 1788846
0.52, 1788354
0.52, 1762428
0.52, 1755564
0.52, 1754753
0.52, 1754715
0.53, 1753078
0.53, 1750323
0.53, 1748833
0.53, 1737761
0.53, 1728605
0.53, 1728406
0.54, 1724483
0.54, 1721602
0.54, 1713631
0.54, 1712456
0.55, 1686266
0.55, 1685816
0.55, 1682608
0.55, 1674975
0.55, 1674906
0.55, 1672877
0.56, 1668824
0.56, 1667809
0.57, 1665999
0.58, 1663535
0.58, 1663533
0.58, 1661259
0.59, 1661108
0.59, 1651675
0.59, 1648223
0.59, 1625747
0.59, 1613083
0.59, 1612866
0.60, 1608626
0.60, 1594896
0.61, 1592345
0.61, 1591161
0.63, 1548393
0.63, 1543552
0.64, 1540316
0.64, 1539417
0.64, 1538190
0.65, 1525865
0.65, 1525432
0.66, 1517191
0.66, 1516435
0.66, 1514331
0.66, 1514300
0.67, 1513672
0.68, 1512664
0.68, 1505383
0.69, 1499882
0.69, 1498728
0.70, 1497140
0.70, 1497138
0.72, 1496472
0.73, 1496294
0.74, 1495959
0.75, 1469577
0.75, 1468518
0.76, 1462905
0.76, 1452884
0.76, 1452882
0.76, 1452745
0.77, 1451919
0.80, 1449831
0.82, 1449388
0.83, 1447522
0.84, 1428914
0.85, 1428439
0.85, 1427726
0.86, 1423318
0.87, 1401101
0.92, 1396349
1.01, 1395894
1.02, 1395583
1.06, 1395046
1.08, 1394091
1.29, 1393721
1.29, 1391014
1.32, 1386368
1.50, 1384769
2.27, 1382906
2.28, 1380470
2.30, 1377949
2.31, 1369766
2.32, 1368945
2.32, 1367813
2.35, 1361026
2.37, 1356835
2.38, 1353736
2.41, 1344088
2.48, 1341221
2.50, 1336271
2.50, 1334867
2.50, 1334738
2.52, 1331253
2.56, 1331252
2.71, 1312487
2.73, 1311375
2.74, 1311306
2.80, 1311015
2.82, 1310852
2.85, 1310291
2.87, 1310221
2.90, 1309880
2.92, 1309863
2.93, 1309736
2.95, 1308774
2.95, 1308494
3.01, 1306064
3.10, 1303344
3.13, 1302719
