0.10, 9645108
0.20, 9316064
0.29, 8987327
0.40, 8658243
0.50, 8339093
0.61, 8041424
0.71, 7749650
0.81, 7479843
0.91, 7216388
1.00, 6966328
1.10, 6724030
1.20, 6484692
1.31, 6251677
1.41, 6011771
1.51, 5786113
1.61, 5574811
1.71, 5383574
1.81, 5201818
1.92, 5016277
2.01, 4837480
2.10, 4674191
2.20, 4503492
2.29, 4350455
2.39, 4205566
2.48, 4057048
2.57, 3927953
2.66, 3799973
2.75, 3667153
2.83, 3546012
2.92, 3430274
3.02, 3302350
3.10, 3208537
3.19, 3100603
3.28, 3001193
3.37, 2916966
3.46, 2832987
3.56, 2756748
3.65, 2682461
3.74, 2604699
3.83, 2534872
3.92, 2469819
4.02, 2405098
4.13, 2349639
4.24, 2284908
4.34, 2239473
4.46, 2194067
4.55, 2150960
4.65, 2086812
4.76, 2046159
4.89, 2006554
5.00, 1936289
5.10, 1901848
5.21, 1869414
5.33, 1839150
5.44, 1810413
5.55, 1782135
5.65, 1756750
5.75, 1731512
5.87, 1706446
5.97, 1681490
6.07, 1659205
6.19, 1636995
6.31, 1615266
6.42, 1598161
6.54, 1581487
6.64, 1565204
6.75, 1549801
6.85, 1535176
6.95, 1521372
7.06, 1508568
7.16, 1495971
7.26, 1484682
7.36, 1474120
7.47, 1462702
7.56, 1452988
7.66, 1443358
7.75, 1433407
7.85, 1424907
7.94, 1416293
8.02, 1408087
8.11, 1400897
8.21, 1393814
8.30, 1387045
8.39, 1377345
8.48, 1371001
8.56, 1364775
8.64, 1357921
8.73, 1351818
8.82, 1346592
8.91, 1341524
9.00, 1336623
9.09, 1331983
9.17, 1327541
9.29, 1323238
9.38, 1318945
9.48, 1296468
9.59, 1292562
9.68, 1289004
9.79, 1285760
9.90, 1283086
10.00, 1280549
10.11, 1277582
10.21, 1275281
10.32, 1250604
10.42, 1248460
10.51, 1246494
10.61, 1244885
10.71, 1243535
10.80, 1233174
10.89, 1231947
10.99, 1230868
11.09, 1229916
11.20, 1228408
11.30, 1227602
11.42, 1226796
11.54, 1226731
11.76, 10290140
11.86, 9935409
11.95, 9579499
12.04, 9255612
12.14, 8942475
12.25, 8642157
12.36, 8342660
12.46, 8052841
12.57, 7769319
12.68, 7498365
12.79, 7229121
12.91, 6980277
13.02, 6710405
13.15, 6474024
13.26, 6230083
13.38, 5981964
13.49, 5750628
13.60, 5531137
13.70, 5322607
13.81, 5132842
13.92, 4972654
14.02, 4818316
14.14, 4668920
14.25, 4533752
14.36, 4378515
14.47, 4250247
14.57, 4122303
14.68, 3987585
14.79, 3867819
14.91, 3747791
15.02, 3633122
15.12, 3520171
15.23, 3425959
15.34, 3326130
15.45, 3241544
15.55, 3162060
15.64, 3085432
15.73, 3009009
15.82, 2936436
15.91, 2866244
16.01, 2778088
16.11, 2709390
16.21, 2643665
16.31, 2579358
16.40, 2521410
16.49, 2467462
16.58, 2415447
16.67, 2368142
16.75, 2321824
16.85, 2276068
16.94, 2219277
17.03, 2174858
17.11, 2131577
17.20, 2089115
17.31, 2048045
17.41, 2008488
17.51, 1975254
17.60, 1934043
17.69, 1896617
17.78, 1864061
17.88, 1832402
17.96, 1800745
18.05, 1771857
18.13, 1743375
18.22, 1720488
18.30, 1698696
18.39, 1678538
18.48, 1651229
18.57, 1624828
18.66, 1605887
18.75, 1589267
18.85, 1572817
18.94, 1556911
19.03, 1541848
19.12, 1527781
19.22, 1513754
19.31, 1499736
19.40, 1487338
19.50, 1475085
19.61, 1464994
19.72, 1454916
19.82, 1446770
19.94, 1434847
20.05, 1424043
20.16, 1416102
20.27, 1408998
20.38, 1401406
20.49, 1395028
20.60, 1388891
20.71, 1383114
20.81, 1377965
20.92, 1373153
21.03, 1368293
21.14, 1364015
21.24, 1359960
21.33, 1356095
21.44, 1352576
21.54, 1349742
21.63, 1346952
21.74, 1344621
21.84, 1342640
21.95, 1341163
22.05, 1339813
22.15, 1329452
22.25, 1328490
22.35, 1326986
22.53, 1326180
22.66, 1325402
22.78, 1324660
22.89, 1317426
23.09, 1313075
23.21, 1312439
23.32, 1312124
23.45, 1311914
23.56, 1311713
23.68, 1311306
23.79, 1311130
24.02, 9687710
24.13, 9340707
24.24, 9026994
24.36, 8684765
24.47, 8376877
24.59, 8081835
24.70, 7811428
24.82, 7546033
24.93, 7278669
25.03, 7030971
25.12, 6791459
25.23, 6570507
25.34, 6337664
25.44, 6107347
25.55, 5888224
25.66, 5673583
25.76, 5455413
25.85, 5240277
25.96, 5042757
26.07, 4851010
26.19, 4666300
26.30, 4487854
26.41, 4318912
26.52, 4112915
26.67, 3908389
26.81, 3766849
26.92, 3625574
27.02, 3461987
27.11, 3324902
27.22, 3219981
27.34, 3098177
27.44, 2995294
27.57, 2884027
27.67, 2782636
27.78, 2684194
27.88, 2599573
27.97, 2508851
28.06, 2439792
28.15, 2383343
28.24, 2319417
28.34, 2264250
28.43, 2206439
28.54, 2157252
28.66, 2108174
28.75, 2060044
28.84, 2011898
28.93, 1966827
29.02, 1930005
29.11, 1896129
29.19, 1863226
29.28, 1835056
29.38, 1809497
29.46, 1784580
29.55, 1761185
29.64, 1738114
29.74, 1715356
29.83, 1692947
29.92, 1670773
30.00, 1648644
30.09, 1628015
30.18, 1609834
30.27, 1578090
30.35, 1560413
30.44, 1543590
30.53, 1526724
30.61, 1510490
30.71, 1495401
30.80, 1478110
30.89, 1464767
30.98, 1451696
31.06, 1439060
31.15, 1426549
31.24, 1414332
31.32, 1402543
31.41, 1391701
31.50, 1365179
31.58, 1356247
31.67, 1347512
31.76, 1339014
31.84, 1329633
31.95, 1321450
32.05, 1313346
32.15, 1306243
32.24, 1299072
32.32, 1292694
32.41, 1286618
32.50, 1280747
32.59, 1275629
32.68, 1270713
32.76, 1266175
32.85, 1262227
32.94, 1257686
33.03, 1254280
33.12, 1249185
33.21, 1246134
33.30, 1243158
33.39, 1240579
33.48, 1238153
33.57, 1235789
33.66, 1230427
33.75, 1228089
33.84, 1226123
33.93, 1224654
34.02, 1223395
34.12, 1222289
34.21, 1221210
34.31, 1220532
34.41, 1220058
34.49, 1219748
34.59, 1211372
34.69, 1209980
34.78, 1209770
34.87, 1209705
35.04, 9338858
35.14, 8992446
35.24, 8668589
35.33, 8349466
35.43, 8043310
35.53, 7744829
35.61, 7459823
35.71, 7179823
35.80, 6924614
35.90, 6676032
36.00, 6435437
36.10, 6196040
36.19, 5970671
36.28, 5755923
36.36, 5557190
36.45, 5361364
36.55, 5170286
36.65, 4984512
36.75, 4822270
36.84, 4663589
36.92, 4505826
37.02, 4356313
37.11, 4214671
37.20, 4073899
37.29, 3935648
37.38, 3795978
37.47, 3666019
37.55, 3545175
37.64, 3427476
37.72, 3313401
37.81, 3203006
37.90, 3097584
37.99, 3004063
38.09, 2920383
38.18, 2839473
38.27, 2761797
38.36, 2687340
38.46, 2617418
38.55, 2544796
38.65, 2489020
38.73, 2425006
38.82, 2370184
38.91, 2316261
39.00, 2258088
39.09, 2207904
39.18, 2158117
39.27, 2105801
39.35, 2062498
39.44, 2021200
39.52, 1981343
39.61, 1943382
39.69, 1899616
39.78, 1864839
39.88, 1832566
39.98, 1803903
40.07, 1777394
40.15, 1753359
40.24, 1730408
40.32, 1707910
40.41, 1686498
40.50, 1665605
40.58, 1644825
40.67, 1627494
40.78, 1610289
40.89, 1593284
40.98, 1576266
41.17, 1559653
41.30, 1543531
41.41, 1527878
41.51, 1514028
41.64, 1500397
41.77, 1471829
41.89, 1456583
41.99, 1443258
42.08, 1429953
42.18, 1419185
42.27, 1408482
42.36, 1400081
42.45, 1392240
42.53, 1384241
42.62, 1377399
42.70, 1370641
42.79, 1363400
42.88, 1357022
42.97, 1350713
43.05, 1344884
43.16, 1339173
43.27, 1334202
43.38, 1330047
43.48, 1326058
43.59, 1322280
43.70, 1319122
43.80, 1316014
43.90, 1313123
44.00, 1310616
44.11, 1308161
44.34, 1305732
44.50, 1303401
44.62, 1296767
44.72, 1294801
44.82, 1292934
44.90, 1291015
44.99, 1289325
45.08, 1287655
45.18, 1264969
45.28, 1263410
45.37, 1262183
45.45, 1260962
45.55, 1259784
45.66, 1258718
45.75, 1258045
45.83, 1257649
45.93, 1257288
46.02, 1255599
46.13, 1253225
46.23, 1252195
46.33, 1251990
46.43, 1251814
46.56, 1251672
