0.00, 9757232
0.00, 9721277
0.00, 9709834
0.00, 9709187
0.00, 9636635
0.00, 9571653
0.00, 9436008
0.00, 9401828
0.00, 9378743
0.00, 9163697
0.02, 9129088
0.02, 9039970
0.02, 8986755
0.09, 8978895
0.09, 8947060
0.09, 8918015
0.09, 8896449
0.09, 8689328
0.09, 8546071
0.15, 8492645
0.15, 8479617
0.15, 8455934
0.15, 8428539
0.20, 8348554
0.20, 8255853
0.25, 8238509
0.25, 8197887
0.25, 8172799
0.25, 8163321
0.25, 8159661
0.25, 8152553
0.25, 8034902
0.25, 8029420
0.25, 8025859
0.25, 7910276
0.25, 7883545
0.25, 7883038
0.25, 7821133
0.25, 7809630
0.25, 7702110
0.27, 7664071
0.27, 7663396
0.27, 7654219
0.27, 7612412
0.27, 7364054
0.27, 7357547
0.27, 7326199
0.27, 7286388
0.27, 7278401
0.27, 7147761
0.27, 7145176
0.27, 7145097
0.27, 7129596
0.27, 7128384
0.28, 7118254
0.28, 7095342
0.28, 6987066
0.28, 6963501
0.28, 6934186
0.28, 6904396
0.28, 6841585
0.28, 6614198
0.28, 6613980
0.30, 6605722
0.30, 6585539
0.30, 6552469
0.30, 6506878
0.30, 6462734
0.30, 6458841
0.30, 6381409
0.30, 6303233
0.30, 6270868
0.30, 6261780
0.30, 6237716
0.30, 6226974
0.30, 6220109
0.30, 6208786
0.30, 6163639
0.30, 6133710
0.30, 6088368
0.30, 6088217
0.30, 6085232
0.30, 6037828
0.30, 5983754
0.30, 5939590
0.30, 5804748
0.30, 5729592
0.30, 5709271
0.30, 5708928
0.30, 5704484
0.30, 5703047
0.30, 5694608
0.30, 5652082
0.30, 5528281
0.30, 5527350
0.30, 5507579
0.30, 5494137
0.30, 5461145
0.30, 5459099
0.30, 5421520
0.30, 5397925
0.30, 5391298
0.30, 5389666
0.30, 5356847
0.31, 5333962
0.31, 5313438
0.31, 5311857
0.31, 5283469
0.31, 5243559
0.31, 5227523
0.31, 5199467
0.31, 5171773
0.31, 5059936
0.31, 5008464
0.31, 4991620
0.31, 4991257
0.31, 4986177
0.31, 4984522
0.31, 4798451
0.31, 4784734
0.31, 4763196
0.31, 4589909
0.31, 4588635
0.32, 4587970
0.32, 4574224
0.32, 4553847
0.32, 4512968
0.32, 4508699
0.32, 4484502
0.32, 4439259
0.32, 4431883
0.32, 4430777
0.32, 4416100
0.32, 4411782
0.32, 4298449
0.32, 4242686
0.32, 4234811
0.32, 4230022
0.32, 4091622
0.32, 4029468
0.32, 4028577
0.32, 4017255
0.32, 4007232
0.32, 4000982
0.32, 4000791
0.32, 3988471
0.32, 3987257
0.32, 3985376
0.32, 3974026
0.32, 3932186
0.32, 3929495
0.33, 3887047
0.33, 3885759
0.33, 3885618
0.33, 3883143
0.33, 3872660
0.33, 3848624
0.33, 3806256
0.33, 3792678
0.33, 3784363
0.33, 3763867
0.33, 3763358
0.33, 3748857
0.33, 3725553
0.33, 3709936
0.33, 3706499
0.33, 3706389
0.33, 3677663
0.33, 3677554
0.33, 3653480
0.33, 3651653
0.33, 3633433
0.33, 3631952
0.33, 3631164
0.33, 3630188
0.33, 3574033
0.33, 3570390
0.33, 3565975
0.33, 3564011
0.33, 3562522
0.33, 3534978
0.34, 3527620
0.34, 3392909
0.34, 3388343
0.34, 3288944
0.34, 3277649
0.34, 3255188
0.34, 3244791
0.34, 3232157
0.34, 3222309
0.34, 3217486
0.34, 3194660
0.34, 3140777
0.34, 3138747
0.34, 3130844
0.34, 3129198
0.34, 3127826
0.34, 3124392
0.34, 3114814
0.34, 3037746
0.34, 3034226
0.34, 3019045
0.34, 3012451
0.34, 3006865
0.34, 3003616
0.34, 2975159
0.35, 2955959
0.35, 2946532
0.35, 2943349
0.35, 2937037
0.35, 2915981
0.35, 2892502
0.35, 2887371
0.35, 2808393
0.35, 2807252
0.35, 2798827
0.35, 2798634
0.35, 2791075
0.35, 2785072
0.35, 2777968
0.36, 2753607
0.36, 2714307
0.36, 2713565
0.36, 2711126
0.36, 2710741
0.36, 2709119
0.36, 2636120
0.36, 2601159
0.36, 2598414
0.36, 2590657
0.36, 2583638
0.36, 2579338
0.36, 2559888
0.36, 2556988
0.36, 2555128
0.36, 2533743
0.36, 2533537
0.36, 2532995
0.36, 2532974
0.36, 2510446
0.36, 2499110
0.37, 2487362
0.37, 2486725
0.37, 2467421
0.37, 2463201
0.37, 2451304
0.37, 2450114
0.37, 2447808
0.37, 2443513
0.37, 2442303
0.37, 2442043
0.37, 2434470
0.37, 2391852
0.37, 2386316
0.37, 2359549
0.37, 2356244
0.37, 2339717
0.38, 2257500
0.38, 2256464
0.38, 2255685
0.38, 2242588
0.38, 2228661
0.38, 2215671
0.38, 2212383
0.38, 2173210
0.38, 2171411
0.39, 2160172
0.39, 2158607
0.39, 2112042
0.39, 2098947
0.39, 2094554
0.39, 2088343
0.39, 2058763
0.39, 2050347
0.39, 2045306
0.39, 2040960
0.39, 2006877
0.40, 2004283
0.40, 2003927
0.40, 2002615
0.40, 1998257
0.40, 1984700
0.40, 1983815
0.40, 1981701
0.40, 1980669
0.40, 1978724
0.40, 1975992
0.40, 1974439
0.40, 1972592
0.40, 1930840
0.40, 1894863
0.41, 1890380
0.41, 1888317
0.41, 1887303
0.41, 1886672
0.41, 1882272
0.41, 1880142
0.41, 1855924
0.41, 1854246
0.41, 1853023
0.41, 1852373
0.41, 1849946
0.41, 1848357
0.41, 1847706
0.42, 1825486
0.42, 1825407
0.42, 1823730
0.42, 1816776
0.42, 1816195
0.42, 1814222
0.42, 1810500
0.42, 1776953
0.42, 1770317
0.42, 1767272
0.42, 1767204
0.42, 1762029
0.43, 1761707
0.43, 1757147
0.43, 1756368
0.43, 1756108
0.43, 1754402
0.43, 1747006
0.43, 1746669
0.43, 1714135
0.43, 1713178
0.43, 1710801
0.43, 1710647
0.43, 1696976
0.44, 1689035
0.44, 1683091
0.44, 1676338
0.44, 1675813
0.44, 1674766
0.44, 1661149
0.44, 1659910
0.44, 1659136
0.44, 1650612
0.44, 1650493
0.44, 1650360
0.44, 1648844
0.44, 1648832
0.45, 1642093
0.45, 1641337
0.45, 1638600
0.45, 1624165
0.45, 1623381
0.45, 1621785
0.46, 1621471
0.46, 1619843
0.46, 1618972
0.46, 1602779
0.46, 1600141
0.46, 1599147
0.46, 1594689
0.46, 1592983
0.46, 1590709
0.46, 1585348
0.47, 1572269
0.47, 1568271
0.48, 1568083
0.49, 1567897
0.49, 1564460
0.49, 1564194
0.49, 1544734
0.49, 1543384
0.49, 1540015
0.49, 1539488
0.49, 1537757
0.49, 1533484
0.50, 1533009
0.50, 1532764
0.50, 1532688
0.50, 1531723
0.50, 1529922
0.50, 1528842
0.51, 1527695
0.51, 1527279
0.51, 1525905
0.51, 1518091
0.51, 1509753
0.51, 1507961
0.52, 1507857
0.52, 1500482
0.53, 1499297
0.53, 1498232
0.54, 1489215
0.54, 1489202
0.54, 1488430
0.54, 1487142
0.55, 1473008
0.56, 1472744
0.56, 1462424
0.56, 1449285
0.60, 1443805
0.64, 1440899
0.65, 1436586
0.66, 1434065
0.66, 1427009
0.67, 1415006
0.67, 1414158
0.67, 1406885
0.69, 1403697
0.72, 1402633
0.73, 1402564
0.73, 1402380
0.73, 1401700
0.77, 1400903
0.78, 1396392
1.07, 1392524
1.12, 1378489
4.25, 1356467
4.25, 1354735
4.34, 1352869
4.42, 1352271
4.42, 1350074
5.85, 1342092
5.86, 1327739
5.90, 1325190
5.92, 1323508
5.93, 1322825
5.94, 1321027
6.01, 1320952
6.02, 1318431
6.08, 1318390
6.08, 1318263
6.10, 1317365
6.11, 1315956
6.40, 1315613
6.43, 1315583
6.48, 1315177
6.53, 1314970
