0.00, 9983422
0.00, 9925842
0.00, 9878926
0.00, 9810837
0.00, 9793104
0.00, 9787414
0.00, 9784957
0.00, 9726000
0.01, 9716845
0.01, 9548838
0.01, 9534078
0.01, 9527709
0.01, 9479170
0.01, 9468886
0.01, 9435902
0.01, 9432733
0.01, 9390728
0.01, 9303553
0.01, 9249678
0.01, 9220262
0.02, 9211761
0.02, 9163987
0.02, 9160355
0.02, 9132839
0.02, 9132517
0.02, 9037510
0.02, 9035425
0.02, 8812108
0.02, 8778119
0.02, 8748300
0.02, 8742694
0.10, 8602819
0.10, 8529946
0.24, 8520132
0.24, 8435858
0.24, 8435029
0.24, 8393333
0.24, 8323587
0.24, 8267656
0.24, 8245493
0.24, 8223704
0.24, 8079422
0.24, 8014281
0.24, 8011097
0.24, 8010877
0.24, 7984894
0.24, 7980909
0.24, 7964643
0.24, 7754890
0.24, 7751966
0.24, 7663501
0.24, 7612757
0.24, 7612404
0.24, 7562025
0.24, 7434754
0.24, 7364763
0.27, 7152871
0.27, 7152516
0.27, 7145496
0.27, 7144336
0.27, 7133147
0.27, 7016555
0.27, 7016253
0.27, 6982590
0.27, 6954157
0.27, 6940166
0.27, 6921442
0.28, 6835009
0.28, 6832115
0.28, 6768419
0.28, 6728885
0.28, 6632715
0.28, 6623604
0.28, 6563391
0.28, 6541187
0.28, 6398058
0.28, 6349463
0.28, 6299519
0.28, 6287863
0.28, 6194019
0.28, 6193963
0.28, 6143110
0.28, 6111582
0.28, 6027792
0.28, 5988291
0.28, 5964229
0.29, 5950456
0.29, 5912482
0.29, 5894507
0.29, 5839084
0.29, 5839055
0.29, 5749622
0.29, 5748084
0.29, 5739739
0.29, 5737887
0.29, 5721681
0.30, 5646999
0.30, 5612764
0.30, 5566604
0.30, 5553197
0.30, 5451788
0.30, 5446032
0.30, 5424206
0.30, 5404369
0.30, 5356957
0.30, 5327678
0.30, 5267832
0.30, 5266433
0.30, 5118175
0.30, 5098675
0.30, 5095867
0.30, 5092972
0.30, 5074183
0.30, 5050433
0.30, 5041328
0.30, 5038774
0.30, 5037096
0.30, 5029967
0.30, 5027030
0.30, 5020044
0.30, 4975829
0.31, 4963466
0.31, 4946781
0.31, 4945875
0.31, 4854055
0.31, 4848842
0.31, 4828613
0.31, 4821824
0.31, 4770023
0.31, 4756565
0.31, 4752504
0.31, 4750187
0.31, 4743292
0.31, 4689062
0.31, 4663374
0.31, 4633395
0.31, 4602688
0.31, 4602169
0.31, 4588973
0.31, 4567647
0.31, 4567124
0.31, 4538523
0.31, 4535623
0.31, 4502154
0.31, 4436048
0.31, 4434722
0.31, 4415214
0.31, 4409280
0.31, 4378270
0.31, 4369809
0.31, 4315875
0.31, 4314639
0.31, 4286707
0.31, 4261347
0.31, 4260390
0.31, 4153794
0.31, 4131523
0.31, 4114604
0.31, 4107024
0.31, 4093878
0.32, 4089454
0.32, 3869757
0.32, 3860444
0.32, 3830409
0.32, 3818687
0.32, 3792121
0.32, 3790329
0.32, 3787588
0.32, 3740223
0.32, 3737676
0.32, 3710269
0.32, 3703279
0.32, 3645010
0.32, 3644943
0.32, 3642401
0.32, 3588957
0.32, 3571990
0.32, 3527680
0.32, 3515020
0.32, 3480852
0.32, 3480052
0.32, 3448072
0.32, 3429535
0.33, 3424649
0.33, 3410197
0.33, 3381056
0.33, 3380955
0.33, 3358979
0.33, 3335932
0.33, 3323625
0.33, 3314763
0.33, 3314670
0.33, 3284899
0.33, 3279459
0.33, 3268637
0.33, 3243755
0.33, 3213497
0.33, 3202843
0.33, 3175441
0.33, 3138727
0.33, 3129442
0.33, 3112821
0.33, 3109537
0.34, 3084403
0.34, 3084395
0.34, 3049443
0.34, 3040242
0.34, 3036975
0.34, 3031249
0.34, 3011148
0.34, 3010396
0.34, 2980380
0.34, 2963842
0.34, 2957713
0.34, 2956106
0.34, 2951192
0.35, 2937375
0.35, 2916573
0.35, 2916241
0.35, 2862769
0.35, 2847907
0.35, 2834519
0.35, 2821222
0.35, 2814146
0.35, 2811053
0.35, 2756477
0.35, 2756002
0.35, 2723055
0.35, 2709964
0.35, 2709955
0.35, 2707287
0.35, 2702813
0.35, 2698545
0.35, 2689558
0.35, 2683239
0.35, 2677919
0.35, 2676106
0.35, 2676020
0.35, 2670841
0.36, 2663329
0.36, 2652844
0.36, 2649875
0.36, 2646628
0.36, 2637381
0.36, 2630869
0.36, 2626375
0.36, 2622274
0.36, 2616162
0.36, 2612942
0.36, 2611785
0.36, 2571019
0.37, 2560888
0.37, 2555245
0.37, 2531604
0.37, 2529922
0.37, 2525539
0.37, 2518057
0.37, 2501129
0.37, 2499389
0.37, 2497925
0.37, 2448790
0.37, 2434464
0.37, 2420554
0.37, 2418419
0.37, 2405986
0.37, 2405081
0.37, 2404596
0.37, 2347019
0.38, 2340800
0.38, 2336517
0.38, 2332820
0.38, 2326744
0.38, 2326265
0.38, 2322435
0.38, 2320205
0.38, 2319701
0.38, 2307673
0.38, 2305173
0.38, 2298088
0.38, 2291756
0.38, 2282593
0.39, 2282524
0.39, 2281796
0.39, 2276924
0.39, 2274680
0.39, 2266679
0.39, 2263238
0.39, 2258865
0.39, 2253629
0.39, 2250909
0.39, 2250704
0.39, 2242595
0.39, 2241048
0.39, 2239842
0.39, 2231499
0.39, 2227646
0.39, 2227129
0.39, 2222205
0.40, 2205679
0.40, 2182221
0.40, 2173886
0.40, 2164646
0.40, 2164382
0.40, 2163288
0.40, 2150364
0.40, 2144526
0.40, 2142542
0.40, 2140409
0.40, 2135007
0.40, 2130590
0.40, 2125896
0.40, 2121748
0.40, 2112430
0.40, 2107637
0.40, 2106868
0.40, 2099037
0.40, 2082637
0.40, 2079597
0.41, 2065842
0.41, 2065358
0.41, 2064328
0.41, 2064214
0.41, 2048317
0.41, 2042093
0.41, 2038360
0.41, 2037978
0.41, 2036449
0.42, 2035140
0.42, 2033627
0.42, 2025049
0.42, 2022190
0.42, 2016954
0.42, 2016128
0.42, 1946612
0.42, 1916635
0.42, 1882500
0.42, 1878622
0.42, 1865829
0.43, 1862732
0.43, 1825896
0.43, 1823154
0.43, 1820351
0.43, 1816365
0.43, 1811457
0.43, 1811329
0.43, 1810748
0.43, 1802728
0.44, 1802244
0.44, 1763459
0.44, 1744506
0.44, 1743433
0.44, 1739253
0.45, 1738317
0.45, 1737501
0.45, 1735265
0.45, 1734654
0.45, 1696852
0.45, 1692737
0.46, 1691501
0.46, 1690560
0.46, 1688661
0.46, 1688577
0.47, 1686602
0.47, 1684325
0.47, 1677728
0.47, 1677503
0.47, 1677160
0.47, 1675928
0.48, 1675433
0.48, 1673556
0.48, 1660417
0.48, 1657613
0.48, 1656263
0.49, 1651901
0.49, 1643537
0.49, 1642398
0.49, 1641629
0.49, 1640747
0.50, 1638628
0.51, 1638189
0.51, 1638116
0.51, 1635189
0.52, 1634846
0.52, 1634658
0.53, 1634458
0.53, 1633433
0.53, 1623362
0.53, 1620285
0.53, 1620047
0.54, 1619976
0.55, 1619642
0.55, 1601154
0.55, 1599425
0.56, 1595940
0.57, 1563188
0.57, 1548042
0.57, 1546877
0.57, 1536974
0.58, 1536948
0.59, 1536828
0.60, 1531032
0.61, 1530555
0.61, 1530372
0.61, 1522668
0.63, 1515660
0.64, 1514036
0.65, 1496012
0.65, 1494579
0.66, 1493261
0.66, 1491535
0.67, 1490764
0.68, 1490330
0.71, 1489218
0.72, 1486133
0.72, 1486125
0.74, 1467158
0.75, 1466810
0.76, 1462058
0.76, 1461912
0.79, 1461659
0.80, 1461485
0.80, 1459802
0.83, 1459250
0.85, 1456484
0.86, 1453975
0.86, 1453971
0.87, 1452704
0.88, 1452702
0.88, 1451264
0.89, 1448544
0.91, 1447923
0.95, 1447551
0.96, 1447520
0.97, 1447517
1.04, 1447513
1.12, 1447386
1.13, 1445654
1.29, 1444000
2.12, 1415023
2.12, 1414548
2.12, 1411729
2.12, 1411375
2.12, 1408339
2.12, 1401488
2.12, 1397833
2.13, 1397720
2.13, 1396455
2.14, 1395758
2.15, 1395747
2.18, 1394834
2.19, 1394721
2.19, 1392200
2.19, 1391727
2.19, 1369603
2.20, 1363988
2.22, 1358797
2.23, 1358777
2.23, 1354025
2.25, 1350396
2.26, 1348802
2.27, 1348273
2.27, 1346186
2.27, 1345912
2.28, 1344679
2.29, 1304903
2.34, 1304773
2.38, 1303980
2.43, 1302472
2.44, 1300577
2.44, 1296636
2.49, 1295374
2.52, 1292467
2.60, 1291492
