0.11, 10405899
0.23, 10054441
0.34, 9705235
0.44, 9374097
0.54, 9067554
0.66, 8762583
0.77, 8464725
0.89, 8161849
1.01, 7885238
1.12, 7601240
1.23, 7332931
1.34, 7076443
1.44, 6820579
1.54, 6574179
1.64, 6336158
1.74, 6098356
1.85, 5872256
1.97, 5650794
2.08, 5446649
2.18, 5244607
2.27, 5048332
2.37, 4863431
2.48, 4679168
2.58, 4494806
2.69, 4324313
2.79, 4158919
2.89, 4007598
2.98, 3855555
3.08, 3709403
3.17, 3585195
3.29, 3468690
3.47, 3352998
3.60, 3237664
3.72, 3127821
3.82, 3029436
3.92, 2934958
4.02, 2845016
4.14, 2755996
4.25, 2671669
4.36, 2587527
4.47, 2515326
4.57, 2432414
4.68, 2359012
4.78, 2297806
4.88, 2216209
4.98, 2163740
5.07, 2119046
5.18, 2071281
5.28, 2031748
5.37, 1992312
5.47, 1926637
5.57, 1887206
5.68, 1849728
5.79, 1809952
5.90, 1774273
6.01, 1739255
6.11, 1706724
6.22, 1675517
6.32, 1646413
6.41, 1618358
6.52, 1594427
6.62, 1573274
6.72, 1552845
6.83, 1534432
6.92, 1516320
7.03, 1498265
7.13, 1480469
7.23, 1462696
7.34, 1445396
7.44, 1427637
7.54, 1411041
7.64, 1396003
7.73, 1383018
7.84, 1370648
7.94, 1359828
8.04, 1351037
8.14, 1342432
8.24, 1334228
8.33, 1324999
8.42, 1317242
8.50, 1307928
8.59, 1292243
8.69, 1284582
8.79, 1277420
8.88, 1271549
8.97, 1266024
9.07, 1261557
9.17, 1257225
9.26, 1253188
9.35, 1249288
9.46, 1245769
9.54, 1242923
9.64, 1240240
9.73, 1238274
9.82, 1236627
9.92, 1234984
10.02, 1233250
10.12, 1228599
10.22, 1226972
10.31, 1225845
10.41, 1224302
10.50, 1223196
10.59, 1222240
10.67, 1221499
10.77, 1220771
10.87, 1220135
10.96, 1219528
11.05, 1214429
11.16, 1213830
11.27, 1213278
11.37, 1212882
11.48, 1212511
11.59, 1212104
11.69, 1211766
11.80, 1211556
12.00, 9788295
12.10, 9449677
12.21, 9126075
12.31, 8791554
12.41, 8453439
12.51, 8150027
12.61, 7804943
12.71, 7487183
12.82, 7186363
12.93, 6897328
13.05, 6650009
13.16, 6401970
13.26, 6165433
13.36, 5930488
13.47, 5715190
13.58, 5516215
13.70, 5325757
13.81, 5145434
13.92, 4974586
14.04, 4800306
14.15, 4636720
14.27, 4477126
14.39, 4321937
14.49, 4157134
14.58, 3995611
14.67, 3871584
14.76, 3723392
14.85, 3601932
14.94, 3462912
15.03, 3337322
15.11, 3200230
15.20, 3100829
15.29, 3001406
15.37, 2908145
15.46, 2819492
15.55, 2731539
15.63, 2654823
15.73, 2579923
15.81, 2500596
15.90, 2423274
15.99, 2353007
16.07, 2288831
16.16, 2229419
16.24, 2176710
16.33, 2128449
16.42, 2085563
16.51, 2044297
16.60, 2004626
16.69, 1949097
16.79, 1909939
16.90, 1873180
17.00, 1820436
17.10, 1784039
17.19, 1751010
17.29, 1718727
17.40, 1688495
17.50, 1666153
17.61, 1643659
17.70, 1622232
17.80, 1601584
17.89, 1582386
17.97, 1564137
18.06, 1546283
18.14, 1528779
18.23, 1509528
18.33, 1492237
18.43, 1475453
18.52, 1459547
18.61, 1443839
18.71, 1428923
18.81, 1416882
18.90, 1405837
18.98, 1395241
19.09, 1385506
19.18, 1375958
19.26, 1367171
19.36, 1359304
19.45, 1351605
19.54, 1345295
19.63, 1339080
19.72, 1333139
19.81, 1327754
19.91, 1324145
20.00, 1320626
20.11, 1317416
20.22, 1314895
20.33, 1312421
20.43, 1310087
20.52, 1307945
20.61, 1305394
20.70, 1303413
20.78, 1301704
20.87, 1300563
20.97, 1276091
21.07, 1265249
21.16, 1253352
21.25, 1240366
21.35, 1239321
21.45, 1238296
21.54, 1237401
21.64, 1236371
21.74, 1235630
21.83, 1234853
21.92, 1234183
22.01, 1232651
22.11, 1232170
22.21, 1231827
22.31, 1231496
22.41, 1231279
22.50, 1231103
22.60, 1231052
22.80, 9445178
22.89, 9127088
22.98, 8821198
23.09, 8526301
23.18, 8235544
23.27, 7945091
23.37, 7656977
23.47, 7393961
23.55, 7134893
23.65, 6888367
23.77, 6652914
23.87, 6418849
23.98, 6188705
24.08, 5961612
24.17, 5735665
24.27, 5542172
24.36, 5383033
24.46, 5189055
24.54, 5022317
24.63, 4868729
24.73, 4721542
24.82, 4565729
24.92, 4410941
25.02, 4267143
25.11, 4130827
25.19, 4002541
25.28, 3881128
25.38, 3759956
25.48, 3639560
25.56, 3535093
25.64, 3421566
25.73, 3320687
25.82, 3230296
25.91, 3140543
26.00, 3044190
26.10, 2955966
26.18, 2868221
26.27, 2782466
26.35, 2702591
26.44, 2624203
26.53, 2554547
26.63, 2485300
26.72, 2418287
26.80, 2354651
26.89, 2291472
26.98, 2232283
27.08, 2175845
27.18, 2119494
27.27, 2070549
27.37, 2026424
27.47, 1988803
27.57, 1959158
27.66, 1929590
27.77, 1900900
27.87, 1872336
27.98, 1845505
28.08, 1819308
28.17, 1794563
28.26, 1770025
28.35, 1749970
28.45, 1730226
28.54, 1713004
28.62, 1697135
28.70, 1649616
28.79, 1623094
28.87, 1579814
28.96, 1562609
29.04, 1549990
29.15, 1536294
29.25, 1524478
29.33, 1507656
29.42, 1494591
29.52, 1468060
29.61, 1447191
29.70, 1430179
29.79, 1419397
29.88, 1408808
29.98, 1398546
30.07, 1388886
30.16, 1379798
30.25, 1370955
30.34, 1362187
30.44, 1353906
30.52, 1346371
30.61, 1339628
30.70, 1332940
30.78, 1322973
30.87, 1316304
30.95, 1311044
31.04, 1306239
31.12, 1301507
31.21, 1296963
31.29, 1293000
31.38, 1290754
31.47, 1289127
31.55, 1287587
31.65, 1286216
31.75, 1284995
31.84, 1283784
31.93, 1282958
32.01, 1282406
32.12, 1281934
32.22, 1281512
32.31, 1281116
32.40, 1280829
32.48, 1279270
32.58, 1278732
32.68, 1276758
32.77, 1276221
32.86, 1275986
32.94, 1275779
33.02, 1275574
33.11, 1275432
33.29, 8853852
33.39, 8479325
33.50, 8120304
33.60, 7806358
33.71, 7506077
33.81, 7201957
33.91, 6937426
33.99, 6691168
34.08, 6456988
34.18, 6223918
34.28, 5995420
34.38, 5777525
34.48, 5565224
34.58, 5381248
34.68, 5191896
34.79, 5011142
34.89, 4846927
34.99, 4691054
35.09, 4541076
35.18, 4392794
35.26, 4252552
35.35, 4119521
35.44, 3974291
35.53, 3830547
35.61, 3701159
35.71, 3580153
35.79, 3467246
35.88, 3360739
35.96, 3261086
36.05, 3179281
36.13, 3098117
36.21, 3019940
36.31, 2937752
36.41, 2862847
36.52, 2790713
36.62, 2719597
36.73, 2652101
36.83, 2594235
36.94, 2536634
37.02, 2479666
37.13, 2424410
37.23, 2357562
37.33, 2302460
37.43, 2251409
37.52, 2201056
37.61, 2144804
37.71, 2098184
37.81, 2050870
37.92, 2004455
38.03, 1963194
38.15, 1923986
38.25, 1889941
38.35, 1860466
38.45, 1832427
38.56, 1798155
38.66, 1770205
38.76, 1740445
38.85, 1714313
38.93, 1692932
39.01, 1672666
39.10, 1652715
39.19, 1634047
39.27, 1617214
39.36, 1602512
39.44, 1588830
39.53, 1575672
39.62, 1563400
39.71, 1552100
39.82, 1542893
39.92, 1529508
40.01, 1520481
40.12, 1511763
40.23, 1503156
40.34, 1495394
40.45, 1457022
40.56, 1436344
40.65, 1421089
40.76, 1413662
40.85, 1405065
41.01, 1397978
41.16, 1391628
41.27, 1384787
41.35, 1378622
41.45, 1373392
41.55, 1360407
41.65, 1355965
41.75, 1351989
41.85, 1340092
41.95, 1329272
42.05, 1321550
42.15, 1315149
42.25, 1311435
42.36, 1307744
42.46, 1303771
42.57, 1300168
42.67, 1297107
42.77, 1294317
42.87, 1292082
42.98, 1290116
43.09, 1288516
43.19, 1287338
43.30, 1285684
43.41, 1284506
43.51, 1283374
43.62, 1282298
43.72, 1281251
43.81, 1280294
43.92, 1279409
44.01, 1278574
44.11, 1277956
44.21, 1269355
44.32, 1268857
44.43, 1268514
44.54, 1268410
44.64, 1267795
44.74, 1267159
44.85, 1267094
44.94, 1267043
