0.00, 11005491
0.00, 10960982
0.00, 10935905
0.00, 10924521
0.00, 10714915
0.00, 10702375
0.00, 10630477
0.00, 10398199
0.00, 10192151
0.00, 10065602
0.00, 10043407
0.00, 9835241
0.00, 9727570
0.00, 9726851
0.00, 9615999
0.01, 9594810
0.01, 9589683
0.01, 9484361
0.01, 9473534
0.01, 9453145
0.01, 9321095
0.07, 9211340
0.07, 9158298
0.15, 9040073
0.15, 8961968
0.16, 8947577
0.16, 8915365
0.16, 8894142
0.16, 8886334
0.16, 8851511
0.17, 8834366
0.17, 8832265
0.17, 8814985
0.19, 8800346
0.19, 8778829
0.19, 8763641
0.19, 8720887
0.19, 8712863
0.20, 8674400
0.20, 8630276
0.20, 8532543
0.20, 8527432
0.22, 8451852
0.22, 8446152
0.22, 8444038
0.22, 8309235
0.22, 8216109
0.22, 8048899
0.22, 7992515
0.26, 7979517
0.26, 7965398
0.26, 7787074
0.26, 7567151
0.26, 7458805
0.26, 7404459
0.26, 7361099
0.26, 7264707
0.26, 7232097
0.26, 7111770
0.26, 7005712
0.27, 6998349
0.27, 6994003
0.27, 6960389
0.27, 6956481
0.27, 6954116
0.27, 6870314
0.27, 6858229
0.27, 6784461
0.27, 6682221
0.27, 6486662
0.27, 6456523
0.28, 6448725
0.28, 6311320
0.28, 6308713
0.28, 6244160
0.28, 6239136
0.28, 6225988
0.28, 6158414
0.28, 6157815
0.28, 6153463
0.28, 6123760
0.28, 6118197
0.28, 6094953
0.28, 6068017
0.28, 6039621
0.28, 6020465
0.28, 5994493
0.28, 5922714
0.28, 5912706
0.28, 5893716
0.28, 5893587
0.29, 5876974
0.29, 5845373
0.29, 5796806
0.29, 5793922
0.29, 5762959
0.29, 5745959
0.30, 5586604
0.30, 5585876
0.30, 5557341
0.30, 5528832
0.30, 5465459
0.30, 5425885
0.30, 5393909
0.30, 5303398
0.30, 5301505
0.30, 5294199
0.30, 5252135
0.30, 5233422
0.30, 5233363
0.31, 5201625
0.31, 5192528
0.31, 5170031
0.31, 5145528
0.31, 5091501
0.31, 5084810
0.31, 5082659
0.31, 5059256
0.31, 5001309
0.31, 4865164
0.31, 4861497
0.31, 4767406
0.31, 4737482
0.31, 4661012
0.31, 4573841
0.31, 4537653
0.31, 4474367
0.31, 4468832
0.31, 4458282
0.31, 4452450
0.31, 4450983
0.31, 4406150
0.31, 4398747
0.32, 4393365
0.32, 4391179
0.32, 4383721
0.32, 4347720
0.32, 4323888
0.32, 4220199
0.32, 4203362
0.32, 4173698
0.32, 4172711
0.32, 4156817
0.32, 4148513
0.32, 4123918
0.32, 4118973
0.32, 3959996
0.32, 3902759
0.32, 3900957
0.32, 3895872
0.32, 3858175
0.32, 3722019
0.33, 3716958
0.33, 3698493
0.33, 3693286
0.33, 3670821
0.33, 3629345
0.33, 3628848
0.33, 3563150
0.33, 3558041
0.33, 3557182
0.33, 3557169
0.33, 3480183
0.33, 3472041
0.33, 3436630
0.33, 3414431
0.34, 3413625
0.34, 3410718
0.34, 3410693
0.34, 3410520
0.34, 3305731
0.34, 3272379
0.34, 3264640
0.34, 3239670
0.34, 3239597
0.34, 3225638
0.34, 3220135
0.34, 3215072
0.34, 3190155
0.34, 3189756
0.34, 3183207
0.34, 3174862
0.34, 3166892
0.34, 3152567
0.34, 3148820
0.34, 3147541
0.34, 3137522
0.34, 3127414
0.34, 3053766
0.35, 3033558
0.35, 3021781
0.35, 3006755
0.35, 2982492
0.35, 2972593
0.35, 2972429
0.35, 2971278
0.35, 2968266
0.35, 2950746
0.35, 2949918
0.36, 2908901
0.36, 2908510
0.36, 2894592
0.36, 2853519
0.36, 2852887
0.36, 2851057
0.36, 2759782
0.36, 2749294
0.36, 2742293
0.36, 2734524
0.36, 2725291
0.36, 2724482
0.36, 2702756
0.36, 2688462
0.36, 2649468
0.37, 2641534
0.37, 2626904
0.37, 2585523
0.37, 2581614
0.37, 2555409
0.37, 2554760
0.37, 2551898
0.37, 2541278
0.37, 2538594
0.37, 2536275
0.37, 2535464
0.37, 2532512
0.37, 2531441
0.37, 2522110
0.37, 2490887
0.38, 2486296
0.38, 2481841
0.38, 2480745
0.38, 2436821
0.38, 2405159
0.38, 2366426
0.38, 2351211
0.38, 2347474
0.38, 2343957
0.38, 2341112
0.38, 2339530
0.38, 2333846
0.38, 2332608
0.38, 2326094
0.38, 2322258
0.38, 2321151
0.38, 2317806
0.38, 2313513
0.38, 2307121
0.38, 2305119
0.38, 2302105
0.38, 2302029
0.38, 2300527
0.38, 2296655
0.38, 2296011
0.38, 2287915
0.38, 2280055
0.38, 2279743
0.39, 2275042
0.39, 2274537
0.39, 2272839
0.39, 2270882
0.39, 2270234
0.39, 2269985
0.39, 2263389
0.39, 2262090
0.39, 2213161
0.39, 2212048
0.39, 2211820
0.39, 2209856
0.39, 2204472
0.39, 2201255
0.39, 2194633
0.39, 2193063
0.39, 2179740
0.39, 2167776
0.39, 2158244
0.40, 2155800
0.40, 2153986
0.40, 2141931
0.40, 2122451
0.40, 2112590
0.40, 2094257
0.41, 2086426
0.41, 2080903
0.41, 2080817
0.41, 2076017
0.41, 2070660
0.41, 2069755
0.41, 2051577
0.41, 2039965
0.41, 2039740
0.41, 2038949
0.42, 2036181
0.42, 2012445
0.42, 2004710
0.42, 2003998
0.42, 1997212
0.42, 1995574
0.42, 1995019
0.42, 1994006
0.42, 1988557
0.42, 1988081
0.42, 1987142
0.42, 1985517
0.43, 1972029
0.43, 1965402
0.43, 1963168
0.43, 1962059
0.43, 1960397
0.43, 1956270
0.43, 1946292
0.43, 1945734
0.43, 1945150
0.44, 1927692
0.44, 1925342
0.44, 1922800
0.44, 1922261
0.44, 1911272
0.44, 1904445
0.44, 1903907
0.44, 1900476
0.44, 1900306
0.44, 1898049
0.44, 1896299
0.45, 1895804
0.45, 1890367
0.45, 1877372
0.45, 1862276
0.45, 1852134
0.45, 1852007
0.45, 1849996
0.45, 1849453
0.45, 1844151
0.45, 1843841
0.45, 1842768
0.45, 1842681
0.45, 1841643
0.45, 1840864
0.46, 1825233
0.46, 1823974
0.46, 1823445
0.46, 1784142
0.46, 1783733
0.46, 1783321
0.46, 1777013
0.47, 1776354
0.47, 1753095
0.47, 1719528
0.47, 1718473
0.47, 1718390
0.47, 1711738
0.48, 1709377
0.48, 1708901
0.48, 1697714
0.48, 1694123
0.48, 1694020
0.49, 1693522
0.49, 1690582
0.49, 1689530
0.49, 1688651
0.49, 1678669
0.49, 1664007
0.49, 1659433
0.49, 1655683
0.49, 1652333
0.49, 1650152
0.49, 1649015
0.49, 1646720
0.49, 1621093
0.49, 1614725
0.50, 1613597
0.50, 1613466
0.50, 1613384
0.50, 1612413
0.50, 1611999
0.50, 1611629
0.50, 1611041
0.50, 1591591
0.51, 1586240
0.52, 1528404
0.52, 1518372
0.53, 1515325
0.53, 1504532
0.54, 1504494
0.54, 1504196
0.54, 1504043
0.54, 1503916
0.54, 1503051
0.55, 1493030
0.55, 1493001
0.56, 1492908
0.57, 1445392
0.58, 1445238
0.58, 1445231
0.58, 1441841
0.58, 1441487
0.59, 1440607
0.61, 1440370
0.61, 1440315
0.62, 1439021
0.65, 1437033
0.65, 1424087
0.65, 1422483
0.66, 1414442
0.66, 1413897
0.67, 1410089
0.67, 1409856
0.68, 1408772
0.68, 1405398
0.68, 1399763
0.68, 1399358
0.69, 1398963
0.72, 1396199
0.72, 1394876
0.73, 1392543
0.73, 1382452
0.73, 1380599
0.74, 1379752
0.74, 1378542
0.75, 1377733
0.76, 1377600
0.79, 1377195
0.80, 1377066
0.81, 1374052
0.82, 1368339
0.83, 1368192
0.84, 1366648
0.87, 1365554
0.89, 1360567
0.92, 1358262
6.84, 1335405
