0.00, 10681706
0.00, 10634830
0.00, 10618509
0.00, 10518948
0.00, 10508389
0.00, 10489872
0.00, 10460365
0.00, 10410412
0.00, 10272841
0.00, 10252121
0.00, 10219614
0.00, 10215800
0.00, 10210169
0.00, 10208173
0.00, 10172594
0.01, 10141903
0.01, 10110714
0.01, 9993308
0.01, 9964668
0.01, 9893511
0.01, 9866509
0.01, 9816212
0.01, 9710392
0.01, 9406379
0.02, 9319619
0.02, 9301997
0.02, 9194443
0.02, 9074698
0.02, 9073709
0.02, 9069604
0.02, 9046177
0.02, 8833502
0.02, 8683924
0.09, 8646480
0.09, 8596110
0.24, 8594602
0.24, 8588497
0.24, 8546181
0.24, 8532264
0.24, 8519987
0.25, 8387160
0.25, 8380954
0.26, 8220819
0.26, 8215719
0.28, 8208055
0.28, 8154688
0.31, 8149571
0.31, 8121655
0.31, 8119919
0.31, 8119032
0.31, 8091626
0.31, 8088570
0.31, 8062864
0.32, 8026160
0.32, 7967321
0.32, 7955878
0.33, 7852409
0.33, 7841358
0.33, 7836888
0.33, 7835187
0.33, 7833561
0.33, 7833059
0.33, 7805746
0.33, 7716352
0.33, 7709450
0.33, 7668844
0.33, 7580616
0.33, 7525427
0.33, 7484233
0.33, 7450964
0.33, 7426744
0.33, 7346970
0.33, 7276300
0.33, 7159996
0.33, 7083540
0.33, 7043020
0.33, 7025404
0.33, 7014469
0.34, 7009616
0.34, 6991544
0.35, 6984257
0.35, 6903565
0.35, 6814105
0.35, 6763368
0.35, 6738983
0.35, 6738867
0.35, 6728610
0.35, 6721186
0.35, 6718595
0.35, 6709206
0.35, 6703602
0.35, 6672144
0.35, 6612065
0.35, 6607113
0.35, 6589258
0.35, 6490365
0.35, 6476711
0.35, 6471277
0.35, 6464769
0.35, 6424892
0.35, 6420665
0.35, 6407046
0.35, 6406843
0.35, 6282326
0.35, 6277083
0.35, 6261417
0.35, 6240451
0.36, 6226269
0.36, 6166982
0.36, 6119242
0.36, 5923202
0.36, 5790237
0.36, 5716859
0.36, 5708887
0.36, 5706807
0.36, 5623797
0.36, 5580947
0.36, 5559347
0.36, 5516819
0.36, 5409787
0.36, 5360730
0.36, 5344481
0.36, 5341565
0.36, 5306783
0.36, 5303816
0.36, 5300990
0.37, 5271607
0.37, 5263773
0.37, 5250081
0.37, 5186524
0.37, 5178529
0.37, 5156747
0.37, 5155491
0.37, 5109887
0.37, 5046675
0.37, 4969934
0.37, 4935653
0.37, 4916886
0.37, 4913491
0.38, 4912707
0.38, 4847811
0.38, 4757227
0.38, 4739939
0.38, 4726526
0.38, 4646358
0.38, 4476068
0.38, 4475498
0.38, 4393025
0.38, 4364595
0.38, 4359864
0.38, 4308097
0.38, 4294666
0.38, 4290679
0.38, 4233968
0.38, 4220555
0.38, 4210726
0.39, 4198614
0.39, 4149383
0.39, 4143583
0.39, 4097988
0.39, 4097502
0.39, 4093786
0.39, 4063635
0.39, 4061686
0.39, 4010668
0.39, 3963144
0.39, 3925311
0.39, 3908462
0.39, 3883006
0.39, 3867416
0.39, 3863132
0.39, 3852026
0.39, 3851878
0.39, 3845412
0.39, 3810911
0.39, 3810588
0.39, 3773316
0.39, 3705235
0.39, 3640847
0.39, 3631578
0.39, 3568721
0.39, 3562606
0.39, 3506396
0.39, 3453863
0.39, 3452833
0.39, 3445814
0.39, 3434054
0.40, 3430499
0.40, 3415950
0.40, 3415165
0.40, 3377925
0.40, 3337367
0.40, 3317029
0.40, 3273962
0.40, 3241169
0.40, 3228748
0.40, 3225101
0.41, 3224147
0.41, 3217997
0.41, 3212101
0.41, 3212093
0.41, 3209569
0.41, 3207104
0.41, 3205391
0.41, 3112093
0.41, 3104593
0.41, 3104049
0.42, 3096459
0.42, 3069636
0.42, 3067961
0.42, 3065738
0.42, 3063334
0.42, 3061382
0.42, 3055322
0.42, 3051514
0.42, 3046189
0.42, 3041658
0.42, 2985785
0.42, 2983666
0.42, 2974629
0.42, 2883333
0.42, 2872588
0.42, 2871741
0.42, 2870648
0.42, 2849464
0.43, 2845859
0.43, 2844457
0.43, 2825491
0.43, 2821081
0.43, 2816687
0.43, 2815218
0.43, 2811294
0.43, 2809946
0.43, 2788100
0.43, 2762644
0.43, 2760354
0.43, 2752868
0.43, 2752506
0.43, 2747706
0.43, 2743830
0.43, 2737628
0.43, 2732927
0.43, 2730433
0.43, 2720741
0.43, 2719867
0.43, 2697078
0.43, 2681707
0.44, 2641740
0.44, 2638187
0.44, 2633013
0.44, 2630503
0.44, 2628400
0.44, 2625998
0.44, 2622526
0.44, 2620867
0.45, 2617560
0.45, 2613725
0.45, 2612174
0.45, 2603355
0.45, 2602338
0.45, 2584102
0.45, 2574298
0.45, 2544997
0.45, 2541698
0.46, 2539184
0.46, 2538548
0.46, 2534859
0.46, 2532396
0.46, 2511303
0.46, 2509478
0.46, 2457043
0.46, 2456833
0.47, 2443153
0.47, 2437072
0.47, 2416814
0.47, 2384060
0.47, 2363159
0.47, 2356464
0.47, 2353909
0.47, 2353753
0.47, 2351727
0.47, 2335375
0.47, 2333202
0.47, 2326722
0.47, 2314542
0.47, 2312380
0.47, 2310847
0.47, 2307902
0.48, 2293432
0.48, 2289564
0.48, 2289457
0.48, 2288746
0.49, 2275863
0.49, 2243017
0.49, 2242990
0.49, 2242742
0.49, 2230217
0.49, 2203653
0.49, 2203004
0.49, 2202645
0.49, 2141864
0.49, 2133979
0.49, 2131680
0.49, 2130595
0.49, 2124568
0.49, 2123656
0.49, 2122686
0.49, 2122605
0.50, 2121449
0.50, 2117997
0.50, 2117592
0.50, 2115619
0.50, 2115597
0.50, 2111452
0.50, 2102794
0.50, 2100612
0.50, 2099477
0.51, 2097960
0.51, 2097282
0.51, 2089919
0.51, 2082597
0.51, 2081645
0.51, 2081035
0.51, 2080412
0.51, 2061491
0.51, 2061457
0.51, 2060954
0.51, 2060204
0.51, 2055724
0.51, 2050855
0.51, 2044121
0.52, 2037933
0.52, 2032069
0.52, 2020772
0.52, 2019886
0.52, 2019180
0.52, 2015395
0.52, 2014181
0.52, 2005564
0.52, 2004854
0.52, 1998774
0.52, 1966048
0.53, 1963872
0.53, 1962018
0.53, 1961188
0.53, 1954965
0.53, 1886847
0.53, 1877202
0.53, 1826122
0.53, 1825028
0.53, 1824812
0.53, 1818726
0.54, 1818377
0.54, 1817891
0.54, 1808630
0.54, 1806876
0.54, 1806821
0.55, 1806405
0.55, 1805604
0.55, 1792862
0.55, 1790814
0.55, 1790262
0.55, 1786347
0.55, 1780842
0.55, 1780350
0.55, 1779139
0.55, 1750450
0.55, 1744911
0.56, 1744868
0.56, 1733232
0.56, 1726285
0.56, 1724625
0.56, 1720477
0.56, 1720214
0.56, 1698871
0.56, 1698557
0.56, 1694562
0.57, 1691525
0.57, 1682292
0.57, 1681887
0.57, 1680641
0.57, 1679118
0.58, 1678124
0.58, 1675431
0.58, 1674707
0.59, 1671436
0.59, 1671201
0.59, 1664277
0.59, 1664164
0.59, 1662627
0.59, 1662011
0.59, 1661865
0.60, 1661125
0.61, 1660576
0.61, 1658867
0.62, 1658634
0.62, 1644863
0.64, 1605541
0.65, 1596906
0.65, 1547671
0.66, 1546920
0.67, 1545716
0.67, 1543510
0.67, 1542673
0.68, 1512926
0.68, 1506454
0.68, 1504946
0.69, 1498185
0.69, 1498113
0.70, 1493620
0.70, 1490584
0.71, 1490205
0.73, 1487525
0.74, 1485890
0.74, 1465354
0.75, 1444750
0.77, 1398620
0.77, 1382632
0.78, 1380076
0.80, 1379827
0.80, 1363863
0.80, 1363674
0.81, 1361267
0.84, 1361178
0.86, 1360046
0.88, 1359723
0.88, 1353035
0.92, 1351670
1.01, 1351662
2.47, 1338001
2.50, 1329031
2.50, 1321734
2.51, 1321169
2.52, 1290420
2.53, 1289428
2.54, 1287325
2.54, 1284784
2.57, 1283720
2.60, 1283281
2.67, 1282325
2.96, 1282170
2.97, 1281271
3.02, 1280875
