0.09, 9898080
0.18, 9521894
0.28, 9165158
0.37, 8825540
0.46, 8502411
0.55, 8193513
0.66, 7886471
0.77, 7595322
0.87, 7275162
0.98, 6995859
1.10, 6717984
1.20, 6464584
1.30, 6213637
1.41, 5972404
1.51, 5739159
1.62, 5523528
1.72, 5321751
1.82, 5137826
1.91, 4950739
2.00, 4769332
2.10, 4589078
2.20, 4412755
2.28, 4250433
2.38, 4107363
2.48, 3962823
2.57, 3804195
2.66, 3672096
2.76, 3554788
2.85, 3446771
2.95, 3342116
3.06, 3204851
3.16, 3100916
3.26, 3003154
3.36, 2913786
3.46, 2829849
3.56, 2763426
3.66, 2687206
3.76, 2599482
3.86, 2528626
3.96, 2463648
4.06, 2399038
4.16, 2343356
4.28, 2292510
4.39, 2244880
4.51, 2198540
4.62, 2155192
4.74, 2109321
4.85, 2060679
4.97, 2016468
5.07, 1979859
5.17, 1944458
5.26, 1912760
5.36, 1883046
5.44, 1853743
5.54, 1825982
5.64, 1796124
5.77, 1769481
5.91, 1742959
6.02, 1714369
6.14, 1688862
6.24, 1664538
6.34, 1642137
6.43, 1622028
6.53, 1602748
6.64, 1584894
6.74, 1568430
6.85, 1553354
6.96, 1539561
7.07, 1528708
7.18, 1520210
7.29, 1511753
7.38, 1484696
7.48, 1465339
7.57, 1455881
7.67, 1448104
7.75, 1440509
7.84, 1433393
7.92, 1426544
8.01, 1420081
8.09, 1414304
8.18, 1408571
8.28, 1403035
8.36, 1397967
8.46, 1393087
8.56, 1388520
8.65, 1384367
8.74, 1380727
8.83, 1377119
8.92, 1373882
9.01, 1370804
9.10, 1361712
9.20, 1359104
9.30, 1356721
9.39, 1354360
9.49, 1352089
9.59, 1349934
9.69, 1348244
9.78, 1346817
9.86, 1345267
9.96, 1343896
10.04, 1342801
10.13, 1341916
10.22, 1341110
10.32, 1340304
10.40, 1339541
10.50, 1338888
10.59, 1338015
10.69, 1337079
10.78, 1336182
10.88, 1335504
10.97, 1334875
11.06, 1316435
11.17, 1316035
11.27, 1313700
11.37, 1308285
11.48, 1307889
11.58, 1307574
11.68, 1307308
11.78, 1300397
11.88, 1300192
11.98, 1300050
12.08, 1299919
12.27, 8669659
12.38, 8336928
12.48, 8012905
12.57, 7714335
12.67, 7428299
12.78, 7155205
12.88, 6882843
12.97, 6614165
13.06, 6355557
13.14, 6113116
13.23, 5883542
13.32, 5631875
13.41, 5425420
13.50, 5226673
13.59, 5031319
13.67, 4867033
13.77, 4703388
13.87, 4543570
13.95, 4383804
14.05, 4225530
14.14, 4086369
14.24, 3955234
14.33, 3831031
14.42, 3710471
14.52, 3605346
14.61, 3497784
14.71, 3395258
14.80, 3276882
14.89, 3173144
14.98, 3082545
15.08, 2992933
15.17, 2921805
15.26, 2853339
15.35, 2785031
15.44, 2723334
15.54, 2647474
15.63, 2590814
15.73, 2532474
15.82, 2477684
15.91, 2408706
16.01, 2354532
16.10, 2304915
16.18, 2252291
16.27, 2205028
16.36, 2161133
16.45, 2113401
16.55, 2049322
16.64, 2006691
16.73, 1963439
16.82, 1924654
16.91, 1889608
17.00, 1857149
17.09, 1828076
17.18, 1797094
17.27, 1770579
17.36, 1744328
17.45, 1718168
17.54, 1693524
17.63, 1671850
17.73, 1627279
17.84, 1607992
17.95, 1589507
18.06, 1568634
18.16, 1550202
18.26, 1532253
18.35, 1515316
18.44, 1499396
18.53, 1484459
18.62, 1471655
18.71, 1460595
18.79, 1449599
18.88, 1438294
18.98, 1428343
19.07, 1418919
19.16, 1409710
19.24, 1400575
19.33, 1389375
19.42, 1366526
19.51, 1357701
19.61, 1344268
19.72, 1335701
19.84, 1328240
19.96, 1318625
20.07, 1311722
20.17, 1305880
20.27, 1300400
20.37, 1295332
20.47, 1290372
20.57, 1285511
20.66, 1280779
20.75, 1277065
20.84, 1270687
20.92, 1267178
21.01, 1258026
21.11, 1249843
21.21, 1246832
21.31, 1243874
21.43, 1241225
21.56, 1239206
21.67, 1237240
21.79, 1235442
21.90, 1232124
22.02, 1230329
22.13, 1228325
22.28, 1226800
22.39, 1225506
22.49, 1223897
22.60, 1222676
22.70, 1221597
22.80, 1220791
22.90, 1220192
22.99, 1219718
23.09, 1219321
23.18, 1218925
23.28, 1218690
23.38, 1218483
23.47, 1218278
23.60, 1218213
23.83, 10339850
23.95, 10018387
24.08, 9668421
24.18, 9349213
24.29, 9047526
24.39, 8754553
24.50, 8476006
24.61, 8154748
24.71, 7837572
24.81, 7561012
24.94, 7291838
25.06, 7028147
25.17, 6772494
25.30, 6509651
25.41, 6290285
25.52, 6074326
25.65, 5845994
25.76, 5650489
25.87, 5459868
25.99, 5269325
26.10, 5086270
26.21, 4908034
26.31, 4730400
26.41, 4559466
26.52, 4398070
26.62, 4230980
26.72, 4079738
26.82, 3952103
26.93, 3812176
27.02, 3677277
27.13, 3529476
27.24, 3408975
27.34, 3302415
27.44, 3211303
27.54, 3123066
27.63, 3036357
27.72, 2955309
27.81, 2877233
27.90, 2800553
28.00, 2724001
28.08, 2659524
28.17, 2595217
28.26, 2532887
28.36, 2472729
28.45, 2414738
28.54, 2359342
28.63, 2305311
28.72, 2252566
28.81, 2194394
28.92, 2143181
29.02, 2089923
29.13, 2039732
29.22, 1993311
29.31, 1953433
29.40, 1900722
29.49, 1863713
29.59, 1829209
29.69, 1795236
29.78, 1756539
29.87, 1724104
29.96, 1692879
30.05, 1664062
30.14, 1636029
30.24, 1612250
30.33, 1589458
30.42, 1567241
30.51, 1547348
30.60, 1528425
30.69, 1513647
30.78, 1494573
30.87, 1479948
30.95, 1465611
31.04, 1453094
31.13, 1440590
31.21, 1430031
31.30, 1419866
31.38, 1410408
31.47, 1401094
31.56, 1383889
31.65, 1375345
31.74, 1367251
31.82, 1358445
31.91, 1350516
32.00, 1343055
32.08, 1335741
32.18, 1328413
32.26, 1321276
32.35, 1314346
32.44, 1308738
32.53, 1303670
32.62, 1298929
32.71, 1294580
32.80, 1290393
32.90, 1287154
32.99, 1284278
33.08, 1281790
33.18, 1279577
33.27, 1277339
33.38, 1275195
33.48, 1273486
33.58, 1272112
33.69, 1270805
33.80, 1269777
33.89, 1268218
33.99, 1267412
34.09, 1266734
34.18, 1266098
34.26, 1265467
34.35, 1264985
34.44, 1264589
34.54, 1264292
34.62, 1264018
34.71, 1263512
34.81, 1262735
34.90, 1262392
34.98, 1262250
35.07, 1262185
35.16, 1262134
35.34, 10239149
35.43, 9888742
35.52, 9581441
35.61, 9264619
35.70, 8972031
35.78, 8685217
35.88, 8400013
35.98, 8096576
36.07, 7823488
36.15, 7557763
36.24, 7290288
36.33, 7038945
36.43, 6790801
36.52, 6542911
36.60, 6304572
36.69, 6070503
36.77, 5861784
36.86, 5633198
36.95, 5430471
37.04, 5241753
37.13, 5043296
37.21, 4858645
37.30, 4676767
37.39, 4505188
37.48, 4335422
37.57, 4181409
37.65, 4029952
37.74, 3879496
37.83, 3735037
37.92, 3590468
38.01, 3449270
38.09, 3326110
38.18, 3187064
38.27, 3091609
38.36, 3000519
38.45, 2927903
38.54, 2855732
38.62, 2761571
38.71, 2694508
38.80, 2628104
38.89, 2564608
38.97, 2491159
39.06, 2431565
39.15, 2376758
39.24, 2325115
39.32, 2277247
39.42, 2238749
39.51, 2192788
39.60, 2154622
39.71, 2120620
39.82, 2086678
39.93, 2055725
40.04, 2027689
40.13, 1989774
40.24, 1962964
40.35, 1933009
40.44, 1901614
40.54, 1869296
40.64, 1843057
40.74, 1807924
40.83, 1781767
40.91, 1756794
41.00, 1734557
41.08, 1711722
41.17, 1693090
41.26, 1675226
41.35, 1657487
41.43, 1640282
41.52, 1618553
41.61, 1602458
41.70, 1587395
41.79, 1573154
41.88, 1560471
41.97, 1548400
42.06, 1537841
42.14, 1527776
42.23, 1509007
42.32, 1498991
42.40, 1489256
42.49, 1479576
42.58, 1470367
42.67, 1461524
42.75, 1452788
42.84, 1444132
42.93, 1434406
43.01, 1425935
43.10, 1417627
43.18, 1410412
43.27, 1403501
43.36, 1396646
43.45, 1389146
43.54, 1380212
43.62, 1373479
43.71, 1367231
43.80, 1361750
43.89, 1356717
43.97, 1351772
44.06, 1347250
44.15, 1342916
44.24, 1339023
44.33, 1335664
44.42, 1332732
44.50, 1330853
44.59, 1329264
44.67, 1322835
44.76, 1319914
44.84, 1318343
44.93, 1316933
45.02, 1315626
45.11, 1314337
45.19, 1313335
45.28, 1312343
45.37, 1311609
45.47, 1310983
45.56, 1310509
45.64, 1310092
45.73, 1307999
45.82, 1307778
45.92, 1307481
46.01, 1307274
46.10, 1307126
46.19, 1304153
46.27, 1304011
46.36, 1303900
46.45, 1302689
46.54, 1302681
