0.11, 711310
0.22, 683880
0.32, 660625
0.43, 638667
0.54, 617943
0.65, 597955
0.83, 578480
0.98, 559291
1.11, 540187
1.21, 524154
1.32, 508435
1.43, 494530
1.53, 478395
1.64, 465498
1.75, 452156
1.89, 439114
2.04, 426714
2.16, 414435
2.26, 402565
2.35, 391948
2.44, 381401
2.53, 370607
2.62, 360161
2.71, 350705
2.80, 341527
2.89, 332922
2.97, 324313
3.07, 316050
3.15, 308042
3.23, 300807
3.32, 293633
3.40, 286476
3.49, 279826
3.58, 273305
3.66, 267390
3.75, 261920
3.84, 256530
3.92, 249878
4.00, 244813
4.09, 239620
4.19, 235459
4.28, 231688
4.37, 226804
4.46, 223346
4.54, 220463
4.63, 217659
4.71, 214668
4.79, 211916
4.88, 209135
4.96, 206399
5.05, 203654
5.13, 200991
5.20, 196984
5.29, 194404
5.38, 190846
5.46, 188817
5.54, 186926
5.63, 183384
5.70, 181503
5.79, 179650
5.87, 177800
5.95, 176097
6.03, 174533
6.11, 171610
6.19, 170063
6.28, 168601
6.36, 167170
6.44, 165775
6.52, 164173
6.61, 163015
6.70, 161857
6.78, 160730
6.86, 159630
6.95, 158562
7.03, 157528
7.10, 156070
7.18, 155043
7.27, 154087
7.35, 153156
7.44, 152235
7.51, 151360
7.60, 150496
7.69, 149636
7.78, 148868
7.87, 148102
7.97, 147398
8.07, 146719
8.17, 146051
8.27, 145403
8.35, 144875
8.44, 144352
8.54, 143905
8.63, 143506
8.71, 143123
8.80, 142856
8.88, 142630
8.96, 142412
9.05, 142198
9.14, 141989
9.22, 141939
9.31, 141919
9.39, 140423
9.47, 140124
9.55, 139700
9.71, 752649
9.80, 727553
9.88, 702179
9.96, 677731
10.04, 655111
10.13, 633613
10.21, 615408
10.31, 597281
10.40, 581267
10.50, 561889
10.61, 546011
10.70, 532310
10.80, 517716
10.89, 503968
10.98, 491817
11.10, 479767
11.20, 467277
11.29, 454639
11.39, 442715
11.49, 430173
11.59, 418599
11.68, 407056
11.78, 396483
11.86, 386388
11.95, 377016
12.04, 367920
12.13, 358658
12.22, 350062
12.31, 341305
12.40, 332916
12.49, 324796
12.58, 316629
12.67, 309741
12.77, 301939
12.86, 295066
12.94, 288383
13.04, 281543
13.13, 275022
13.22, 268446
13.31, 262554
13.40, 256302
13.50, 251113
13.60, 246029
13.70, 241059
13.80, 236736
13.89, 232485
13.99, 228614
14.10, 224956
14.21, 221371
14.31, 217696
14.40, 214000
14.49, 210328
14.57, 206978
14.65, 203681
14.74, 200624
14.82, 197904
14.90, 195228
14.98, 192561
15.06, 190178
15.15, 187856
15.24, 185591
15.33, 183371
15.42, 181305
15.51, 179085
15.60, 177383
15.69, 175727
15.77, 173212
15.85, 171585
15.94, 170062
16.03, 168644
16.12, 167026
16.22, 165655
16.31, 164294
16.40, 163065
16.48, 161980
16.57, 160297
16.66, 159277
16.73, 158267
16.82, 157304
16.90, 156400
16.98, 155536
17.07, 154687
17.15, 153849
17.27, 153031
17.37, 151698
17.47, 150981
17.57, 150269
17.66, 149577
17.74, 148924
17.84, 148337
17.93, 147387
18.02, 146569
18.12, 146007
18.22, 145457
18.32, 144917
18.42, 144328
18.51, 143799
18.60, 143293
18.69, 142879
18.77, 142427
18.86, 141916
18.95, 141580
19.06, 140996
19.16, 140764
19.25, 140545
19.35, 139408
19.44, 139233
19.53, 139065
19.61, 138910
19.69, 137690
19.76, 137682
19.84, 136210
19.93, 135913
20.02, 135729
20.18, 687861
20.26, 659378
20.34, 635503
20.43, 612492
20.51, 589490
20.59, 571061
20.67, 554635
20.75, 536866
20.86, 521761
20.95, 506011
21.03, 490939
21.13, 476872
21.23, 463804
21.32, 451711
21.40, 439651
21.48, 427820
21.57, 416481
21.65, 404569
21.73, 393302
21.81, 382211
21.89, 370982
21.97, 360260
22.05, 349756
22.12, 340069
22.21, 331709
22.31, 323203
22.39, 314573
22.47, 306268
22.55, 299633
22.63, 293322
22.71, 286378
22.80, 281386
22.88, 275573
22.96, 268534
23.04, 263741
23.12, 259455
23.20, 255239
23.29, 249812
23.36, 245697
23.44, 242051
23.52, 238419
23.60, 234894
23.70, 231528
23.79, 228238
23.87, 224500
23.96, 219998
24.05, 216783
24.14, 213755
24.24, 209887
24.32, 206867
24.40, 203281
24.48, 200572
24.58, 197566
24.67, 194775
24.75, 191620
24.84, 189125
24.91, 186856
24.99, 184599
25.07, 182421
25.15, 180371
25.24, 178351
25.32, 176366
25.41, 174433
25.49, 172608
25.57, 170964
25.65, 169354
25.73, 167379
25.82, 165785
25.90, 164226
25.98, 162754
26.07, 161393
26.14, 160289
26.23, 159219
26.31, 158281
26.39, 157357
26.47, 156582
26.54, 155846
26.63, 155137
26.71, 154510
26.80, 153591
26.89, 152113
26.98, 151279
27.08, 150700
27.17, 150134
27.25, 148532
27.34, 148009
27.42, 147568
27.50, 146800
27.60, 146410
27.70, 146091
27.79, 145790
27.89, 145513
27.99, 145239
28.08, 144479
28.16, 144253
28.24, 144043
28.33, 143859
28.40, 143685
28.49, 143494
28.58, 143340
28.66, 141957
28.74, 141829
28.82, 141817
29.02, 694576
29.11, 666892
29.20, 643293
29.30, 621848
29.39, 603019
29.48, 584319
29.57, 563734
29.67, 547772
29.77, 531970
29.85, 516273
29.94, 500909
30.02, 485712
30.10, 472596
30.18, 459449
30.27, 445162
30.37, 432060
30.46, 418563
30.54, 406178
30.62, 393257
30.70, 381493
30.80, 370270
30.89, 360427
30.97, 350673
31.05, 341220
31.13, 332628
31.21, 324233
31.30, 316143
31.38, 308163
31.46, 300225
31.54, 292389
31.65, 284659
31.75, 276858
31.84, 270209
31.94, 263386
32.03, 256961
32.13, 251280
32.23, 245774
32.32, 241267
32.40, 236194
32.48, 231927
32.56, 227764
32.64, 224015
32.73, 220145
32.81, 216407
32.89, 212747
32.98, 209774
33.06, 206461
33.14, 203042
33.21, 200255
33.30, 196839
33.38, 193637
33.46, 190327
33.54, 188003
33.63, 186086
33.71, 184181
33.81, 182387
33.89, 180597
33.97, 178816
34.05, 177054
34.14, 175326
34.23, 173599
34.32, 170610
34.42, 168603
34.52, 166868
34.62, 165412
34.70, 164041
34.79, 162706
34.89, 161431
34.97, 160164
35.06, 159105
35.14, 158050
35.22, 156997
35.31, 155893
35.40, 154964
35.48, 154077
35.56, 153228
35.64, 152455
35.74, 151701
35.82, 150990
35.92, 150311
36.02, 149639
36.11, 148676
36.20, 148065
36.28, 147370
36.36, 146818
36.44, 146282
36.52, 145759
36.60, 145285
36.68, 144860
36.77, 144436
36.86, 143717
36.95, 143316
37.04, 142917
37.13, 142531
37.22, 142183
37.30, 141779
37.38, 141312
37.47, 141000
37.55, 140703
37.63, 140509
37.72, 140325
37.80, 140179
37.88, 140001
37.96, 139902
38.04, 139040
38.12, 137994
38.21, 137615
38.29, 137560
