0.00, 765911
0.00, 756898
0.00, 751328
0.00, 749639
0.00, 743217
0.00, 738796
0.00, 736437
0.00, 735796
0.00, 735630
0.00, 734305
0.00, 731088
0.00, 715520
0.00, 713553
0.00, 707727
0.00, 706672
0.00, 706641
0.01, 696047
0.01, 684023
0.01, 683169
0.01, 681122
0.03, 675247
0.03, 673749
0.03, 668943
0.03, 656952
0.09, 655561
0.09, 650933
0.09, 650554
0.09, 646658
0.09, 633827
0.09, 632468
0.09, 632459
0.09, 629869
0.09, 618702
0.09, 615316
0.09, 614946
0.09, 610569
0.09, 607402
0.09, 604764
0.35, 603044
0.35, 602675
0.35, 596714
0.35, 595771
0.35, 587518
0.35, 587074
0.35, 585277
0.35, 581800
0.35, 574674
0.35, 566315
0.35, 564861
0.35, 560875
0.36, 558797
0.36, 555228
0.36, 554398
0.37, 554327
0.37, 553920
0.37, 553339
0.37, 553081
0.37, 550775
0.37, 548090
0.37, 544425
0.37, 539555
0.37, 533686
0.37, 531032
0.37, 526075
0.37, 522546
0.37, 518302
0.37, 516341
0.37, 513866
0.37, 512180
0.37, 508091
0.37, 508063
0.37, 507045
0.37, 507039
0.37, 505530
0.37, 502572
0.37, 502485
0.37, 497754
0.37, 496783
0.38, 496379
0.38, 494917
0.38, 493283
0.38, 489154
0.38, 488336
0.38, 485383
0.38, 484531
0.38, 483829
0.38, 476972
0.39, 470829
0.39, 469445
0.39, 468794
0.39, 468063
0.39, 467082
0.39, 467048
0.39, 464425
0.39, 462574
0.39, 459953
0.39, 454664
0.39, 450922
0.39, 434856
0.39, 432344
0.39, 427401
0.39, 424934
0.39, 424445
0.39, 424188
0.39, 424097
0.39, 422706
0.39, 422597
0.39, 420348
0.39, 420204
0.39, 416641
0.39, 415385
0.39, 405931
0.39, 403665
0.39, 403506
0.40, 402158
0.40, 401467
0.40, 399356
0.40, 398598
0.40, 397460
0.40, 390907
0.40, 388989
0.40, 386887
0.40, 386128
0.40, 383051
0.40, 379572
0.40, 379424
0.40, 378523
0.40, 373277
0.40, 369329
0.40, 369034
0.40, 367694
0.40, 367138
0.40, 362550
0.40, 362518
0.40, 361665
0.40, 361447
0.40, 358874
0.40, 358129
0.40, 357579
0.40, 355276
0.40, 352684
0.43, 349122
0.43, 343881
0.43, 342061
0.43, 339481
0.43, 337843
0.43, 335943
0.43, 335595
0.43, 335361
0.43, 335121
0.43, 334643
0.43, 333375
0.43, 331638
0.43, 329742
0.43, 329216
0.43, 326824
0.43, 324170
0.43, 321547
0.44, 317597
0.44, 315055
0.44, 314703
0.44, 311793
0.44, 303064
0.44, 301866
0.44, 301348
0.44, 300587
0.44, 300419
0.44, 300402
0.44, 299176
0.45, 297276
0.45, 297006
0.45, 296891
0.45, 296353
0.45, 295501
0.45, 291766
0.45, 291658
0.45, 290884
0.45, 290183
0.45, 289823
0.45, 289803
0.45, 289759
0.45, 289112
0.45, 288894
0.45, 286981
0.45, 286789
0.45, 286237
0.45, 285938
0.45, 280701
0.45, 279884
0.45, 277855
0.45, 274590
0.45, 274134
0.45, 274102
0.45, 272050
0.46, 271403
0.46, 269789
0.46, 268114
0.46, 268014
0.46, 266806
0.46, 266255
0.46, 266000
0.46, 264527
0.46, 264311
0.46, 264222
0.46, 263724
0.47, 262723
0.47, 259321
0.47, 258551
0.47, 257380
0.47, 255133
0.47, 254586
0.47, 253458
0.47, 253330
0.47, 253127
0.47, 252484
0.47, 251894
0.47, 251865
0.47, 247667
0.47, 247008
0.47, 245714
0.47, 243635
0.47, 242785
0.47, 241483
0.47, 238170
0.47, 236616
0.47, 233360
0.48, 231945
0.48, 231597
0.48, 230786
0.48, 230747
0.48, 230725
0.48, 230268
0.48, 227807
0.48, 227624
0.48, 226692
0.48, 226406
0.48, 226341
0.48, 226014
0.48, 225395
0.48, 225257
0.49, 223590
0.49, 223041
0.49, 222824
0.49, 222588
0.49, 218893
0.49, 217546
0.50, 215547
0.50, 215421
0.50, 213762
0.50, 213035
0.50, 212362
0.50, 208402
0.50, 207509
0.50, 207176
0.50, 207140
0.50, 206453
0.50, 206447
0.50, 205894
0.51, 204710
0.51, 204607
0.51, 204065
0.51, 201758
0.51, 201568
0.51, 201167
0.51, 201088
0.51, 200552
0.51, 198906
0.52, 194985
0.52, 194972
0.52, 194737
0.52, 194031
0.52, 193385
0.53, 192564
0.53, 191527
0.53, 189803
0.53, 189696
0.53, 189527
0.53, 188264
0.53, 188261
0.53, 187240
0.53, 187020
0.54, 185900
0.54, 184814
0.54, 183213
0.54, 182583
0.55, 180560
0.55, 180094
0.56, 179918
0.56, 179113
0.56, 177402
0.56, 176676
0.56, 176321
0.56, 176009
0.58, 173641
0.58, 172940
0.58, 172715
0.58, 171858
0.59, 171059
0.59, 169548
0.59, 169416
0.59, 169414
0.60, 168973
0.60, 168774
0.60, 168191
0.61, 168087
0.61, 167913
0.63, 167418
0.63, 166449
0.66, 166292
0.67, 164397
0.69, 163983
0.71, 163926
0.72, 162826
0.73, 161925
0.73, 159901
0.73, 159280
0.74, 158926
0.75, 158766
0.75, 158115
0.75, 157940
0.76, 157873
0.77, 157838
0.77, 155908
0.80, 155853
0.80, 155747
0.81, 154757
0.81, 153514
0.87, 153054
0.87, 151979
0.89, 151977
0.90, 151963
0.92, 151956
0.93, 151737
0.93, 151198
0.93, 151191
0.94, 150859
0.95, 150124
0.96, 150037
0.96, 150028
0.98, 149731
1.01, 149067
1.02, 149033
1.04, 148421
1.11, 148062
1.19, 147812
1.24, 147237
1.25, 147011
1.30, 146852
1.31, 146710
1.41, 146280
1.47, 145273
1.49, 145170
