0.00, 800707
0.00, 800612
0.00, 796595
0.00, 787845
0.00, 787374
0.00, 785227
0.00, 784023
0.00, 778710
0.00, 778196
0.00, 774457
0.00, 771490
0.00, 767872
0.00, 767540
0.00, 754535
0.00, 753779
0.00, 747219
0.00, 739164
0.00, 731952
0.00, 716364
0.00, 714012
0.00, 709450
0.00, 704899
0.00, 692408
0.00, 687879
0.00, 681709
0.01, 680245
0.01, 666420
0.01, 663960
0.01, 663825
0.01, 663705
0.01, 663696
0.03, 658416
0.14, 653917
0.14, 652459
0.14, 651905
0.26, 651211
0.31, 648924
0.31, 646599
0.31, 640810
0.31, 639415
0.32, 638315
0.32, 636991
0.32, 628013
0.32, 627835
0.32, 620570
0.32, 619717
0.32, 619067
0.33, 617711
0.33, 614646
0.33, 605454
0.33, 604992
0.33, 603898
0.33, 603775
0.33, 603672
0.33, 599881
0.33, 598497
0.33, 598280
0.33, 592250
0.33, 592147
0.35, 588717
0.35, 585825
0.35, 585313
0.35, 585234
0.35, 583273
0.35, 575234
0.35, 575096
0.36, 572017
0.36, 563359
0.36, 557643
0.36, 556411
0.36, 556037
0.36, 555970
0.36, 555900
0.36, 551999
0.36, 544141
0.36, 538128
0.36, 537272
0.37, 537087
0.37, 534116
0.37, 529995
0.37, 527901
0.37, 526985
0.37, 523199
0.37, 520982
0.37, 520537
0.37, 520146
0.38, 518607
0.38, 516815
0.38, 516442
0.38, 510115
0.38, 510104
0.38, 508455
0.38, 506383
0.38, 505203
0.38, 505016
0.38, 502980
0.38, 501899
0.38, 501418
0.38, 501330
0.38, 500728
0.38, 499531
0.38, 499501
0.38, 498037
0.38, 496281
0.38, 496211
0.38, 496209
0.38, 494803
0.38, 493758
0.38, 493503
0.38, 488855
0.38, 483882
0.38, 483738
0.38, 480211
0.38, 480201
0.38, 479917
0.38, 478828
0.39, 476417
0.39, 474723
0.39, 474631
0.39, 474321
0.39, 473777
0.39, 462212
0.39, 459296
0.39, 456338
0.39, 454163
0.39, 453889
0.39, 453565
0.39, 453438
0.39, 452481
0.39, 451100
0.39, 444241
0.39, 441093
0.39, 441044
0.40, 440354
0.40, 440304
0.40, 438351
0.40, 437548
0.40, 436413
0.40, 433654
0.40, 431533
0.40, 431488
0.40, 431137
0.40, 430551
0.40, 429563
0.40, 427867
0.40, 423252
0.40, 420160
0.40, 417742
0.40, 414196
0.40, 413355
0.40, 412723
0.40, 411873
0.40, 411710
0.40, 411596
0.40, 410620
0.40, 408632
0.40, 407803
0.40, 405746
0.40, 402820
0.40, 401187
0.40, 401023
0.40, 400650
0.40, 398759
0.40, 395561
0.40, 395135
0.40, 393866
0.40, 393604
0.40, 392611
0.40, 389383
0.40, 388195
0.40, 385852
0.40, 384743
0.40, 383847
0.40, 383744
0.40, 381555
0.41, 380275
0.41, 380078
0.41, 376026
0.41, 375495
0.41, 375471
0.41, 371704
0.41, 370095
0.41, 369168
0.41, 366591
0.41, 361817
0.41, 356874
0.41, 348710
0.41, 346016
0.41, 343920
0.41, 343629
0.41, 341934
0.42, 335655
0.42, 334041
0.42, 332114
0.42, 326720
0.42, 325790
0.42, 324361
0.42, 324067
0.42, 323849
0.42, 322208
0.42, 316579
0.42, 313858
0.42, 311221
0.42, 309368
0.42, 304747
0.42, 303171
0.42, 286939
0.43, 286120
0.43, 285299
0.43, 284698
0.43, 284545
0.43, 284185
0.43, 282896
0.43, 278645
0.43, 278529
0.44, 277284
0.44, 276063
0.44, 275874
0.44, 275734
0.44, 274117
0.44, 273398
0.44, 271672
0.44, 268503
0.44, 266637
0.44, 266586
0.44, 264532
0.44, 261091
0.44, 260937
0.45, 259214
0.45, 258769
0.45, 257639
0.45, 256777
0.45, 255983
0.45, 255848
0.45, 254539
0.45, 253880
0.45, 253563
0.45, 252323
0.45, 251052
0.45, 250744
0.45, 248995
0.46, 248114
0.46, 247788
0.46, 247438
0.46, 246619
0.46, 246265
0.46, 245771
0.46, 244574
0.46, 244172
0.47, 243410
0.47, 241227
0.47, 240543
0.47, 240193
0.47, 237599
0.47, 236678
0.47, 236435
0.48, 236345
0.48, 233473
0.48, 232438
0.48, 229860
0.48, 228396
0.48, 228018
0.48, 227993
0.48, 226777
0.48, 224464
0.48, 223064
0.49, 222709
0.49, 221793
0.49, 221504
0.49, 221389
0.49, 220288
0.49, 219698
0.49, 218469
0.49, 217939
0.49, 217116
0.50, 216965
0.50, 216323
0.50, 216071
0.50, 214725
0.50, 214632
0.50, 214249
0.50, 212770
0.50, 212072
0.50, 210857
0.50, 210322
0.50, 209881
0.51, 209074
0.51, 208299
0.51, 207940
0.51, 207748
0.51, 207643
0.52, 207473
0.52, 207410
0.52, 205810
0.52, 204993
0.52, 204891
0.52, 204838
0.52, 203892
0.53, 203725
0.53, 201818
0.53, 201459
0.53, 200891
0.53, 200847
0.53, 198159
0.54, 197607
0.54, 197292
0.54, 191726
0.55, 191711
0.55, 191607
0.55, 191125
0.55, 189259
0.55, 189044
0.56, 187523
0.56, 187232
0.56, 185537
0.56, 185328
0.57, 184879
0.57, 184542
0.57, 181529
0.57, 180450
0.58, 179025
0.58, 178247
0.58, 178063
0.58, 177428
0.58, 176751
0.58, 175686
0.59, 175260
0.59, 175236
0.59, 174401
0.59, 173533
0.59, 172981
0.60, 172964
0.60, 172871
0.60, 170942
0.60, 169901
0.61, 169370
0.61, 169011
0.61, 168345
0.62, 168043
0.62, 167802
0.63, 165865
0.63, 163984
0.63, 163927
0.63, 162310
0.63, 161734
0.64, 161210
0.66, 160715
0.66, 160145
0.67, 159896
0.67, 159006
0.67, 158653
0.68, 158507
0.68, 158008
0.68, 156667
0.68, 156439
0.70, 156363
0.70, 156179
0.71, 156086
0.72, 155510
0.72, 154495
0.73, 154350
0.73, 153890
0.81, 153773
0.87, 153497
0.88, 153289
0.96, 153111
0.97, 152036
1.03, 151967
4.17, 151528
4.18, 151025
4.19, 148599
4.20, 148301
4.21, 148186
4.24, 148064
4.28, 147745
