0.10, 693785
0.20, 666497
0.31, 644366
0.41, 625124
0.52, 605868
0.61, 588783
0.71, 572867
0.80, 557383
0.89, 541954
0.99, 524205
1.08, 509430
1.19, 495211
1.27, 480691
1.35, 466508
1.44, 454221
1.54, 440189
1.64, 428709
1.74, 416484
1.84, 405793
1.93, 395201
2.04, 384708
2.13, 374681
2.23, 364877
2.33, 354728
2.41, 344943
2.50, 335646
2.59, 327077
2.67, 319014
2.76, 311300
2.85, 302351
2.94, 295270
3.04, 288435
3.14, 281699
3.24, 275145
3.33, 268721
3.41, 262959
3.52, 257340
3.61, 252266
3.70, 247238
3.79, 242668
3.88, 238574
3.98, 234148
4.08, 230460
4.19, 226805
4.29, 223320
4.38, 219842
4.48, 216520
4.66, 213226
4.79, 209991
4.89, 206938
4.99, 203937
5.10, 201020
5.21, 198310
5.32, 195463
5.42, 192567
5.51, 190007
5.60, 187627
5.71, 185307
5.81, 182721
5.90, 180452
6.00, 178332
6.10, 176417
6.19, 174522
6.28, 172620
6.38, 170999
6.49, 169504
6.58, 168073
6.68, 166758
6.77, 165481
6.86, 164207
6.96, 162851
7.05, 161567
7.14, 160475
7.23, 159405
7.31, 158427
7.40, 157565
7.48, 156706
7.57, 155947
7.65, 155235
7.73, 154553
7.81, 152928
7.89, 152275
7.98, 151674
8.06, 150815
8.14, 149659
8.22, 149100
8.31, 148603
8.39, 148085
8.48, 147624
8.56, 145594
8.65, 145240
8.75, 144903
8.84, 144054
8.92, 143768
9.02, 143177
9.12, 142654
9.21, 142402
9.31, 141834
9.39, 141506
9.48, 140956
9.56, 140725
9.64, 140622
9.72, 140594
9.80, 140281
9.88, 140278
10.05, 726259
10.13, 701191
10.22, 677490
10.30, 652195
10.39, 629669
10.48, 609362
10.56, 589321
10.65, 570358
10.75, 552173
10.84, 535880
10.94, 518766
11.03, 502641
11.12, 487319
11.21, 473587
11.31, 460483
11.40, 446545
11.48, 432911
11.57, 422206
11.66, 410900
11.75, 398507
11.84, 388541
11.92, 378438
11.99, 368543
12.07, 359639
12.15, 350198
12.25, 336528
12.34, 327856
12.44, 319192
12.54, 311405
12.64, 303684
12.75, 295551
12.84, 287907
12.94, 280263
13.03, 272984
13.13, 266515
13.25, 260575
13.35, 255162
13.44, 250048
13.54, 244825
13.63, 236358
13.73, 231576
13.82, 226514
13.92, 222260
14.01, 218231
14.10, 213499
14.18, 209593
14.27, 206333
14.35, 203368
14.43, 199368
14.52, 195823
14.61, 193005
14.69, 190445
14.78, 187924
14.86, 185351
14.94, 182968
15.02, 180924
15.10, 178895
15.18, 176962
15.27, 175037
15.35, 173117
15.44, 170773
15.53, 168893
15.60, 167041
15.68, 165540
15.77, 164121
15.85, 162784
15.93, 161468
16.01, 160303
16.09, 159300
16.17, 158304
16.25, 157079
16.34, 156105
16.42, 154961
16.50, 154011
16.59, 153086
16.67, 152295
16.76, 151720
16.84, 151147
16.93, 150583
17.01, 150046
17.09, 149569
17.17, 149102
17.26, 148871
17.34, 148670
17.43, 148479
17.51, 148131
17.59, 147945
17.68, 145519
17.76, 145335
17.85, 145152
17.94, 144987
18.02, 144857
18.10, 144709
18.18, 144376
18.27, 142604
18.35, 142493
18.43, 142443
18.60, 755289
18.69, 729463
18.78, 704226
18.86, 681301
18.95, 658039
19.03, 635920
19.11, 617198
19.20, 599132
19.29, 580727
19.37, 563736
19.46, 547007
19.54, 531417
19.63, 516630
19.71, 501922
19.80, 488916
19.88, 474954
19.97, 462392
20.05, 450054
20.14, 436106
20.22, 424025
20.30, 412589
20.39, 401650
20.47, 391952
20.55, 382312
20.63, 372815
20.72, 363537
20.81, 354492
20.91, 346191
20.99, 338188
21.07, 330658
21.15, 323444
21.23, 316273
21.32, 308542
21.40, 301815
21.48, 294324
21.56, 286374
21.64, 279954
21.73, 273990
21.81, 267629
21.89, 262241
21.98, 256983
22.06, 251207
22.14, 245543
22.22, 239758
22.31, 234523
22.40, 229499
22.49, 224502
22.58, 219748
22.66, 216340
22.76, 213063
22.84, 210114
22.92, 205629
23.00, 202422
23.08, 199563
23.16, 196749
23.24, 193974
23.33, 191480
23.41, 189333
23.49, 185652
23.57, 183806
23.65, 181642
23.73, 179904
23.82, 178198
23.90, 176553
23.99, 174947
24.08, 173400
24.16, 171997
24.24, 170650
24.33, 169341
24.41, 168055
24.49, 166122
24.57, 164201
24.65, 162974
24.73, 161770
24.82, 160576
24.90, 159497
24.99, 158490
25.07, 157496
25.16, 156630
25.24, 155799
25.33, 155040
25.41, 154132
25.49, 153365
25.58, 152620
25.66, 151900
25.74, 150825
25.82, 150105
25.91, 149444
25.99, 148821
26.07, 148298
26.15, 147790
26.23, 147323
26.32, 146947
26.40, 146586
26.48, 146269
26.56, 145972
26.64, 145721
26.72, 144903
26.80, 144324
26.89, 144098
26.97, 143880
27.05, 143705
27.12, 143602
27.21, 143525
27.38, 733485
27.45, 704392
27.53, 680861
27.62, 660479
27.70, 640360
27.78, 618291
27.87, 597938
27.95, 578253
28.03, 558321
28.11, 540511
28.19, 525033
28.28, 510581
28.36, 495462
28.44, 479880
28.52, 465300
28.60, 452014
28.68, 438042
28.77, 425110
28.85, 413257
28.93, 401468
29.02, 390473
29.10, 380261
29.19, 370183
29.27, 360373
29.36, 350732
29.44, 342159
29.51, 333886
29.59, 325980
29.67, 318170
29.75, 310731
29.84, 301415
29.92, 294295
30.00, 287893
30.08, 280847
30.16, 275035
30.24, 269096
30.33, 263548
30.41, 258040
30.49, 253252
30.57, 248613
30.65, 244036
30.75, 239505
30.84, 235108
30.92, 231141
31.00, 227211
31.09, 223452
31.16, 219943
31.25, 216528
31.33, 213152
31.41, 210007
31.49, 207265
31.57, 204540
31.65, 201975
31.74, 199459
31.82, 197262
31.90, 194505
31.98, 191936
32.06, 189737
32.14, 187581
32.22, 185537
32.30, 183542
32.38, 180886
32.46, 179133
32.54, 177615
32.62, 176083
32.70, 174647
32.78, 173237
32.86, 171834
32.94, 170447
33.02, 169108
33.10, 167804
33.19, 166524
33.28, 165424
33.37, 164451
33.46, 163496
33.55, 162543
33.64, 161598
33.72, 160670
33.81, 159749
33.89, 158863
33.96, 158020
34.04, 156173
34.14, 155349
34.22, 154548
34.31, 153761
34.39, 153057
34.47, 152403
34.54, 151819
34.62, 151288
34.71, 150687
34.80, 150234
34.88, 149782
34.96, 149341
35.04, 148917
35.12, 148558
35.20, 148224
35.29, 147905
35.37, 147630
35.45, 146709
35.54, 145768
35.62, 145542
35.71, 145321
35.79, 144521
35.88, 144094
35.96, 143870
36.04, 143055
36.12, 142837
36.20, 142653
36.29, 142525
36.37, 142387
36.45, 142269
36.52, 141642
36.60, 141531
36.69, 140947
36.77, 140844
36.86, 140841
