0.00, 729261
0.00, 727909
0.00, 722013
0.00, 717070
0.00, 716057
0.00, 715531
0.00, 711905
0.00, 710599
0.00, 704431
0.00, 702248
0.00, 697277
0.00, 694253
0.00, 692610
0.00, 684298
0.01, 682411
0.01, 677642
0.01, 673691
0.01, 669528
0.04, 669327
0.04, 668745
0.04, 666651
0.04, 664774
0.04, 659790
0.04, 655246
0.05, 649008
0.05, 645093
0.05, 644838
0.68, 640228
0.72, 640138
0.72, 638962
0.72, 637738
0.72, 631334
0.72, 630870
0.72, 625406
0.75, 620909
0.75, 615363
0.75, 615298
0.75, 606644
0.75, 606572
0.75, 601426
0.76, 601308
0.76, 596119
0.76, 595873
0.76, 595740
0.77, 592756
0.77, 591253
0.77, 575991
0.77, 573831
0.77, 571207
0.77, 566293
0.78, 564279
0.78, 562278
0.78, 560654
0.79, 556454
0.79, 554631
0.79, 554225
0.80, 552841
0.80, 549908
0.80, 549650
0.80, 543171
0.80, 540874
0.80, 528081
0.80, 527548
0.80, 523986
0.80, 520075
0.80, 514587
0.80, 513520
0.80, 512796
0.80, 511191
0.80, 510255
0.80, 505635
0.80, 502490
0.82, 500953
0.82, 493157
0.82, 491053
0.82, 488167
0.82, 486418
0.82, 475098
0.82, 473497
0.82, 473000
0.82, 472010
0.82, 467948
0.82, 467934
0.82, 461482
0.82, 452764
0.82, 442092
0.82, 436689
0.82, 436635
0.82, 435772
0.82, 434494
0.82, 432460
0.82, 431835
0.82, 430003
0.82, 429140
0.82, 428663
0.82, 424320
0.82, 423054
0.82, 420113
0.83, 411977
0.83, 411113
0.83, 410587
0.83, 410423
0.83, 401171
0.83, 400037
0.83, 398954
0.83, 398512
0.85, 396258
0.85, 395267
0.85, 395214
0.85, 389268
0.85, 387340
0.85, 386173
0.85, 385474
0.85, 384683
0.85, 384399
0.85, 383273
0.85, 382644
0.85, 377218
0.85, 371300
0.85, 369826
0.85, 368128
0.85, 364016
0.85, 353827
0.85, 353288
0.85, 350463
0.86, 347137
0.86, 346774
0.86, 343146
0.86, 342224
0.86, 341944
0.86, 335034
0.86, 333836
0.86, 333353
0.86, 333268
0.86, 332168
0.86, 331695
0.86, 328449
0.86, 325834
0.86, 325464
0.86, 319635
0.86, 319252
0.87, 317909
0.87, 317703
0.87, 314945
0.87, 313737
0.87, 312975
0.87, 312582
0.87, 310322
0.87, 307827
0.87, 307563
0.87, 307090
0.87, 306950
0.87, 306172
0.88, 305581
0.88, 305244
0.88, 304175
0.88, 304135
0.88, 303217
0.88, 303211
0.88, 301841
0.88, 301384
0.88, 299953
0.88, 297227
0.88, 297225
0.88, 296068
0.88, 295763
0.88, 294012
0.88, 293244
0.88, 291493
0.88, 290489
0.88, 282532
0.88, 280934
0.88, 280280
0.88, 279887
0.88, 275112
0.88, 273801
0.88, 271122
0.88, 267337
0.88, 266538
0.89, 262794
0.89, 262230
0.89, 261067
0.89, 260691
0.89, 258655
0.89, 258235
0.89, 256443
0.89, 255516
0.89, 253528
0.89, 252137
0.89, 252035
0.89, 251386
0.89, 250574
0.89, 250132
0.89, 249734
0.89, 249395
0.89, 248510
0.89, 245953
0.89, 245877
0.89, 240895
0.89, 240834
0.90, 240567
0.90, 239820
0.90, 239646
0.90, 239303
0.90, 238742
0.90, 238652
0.90, 238237
0.90, 237658
0.90, 234270
0.90, 231824
0.90, 231344
0.91, 231158
0.91, 230139
0.91, 228844
0.91, 226171
0.91, 224951
0.92, 224804
0.92, 223520
0.92, 223466
0.92, 223346
0.92, 221762
0.92, 220645
0.92, 218316
0.92, 218271
0.92, 216198
0.92, 214380
0.92, 214345
0.92, 214310
0.92, 213507
0.92, 212373
0.92, 212330
0.93, 211600
0.93, 211050
0.93, 210170
0.93, 209230
0.93, 207649
0.93, 207458
0.94, 205992
0.94, 205578
0.94, 204927
0.94, 203911
0.95, 203632
0.95, 203328
0.95, 202252
0.95, 202203
0.95, 200926
0.95, 200500
0.95, 200261
0.95, 200159
0.95, 199842
0.96, 199780
0.96, 196950
0.96, 196875
0.96, 194651
0.96, 194206
0.97, 192812
0.97, 191595
0.97, 189921
0.97, 189755
0.97, 189268
0.97, 187983
0.98, 187441
0.98, 186348
0.98, 186150
0.98, 185260
0.99, 184652
0.99, 182396
0.99, 182383
0.99, 182277
1.00, 182062
1.00, 180932
1.00, 180853
1.00, 179769
1.01, 179116
1.01, 178618
1.01, 178445
1.01, 177406
1.01, 176593
1.01, 176561
1.01, 175721
1.02, 174852
1.02, 174346
1.02, 172322
1.02, 171623
1.02, 171372
1.02, 169681
1.03, 169664
1.03, 169065
1.03, 168003
1.04, 167048
1.04, 166913
1.04, 166145
1.05, 166012
1.05, 165548
1.06, 165339
1.06, 160821
1.07, 160672
1.09, 159872
1.11, 159536
1.12, 158140
1.16, 157638
1.19, 157599
1.22, 157551
1.23, 157097
1.24, 156746
1.30, 155230
1.33, 155115
1.34, 154447
1.39, 154246
1.41, 153397
1.61, 153307
1.63, 153109
1.98, 153106
5.03, 153101
5.03, 153015
5.03, 152861
5.03, 152703
5.04, 152037
5.05, 151791
5.07, 150233
5.07, 150095
5.09, 150002
5.12, 148657
5.13, 148307
5.25, 147675
5.33, 147576
5.34, 147197
5.51, 147041
5.64, 146505
