0.10, 695705
0.19, 664173
0.28, 636109
0.37, 614023
0.45, 591113
0.54, 569616
0.65, 551106
0.74, 533253
0.83, 517367
0.92, 500575
1.01, 485555
1.09, 471357
1.18, 458946
1.28, 445958
1.37, 433612
1.46, 422982
1.56, 413358
1.65, 401078
1.74, 391846
1.83, 382633
1.93, 373476
2.02, 363437
2.11, 354369
2.19, 345750
2.28, 337154
2.37, 328725
2.46, 320618
2.54, 312657
2.61, 305445
2.69, 298386
2.79, 291419
2.89, 284382
2.99, 278225
3.09, 272368
3.18, 267035
3.28, 258718
3.37, 253402
3.47, 248828
3.56, 244310
3.64, 240517
3.71, 236041
3.81, 231870
3.90, 227954
4.00, 224182
4.10, 220639
4.21, 217237
4.30, 214112
4.38, 210717
4.47, 207619
4.57, 204594
4.67, 201399
4.76, 198640
4.86, 195721
4.95, 192971
5.05, 189291
5.15, 186731
5.25, 184262
5.34, 182069
5.44, 179478
5.54, 176004
5.64, 174086
5.73, 172190
5.83, 170237
5.92, 168395
6.00, 166638
6.08, 165092
6.16, 163724
6.24, 162507
6.32, 161409
6.41, 159899
6.50, 158901
6.60, 158120
6.69, 157359
6.79, 156627
6.88, 156043
6.98, 155216
7.07, 154657
7.16, 153971
7.26, 151407
7.36, 150857
7.46, 150318
7.56, 149815
7.65, 149478
7.74, 148591
7.83, 148271
7.93, 148038
8.01, 147812
8.09, 147594
8.17, 147396
8.26, 147212
8.34, 147050
8.44, 146604
8.52, 145982
8.61, 145630
8.69, 145088
8.78, 144912
8.86, 144756
8.95, 144645
9.05, 144150
9.14, 144137
9.23, 143700
9.40, 689870
9.49, 666091
9.57, 645122
9.65, 624307
9.73, 604665
9.82, 586458
9.91, 568628
10.01, 552711
10.12, 535510
10.23, 517853
10.35, 504496
10.45, 489721
10.55, 476205
10.65, 462972
10.75, 450504
10.84, 438702
10.92, 426216
11.00, 414662
11.09, 403848
11.19, 392379
11.30, 381074
11.41, 370891
11.52, 360801
11.62, 352103
11.73, 343174
11.83, 335229
11.93, 326912
12.03, 319003
12.13, 311356
12.23, 303597
12.33, 296682
12.44, 289924
12.53, 283770
12.63, 277705
12.80, 271808
12.92, 266265
13.02, 260717
13.12, 255773
13.22, 250338
13.32, 244933
13.43, 240577
13.52, 236471
13.62, 232385
13.71, 228268
13.81, 223478
13.90, 219748
13.99, 216110
14.08, 212571
14.18, 209183
14.26, 206088
14.34, 203169
14.42, 200080
14.50, 197413
14.58, 194273
14.66, 191569
14.75, 189672
14.84, 187710
14.93, 185869
15.02, 184035
15.12, 182228
15.22, 180564
15.32, 178916
15.41, 177274
15.51, 175784
15.60, 174345
15.70, 173023
15.78, 171603
15.88, 170320
15.96, 169039
16.04, 167796
16.14, 166567
16.24, 165522
16.34, 164505
16.44, 163498
16.54, 162239
16.64, 161318
16.72, 160417
16.81, 159536
16.89, 158698
16.98, 157871
17.07, 157067
17.18, 156270
17.29, 155495
17.39, 154169
17.49, 153007
17.60, 152219
17.70, 151488
17.80, 150776
17.91, 150154
18.01, 149596
18.10, 149054
18.20, 148518
18.30, 148017
18.40, 147041
18.49, 146642
18.59, 146320
18.69, 144049
18.78, 143797
18.87, 143571
18.96, 143349
19.07, 143131
19.17, 142947
19.26, 142811
19.36, 142700
19.46, 142116
19.56, 142047
19.75, 692648
19.85, 665525
19.94, 642817
20.04, 620390
20.15, 599709
20.26, 580306
20.35, 564110
20.44, 547403
20.54, 531248
20.65, 513977
20.75, 500067
20.85, 486687
20.95, 473712
21.06, 462072
21.16, 449527
21.25, 438898
21.35, 425649
21.45, 414231
21.55, 403611
21.64, 393355
21.72, 383485
21.82, 373639
21.93, 363622
22.04, 353806
22.14, 344741
22.24, 335908
22.34, 327946
22.45, 320128
22.56, 311794
22.66, 302746
22.76, 294230
22.87, 286644
22.97, 279539
23.06, 272465
23.16, 265639
23.26, 258828
23.34, 252025
23.42, 246310
23.50, 240818
23.59, 235830
23.68, 230684
23.79, 226514
23.89, 222600
23.99, 218536
24.09, 214998
24.20, 211619
24.29, 208393
24.39, 205612
24.48, 202872
24.58, 200166
24.69, 197680
24.79, 195446
24.90, 193040
25.01, 190025
25.11, 187999
25.22, 186165
25.32, 183434
25.41, 181686
25.51, 180043
25.60, 178401
25.69, 176955
25.79, 175687
25.89, 173524
25.98, 172052
26.06, 170400
26.15, 169211
26.24, 167792
26.33, 166610
26.42, 165446
26.50, 164346
26.59, 163348
26.68, 162361
26.77, 161331
26.85, 160173
26.94, 158942
27.03, 158056
27.11, 157209
27.20, 156380
27.29, 155586
27.38, 154333
27.47, 153640
27.56, 153075
27.65, 152613
27.73, 151439
27.82, 150727
27.90, 150344
27.97, 149993
28.06, 149434
28.14, 149086
28.22, 148860
28.30, 148676
28.39, 148492
28.47, 148375
28.55, 147817
28.63, 147291
28.71, 146476
28.80, 146386
28.88, 145778
28.96, 145699
29.04, 145610
29.12, 145244
29.20, 145219
29.28, 144490
29.36, 144473
29.45, 143795
29.53, 143778
29.69, 707823
29.78, 681483
29.89, 656289
30.00, 632844
30.11, 611321
30.22, 590888
30.32, 571672
30.43, 553024
30.53, 534787
30.63, 518566
30.74, 502690
30.84, 486123
30.94, 470954
31.04, 457385
31.14, 444184
31.24, 431581
31.35, 418519
31.45, 405986
31.55, 394845
31.64, 384151
31.73, 374342
31.83, 364814
31.93, 355094
32.02, 346134
32.11, 338223
32.19, 330320
32.28, 322610
32.36, 314762
32.44, 307430
32.51, 300102
32.59, 292858
32.67, 286365
32.76, 279745
32.84, 274132
32.92, 267476
33.01, 262056
33.09, 256821
33.17, 252091
33.25, 246400
33.33, 241283
33.41, 237247
33.49, 233212
33.57, 228316
33.65, 223835
33.73, 220347
33.82, 216597
33.90, 213203
33.98, 209119
34.06, 206057
34.14, 202358
34.22, 199832
34.31, 197274
34.38, 194448
34.46, 192006
34.54, 189521
34.63, 187363
34.71, 185238
34.79, 183148
34.87, 181056
34.96, 179065
35.05, 177057
35.14, 174803
35.22, 173046
35.31, 171325
35.39, 169688
35.47, 168057
35.55, 166631
35.63, 165280
35.71, 163965
35.79, 162865
35.87, 161874
35.95, 160904
36.03, 159620
36.11, 158663
36.19, 157804
36.28, 156983
36.36, 155067
36.45, 154308
36.55, 153575
36.64, 152287
36.76, 151560
36.86, 150862
36.97, 149699
37.07, 148987
37.18, 148309
37.27, 147658
37.36, 147030
37.45, 146410
37.55, 145794
37.63, 145215
37.71, 144655
37.80, 144101
37.89, 143565
37.99, 143091
38.08, 142794
38.16, 142520
38.24, 141760
38.33, 141496
38.41, 141278
38.49, 141064
38.57, 140880
38.65, 140705
38.73, 140577
38.81, 140522
38.92, 140472
39.03, 140452
39.13, 139756
39.24, 139675
39.35, 139672
