0.00, 716774
0.00, 713341
0.00, 706252
0.00, 706223
0.00, 705751
0.00, 702263
0.00, 701293
0.00, 694782
0.00, 690780
0.01, 690461
0.01, 686456
0.01, 685071
0.01, 678227
0.01, 663510
0.04, 662832
0.04, 655143
0.08, 654484
0.08, 650731
0.08, 646432
0.08, 645244
0.37, 642040
0.37, 639680
0.37, 638301
0.37, 635750
0.37, 624419
0.37, 619330
0.38, 616325
0.38, 609915
0.38, 602248
0.38, 595445
0.38, 588103
0.38, 585935
0.38, 584445
0.38, 584430
0.38, 583966
0.40, 583487
0.40, 582526
0.40, 577101
0.40, 575692
0.40, 574999
0.40, 574211
0.40, 570800
0.40, 567133
0.40, 564353
0.41, 560651
0.41, 559353
0.41, 555476
0.41, 549909
0.41, 549017
0.41, 548245
0.41, 547100
0.41, 546138
0.41, 545617
0.41, 545361
0.41, 541278
0.41, 539361
0.41, 539197
0.41, 535575
0.41, 532990
0.41, 529011
0.41, 526572
0.41, 526413
0.41, 522176
0.41, 521013
0.41, 520481
0.41, 517650
0.41, 516688
0.41, 515355
0.41, 513297
0.42, 512434
0.42, 512275
0.42, 509514
0.42, 508961
0.42, 507218
0.42, 505991
0.42, 504593
0.42, 501327
0.42, 501119
0.42, 499119
0.42, 496501
0.42, 496358
0.42, 496180
0.42, 488335
0.42, 485306
0.42, 482747
0.42, 482739
0.42, 481338
0.42, 474880
0.42, 474539
0.42, 470991
0.42, 470743
0.42, 465923
0.42, 465493
0.42, 461835
0.42, 460662
0.42, 456206
0.43, 455017
0.43, 453231
0.43, 452304
0.43, 447658
0.43, 447516
0.43, 447431
0.43, 446004
0.43, 440251
0.44, 439896
0.44, 439805
0.44, 438141
0.44, 436438
0.44, 434597
0.44, 433700
0.44, 433681
0.44, 428886
0.44, 428545
0.44, 427941
0.44, 422680
0.44, 421099
0.44, 420781
0.44, 414475
0.44, 414124
0.44, 409941
0.44, 409749
0.44, 406173
0.44, 403992
0.44, 396009
0.44, 391644
0.44, 388789
0.44, 387067
0.44, 385507
0.44, 383868
0.44, 383218
0.45, 382141
0.45, 380192
0.45, 378039
0.45, 377697
0.45, 375547
0.46, 373342
0.46, 370357
0.46, 369611
0.46, 365878
0.46, 359811
0.46, 357785
0.46, 356178
0.46, 356091
0.46, 355171
0.46, 355054
0.46, 354382
0.46, 354328
0.46, 350465
0.46, 349170
0.46, 348276
0.46, 347638
0.46, 344448
0.46, 341244
0.46, 340852
0.46, 339536
0.46, 338667
0.46, 337425
0.46, 333811
0.46, 333618
0.46, 332924
0.46, 331791
0.46, 328655
0.46, 328623
0.46, 324520
0.47, 323617
0.47, 322444
0.47, 321873
0.47, 318745
0.48, 317978
0.48, 316853
0.48, 315327
0.48, 314770
0.48, 313661
0.48, 313491
0.48, 312681
0.48, 311624
0.48, 310798
0.48, 308805
0.48, 307550
0.48, 304958
0.48, 304646
0.48, 303974
0.48, 303356
0.49, 302439
0.49, 302229
0.49, 299359
0.49, 298059
0.49, 296738
0.49, 293322
0.49, 293199
0.49, 290634
0.49, 285980
0.49, 285587
0.49, 284871
0.49, 284622
0.49, 284135
0.49, 283057
0.49, 281556
0.49, 280101
0.49, 278447
0.49, 278142
0.49, 274243
0.49, 272355
0.49, 269185
0.49, 267598
0.50, 265994
0.50, 264936
0.50, 264376
0.50, 262145
0.50, 261904
0.50, 260345
0.50, 260204
0.50, 259893
0.50, 259631
0.50, 258381
0.50, 257285
0.50, 256629
0.50, 254526
0.50, 254011
0.50, 253867
0.50, 252344
0.51, 252146
0.51, 250031
0.51, 247909
0.51, 246784
0.51, 246386
0.51, 246013
0.51, 242872
0.51, 242532
0.51, 242298
0.51, 242204
0.51, 238138
0.51, 237849
0.51, 237692
0.51, 237071
0.51, 236586
0.51, 235707
0.52, 235329
0.52, 235260
0.52, 233882
0.52, 233779
0.52, 232789
0.52, 231370
0.52, 229878
0.52, 229770
0.52, 229572
0.53, 229246
0.53, 229241
0.53, 226262
0.53, 225357
0.53, 225274
0.53, 224867
0.53, 224379
0.53, 223807
0.54, 223679
0.54, 223508
0.54, 220734
0.54, 218848
0.54, 216681
0.54, 216135
0.54, 214851
0.54, 214615
0.54, 212695
0.54, 211917
0.54, 210245
0.54, 209787
0.54, 209374
0.54, 208604
0.55, 206506
0.55, 206497
0.55, 206459
0.55, 206455
0.55, 206099
0.55, 205491
0.55, 204662
0.55, 204005
0.55, 203833
0.55, 202881
0.56, 202772
0.56, 202473
0.56, 200794
0.56, 200584
0.57, 199547
0.57, 199453
0.57, 199321
0.57, 198826
0.57, 197510
0.57, 197120
0.58, 196496
0.58, 196369
0.58, 196349
0.58, 195923
0.58, 195421
0.58, 195249
0.58, 194789
0.58, 194008
0.58, 193117
0.58, 192764
0.59, 191865
0.59, 189037
0.59, 188500
0.59, 188455
0.59, 187634
0.59, 185730
0.59, 185594
0.59, 185115
0.60, 184574
0.60, 184333
0.60, 182666
0.60, 182528
0.61, 180977
0.61, 179576
0.62, 179008
0.62, 178311
0.62, 177066
0.62, 176439
0.62, 175539
0.63, 175074
0.63, 174715
0.63, 174712
0.63, 174133
0.64, 174017
0.65, 173859
0.65, 172894
0.65, 172700
0.67, 172467
0.68, 171903
0.73, 171733
0.74, 171373
0.75, 170476
0.75, 169841
0.75, 169140
0.75, 168423
0.76, 168177
0.76, 167704
0.76, 167432
0.76, 166771
0.78, 166218
0.79, 166101
0.79, 166070
0.82, 165631
0.83, 165273
0.89, 164952
0.90, 164893
0.90, 164608
0.95, 164346
0.95, 164295
0.96, 163443
1.01, 162675
1.07, 162499
1.08, 161846
1.11, 161762
2.52, 161619
2.53, 161469
2.54, 160694
2.56, 160074
2.59, 160066
2.61, 157205
2.61, 156836
2.64, 156650
2.64, 155178
2.65, 153242
2.75, 150816
3.00, 149893
6.22, 149822
6.28, 149305
6.29, 149195
6.29, 147439
6.36, 146679
6.39, 146245
