0.00, 752578
0.00, 751357
0.00, 740106
0.00, 738258
0.00, 732975
0.00, 732893
0.00, 728560
0.00, 727706
0.00, 726440
0.00, 725597
0.00, 722115
0.00, 718322
0.00, 707626
0.00, 703792
0.00, 701444
0.01, 700169
0.01, 692342
0.01, 689285
0.01, 686862
0.01, 685129
0.01, 684888
0.01, 682070
0.01, 681954
0.05, 674727
0.05, 672804
0.05, 668463
0.12, 642838
0.12, 630653
0.12, 619371
0.12, 616776
0.34, 614677
0.34, 612291
0.34, 612041
0.34, 601052
0.38, 599422
0.38, 597409
0.39, 596509
0.39, 596250
0.39, 594676
0.39, 593327
0.39, 591261
0.39, 589346
0.39, 587665
0.39, 581267
0.39, 579645
0.39, 573952
0.39, 559901
0.39, 559896
0.39, 558994
0.39, 556952
0.39, 548592
0.39, 547079
0.39, 544952
0.39, 541544
0.39, 539888
0.39, 536213
0.39, 534639
0.39, 526854
0.39, 524106
0.39, 521424
0.39, 519625
0.39, 518414
0.39, 514661
0.39, 513545
0.39, 500745
0.39, 497161
0.39, 495490
0.40, 493180
0.40, 492929
0.40, 492877
0.42, 488033
0.42, 485747
0.42, 485460
0.43, 484307
0.43, 482802
0.43, 480092
0.43, 479883
0.43, 477705
0.43, 476985
0.43, 474533
0.43, 471743
0.43, 467102
0.43, 466372
0.43, 461528
0.43, 460810
0.43, 460141
0.43, 459278
0.43, 453500
0.43, 453295
0.43, 451271
0.43, 451006
0.43, 450944
0.43, 449625
0.44, 449549
0.44, 447025
0.44, 445131
0.44, 444819
0.44, 444508
0.44, 444386
0.44, 441573
0.44, 436345
0.44, 433606
0.44, 432600
0.44, 432267
0.44, 432224
0.44, 432018
0.44, 431588
0.44, 431196
0.44, 429348
0.44, 428188
0.44, 426321
0.44, 423930
0.44, 423756
0.44, 422727
0.44, 419826
0.44, 418342
0.44, 416417
0.44, 415919
0.44, 414143
0.44, 413305
0.44, 404358
0.44, 401033
0.44, 400816
0.44, 392348
0.45, 389909
0.45, 387969
0.45, 387629
0.45, 387213
0.45, 383406
0.45, 379206
0.45, 378520
0.45, 378181
0.45, 371906
0.45, 368007
0.45, 366889
0.45, 366312
0.45, 364062
0.45, 363743
0.45, 362347
0.45, 359399
0.45, 356769
0.45, 355512
0.45, 354521
0.45, 353023
0.45, 349356
0.46, 348574
0.46, 347458
0.46, 345387
0.47, 344784
0.47, 344768
0.47, 344715
0.47, 343756
0.47, 343376
0.47, 343332
0.47, 342469
0.47, 338723
0.47, 337163
0.47, 337139
0.47, 336719
0.47, 335251
0.47, 330355
0.47, 330331
0.47, 329797
0.47, 329756
0.47, 329576
0.47, 328791
0.48, 322381
0.48, 322105
0.48, 321800
0.48, 320244
0.48, 319749
0.48, 319534
0.48, 317944
0.48, 317360
0.48, 317267
0.48, 316832
0.48, 316351
0.48, 315621
0.48, 315285
0.48, 314510
0.48, 313615
0.48, 312060
0.48, 310820
0.48, 309948
0.48, 309279
0.48, 308100
0.48, 308067
0.48, 306798
0.48, 303578
0.48, 303070
0.48, 302444
0.48, 302029
0.48, 301693
0.48, 299638
0.48, 299570
0.48, 298399
0.48, 298013
0.48, 294563
0.48, 293259
0.49, 291864
0.49, 291716
0.49, 290069
0.49, 289360
0.49, 288932
0.49, 288751
0.49, 288522
0.49, 287458
0.49, 285871
0.49, 282957
0.49, 282921
0.49, 282459
0.49, 281799
0.49, 281217
0.49, 277541
0.50, 277474
0.50, 274014
0.50, 269382
0.50, 267450
0.50, 267432
0.50, 265786
0.50, 264809
0.50, 264805
0.50, 263717
0.50, 263513
0.50, 262783
0.50, 262733
0.50, 262594
0.50, 262458
0.50, 262276
0.50, 261533
0.50, 259690
0.50, 258543
0.50, 256751
0.50, 256667
0.50, 256624
0.51, 255645
0.51, 255632
0.51, 254093
0.51, 253137
0.51, 252168
0.51, 251833
0.51, 250076
0.51, 249991
0.51, 249797
0.51, 249766
0.51, 249334
0.52, 246312
0.52, 245892
0.52, 245126
0.52, 244643
0.52, 243301
0.52, 243064
0.52, 242993
0.52, 242294
0.52, 241960
0.52, 241403
0.52, 241242
0.53, 239676
0.53, 238511
0.53, 231090
0.53, 227746
0.53, 226402
0.53, 224699
0.53, 224300
0.53, 223969
0.53, 223924
0.53, 220255
0.53, 219651
0.53, 218011
0.53, 217475
0.54, 217404
0.54, 217204
0.54, 216563
0.54, 216420
0.54, 216259
0.54, 215061
0.54, 214935
0.54, 214795
0.54, 213940
0.54, 213773
0.55, 213627
0.55, 213478
0.55, 213473
0.55, 213280
0.55, 211918
0.55, 211813
0.55, 211505
0.55, 210861
0.55, 210216
0.55, 207855
0.55, 207663
0.55, 207658
0.56, 205693
0.56, 191162
0.56, 189793
0.56, 189361
0.56, 188918
0.56, 188776
0.56, 187166
0.56, 187128
0.57, 186787
0.57, 185896
0.57, 185026
0.57, 183878
0.58, 183712
0.58, 181922
0.58, 181918
0.58, 181824
0.58, 180897
0.58, 179230
0.59, 177025
0.59, 176862
0.59, 176770
0.60, 176656
0.60, 171668
0.60, 170580
0.60, 169975
0.61, 169611
0.62, 169530
0.62, 168750
0.62, 167965
0.62, 167793
0.63, 167665
0.63, 167387
0.63, 167142
0.64, 167044
0.64, 166243
0.65, 165742
0.65, 165323
0.66, 164394
0.67, 164306
0.67, 164301
0.68, 164252
0.68, 163662
0.68, 163637
0.68, 162825
0.69, 162588
0.69, 162335
0.69, 161198
0.71, 160444
0.72, 160125
0.77, 160091
0.78, 159754
0.79, 157892
0.80, 157891
0.81, 156501
0.83, 155426
0.83, 154082
0.91, 153916
0.92, 153578
0.94, 153577
0.95, 153474
0.99, 153028
1.01, 152994
2.54, 152970
2.92, 152391
