0.11, 769553
0.21, 741660
0.32, 716654
0.42, 696700
0.51, 674803
0.63, 656228
0.73, 638411
0.84, 620450
0.94, 603983
1.04, 588417
1.13, 571555
1.23, 554646
1.34, 539461
1.44, 525440
1.53, 511468
1.63, 496539
1.71, 483334
1.81, 470678
1.89, 458592
1.97, 446672
2.08, 434589
2.17, 421194
2.26, 409568
2.36, 398222
2.45, 387283
2.54, 377298
2.64, 367375
2.73, 356145
2.83, 345400
2.92, 335546
3.01, 326168
3.10, 316530
3.20, 307261
3.29, 297519
3.40, 288825
3.49, 280323
3.59, 272605
3.68, 265351
3.76, 258463
3.86, 252773
3.96, 247516
4.05, 242775
4.13, 237204
4.21, 232831
4.29, 229046
4.37, 225575
4.46, 221606
4.56, 217711
4.65, 214668
4.74, 211639
4.83, 208644
4.91, 205807
4.99, 203010
5.09, 200110
5.18, 197417
5.27, 195009
5.37, 192889
5.46, 191244
5.55, 189606
5.64, 188005
5.73, 186434
5.82, 184010
5.91, 181638
6.00, 178195
6.10, 176639
6.19, 174692
6.28, 172693
6.36, 169625
6.45, 167244
6.55, 165507
6.64, 163995
6.74, 162212
6.83, 160802
6.92, 159430
7.01, 158065
7.10, 156756
7.20, 155669
7.29, 154662
7.37, 153719
7.47, 152795
7.57, 151971
7.66, 151170
7.75, 150374
7.84, 149580
7.93, 148620
8.01, 148009
8.10, 147408
8.20, 145115
8.29, 144533
8.38, 144002
8.47, 143584
8.56, 143232
8.65, 142949
8.74, 142675
8.83, 142449
8.92, 142246
9.01, 142062
9.11, 141903
9.20, 141785
9.29, 141158
9.38, 141055
9.47, 140765
9.56, 140544
9.65, 139236
9.75, 138723
9.84, 138644
9.93, 137798
10.11, 671579
10.20, 650624
10.29, 629673
10.38, 605529
10.46, 585451
10.55, 566986
10.64, 549042
10.73, 533482
10.82, 518336
10.90, 503621
10.99, 488826
11.08, 474559
11.17, 460391
11.25, 446699
11.33, 434345
11.41, 422476
11.49, 410613
11.58, 398491
11.66, 387101
11.75, 376441
11.87, 365920
11.96, 354537
12.05, 344216
12.18, 334289
12.29, 324723
12.38, 314418
12.47, 305406
12.55, 296648
12.63, 288828
12.71, 281721
12.80, 274921
12.89, 268929
12.98, 263408
13.06, 258174
13.14, 253684
13.25, 249465
13.33, 244737
13.42, 240615
13.50, 236588
13.58, 232888
13.66, 229503
13.75, 226249
13.83, 223048
13.91, 218076
13.99, 215003
14.08, 211857
14.16, 209204
14.24, 205658
14.33, 202724
14.41, 200108
14.49, 197545
14.57, 194916
14.65, 192414
14.73, 189981
14.82, 187951
14.90, 186179
14.99, 184442
15.08, 182729
15.16, 181084
15.24, 179440
15.33, 177085
15.42, 175465
15.50, 173895
15.58, 172557
15.67, 171257
15.75, 170049
15.83, 168940
15.92, 167218
16.00, 165806
16.08, 164728
16.16, 163763
16.24, 162812
16.32, 161111
16.40, 160193
16.49, 159278
16.58, 158419
16.67, 157585
16.76, 156751
16.86, 155956
16.95, 154719
17.03, 153712
17.14, 152798
17.23, 152076
17.32, 151372
17.41, 150670
17.52, 147871
17.62, 147259
17.72, 146547
17.81, 146024
17.89, 145535
17.97, 145044
18.06, 144001
18.14, 143554
18.22, 143133
18.31, 142775
18.40, 142476
18.49, 142052
18.59, 141831
18.67, 140523
18.75, 140010
18.84, 139801
18.94, 139617
19.05, 139461
19.16, 139015
19.27, 138824
19.37, 138476
19.48, 138292
19.58, 138181
19.67, 137205
19.77, 137004
19.87, 136935
19.96, 136866
20.06, 136811
20.15, 136786
20.33, 692610
20.43, 668696
20.52, 645478
20.60, 621653
20.69, 599744
20.78, 579488
20.88, 560393
20.97, 542678
21.06, 525260
21.14, 508589
21.22, 491350
21.31, 476563
21.40, 462140
21.48, 448524
21.57, 435323
21.65, 422222
21.75, 410839
21.84, 398638
21.93, 386821
22.01, 376383
22.09, 367171
22.18, 357968
22.27, 348807
22.36, 339834
22.44, 330903
22.53, 323183
22.62, 315854
22.72, 309139
22.80, 299926
22.88, 292489
22.96, 285499
23.04, 278786
23.13, 272837
23.22, 266929
23.31, 262166
23.39, 257569
23.47, 252578
23.55, 248487
23.64, 244410
23.73, 240361
23.82, 236381
23.91, 232587
24.00, 228233
24.09, 224645
24.18, 221025
24.27, 218066
24.35, 215069
24.44, 211935
24.52, 209505
24.60, 207183
24.68, 204695
24.77, 202394
24.85, 199996
24.93, 197826
25.01, 195944
25.09, 194064
25.18, 190769
25.26, 188754
25.33, 186929
25.41, 185189
25.49, 183595
25.57, 182028
25.65, 180565
25.74, 179138
25.82, 177717
25.90, 176195
25.98, 174795
26.06, 173397
26.14, 171491
26.22, 170103
26.30, 168741
26.38, 167299
26.46, 166182
26.54, 165277
26.62, 164381
26.70, 163519
26.78, 162579
26.86, 161730
26.95, 160910
27.05, 160090
27.15, 159342
27.23, 158594
27.32, 157899
27.43, 157154
27.53, 156520
27.63, 155465
27.72, 154916
27.82, 154411
27.92, 153920
28.01, 153437
28.11, 151220
28.22, 150487
28.32, 150005
28.42, 149558
28.52, 149246
28.62, 148949
28.71, 148610
28.82, 148358
28.92, 148123
29.02, 147939
29.12, 147756
29.22, 147145
29.31, 146927
29.41, 146757
29.51, 146513
29.60, 146312
29.71, 146195
29.81, 145837
29.91, 145732
30.02, 145629
30.12, 145560
30.22, 145532
30.30, 145219
30.38, 145211
30.47, 143846
30.64, 748186
30.75, 722354
30.85, 699482
30.96, 679771
31.07, 657058
31.16, 638728
31.28, 619885
31.44, 601435
31.56, 583633
31.66, 566018
31.76, 549556
31.85, 533899
31.95, 517994
32.06, 504016
32.16, 491048
32.25, 478200
32.35, 465487
32.45, 452808
32.55, 441012
32.65, 428236
32.76, 416715
32.86, 405963
32.95, 394647
33.03, 384499
33.13, 373478
33.23, 363743
33.33, 354166
33.43, 345226
33.53, 336845
33.62, 328841
33.72, 321022
33.82, 313666
33.92, 306670
34.02, 300084
34.14, 292554
34.24, 286409
34.35, 280597
34.45, 274231
34.55, 267083
34.64, 260939
34.73, 255228
34.84, 249439
34.93, 243899
35.03, 238824
35.12, 233987
35.23, 229464
35.32, 225387
35.41, 221603
35.49, 217916
35.58, 214453
35.69, 211755
35.79, 209124
35.89, 206621
35.99, 204272
36.09, 201287
36.20, 198402
36.31, 196152
36.42, 194032
36.53, 191593
36.63, 189555
36.72, 187557
36.82, 185581
36.92, 183698
37.03, 181827
37.13, 180159
37.22, 178602
37.32, 176719
37.42, 175000
37.52, 173447
37.61, 171951
37.70, 170517
37.80, 168978
37.90, 167637
38.00, 166375
38.10, 164920
38.20, 163700
38.30, 162549
38.40, 161460
38.49, 160398
38.59, 159391
38.69, 158488
38.78, 157684
38.88, 156883
38.97, 156174
39.07, 155539
39.17, 154954
39.27, 154405
39.36, 153386
39.46, 152858
39.54, 152417
39.61, 150146
39.70, 149735
39.80, 149347
39.89, 148968
39.99, 148649
40.09, 148336
40.19, 148060
40.28, 147733
40.38, 146939
40.48, 146518
40.58, 146248
40.69, 146022
40.79, 145812
40.89, 145701
41.00, 145377
41.11, 145274
41.21, 145215
41.31, 145134
41.41, 145066
41.51, 143927
41.61, 143877
