0.08, 624825
0.17, 606477
0.27, 588921
0.36, 572286
0.45, 555978
0.54, 540531
0.64, 525314
0.73, 511381
0.82, 497669
0.91, 484665
1.00, 470839
1.08, 457680
1.16, 446284
1.24, 434845
1.32, 424149
1.40, 413559
1.48, 403395
1.59, 393647
1.68, 383910
1.77, 374515
1.87, 365417
1.96, 356841
2.05, 348924
2.14, 340477
2.23, 333490
2.33, 326085
2.41, 319222
2.51, 311559
2.60, 305213
2.68, 299013
2.77, 292367
2.86, 285757
2.96, 279283
3.05, 272928
3.14, 267264
3.23, 262374
3.31, 255951
3.40, 250252
3.57, 245622
3.69, 241137
3.80, 236462
3.92, 231882
4.02, 227568
4.12, 223288
4.23, 219473
4.34, 215627
4.45, 212250
4.55, 209258
4.66, 206304
4.77, 203078
4.89, 200218
5.00, 197782
5.11, 195348
5.23, 193084
5.33, 190664
5.43, 187602
5.53, 185227
5.63, 182979
5.73, 180795
5.83, 178677
5.92, 176327
6.00, 173277
6.09, 171215
6.18, 169287
6.27, 167462
6.38, 165642
6.46, 163945
6.55, 161663
6.64, 160201
6.73, 158756
6.82, 157434
6.92, 156199
7.03, 155100
7.13, 154212
7.22, 153339
7.32, 152590
7.42, 151320
7.52, 150609
7.61, 149914
7.70, 148044
7.78, 146343
7.86, 145485
7.94, 144962
8.02, 144461
8.10, 143980
8.18, 143215
8.26, 142851
8.34, 142513
8.44, 142200
8.54, 141907
8.64, 141655
8.73, 141429
8.82, 141287
8.92, 141053
9.02, 140768
9.12, 140210
9.21, 140082
9.30, 139989
9.38, 139660
9.46, 139610
9.56, 139593
9.75, 745776
9.85, 716011
9.94, 691555
10.03, 668931
10.13, 647966
10.23, 625825
10.32, 607115
10.40, 588909
10.50, 571610
10.61, 553734
10.72, 534668
10.81, 518601
10.99, 503032
11.10, 486873
11.19, 469778
11.31, 456806
11.41, 442491
11.52, 429696
11.62, 417319
11.72, 405259
11.82, 394946
11.92, 384431
12.02, 373676
12.11, 361935
12.20, 351964
12.29, 342198
12.39, 332626
12.50, 323900
12.60, 316496
12.72, 307992
12.82, 300378
12.92, 293429
13.02, 286064
13.12, 281083
13.21, 276189
13.30, 269990
13.39, 263875
13.48, 258825
13.55, 254209
13.64, 249761
13.72, 245474
13.80, 241326
13.88, 237307
13.96, 233346
14.05, 227836
14.13, 223923
14.21, 219859
14.29, 216596
14.37, 213487
14.46, 210520
14.55, 207844
14.64, 205170
14.72, 202506
14.80, 199916
14.89, 197594
14.98, 195301
15.07, 193095
15.14, 191021
15.23, 188967
15.30, 186978
15.39, 185091
15.47, 183204
15.55, 181403
15.63, 179603
15.71, 177762
15.79, 176087
15.87, 174419
15.95, 172820
16.03, 171298
16.12, 169537
16.21, 168185
16.29, 166874
16.38, 165587
16.46, 164311
16.54, 163368
16.62, 162432
16.70, 161551
16.78, 160516
16.86, 159348
16.94, 158376
17.02, 157412
17.10, 156550
17.18, 155747
17.26, 154830
17.35, 154081
17.43, 153343
17.51, 152494
17.59, 151777
17.68, 149850
17.75, 149271
17.83, 148719
17.91, 148196
17.99, 147689
18.07, 147186
18.15, 146691
18.23, 146284
18.31, 145898
18.39, 145562
18.47, 145304
18.56, 145009
18.64, 144692
18.72, 144445
18.80, 144199
18.88, 144031
18.96, 143920
19.04, 143862
19.12, 143326
19.19, 143296
19.27, 143050
19.35, 142419
19.43, 141928
19.51, 141921
19.59, 141852
19.77, 711297
19.86, 686239
19.95, 662854
20.03, 642358
20.11, 621961
20.19, 603664
20.27, 586803
20.35, 570156
20.43, 554861
20.51, 539173
20.58, 524327
20.67, 510225
20.75, 496207
20.83, 482256
20.91, 467713
21.00, 455445
21.08, 442975
21.16, 431146
21.24, 419979
21.32, 409256
21.40, 399172
21.48, 389156
21.57, 379245
21.65, 370142
21.74, 361073
21.82, 352394
21.90, 344010
21.98, 335566
22.06, 327437
22.14, 320136
22.22, 313338
22.30, 306706
22.38, 300217
22.46, 293763
22.54, 287461
22.62, 281596
22.70, 275739
22.79, 270777
22.87, 266342
22.95, 262050
23.03, 256903
23.11, 252612
23.19, 248240
23.28, 242467
23.36, 238288
23.44, 234209
23.52, 230168
23.60, 226148
23.68, 222290
23.76, 217950
23.84, 214195
23.92, 210527
24.01, 207453
24.09, 204848
24.17, 202471
24.24, 200152
24.33, 196929
24.41, 194722
24.50, 192516
24.59, 189482
24.67, 187418
24.76, 185249
24.84, 183233
24.93, 181299
25.01, 178610
25.09, 176679
25.17, 174570
25.25, 172665
25.33, 170844
25.42, 169448
25.50, 168089
25.59, 166682
25.67, 165349
25.75, 164044
25.83, 162767
25.91, 161496
25.99, 160427
26.07, 159364
26.16, 158398
26.25, 157464
26.34, 156615
26.43, 155842
26.52, 154322
26.61, 153561
26.70, 152802
26.78, 152079
26.86, 151370
26.94, 150674
27.03, 149537
27.11, 148842
27.19, 148174
27.26, 147518
27.34, 146862
27.42, 146204
27.50, 145588
27.58, 145141
27.66, 144711
27.74, 144285
27.84, 143844
27.92, 143440
28.01, 143041
28.10, 142648
28.19, 142262
28.29, 141883
28.39, 141620
28.49, 141410
28.59, 141223
28.67, 140764
28.76, 140406
28.85, 140140
28.94, 140037
29.03, 139935
29.13, 139876
29.22, 139460
29.41, 715365
29.51, 688899
29.59, 664253
29.68, 643393
29.77, 623661
29.86, 602926
29.96, 584592
30.06, 569205
30.16, 553128
30.26, 536233
30.36, 520426
30.46, 506049
30.56, 492740
30.66, 479887
30.76, 467059
30.86, 454441
30.95, 442129
31.06, 430079
31.18, 418293
31.31, 406504
31.45, 394608
31.57, 384009
31.67, 373082
31.75, 362491
31.84, 352705
31.93, 343069
32.03, 334065
32.12, 325248
32.21, 316586
32.31, 308284
32.40, 300251
32.50, 292532
32.59, 284566
32.69, 276875
32.78, 270743
32.87, 264688
32.95, 258897
33.03, 253553
33.11, 248635
33.19, 243892
33.27, 239273
33.36, 234553
33.44, 230295
33.52, 226088
33.60, 222049
33.68, 218243
33.76, 214406
33.84, 211068
33.93, 207778
34.01, 204604
34.08, 201703
34.16, 199179
34.24, 196807
34.33, 194263
34.42, 191198
34.51, 188829
34.59, 186498
34.68, 182649
34.77, 180721
34.86, 178953
34.94, 175029
35.02, 173273
35.10, 170771
35.19, 169268
35.27, 167941
35.35, 166422
35.45, 165106
35.56, 163798
35.66, 162573
35.75, 161358
35.85, 160236
35.94, 159140
36.03, 158053
36.12, 157019
36.21, 156059
36.29, 155145
36.37, 154168
36.46, 153309
36.55, 152524
36.65, 151867
36.74, 151284
36.83, 150518
36.93, 149966
37.02, 149426
37.11, 148913
37.19, 148466
37.29, 148047
37.38, 147400
37.47, 146180
37.56, 145767
37.64, 145356
37.72, 144995
37.81, 144644
37.89, 143733
37.98, 143462
38.08, 143192
38.17, 142927
38.26, 142190
38.36, 141948
38.46, 141730
38.55, 141525
38.65, 141372
38.74, 141355
