0.00, 728675
0.00, 727124
0.00, 713801
0.00, 712359
0.00, 710333
0.00, 707243
0.00, 704326
0.00, 698299
0.00, 694783
0.00, 694092
0.00, 686730
0.04, 682820
0.04, 682635
0.04, 677464
0.04, 673582
0.04, 672070
0.04, 668077
0.04, 666807
0.04, 665588
0.04, 664087
0.04, 661167
0.04, 641725
0.38, 639572
0.38, 634897
0.38, 634458
0.40, 631957
0.40, 630091
0.40, 630082
0.40, 620648
0.40, 618438
0.40, 617307
0.40, 614613
0.40, 609284
0.40, 607373
0.40, 604625
0.40, 598326
0.41, 598317
0.45, 597899
0.45, 597664
0.45, 591973
0.45, 588834
0.45, 579580
0.47, 576241
0.47, 573223
0.47, 571377
0.47, 570820
0.47, 569790
0.47, 565243
0.47, 564673
0.47, 562173
0.47, 561972
0.47, 557289
0.47, 556643
0.47, 555779
0.47, 554613
0.47, 550066
0.47, 549929
0.47, 549528
0.47, 547844
0.47, 544709
0.47, 542395
0.47, 541373
0.47, 538975
0.47, 530547
0.47, 528602
0.47, 527229
0.47, 523248
0.47, 522954
0.47, 518736
0.47, 518632
0.47, 507099
0.47, 504367
0.47, 498433
0.48, 498298
0.48, 495065
0.48, 494708
0.48, 493931
0.48, 485460
0.48, 483474
0.48, 481229
0.48, 478617
0.49, 475806
0.49, 475777
0.49, 472338
0.49, 471852
0.49, 471255
0.49, 470214
0.49, 467130
0.49, 466790
0.49, 464954
0.49, 463612
0.49, 463578
0.49, 463068
0.49, 462079
0.49, 459831
0.49, 456960
0.50, 456040
0.50, 455710
0.50, 455424
0.50, 454872
0.50, 453440
0.51, 453254
0.51, 449406
0.51, 446400
0.51, 438405
0.51, 437359
0.51, 436844
0.51, 436802
0.51, 436556
0.51, 435887
0.51, 432695
0.51, 432279
0.51, 431254
0.51, 430152
0.51, 427844
0.51, 427118
0.51, 422269
0.51, 420327
0.51, 417449
0.51, 416422
0.51, 414190
0.51, 413111
0.51, 406171
0.51, 398769
0.51, 396775
0.51, 392937
0.51, 392765
0.51, 391132
0.51, 391118
0.52, 384942
0.52, 384802
0.52, 383950
0.52, 380691
0.52, 380401
0.52, 380089
0.52, 376057
0.52, 374630
0.52, 372577
0.52, 371412
0.52, 370119
0.52, 369084
0.52, 366426
0.52, 355406
0.52, 353864
0.52, 353850
0.52, 352379
0.52, 351992
0.52, 351907
0.52, 351701
0.52, 348026
0.52, 346735
0.52, 343567
0.52, 338307
0.52, 338118
0.52, 338064
0.52, 336275
0.53, 336267
0.53, 334593
0.53, 333316
0.53, 333140
0.53, 331094
0.53, 330238
0.53, 327998
0.53, 327159
0.53, 326185
0.53, 324921
0.53, 322262
0.53, 320545
0.53, 318546
0.53, 317727
0.53, 313648
0.53, 313352
0.53, 311469
0.53, 308680
0.53, 308533
0.53, 306387
0.53, 302693
0.54, 298709
0.54, 295103
0.54, 292144
0.54, 291978
0.54, 291968
0.54, 290136
0.54, 290125
0.54, 289115
0.54, 286574
0.54, 286470
0.54, 286293
0.54, 284763
0.54, 268455
0.54, 267291
0.54, 266786
0.54, 265888
0.54, 264710
0.54, 264680
0.55, 263353
0.55, 261875
0.55, 261293
0.55, 259228
0.55, 259071
0.55, 258834
0.55, 256102
0.55, 255381
0.55, 255137
0.55, 255136
0.55, 254162
0.55, 253781
0.55, 253406
0.56, 252863
0.56, 251669
0.56, 251068
0.56, 249975
0.56, 249414
0.56, 246444
0.56, 243943
0.56, 241940
0.56, 241108
0.56, 240164
0.56, 238007
0.56, 237839
0.56, 237781
0.56, 237302
0.57, 236775
0.57, 235600
0.57, 235025
0.57, 234930
0.57, 234591
0.57, 234298
0.57, 232975
0.57, 231180
0.57, 228136
0.57, 228093
0.57, 227903
0.57, 227485
0.57, 225169
0.57, 225110
0.58, 224913
0.58, 224198
0.58, 223417
0.58, 223344
0.58, 222763
0.58, 222229
0.58, 222119
0.58, 222100
0.58, 218304
0.58, 218225
0.58, 217212
0.59, 217166
0.59, 216509
0.59, 214940
0.59, 213768
0.59, 211672
0.59, 211425
0.59, 211254
0.59, 210565
0.59, 210477
0.59, 210355
0.60, 209024
0.60, 205214
0.60, 204643
0.60, 202510
0.60, 202256
0.60, 202250
0.60, 202249
0.60, 201778
0.61, 201448
0.61, 200700
0.61, 200368
0.61, 199688
0.61, 199222
0.61, 197767
0.61, 197204
0.61, 196371
0.62, 196299
0.62, 196093
0.62, 192805
0.62, 191127
0.62, 189493
0.62, 189414
0.62, 188712
0.63, 187792
0.63, 187660
0.63, 187430
0.63, 186838
0.63, 185657
0.63, 184770
0.64, 184002
0.64, 183065
0.64, 182598
0.64, 181887
0.64, 181222
0.65, 181004
0.65, 180814
0.65, 179842
0.65, 179693
0.66, 178987
0.66, 177421
0.66, 175756
0.66, 175748
0.66, 174942
0.66, 174925
0.66, 174842
0.67, 174838
0.67, 174673
0.68, 174201
0.68, 174114
0.68, 173517
0.68, 173311
0.68, 172947
0.68, 172899
0.69, 172461
0.69, 171521
0.69, 170921
0.70, 170296
0.70, 170129
0.70, 168381
0.71, 167750
0.71, 167341
0.71, 166749
0.71, 166122
0.72, 164933
0.72, 163845
0.72, 163741
0.73, 163245
0.73, 163182
0.74, 163026
0.74, 162061
0.74, 161971
0.74, 161694
0.75, 161061
0.75, 160773
0.75, 159880
0.76, 158529
0.77, 157622
0.78, 157412
0.78, 157228
0.79, 156403
0.80, 155589
0.82, 154727
0.88, 154309
0.91, 154029
0.91, 153577
0.92, 152768
0.92, 152525
0.94, 152524
0.95, 152321
0.96, 151892
0.96, 151555
0.98, 151174
0.98, 150423
1.00, 149832
1.07, 148992
1.12, 148399
1.15, 148224
1.22, 148001
1.24, 146990
1.27, 146549
1.39, 145157
2.53, 144954
2.57, 143810
2.61, 143422
2.72, 143186
2.73, 142721
2.76, 142511
2.77, 142240
