0.00, 743034
0.00, 740147
0.00, 737553
0.00, 737265
0.00, 733003
0.00, 711338
0.00, 709020
0.00, 709007
0.00, 707145
0.00, 700628
0.00, 698928
0.01, 697675
0.01, 695631
0.01, 690818
0.01, 689706
0.02, 685042
0.02, 682213
0.02, 681301
0.02, 678870
0.02, 677013
0.02, 674987
0.02, 667275
0.02, 666794
0.05, 664782
0.05, 662878
0.05, 662765
0.11, 662672
0.11, 654614
0.11, 649646
0.11, 646646
0.13, 643741
0.13, 637899
0.13, 631677
0.13, 627226
0.34, 622189
0.35, 621719
0.35, 620730
0.35, 617808
0.35, 614955
0.35, 610812
0.35, 605791
0.35, 603825
0.35, 603198
0.35, 602523
0.35, 602026
0.35, 586609
0.35, 584445
0.35, 584103
0.36, 583788
0.36, 581798
0.36, 576855
0.36, 576364
0.37, 574084
0.37, 565527
0.37, 554900
0.37, 551237
0.37, 547790
0.37, 547623
0.38, 544904
0.38, 539635
0.38, 538095
0.38, 533588
0.38, 531603
0.38, 530642
0.38, 527848
0.38, 517189
0.39, 516805
0.39, 501388
0.39, 498220
0.39, 496532
0.39, 493607
0.39, 491740
0.39, 490728
0.39, 490211
0.39, 487626
0.39, 484475
0.39, 484426
0.39, 480134
0.39, 480097
0.39, 472566
0.39, 471421
0.39, 470469
0.39, 470024
0.39, 469165
0.39, 468964
0.39, 467466
0.39, 462729
0.39, 462017
0.40, 454238
0.40, 452291
0.40, 451884
0.40, 450747
0.40, 448973
0.40, 448819
0.40, 444234
0.40, 444150
0.40, 438674
0.40, 437645
0.40, 436441
0.40, 435624
0.40, 430226
0.40, 424215
0.40, 423475
0.40, 422608
0.40, 421097
0.40, 418899
0.40, 412961
0.40, 412743
0.40, 411174
0.40, 409470
0.40, 407463
0.40, 406275
0.40, 405935
0.40, 404900
0.40, 404012
0.40, 403220
0.40, 399940
0.40, 398983
0.40, 395984
0.40, 391136
0.40, 387419
0.40, 384893
0.40, 382596
0.40, 382235
0.40, 379431
0.40, 375605
0.40, 375455
0.40, 375250
0.40, 374081
0.40, 373158
0.41, 370118
0.41, 368176
0.41, 367321
0.41, 364678
0.41, 363396
0.41, 361645
0.41, 360775
0.41, 360621
0.41, 360352
0.41, 359553
0.41, 358977
0.41, 355170
0.41, 352627
0.41, 347943
0.41, 344344
0.41, 342971
0.41, 341118
0.41, 340837
0.41, 340560
0.41, 339864
0.41, 339072
0.41, 331256
0.42, 330145
0.42, 329758
0.42, 325860
0.42, 325613
0.42, 325604
0.42, 325012
0.42, 320743
0.42, 316492
0.42, 316193
0.42, 316117
0.42, 315741
0.42, 314862
0.42, 313824
0.42, 311222
0.43, 310383
0.43, 309333
0.43, 307919
0.43, 307724
0.43, 305738
0.43, 303880
0.43, 298971
0.43, 297290
0.43, 294570
0.43, 288540
0.43, 285834
0.43, 285016
0.43, 284662
0.43, 280750
0.43, 278617
0.43, 278371
0.43, 278317
0.43, 277786
0.44, 275479
0.44, 275209
0.44, 274371
0.44, 274018
0.44, 273780
0.44, 273007
0.44, 272630
0.44, 272610
0.44, 270747
0.44, 270528
0.44, 270013
0.44, 269745
0.44, 268791
0.44, 268104
0.44, 267702
0.44, 264099
0.44, 264055
0.44, 263966
0.45, 258238
0.45, 256281
0.45, 255321
0.45, 255136
0.45, 252057
0.45, 251425
0.45, 250653
0.45, 249781
0.45, 248404
0.45, 247090
0.45, 246458
0.45, 245559
0.45, 245326
0.45, 243711
0.45, 241127
0.45, 238958
0.45, 238875
0.46, 238365
0.46, 237595
0.46, 236494
0.46, 236179
0.46, 234557
0.46, 233770
0.46, 233212
0.46, 232932
0.46, 232568
0.46, 232420
0.46, 230892
0.46, 230565
0.47, 230429
0.47, 227896
0.47, 227272
0.47, 225933
0.47, 225435
0.47, 225256
0.47, 224238
0.47, 224237
0.47, 223526
0.47, 217890
0.47, 217356
0.47, 215015
0.47, 214685
0.47, 214301
0.47, 214295
0.48, 212646
0.48, 210497
0.48, 210385
0.48, 209283
0.48, 207750
0.49, 206583
0.49, 206168
0.49, 203673
0.49, 200202
0.49, 199751
0.49, 198143
0.49, 195923
0.49, 195811
0.49, 195044
0.50, 194768
0.50, 194638
0.50, 194413
0.50, 193751
0.50, 191419
0.50, 189579
0.50, 189393
0.51, 188915
0.51, 188447
0.51, 187801
0.51, 186954
0.51, 186764
0.51, 186531
0.51, 185753
0.51, 184897
0.51, 184478
0.51, 184258
0.52, 183926
0.52, 183445
0.52, 182844
0.52, 182046
0.53, 181645
0.53, 180380
0.53, 180366
0.53, 179384
0.53, 179278
0.54, 179156
0.54, 179116
0.54, 178376
0.54, 178369
0.54, 177931
0.54, 175705
0.54, 174885
0.55, 174648
0.55, 174154
0.55, 173873
0.56, 173867
0.56, 173726
0.56, 173723
0.56, 173067
0.57, 172626
0.58, 171258
0.58, 170666
0.58, 170252
0.58, 169812
0.58, 169546
0.59, 169441
0.59, 166660
0.60, 164475
0.60, 163938
0.60, 162640
0.61, 162100
0.61, 160499
0.61, 160221
0.62, 160104
0.62, 158666
0.62, 158307
0.62, 157030
0.63, 156604
0.64, 156284
0.64, 156211
0.64, 156152
0.64, 155589
0.64, 155446
0.67, 155094
0.67, 153936
0.72, 153897
0.73, 153788
0.74, 153654
0.76, 153529
0.77, 153362
0.79, 153188
0.83, 152564
0.84, 152217
0.85, 152023
0.85, 151890
0.90, 151374
0.94, 151181
0.97, 150761
1.01, 149910
5.31, 149439
5.32, 148855
5.33, 148723
5.40, 148107
5.43, 147923
5.47, 147767
