0.09, 705769
0.18, 682668
0.27, 661156
0.36, 641068
0.45, 619652
0.54, 601912
0.63, 584290
0.71, 566265
0.79, 550053
0.87, 534163
0.96, 518866
1.04, 505501
1.13, 492517
1.23, 479288
1.31, 466547
1.40, 453238
1.49, 440513
1.59, 428410
1.69, 415247
1.78, 403740
1.87, 393504
1.95, 382520
2.03, 372033
2.11, 361838
2.19, 352323
2.28, 342989
2.36, 333353
2.46, 324978
2.56, 316316
2.65, 307541
2.75, 299559
2.85, 291802
2.95, 280696
3.04, 274833
3.14, 267893
3.23, 261777
3.35, 256825
3.44, 250484
3.52, 245716
3.60, 240961
3.68, 236112
3.77, 231896
3.87, 227980
3.97, 224136
4.06, 220298
4.15, 216612
4.23, 213286
4.33, 209988
4.43, 206931
4.53, 203814
4.61, 200781
4.70, 197920
4.79, 194892
4.87, 192093
4.95, 189956
5.03, 187267
5.11, 184697
5.19, 182708
5.26, 180753
5.34, 178839
5.43, 177101
5.50, 175396
5.58, 173417
5.66, 171824
5.74, 170268
5.82, 168774
5.90, 167201
5.98, 165712
6.06, 164302
6.14, 163016
6.22, 161701
6.30, 160506
6.39, 159379
6.47, 158284
6.55, 157143
6.63, 156065
6.72, 155106
6.81, 154249
6.90, 153416
7.00, 152604
7.09, 151842
7.19, 151156
7.28, 150583
7.37, 150030
7.46, 149496
7.54, 148990
7.64, 148492
7.72, 148036
7.80, 147237
7.88, 146718
7.97, 144988
8.06, 144547
8.14, 143823
8.22, 142920
8.30, 142534
8.38, 142196
8.47, 141883
8.56, 141652
8.65, 141426
8.73, 141207
8.81, 140070
8.89, 139879
8.97, 139695
9.06, 139511
9.14, 139416
9.23, 139354
9.32, 138824
9.41, 138505
9.57, 713372
9.66, 689388
9.75, 667726
9.85, 647451
9.95, 627345
10.04, 608778
10.14, 589111
10.23, 571642
10.33, 554833
10.42, 539152
10.53, 523187
10.62, 507902
10.72, 492731
10.81, 478064
10.90, 465005
10.98, 452514
11.07, 440973
11.16, 430084
11.25, 420355
11.36, 410648
11.46, 400207
11.55, 389452
11.64, 379025
11.74, 369506
11.85, 360131
11.94, 350261
12.05, 340386
12.14, 331660
12.23, 322993
12.33, 314282
12.43, 305705
12.52, 298504
12.61, 291830
12.70, 283400
12.79, 276421
12.88, 270096
12.97, 263985
13.05, 257981
13.14, 251773
13.23, 246633
13.32, 241663
13.41, 236568
13.51, 231934
13.61, 227916
13.70, 224585
13.79, 221553
13.87, 218558
13.97, 215641
14.06, 212866
14.15, 209816
14.24, 203753
14.34, 200845
14.43, 198526
14.53, 195774
14.62, 193136
14.71, 190841
14.81, 188747
14.91, 186632
15.00, 184709
15.10, 182888
15.20, 181214
15.30, 179711
15.39, 177721
15.50, 175784
15.61, 174289
15.71, 172877
15.81, 170718
15.91, 169330
16.00, 167247
16.10, 165223
16.19, 164037
16.27, 162855
16.36, 161716
16.43, 159798
16.51, 158771
16.59, 157764
16.67, 156799
16.76, 155868
16.84, 154730
16.92, 153613
17.00, 152754
17.08, 152008
17.16, 151352
17.24, 150750
17.32, 150200
17.40, 149539
17.49, 149082
17.56, 148629
17.64, 148210
17.72, 147898
17.80, 147672
17.88, 147450
17.96, 147259
18.04, 147103
18.12, 146975
18.20, 146440
18.28, 145869
18.36, 145759
18.44, 145744
18.54, 145080
18.72, 717343
18.81, 686415
18.90, 663310
18.98, 643680
19.07, 623460
19.15, 603490
19.23, 584539
19.33, 566183
19.42, 548829
19.50, 531920
19.58, 517182
19.66, 502360
19.74, 487038
19.82, 472603
19.89, 459427
19.97, 447975
20.05, 434323
20.13, 422790
20.21, 411788
20.28, 401266
20.36, 391179
20.44, 381115
20.51, 371244
20.60, 361714
20.68, 352234
20.76, 342931
20.84, 334341
20.92, 325190
21.00, 316835
21.11, 309397
21.20, 301420
21.29, 294078
21.38, 286802
21.47, 280449
21.56, 274661
21.65, 268463
21.75, 261972
21.84, 256217
21.93, 250888
22.03, 245879
22.12, 241216
22.20, 236744
22.28, 231675
22.36, 227215
22.43, 223072
22.52, 219276
22.62, 215661
22.70, 212502
22.79, 209869
22.88, 207269
22.97, 204736
23.05, 202499
23.14, 198974
23.22, 196835
23.30, 194857
23.38, 192921
23.46, 191040
23.54, 189190
23.62, 187343
23.70, 185555
23.79, 183735
23.86, 182032
23.94, 180404
24.03, 178762
24.11, 177173
24.19, 175606
24.27, 174047
24.36, 172502
24.44, 169412
24.51, 167998
24.59, 166569
24.66, 165181
24.74, 162382
24.83, 161099
24.91, 159894
24.99, 158716
25.07, 157567
25.15, 156423
25.23, 155347
25.30, 153979
25.38, 152916
25.46, 151912
25.54, 150982
25.62, 150134
25.70, 149411
25.78, 148716
25.86, 148092
25.94, 147476
26.02, 147041
26.10, 146655
26.18, 146299
26.26, 146000
26.35, 145730
26.45, 145042
26.53, 143999
26.63, 143773
26.71, 143555
26.80, 143362
26.89, 143170
26.96, 142994
27.04, 141811
27.12, 141468
27.20, 140989
27.28, 139873
27.36, 139810
27.52, 711086
27.60, 685702
27.68, 663183
27.77, 643903
27.86, 625702
27.95, 608340
28.03, 591249
28.12, 575882
28.21, 559604
28.28, 544252
28.36, 528068
28.44, 512645
28.53, 497948
28.62, 485488
28.70, 473478
28.78, 461777
28.86, 449019
28.95, 437389
29.03, 426355
29.11, 415369
29.19, 404854
29.27, 394487
29.35, 384331
29.44, 374252
29.54, 364719
29.64, 353951
29.73, 344593
29.82, 334461
29.92, 325502
30.01, 318149
30.10, 309455
30.18, 301588
30.26, 293868
30.36, 286530
30.46, 279471
30.55, 272559
30.64, 265534
30.74, 260176
30.83, 253506
30.92, 248551
31.02, 243809
31.10, 239152
31.19, 234633
31.29, 230237
31.38, 225901
31.46, 221854
31.53, 216630
31.62, 211474
31.70, 207889
31.77, 204551
31.85, 201444
31.93, 198971
32.02, 196515
32.10, 194098
32.18, 191613
32.26, 188867
32.34, 186487
32.42, 184154
32.50, 181902
32.58, 179706
32.66, 177781
32.73, 175895
32.81, 174141
32.89, 172327
32.96, 170610
33.04, 168941
33.12, 167469
33.20, 166012
33.28, 164606
33.36, 163271
33.45, 161519
33.52, 160200
33.60, 158592
33.68, 157331
33.76, 156253
33.84, 155190
33.92, 154121
34.00, 153166
34.07, 152379
34.15, 151625
34.23, 150727
34.31, 150031
34.39, 148894
34.47, 148253
34.55, 147620
34.63, 146992
34.70, 146018
34.78, 145572
34.87, 145147
34.95, 144761
35.02, 144378
35.10, 144061
35.18, 143533
35.26, 143244
35.35, 142653
35.43, 142401
35.53, 142203
35.61, 142007
35.70, 141826
35.77, 141652
35.85, 141461
35.93, 141293
36.01, 141235
36.08, 140773
