0.09, 691496
0.18, 667142
0.28, 644617
0.37, 623011
0.47, 602631
0.56, 584548
0.66, 566719
0.75, 550202
0.91, 533799
1.02, 518502
1.12, 504230
1.22, 490048
1.32, 476794
1.41, 463929
1.51, 451801
1.60, 439608
1.70, 427406
1.79, 415410
1.91, 403274
2.00, 391860
2.09, 381580
2.19, 370183
2.28, 359182
2.38, 349376
2.48, 340310
2.57, 331907
2.66, 324181
2.75, 317064
2.85, 309252
2.94, 301880
3.03, 294747
3.12, 288785
3.20, 282850
3.29, 276895
3.37, 271099
3.46, 266227
3.55, 260472
3.64, 254886
3.73, 249532
3.82, 244800
3.91, 240999
4.00, 237317
4.09, 233912
4.18, 230536
4.26, 227360
4.35, 223860
4.44, 220711
4.53, 217054
4.61, 214057
4.71, 211137
4.80, 208249
4.88, 205366
4.97, 202667
5.06, 199922
5.15, 196423
5.23, 193749
5.33, 190958
5.41, 187504
5.50, 185062
5.59, 182793
5.68, 180687
5.78, 178742
5.88, 176917
5.98, 175273
6.08, 173679
6.17, 172335
6.28, 171118
6.37, 170014
6.47, 168931
6.57, 167901
6.67, 166199
6.77, 163732
6.86, 161416
6.94, 160216
7.02, 159345
7.10, 157984
7.19, 157134
7.27, 156310
7.35, 155240
7.44, 154448
7.53, 153694
7.62, 152957
7.71, 152222
7.80, 151498
7.90, 150824
7.99, 150166
8.09, 149581
8.18, 149078
8.27, 148587
8.36, 148122
8.45, 147711
8.54, 147312
8.64, 146933
8.72, 146580
8.82, 146197
8.91, 145860
9.06, 145011
9.16, 144680
9.25, 144363
9.34, 144051
9.43, 143450
9.52, 142311
9.61, 141938
9.70, 141166
9.80, 140914
9.89, 140679
10.00, 140453
10.12, 140296
10.21, 140131
10.30, 139975
10.39, 139820
10.48, 139211
10.57, 139181
10.74, 705770
10.82, 674967
10.91, 648788
11.00, 622976
11.08, 597465
11.16, 575678
11.24, 554487
11.32, 534697
11.40, 517175
11.49, 499716
11.58, 482868
11.66, 466629
11.75, 449451
11.83, 436067
11.92, 422130
12.01, 409003
12.09, 397193
12.17, 385922
12.25, 374865
12.33, 364539
12.41, 356155
12.50, 346137
12.59, 336895
12.67, 327829
12.75, 318658
12.84, 309623
12.93, 302546
13.01, 295704
13.09, 290032
13.17, 283978
13.25, 278445
13.34, 273235
13.42, 267274
13.50, 262146
13.57, 256892
13.65, 252025
13.73, 247693
13.82, 243454
13.90, 238284
13.99, 234028
14.07, 230008
14.15, 226338
14.23, 222224
14.32, 218827
14.41, 215456
14.50, 212127
14.59, 208858
14.69, 205599
14.78, 202994
14.87, 200443
14.97, 198011
15.05, 195582
15.14, 193233
15.23, 190988
15.31, 189168
15.39, 187434
15.46, 185791
15.54, 184211
15.62, 182167
15.70, 180614
15.79, 179120
15.88, 177652
15.97, 176221
16.06, 173867
16.15, 171517
16.25, 170185
16.33, 168977
16.41, 167840
16.51, 166403
16.59, 165353
16.69, 164309
16.77, 163292
16.85, 162381
16.93, 161492
17.02, 160624
17.17, 159760
17.26, 158748
17.35, 157936
17.45, 155552
17.54, 154217
17.62, 153432
17.71, 152697
17.80, 151986
17.89, 151163
17.97, 150453
18.06, 149777
18.16, 147861
18.24, 147270
18.32, 146688
18.40, 145828
18.48, 145274
18.56, 144916
18.65, 144564
18.74, 144218
18.84, 143992
18.93, 143774
19.03, 143583
19.12, 143399
19.20, 143288
19.30, 143209
19.38, 143206
19.54, 684716
19.62, 658589
19.72, 635418
19.81, 615306
19.91, 595490
19.99, 575697
20.08, 557450
20.17, 537591
20.27, 520268
20.36, 503843
20.45, 489704
20.54, 476164
20.63, 463534
20.72, 448920
20.82, 434881
20.92, 421447
21.01, 409201
21.10, 397002
21.20, 384768
21.29, 373641
21.38, 363552
21.47, 353548
21.54, 342441
21.62, 333824
21.70, 325768
21.78, 316920
21.87, 308669
21.95, 300602
22.03, 292885
22.11, 286434
22.19, 280027
22.27, 272711
22.36, 266798
22.45, 261124
22.55, 255900
22.64, 250699
22.73, 245640
22.82, 240947
22.91, 236453
22.99, 232011
23.08, 227705
23.18, 222355
23.27, 218604
23.36, 215099
23.45, 211680
23.53, 208335
23.61, 205556
23.69, 202897
23.77, 199702
23.86, 197217
23.96, 194693
24.04, 190887
24.12, 188476
24.20, 186187
24.29, 183937
24.37, 181931
24.46, 180029
24.54, 178134
24.63, 176284
24.72, 174449
24.80, 172697
24.88, 171049
24.96, 168959
25.04, 167759
25.12, 166583
25.20, 165483
25.28, 164390
25.37, 163301
25.45, 162170
25.53, 160593
25.61, 159530
25.70, 158539
25.78, 157407
25.86, 156457
25.94, 154185
26.02, 153417
26.10, 152748
26.19, 151665
26.29, 150626
26.39, 149827
26.47, 148610
26.55, 148020
26.63, 147473
26.71, 146499
26.79, 146005
26.87, 145391
26.95, 144966
27.03, 144580
27.11, 144201
27.21, 143913
27.32, 143343
27.43, 142464
27.54, 142031
27.65, 141184
27.75, 140891
27.85, 140614
27.94, 140195
28.03, 140020
28.12, 139601
28.21, 139428
28.31, 138566
28.41, 137477
28.51, 137427
28.60, 137399
28.68, 137086
28.76, 137069
28.92, 694292
29.00, 670134
29.09, 645316
29.18, 622906
29.27, 600747
29.36, 581545
29.45, 566098
29.54, 550899
29.63, 534597
29.72, 520251
29.81, 506226
29.90, 492790
29.98, 479622
30.06, 466520
30.14, 454047
30.22, 441830
30.30, 429967
30.39, 418168
30.48, 407329
30.57, 396549
30.65, 386302
30.73, 376790
30.81, 367380
30.89, 357659
30.97, 348985
31.05, 340379
31.13, 332427
31.21, 324748
31.30, 317263
31.38, 310366
31.48, 304416
31.58, 295847
31.68, 289988
31.78, 284144
31.89, 278305
31.99, 273068
32.10, 268169
32.19, 263295
32.29, 258862
32.38, 254435
32.48, 250138
32.57, 245906
32.66, 241610
32.75, 237532
32.83, 233565
32.91, 228837
33.00, 224595
33.09, 220650
33.17, 217017
33.25, 213707
33.34, 210241
33.43, 207054
33.52, 204036
33.61, 201074
33.71, 197850
33.80, 195042
33.90, 192285
33.99, 190048
34.07, 187924
34.15, 185960
34.23, 184120
34.31, 182307
34.39, 180227
34.46, 178058
34.54, 176298
34.62, 172519
34.70, 170799
34.78, 168266
34.87, 166746
34.96, 165282
35.06, 163872
35.15, 162540
35.25, 161306
35.33, 160138
35.42, 158750
35.51, 157352
35.60, 155949
35.69, 154832
35.77, 153745
35.85, 152754
35.94, 151934
36.02, 151056
36.10, 150237
36.18, 149432
36.26, 148641
36.34, 147899
36.42, 147228
36.51, 146434
36.60, 145994
36.69, 145410
36.79, 144583
36.89, 144165
36.99, 143067
37.10, 142731
37.20, 142399
37.30, 142080
37.40, 141767
37.50, 141474
37.60, 141188
37.70, 140908
37.80, 140682
37.89, 140526
38.00, 140471
38.10, 140454
