0.00, 652492
0.07, 645162
0.07, 645041
0.07, 642986
0.07, 639615
0.07, 638712
0.37, 634751
0.37, 631699
0.37, 622416
0.37, 618523
0.37, 614789
0.38, 612189
0.38, 611453
0.38, 608471
0.38, 606292
0.38, 606109
0.38, 596790
0.40, 595503
0.40, 594249
0.40, 589537
0.40, 589129
0.40, 589072
0.40, 587106
0.40, 587012
0.40, 583856
0.40, 570235
0.40, 570219
0.41, 567325
0.41, 566575
0.41, 564361
0.41, 563605
0.41, 563579
0.42, 556519
0.42, 555509
0.42, 545634
0.42, 544809
0.42, 541349
0.42, 538263
0.42, 535559
0.42, 535123
0.42, 530372
0.42, 528088
0.42, 528086
0.42, 528054
0.42, 525154
0.42, 524215
0.42, 523932
0.42, 522511
0.42, 520475
0.42, 516402
0.42, 512720
0.42, 512425
0.42, 511502
0.42, 506048
0.42, 504422
0.42, 500199
0.42, 497576
0.42, 491482
0.42, 491454
0.42, 490583
0.42, 487441
0.42, 486965
0.42, 480660
0.42, 470878
0.42, 469812
0.42, 468874
0.42, 463517
0.43, 460548
0.43, 457461
0.43, 452178
0.43, 451601
0.44, 449257
0.44, 446731
0.44, 443312
0.44, 443299
0.44, 441664
0.44, 438036
0.44, 437895
0.44, 435436
0.44, 435373
0.44, 435358
0.44, 434785
0.44, 434715
0.44, 429351
0.44, 427817
0.44, 427304
0.44, 426298
0.44, 426225
0.44, 426208
0.44, 423790
0.44, 423621
0.44, 423131
0.44, 422465
0.44, 422234
0.44, 418645
0.44, 411737
0.44, 407512
0.44, 407412
0.44, 404355
0.44, 401148
0.44, 400813
0.44, 399400
0.44, 398620
0.44, 396042
0.44, 391725
0.44, 390376
0.44, 384975
0.44, 384220
0.44, 384179
0.44, 384086
0.45, 383502
0.45, 382615
0.45, 382214
0.45, 381340
0.45, 381042
0.45, 381001
0.45, 377513
0.45, 377450
0.45, 375202
0.45, 373939
0.45, 373666
0.45, 373372
0.45, 373296
0.45, 368636
0.45, 367404
0.45, 366661
0.45, 362680
0.45, 362198
0.45, 360990
0.45, 360339
0.45, 359787
0.45, 358549
0.46, 355210
0.46, 353771
0.46, 353601
0.46, 352403
0.46, 350243
0.46, 348851
0.46, 348726
0.46, 348487
0.46, 347224
0.46, 344679
0.46, 341466
0.46, 339601
0.46, 335843
0.46, 334606
0.46, 331270
0.46, 330981
0.46, 330398
0.46, 329031
0.47, 328009
0.47, 322935
0.47, 318104
0.47, 317741
0.47, 316807
0.47, 316253
0.47, 314353
0.47, 313801
0.47, 313518
0.47, 312708
0.47, 312590
0.47, 312527
0.47, 311646
0.47, 311600
0.47, 308237
0.47, 299808
0.47, 299789
0.47, 299487
0.47, 299370
0.47, 299082
0.47, 298465
0.47, 297224
0.47, 296587
0.47, 295253
0.47, 294394
0.47, 292873
0.48, 291006
0.48, 290202
0.48, 290127
0.48, 289394
0.48, 286982
0.48, 286520
0.48, 285950
0.48, 285031
0.48, 283787
0.48, 282417
0.48, 280422
0.48, 279797
0.48, 279541
0.48, 276549
0.48, 276242
0.48, 274510
0.48, 273868
0.48, 273818
0.48, 271891
0.48, 271385
0.48, 270832
0.48, 269763
0.48, 269588
0.49, 267514
0.49, 265856
0.49, 264217
0.49, 263152
0.49, 259002
0.49, 257942
0.49, 256621
0.49, 256344
0.49, 256339
0.49, 256332
0.49, 255662
0.49, 254092
0.49, 253128
0.49, 252940
0.49, 250676
0.49, 249636
0.49, 249555
0.49, 247498
0.50, 247126
0.50, 246852
0.50, 245975
0.50, 245194
0.50, 245022
0.50, 245004
0.50, 244744
0.50, 244044
0.50, 242934
0.50, 240627
0.50, 234120
0.50, 233185
0.50, 231503
0.50, 230975
0.50, 230371
0.50, 230149
0.50, 229997
0.50, 229951
0.51, 229786
0.51, 228736
0.51, 228205
0.51, 224555
0.51, 224475
0.51, 222653
0.51, 220436
0.51, 220241
0.51, 220066
0.51, 220059
0.52, 219592
0.52, 219452
0.52, 218827
0.52, 216594
0.52, 216391
0.52, 216179
0.52, 215268
0.52, 214734
0.52, 214703
0.53, 214457
0.53, 214329
0.53, 213166
0.53, 212158
0.53, 210981
0.53, 210570
0.53, 210395
0.53, 209825
0.53, 209060
0.53, 208421
0.53, 206926
0.53, 206228
0.54, 205664
0.54, 205203
0.54, 205147
0.54, 204378
0.54, 203380
0.54, 203349
0.54, 203321
0.54, 200404
0.54, 198758
0.55, 198586
0.55, 198454
0.55, 198299
0.55, 195924
0.55, 194942
0.55, 194753
0.55, 193347
0.55, 193223
0.55, 192674
0.56, 191323
0.56, 189846
0.56, 189682
0.56, 189507
0.56, 189371
0.56, 188794
0.56, 187983
0.56, 186446
0.57, 185931
0.57, 185706
0.57, 185114
0.57, 184449
0.57, 184208
0.58, 183500
0.58, 181595
0.58, 180468
0.58, 179862
0.58, 178281
0.58, 177935
0.58, 177934
0.58, 175527
0.59, 173668
0.59, 172207
0.61, 171880
0.61, 171441
0.61, 170395
0.62, 169645
0.62, 169351
0.63, 168723
0.63, 168670
0.63, 168459
0.63, 167039
0.64, 166126
0.64, 165373
0.66, 164662
0.67, 164061
0.69, 163493
0.71, 163032
0.71, 162907
0.71, 162581
0.72, 162550
0.81, 161442
0.82, 161432
0.85, 160848
0.91, 156124
1.04, 155199
2.50, 153253
2.51, 152834
2.56, 152497
2.57, 151523
2.64, 151374
2.81, 149562
3.31, 149336
4.20, 149308
4.20, 149258
4.21, 149201
4.22, 148255
4.22, 147703
4.30, 147582
4.30, 146681
4.32, 146122
4.40, 146090
4.40, 146014
4.40, 145839
4.52, 145562
4.75, 145279
