0.00, 733297
0.00, 731401
0.00, 727997
0.00, 727371
0.00, 723378
0.00, 720012
0.00, 706802
0.00, 706557
0.00, 703637
0.00, 699603
0.00, 697956
0.00, 692899
0.00, 692649
0.00, 683351
0.01, 679453
0.01, 677714
0.01, 677633
0.01, 676350
0.01, 673146
0.01, 666182
0.01, 665053
0.38, 660748
0.38, 657620
0.42, 654740
0.42, 653864
0.42, 648100
0.42, 647565
0.43, 645970
0.44, 643318
0.44, 640706
0.44, 640092
0.44, 632797
0.44, 629321
0.45, 627206
0.45, 622990
0.45, 620312
0.45, 619708
0.45, 606553
0.46, 602422
0.46, 601020
0.46, 596973
0.46, 596808
0.47, 592832
0.47, 584306
0.47, 581854
0.47, 580732
0.47, 573621
0.47, 568304
0.47, 565757
0.47, 564030
0.47, 563433
0.47, 561620
0.47, 555445
0.49, 552457
0.49, 550839
0.49, 548892
0.49, 546715
0.49, 546049
0.49, 545005
0.49, 544297
0.49, 542956
0.49, 542922
0.49, 542753
0.49, 542152
0.49, 540285
0.49, 539045
0.49, 538607
0.49, 533524
0.49, 531759
0.49, 525780
0.49, 523216
0.49, 523122
0.49, 522261
0.49, 521933
0.49, 521279
0.49, 518587
0.49, 514891
0.49, 511459
0.49, 509464
0.49, 507894
0.51, 505488
0.51, 504897
0.51, 502491
0.51, 500289
0.51, 500000
0.51, 498290
0.51, 496665
0.51, 484382
0.51, 482640
0.51, 478860
0.51, 473412
0.51, 473233
0.51, 472434
0.51, 467241
0.51, 467164
0.51, 462180
0.51, 461438
0.51, 451056
0.51, 447472
0.51, 445166
0.51, 445017
0.51, 444193
0.52, 444078
0.52, 443829
0.52, 442240
0.52, 440384
0.52, 438252
0.52, 432359
0.52, 431986
0.52, 431870
0.52, 431000
0.52, 426293
0.52, 420685
0.52, 420551
0.52, 415652
0.52, 415586
0.53, 414553
0.53, 414462
0.53, 413521
0.53, 409989
0.53, 406389
0.53, 405829
0.54, 404692
0.54, 403789
0.54, 398606
0.54, 394882
0.54, 394769
0.54, 394412
0.54, 393794
0.54, 392270
0.54, 391435
0.54, 389002
0.54, 386880
0.54, 385228
0.54, 384659
0.54, 384599
0.54, 382025
0.54, 382019
0.54, 379197
0.54, 378349
0.54, 376019
0.54, 373628
0.54, 371986
0.54, 370436
0.54, 369212
0.54, 368673
0.54, 365967
0.54, 356952
0.54, 352668
0.54, 352209
0.54, 350684
0.54, 350189
0.54, 343146
0.54, 341501
0.54, 341468
0.54, 340636
0.54, 338719
0.54, 338315
0.55, 338150
0.55, 333550
0.55, 333129
0.55, 331835
0.55, 331541
0.55, 329848
0.55, 328356
0.55, 328195
0.55, 327998
0.55, 324403
0.55, 323876
0.55, 322742
0.55, 320778
0.55, 320752
0.55, 320409
0.55, 318581
0.55, 318403
0.55, 317326
0.55, 316957
0.56, 315218
0.56, 309080
0.56, 308928
0.56, 308851
0.56, 307319
0.56, 303332
0.56, 302916
0.56, 302133
0.56, 301735
0.56, 300049
0.56, 299312
0.56, 298602
0.56, 297194
0.56, 295794
0.57, 294978
0.57, 293326
0.57, 292193
0.57, 289346
0.57, 289019
0.57, 288909
0.57, 288731
0.57, 288524
0.57, 284627
0.57, 284203
0.57, 282521
0.57, 282057
0.57, 281686
0.57, 281524
0.57, 280469
0.57, 279856
0.57, 279242
0.57, 278918
0.58, 276749
0.58, 276456
0.58, 275187
0.58, 273343
0.58, 273284
0.58, 273155
0.58, 273038
0.58, 272991
0.58, 272896
0.58, 272599
0.58, 271662
0.58, 270721
0.58, 270174
0.58, 269757
0.58, 267777
0.58, 266633
0.58, 266286
0.58, 266072
0.59, 265043
0.59, 264638
0.59, 262014
0.59, 257982
0.59, 257665
0.59, 257472
0.59, 256840
0.59, 252032
0.59, 251149
0.59, 250307
0.59, 249096
0.59, 247913
0.59, 247362
0.59, 246945
0.59, 245995
0.59, 245285
0.59, 245170
0.60, 244904
0.60, 244415
0.60, 242817
0.60, 242205
0.60, 241712
0.60, 241565
0.60, 240782
0.60, 239059
0.60, 237947
0.60, 237734
0.60, 237205
0.60, 236811
0.60, 236777
0.60, 236497
0.61, 235843
0.61, 235412
0.61, 234732
0.61, 234147
0.61, 232720
0.61, 232446
0.61, 232399
0.61, 231609
0.61, 231484
0.61, 230835
0.61, 230300
0.61, 228862
0.61, 226862
0.61, 222805
0.61, 221954
0.61, 221142
0.61, 219231
0.62, 217973
0.62, 217239
0.62, 215164
0.62, 214463
0.62, 213886
0.62, 213789
0.62, 213614
0.62, 213315
0.63, 212964
0.63, 212947
0.63, 212886
0.63, 212412
0.63, 211982
0.63, 210656
0.63, 210482
0.63, 209422
0.63, 209174
0.63, 205396
0.63, 204223
0.63, 202804
0.63, 201730
0.63, 200065
0.63, 199880
0.63, 198908
0.64, 198577
0.64, 198212
0.64, 197999
0.64, 197565
0.64, 196326
0.64, 194895
0.64, 194792
0.64, 192651
0.64, 192205
0.65, 191080
0.65, 190645
0.65, 190285
0.66, 188925
0.66, 188588
0.66, 188349
0.66, 187770
0.66, 187741
0.66, 187210
0.66, 186842
0.67, 186637
0.67, 186040
0.67, 186000
0.67, 185679
0.67, 185673
0.67, 184184
0.68, 183979
0.68, 183148
0.69, 182443
0.69, 180155
0.69, 180147
0.69, 178704
0.69, 178292
0.70, 178244
0.70, 178150
0.70, 177336
0.70, 176911
0.71, 176084
0.71, 172991
0.71, 172805
0.71, 172069
0.71, 171928
0.72, 171385
0.72, 170855
0.72, 166123
0.72, 165856
0.72, 165240
0.73, 164089
0.73, 164030
0.74, 163128
0.74, 162976
0.75, 162937
0.75, 162722
0.75, 162632
0.76, 162460
0.76, 162180
0.76, 161906
0.77, 161152
0.77, 160661
0.77, 160302
0.78, 160029
0.78, 159180
0.78, 155873
0.78, 155683
0.80, 155621
0.81, 155411
0.81, 154624
0.82, 153546
0.83, 153491
0.84, 152844
0.94, 152639
0.96, 152444
0.97, 151140
0.97, 150417
1.08, 150392
1.34, 149318
1.34, 148685
1.36, 148627
1.37, 148467
1.40, 148293
1.41, 148242
1.45, 148222
6.42, 148168
6.42, 147882
