0.00, 744015
0.00, 725799
0.00, 725610
0.00, 719921
0.00, 718741
0.01, 715038
0.01, 714672
0.01, 709140
0.01, 707781
0.01, 698834
0.01, 694152
0.01, 691976
0.02, 690108
0.02, 685488
0.02, 675674
0.02, 674602
0.03, 672783
0.03, 669068
0.03, 667675
0.03, 666070
0.04, 664441
0.04, 663519
0.04, 660622
0.04, 660462
0.04, 657781
0.04, 657734
0.04, 654138
0.04, 649455
0.04, 640301
0.31, 640261
0.31, 631500
0.31, 625736
0.31, 624392
0.31, 622664
0.31, 618346
0.34, 609824
0.34, 606880
0.34, 604301
0.34, 598315
0.34, 592414
0.34, 592328
0.34, 590029
0.34, 586624
0.34, 584334
0.34, 583414
0.34, 583161
0.35, 577486
0.35, 577443
0.35, 569435
0.36, 567388
0.36, 566624
0.36, 561958
0.36, 536556
0.36, 536531
0.36, 535363
0.36, 535293
0.36, 532817
0.36, 529640
0.36, 525155
0.36, 518539
0.37, 513499
0.37, 510827
0.37, 506451
0.37, 500526
0.37, 491864
0.37, 490522
0.38, 488687
0.38, 487810
0.38, 486963
0.38, 486336
0.38, 482496
0.38, 481751
0.38, 481672
0.38, 480896
0.38, 476369
0.38, 475208
0.38, 475180
0.38, 470902
0.38, 469643
0.38, 464871
0.38, 463292
0.38, 463035
0.39, 463006
0.39, 457280
0.39, 453432
0.39, 452790
0.39, 448734
0.39, 445859
0.39, 443775
0.39, 443569
0.39, 442602
0.39, 442341
0.39, 441782
0.39, 441300
0.39, 441121
0.39, 440933
0.39, 438201
0.39, 437562
0.39, 436763
0.39, 436716
0.39, 433792
0.39, 432151
0.39, 429001
0.39, 428877
0.40, 416962
0.40, 412322
0.40, 410058
0.40, 409073
0.40, 406324
0.40, 403498
0.40, 393046
0.40, 392479
0.40, 391362
0.40, 387792
0.40, 386493
0.40, 379650
0.40, 376067
0.40, 369816
0.40, 369037
0.40, 366634
0.40, 362263
0.40, 361196
0.40, 360151
0.40, 358572
0.40, 357481
0.41, 356757
0.41, 356639
0.41, 354860
0.41, 354843
0.41, 354268
0.41, 351067
0.41, 349351
0.41, 347876
0.41, 343438
0.41, 341328
0.41, 340526
0.41, 338935
0.41, 338542
0.41, 336876
0.42, 335429
0.42, 334233
0.42, 332624
0.42, 331137
0.42, 330841
0.42, 327900
0.42, 326965
0.42, 326567
0.42, 326072
0.42, 325263
0.42, 322947
0.42, 320579
0.42, 320442
0.42, 318515
0.42, 316041
0.42, 311863
0.42, 311110
0.42, 310178
0.42, 309566
0.42, 308534
0.42, 306988
0.42, 305135
0.42, 304349
0.42, 303706
0.42, 300605
0.42, 299396
0.42, 299365
0.42, 298212
0.43, 295019
0.43, 294906
0.43, 294527
0.43, 291080
0.43, 290178
0.43, 289669
0.43, 289374
0.43, 288795
0.43, 288157
0.43, 287645
0.43, 285868
0.43, 285087
0.43, 282961
0.43, 282034
0.43, 281729
0.44, 280553
0.44, 280294
0.44, 280000
0.44, 279785
0.44, 276520
0.44, 276248
0.44, 273902
0.44, 272787
0.44, 272315
0.44, 272252
0.44, 271173
0.44, 270367
0.44, 269514
0.44, 268334
0.44, 267992
0.44, 266557
0.45, 261796
0.45, 261456
0.45, 260744
0.45, 260045
0.45, 258650
0.45, 258062
0.45, 257304
0.45, 257079
0.45, 255439
0.45, 255406
0.45, 253621
0.45, 252010
0.45, 250717
0.45, 249012
0.45, 247627
0.45, 247105
0.45, 246938
0.46, 246725
0.46, 246346
0.46, 245901
0.46, 245534
0.46, 245143
0.46, 244078
0.46, 242855
0.46, 241616
0.46, 240867
0.46, 240153
0.46, 240113
0.46, 240073
0.46, 239886
0.47, 238959
0.47, 235703
0.47, 235665
0.47, 234718
0.47, 234107
0.47, 233972
0.47, 232266
0.47, 231965
0.47, 231019
0.47, 230291
0.47, 229978
0.47, 228937
0.47, 228689
0.48, 228138
0.48, 227514
0.48, 227224
0.48, 225642
0.48, 225144
0.48, 224160
0.48, 223846
0.48, 223829
0.48, 223194
0.49, 223044
0.49, 222696
0.49, 221581
0.49, 221211
0.49, 216522
0.49, 216350
0.49, 215979
0.49, 215959
0.49, 211849
0.50, 211530
0.50, 210405
0.50, 209999
0.50, 207567
0.50, 207414
0.50, 206133
0.50, 206126
0.50, 205031
0.50, 204544
0.50, 203827
0.51, 196973
0.51, 195871
0.51, 195787
0.51, 195780
0.51, 195688
0.51, 191865
0.51, 190694
0.51, 190379
0.51, 190312
0.51, 188567
0.52, 187983
0.52, 187928
0.52, 187245
0.52, 187230
0.52, 187188
0.53, 186445
0.53, 186233
0.53, 185447
0.53, 184775
0.53, 184236
0.53, 183315
0.53, 182583
0.54, 181929
0.54, 181795
0.55, 181183
0.55, 179963
0.56, 179457
0.57, 179282
0.57, 179234
0.57, 178760
0.59, 178649
0.60, 178630
0.61, 177989
0.61, 177676
0.62, 177251
0.62, 176066
0.62, 175217
0.63, 174809
0.63, 173989
0.64, 173662
0.64, 173018
0.64, 172388
0.64, 172240
0.65, 170899
0.66, 170886
0.68, 169266
0.68, 168957
0.70, 168289
0.71, 167480
0.72, 166616
0.74, 166596
0.75, 165950
0.76, 165868
0.77, 165791
0.82, 165436
0.82, 165267
0.82, 164756
0.90, 164138
0.94, 163825
0.97, 163551
1.05, 163001
2.13, 162809
2.14, 162707
2.14, 162666
2.14, 162205
2.14, 161752
2.15, 161654
2.15, 161441
2.16, 161136
2.16, 161126
2.16, 160723
2.19, 160175
2.20, 160103
2.20, 156422
2.21, 155934
2.23, 155334
2.23, 154380
2.25, 154153
2.25, 153026
2.26, 152775
2.27, 152138
2.29, 151033
2.30, 151004
2.31, 150690
2.32, 149705
2.33, 149270
2.34, 149138
2.34, 149083
2.35, 148693
2.37, 148043
2.41, 147590
2.44, 146933
2.44, 146878
2.47, 146387
2.53, 146182
2.54, 145459
2.89, 145275
