0.09, 734359
0.17, 708595
0.26, 683637
0.34, 660724
0.42, 641436
0.51, 624802
0.61, 608218
0.70, 589668
0.79, 572583
0.87, 556178
0.96, 539839
1.05, 524140
1.14, 510131
1.23, 495303
1.33, 481678
1.42, 466089
1.51, 453994
1.61, 441613
1.70, 429996
1.79, 419370
1.88, 408395
1.96, 397085
2.04, 386726
2.12, 376548
2.19, 366502
2.27, 356432
2.36, 347842
2.44, 338653
2.52, 330144
2.60, 322218
2.69, 314600
2.78, 307390
2.87, 299788
2.96, 292366
3.06, 285084
3.16, 278047
3.25, 271170
3.34, 265240
3.43, 259913
3.54, 254981
3.63, 250064
3.72, 245205
3.81, 240642
3.89, 236150
3.98, 231903
4.06, 226506
4.14, 222359
4.22, 218918
4.30, 214599
4.39, 211511
4.47, 208544
4.56, 204492
4.66, 201603
4.75, 198797
4.85, 196048
4.95, 193371
5.03, 190525
5.12, 187871
5.21, 185379
5.28, 183330
5.36, 181419
5.45, 179526
5.54, 177927
5.61, 176285
5.70, 174775
5.78, 173414
5.86, 171871
5.94, 170441
6.02, 169169
6.10, 167929
6.18, 166785
6.26, 165162
6.34, 164094
6.43, 162975
6.51, 161989
6.60, 161038
6.67, 160134
6.76, 159284
6.84, 158446
6.92, 157652
7.01, 156893
7.11, 156152
7.20, 155367
7.30, 154665
7.39, 154041
7.48, 152382
7.57, 151008
7.67, 150096
7.76, 149478
7.85, 149006
7.94, 148421
8.03, 147954
8.11, 147536
8.20, 147166
8.29, 146807
8.38, 146106
8.47, 145770
8.56, 145444
8.64, 144519
8.72, 144209
8.80, 143968
8.89, 143735
8.99, 143509
9.09, 143291
9.18, 143077
9.36, 674016
9.46, 648450
9.56, 624938
9.65, 604342
9.73, 586521
9.82, 568922
9.91, 552052
10.00, 536354
10.08, 520793
10.17, 504918
10.27, 490907
10.37, 477127
10.48, 463954
10.59, 450863
10.69, 438626
10.79, 426459
10.91, 414773
11.00, 401886
11.09, 390821
11.19, 380176
11.28, 369741
11.36, 359987
11.46, 350144
11.56, 341080
11.66, 332087
11.76, 323855
11.86, 314268
11.96, 306093
12.05, 298195
12.15, 291938
12.24, 285468
12.34, 279707
12.45, 274143
12.56, 268666
12.66, 263492
12.77, 258479
12.87, 253538
12.95, 248625
13.04, 244375
13.13, 240246
13.24, 236207
13.34, 232419
13.43, 228732
13.52, 225091
13.60, 221478
13.68, 218140
13.79, 214916
13.89, 211715
13.99, 208577
14.08, 205534
14.16, 202801
14.24, 200036
14.34, 197417
14.44, 195127
14.53, 192342
14.62, 190119
14.72, 188041
14.82, 185967
14.92, 183202
15.01, 181201
15.11, 179271
15.21, 177429
15.30, 175556
15.40, 173915
15.49, 172288
15.57, 170721
15.67, 169210
15.78, 167911
15.89, 166622
15.99, 165121
16.08, 163485
16.18, 162244
16.28, 161039
16.37, 159701
16.48, 158092
16.58, 156974
16.67, 155917
16.77, 154901
16.88, 153987
16.98, 153110
17.09, 152254
17.20, 151637
17.31, 151036
17.40, 150461
17.49, 149793
17.59, 149242
17.68, 148491
17.78, 147900
17.87, 147376
17.96, 146291
18.06, 145876
18.16, 145477
18.26, 145125
18.34, 144875
18.43, 144217
18.52, 143991
18.61, 143781
18.71, 143625
18.81, 143488
18.91, 143433
19.11, 756700
19.20, 724720
19.30, 700306
19.41, 677093
19.51, 653635
19.61, 632657
19.70, 612852
19.79, 594534
19.88, 578089
19.98, 561677
20.08, 545798
20.18, 530973
20.28, 517317
20.37, 503722
20.45, 490462
20.54, 477495
20.64, 464672
20.73, 451959
20.82, 439239
20.89, 427060
20.97, 414850
21.05, 403200
21.14, 390938
21.24, 379787
21.34, 368746
21.44, 358710
21.54, 349382
21.65, 338322
21.75, 329560
21.85, 321249
21.95, 312957
22.04, 304735
22.14, 296920
22.22, 289381
22.30, 283083
22.38, 275093
22.48, 269813
22.58, 264002
22.68, 258917
22.78, 253191
22.87, 248684
22.97, 243487
23.06, 239239
23.15, 235949
23.24, 232056
23.34, 228672
23.45, 225032
23.54, 221702
23.68, 218507
23.79, 215336
23.90, 212204
24.00, 209138
24.10, 206272
24.19, 203057
24.28, 200271
24.38, 197578
24.48, 194955
24.58, 192188
24.68, 189851
24.78, 187528
24.88, 185296
24.97, 183249
25.07, 181356
25.17, 179554
25.26, 177845
25.35, 176198
25.45, 174609
25.53, 173041
25.61, 171515
25.69, 170021
25.78, 168534
25.86, 167172
25.94, 165556
26.03, 164209
26.13, 162990
26.23, 161798
26.33, 159770
26.43, 158750
26.53, 157888
26.62, 157162
26.72, 156436
26.81, 155525
26.88, 154486
26.98, 153781
27.08, 153104
27.18, 152490
27.28, 151876
27.38, 151429
27.47, 151003
27.57, 150349
27.67, 148528
27.76, 147605
27.84, 146614
27.93, 146195
28.01, 145876
28.12, 145613
28.21, 145387
28.31, 145169
28.41, 144955
28.51, 144757
28.59, 144589
28.68, 144438
28.77, 144319
28.85, 144250
28.93, 144218
29.01, 143322
29.09, 143294
29.17, 142981
29.35, 699143
29.43, 673043
29.52, 652489
29.60, 629669
29.68, 610369
29.78, 591660
29.87, 573984
29.97, 558159
30.07, 542921
30.17, 526919
30.26, 512297
30.34, 497937
30.43, 484097
30.52, 469661
30.62, 457380
30.71, 445728
30.81, 433884
30.90, 422379
30.99, 412350
31.07, 398531
31.16, 387722
31.26, 378087
31.35, 368490
31.45, 359461
31.56, 349996
31.65, 341356
31.74, 333090
31.83, 325370
31.91, 317932
32.00, 310382
32.08, 303231
32.17, 296293
32.25, 290383
32.33, 284132
32.42, 277277
32.50, 270687
32.58, 265417
32.67, 259179
32.75, 254066
32.84, 249226
32.91, 244620
33.00, 240159
33.08, 236112
33.16, 231657
33.24, 227781
33.33, 224019
33.41, 220468
33.50, 217193
33.59, 214278
33.67, 211248
33.76, 208378
33.84, 205652
33.92, 202976
34.02, 200439
34.11, 198068
34.20, 195715
34.28, 193364
34.36, 191066
34.45, 186178
34.53, 183882
34.61, 181723
34.69, 179574
34.77, 177433
34.85, 175564
34.93, 173995
35.00, 172519
35.09, 171081
35.17, 169683
35.25, 168321
35.33, 166785
35.41, 165134
35.49, 163925
35.57, 162743
35.65, 161602
35.74, 160119
35.82, 158981
35.90, 157912
35.98, 156905
36.06, 155967
36.14, 155043
36.22, 154194
36.30, 153362
36.38, 152436
36.46, 151653
36.54, 150665
36.62, 149471
36.70, 149026
36.78, 148668
36.86, 148340
36.94, 148041
37.02, 147796
37.10, 147280
37.18, 147066
37.26, 146882
37.35, 146705
37.43, 146561
37.51, 146472
37.59, 146393
37.67, 146354
37.75, 145649
