0.09, 699592
0.18, 671574
0.27, 649079
0.35, 624778
0.44, 604717
0.53, 585186
0.62, 565682
0.71, 547576
0.80, 530726
0.89, 512806
0.97, 495971
1.07, 481024
1.16, 467067
1.25, 453325
1.33, 439723
1.41, 427965
1.49, 417113
1.57, 406696
1.66, 395815
1.74, 384954
1.82, 375115
1.89, 365371
1.98, 356229
2.06, 347333
2.15, 338770
2.24, 330315
2.34, 322697
2.44, 314755
2.54, 306956
2.65, 299663
2.74, 292441
2.84, 285170
2.93, 278458
3.02, 272214
3.11, 265546
3.20, 260182
3.28, 255320
3.36, 250514
3.43, 246190
3.53, 241893
3.61, 237773
3.70, 233689
3.78, 229708
3.85, 225735
3.93, 220949
4.02, 217693
4.11, 213725
4.20, 210659
4.28, 208157
4.36, 205772
4.44, 202873
4.53, 200521
4.62, 197386
4.70, 194983
4.78, 192693
4.86, 190312
4.94, 188183
5.02, 186058
5.10, 184128
5.19, 182383
5.27, 180744
5.35, 179105
5.43, 177467
5.51, 175921
5.59, 174392
5.68, 172921
5.76, 171501
5.85, 170156
5.93, 168820
6.01, 167617
6.09, 166515
6.17, 165601
6.26, 164700
6.34, 163290
6.42, 162394
6.50, 161573
6.58, 160020
6.66, 159200
6.74, 158399
6.82, 157423
6.90, 156348
6.97, 155587
7.06, 154866
7.14, 154155
7.22, 153453
7.30, 150654
7.39, 149969
7.48, 149286
7.58, 148636
7.67, 148058
7.75, 147505
7.83, 146955
7.91, 146464
8.00, 146063
8.08, 145110
8.17, 144773
8.27, 144055
8.36, 143730
8.46, 143304
8.56, 142560
8.65, 142297
8.74, 142045
8.83, 141861
8.91, 141743
8.99, 141633
9.07, 141530
9.16, 141472
9.33, 728553
9.42, 700236
9.51, 678447
9.60, 657364
9.69, 637295
9.80, 619442
9.90, 602439
9.99, 586193
10.07, 570020
10.16, 554330
10.25, 538413
10.33, 523618
10.41, 510484
10.49, 498562
10.58, 486676
10.67, 474258
10.75, 462499
10.82, 450787
10.90, 439300
10.98, 427966
11.07, 416648
11.15, 405797
11.23, 393895
11.31, 384202
11.39, 374670
11.47, 365163
11.55, 356242
11.64, 346238
11.72, 337691
11.80, 329597
11.88, 321447
11.96, 313851
12.04, 307169
12.13, 300715
12.21, 294318
12.29, 287771
12.37, 282327
12.45, 276724
12.53, 271402
12.62, 265336
12.70, 260021
12.78, 253707
12.86, 248480
12.94, 243676
13.02, 239132
13.10, 234548
13.19, 230099
13.26, 226161
13.34, 222475
13.42, 218841
13.50, 216045
13.58, 213325
13.67, 209508
13.75, 206792
13.83, 204112
13.91, 201524
13.99, 199049
14.07, 196770
14.15, 194623
14.23, 192501
14.31, 190537
14.39, 188191
14.47, 186230
14.55, 184367
14.63, 181773
14.72, 179933
14.81, 178109
14.88, 176361
14.96, 174866
15.05, 173331
15.13, 171435
15.21, 169963
15.29, 168714
15.37, 167481
15.45, 166289
15.52, 165236
15.61, 164132
15.69, 163155
15.77, 162220
15.85, 161356
15.93, 160297
16.01, 159437
16.10, 158580
16.18, 157740
16.26, 156982
16.34, 156232
16.42, 155509
16.50, 154567
16.58, 153766
16.66, 153097
16.74, 152475
16.82, 151869
16.91, 151290
16.98, 150730
17.06, 150199
17.15, 149681
17.23, 149247
17.31, 148258
17.38, 146965
17.46, 146546
17.55, 146145
17.64, 145080
17.72, 144681
17.80, 144323
17.88, 144028
17.97, 143776
18.04, 143538
18.13, 143324
18.21, 143130
18.29, 142995
18.45, 637508
18.53, 612205
18.61, 588707
18.70, 565622
18.77, 547146
18.85, 529143
18.93, 512229
19.01, 493498
19.10, 476653
19.18, 463069
19.26, 450248
19.34, 437431
19.42, 425544
19.50, 414032
19.58, 402673
19.67, 392031
19.75, 381737
19.83, 371324
19.91, 361865
19.99, 352469
20.08, 343572
20.18, 335180
20.26, 327130
20.34, 319544
20.42, 312283
20.52, 305371
20.63, 298808
20.71, 292849
20.80, 285475
20.88, 279617
20.99, 273926
21.08, 268735
21.17, 262578
21.25, 257585
21.34, 253135
21.43, 248784
21.51, 244824
21.60, 240788
21.70, 236902
21.79, 232673
21.87, 228911
21.96, 225157
22.04, 221751
22.13, 218483
22.21, 215236
22.29, 212224
22.37, 209270
22.45, 206445
22.53, 203722
22.62, 201046
22.71, 198247
22.80, 195677
22.88, 193120
22.95, 190871
23.03, 188114
23.12, 185903
23.21, 183932
23.29, 181233
23.37, 179410
23.45, 177810
23.53, 175933
23.61, 174387
23.69, 172852
23.77, 171296
23.84, 168640
23.92, 167236
24.00, 165892
24.08, 163664
24.16, 162363
24.24, 161082
24.33, 159886
24.42, 158722
24.51, 157600
24.60, 156679
24.69, 155823
24.77, 154650
24.85, 153915
24.93, 153188
25.02, 152171
25.10, 151453
25.19, 150605
25.27, 149896
25.35, 149191
25.43, 148559
25.51, 147994
25.59, 147463
25.68, 146958
25.76, 146532
25.84, 145879
25.92, 144686
26.00, 144442
26.08, 144224
26.17, 144014
26.24, 143945
26.32, 143883
26.40, 142732
26.48, 142703
26.56, 142678
26.73, 734743
26.81, 702401
26.88, 676132
26.96, 651120
27.04, 628370
27.12, 607322
27.21, 585165
27.29, 563348
27.36, 544997
27.44, 528792
27.53, 512653
27.62, 498024
27.71, 483523
27.79, 469801
27.86, 456682
27.94, 442991
28.02, 431304
28.10, 419870
28.18, 409185
28.26, 398635
28.34, 388580
28.42, 378577
28.50, 368885
28.59, 359844
28.67, 349992
28.75, 340466
28.83, 331349
28.91, 322576
28.98, 313826
29.07, 306136
29.15, 298935
29.23, 292282
29.31, 285796
29.39, 280037
29.46, 273596
29.55, 267949
29.63, 262480
29.72, 257475
29.79, 252997
29.87, 248728
29.95, 244061
30.03, 239148
30.11, 234529
30.19, 230562
30.27, 226611
30.35, 222973
30.43, 219352
30.51, 215841
30.60, 212317
30.69, 208792
30.77, 205164
30.85, 202051
30.93, 198656
31.01, 195314
31.09, 192537
31.17, 189812
31.25, 187186
31.33, 184456
31.41, 181923
31.49, 179525
31.57, 177663
31.66, 175813
31.74, 174025
31.83, 172447
31.91, 170517
31.99, 169021
32.07, 165135
32.15, 163904
32.23, 162759
32.31, 161702
32.39, 160853
32.47, 160006
32.55, 159255
32.64, 157721
32.72, 156972
32.80, 156261
32.89, 155560
32.97, 154742
33.05, 154025
33.13, 153383
33.21, 152671
33.29, 152039
33.37, 151479
33.45, 150966
33.53, 150501
33.61, 149855
33.69, 149270
33.77, 148443
33.85, 148057
33.93, 147728
34.01, 147239
34.09, 146217
34.18, 145917
34.25, 145534
34.33, 145308
34.41, 145089
34.49, 143952
34.57, 143734
34.65, 143543
34.74, 143342
34.82, 142046
34.91, 141518
34.99, 141334
35.07, 141223
35.17, 140639
35.26, 140537
35.35, 140458
35.44, 140403
