0.09, 679150
0.18, 658480
0.27, 637953
0.36, 616191
0.44, 597305
0.53, 578921
0.63, 561973
0.74, 545693
0.84, 530460
0.96, 515560
1.08, 501853
1.19, 487874
1.31, 473053
1.41, 459495
1.52, 445949
1.62, 433725
1.72, 421545
1.81, 410402
1.90, 399280
2.00, 388650
2.11, 378022
2.21, 368213
2.32, 357748
2.42, 348249
2.60, 338422
2.72, 328711
2.82, 319246
2.92, 311854
3.01, 304989
3.11, 297510
3.21, 289395
3.32, 281821
3.43, 276543
3.53, 271451
3.64, 266575
3.75, 261836
3.86, 257526
3.96, 251814
4.06, 246955
4.16, 242840
4.25, 238033
4.34, 233951
4.44, 229963
4.53, 225766
4.62, 221642
4.70, 217683
4.78, 213990
4.87, 210630
4.95, 207108
5.04, 203809
5.12, 200674
5.20, 197987
5.29, 195311
5.38, 192591
5.46, 190136
5.54, 187710
5.63, 185368
5.72, 183090
5.81, 180033
5.91, 178212
6.01, 176411
6.11, 174720
6.21, 173089
6.31, 171482
6.41, 169923
6.50, 168367
6.60, 167013
6.69, 165796
6.79, 164638
6.88, 163487
6.97, 162357
7.05, 160944
7.13, 159781
7.21, 158706
7.30, 157649
7.39, 156669
7.47, 155773
7.56, 154986
7.65, 154208
7.74, 152689
7.83, 151915
7.91, 151006
7.99, 150259
8.08, 149514
8.16, 148779
8.24, 148083
8.33, 147430
8.42, 146785
8.51, 146232
8.60, 145735
8.68, 145422
8.76, 145121
8.84, 144454
8.92, 143160
9.00, 142647
9.09, 142359
9.17, 142107
9.26, 141869
9.36, 141651
9.45, 141450
9.54, 141266
9.63, 141082
9.72, 140954
9.88, 737137
9.97, 711015
10.05, 685732
10.13, 662641
10.22, 641390
10.30, 620557
10.39, 602854
10.48, 584132
10.56, 566960
10.64, 549823
10.72, 535441
10.80, 521429
10.89, 507690
10.97, 493670
11.05, 480425
11.13, 466919
11.21, 454847
11.29, 442701
11.37, 430653
11.45, 417301
11.53, 405651
11.62, 394537
11.70, 384009
11.79, 373844
11.87, 363846
11.96, 354093
12.04, 344890
12.13, 335769
12.21, 327399
12.31, 319521
12.39, 310908
12.47, 303172
12.56, 295649
12.64, 289282
12.72, 283042
12.80, 277074
12.88, 271062
12.97, 265585
13.05, 260230
13.13, 255105
13.21, 250091
13.29, 245367
13.38, 241001
13.46, 236973
13.55, 232998
13.63, 229031
13.71, 225628
13.79, 222310
13.87, 219247
13.96, 216381
14.04, 213618
14.13, 210826
14.21, 206981
14.30, 204238
14.38, 201534
14.47, 198378
14.57, 195745
14.67, 193156
14.77, 190737
14.86, 188743
14.95, 186815
15.05, 185053
15.14, 183297
15.22, 181583
15.30, 178852
15.39, 177314
15.47, 175814
15.56, 172613
15.64, 171224
15.72, 169390
15.81, 168106
15.90, 166959
16.00, 165874
16.09, 164130
16.17, 162235
16.25, 160967
16.34, 159887
16.42, 158832
16.50, 157888
16.59, 157063
16.67, 156269
16.75, 154757
16.84, 154030
16.92, 153319
17.01, 152640
17.09, 152001
17.16, 151387
17.25, 150812
17.32, 150298
17.41, 149836
17.49, 149375
17.58, 148676
17.66, 148068
17.74, 147634
17.82, 147319
17.91, 146726
18.00, 146413
18.09, 146101
18.17, 145891
18.26, 145592
18.34, 145168
18.42, 144973
18.50, 144615
18.60, 144429
18.69, 142003
18.78, 141819
18.87, 141670
18.96, 141233
19.04, 140486
19.13, 140121
19.21, 138403
19.30, 138261
19.38, 137538
19.47, 137483
19.66, 727273
19.75, 701690
19.83, 678792
19.92, 658336
20.01, 639113
20.10, 620144
20.19, 602311
20.27, 587326
20.35, 572858
20.43, 558287
20.51, 544121
20.61, 527894
20.70, 513038
20.78, 498675
20.87, 485715
20.95, 473380
21.04, 460658
21.13, 448341
21.22, 435856
21.30, 423877
21.40, 412615
21.48, 402262
21.56, 392038
21.65, 381915
21.73, 371970
21.81, 362436
21.89, 353495
21.97, 344561
22.05, 335872
22.14, 327796
22.22, 319934
22.30, 312228
22.39, 304535
22.47, 296717
22.56, 287613
22.64, 280606
22.72, 274866
22.80, 269302
22.88, 264226
22.97, 259242
23.05, 254201
23.13, 249401
23.22, 244669
23.30, 240230
23.38, 236078
23.46, 231930
23.55, 228159
23.63, 224558
23.71, 219780
23.79, 216435
23.87, 212573
23.95, 209279
24.04, 205784
24.12, 202992
24.20, 200398
24.29, 197939
24.37, 196097
24.45, 194176
24.54, 192152
24.62, 190324
24.71, 188526
24.78, 186760
24.87, 185098
24.95, 182435
25.04, 180405
25.12, 178813
25.21, 177277
25.29, 175766
25.37, 174297
25.45, 172464
25.54, 171026
25.62, 168765
25.70, 167336
25.78, 166044
25.86, 164301
25.95, 163009
26.03, 161699
26.12, 160562
26.20, 159522
26.28, 158512
26.37, 157614
26.46, 156741
26.54, 155903
26.62, 155076
26.70, 154331
26.78, 153682
26.86, 153103
26.95, 152541
27.03, 152035
27.11, 151532
27.19, 151067
27.27, 150603
27.35, 150096
27.43, 149600
27.52, 149218
27.60, 148819
27.68, 148509
27.76, 148265
27.84, 148039
27.92, 147825
28.00, 147617
28.09, 147433
28.17, 147257
28.25, 146074
28.33, 145478
28.41, 145214
28.49, 145086
28.58, 145066
28.65, 144370
28.73, 144289
28.89, 701296
28.97, 676506
29.06, 651896
29.15, 629062
29.23, 607703
29.31, 587577
29.39, 565085
29.47, 547442
29.55, 529031
29.64, 512611
29.72, 496529
29.80, 480932
29.89, 466728
29.97, 454701
30.05, 440573
30.13, 428815
30.21, 417487
30.29, 406399
30.37, 394956
30.45, 383866
30.54, 373599
30.62, 364442
30.71, 355451
30.79, 346904
30.87, 338679
30.95, 329619
31.03, 322193
31.11, 314775
31.19, 307553
31.27, 300611
31.35, 293728
31.43, 287428
31.51, 281185
31.59, 275048
31.68, 269061
31.76, 264093
31.86, 259170
31.95, 254645
32.03, 250367
32.12, 246429
32.19, 242597
32.27, 237707
32.37, 233326
32.46, 229232
32.54, 225625
32.62, 222684
32.70, 218949
32.79, 215650
32.87, 212691
32.95, 209735
33.03, 206789
33.12, 203930
33.19, 201160
33.28, 198476
33.36, 195984
33.44, 193564
33.52, 191095
33.60, 188691
33.69, 186558
33.77, 184477
33.85, 182560
33.94, 180402
34.03, 178529
34.11, 176675
34.19, 174921
34.27, 173201
34.35, 170668
34.44, 169056
34.52, 167446
34.61, 165453
34.69, 163854
34.77, 161200
34.85, 159890
34.94, 158594
35.02, 157405
35.10, 155523
35.18, 154384
35.26, 153259
35.34, 152287
35.43, 151382
35.51, 150439
35.59, 149510
35.67, 148654
35.75, 147900
35.83, 147202
35.92, 146547
36.00, 145756
36.09, 145131
36.19, 144576
36.28, 144109
36.38, 143644
36.49, 143196
36.60, 142763
36.71, 142446
36.82, 142210
36.94, 141933
37.05, 141698
37.15, 141472
37.25, 141254
37.35, 141082
37.46, 140952
37.56, 140849
37.67, 140799
